Log file open, 01/28/19 14:57:40
LogWindows: Failed to load 'aqProf.dll' (GetLastError=126)
LogWindows: File 'aqProf.dll' does not exist
LogWindows: Failed to load 'VtuneApi.dll' (GetLastError=126)
LogWindows: File 'VtuneApi.dll' does not exist
LogWindows: Failed to load 'VtuneApi32e.dll' (GetLastError=126)
LogWindows: File 'VtuneApi32e.dll' does not exist
LogInit: Display: Running engine for game: Dinochan_v001
LogPlatformFile: Not using cached read wrapper
LogTaskGraph: Started task graph with 5 named threads and 14 total threads with 3 sets of task threads.
LogStats: Stats thread started at 3.120891
LogD3D11RHI: Loaded GFSDK_Aftermath_Lib.x64.dll
LogICUInternationalization: Display: ICU TimeZone Detection - Raw Offset: -5:00, Platform Override: ''
LogPluginManager: Mounting plugin Paper2D
LogPluginManager: Mounting plugin AISupport
LogPluginManager: Mounting plugin LightPropagationVolume
LogPluginManager: Mounting plugin CLionSourceCodeAccess
LogPluginManager: Mounting plugin CodeLiteSourceCodeAccess
LogPluginManager: Mounting plugin GitSourceControl
LogPluginManager: Mounting plugin KDevelopSourceCodeAccess
LogPluginManager: Mounting plugin NullSourceCodeAccess
LogPluginManager: Mounting plugin PerforceSourceControl
LogPluginManager: Mounting plugin SubversionSourceControl
LogPluginManager: Mounting plugin UObjectPlugin
LogPluginManager: Mounting plugin VisualStudioCodeSourceCodeAccess
LogPluginManager: Mounting plugin VisualStudioSourceCodeAccess
LogPluginManager: Mounting plugin XCodeSourceCodeAccess
LogPluginManager: Mounting plugin AssetManagerEditor
LogPluginManager: Mounting plugin CryptoKeys
LogPluginManager: Mounting plugin DataValidation
LogPluginManager: Mounting plugin FacialAnimation
LogPluginManager: Mounting plugin GameplayTagsEditor
LogPluginManager: Mounting plugin MacGraphicsSwitching
LogPluginManager: Mounting plugin MeshEditor
LogPluginManager: Mounting plugin MobileLauncherProfileWizard
LogPluginManager: Mounting plugin PluginBrowser
LogPluginManager: Mounting plugin SpeedTreeImporter
LogPluginManager: Mounting plugin DatasmithContent
LogPluginManager: Mounting plugin AlembicImporter
LogPluginManager: Mounting plugin AppleImageUtils
LogPluginManager: Mounting plugin AppleVision
LogPluginManager: Mounting plugin BackChannel
LogPluginManager: Mounting plugin CharacterAI
LogPluginManager: Mounting plugin GeometryCache
LogPluginManager: Mounting plugin HTML5Networking
LogPluginManager: Mounting plugin ProxyLODPlugin
LogPluginManager: Mounting plugin MagicLeap
LogPluginManager: Mounting plugin MagicLeapEmulator
LogPluginManager: Mounting plugin MagicLeapMedia
LogPluginManager: Mounting plugin AndroidMedia
LogPluginManager: Mounting plugin AvfMedia
LogPluginManager: Mounting plugin ImgMedia
LogPluginManager: Mounting plugin LinearTimecode
LogPluginManager: Mounting plugin MediaCompositing
LogPluginManager: Mounting plugin MediaPlayerEditor
LogPluginManager: Mounting plugin WmfMedia
LogPluginManager: Mounting plugin TcpMessaging
LogPluginManager: Mounting plugin UdpMessaging
LogPluginManager: Mounting plugin ActorSequence
LogPluginManager: Mounting plugin LevelSequenceEditor
LogPluginManager: Mounting plugin MatineeToLevelSequence
LogPluginManager: Mounting plugin NetcodeUnitTest
LogPluginManager: Mounting plugin NUTUnrealEngine4
LogPluginManager: Mounting plugin OnlineSubsystemGooglePlay
LogPluginManager: Mounting plugin OnlineSubsystemIOS
LogPluginManager: Mounting plugin OnlineSubsystem
LogPluginManager: Mounting plugin OnlineSubsystemNull
LogPluginManager: Mounting plugin OnlineSubsystemUtils
LogPluginManager: Mounting plugin LauncherChunkInstaller
LogPluginManager: Mounting plugin AndroidDeviceProfileSelector
LogPluginManager: Mounting plugin AndroidMoviePlayer
LogPluginManager: Mounting plugin AndroidPermission
LogPluginManager: Mounting plugin AppleMoviePlayer
LogPluginManager: Mounting plugin ArchVisCharacter
LogPluginManager: Mounting plugin AudioCapture
LogPluginManager: Mounting plugin CableComponent
LogPluginManager: Mounting plugin CustomMeshComponent
LogPluginManager: Mounting plugin EditableMesh
LogPluginManager: Mounting plugin ExampleDeviceProfileSelector
LogPluginManager: Mounting plugin GoogleCloudMessaging
LogPluginManager: Mounting plugin ImmediatePhysics
LogPluginManager: Mounting plugin IOSDeviceProfileSelector
LogPluginManager: Mounting plugin LinuxDeviceProfileSelector
LogPluginManager: Mounting plugin LocationServicesBPLibrary
LogPluginManager: Mounting plugin MobilePatchingUtils
LogPluginManager: Mounting plugin OculusVR
LogPluginManager: Plugin shader directory ../../../Engine/Plugins/Runtime/Oculus/OculusVR/Shaders found
LogPluginManager: Mapping shader source directory ../../../Engine/Plugins/Runtime/Oculus/OculusVR/Shaders to virtual directory /Plugin/OculusVR
LogPluginManager: Mounting plugin PhysXVehicles
LogPluginManager: Mounting plugin ProceduralMeshComponent
LogPluginManager: Mounting plugin RuntimePhysXCooking
LogPluginManager: Mounting plugin SteamVR
LogPluginManager: Mounting plugin WindowsMoviePlayer
LogStreaming: Display: Took  0.409s to configure plugins.
LogInit: Using libcurl 7.55.1-DEV
LogInit:  - built for x86_64-pc-win32
LogInit:  - supports SSL with OpenSSL/1.0.2h
LogInit:  - supports HTTP deflate (compression) using libz 1.2.8
LogInit:  - other features:
LogInit:      CURL_VERSION_SSL
LogInit:      CURL_VERSION_LIBZ
LogInit:      CURL_VERSION_IPV6
LogInit:      CURL_VERSION_ASYNCHDNS
LogInit:      CURL_VERSION_LARGEFILE
LogInit:      CURL_VERSION_IDN
LogInit:  CurlRequestOptions (configurable via config and command line):
LogInit:  - bVerifyPeer = false  - Libcurl will NOT verify peer certificate
LogInit:  - bUseHttpProxy = false  - Libcurl will NOT use HTTP proxy
LogInit:  - bDontReuseConnections = false  - Libcurl will reuse connections
LogInit:  - CertBundlePath = nullptr  - Libcurl will use whatever was configured at build time.
LogInit:  - MaxHostConnections = 16  - Libcurl will limit the number of connections to a host
LogInit:  - LocalHostAddr = Default
LogInit:  - BufferSize = 65536
LogInit: WinSock: version 1.1 (2.2), MaxSocks=32767, MaxUdp=65467
LogInit: Build: ++UE4+Release-4.20-CL-4369336
LogInit: Engine Version: 4.20.3-4369336+++UE4+Release-4.20
LogInit: Compatible Engine Version: 4.20.0-4212847+++UE4+Release-4.20
LogInit: Net CL: 4212847
LogInit: OS: Windows 10 (), CPU: Intel(R) Core(TM) i5-4670K CPU @ 3.40GHz, GPU: NVIDIA GeForce GTX 760
LogInit: Compiled (64-bit): Sep 17 2018 12:26:19
LogInit: Compiled with Visual C++: 19.13.26129.00
LogInit: Build Configuration: Development
LogInit: Branch Name: ++UE4+Release-4.20
LogInit: Command Line:  
LogInit: Base Directory: C:/Program Files/Epic Games/UE_4.20/Engine/Binaries/Win64/
LogInit: Installed Engine Build: 1
LogDevObjectVersion: Number of dev versions registered: 20
LogDevObjectVersion:   Dev-Blueprints (B0D832E4-1F89-4F0D-ACCF-7EB736FD4AA2): 10
LogDevObjectVersion:   Dev-Build (E1C64328-A22C-4D53-A36C-8E866417BD8C): 0
LogDevObjectVersion:   Dev-Core (375EC13C-06E4-48FB-B500-84F0262A717E): 2
LogDevObjectVersion:   Dev-Editor (E4B068ED-F494-42E9-A231-DA0B2E46BB41): 24
LogDevObjectVersion:   Dev-Framework (CFFC743F-43B0-4480-9391-14DF171D2073): 34
LogDevObjectVersion:   Dev-Mobile (B02B49B5-BB20-44E9-A304-32B752E40360): 2
LogDevObjectVersion:   Dev-Networking (A4E4105C-59A1-49B5-A7C5-40C4547EDFEE): 0
LogDevObjectVersion:   Dev-Online (39C831C9-5AE6-47DC-9A44-9C173E1C8E7C): 0
LogDevObjectVersion:   Dev-Physics (78F01B33-EBEA-4F98-B9B4-84EACCB95AA2): 0
LogDevObjectVersion:   Dev-Platform (6631380F-2D4D-43E0-8009-CF276956A95A): 0
LogDevObjectVersion:   Dev-Rendering (12F88B9F-8875-4AFC-A67C-D90C383ABD29): 26
LogDevObjectVersion:   Dev-Sequencer (7B5AE74C-D270-4C10-A958-57980B212A5A): 9
LogDevObjectVersion:   Dev-VR (D7296918-1DD6-4BDD-9DE2-64A83CC13884): 2
LogDevObjectVersion:   Dev-LoadTimes (C2A15278-BFE7-4AFE-6C17-90FF531DF755): 1
LogDevObjectVersion:   Private-Geometry (6EACA3D4-40EC-4CC1-B786-8BED09428FC5): 3
LogDevObjectVersion:   Dev-AnimPhys (29E575DD-E0A3-4627-9D10-D276232CDCEA): 17
LogDevObjectVersion:   Dev-ReflectionCapture (6B266CEC-1EC7-4B8F-A30B-E4D90942FC07): 1
LogDevObjectVersion:   Dev-Automation (0DF73D61-A23F-47EA-B727-89E90C41499A): 1
LogDevObjectVersion:   FortniteMain (601D1886-AC64-4F84-AA16-D3DE0DEAC7D6): 12
LogDevObjectVersion:   Dev-Enterprise (9DFFBCD6-494F-0158-E221-12823C92A888): 1
LogStreaming: Display: Took  0.004s to delete old logs.
LogInit: Presizing for max 8388607 objects, including 0 objects not considered by GC, pre-allocating 0 bytes for permanent pool.
LogInit: Object subsystem initialized
[2019.01.28-19.57.42:056][  0]LogInit: Selected Device Profile: [Windows]
[2019.01.28-19.57.42:056][  0]LogInit: Applying CVar settings loaded from the selected device profile: [Windows]
[2019.01.28-19.57.42:107][  0]LogHAL: Display: Platform has ~ 16 GB [17121071104 / 17179869184 / 16], which maps to Larger [LargestMinGB=32, LargerMinGB=12, DefaultMinGB=8, SmallerMinGB=6, SmallestMinGB=0)
[2019.01.28-19.57.42:118][  0]LogInit: Setting Device Profile CVar: [[r.Vulkan.UseRealUBs:1]]
[2019.01.28-19.57.42:119][  0]LogInit: Going up to parent DeviceProfile []
[2019.01.28-19.57.42:169][  0]LogInit: Computer: BIGTOTE
[2019.01.28-19.57.42:169][  0]LogInit: User: Aislynn
[2019.01.28-19.57.42:169][  0]LogInit: CPU Page size=4096, Cores=4
[2019.01.28-19.57.42:169][  0]LogInit: High frequency timer resolution =3.320312 MHz
[2019.01.28-19.57.42:170][  0]LogMemory: Memory total: Physical=15.9GB (16GB approx)
[2019.01.28-19.57.42:170][  0]LogMemory: Platform Memory Stats for Windows
[2019.01.28-19.57.42:170][  0]LogMemory: Process Physical Memory: 100.79 MB used, 100.79 MB peak
[2019.01.28-19.57.42:170][  0]LogMemory: Process Virtual Memory: 84.24 MB used, 84.24 MB peak
[2019.01.28-19.57.42:170][  0]LogMemory: Physical Memory: 9160.66 MB used,  7167.26 MB free, 16327.93 MB total
[2019.01.28-19.57.42:170][  0]LogMemory: Virtual Memory: 4620.82 MB used,  7167.26 MB free, 134217728.00 MB total
[2019.01.28-19.57.43:047][  0]LogInit: Using OS detected language (en-US).
[2019.01.28-19.57.43:048][  0]LogInit: Using OS detected locale (en-US).
[2019.01.28-19.57.43:083][  0]LogTextLocalizationManager: No specific localization for 'en-US' exists, so the 'en' localization will be used.
[2019.01.28-19.57.43:681][  0]LogStreaming: Display: Took  0.617s to InitEngineTextLocalization.
[2019.01.28-19.57.43:698][  0]LogInit: Setting process to per monitor DPI aware
[2019.01.28-19.57.44:604][  0]LogSlate: New Slate User Created.  User Index 0, Is Virtual User: 0
[2019.01.28-19.57.44:604][  0]LogSlate: Slate User Registered.  User Index 0, Is Virtual User: 0
[2019.01.28-19.57.51:410][  0]LogHMD: Failed to initialize OpenVR with code 105
[2019.01.28-19.57.51:410][  0]LogD3D11RHI: D3D11 adapters:
[2019.01.28-19.57.51:510][  0]LogD3D11RHI:    0. 'NVIDIA GeForce GTX 760' (Feature Level 11_0)
[2019.01.28-19.57.51:510][  0]LogD3D11RHI:       2007/0/8163 MB DedicatedVideo/DedicatedSystem/SharedSystem, Outputs:2, VendorId:0x10de
[2019.01.28-19.57.51:536][  0]LogD3D11RHI:    1. 'Microsoft Basic Render Driver' (Feature Level 11_0)
[2019.01.28-19.57.51:536][  0]LogD3D11RHI:       0/0/8163 MB DedicatedVideo/DedicatedSystem/SharedSystem, Outputs:0, VendorId:0x1414
[2019.01.28-19.57.51:536][  0]LogD3D11RHI: Chosen D3D11 Adapter: 0
[2019.01.28-19.57.51:571][  0]LogD3D11RHI: Creating new Direct3DDevice
[2019.01.28-19.57.51:572][  0]LogD3D11RHI:     GPU DeviceId: 0x1187 (for the marketing name, search the web for "GPU Device Id")
[2019.01.28-19.57.51:584][  0]LogWindows: EnumDisplayDevices:
[2019.01.28-19.57.51:584][  0]LogWindows:    0. 'NVIDIA GeForce GTX 760' (P:1 D:1)
[2019.01.28-19.57.51:585][  0]LogWindows:    1. 'NVIDIA GeForce GTX 760' (P:0 D:1)
[2019.01.28-19.57.51:586][  0]LogWindows:    2. 'NVIDIA GeForce GTX 760' (P:0 D:0)
[2019.01.28-19.57.51:587][  0]LogWindows:    3. 'NVIDIA GeForce GTX 760' (P:0 D:0)
[2019.01.28-19.57.51:588][  0]LogWindows: DebugString: FoundDriverCount:4 
[2019.01.28-19.57.51:588][  0]LogD3D11RHI:     Adapter Name: NVIDIA GeForce GTX 760
[2019.01.28-19.57.51:588][  0]LogD3D11RHI:   Driver Version: 417.35 (internal:25.21.14.1735, unified:417.35)
[2019.01.28-19.57.51:588][  0]LogD3D11RHI:      Driver Date: 12-11-2018
[2019.01.28-19.57.51:588][  0]LogRHI: Texture pool is 1404 MB (70% of 2007 MB)
[2019.01.28-19.57.51:667][  0]LogD3D11RHI: Async texture creation enabled
[2019.01.28-19.57.51:874][  0]LogD3D11RHI: GPU Timing Frequency: 1000.000000 (Debug: 2 2)
[2019.01.28-19.57.51:950][  0]LogShaderCompilers: Guid format shader working directory is -21 characters bigger than the processId version (E:/Documents/Capstone/TAD_Repository/Dinochan/Dinochan_v001_UE4.20.3/Intermediate/Shaders/WorkingDirectory/51964/).
[2019.01.28-19.57.51:950][  0]LogShaderCompilers: Cleaned the shader compiler working directory 'C:/Users/Aislynn/AppData/Local/Temp/UnrealShaderWorkingDir/3B524BB34244896F6D1B1C9857329668/'.
[2019.01.28-19.57.53:617][  0]LogTemp: Display: Loaded TP AllDesktopTargetPlatform
[2019.01.28-19.57.53:647][  0]LogTemp: Display: Loaded TP MacClientTargetPlatform
[2019.01.28-19.57.53:672][  0]LogTemp: Display: Loaded TP MacNoEditorTargetPlatform
[2019.01.28-19.57.53:696][  0]LogTemp: Display: Loaded TP MacServerTargetPlatform
[2019.01.28-19.57.53:731][  0]LogTemp: Display: Loaded TP MacTargetPlatform
[2019.01.28-19.57.53:771][  0]LogTemp: Display: Loaded TP WindowsClientTargetPlatform
[2019.01.28-19.57.53:804][  0]LogTemp: Display: Loaded TP WindowsNoEditorTargetPlatform
[2019.01.28-19.57.53:822][  0]LogTemp: Display: Loaded TP WindowsServerTargetPlatform
[2019.01.28-19.57.53:842][  0]LogTemp: Display: Loaded TP WindowsTargetPlatform
[2019.01.28-19.57.53:970][  0]LogTemp: Display: Loaded TP AndroidTargetPlatform
[2019.01.28-19.57.53:970][  0]LogTemp: Display: Loaded TP AndroidTargetPlatform
[2019.01.28-19.57.53:970][  0]LogTemp: Display: Loaded TP AndroidTargetPlatform
[2019.01.28-19.57.53:970][  0]LogTemp: Display: Loaded TP AndroidTargetPlatform
[2019.01.28-19.57.53:970][  0]LogTemp: Display: Loaded TP AndroidTargetPlatform
[2019.01.28-19.57.53:970][  0]LogTemp: Display: Loaded TP AndroidTargetPlatform
[2019.01.28-19.57.53:970][  0]LogTemp: Display: Loaded TP AndroidTargetPlatform
[2019.01.28-19.57.53:970][  0]LogTemp: Display: Loaded TP AndroidTargetPlatform
[2019.01.28-19.57.53:970][  0]LogTemp: Display: Loaded TP AndroidTargetPlatform
[2019.01.28-19.57.53:970][  0]LogTemp: Display: Loaded TP AndroidTargetPlatform
[2019.01.28-19.57.53:970][  0]LogTemp: Display: Loaded TP AndroidTargetPlatform
[2019.01.28-19.57.53:970][  0]LogTemp: Display: Loaded TP AndroidTargetPlatform
[2019.01.28-19.57.53:970][  0]LogTemp: Display: Loaded TP AndroidTargetPlatform
[2019.01.28-19.57.53:970][  0]LogTemp: Display: Loaded TP AndroidTargetPlatform
[2019.01.28-19.57.53:970][  0]LogTemp: Display: Loaded TP AndroidTargetPlatform
[2019.01.28-19.57.53:970][  0]LogTemp: Display: Loaded TP AndroidTargetPlatform
[2019.01.28-19.57.53:970][  0]LogTemp: Display: Loaded TP AndroidTargetPlatform
[2019.01.28-19.57.53:970][  0]LogTemp: Display: Loaded TP AndroidTargetPlatform
[2019.01.28-19.57.54:002][  0]LogTemp: Display: Loaded TP HTML5TargetPlatform
[2019.01.28-19.57.54:113][  0]LogTemp: Display: Loaded TP IOSTargetPlatform
[2019.01.28-19.57.54:113][  0]LogTemp: Display: Loaded TP IOSTargetPlatform
[2019.01.28-19.57.54:154][  0]LogTemp: Display: Loaded TP TVOSTargetPlatform
[2019.01.28-19.57.54:154][  0]LogTemp: Display: Loaded TP TVOSTargetPlatform
[2019.01.28-19.57.54:166][  0]LogTemp: Display: Loaded TP LinuxClientTargetPlatform
[2019.01.28-19.57.54:195][  0]LogTemp: Display: Loaded TP LinuxNoEditorTargetPlatform
[2019.01.28-19.57.54:216][  0]LogTemp: Display: Loaded TP LinuxServerTargetPlatform
[2019.01.28-19.57.54:261][  0]LogTemp: Display: Loaded TP LinuxTargetPlatform
[2019.01.28-19.57.54:282][  0]LogTemp: Display: Loaded TP LuminTargetPlatform
[2019.01.28-19.57.54:282][  0]LogTargetPlatformManager: Display: Building Assets For Windows
[2019.01.28-19.57.54:838][  0]LogXGEController: Cleaning working directory: C:/Users/Aislynn/AppData/Local/Temp/UnrealXGEWorkingDir/
[2019.01.28-19.57.54:839][  0]LogXGEController: Cannot use XGE Controller as Incredibuild is not installed on this machine.
[2019.01.28-19.57.54:839][  0]LogShaderCompilers: Cannot use XGE Shader Compiler as Incredibuild is not installed on this machine.
[2019.01.28-19.57.54:839][  0]LogShaderCompilers: Display: Using Local Shader Compiler.
[2019.01.28-19.58.00:567][  0]LogDerivedDataCache: Display: Max Cache Size: 512 MB
[2019.01.28-19.58.01:371][  0]LogDerivedDataCache: Loaded boot cache 0.80s 71MB C:/Users/Aislynn/AppData/Local/UnrealEngine/4.20/DerivedDataCache/Boot.ddc.
[2019.01.28-19.58.01:371][  0]LogDerivedDataCache: Display: Loaded Boot cache: C:/Users/Aislynn/AppData/Local/UnrealEngine/4.20/DerivedDataCache/Boot.ddc
[2019.01.28-19.58.01:371][  0]LogDerivedDataCache: FDerivedDataBackendGraph:  Pak pak cache file E:/Documents/Capstone/TAD_Repository/Dinochan/Dinochan_v001_UE4.20.3/DerivedDataCache/DDC.ddp not found, will not use a pak cache.
[2019.01.28-19.58.01:371][  0]LogDerivedDataCache: Unable to find inner node Pak for hierarchical cache Hierarchy.
[2019.01.28-19.58.01:371][  0]LogDerivedDataCache: FDerivedDataBackendGraph:  CompressedPak pak cache file E:/Documents/Capstone/TAD_Repository/Dinochan/Dinochan_v001_UE4.20.3/DerivedDataCache/Compressed.ddp not found, will not use a pak cache.
[2019.01.28-19.58.01:371][  0]LogDerivedDataCache: Unable to find inner node CompressedPak for hierarchical cache Hierarchy.
[2019.01.28-19.58.01:422][  0]LogDerivedDataCache: Display: Pak cache opened for reading ../../../Engine/DerivedDataCache/Compressed.ddp.
[2019.01.28-19.58.01:436][  0]LogDerivedDataCache: Using Local data cache path C:/Users/Aislynn/AppData/Local/UnrealEngine/Common/DerivedDataCache: Writable
[2019.01.28-19.58.01:436][  0]LogDerivedDataCache: Shared data cache path not found in *engine.ini, will not use an Shared cache.
[2019.01.28-19.58.01:436][  0]LogDerivedDataCache: Unable to find inner node Shared for hierarchical cache Hierarchy.
[2019.01.28-19.58.01:505][  0]LogMaterial: Verifying Global Shaders for PCD3D_SM5
[2019.01.28-19.58.01:548][  0]LogSlate: Using FreeType 2.6.0
[2019.01.28-19.58.01:602][  0]LogSlate: SlateFontServices - WITH_FREETYPE: 1, WITH_HARFBUZZ: 1
[2019.01.28-19.58.03:512][  0]LogAssetRegistry: FAssetRegistry took 0.0341 seconds to start up
[2019.01.28-19.58.07:057][  0]LogInit: Selected Device Profile: [Windows]
[2019.01.28-19.58.09:444][  0]LogSimplygon: Simplygon DLL not present - disabling.
[2019.01.28-19.58.09:712][  0]LogMeshReduction: Using SimplygonSwarm for distributed automatic mesh merging
[2019.01.28-19.58.09:712][  0]LogMeshReduction: Using ProxyLODMeshReduction for automatic mesh merging
[2019.01.28-19.58.09:713][  0]LogMeshReduction: Using QuadricMeshReduction for automatic static mesh reduction
[2019.01.28-19.58.09:713][  0]LogMeshReduction: No automatic skeletal mesh reduction module available
[2019.01.28-19.58.10:615][  0]LogNetVersion: Dinochan_v001 1.0.0, NetCL: 4212847, EngineNetVer: 5, GameNetVer: 0 (Checksum: 2574802920)
[2019.01.28-19.58.16:324][  0]LogPackageLocalizationCache: Processed 11 localized package path(s) for 2 prioritized culture(s) in 0.147805 seconds
[2019.01.28-19.58.16:467][  0]LogUObjectArray: 38425 objects as part of root set at end of initial load.
[2019.01.28-19.58.16:467][  0]LogUObjectAllocator: 6690872 out of 0 bytes used by permanent object pool.
[2019.01.28-19.58.16:467][  0]LogUObjectArray: CloseDisregardForGC: 0/0 objects in disregard for GC pool
[2019.01.28-19.58.38:868][  0]LogTcpMessaging: Initializing TcpMessaging bridge
[2019.01.28-19.58.38:897][  0]LogUdpMessaging: Initializing bridge on interface 0.0.0.0:0 to multicast group 230.0.0.1:6666.
[2019.01.28-19.58.40:133][  0]SourceControl: Source control is disabled
[2019.01.28-19.58.40:133][  0]SourceControl: Source control is disabled
[2019.01.28-19.58.40:176][  0]SourceControl: Source control is disabled
[2019.01.28-19.58.40:188][  0]SourceControl: Source control is disabled
[2019.01.28-19.58.41:556][  0]LogAndroidPermission: UAndroidPermissionCallbackProxy::GetInstance
[2019.01.28-19.58.41:818][  0]LogOcInput: OculusInput pre-init called
[2019.01.28-19.58.42:838][  0]LogEngine: Initializing Engine...
[2019.01.28-19.58.42:894][  0]LogHMD: Failed to initialize OpenVR with code 105
[2019.01.28-19.58.42:936][  0]LogStats: UGameplayTagsManager::ConstructGameplayTagTree: ImportINI prefixes -  0.000 s
[2019.01.28-19.58.42:936][  0]LogStats: UGameplayTagsManager::ConstructGameplayTagTree: Construct from data asset -  0.000 s
[2019.01.28-19.58.42:937][  0]LogStats: UGameplayTagsManager::ConstructGameplayTagTree: ImportINI -  0.000 s
[2019.01.28-19.58.42:937][  0]LogStats: UGameplayTagsManager::ConstructGameplayTagTree: GameplayTagTreeChangedEvent.Broadcast -  0.000 s
[2019.01.28-19.58.43:934][  0]LogInit: Initializing FReadOnlyCVARCache
[2019.01.28-19.58.44:412][  0]LogAIModule: Creating AISystem for world Untitled
[2019.01.28-19.58.44:736][  0]LogInit: XAudio2 using 'Speakers (USB Audio Device)' : 2 channels at 48 kHz using 16 bits per sample (channel mask 0x3)
[2019.01.28-19.58.44:937][  0]LogInit: FAudioDevice initialized.
[2019.01.28-19.58.44:955][  0]LogNetVersion: Set ProjectVersion to 1.0.0.0. Version Checksum will be recalculated on next use.
[2019.01.28-19.58.45:094][  0]LogDerivedDataCache: Saved boot cache 0.14s 71MB C:/Users/Aislynn/AppData/Local/UnrealEngine/4.20/DerivedDataCache/Boot.ddc.
[2019.01.28-19.58.45:108][  0]LogInit: Texture streaming: Enabled
[2019.01.28-19.58.45:346][  0]LogEngineSessionManager: EngineSessionManager initialized
[2019.01.28-19.58.45:522][  0]LogInit: Transaction tracking system initialized
[2019.01.28-19.58.45:806][  0]BlueprintLog: New page: Editor Load
[2019.01.28-19.58.46:734][  0]LocalizationService: Localization service is disabled
[2019.01.28-19.58.51:717][  0]LogFileCache: Scanning file cache for directory 'E:/Documents/Capstone/TAD_Repository/Dinochan/Dinochan_v001_UE4.20.3/Content/' took 0.05s
[2019.01.28-19.58.51:717][  0]LogCook: Display: Max memory allowance for cook 16384mb min free memory 0mb
[2019.01.28-19.58.51:718][  0]LogCook: Display: Mobile HDR setting 1
[2019.01.28-19.58.51:744][  0]LogGameplayTags: Display: UGameplayTagsManager::DoneAddingNativeTags. DelegateIsBound: 0
[2019.01.28-19.58.51:745][  0]LogStats: UGameplayTagsManager::ConstructGameplayTagTree: ImportINI prefixes -  0.000 s
[2019.01.28-19.58.51:745][  0]LogStats: UGameplayTagsManager::ConstructGameplayTagTree: Construct from data asset -  0.000 s
[2019.01.28-19.58.51:745][  0]LogStats: UGameplayTagsManager::ConstructGameplayTagTree: ImportINI -  0.000 s
[2019.01.28-19.58.51:745][  0]LogStats: UGameplayTagsManager::ConstructGameplayTagTree: GameplayTagTreeChangedEvent.Broadcast -  0.000 s
[2019.01.28-19.58.54:516][  0]SourceControl: Source control is disabled
[2019.01.28-19.58.54:537][  0]Cmd: MAP LOAD FILE="E:/Documents/Capstone/TAD_Repository/Dinochan/Dinochan_v001_UE4.20.3/Content/_Maps/Modelled_Greybox.umap" TEMPLATE=0 SHOWPROGRESS=1 FEATURELEVEL=3
[2019.01.28-19.58.54:570][  0]LightingResults: New page: Lighting Build
[2019.01.28-19.58.54:775][  0]MapCheck: New page: Map Check
[2019.01.28-19.58.54:775][  0]LightingResults: New page: Lighting Build
[2019.01.28-19.58.55:994][  0]LogLinker: Warning: Can't find file '/Game/1_Models/Doors/GreatDoor_Door_entry_Door_hinge'
[2019.01.28-19.58.55:994][  0]LogLinker: Warning: Can't find file for asset '/Game/1_Models/Doors/GreatDoor_Door_entry_Door_hinge' while loading E:/Documents/Capstone/TAD_Repository/Dinochan/Dinochan_v001_UE4.20.3/Content/_Maps/Modelled_Greybox.umap.
[2019.01.28-19.58.55:994][  0]LoadErrors: Error: /Game/_Maps/Modelled_Greybox : Can't find file for asset. /Game/1_Models/Doors/GreatDoor_Door_entry_Door_hinge
[2019.01.28-19.58.55:994][  0]LogLinker: Warning: Can't find file '/Game/1_Models/Doors/GreatDoor_Door_entry_Door_L'
[2019.01.28-19.58.55:994][  0]LogLinker: Warning: Can't find file for asset '/Game/1_Models/Doors/GreatDoor_Door_entry_Door_L' while loading E:/Documents/Capstone/TAD_Repository/Dinochan/Dinochan_v001_UE4.20.3/Content/_Maps/Modelled_Greybox.umap.
[2019.01.28-19.58.55:994][  0]LoadErrors: Error: /Game/_Maps/Modelled_Greybox : Can't find file for asset. /Game/1_Models/Doors/GreatDoor_Door_entry_Door_L
[2019.01.28-19.58.55:994][  0]LogLinker: Warning: Can't find file '/Game/1_Models/Doors/GreatDoor_Door_entry_Door_R'
[2019.01.28-19.58.55:994][  0]LogLinker: Warning: Can't find file for asset '/Game/1_Models/Doors/GreatDoor_Door_entry_Door_R' while loading E:/Documents/Capstone/TAD_Repository/Dinochan/Dinochan_v001_UE4.20.3/Content/_Maps/Modelled_Greybox.umap.
[2019.01.28-19.58.55:994][  0]LoadErrors: Error: /Game/_Maps/Modelled_Greybox : Can't find file for asset. /Game/1_Models/Doors/GreatDoor_Door_entry_Door_R
[2019.01.28-19.58.56:426][  0]LogLinker: Warning: Can't find file '/Game/1_Models/Doors/GreatDoor_Door_entry_Door_hinge'
[2019.01.28-19.58.56:426][  0]LogLinker: Warning: Can't find file for asset '/Game/1_Models/Doors/GreatDoor_Door_entry_Door_hinge' while loading E:/Documents/Capstone/TAD_Repository/Dinochan/Dinochan_v001_UE4.20.3/Content/_Maps/Modelled_Greybox.umap.
[2019.01.28-19.58.56:426][  0]LoadErrors: Error: /Game/_Maps/Modelled_Greybox : Can't find file for asset. /Game/1_Models/Doors/GreatDoor_Door_entry_Door_hinge
[2019.01.28-19.58.56:426][  0]LogLinker: Warning: Can't find file '/Game/1_Models/Doors/GreatDoor_Door_entry_Door_L'
[2019.01.28-19.58.56:426][  0]LogLinker: Warning: Can't find file for asset '/Game/1_Models/Doors/GreatDoor_Door_entry_Door_L' while loading E:/Documents/Capstone/TAD_Repository/Dinochan/Dinochan_v001_UE4.20.3/Content/_Maps/Modelled_Greybox.umap.
[2019.01.28-19.58.56:427][  0]LoadErrors: Error: /Game/_Maps/Modelled_Greybox : Can't find file for asset. /Game/1_Models/Doors/GreatDoor_Door_entry_Door_L
[2019.01.28-19.58.56:427][  0]LogLinker: Warning: Can't find file '/Game/1_Models/Doors/GreatDoor_Door_entry_Door_R'
[2019.01.28-19.58.56:427][  0]LogLinker: Warning: Can't find file for asset '/Game/1_Models/Doors/GreatDoor_Door_entry_Door_R' while loading E:/Documents/Capstone/TAD_Repository/Dinochan/Dinochan_v001_UE4.20.3/Content/_Maps/Modelled_Greybox.umap.
[2019.01.28-19.58.56:427][  0]LoadErrors: Error: /Game/_Maps/Modelled_Greybox : Can't find file for asset. /Game/1_Models/Doors/GreatDoor_Door_entry_Door_R
[2019.01.28-19.58.56:780][  0]LogLinker: Warning: Can't find file '/Game/1_Models/Doors/GreatDoor_Door_entry_Door_hinge'
[2019.01.28-19.58.56:780][  0]LoadErrors: Failed to load /Game/1_Models/Doors/GreatDoor_Door_entry_Door_hinge.GreatDoor_Door_entry_Door_hinge Referenced by StaticMeshComponent0
[2019.01.28-19.58.56:780][  0]LogLinker: Warning: Can't find file for asset '/Game/1_Models/Doors/GreatDoor_Door_entry_Door_hinge' while loading NULL.
[2019.01.28-19.58.56:781][  0]LoadErrors: Failed to load /Game/1_Models/Doors/GreatDoor_Door_entry_Door_hinge.GreatDoor_Door_entry_Door_hinge Referenced by StaticMeshComponent0
[2019.01.28-19.58.56:806][  0]LogLinker: Warning: Can't find file '/Game/1_Models/Doors/GreatDoor_Door_entry_Door_L'
[2019.01.28-19.58.56:806][  0]LoadErrors: Failed to load /Game/1_Models/Doors/GreatDoor_Door_entry_Door_L.GreatDoor_Door_entry_Door_L Referenced by StaticMeshComponent0
[2019.01.28-19.58.56:806][  0]LogLinker: Warning: Can't find file for asset '/Game/1_Models/Doors/GreatDoor_Door_entry_Door_L' while loading NULL.
[2019.01.28-19.58.56:806][  0]LoadErrors: Failed to load /Game/1_Models/Doors/GreatDoor_Door_entry_Door_L.GreatDoor_Door_entry_Door_L Referenced by StaticMeshComponent0
[2019.01.28-19.58.56:807][  0]LogLinker: Warning: Can't find file '/Game/1_Models/Doors/GreatDoor_Door_entry_Door_R'
[2019.01.28-19.58.56:807][  0]LoadErrors: Failed to load /Game/1_Models/Doors/GreatDoor_Door_entry_Door_R.GreatDoor_Door_entry_Door_R Referenced by StaticMeshComponent0
[2019.01.28-19.58.56:807][  0]LogLinker: Warning: Can't find file for asset '/Game/1_Models/Doors/GreatDoor_Door_entry_Door_R' while loading NULL.
[2019.01.28-19.58.56:807][  0]LoadErrors: Failed to load /Game/1_Models/Doors/GreatDoor_Door_entry_Door_R.GreatDoor_Door_entry_Door_R Referenced by StaticMeshComponent0
[2019.01.28-19.58.57:554][  0]LogTexture: Display: Building textures: HQ_Lightmap0_1 (AutoDXT, 1024X1024)
[2019.01.28-19.58.58:582][  0]LogTexture: Display: Building textures: HQ_Lightmap0_2 (AutoDXT, 64X64)
[2019.01.28-19.58.58:582][  0]LogTexture: Display: Building textures: HQ_Lightmap0_3 (AutoDXT, 32X32)
[2019.01.28-19.58.58:582][  0]LogTexture: Display: Building textures: LQ_Lightmap_0_1 (DXT1, 1024X1024)
[2019.01.28-19.58.58:582][  0]LogTexture: Display: Building textures: LQ_Lightmap_0_2 (DXT1, 64X64)
[2019.01.28-19.58.58:582][  0]LogTexture: Display: Building textures: ShadowMapTexture2D_6 (G8, 1024X256)
[2019.01.28-19.58.58:582][  0]LogTexture: Display: Building textures: LQ_Lightmap_0_3 (DXT1, 32X32)
[2019.01.28-19.58.58:582][  0]LogTexture: Display: Building textures: ShadowMapTexture2D_7 (G8, 32X32)
[2019.01.28-19.58.58:582][  0]LogTexture: Display: Building textures: ShadowMapTexture2D_8 (G8, 16X16)
[2019.01.28-19.59.01:341][  0]LogStaticMesh: Building static mesh r_tallRock...
[2019.01.28-19.59.01:382][  0]LogStaticMesh: Built static mesh [0.04s] /Game/1_Models/Rocks/r_tallRock.r_tallRock
[2019.01.28-19.59.01:470][  0]LogStaticMesh: Building static mesh r_smallRock...
[2019.01.28-19.59.01:473][  0]LogStaticMesh: Built static mesh [0.00s] /Game/1_Models/Rocks/r_smallRock.r_smallRock
[2019.01.28-19.59.01:538][  0]LogStaticMesh: Building static mesh r_hugeRock...
[2019.01.28-19.59.01:555][  0]LogStaticMesh: Built static mesh [0.07s] /Game/1_Models/Rocks/r_hugeRock.r_hugeRock
[2019.01.28-19.59.01:565][  0]LogStaticMesh: Building static mesh GreatDoor_Missing_Gem...
[2019.01.28-19.59.01:574][  0]LogStaticMesh: Built static mesh [0.01s] /Game/1_Models/Doors/Great_Door/GreatDoor_Missing_Gem.GreatDoor_Missing_Gem
[2019.01.28-19.59.01:667][  0]LogStaticMesh: Building static mesh GreatDoor_Door_entry...
[2019.01.28-19.59.01:674][  0]LogStaticMesh: Built static mesh [0.07s] /Game/1_Models/Doors/Great_Door/GreatDoor_Door_entry.GreatDoor_Door_entry
[2019.01.28-19.59.03:154][  0]LogAIModule: Creating AISystem for world Modelled_Greybox
[2019.01.28-19.59.05:094][  0]LogEditorServer: Finished looking for orphan Actors (0.006 secs)
[2019.01.28-19.59.05:382][  0]Cmd: MAP CHECKDEP NOCLEARLOG
[2019.01.28-19.59.05:728][  0]MapCheck: Map check complete: 0 Error(s), 0 Warning(s), took 345.299ms to complete.
[2019.01.28-19.59.05:728][  0]LogFileHelpers: Loading map 'Modelled_Greybox' took 11.208
[2019.01.28-19.59.07:740][  0]LogSlate: Updating window title bar state: overlay mode, drag disabled, window buttons hidden, title bar hidden
[2019.01.28-19.59.07:762][  0]LogSlate: Updating window title bar state: overlay mode, drag disabled, window buttons hidden, title bar hidden
[2019.01.28-19.59.07:769][  0]LogSlate: Updating window title bar state: overlay mode, drag disabled, window buttons hidden, title bar hidden
[2019.01.28-19.59.07:775][  0]LogSlate: Updating window title bar state: overlay mode, drag disabled, window buttons hidden, title bar hidden
[2019.01.28-19.59.07:867][  0]LogCollectionManager: Loaded 0 collections in 0.001828 seconds
[2019.01.28-19.59.08:031][  0]LogFileCache: Scanning file cache for directory 'E:/Documents/Capstone/TAD_Repository/Dinochan/Dinochan_v001_UE4.20.3/Saved/Collections/' took 0.01s
[2019.01.28-19.59.08:031][  0]LogFileCache: Scanning file cache for directory 'E:/Documents/Capstone/TAD_Repository/Dinochan/Dinochan_v001_UE4.20.3/Content/Developers/Aislynn/Collections/' took 0.01s
[2019.01.28-19.59.08:031][  0]LogFileCache: Scanning file cache for directory 'E:/Documents/Capstone/TAD_Repository/Dinochan/Dinochan_v001_UE4.20.3/Content/Collections/' took 0.01s
[2019.01.28-19.59.08:031][  0]LogCollectionManager: Rebuilt the GUID cache for 0 collections in 0.000000 seconds
[2019.01.28-19.59.08:069][  0]LogContentBrowser: Native class hierarchy populated in 0.0124 seconds. Added 2572 classes and 603 folders.
[2019.01.28-19.59.08:214][  0]LogContentBrowser: Native class hierarchy updated for 'WidgetCarousel' in 0.0003 seconds. Added 0 classes and 0 folders.
[2019.01.28-19.59.09:928][  0]LogContentBrowser: Native class hierarchy updated for 'AddContentDialog' in 0.0003 seconds. Added 0 classes and 0 folders.
[2019.01.28-19.59.09:959][  0]LogContentBrowser: Native class hierarchy updated for 'SceneOutliner' in 0.0003 seconds. Added 1 classes and 2 folders.
[2019.01.28-19.59.10:494][  0]LogSlate: Took 0.043855 seconds to synchronously load lazily loaded font '../../../Engine/Content/Slate/Fonts/Roboto-Regular.ttf' (155K)
[2019.01.28-19.59.10:536][  0]LogSlate: Took 0.013438 seconds to synchronously load lazily loaded font '../../../Engine/Content/Slate/Fonts/Roboto-Bold.ttf' (160K)
[2019.01.28-19.59.10:555][  0]LogSlate: Took 0.014609 seconds to synchronously load lazily loaded font '../../../Engine/Content/Editor/Slate/Fonts/FontAwesome.ttf' (139K)
[2019.01.28-19.59.11:049][  0]LogRenderer: Reallocating scene render targets to support 792x484 Format 10 NumSamples 1 (Frame:1).
[2019.01.28-19.59.11:967][  0]LogContentBrowser: Native class hierarchy updated for 'HierarchicalLODOutliner' in 0.0003 seconds. Added 0 classes and 0 folders.
[2019.01.28-19.59.11:967][  0]LogLoad: (Engine Initialization) Total time: 111.56 seconds
[2019.01.28-19.59.11:967][  0]LogLoad: (Engine Initialization) Total Blueprint compile time: 0.00 seconds
[2019.01.28-19.59.12:055][  0]LogWindowsTextInputMethodSystem: Display: IME system now deactivated.
[2019.01.28-19.59.12:224][  0]LogContentStreaming: Texture pool size now 1000 MB
[2019.01.28-19.59.12:385][  0]LogSlate: FSceneViewport::OnFocusLost() reason 2
[2019.01.28-19.59.12:467][  0]LogSlate: Took 0.016334 seconds to synchronously load lazily loaded font '../../../Engine/Content/Slate/Fonts/Roboto-Light.ttf' (167K)
[2019.01.28-19.59.12:910][  1]LogFileCache: Retrieving MD5 hashes for directory 'E:/Documents/Capstone/TAD_Repository/Dinochan/Dinochan_v001_UE4.20.3/Content/' took 0.81s
[2019.01.28-19.59.13:303][  3]LogAssetRegistry: Asset discovery search completed in 69.8144 seconds
[2019.01.28-19.59.13:335][  3]LogCollectionManager: Rebuilt the object cache for 0 collections in 0.000000 seconds (found 0 objects)
[2019.01.28-19.59.13:335][  3]LogCollectionManager: Fixed up redirectors for 0 collections in 0.000061 seconds (updated 0 objects)
[2019.01.28-19.59.15:138][190]LogSlate: Took 0.000347 seconds to synchronously load lazily loaded font '../../../Engine/Content/Slate/Fonts/Roboto-Light.ttf' (167K)
[2019.01.28-20.00.23:360][674]LogSlate: FSceneViewport::OnFocusLost() reason 0
[2019.01.28-20.00.28:290][258]AssetReimport: New page: Outstanding source content changes 10:00:28 AM
[2019.01.28-20.00.28:579][259]LogEditorFactories: Performing atomic reimport of [E:/Documents/Capstone/TAD_Repository/Dinochan/Dinochan_v001_UE4.20.3/Content/1_Models/Lever.obj]
[2019.01.28-20.00.28:641][259]LogFbx: Loading FBX Scene from E:/Documents/Capstone/TAD_Repository/Dinochan/Dinochan_v001_UE4.20.3/Content/1_Models/Lever.obj
[2019.01.28-20.00.28:684][259]LogFbx: FBX Scene Loaded Succesfully
[2019.01.28-20.00.28:864][259]LogStaticMesh: Building static mesh Lever_pPyramid1...
[2019.01.28-20.00.28:865][259]LogStaticMesh: Built static mesh [0.02s] /Game/1_Models/Lever_pPyramid1.Lever_pPyramid1
[2019.01.28-20.00.28:991][259]LogEditorFactories: -- imported successfully
[2019.01.28-20.00.29:359][260]Cmd: OBJ SAVEPACKAGE PACKAGE="/Game/1_Models/Lever_pPyramid1" FILE="E:/Documents/Capstone/TAD_Repository/Dinochan/Dinochan_v001_UE4.20.3/Content/1_Models/Lever_pPyramid1.uasset" SILENT=true
[2019.01.28-20.00.29:577][260]LogSavePackage: Moving 'E:/Documents/Capstone/TAD_Repository/Dinochan/Dinochan_v001_UE4.20.3/Saved/Lever_pPyramid11C48C177425DBCF7AD9413953D1BC3EF.tmp' to 'E:/Documents/Capstone/TAD_Repository/Dinochan/Dinochan_v001_UE4.20.3/Content/1_Models/Lever_pPyramid1.uasset'
[2019.01.28-20.00.32:646][592]AssetReimport: Reimported asset Lever_pPyramid1 from E:/Documents/Capstone/TAD_Repository/Dinochan/Dinochan_v001_UE4.20.3/Content/1_Models/Lever.obj.
[2019.01.28-20.00.37:520][ 67]LogSlate: FSceneViewport::OnFocusLost() reason 0
[2019.01.28-20.00.37:660][ 82]LogSlate: Window 'Message Log' being destroyed
[2019.01.28-20.00.37:663][ 82]LogSlate: Window 'Message Log' being destroyed
[2019.01.28-20.00.41:127][493]LogSlate: FSceneViewport::OnFocusLost() reason 0
[2019.01.28-20.01.06:661][158]LogEditorViewport: Clicking on Actor (LMB): StaticMeshActor (tallRock)
[2019.01.28-20.01.13:979][888]LogSlate: FSceneViewport::OnFocusLost() reason 0
[2019.01.28-20.01.53:602][264]LogRenderer: Reallocating scene render targets to support 796x484 Format 10 NumSamples 1 (Frame:17078).
[2019.01.28-20.01.53:685][265]LogRenderer: Reallocating scene render targets to support 832x484 Format 10 NumSamples 1 (Frame:17080).
[2019.01.28-20.01.53:772][266]LogRenderer: Reallocating scene render targets to support 884x484 Format 10 NumSamples 1 (Frame:17082).
[2019.01.28-20.01.53:837][267]LogRenderer: Reallocating scene render targets to support 908x484 Format 10 NumSamples 1 (Frame:17084).
[2019.01.28-20.01.53:881][268]LogRenderer: Reallocating scene render targets to support 940x484 Format 10 NumSamples 1 (Frame:17086).
[2019.01.28-20.01.53:922][269]LogRenderer: Reallocating scene render targets to support 964x484 Format 10 NumSamples 1 (Frame:17088).
[2019.01.28-20.01.53:966][270]LogRenderer: Reallocating scene render targets to support 988x484 Format 10 NumSamples 1 (Frame:17090).
[2019.01.28-20.01.54:010][271]LogRenderer: Reallocating scene render targets to support 1008x484 Format 10 NumSamples 1 (Frame:17092).
[2019.01.28-20.01.54:052][272]LogRenderer: Reallocating scene render targets to support 1028x484 Format 10 NumSamples 1 (Frame:17094).
[2019.01.28-20.01.54:094][273]LogRenderer: Reallocating scene render targets to support 1040x484 Format 10 NumSamples 1 (Frame:17096).
[2019.01.28-20.01.54:138][274]LogRenderer: Reallocating scene render targets to support 1048x484 Format 10 NumSamples 1 (Frame:17098).
[2019.01.28-20.01.54:180][275]LogRenderer: Reallocating scene render targets to support 1056x484 Format 10 NumSamples 1 (Frame:17100).
[2019.01.28-20.01.54:223][276]LogRenderer: Reallocating scene render targets to support 1072x484 Format 10 NumSamples 1 (Frame:17102).
[2019.01.28-20.01.54:265][277]LogRenderer: Reallocating scene render targets to support 1080x484 Format 10 NumSamples 1 (Frame:17104).
[2019.01.28-20.01.54:306][278]LogRenderer: Reallocating scene render targets to support 1088x484 Format 10 NumSamples 1 (Frame:17106).
[2019.01.28-20.01.54:382][280]LogRenderer: Reallocating scene render targets to support 1096x484 Format 10 NumSamples 1 (Frame:17110).
[2019.01.28-20.01.54:421][281]LogRenderer: Reallocating scene render targets to support 1100x484 Format 10 NumSamples 1 (Frame:17112).
[2019.01.28-20.01.54:533][284]LogRenderer: Reallocating scene render targets to support 1104x484 Format 10 NumSamples 1 (Frame:17118).
[2019.01.28-20.01.54:576][285]LogRenderer: Reallocating scene render targets to support 1108x484 Format 10 NumSamples 1 (Frame:17120).
[2019.01.28-20.01.54:617][286]LogRenderer: Reallocating scene render targets to support 1112x484 Format 10 NumSamples 1 (Frame:17122).
[2019.01.28-20.01.59:139][824]LogEditorViewport: Clicking on Actor (context menu): StaticMeshActor (smallRock)
[2019.01.28-20.01.59:493][824]LogSlate: FSceneViewport::OnFocusLost() reason 2
[2019.01.28-20.02.01:629][ 42]LogEditorViewport: Clicking on Actor (LMB): StaticMeshActor (tallRock)
[2019.01.28-20.02.03:249][211]LogSlate: FSceneViewport::OnFocusLost() reason 0
[2019.01.28-20.02.04:930][347]LogActorFactory: Actor Factory created r_hugeRock
[2019.01.28-20.02.08:752][780]LogActorFactory: Actor Factory created r_hugeRock
[2019.01.28-20.02.10:110][936]Cmd: TRANSACTION UNDO
[2019.01.28-20.02.10:110][936]LogEditorTransaction: Undo Create Actors
[2019.01.28-20.02.15:296][506]LogSlate: FSceneViewport::OnFocusLost() reason 0
[2019.01.28-20.02.16:281][621]LogActorFactory: Actor Factory created r_hugeRock
[2019.01.28-20.02.18:303][856]LogActorFactory: Actor Factory created r_hugeRock
[2019.01.28-20.02.27:862][971]Cmd: CAMERA ALIGN ACTIVEVIEWPORTONLY
[2019.01.28-20.02.35:565][869]LogSlate: FSceneViewport::OnFocusLost() reason 0
[2019.01.28-20.02.35:777][892]LogActorFactory: Actor Factory created r_smallRock
[2019.01.28-20.02.37:108][ 49]LogActorFactory: Actor Factory created r_smallRock
[2019.01.28-20.02.38:810][200]LogSlate: FSceneViewport::OnFocusLost() reason 0
[2019.01.28-20.02.39:088][231]LogActorFactory: Actor Factory created r_tallRock
[2019.01.28-20.02.39:758][308]LogActorFactory: Actor Factory created r_tallRock
[2019.01.28-20.02.42:019][531]LogSlate: FSceneViewport::OnFocusLost() reason 0
[2019.01.28-20.02.42:095][539]LogStaticMesh: Building static mesh flatRock...
[2019.01.28-20.02.42:113][539]LogStaticMesh: Built static mesh [0.02s] /Game/1_Models/Rocks/flatRock.flatRock
[2019.01.28-20.02.42:228][545]LogActorFactory: Actor Factory created flatRock
[2019.01.28-20.02.42:783][610]LogActorFactory: Actor Factory created flatRock
[2019.01.28-20.02.43:554][696]Cmd: TRANSACTION UNDO
[2019.01.28-20.02.43:554][696]LogEditorTransaction: Undo Create Actors
[2019.01.28-20.02.43:894][719]Cmd: TRANSACTION UNDO
[2019.01.28-20.02.43:894][719]LogEditorTransaction: Undo Create Actors
[2019.01.28-20.02.44:256][746]Cmd: TRANSACTION UNDO
[2019.01.28-20.02.44:257][746]LogEditorTransaction: Undo Create Actors
[2019.01.28-20.02.44:676][785]Cmd: TRANSACTION UNDO
[2019.01.28-20.02.44:676][785]LogEditorTransaction: Undo Move Actors
[2019.01.28-20.02.45:151][834]Cmd: TRANSACTION UNDO
[2019.01.28-20.02.45:151][834]LogEditorTransaction: Undo Create Actors
[2019.01.28-20.03.13:402][216]LogEditorViewport: Clicking on Actor (LMB): StaticMeshActor (smallRock)
[2019.01.28-20.03.14:382][328]LogEditorViewport: Clicking on Actor (LMB): StaticMeshActor (tallRock)
[2019.01.28-20.03.15:568][465]LogEditorViewport: Clicking on Actor (CTRL LMB): StaticMeshActor (smallRock)
[2019.01.28-20.03.17:662][711]LogEditorViewport: Clicking on Actor (CTRL LMB): StaticMeshActor (hugeRock)
[2019.01.28-20.03.31:281][335]LogEditorViewport: Clicking on Actor (LMB): StaticMeshActor (Greybox1_baseIsland_Landing)
[2019.01.28-20.03.42:492][531]LogEditorViewport: Clicking on Actor (LMB): StaticMeshActor (smallRock)
[2019.01.28-20.03.46:250][976]LogEditorViewport: Clicking on Actor (LMB): StaticMeshActor (tallRock)
[2019.01.28-20.03.54:743][968]LogSlate: FSceneViewport::OnFocusLost() reason 0
[2019.01.28-20.03.54:993][996]LogActorFactory: Actor Factory created r_tallRock
[2019.01.28-20.03.55:939][107]LogActorFactory: Actor Factory created r_tallRock
[2019.01.28-20.04.05:761][257]LogEditorViewport: Clicking on Actor (LMB): StaticMeshActor (tallRock)
[2019.01.28-20.04.11:099][892]LogEditorViewport: Clicking on Actor (LMB): StaticMeshActor (Greybox1_baseIsland_Landing)
[2019.01.28-20.04.12:861][ 98]Cmd: TRANSACTION UNDO
[2019.01.28-20.04.12:861][ 98]LogEditorTransaction: Undo Clicking on Actors
[2019.01.28-20.04.13:329][148]Cmd: TRANSACTION UNDO
[2019.01.28-20.04.13:329][148]LogEditorTransaction: Undo Clicking on Actors
[2019.01.28-20.04.14:366][268]Cmd: TRANSACTION UNDO
[2019.01.28-20.04.14:366][268]LogEditorTransaction: Undo Create Actors
[2019.01.28-20.04.23:239][305]LogEditorViewport: Clicking on Actor (CTRL LMB): StaticMeshActor (smallRock)
[2019.01.28-20.04.24:905][500]LogEditorViewport: Clicking on Actor (CTRL LMB): StaticMeshActor (GreatDoor_Door_entry)
[2019.01.28-20.04.26:824][725]LogEditorViewport: Clicking on Actor (CTRL LMB): StaticMeshActor (Greybox1_baseIsland_Landing)
[2019.01.28-20.04.27:895][844]LogEditorViewport: Clicking on Actor (LMB): StaticMeshActor (Greybox1_baseIsland_Landing)
[2019.01.28-20.04.53:589][913]LogSlate: FSceneViewport::OnFocusLost() reason 0
[2019.01.28-20.04.53:701][920]LogRenderer: Reallocating scene render targets to support 1112x488 Format 10 NumSamples 1 (Frame:37613).
[2019.01.28-20.04.53:744][921]LogRenderer: Reallocating scene render targets to support 1112x492 Format 10 NumSamples 1 (Frame:37615).
[2019.01.28-20.04.53:786][922]LogRenderer: Reallocating scene render targets to support 1112x520 Format 10 NumSamples 1 (Frame:37617).
[2019.01.28-20.04.53:828][923]LogRenderer: Reallocating scene render targets to support 1112x556 Format 10 NumSamples 1 (Frame:37619).
[2019.01.28-20.04.53:873][924]LogRenderer: Reallocating scene render targets to support 1112x576 Format 10 NumSamples 1 (Frame:37621).
[2019.01.28-20.04.53:917][925]LogRenderer: Reallocating scene render targets to support 1112x580 Format 10 NumSamples 1 (Frame:37623).
[2019.01.28-20.04.53:958][926]LogRenderer: Reallocating scene render targets to support 1112x588 Format 10 NumSamples 1 (Frame:37625).
[2019.01.28-20.04.53:997][927]LogRenderer: Reallocating scene render targets to support 1112x600 Format 10 NumSamples 1 (Frame:37627).
[2019.01.28-20.04.54:036][928]LogRenderer: Reallocating scene render targets to support 1112x612 Format 10 NumSamples 1 (Frame:37629).
[2019.01.28-20.04.54:075][929]LogRenderer: Reallocating scene render targets to support 1112x624 Format 10 NumSamples 1 (Frame:37631).
[2019.01.28-20.04.54:117][930]LogRenderer: Reallocating scene render targets to support 1112x628 Format 10 NumSamples 1 (Frame:37633).
[2019.01.28-20.05.10:133][752]LogSlate: FSceneViewport::OnFocusLost() reason 0
[2019.01.28-20.05.48:570][ 86]LogActorFactory: Actor Factory created Placeholder_Dinochan_backpack_02
[2019.01.28-20.05.49:635][202]LogActorFactory: Actor Factory created Placeholder_Dinochan_backpack_02
[2019.01.28-20.06.14:548][173]LogSlate: FSceneViewport::OnFocusLost() reason 0
[2019.01.28-20.06.14:862][185]LogRenderer: Reallocating scene render targets to support 1112x632 Format 10 NumSamples 1 (Frame:46573).
[2019.01.28-20.06.14:905][186]LogRenderer: Reallocating scene render targets to support 1112x688 Format 10 NumSamples 1 (Frame:46575).
[2019.01.28-20.06.14:951][187]LogRenderer: Reallocating scene render targets to support 1112x724 Format 10 NumSamples 1 (Frame:46577).
[2019.01.28-20.06.20:886][869]LogSlate: FSceneViewport::OnFocusLost() reason 0
[2019.01.28-20.06.23:713][141]LogRenderer: Reallocating scene render targets to support 1124x724 Format 10 NumSamples 1 (Frame:47412).
[2019.01.28-20.06.23:769][143]LogRenderer: Reallocating scene render targets to support 1192x724 Format 10 NumSamples 1 (Frame:47414).
[2019.01.28-20.06.23:815][144]LogRenderer: Reallocating scene render targets to support 1236x724 Format 10 NumSamples 1 (Frame:47416).
[2019.01.28-20.06.23:881][145]LogRenderer: Reallocating scene render targets to support 1272x724 Format 10 NumSamples 1 (Frame:47418).
[2019.01.28-20.06.23:924][146]LogRenderer: Reallocating scene render targets to support 1300x724 Format 10 NumSamples 1 (Frame:47420).
[2019.01.28-20.06.23:971][147]LogRenderer: Reallocating scene render targets to support 1320x724 Format 10 NumSamples 1 (Frame:47422).
[2019.01.28-20.06.24:013][148]LogRenderer: Reallocating scene render targets to support 1348x724 Format 10 NumSamples 1 (Frame:47424).
[2019.01.28-20.06.24:055][149]LogRenderer: Reallocating scene render targets to support 1368x724 Format 10 NumSamples 1 (Frame:47426).
[2019.01.28-20.06.24:108][150]LogRenderer: Reallocating scene render targets to support 1372x724 Format 10 NumSamples 1 (Frame:47428).
[2019.01.28-20.06.24:274][162]LogRenderer: Reallocating scene render targets to support 1380x724 Format 10 NumSamples 1 (Frame:47432).
[2019.01.28-20.06.24:315][163]LogRenderer: Reallocating scene render targets to support 1388x724 Format 10 NumSamples 1 (Frame:47434).
[2019.01.28-20.06.24:357][164]LogRenderer: Reallocating scene render targets to support 1392x724 Format 10 NumSamples 1 (Frame:47436).
[2019.01.28-20.06.24:398][165]LogRenderer: Reallocating scene render targets to support 1396x724 Format 10 NumSamples 1 (Frame:47438).
[2019.01.28-20.06.24:439][166]LogRenderer: Reallocating scene render targets to support 1400x724 Format 10 NumSamples 1 (Frame:47440).
[2019.01.28-20.06.24:482][167]LogRenderer: Reallocating scene render targets to support 1404x724 Format 10 NumSamples 1 (Frame:47442).
[2019.01.28-20.06.40:633][100]LogSlate: FSceneViewport::OnFocusLost() reason 0
[2019.01.28-20.08.00:365][826]LogSlate: FSceneViewport::OnFocusLost() reason 0
[2019.01.28-20.08.58:190][561]LogSlate: FSceneViewport::OnFocusLost() reason 0
[2019.01.28-20.09.09:708][276]LogSlate: Window 'Save Content' being destroyed
[2019.01.28-20.09.10:020][276]LogSlate: Window 'Dinochan_v001 - Unreal Editor' being destroyed
[2019.01.28-20.09.10:403][277]Cmd: QUIT_EDITOR
[2019.01.28-20.09.10:662][277]LogWindowsTextInputMethodSystem: Display: IME system now deactivated.
[2019.01.28-20.09.10:716][277]LogExit: Preparing to exit.
[2019.01.28-20.09.11:700][277]LogExit: Editor shut down
[2019.01.28-20.09.11:700][277]LogExit: Transaction tracking system shut down
[2019.01.28-20.09.15:092][277]LogExit: Object subsystem successfully closed.
[2019.01.28-20.09.15:325][277]LogShaderCompilers: Display: Shaders left to compile 0
[2019.01.28-20.09.15:470][277]LogD3D11RHI: Shutdown
[2019.01.28-20.09.15:470][277]LogD3D11RHI: CleanupD3DDevice
[2019.01.28-20.09.15:501][277]LogD3D11RHI: ~FD3D11DynamicRHI
[2019.01.28-20.09.17:387][277]LogModuleManager: Shutting down and abandoning module HierarchicalLODOutliner (612)
[2019.01.28-20.09.17:387][277]LogModuleManager: Shutting down and abandoning module SceneOutliner (610)
[2019.01.28-20.09.17:387][277]LogModuleManager: Shutting down and abandoning module AddContentDialog (608)
[2019.01.28-20.09.17:394][277]LogModuleManager: Shutting down and abandoning module WidgetCarousel (607)
[2019.01.28-20.09.17:394][277]LogModuleManager: Shutting down and abandoning module EditorWidgets (604)
[2019.01.28-20.09.17:394][277]LogModuleManager: Shutting down and abandoning module CollectionManager (602)
[2019.01.28-20.09.17:408][277]LogModuleManager: Shutting down and abandoning module MeshBuilder (600)
[2019.01.28-20.09.17:408][277]LogModuleManager: Shutting down and abandoning module StatsViewer (598)
[2019.01.28-20.09.17:417][277]LogModuleManager: Shutting down and abandoning module FoliageEdit (596)
[2019.01.28-20.09.17:426][277]LogModuleManager: Shutting down and abandoning module LandscapeEditor (594)
[2019.01.28-20.09.17:443][277]LogModuleManager: Shutting down and abandoning module MeshPaintMode (592)
[2019.01.28-20.09.17:452][277]LogModuleManager: Shutting down and abandoning module SceneDepthPickerMode (590)
[2019.01.28-20.09.17:452][277]LogModuleManager: Shutting down and abandoning module ActorPickerMode (588)
[2019.01.28-20.09.17:452][277]LogModuleManager: Shutting down and abandoning module GeometryMode (586)
[2019.01.28-20.09.17:452][277]LogModuleManager: Shutting down and abandoning module TextureAlignMode (584)
[2019.01.28-20.09.17:452][277]LogModuleManager: Shutting down and abandoning module BspMode (582)
[2019.01.28-20.09.17:452][277]LogModuleManager: Shutting down and abandoning module PIEPreviewDeviceProfileSelector (580)
[2019.01.28-20.09.17:454][277]LogModuleManager: Shutting down and abandoning module SequenceRecorderSections (578)
[2019.01.28-20.09.17:466][277]LogModuleManager: Shutting down and abandoning module AutomationWorker (576)
[2019.01.28-20.09.17:466][277]LogModuleManager: Shutting down and abandoning module AudioCaptureEditor (574)
[2019.01.28-20.09.17:466][277]LogModuleManager: Shutting down and abandoning module SequenceRecorder (573)
[2019.01.28-20.09.17:475][277]LogModuleManager: Shutting down and abandoning module MatineeToLevelSequence (570)
[2019.01.28-20.09.17:475][277]LogModuleManager: Shutting down and abandoning module LevelSequenceEditor (568)
[2019.01.28-20.09.17:489][277]LogModuleManager: Shutting down and abandoning module PlacementMode (567)
[2019.01.28-20.09.17:489][277]LogModuleManager: Shutting down and abandoning module MaterialEditor (566)
[2019.01.28-20.09.17:503][277]LogModuleManager: Shutting down and abandoning module WmfMediaFactory (562)
[2019.01.28-20.09.17:503][277]LogModuleManager: Shutting down and abandoning module WmfMediaEditor (560)
[2019.01.28-20.09.17:503][277]LogModuleManager: Shutting down and abandoning module MediaPlayerEditor (558)
[2019.01.28-20.09.17:520][277]LogModuleManager: Shutting down and abandoning module OpenExrWrapper (556)
[2019.01.28-20.09.17:520][277]LogModuleManager: Shutting down and abandoning module ImgMediaFactory (554)
[2019.01.28-20.09.17:520][277]LogModuleManager: Shutting down and abandoning module ImgMediaEditor (552)
[2019.01.28-20.09.17:520][277]LogModuleManager: Shutting down and abandoning module AvfMediaFactory (550)
[2019.01.28-20.09.17:520][277]LogModuleManager: Shutting down and abandoning module AvfMediaEditor (548)
[2019.01.28-20.09.17:520][277]LogModuleManager: Shutting down and abandoning module AndroidMediaFactory (546)
[2019.01.28-20.09.17:520][277]LogModuleManager: Shutting down and abandoning module AndroidMediaEditor (544)
[2019.01.28-20.09.17:520][277]LogModuleManager: Shutting down and abandoning module MagicLeapCameraPreviewFactory (542)
[2019.01.28-20.09.17:520][277]LogModuleManager: Shutting down and abandoning module MagicLeapMediaFactory (540)
[2019.01.28-20.09.17:520][277]LogModuleManager: Shutting down and abandoning module MagicLeapMediaEditor (538)
[2019.01.28-20.09.17:520][277]LogModuleManager: Shutting down and abandoning module CharacterAI (536)
[2019.01.28-20.09.17:520][277]LogModuleManager: Shutting down and abandoning module SmartSnapping (534)
[2019.01.28-20.09.17:520][277]LogModuleManager: Shutting down and abandoning module SessionServices (532)
[2019.01.28-20.09.17:520][277]LogModuleManager: Shutting down and abandoning module ViewportSnapping (530)
[2019.01.28-20.09.17:520][277]LogModuleManager: Shutting down and abandoning module ViewportInteraction (528)
[2019.01.28-20.09.17:520][277]LogModuleManager: Shutting down and abandoning module ClothPainter (526)
[2019.01.28-20.09.17:542][277]LogModuleManager: Shutting down and abandoning module SkeletalMeshEditor (525)
[2019.01.28-20.09.17:550][277]LogModuleManager: Shutting down and abandoning module LogVisualizer (522)
[2019.01.28-20.09.17:562][277]LogModuleManager: Shutting down and abandoning module IntroTutorials (520)
[2019.01.28-20.09.17:582][277]LogModuleManager: Shutting down and abandoning module GameProjectGeneration (519)
[2019.01.28-20.09.17:601][277]LogModuleManager: Shutting down and abandoning module LuminPlatformEditor (516)
[2019.01.28-20.09.17:601][277]LogModuleManager: Shutting down and abandoning module IOSPlatformEditor (514)
[2019.01.28-20.09.17:604][277]LogModuleManager: Shutting down and abandoning module HTML5PlatformEditor (512)
[2019.01.28-20.09.17:604][277]LogModuleManager: Shutting down and abandoning module AndroidPlatformEditor (510)
[2019.01.28-20.09.17:604][277]LogModuleManager: Shutting down and abandoning module AndroidDeviceDetection (509)
[2019.01.28-20.09.19:127][277]LogModuleManager: Shutting down and abandoning module WindowsPlatformEditor (506)
[2019.01.28-20.09.19:127][277]LogModuleManager: Shutting down and abandoning module LuminRuntimeSettings (504)
[2019.01.28-20.09.19:127][277]LogModuleManager: Shutting down and abandoning module IOSRuntimeSettings (502)
[2019.01.28-20.09.19:127][277]LogModuleManager: Shutting down and abandoning module AndroidRuntimeSettings (500)
[2019.01.28-20.09.19:127][277]LogModuleManager: Shutting down and abandoning module InputBindingEditor (498)
[2019.01.28-20.09.19:161][277]LogModuleManager: Shutting down and abandoning module MergeActors (496)
[2019.01.28-20.09.19:165][277]LogModuleManager: Shutting down and abandoning module LocalizationDashboard (494)
[2019.01.28-20.09.19:177][277]LogModuleManager: Shutting down and abandoning module LocalizationService (493)
[2019.01.28-20.09.19:179][277]LogModuleManager: Shutting down and abandoning module HardwareTargeting (490)
[2019.01.28-20.09.19:179][277]LogModuleManager: Shutting down and abandoning module DeviceProfileEditor (488)
[2019.01.28-20.09.19:179][277]LogModuleManager: Shutting down and abandoning module UndoHistory (486)
[2019.01.28-20.09.19:185][277]LogModuleManager: Shutting down and abandoning module XmlParser (484)
[2019.01.28-20.09.19:185][277]LogModuleManager: Shutting down and abandoning module Blutility (482)
[2019.01.28-20.09.19:185][277]LogModuleManager: Shutting down and abandoning module ProjectSettingsViewer (480)
[2019.01.28-20.09.19:185][277]LogModuleManager: Shutting down and abandoning module ProjectTargetPlatformEditor (479)
[2019.01.28-20.09.19:185][277]LogModuleManager: Shutting down and abandoning module EditorSettingsViewer (476)
[2019.01.28-20.09.19:185][277]LogModuleManager: Shutting down and abandoning module SettingsEditor (474)
[2019.01.28-20.09.19:190][277]LogModuleManager: Shutting down and abandoning module ProjectLauncher (472)
[2019.01.28-20.09.19:199][277]LogModuleManager: Shutting down and abandoning module SessionFrontend (470)
[2019.01.28-20.09.19:206][277]LogModuleManager: Shutting down and abandoning module ProfilerClient (468)
[2019.01.28-20.09.19:217][277]LogModuleManager: Shutting down and abandoning module DeviceManager (466)
[2019.01.28-20.09.19:226][277]LogModuleManager: Shutting down and abandoning module TargetDeviceServices (465)
[2019.01.28-20.09.19:303][277]LogModuleManager: Shutting down and abandoning module AutomationController (462)
[2019.01.28-20.09.19:319][277]LogModuleManager: Shutting down and abandoning module AutomationWindow (460)
[2019.01.28-20.09.19:335][277]LogModuleManager: Shutting down and abandoning module Layers (458)
[2019.01.28-20.09.19:351][277]LogModuleManager: Shutting down and abandoning module ComponentVisualizers (456)
[2019.01.28-20.09.19:352][277]LogModuleManager: Shutting down and abandoning module DetailCustomizations (454)
[2019.01.28-20.09.19:358][277]LogModuleManager: Shutting down and abandoning module PackagesDialog (452)
[2019.01.28-20.09.19:358][277]LogModuleManager: Shutting down and abandoning module Persona (450)
[2019.01.28-20.09.19:387][277]LogModuleManager: Shutting down and abandoning module AdvancedPreviewScene (449)
[2019.01.28-20.09.19:387][277]LogModuleManager: Shutting down and abandoning module AnimGraph (447)
[2019.01.28-20.09.19:397][277]LogModuleManager: Shutting down and abandoning module Kismet (444)
[2019.01.28-20.09.19:412][277]LogModuleManager: Shutting down and abandoning module GraphEditor (442)
[2019.01.28-20.09.19:440][277]LogModuleManager: Shutting down and abandoning module ClassViewer (440)
[2019.01.28-20.09.19:440][277]LogModuleManager: Shutting down and abandoning module Toolbox (438)
[2019.01.28-20.09.19:440][277]LogModuleManager: Shutting down and abandoning module ModuleUI (436)
[2019.01.28-20.09.19:447][277]LogModuleManager: Shutting down and abandoning module MovieSceneTools (434)
[2019.01.28-20.09.19:458][277]LogModuleManager: Shutting down and abandoning module OutputLog (432)
[2019.01.28-20.09.19:458][277]LogModuleManager: Shutting down and abandoning module GammaUI (430)
[2019.01.28-20.09.19:467][277]LogModuleManager: Shutting down and abandoning module Documentation (428)
[2019.01.28-20.09.19:467][277]LogModuleManager: Shutting down and abandoning module MovieSceneTracks (426)
[2019.01.28-20.09.19:467][277]LogModuleManager: Shutting down and abandoning module MovieScene (424)
[2019.01.28-20.09.19:474][277]LogModuleManager: Shutting down and abandoning module StreamingPauseRendering (422)
[2019.01.28-20.09.19:484][277]LogModuleManager: Shutting down and abandoning module LauncherPlatform (420)
[2019.01.28-20.09.19:484][277]LogModuleManager: Shutting down and abandoning module AnalyticsET (418)
[2019.01.28-20.09.19:484][277]LogModuleManager: Shutting down and abandoning module PortalServices (416)
[2019.01.28-20.09.19:484][277]LogModuleManager: Shutting down and abandoning module PortalRpc (414)
[2019.01.28-20.09.19:484][277]LogModuleManager: Shutting down and abandoning module MessagingRpc (412)
[2019.01.28-20.09.19:484][277]LogModuleManager: Shutting down and abandoning module AIModule (410)
[2019.01.28-20.09.19:504][277]LogModuleManager: Shutting down and abandoning module GameplayDebugger (409)
[2019.01.28-20.09.19:512][277]LogModuleManager: Shutting down and abandoning module AITestSuite (407)
[2019.01.28-20.09.19:521][277]LogModuleManager: Shutting down and abandoning module NavigationSystem (405)
[2019.01.28-20.09.19:521][277]LogModuleManager: Shutting down and abandoning module DesktopPlatform (402)
[2019.01.28-20.09.19:521][277]LogModuleManager: Shutting down and abandoning module ProfilerService (400)
[2019.01.28-20.09.19:720][277]LogModuleManager: Shutting down and abandoning module TaskGraph (398)
[2019.01.28-20.09.19:748][277]LogModuleManager: Shutting down and abandoning module SteamVRController (396)
[2019.01.28-20.09.19:748][277]LogModuleManager: Shutting down and abandoning module ProceduralMeshComponentEditor (394)
[2019.01.28-20.09.19:748][277]LogModuleManager: Shutting down and abandoning module ProceduralMeshComponent (392)
[2019.01.28-20.09.19:754][277]LogModuleManager: Shutting down and abandoning module OculusInput (390)
[2019.01.28-20.09.19:754][277]LogModuleManager: Shutting down and abandoning module MobilePatchingUtils (388)
[2019.01.28-20.09.19:754][277]LogModuleManager: Shutting down and abandoning module EditableMesh (386)
[2019.01.28-20.09.19:765][277]LogModuleManager: Shutting down and abandoning module CustomMeshComponent (384)
[2019.01.28-20.09.19:765][277]LogModuleManager: Shutting down and abandoning module CableComponent (382)
[2019.01.28-20.09.19:765][277]LogModuleManager: Shutting down and abandoning module AudioCapture (380)
[2019.01.28-20.09.19:765][277]LogModuleManager: Shutting down and abandoning module ArchVisCharacter (378)
[2019.01.28-20.09.19:765][277]LogModuleManager: Shutting down and abandoning module AndroidPermission (376)
[2019.01.28-20.09.19:765][277]LogModuleManager: Shutting down and abandoning module NUTUnrealEngine4 (374)
[2019.01.28-20.09.19:765][277]LogModuleManager: Shutting down and abandoning module NetcodeUnitTest (372)
[2019.01.28-20.09.19:787][277]LogModuleManager: Shutting down and abandoning module MediaCompositingEditor (370)
[2019.01.28-20.09.19:787][277]LogModuleManager: Shutting down and abandoning module MediaCompositing (368)
[2019.01.28-20.09.19:787][277]LogModuleManager: Shutting down and abandoning module LinearTimecode (366)
[2019.01.28-20.09.19:787][277]LogModuleManager: Shutting down and abandoning module ImgMedia (364)
[2019.01.28-20.09.19:802][277]LogModuleManager: Shutting down and abandoning module HTML5Networking (362)
[2019.01.28-20.09.19:802][277]LogModuleManager: Shutting down and abandoning module GeometryCacheTracks (360)
[2019.01.28-20.09.19:802][277]LogModuleManager: Shutting down and abandoning module GeometryCacheSequencer (358)
[2019.01.28-20.09.19:802][277]LogModuleManager: Shutting down and abandoning module BackChannel (356)
[2019.01.28-20.09.19:808][277]LogModuleManager: Shutting down and abandoning module AppleVision (354)
[2019.01.28-20.09.19:808][277]LogModuleManager: Shutting down and abandoning module AppleImageUtils (352)
[2019.01.28-20.09.19:808][277]LogModuleManager: Shutting down and abandoning module AlembicImporter (350)
[2019.01.28-20.09.19:808][277]LogModuleManager: Shutting down and abandoning module AlembicLibrary (349)
[2019.01.28-20.09.19:808][277]LogModuleManager: Shutting down and abandoning module GeometryCache (348)
[2019.01.28-20.09.19:808][277]LogModuleManager: Shutting down and abandoning module GeometryCacheEd (347)
[2019.01.28-20.09.19:808][277]LogModuleManager: Shutting down and abandoning module DatasmithContentEditor (342)
[2019.01.28-20.09.19:823][277]LogModuleManager: Shutting down and abandoning module DatasmithContent (340)
[2019.01.28-20.09.19:823][277]LogModuleManager: Shutting down and abandoning module SpeedTreeImporter (338)
[2019.01.28-20.09.19:823][277]LogModuleManager: Shutting down and abandoning module PluginBrowser (336)
[2019.01.28-20.09.19:842][277]LogModuleManager: Shutting down and abandoning module MobileLauncherProfileWizard (334)
[2019.01.28-20.09.19:851][277]LogModuleManager: Shutting down and abandoning module PolygonModeling (332)
[2019.01.28-20.09.19:851][277]LogModuleManager: Shutting down and abandoning module MeshEditor (330)
[2019.01.28-20.09.19:854][277]LogModuleManager: Shutting down and abandoning module CryptoKeysOpenSSL (328)
[2019.01.28-20.09.19:861][277]LogModuleManager: Shutting down and abandoning module CryptoKeys (326)
[2019.01.28-20.09.19:861][277]LogModuleManager: Shutting down and abandoning module VisualStudioSourceCodeAccess (324)
[2019.01.28-20.09.19:861][277]LogModuleManager: Shutting down and abandoning module VisualStudioCodeSourceCodeAccess (322)
[2019.01.28-20.09.19:861][277]LogModuleManager: Shutting down and abandoning module UObjectPlugin (320)
[2019.01.28-20.09.19:861][277]LogModuleManager: Shutting down and abandoning module SubversionSourceControl (318)
[2019.01.28-20.09.19:870][277]LogModuleManager: Shutting down and abandoning module PerforceSourceControl (316)
[2019.01.28-20.09.19:878][277]LogModuleManager: Shutting down and abandoning module GitSourceControl (314)
[2019.01.28-20.09.19:883][277]LogModuleManager: Shutting down and abandoning module SourceControl (313)
[2019.01.28-20.09.19:896][277]LogModuleManager: Shutting down and abandoning module CLionSourceCodeAccess (310)
[2019.01.28-20.09.19:896][277]LogModuleManager: Shutting down and abandoning module LightPropagationVolumeEditor (308)
[2019.01.28-20.09.19:896][277]LogModuleManager: Shutting down and abandoning module PaperTiledImporter (306)
[2019.01.28-20.09.19:896][277]LogModuleManager: Shutting down and abandoning module PaperSpriteSheetImporter (304)
[2019.01.28-20.09.19:896][277]LogModuleManager: Shutting down and abandoning module Paper2DEditor (302)
[2019.01.28-20.09.19:905][277]LogModuleManager: Shutting down and abandoning module MeshPaint (301)
[2019.01.28-20.09.19:910][277]LogModuleManager: Shutting down and abandoning module RuntimePhysXCooking (298)
[2019.01.28-20.09.19:910][277]LogModuleManager: Shutting down and abandoning module PhysXVehiclesEditor (296)
[2019.01.28-20.09.19:910][277]LogModuleManager: Shutting down and abandoning module PhysXVehicles (294)
[2019.01.28-20.09.19:910][277]LogModuleManager: Shutting down and abandoning module OculusEditor (292)
[2019.01.28-20.09.19:921][277]LogModuleManager: Shutting down and abandoning module LocationServicesBPLibrary (290)
[2019.01.28-20.09.19:921][277]LogModuleManager: Shutting down and abandoning module ImmediatePhysicsEditor (288)
[2019.01.28-20.09.19:921][277]LogModuleManager: Shutting down and abandoning module ImmediatePhysics (286)
[2019.01.28-20.09.19:934][277]LogModuleManager: Shutting down and abandoning module ActorSequence (284)
[2019.01.28-20.09.19:934][277]LogModuleManager: Shutting down and abandoning module UdpMessaging (282)
[2019.01.28-20.09.20:035][277]LogModuleManager: Shutting down and abandoning module TcpMessaging (280)
[2019.01.28-20.09.20:136][277]LogModuleManager: Shutting down and abandoning module MagicLeapAudio (278)
[2019.01.28-20.09.20:136][277]LogModuleManager: Shutting down and abandoning module GameplayTagsEditor (276)
[2019.01.28-20.09.20:186][277]LogModuleManager: Shutting down and abandoning module FacialAnimationEditor (274)
[2019.01.28-20.09.20:186][277]LogModuleManager: Shutting down and abandoning module FacialAnimation (272)
[2019.01.28-20.09.20:186][277]LogModuleManager: Shutting down and abandoning module DataValidation (270)
[2019.01.28-20.09.20:186][277]LogModuleManager: Shutting down and abandoning module AssetManagerEditor (268)
[2019.01.28-20.09.20:195][277]LogModuleManager: Shutting down and abandoning module LevelEditor (267)
[2019.01.28-20.09.20:207][277]LogModuleManager: Shutting down and abandoning module PixelInspectorModule (266)
[2019.01.28-20.09.20:217][277]LogModuleManager: Shutting down and abandoning module CommonMenuExtensions (264)
[2019.01.28-20.09.20:217][277]LogModuleManager: Shutting down and abandoning module MainFrame (262)
[2019.01.28-20.09.20:220][277]LogModuleManager: Shutting down and abandoning module HotReload (261)
[2019.01.28-20.09.20:224][277]LogModuleManager: Shutting down and abandoning module ContentBrowser (257)
[2019.01.28-20.09.20:225][277]LogModuleManager: Shutting down and abandoning module TreeMap (255)
[2019.01.28-20.09.20:230][277]LogModuleManager: Shutting down and abandoning module LightPropagationVolumeRuntime (252)
[2019.01.28-20.09.20:230][277]LogModuleManager: Shutting down and abandoning module AISupportModule (250)
[2019.01.28-20.09.20:230][277]LogModuleManager: Shutting down and abandoning module Paper2D (248)
[2019.01.28-20.09.20:236][277]LogModuleManager: Shutting down and abandoning module WindowsMoviePlayer (246)
[2019.01.28-20.09.20:237][277]LogModuleManager: Shutting down and abandoning module WmfMedia (244)
[2019.01.28-20.09.20:249][277]LogModuleManager: Shutting down and abandoning module Media (243)
[2019.01.28-20.09.20:256][277]LogModuleManager: Shutting down and abandoning module PacketHandler (240)
[2019.01.28-20.09.20:256][277]LogModuleManager: Shutting down and abandoning module ClothingSystemEditor (238)
[2019.01.28-20.09.20:256][277]LogModuleManager: Shutting down and abandoning module ClothingSystemRuntime (236)
[2019.01.28-20.09.20:268][277]LogModuleManager: Shutting down and abandoning module MediaAssets (234)
[2019.01.28-20.09.20:268][277]LogModuleManager: Shutting down and abandoning module Overlay (232)
[2019.01.28-20.09.20:268][277]LogModuleManager: Shutting down and abandoning module OverlayEditor (231)
[2019.01.28-20.09.20:268][277]LogModuleManager: Shutting down and abandoning module VREditor (228)
[2019.01.28-20.09.20:280][277]LogModuleManager: Shutting down and abandoning module StringTableEditor (226)
[2019.01.28-20.09.20:286][277]LogModuleManager: Shutting down and abandoning module GameplayTasksEditor (224)
[2019.01.28-20.09.20:286][277]LogModuleManager: Shutting down and abandoning module BehaviorTreeEditor (222)
[2019.01.28-20.09.20:304][277]LogModuleManager: Shutting down and abandoning module FunctionalTesting (220)
[2019.01.28-20.09.20:312][277]LogModuleManager: Shutting down and abandoning module CollisionAnalyzer (218)
[2019.01.28-20.09.20:323][277]LogModuleManager: Shutting down and abandoning module WorkspaceMenuStructure (217)
[2019.01.28-20.09.20:323][277]LogModuleManager: Shutting down and abandoning module UMG (214)
[2019.01.28-20.09.20:333][277]LogModuleManager: Shutting down and abandoning module UMGEditor (213)
[2019.01.28-20.09.20:361][277]LogModuleManager: Shutting down and abandoning module Sequencer (212)
[2019.01.28-20.09.20:388][277]LogModuleManager: Shutting down and abandoning module MessageLog (209)
[2019.01.28-20.09.20:388][277]LogModuleManager: Shutting down and abandoning module SlateReflector (204)
[2019.01.28-20.09.20:410][277]LogModuleManager: Shutting down and abandoning module Slate (202)
[2019.01.28-20.09.20:410][277]LogModuleManager: Shutting down and abandoning module EditorStyle (200)
[2019.01.28-20.09.20:412][277]LogModuleManager: Shutting down and abandoning module MRMesh (198)
[2019.01.28-20.09.20:420][277]LogModuleManager: Shutting down and abandoning module SourceCodeAccess (196)
[2019.01.28-20.09.20:420][277]LogModuleManager: Shutting down and abandoning module HeadMountedDisplay (194)
[2019.01.28-20.09.20:420][277]LogModuleManager: Shutting down and abandoning module XAudio2 (192)
[2019.01.28-20.09.20:420][277]LogModuleManager: Shutting down and abandoning module Networking (190)
[2019.01.28-20.09.20:420][277]LogModuleManager: Shutting down and abandoning module Core (188)
[2019.01.28-20.09.20:420][277]LogModuleManager: Shutting down and abandoning module LevelSequence (186)
[2019.01.28-20.09.20:420][277]LogModuleManager: Shutting down and abandoning module KismetCompiler (184)
[2019.01.28-20.09.20:420][277]LogModuleManager: Shutting down and abandoning module MeshUtilities (182)
[2019.01.28-20.09.20:431][277]LogModuleManager: Shutting down and abandoning module MeshMergeUtilities (181)
[2019.01.28-20.09.20:443][277]LogModuleManager: Shutting down and abandoning module MeshReductionInterface (180)
[2019.01.28-20.09.20:443][277]LogModuleManager: Shutting down and abandoning module SimplygonSwarm (179)
[2019.01.28-20.09.20:448][277]LogModuleManager: Shutting down and abandoning module ProxyLODMeshReduction (177)
[2019.01.28-20.09.20:461][277]LogModuleManager: Shutting down and abandoning module SimplygonMeshReduction (175)
[2019.01.28-20.09.20:461][277]LogModuleManager: Shutting down and abandoning module QuadricMeshReduction (173)
[2019.01.28-20.09.20:476][277]LogModuleManager: Shutting down and abandoning module MaterialBaking (169)
[2019.01.28-20.09.20:480][277]LogModuleManager: Shutting down and abandoning module DirectoryWatcher (165)
[2019.01.28-20.09.20:480][277]LogModuleManager: Shutting down and abandoning module DerivedDataCache (162)
[2019.01.28-20.09.20:490][277]LogDerivedDataCache: Shutdown
[2019.01.28-20.09.20:490][277]LogModuleManager: Shutting down and abandoning module XGEController (160)
[2019.01.28-20.09.20:490][277]LogXGEController: Cleaning working directory: C:/Users/Aislynn/AppData/Local/Temp/UnrealXGEWorkingDir/
[2019.01.28-20.09.20:498][277]LogModuleManager: Shutting down and abandoning module TargetPlatform (158)
[2019.01.28-20.09.20:498][277]LogModuleManager: Shutting down and abandoning module VulkanShaderFormat (157)
[2019.01.28-20.09.20:504][277]LogModuleManager: Shutting down and abandoning module ShaderFormatVectorVM (155)
[2019.01.28-20.09.20:518][277]LogModuleManager: Shutting down and abandoning module ShaderFormatOpenGL (153)
[2019.01.28-20.09.20:530][277]LogModuleManager: Shutting down and abandoning module ShaderFormatD3D (151)
[2019.01.28-20.09.20:530][277]LogModuleManager: Shutting down and abandoning module MetalShaderFormat (149)
[2019.01.28-20.09.20:544][277]LogModuleManager: Shutting down and abandoning module TextureFormatUncompressed (147)
[2019.01.28-20.09.20:544][277]LogModuleManager: Shutting down and abandoning module TextureFormatPVR (145)
[2019.01.28-20.09.20:544][277]LogModuleManager: Shutting down and abandoning module TextureFormatDXT (143)
[2019.01.28-20.09.20:544][277]LogModuleManager: Shutting down and abandoning module TextureFormatIntelISPCTexComp (141)
[2019.01.28-20.09.20:556][277]LogModuleManager: Shutting down and abandoning module TextureFormatASTC (139)
[2019.01.28-20.09.20:556][277]LogModuleManager: Shutting down and abandoning module ImageWrapper (138)
[2019.01.28-20.09.20:556][277]LogModuleManager: Shutting down and abandoning module TextureFormatAndroid (135)
[2019.01.28-20.09.20:556][277]LogModuleManager: Shutting down and abandoning module AudioFormatOpus (133)
[2019.01.28-20.09.20:556][277]LogModuleManager: Shutting down and abandoning module AudioFormatOgg (131)
[2019.01.28-20.09.20:556][277]LogModuleManager: Shutting down and abandoning module AudioFormatADPCM (129)
[2019.01.28-20.09.20:556][277]LogModuleManager: Shutting down and abandoning module LuminTargetPlatform (127)
[2019.01.28-20.09.20:556][277]LogModuleManager: Shutting down and abandoning module LinuxTargetPlatform (125)
[2019.01.28-20.09.20:556][277]LogModuleManager: Shutting down and abandoning module LinuxServerTargetPlatform (123)
[2019.01.28-20.09.20:556][277]LogModuleManager: Shutting down and abandoning module LinuxNoEditorTargetPlatform (121)
[2019.01.28-20.09.20:566][277]LogModuleManager: Shutting down and abandoning module LinuxClientTargetPlatform (119)
[2019.01.28-20.09.20:571][277]LogModuleManager: Shutting down and abandoning module TVOSTargetPlatform (117)
[2019.01.28-20.09.20:571][277]LogModuleManager: Shutting down and abandoning module Messaging (115)
[2019.01.28-20.09.20:571][277]LogModuleManager: Shutting down and abandoning module IOSTargetPlatform (113)
[2019.01.28-20.09.20:572][277]LogModuleManager: Shutting down and abandoning module HTML5TargetPlatform (111)
[2019.01.28-20.09.20:572][277]LogModuleManager: Shutting down and abandoning module AndroidTargetPlatform (109)
[2019.01.28-20.09.20:588][277]LogModuleManager: Shutting down and abandoning module WindowsTargetPlatform (107)
[2019.01.28-20.09.20:588][277]LogModuleManager: Shutting down and abandoning module WindowsServerTargetPlatform (105)
[2019.01.28-20.09.20:588][277]LogModuleManager: Shutting down and abandoning module WindowsNoEditorTargetPlatform (103)
[2019.01.28-20.09.20:588][277]LogModuleManager: Shutting down and abandoning module WindowsClientTargetPlatform (101)
[2019.01.28-20.09.20:588][277]LogModuleManager: Shutting down and abandoning module MacTargetPlatform (99)
[2019.01.28-20.09.20:588][277]LogModuleManager: Shutting down and abandoning module MacServerTargetPlatform (97)
[2019.01.28-20.09.20:588][277]LogModuleManager: Shutting down and abandoning module MacNoEditorTargetPlatform (95)
[2019.01.28-20.09.20:588][277]LogModuleManager: Shutting down and abandoning module MacClientTargetPlatform (93)
[2019.01.28-20.09.20:588][277]LogModuleManager: Shutting down and abandoning module AllDesktopTargetPlatform (91)
[2019.01.28-20.09.20:588][277]LogModuleManager: Shutting down and abandoning module InputCore (88)
[2019.01.28-20.09.20:588][277]LogModuleManager: Shutting down and abandoning module Settings (86)
[2019.01.28-20.09.20:588][277]LogModuleManager: Shutting down and abandoning module PhysXCooking (84)
[2019.01.28-20.09.20:588][277]LogModuleManager: Shutting down and abandoning module SteamVR (82)
[2019.01.28-20.09.20:588][277]LogModuleManager: Shutting down and abandoning module OculusHMD (80)
[2019.01.28-20.09.20:596][277]LogModuleManager: Shutting down and abandoning module ExampleDeviceProfileSelector (78)
[2019.01.28-20.09.20:596][277]LogModuleManager: Shutting down and abandoning module LauncherChunkInstaller (76)
[2019.01.28-20.09.20:596][277]LogModuleManager: Shutting down and abandoning module OnlineBlueprintSupport (74)
[2019.01.28-20.09.20:596][277]LogModuleManager: Shutting down and abandoning module OnlineSubsystem (70)
[2019.01.28-20.09.20:623][277]LogModuleManager: Shutting down and abandoning module XMPP (65)
[2019.01.28-20.09.20:650][277]LogModuleManager: Shutting down and abandoning module WebSockets (64)
[2019.01.28-20.09.20:681][277]LogModuleManager: Shutting down and abandoning module HTTP (61)
[2019.01.28-20.09.20:684][277]LogHttp: Display: Http module shutting down, but needs to wait on 1 outstanding Http requests:
[2019.01.28-20.09.20:684][277]LogHttp: Display: 	verb=[POST] url=[https://datarouter.ol.epicgames.com/datarouter/api/v1/public/data?SessionID=%7B70523CC4-4FCB-DAF3-6241-999F3688FC8A%7D&AppID=UEEditor.Rocket.Release&AppVersion=4.20.3-4369336%2B%2B%2BUE4%2BRelease-4.20&UserID=1800ad0a4dd5fdbc02bf95a92f21c0fd%7C06e05b5ece7642a1aa47cc4756b79281%7C46e6aaac-f8f5-4093-905c-57dca0aa7d9c&AppEnvironment=datacollector-binary&UploadType=eteventstream] status=Processing
[2019.01.28-20.09.20:701][277]LogModuleManager: Shutting down and abandoning module SSL (60)
[2019.01.28-20.09.20:712][277]LogModuleManager: Shutting down and abandoning module MagicLeapEmulator (56)
[2019.01.28-20.09.20:712][277]LogModuleManager: Shutting down and abandoning module MagicLeapPrivileges (54)
[2019.01.28-20.09.20:712][277]LogModuleManager: Shutting down and abandoning module MagicLeapIdentity (52)
[2019.01.28-20.09.20:712][277]LogModuleManager: Shutting down and abandoning module MagicLeapHelperVulkan (50)
[2019.01.28-20.09.20:712][277]LogModuleManager: Shutting down and abandoning module MagicLeapHelperOpenGL (48)
[2019.01.28-20.09.20:712][277]LogModuleManager: Shutting down and abandoning module MagicLeapSecureStorage (46)
[2019.01.28-20.09.20:712][277]LogModuleManager: Shutting down and abandoning module MagicLeapGestures (44)
[2019.01.28-20.09.20:712][277]LogModuleManager: Shutting down and abandoning module MagicLeapEyeTracker (42)
[2019.01.28-20.09.20:712][277]LogModuleManager: Shutting down and abandoning module MagicLeapController (40)
[2019.01.28-20.09.20:712][277]LogSlate: Slate User Destroyed.  User Index 0, Is Virtual User: 0
[2019.01.28-20.09.20:712][277]LogModuleManager: Shutting down and abandoning module MagicLeap (38)
[2019.01.28-20.09.20:712][277]LogModuleManager: Shutting down and abandoning module AnimationModifiers (36)
[2019.01.28-20.09.20:732][277]LogModuleManager: Shutting down and abandoning module PropertyEditor (35)
[2019.01.28-20.09.20:741][277]LogModuleManager: Shutting down and abandoning module AudioEditor (32)
[2019.01.28-20.09.20:754][277]LogModuleManager: Shutting down and abandoning module TextureCompressor (30)
[2019.01.28-20.09.20:754][277]LogModuleManager: Shutting down and abandoning module ShaderCore (28)
[2019.01.28-20.09.20:754][277]LogModuleManager: Shutting down and abandoning module Landscape (26)
[2019.01.28-20.09.20:754][277]LogModuleManager: Shutting down and abandoning module SlateRHIRenderer (24)
[2019.01.28-20.09.20:769][277]LogModuleManager: Shutting down and abandoning module OpenGLDrv (22)
[2019.01.28-20.09.20:774][277]LogModuleManager: Shutting down and abandoning module D3D11RHI (20)
[2019.01.28-20.09.20:774][277]LogModuleManager: Shutting down and abandoning module AnimGraphRuntime (18)
[2019.01.28-20.09.20:783][277]LogModuleManager: Shutting down and abandoning module Renderer (16)
[2019.01.28-20.09.20:783][277]LogModuleManager: Shutting down and abandoning module Engine (14)
[2019.01.28-20.09.20:783][277]LogModuleManager: Shutting down and abandoning module CoreUObject (12)
[2019.01.28-20.09.20:783][277]LogModuleManager: Shutting down and abandoning module NetworkFile (10)
[2019.01.28-20.09.20:793][277]LogModuleManager: Shutting down and abandoning module CookedIterativeFile (8)
[2019.01.28-20.09.20:793][277]LogModuleManager: Shutting down and abandoning module StreamingFile (6)
[2019.01.28-20.09.20:796][277]LogModuleManager: Shutting down and abandoning module SandboxFile (4)
[2019.01.28-20.09.20:796][277]LogModuleManager: Shutting down and abandoning module PakFile (2)
[2019.01.28-20.09.20:819][277]LogExit: Exiting.
[2019.01.28-20.09.20:835][277]Log file closed, 01/28/19 15:09:20
