Log file open, 04/10/19 20:17:22
LogWindows: Failed to load 'aqProf.dll' (GetLastError=126)
LogWindows: File 'aqProf.dll' does not exist
LogWindows: Failed to load 'VSPerf140.dll' (GetLastError=126)
LogWindows: File 'VSPerf140.dll' does not exist
LogWindows: Failed to load 'VtuneApi.dll' (GetLastError=126)
LogWindows: File 'VtuneApi.dll' does not exist
LogWindows: Failed to load 'VtuneApi32e.dll' (GetLastError=126)
LogWindows: File 'VtuneApi32e.dll' does not exist
LogInit: Display: Running engine for game: Dinochan_v001
LogPlatformFile: Not using cached read wrapper
LogTaskGraph: Started task graph with 5 named threads and 59 total threads with 3 sets of task threads.
LogStats: Stats thread started at 0.715976
LogD3D11RHI: Loaded GFSDK_Aftermath_Lib.x64.dll
LogICUInternationalization: Display: ICU TimeZone Detection - Raw Offset: -5:00, Platform Override: ''
LogPluginManager: Mounting plugin Paper2D
LogPluginManager: Mounting plugin AISupport
LogPluginManager: Mounting plugin LightPropagationVolume
LogPluginManager: Mounting plugin CLionSourceCodeAccess
LogPluginManager: Mounting plugin CodeLiteSourceCodeAccess
LogPluginManager: Mounting plugin GitSourceControl
LogPluginManager: Mounting plugin KDevelopSourceCodeAccess
LogPluginManager: Mounting plugin NullSourceCodeAccess
LogPluginManager: Mounting plugin PerforceSourceControl
LogPluginManager: Mounting plugin SubversionSourceControl
LogPluginManager: Mounting plugin UObjectPlugin
LogPluginManager: Mounting plugin VisualStudioCodeSourceCodeAccess
LogPluginManager: Mounting plugin VisualStudioSourceCodeAccess
LogPluginManager: Mounting plugin XCodeSourceCodeAccess
LogPluginManager: Mounting plugin AssetManagerEditor
LogPluginManager: Mounting plugin CryptoKeys
LogPluginManager: Mounting plugin DataValidation
LogPluginManager: Mounting plugin FacialAnimation
LogPluginManager: Mounting plugin GameplayTagsEditor
LogPluginManager: Mounting plugin MacGraphicsSwitching
LogPluginManager: Mounting plugin MeshEditor
LogPluginManager: Mounting plugin MobileLauncherProfileWizard
LogPluginManager: Mounting plugin PluginBrowser
LogPluginManager: Mounting plugin SpeedTreeImporter
LogPluginManager: Mounting plugin DatasmithContent
LogPluginManager: Mounting plugin AlembicImporter
LogPluginManager: Mounting plugin AppleImageUtils
LogPluginManager: Mounting plugin AppleVision
LogPluginManager: Mounting plugin BackChannel
LogPluginManager: Mounting plugin CharacterAI
LogPluginManager: Mounting plugin GeometryCache
LogPluginManager: Mounting plugin HTML5Networking
LogPluginManager: Mounting plugin ProxyLODPlugin
LogPluginManager: Mounting plugin MagicLeap
LogPluginManager: Mounting plugin MagicLeapEmulator
LogPluginManager: Mounting plugin MagicLeapMedia
LogPluginManager: Mounting plugin AndroidMedia
LogPluginManager: Mounting plugin AvfMedia
LogPluginManager: Mounting plugin ImgMedia
LogPluginManager: Mounting plugin LinearTimecode
LogPluginManager: Mounting plugin MediaCompositing
LogPluginManager: Mounting plugin MediaPlayerEditor
LogPluginManager: Mounting plugin WmfMedia
LogPluginManager: Mounting plugin TcpMessaging
LogPluginManager: Mounting plugin UdpMessaging
LogPluginManager: Mounting plugin ActorSequence
LogPluginManager: Mounting plugin LevelSequenceEditor
LogPluginManager: Mounting plugin MatineeToLevelSequence
LogPluginManager: Mounting plugin NetcodeUnitTest
LogPluginManager: Mounting plugin NUTUnrealEngine4
LogPluginManager: Mounting plugin OnlineSubsystemGooglePlay
LogPluginManager: Mounting plugin OnlineSubsystemIOS
LogPluginManager: Mounting plugin OnlineSubsystem
LogPluginManager: Mounting plugin OnlineSubsystemNull
LogPluginManager: Mounting plugin OnlineSubsystemUtils
LogPluginManager: Mounting plugin LauncherChunkInstaller
LogPluginManager: Mounting plugin AndroidDeviceProfileSelector
LogPluginManager: Mounting plugin AndroidMoviePlayer
LogPluginManager: Mounting plugin AndroidPermission
LogPluginManager: Mounting plugin AppleMoviePlayer
LogPluginManager: Mounting plugin ArchVisCharacter
LogPluginManager: Mounting plugin AudioCapture
LogPluginManager: Mounting plugin CableComponent
LogPluginManager: Mounting plugin CustomMeshComponent
LogPluginManager: Mounting plugin EditableMesh
LogPluginManager: Mounting plugin ExampleDeviceProfileSelector
LogPluginManager: Mounting plugin GoogleCloudMessaging
LogPluginManager: Mounting plugin ImmediatePhysics
LogPluginManager: Mounting plugin IOSDeviceProfileSelector
LogPluginManager: Mounting plugin LinuxDeviceProfileSelector
LogPluginManager: Mounting plugin LocationServicesBPLibrary
LogPluginManager: Mounting plugin MobilePatchingUtils
LogPluginManager: Mounting plugin OculusVR
LogPluginManager: Plugin shader directory ../../../Engine/Plugins/Runtime/Oculus/OculusVR/Shaders found
LogPluginManager: Mapping shader source directory ../../../Engine/Plugins/Runtime/Oculus/OculusVR/Shaders to virtual directory /Plugin/OculusVR
LogPluginManager: Mounting plugin PhysXVehicles
LogPluginManager: Mounting plugin ProceduralMeshComponent
LogPluginManager: Mounting plugin RuntimePhysXCooking
LogPluginManager: Mounting plugin SteamVR
LogPluginManager: Mounting plugin WindowsMoviePlayer
LogStreaming: Display: Took  0.154s to configure plugins.
LogInit: Using libcurl 7.55.1-DEV
LogInit:  - built for x86_64-pc-win32
LogInit:  - supports SSL with OpenSSL/1.0.2h
LogInit:  - supports HTTP deflate (compression) using libz 1.2.8
LogInit:  - other features:
LogInit:      CURL_VERSION_SSL
LogInit:      CURL_VERSION_LIBZ
LogInit:      CURL_VERSION_IPV6
LogInit:      CURL_VERSION_ASYNCHDNS
LogInit:      CURL_VERSION_LARGEFILE
LogInit:      CURL_VERSION_IDN
LogInit:  CurlRequestOptions (configurable via config and command line):
LogInit:  - bVerifyPeer = false  - Libcurl will NOT verify peer certificate
LogInit:  - bUseHttpProxy = false  - Libcurl will NOT use HTTP proxy
LogInit:  - bDontReuseConnections = false  - Libcurl will reuse connections
LogInit:  - CertBundlePath = nullptr  - Libcurl will use whatever was configured at build time.
LogInit:  - MaxHostConnections = 16  - Libcurl will limit the number of connections to a host
LogInit:  - LocalHostAddr = Default
LogInit:  - BufferSize = 65536
LogInit: WinSock: version 1.1 (2.2), MaxSocks=32767, MaxUdp=65467
LogInit: Build: ++UE4+Release-4.20-CL-4233996
LogInit: Engine Version: 4.20.1-4233996+++UE4+Release-4.20
LogInit: Compatible Engine Version: 4.20.0-4212847+++UE4+Release-4.20
LogInit: Net CL: 4212847
LogInit: OS: Windows 10 (), CPU: Intel(R) Xeon(R) CPU E5-2630 v4 @ 2.20GHz, GPU: NVIDIA Quadro P5000
LogInit: Compiled (64-bit): Jul 26 2018 10:07:30
LogInit: Compiled with Visual C++: 19.13.26129.00
LogInit: Build Configuration: Development
LogInit: Branch Name: ++UE4+Release-4.20
LogInit: Command Line: 
LogInit: Base Directory: C:/Program Files/Epic Games/UE_4.20/Engine/Binaries/Win64/
LogInit: Installed Engine Build: 1
LogDevObjectVersion: Number of dev versions registered: 20
LogDevObjectVersion:   Dev-Blueprints (B0D832E4-1F89-4F0D-ACCF-7EB736FD4AA2): 10
LogDevObjectVersion:   Dev-Build (E1C64328-A22C-4D53-A36C-8E866417BD8C): 0
LogDevObjectVersion:   Dev-Core (375EC13C-06E4-48FB-B500-84F0262A717E): 2
LogDevObjectVersion:   Dev-Editor (E4B068ED-F494-42E9-A231-DA0B2E46BB41): 24
LogDevObjectVersion:   Dev-Framework (CFFC743F-43B0-4480-9391-14DF171D2073): 34
LogDevObjectVersion:   Dev-Mobile (B02B49B5-BB20-44E9-A304-32B752E40360): 2
LogDevObjectVersion:   Dev-Networking (A4E4105C-59A1-49B5-A7C5-40C4547EDFEE): 0
LogDevObjectVersion:   Dev-Online (39C831C9-5AE6-47DC-9A44-9C173E1C8E7C): 0
LogDevObjectVersion:   Dev-Physics (78F01B33-EBEA-4F98-B9B4-84EACCB95AA2): 0
LogDevObjectVersion:   Dev-Platform (6631380F-2D4D-43E0-8009-CF276956A95A): 0
LogDevObjectVersion:   Dev-Rendering (12F88B9F-8875-4AFC-A67C-D90C383ABD29): 26
LogDevObjectVersion:   Dev-Sequencer (7B5AE74C-D270-4C10-A958-57980B212A5A): 9
LogDevObjectVersion:   Dev-VR (D7296918-1DD6-4BDD-9DE2-64A83CC13884): 2
LogDevObjectVersion:   Dev-LoadTimes (C2A15278-BFE7-4AFE-6C17-90FF531DF755): 1
LogDevObjectVersion:   Private-Geometry (6EACA3D4-40EC-4CC1-B786-8BED09428FC5): 3
LogDevObjectVersion:   Dev-AnimPhys (29E575DD-E0A3-4627-9D10-D276232CDCEA): 17
LogDevObjectVersion:   Dev-ReflectionCapture (6B266CEC-1EC7-4B8F-A30B-E4D90942FC07): 1
LogDevObjectVersion:   Dev-Automation (0DF73D61-A23F-47EA-B727-89E90C41499A): 1
LogDevObjectVersion:   FortniteMain (601D1886-AC64-4F84-AA16-D3DE0DEAC7D6): 12
LogDevObjectVersion:   Dev-Enterprise (9DFFBCD6-494F-0158-E221-12823C92A888): 1
LogStreaming: Display: Took  0.010s to delete old logs.
LogInit: Presizing for max 8388607 objects, including 0 objects not considered by GC, pre-allocating 0 bytes for permanent pool.
LogInit: Object subsystem initialized
[2019.04.11-00.17.22:810][  0]LogInit: Selected Device Profile: [Windows]
[2019.04.11-00.17.22:810][  0]LogInit: Applying CVar settings loaded from the selected device profile: [Windows]
[2019.04.11-00.17.22:829][  0]LogHAL: Display: Platform has ~ 32 GB [34277924864 / 34359738368 / 32], which maps to Largest [LargestMinGB=32, LargerMinGB=12, DefaultMinGB=8, SmallerMinGB=6, SmallestMinGB=0)
[2019.04.11-00.17.22:829][  0]LogInit: Setting Device Profile CVar: [[r.Vulkan.UseRealUBs:1]]
[2019.04.11-00.17.22:829][  0]LogInit: Going up to parent DeviceProfile []
[2019.04.11-00.17.22:829][  0]LogInit: Computer: ATC-174-14
[2019.04.11-00.17.22:829][  0]LogInit: User: modderd1
[2019.04.11-00.17.22:829][  0]LogInit: CPU Page size=4096, Cores=10
[2019.04.11-00.17.22:829][  0]LogInit: High frequency timer resolution =2.143474 MHz
[2019.04.11-00.17.22:830][  0]LogMemory: Memory total: Physical=31.9GB (32GB approx)
[2019.04.11-00.17.22:830][  0]LogMemory: Platform Memory Stats for Windows
[2019.04.11-00.17.22:830][  0]LogMemory: Process Physical Memory: 104.12 MB used, 104.12 MB peak
[2019.04.11-00.17.22:830][  0]LogMemory: Process Virtual Memory: 95.99 MB used, 95.99 MB peak
[2019.04.11-00.17.22:830][  0]LogMemory: Physical Memory: 7004.93 MB used,  25685.05 MB free, 32689.98 MB total
[2019.04.11-00.17.22:830][  0]LogMemory: Virtual Memory: 599.00 MB used,  25685.05 MB free, 134217728.00 MB total
[2019.04.11-00.17.22:859][  0]LogInit: Using OS detected language (en-US).
[2019.04.11-00.17.22:859][  0]LogInit: Using OS detected locale (en-US).
[2019.04.11-00.17.22:861][  0]LogTextLocalizationManager: No specific localization for 'en-US' exists, so the 'en' localization will be used.
[2019.04.11-00.17.23:311][  0]LogStreaming: Display: Took  0.451s to InitEngineTextLocalization.
[2019.04.11-00.17.23:311][  0]LogInit: Setting process to per monitor DPI aware
[2019.04.11-00.17.23:378][  0]LogSlate: New Slate User Created.  User Index 0, Is Virtual User: 0
[2019.04.11-00.17.23:378][  0]LogSlate: Slate User Registered.  User Index 0, Is Virtual User: 0
[2019.04.11-00.17.23:666][  0]LogHMD: Failed to initialize OpenVR with code 110
[2019.04.11-00.17.23:666][  0]LogD3D11RHI: D3D11 adapters:
[2019.04.11-00.17.23:739][  0]LogD3D11RHI:    0. 'NVIDIA Quadro P5000' (Feature Level 11_0)
[2019.04.11-00.17.23:739][  0]LogD3D11RHI:       16255/0/16344 MB DedicatedVideo/DedicatedSystem/SharedSystem, Outputs:2, VendorId:0x10de
[2019.04.11-00.17.23:742][  0]LogD3D11RHI:    1. 'Microsoft Basic Render Driver' (Feature Level 11_0)
[2019.04.11-00.17.23:742][  0]LogD3D11RHI:       0/0/16344 MB DedicatedVideo/DedicatedSystem/SharedSystem, Outputs:0, VendorId:0x1414
[2019.04.11-00.17.23:742][  0]LogD3D11RHI: Chosen D3D11 Adapter: 0
[2019.04.11-00.17.23:750][  0]LogD3D11RHI: Creating new Direct3DDevice
[2019.04.11-00.17.23:750][  0]LogD3D11RHI:     GPU DeviceId: 0x1bb0 (for the marketing name, search the web for "GPU Device Id")
[2019.04.11-00.17.23:750][  0]LogWindows: EnumDisplayDevices:
[2019.04.11-00.17.23:750][  0]LogWindows:    0. 'NVIDIA Quadro P5000' (P:1 D:1)
[2019.04.11-00.17.23:750][  0]LogWindows:    1. 'NVIDIA Quadro P5000' (P:0 D:1)
[2019.04.11-00.17.23:750][  0]LogWindows:    2. 'NVIDIA Quadro P5000' (P:0 D:0)
[2019.04.11-00.17.23:751][  0]LogWindows:    3. 'NVIDIA Quadro P5000' (P:0 D:0)
[2019.04.11-00.17.23:751][  0]LogWindows: DebugString: FoundDriverCount:4 
[2019.04.11-00.17.23:751][  0]LogD3D11RHI:     Adapter Name: NVIDIA Quadro P5000
[2019.04.11-00.17.23:751][  0]LogD3D11RHI:   Driver Version: 397.93 (internal:24.21.13.9793, unified:397.93)
[2019.04.11-00.17.23:751][  0]LogD3D11RHI:      Driver Date: 5-22-2018
[2019.04.11-00.17.23:751][  0]LogRHI: Texture pool is 11378 MB (70% of 16255 MB)
[2019.04.11-00.17.23:800][  0]LogD3D11RHI: Async texture creation enabled
[2019.04.11-00.17.23:825][  0]LogD3D11RHI: GPU Timing Frequency: 1000.000000 (Debug: 2 2)
[2019.04.11-00.17.23:830][  0]LogShaderCompilers: Guid format shader working directory is -23 characters bigger than the processId version (../../../../../../Users/modderd1/Desktop/Dinochan/Dinochan_v001_UE4.20.3/Intermediate/Shaders/WorkingDirectory/5124/).
[2019.04.11-00.17.23:830][  0]LogShaderCompilers: Cleaned the shader compiler working directory 'C:/Users/modderd1/AppData/Local/Temp/UnrealShaderWorkingDir/48CFA57F47C9C8F24A98A992E7ED5350/'.
[2019.04.11-00.17.24:104][  0]LogTemp: Display: Loaded TP AllDesktopTargetPlatform
[2019.04.11-00.17.24:124][  0]LogTemp: Display: Loaded TP MacClientTargetPlatform
[2019.04.11-00.17.24:152][  0]LogTemp: Display: Loaded TP MacNoEditorTargetPlatform
[2019.04.11-00.17.24:175][  0]LogTemp: Display: Loaded TP MacServerTargetPlatform
[2019.04.11-00.17.24:196][  0]LogTemp: Display: Loaded TP MacTargetPlatform
[2019.04.11-00.17.24:216][  0]LogTemp: Display: Loaded TP WindowsClientTargetPlatform
[2019.04.11-00.17.24:248][  0]LogTemp: Display: Loaded TP WindowsNoEditorTargetPlatform
[2019.04.11-00.17.24:267][  0]LogTemp: Display: Loaded TP WindowsServerTargetPlatform
[2019.04.11-00.17.24:279][  0]LogTemp: Display: Loaded TP WindowsTargetPlatform
[2019.04.11-00.17.24:404][  0]LogTemp: Display: Loaded TP AndroidTargetPlatform
[2019.04.11-00.17.24:404][  0]LogTemp: Display: Loaded TP AndroidTargetPlatform
[2019.04.11-00.17.24:404][  0]LogTemp: Display: Loaded TP AndroidTargetPlatform
[2019.04.11-00.17.24:404][  0]LogTemp: Display: Loaded TP AndroidTargetPlatform
[2019.04.11-00.17.24:404][  0]LogTemp: Display: Loaded TP AndroidTargetPlatform
[2019.04.11-00.17.24:404][  0]LogTemp: Display: Loaded TP AndroidTargetPlatform
[2019.04.11-00.17.24:404][  0]LogTemp: Display: Loaded TP AndroidTargetPlatform
[2019.04.11-00.17.24:404][  0]LogTemp: Display: Loaded TP AndroidTargetPlatform
[2019.04.11-00.17.24:404][  0]LogTemp: Display: Loaded TP AndroidTargetPlatform
[2019.04.11-00.17.24:404][  0]LogTemp: Display: Loaded TP AndroidTargetPlatform
[2019.04.11-00.17.24:404][  0]LogTemp: Display: Loaded TP AndroidTargetPlatform
[2019.04.11-00.17.24:404][  0]LogTemp: Display: Loaded TP AndroidTargetPlatform
[2019.04.11-00.17.24:404][  0]LogTemp: Display: Loaded TP AndroidTargetPlatform
[2019.04.11-00.17.24:404][  0]LogTemp: Display: Loaded TP AndroidTargetPlatform
[2019.04.11-00.17.24:404][  0]LogTemp: Display: Loaded TP AndroidTargetPlatform
[2019.04.11-00.17.24:404][  0]LogTemp: Display: Loaded TP AndroidTargetPlatform
[2019.04.11-00.17.24:404][  0]LogTemp: Display: Loaded TP AndroidTargetPlatform
[2019.04.11-00.17.24:404][  0]LogTemp: Display: Loaded TP AndroidTargetPlatform
[2019.04.11-00.17.24:406][  0]LogTemp: Display: Loaded TP HTML5TargetPlatform
[2019.04.11-00.17.24:473][  0]LogTemp: Display: Loaded TP IOSTargetPlatform
[2019.04.11-00.17.24:473][  0]LogTemp: Display: Loaded TP IOSTargetPlatform
[2019.04.11-00.17.24:528][  0]LogTemp: Display: Loaded TP TVOSTargetPlatform
[2019.04.11-00.17.24:528][  0]LogTemp: Display: Loaded TP TVOSTargetPlatform
[2019.04.11-00.17.24:547][  0]LogTemp: Display: Loaded TP LinuxClientTargetPlatform
[2019.04.11-00.17.24:566][  0]LogTemp: Display: Loaded TP LinuxNoEditorTargetPlatform
[2019.04.11-00.17.24:585][  0]LogTemp: Display: Loaded TP LinuxServerTargetPlatform
[2019.04.11-00.17.24:604][  0]LogTemp: Display: Loaded TP LinuxTargetPlatform
[2019.04.11-00.17.24:618][  0]LogTemp: Display: Loaded TP LuminTargetPlatform
[2019.04.11-00.17.24:619][  0]LogTargetPlatformManager: Display: Building Assets For Windows
[2019.04.11-00.17.24:732][  0]LogXGEController: Cannot use XGE Controller as Incredibuild is not installed on this machine.
[2019.04.11-00.17.24:732][  0]LogShaderCompilers: Cannot use XGE Shader Compiler as Incredibuild is not installed on this machine.
[2019.04.11-00.17.24:732][  0]LogShaderCompilers: Display: Using Local Shader Compiler.
[2019.04.11-00.17.25:836][  0]LogDerivedDataCache: Display: Max Cache Size: 512 MB
[2019.04.11-00.17.25:931][  0]LogDerivedDataCache: Loaded boot cache 0.10s 87MB C:/Users/modderd1/AppData/Local/UnrealEngine/4.20/DerivedDataCache/Boot.ddc.
[2019.04.11-00.17.25:932][  0]LogDerivedDataCache: Display: Loaded Boot cache: C:/Users/modderd1/AppData/Local/UnrealEngine/4.20/DerivedDataCache/Boot.ddc
[2019.04.11-00.17.25:932][  0]LogDerivedDataCache: FDerivedDataBackendGraph:  Pak pak cache file ../../../../../../Users/modderd1/Desktop/Dinochan/Dinochan_v001_UE4.20.3/DerivedDataCache/DDC.ddp not found, will not use a pak cache.
[2019.04.11-00.17.25:932][  0]LogDerivedDataCache: Unable to find inner node Pak for hierarchical cache Hierarchy.
[2019.04.11-00.17.25:932][  0]LogDerivedDataCache: FDerivedDataBackendGraph:  CompressedPak pak cache file ../../../../../../Users/modderd1/Desktop/Dinochan/Dinochan_v001_UE4.20.3/DerivedDataCache/Compressed.ddp not found, will not use a pak cache.
[2019.04.11-00.17.25:932][  0]LogDerivedDataCache: Unable to find inner node CompressedPak for hierarchical cache Hierarchy.
[2019.04.11-00.17.25:957][  0]LogDerivedDataCache: Display: Pak cache opened for reading ../../../Engine/DerivedDataCache/Compressed.ddp.
[2019.04.11-00.17.25:970][  0]LogDerivedDataCache: Using Local data cache path C:/Users/modderd1/AppData/Local/UnrealEngine/Common/DerivedDataCache: Writable
[2019.04.11-00.17.25:970][  0]LogDerivedDataCache: Shared data cache path not found in *engine.ini, will not use an Shared cache.
[2019.04.11-00.17.25:970][  0]LogDerivedDataCache: Unable to find inner node Shared for hierarchical cache Hierarchy.
[2019.04.11-00.17.25:992][  0]LogMaterial: Verifying Global Shaders for PCD3D_SM5
[2019.04.11-00.17.25:994][  0]LogSlate: Using FreeType 2.6.0
[2019.04.11-00.17.25:995][  0]LogSlate: SlateFontServices - WITH_FREETYPE: 1, WITH_HARFBUZZ: 1
[2019.04.11-00.17.26:098][  0]LogAssetRegistry: FAssetRegistry took 0.0292 seconds to start up
[2019.04.11-00.17.26:594][  0]LogInit: Selected Device Profile: [Windows]
[2019.04.11-00.17.26:812][  0]LogSimplygon: Simplygon DLL not present - disabling.
[2019.04.11-00.17.26:817][  0]LogMeshReduction: Using SimplygonSwarm for distributed automatic mesh merging
[2019.04.11-00.17.26:817][  0]LogMeshReduction: Using ProxyLODMeshReduction for automatic mesh merging
[2019.04.11-00.17.26:817][  0]LogMeshReduction: Using QuadricMeshReduction for automatic static mesh reduction
[2019.04.11-00.17.26:817][  0]LogMeshReduction: No automatic skeletal mesh reduction module available
[2019.04.11-00.17.26:846][  0]LogNetVersion: Dinochan_v001 1.0.0, NetCL: 4212847, EngineNetVer: 5, GameNetVer: 0 (Checksum: 2574802920)
[2019.04.11-00.17.27:608][  0]LogPackageLocalizationCache: Processed 11 localized package path(s) for 2 prioritized culture(s) in 0.213715 seconds
[2019.04.11-00.17.27:614][  0]LogUObjectArray: 38425 objects as part of root set at end of initial load.
[2019.04.11-00.17.27:614][  0]LogUObjectAllocator: 6690864 out of 0 bytes used by permanent object pool.
[2019.04.11-00.17.27:614][  0]LogUObjectArray: CloseDisregardForGC: 0/0 objects in disregard for GC pool
[2019.04.11-00.17.28:758][  0]LogTcpMessaging: Initializing TcpMessaging bridge
[2019.04.11-00.17.28:771][  0]LogUdpMessaging: Initializing bridge on interface 0.0.0.0:0 to multicast group 230.0.0.1:6666.
[2019.04.11-00.17.28:942][  0]SourceControl: Source control is disabled
[2019.04.11-00.17.28:942][  0]SourceControl: Source control is disabled
[2019.04.11-00.17.28:944][  0]SourceControl: Source control is disabled
[2019.04.11-00.17.28:945][  0]SourceControl: Source control is disabled
[2019.04.11-00.17.29:123][  0]LogAndroidPermission: UAndroidPermissionCallbackProxy::GetInstance
[2019.04.11-00.17.29:177][  0]LogOcInput: OculusInput pre-init called
[2019.04.11-00.17.29:267][  0]LogEngine: Initializing Engine...
[2019.04.11-00.17.29:268][  0]LogHMD: Failed to initialize OpenVR with code 110
[2019.04.11-00.17.29:270][  0]LogStats: UGameplayTagsManager::ConstructGameplayTagTree: ImportINI prefixes -  0.000 s
[2019.04.11-00.17.29:270][  0]LogStats: UGameplayTagsManager::ConstructGameplayTagTree: Construct from data asset -  0.000 s
[2019.04.11-00.17.29:270][  0]LogStats: UGameplayTagsManager::ConstructGameplayTagTree: ImportINI -  0.000 s
[2019.04.11-00.17.29:270][  0]LogStats: UGameplayTagsManager::ConstructGameplayTagTree: GameplayTagTreeChangedEvent.Broadcast -  0.000 s
[2019.04.11-00.17.29:565][  0]LogInit: Initializing FReadOnlyCVARCache
[2019.04.11-00.17.29:592][  0]LogAIModule: Creating AISystem for world Untitled
[2019.04.11-00.17.29:599][  0]LogInit: XAudio2 using 'Speakers (High Definition Audio Device)' : 2 channels at 48 kHz using 16 bits per sample (channel mask 0x3)
[2019.04.11-00.17.29:632][  0]LogInit: FAudioDevice initialized.
[2019.04.11-00.17.29:632][  0]LogNetVersion: Set ProjectVersion to 1.0.0.0. Version Checksum will be recalculated on next use.
[2019.04.11-00.17.29:839][  0]LogDerivedDataCache: Saved boot cache 0.21s 71MB C:/Users/modderd1/AppData/Local/UnrealEngine/4.20/DerivedDataCache/Boot.ddc.
[2019.04.11-00.17.29:852][  0]LogInit: Texture streaming: Enabled
[2019.04.11-00.17.29:874][  0]LogEngineSessionManager: EngineSessionManager initialized
[2019.04.11-00.17.29:892][  0]LogInit: Transaction tracking system initialized
[2019.04.11-00.17.29:934][  0]BlueprintLog: New page: Editor Load
[2019.04.11-00.17.30:046][  0]LocalizationService: Localization service is disabled
[2019.04.11-00.17.30:364][  0]LogCook: Display: Max memory allowance for cook 16384mb min free memory 0mb
[2019.04.11-00.17.30:364][  0]LogCook: Display: Mobile HDR setting 1
[2019.04.11-00.17.30:364][  0]LogGameplayTags: Display: UGameplayTagsManager::DoneAddingNativeTags. DelegateIsBound: 0
[2019.04.11-00.17.30:365][  0]LogStats: UGameplayTagsManager::ConstructGameplayTagTree: ImportINI prefixes -  0.000 s
[2019.04.11-00.17.30:365][  0]LogStats: UGameplayTagsManager::ConstructGameplayTagTree: Construct from data asset -  0.000 s
[2019.04.11-00.17.30:365][  0]LogStats: UGameplayTagsManager::ConstructGameplayTagTree: ImportINI -  0.000 s
[2019.04.11-00.17.30:365][  0]LogStats: UGameplayTagsManager::ConstructGameplayTagTree: GameplayTagTreeChangedEvent.Broadcast -  0.000 s
[2019.04.11-00.17.30:522][  0]LogFileCache: Scanning file cache for directory 'C:/Users/modderd1/Desktop/Dinochan/Dinochan_v001_UE4.20.3/Content/' took 0.03s
[2019.04.11-00.17.30:532][  0]SourceControl: Source control is disabled
[2019.04.11-00.17.30:532][  0]Cmd: MAP LOAD FILE="../../../../../../Users/modderd1/Desktop/Dinochan/Dinochan_v001_UE4.20.3/Content/_Maps/SharedLevel/Persistant_Empty.umap" TEMPLATE=0 SHOWPROGRESS=1 FEATURELEVEL=3
[2019.04.11-00.17.30:533][  0]LightingResults: New page: Lighting Build
[2019.04.11-00.17.30:536][  0]MapCheck: New page: Map Check
[2019.04.11-00.17.30:537][  0]LightingResults: New page: Lighting Build
[2019.04.11-00.17.30:629][  0]LogAIModule: Creating AISystem for world Persistant_Empty
[2019.04.11-00.17.30:630][  0]LogStreaming: Display: ULevelStreaming::RequestLevel(/Game/_Maps/SharedLevel/AssetLevel) is flushing async loading
[2019.04.11-00.17.30:630][  0]LogStreaming: Display: Flushing async loaders.
[2019.04.11-00.17.31:386][  0]LogStreaming: Display: ULevelStreaming::RequestLevel(/Game/_Maps/SharedLevel/Cine_Level) is flushing async loading
[2019.04.11-00.17.31:535][  0]LogStreaming: Display: ULevelStreaming::RequestLevel(/Game/_Maps/SharedLevel/BP_Level) is flushing async loading
[2019.04.11-00.17.31:768][  0]LogEditorServer: Finished looking for orphan Actors (0.000 secs)
[2019.04.11-00.17.31:825][  0]Cmd: MAP CHECKDEP NOCLEARLOG
[2019.04.11-00.17.31:959][  0]MapCheck: Map check complete: 0 Error(s), 0 Warning(s), took 134.325ms to complete.
[2019.04.11-00.17.31:959][  0]LogFileHelpers: Loading map 'Persistant_Empty' took 1.427
[2019.04.11-00.17.32:126][  0]LogSlate: Updating window title bar state: overlay mode, drag disabled, window buttons hidden, title bar hidden
[2019.04.11-00.17.32:136][  0]LogSlate: Updating window title bar state: overlay mode, drag disabled, window buttons hidden, title bar hidden
[2019.04.11-00.17.32:153][  0]LogSlate: Updating window title bar state: overlay mode, drag disabled, window buttons hidden, title bar hidden
[2019.04.11-00.17.32:171][  0]LogSlate: Updating window title bar state: overlay mode, drag disabled, window buttons hidden, title bar hidden
[2019.04.11-00.17.32:180][  0]LogCollectionManager: Loaded 0 collections in 0.002499 seconds
[2019.04.11-00.17.32:242][  0]LogFileCache: Scanning file cache for directory 'C:/Users/modderd1/Desktop/Dinochan/Dinochan_v001_UE4.20.3/Saved/Collections/' took 0.01s
[2019.04.11-00.17.32:242][  0]LogFileCache: Scanning file cache for directory 'C:/Users/modderd1/Desktop/Dinochan/Dinochan_v001_UE4.20.3/Content/Developers/modderd1/Collections/' took 0.01s
[2019.04.11-00.17.32:242][  0]LogFileCache: Scanning file cache for directory 'C:/Users/modderd1/Desktop/Dinochan/Dinochan_v001_UE4.20.3/Content/Collections/' took 0.01s
[2019.04.11-00.17.32:242][  0]LogCollectionManager: Rebuilt the GUID cache for 0 collections in 0.000000 seconds
[2019.04.11-00.17.32:256][  0]LogContentBrowser: Native class hierarchy populated in 0.0141 seconds. Added 2572 classes and 603 folders.
[2019.04.11-00.17.32:268][  0]LogContentBrowser: Native class hierarchy updated for 'WidgetCarousel' in 0.0004 seconds. Added 0 classes and 0 folders.
[2019.04.11-00.17.32:335][  0]LogContentBrowser: Native class hierarchy updated for 'AddContentDialog' in 0.0003 seconds. Added 0 classes and 0 folders.
[2019.04.11-00.17.32:341][  0]LogContentBrowser: Native class hierarchy updated for 'SceneOutliner' in 0.0004 seconds. Added 1 classes and 2 folders.
[2019.04.11-00.17.32:368][  0]LogContentBrowser: Native class hierarchy updated for 'WorldBrowser' in 0.0004 seconds. Added 2 classes and 3 folders.
[2019.04.11-00.17.32:490][  0]LogSlate: Took 0.000345 seconds to synchronously load lazily loaded font '../../../Engine/Content/Slate/Fonts/Roboto-Regular.ttf' (155K)
[2019.04.11-00.17.32:495][  0]LogSlate: Took 0.000346 seconds to synchronously load lazily loaded font '../../../Engine/Content/Slate/Fonts/Roboto-Bold.ttf' (160K)
[2019.04.11-00.17.32:504][  0]LogSlate: Took 0.000265 seconds to synchronously load lazily loaded font '../../../Engine/Content/Editor/Slate/Fonts/FontAwesome.ttf' (139K)
[2019.04.11-00.17.32:581][  0]LogRenderer: Reallocating scene render targets to support 1208x576 Format 10 NumSamples 1 (Frame:1).
[2019.04.11-00.17.32:735][  0]LogContentBrowser: Native class hierarchy updated for 'HierarchicalLODOutliner' in 0.0006 seconds. Added 0 classes and 0 folders.
[2019.04.11-00.17.32:735][  0]LogLoad: (Engine Initialization) Total time: 12.96 seconds
[2019.04.11-00.17.32:735][  0]LogLoad: (Engine Initialization) Total Blueprint compile time: 0.00 seconds
[2019.04.11-00.17.32:748][  0]LogWindowsTextInputMethodSystem: Display: IME system now deactivated.
[2019.04.11-00.17.32:786][  0]LogContentStreaming: Texture pool size now 3000 MB
[2019.04.11-00.17.32:807][  0]LogSlate: Took 0.000195 seconds to synchronously load lazily loaded font '../../../Engine/Content/Slate/Fonts/Roboto-Light.ttf' (167K)
[2019.04.11-00.17.32:869][  2]LogAssetRegistry: Asset discovery search completed in 6.7937 seconds
[2019.04.11-00.17.32:873][  2]LogCollectionManager: Rebuilt the object cache for 0 collections in 0.000001 seconds (found 0 objects)
[2019.04.11-00.17.32:873][  2]LogCollectionManager: Fixed up redirectors for 0 collections in 0.000068 seconds (updated 0 objects)
[2019.04.11-00.17.33:807][100]LogSlate: Took 0.000198 seconds to synchronously load lazily loaded font '../../../Engine/Content/Slate/Fonts/Roboto-Light.ttf' (167K)
[2019.04.11-00.17.37:417][513]LogSlate: FSceneViewport::OnFocusLost() reason 0
[2019.04.11-00.17.37:828][562]LogFileCache: Retrieving MD5 hashes for directory 'C:/Users/modderd1/Desktop/Dinochan/Dinochan_v001_UE4.20.3/Content/' took 5.07s
[2019.04.11-00.17.51:996][225]LogEditorViewport: Clicking on Actor (LMB): LevelSequenceActor (Scene1)
[2019.04.11-00.17.51:996][225]LogEditorSelectUtils: Warning: SelectActor: The requested operation could not be completed because the level is locked. (Scene1)
[2019.04.11-00.17.52:719][311]LogEditorViewport: Clicking on Actor (LMB): Level_C (Level)
[2019.04.11-00.17.55:364][603]LogSlate: FSceneViewport::OnFocusLost() reason 0
[2019.04.11-00.18.50:868][973]LogSlate: Took 0.000428 seconds to synchronously load lazily loaded font '../../../Engine/Content/Slate/Fonts/Roboto-Italic.ttf' (157K)
[2019.04.11-00.18.51:868][ 80]LogAssetEditorManager: Opening Asset editor for LevelSequence /Game/Sequences/Scene1.Scene1
[2019.04.11-00.19.08:570][545]LogSlate: FSceneViewport::OnFocusLost() reason 0
[2019.04.11-00.19.44:246][802]LogSlate: FSceneViewport::OnFocusLost() reason 2
[2019.04.11-00.19.48:485][220]LogSlate: Updating window title bar state: overlay mode, drag disabled, window buttons hidden, title bar hidden
[2019.04.11-00.19.48:493][220]LogSlate: Updating window title bar state: overlay mode, drag disabled, window buttons hidden, title bar hidden
[2019.04.11-00.19.58:905][343]LogSlate: Updating window title bar state: overlay mode, drag disabled, window buttons hidden, title bar hidden
[2019.04.11-00.19.58:910][343]LogSlate: Updating window title bar state: overlay mode, drag disabled, window buttons hidden, title bar hidden
[2019.04.11-00.19.58:992][343]LogSlate: Took 0.008829 seconds to synchronously load lazily loaded font '../../../Engine/Content/Slate/Fonts/DroidSansMono.ttf' (77K)
[2019.04.11-00.20.04:530][955]LogEditorViewport: Clicking Background
[2019.04.11-00.20.08:994][319]LogSlate: FSceneViewport::OnFocusLost() reason 2
[2019.04.11-00.20.21:338][513]LogTemp: Repeating last play command: Standalone Game
[2019.04.11-00.20.24:452][513]LogSlate: Window 'Save Content' being destroyed
[2019.04.11-00.21.15:393][356]LogSlate: FSceneViewport::OnFocusLost() reason 0
[2019.04.11-00.22.09:057][842]LogAssetEditorManager: Opening Asset editor for WidgetBlueprint /Game/Burnin/CustomBurnin.CustomBurnin
[2019.04.11-00.22.09:735][842]LogContentBrowser: Native class hierarchy updated for 'BlueprintGraph' in 0.0009 seconds. Added 116 classes and 0 folders.
[2019.04.11-00.22.11:019][842]LogSlate: Took 0.000222 seconds to synchronously load lazily loaded font '../../../Engine/Content/Slate/Fonts/Roboto-BoldCondensed.ttf' (158K)
[2019.04.11-00.22.53:526][175]LogAssetEditorManager: Opening Asset editor for WidgetBlueprint /Game/Burnin/CustomFadein.CustomFadein
[2019.04.11-00.23.03:397][793]LogSlate: Window 'Delete Assets' being destroyed
[2019.04.11-00.23.05:259][971]LogAssetEditorManager: Opening Asset editor for Blueprint /Game/Burnin/CustomSettings.CustomSettings
[2019.04.11-00.23.08:739][267]LogSlate: Window 'CustomSettings' being destroyed
[2019.04.11-00.23.32:400][ 62]LogEditorTransaction: Undo Add New Function
[2019.04.11-00.27.16:231][403]LogContentBrowser: Native class hierarchy updated for 'MovieSceneCapture' in 0.0005 seconds. Added 10 classes and 0 folders.
[2019.04.11-00.27.55:922][886]LogSlate: Window 'Save Content' being destroyed
[2019.04.11-00.27.56:231][886]LogSpawn: Warning: UWorld::DestroyActor: World has no context! World: Cine_Level, Actor: /Game/_Maps/SharedLevel/Cine_Level.Cine_Level:PersistentLevel.REINST_Cine_Level_C_0
[2019.04.11-00.27.56:491][886]LogSavePackage: Moving '../../../../../../Users/modderd1/Desktop/Dinochan/Dinochan_v001_UE4.20.3/Saved/Cine_Level73443661428D1B89A106C9AD78383481.tmp' to '../../../../../../Users/modderd1/Desktop/Dinochan/Dinochan_v001_UE4.20.3/Content/_Maps/SharedLevel/Cine_Level.umap'
[2019.04.11-00.27.56:507][886]LogFileHelpers: Saving map 'Cine_Level' took 0.549
[2019.04.11-00.27.56:975][886]LogSavePackage: Moving '../../../../../../Users/modderd1/Desktop/Dinochan/Dinochan_v001_UE4.20.3/Saved/Persistant_Empty84C9F0D14048114065466B92A6DB2808.tmp' to '../../../../../../Users/modderd1/Desktop/Dinochan/Dinochan_v001_UE4.20.3/Content/_Maps/SharedLevel/Persistant_Empty.umap'
[2019.04.11-00.27.57:076][886]LogFileHelpers: Saving map 'Persistant_Empty' took 0.567
[2019.04.11-00.27.57:078][886]Cmd: OBJ SAVEPACKAGE PACKAGE="/Game/Burnin/CustomSettings" FILE="../../../../../../Users/modderd1/Desktop/Dinochan/Dinochan_v001_UE4.20.3/Content/Burnin/CustomSettings.uasset" SILENT=true
[2019.04.11-00.27.57:133][886]LogSavePackage: Moving '../../../../../../Users/modderd1/Desktop/Dinochan/Dinochan_v001_UE4.20.3/Saved/CustomSettingsBD6C24FA4BD847FF804F4DAB23FA6117.tmp' to '../../../../../../Users/modderd1/Desktop/Dinochan/Dinochan_v001_UE4.20.3/Content/Burnin/CustomSettings.uasset'
[2019.04.11-00.27.57:153][886]Cmd: OBJ SAVEPACKAGE PACKAGE="/Game/Sequences/Scene1" FILE="../../../../../../Users/modderd1/Desktop/Dinochan/Dinochan_v001_UE4.20.3/Content/Sequences/Scene1.uasset" SILENT=true
[2019.04.11-00.27.57:227][886]LogSavePackage: Moving '../../../../../../Users/modderd1/Desktop/Dinochan/Dinochan_v001_UE4.20.3/Saved/Scene19890BAD644C61D878E7ABE8B3544BF23.tmp' to '../../../../../../Users/modderd1/Desktop/Dinochan/Dinochan_v001_UE4.20.3/Content/Sequences/Scene1.uasset'
[2019.04.11-00.27.57:314][886]LogTemp: Starting movie scene capture...
[2019.04.11-00.27.57:350][886]LogBlueprintUserMessages: Early PlayInEditor Detection: Level '/Game/_Maps/SharedLevel/Persistant_Empty.Persistant_Empty:PersistentLevel' has LevelScriptBlueprint '/Game/_Maps/SharedLevel/Persistant_Empty.Persistant_Empty:PersistentLevel.Persistant_Empty' with GeneratedClass '/Game/_Maps/SharedLevel/Persistant_Empty.Persistant_Empty_C' with ClassGeneratedBy '/Game/_Maps/SharedLevel/Persistant_Empty.Persistant_Empty:PersistentLevel.Persistant_Empty'
[2019.04.11-00.27.57:350][886]LogBlueprintUserMessages: Early PlayInEditor Detection: Level '/Game/_Maps/SharedLevel/Cine_Level.Cine_Level:PersistentLevel' has LevelScriptBlueprint '/Game/_Maps/SharedLevel/Cine_Level.Cine_Level:PersistentLevel.Cine_Level' with GeneratedClass '/Game/_Maps/SharedLevel/Cine_Level.Cine_Level_C' with ClassGeneratedBy '/Game/_Maps/SharedLevel/Cine_Level.Cine_Level:PersistentLevel.Cine_Level'
[2019.04.11-00.27.57:351][886]LogBlueprintUserMessages: Early PlayInEditor Detection: Level '/Game/_Maps/SharedLevel/BP_Level.BP_Level:PersistentLevel' has LevelScriptBlueprint '/Game/_Maps/SharedLevel/BP_Level.BP_Level:PersistentLevel.BP_Level' with GeneratedClass '/Game/_Maps/SharedLevel/BP_Level.BP_Level_C' with ClassGeneratedBy '/Game/_Maps/SharedLevel/BP_Level.BP_Level:PersistentLevel.BP_Level'
[2019.04.11-00.27.57:351][886]BlueprintLog: New page: Pre-Play auto-recompile
[2019.04.11-00.27.57:352][886]LogPlayLevel: [PlayLevel] Compiling CustomSettings before play...
[2019.04.11-00.27.57:407][886]LogPlayLevel: PlayLevel: Blueprint regeneration took 56 ms (1 blueprints)
[2019.04.11-00.27.57:421][886]PIE: New page: PIE session: Persistant_Empty (Apr 10, 2019, 4:27:57 PM)
[2019.04.11-00.27.57:421][886]LogPlayLevel: Creating play world package: /Game/_Maps/SharedLevel/UEDPIE_0_Persistant_Empty
[2019.04.11-00.27.57:433][886]LogPlayLevel: PIE: StaticDuplicateObject took: (0.011336s)
[2019.04.11-00.27.57:433][886]LogAIModule: Creating AISystem for world Persistant_Empty
[2019.04.11-00.27.57:434][886]LogPlayLevel: PIE: World Init took: (0.000899s)
[2019.04.11-00.27.57:434][886]LogPlayLevel: PIE: Created PIE world by copying editor world from /Game/_Maps/SharedLevel/Persistant_Empty.Persistant_Empty to /Game/_Maps/SharedLevel/UEDPIE_0_Persistant_Empty.Persistant_Empty (0.012430s)
[2019.04.11-00.27.57:484][886]LogInit: XAudio2 using 'Speakers (High Definition Audio Device)' : 2 channels at 48 kHz using 16 bits per sample (channel mask 0x3)
[2019.04.11-00.27.57:493][886]LogInit: FAudioDevice initialized.
[2019.04.11-00.27.57:493][886]LogSlate: Updating window title bar state: overlay mode, drag disabled, window buttons hidden, title bar hidden
[2019.04.11-00.27.57:716][886]LogLoad: Game class is 'ThirdPersonGameMode_C'
[2019.04.11-00.27.57:718][886]LogWorld: Bringing World /Game/_Maps/SharedLevel/UEDPIE_0_Persistant_Empty.Persistant_Empty up for play (max tick rate 0) at 2019.04.10-20.27.57
[2019.04.11-00.27.57:838][886]LogWorld: Bringing up level for play took: 0.120823
[2019.04.11-00.27.57:861][886]LogBlueprintUserMessages: [ThirdPersonCharacter_C_0] Translation: X=-2830.000 Y=3400.000 Z=1215.793 Rotation: P=0.000000 Y=0.000000 R=0.000000 Scale X=1.000 Y=1.000 Z=1.000
[2019.04.11-00.27.57:861][886]LogBlueprintUserMessages: [ThirdPersonCharacter_C_0] Translation: X=-2830.000 Y=3400.000 Z=1215.793 Rotation: P=0.000000 Y=0.000000 R=0.000000 Scale X=1.000 Y=1.000 Z=1.000
[2019.04.11-00.27.57:877][886]PIE: Play in editor start time for /Game/_Maps/SharedLevel/UEDPIE_0_Persistant_Empty 0.524
[2019.04.11-00.27.57:878][886]LogBlueprintUserMessages: Late PlayInEditor Detection: Level '/Game/_Maps/SharedLevel/Persistant_Empty.Persistant_Empty:PersistentLevel' has LevelScriptBlueprint '/Game/_Maps/SharedLevel/Persistant_Empty.Persistant_Empty:PersistentLevel.Persistant_Empty' with GeneratedClass '/Game/_Maps/SharedLevel/Persistant_Empty.Persistant_Empty_C' with ClassGeneratedBy '/Game/_Maps/SharedLevel/Persistant_Empty.Persistant_Empty:PersistentLevel.Persistant_Empty'
[2019.04.11-00.27.57:878][886]LogBlueprintUserMessages: Late PlayInEditor Detection: Level '/Game/_Maps/SharedLevel/Cine_Level.Cine_Level:PersistentLevel' has LevelScriptBlueprint '/Game/_Maps/SharedLevel/Cine_Level.Cine_Level:PersistentLevel.Cine_Level' with GeneratedClass '/Game/_Maps/SharedLevel/Cine_Level.Cine_Level_C' with ClassGeneratedBy '/Game/_Maps/SharedLevel/Cine_Level.Cine_Level:PersistentLevel.Cine_Level'
[2019.04.11-00.27.57:878][886]LogBlueprintUserMessages: Late PlayInEditor Detection: Level '/Game/_Maps/SharedLevel/BP_Level.BP_Level:PersistentLevel' has LevelScriptBlueprint '/Game/_Maps/SharedLevel/BP_Level.BP_Level:PersistentLevel.BP_Level' with GeneratedClass '/Game/_Maps/SharedLevel/BP_Level.BP_Level_C' with ClassGeneratedBy '/Game/_Maps/SharedLevel/BP_Level.BP_Level:PersistentLevel.BP_Level'
[2019.04.11-00.27.58:074][892]LogContentStreaming: Texture pool size now 11378 MB
[2019.04.11-00.27.58:308][910]LogBlueprintUserMessages: [GreatDoor_2] P=0.000000 Y=9.059996 R=0.000000
[2019.04.11-00.27.58:311][910]LogConsoleManager: Warning: Setting the console variable 'r.Streaming.PoolSize' with 'SetByScalability' was ignored as it is lower priority than the previous 'SetByConsole'. Value remains '-1'
[2019.04.11-00.27.58:351][910]LogRenderer: Reallocating scene render targets to support 1920x1080 Format 10 NumSamples 1 (Frame:1).
[2019.04.11-00.27.58:409][911]LogBlueprintUserMessages: [GreatDoor_2] P=0.000000 Y=9.059996 R=0.000000
[2019.04.11-00.27.58:411][911]LogRenderer: Reallocating scene render targets to support 1920x1080 Format 10 NumSamples 1 (Frame:2).
[2019.04.11-00.27.58:460][912]LogBlueprintUserMessages: [GreatDoor_2] P=0.000000 Y=9.059996 R=0.000000
[2019.04.11-00.27.59:211][913]LogBlueprintUserMessages: [GreatDoor_2] P=0.000000 Y=9.059996 R=0.000000
