Log file open, 11/10/18 23:58:11
LogWindows: Failed to load 'aqProf.dll' (GetLastError=126)
LogWindows: File 'aqProf.dll' does not exist
LogWindows: Failed to load 'VSPerf140.dll' (GetLastError=126)
LogWindows: File 'VSPerf140.dll' does not exist
LogWindows: Failed to load 'VtuneApi.dll' (GetLastError=126)
LogWindows: File 'VtuneApi.dll' does not exist
LogWindows: Failed to load 'VtuneApi32e.dll' (GetLastError=126)
LogWindows: File 'VtuneApi32e.dll' does not exist
LogInit: Display: Running engine for game: Dinochan_v001
LogPlatformFile: Not using cached read wrapper
LogTaskGraph: Started task graph with 5 named threads and 23 total threads with 3 sets of task threads.
LogStats: Stats thread started at 0.283825
LogD3D11RHI: Loaded GFSDK_Aftermath_Lib.x64.dll
LogICUInternationalization: Display: ICU TimeZone Detection - Raw Offset: -5:00, Platform Override: ''
LogPluginManager: Mounting plugin Paper2D
LogPluginManager: Mounting plugin AISupport
LogPluginManager: Mounting plugin LightPropagationVolume
LogPluginManager: Mounting plugin CLionSourceCodeAccess
LogPluginManager: Mounting plugin CodeLiteSourceCodeAccess
LogPluginManager: Mounting plugin GitSourceControl
LogPluginManager: Mounting plugin KDevelopSourceCodeAccess
LogPluginManager: Mounting plugin NullSourceCodeAccess
LogPluginManager: Mounting plugin PerforceSourceControl
LogPluginManager: Mounting plugin SubversionSourceControl
LogPluginManager: Mounting plugin UObjectPlugin
LogPluginManager: Mounting plugin VisualStudioCodeSourceCodeAccess
LogPluginManager: Mounting plugin VisualStudioSourceCodeAccess
LogPluginManager: Mounting plugin XCodeSourceCodeAccess
LogPluginManager: Mounting plugin AssetManagerEditor
LogPluginManager: Mounting plugin CryptoKeys
LogPluginManager: Mounting plugin DataValidation
LogPluginManager: Mounting plugin FacialAnimation
LogPluginManager: Mounting plugin GameplayTagsEditor
LogPluginManager: Mounting plugin MacGraphicsSwitching
LogPluginManager: Mounting plugin MeshEditor
LogPluginManager: Mounting plugin MobileLauncherProfileWizard
LogPluginManager: Mounting plugin PluginBrowser
LogPluginManager: Mounting plugin SpeedTreeImporter
LogPluginManager: Mounting plugin DatasmithContent
LogPluginManager: Mounting plugin AlembicImporter
LogPluginManager: Mounting plugin AppleImageUtils
LogPluginManager: Mounting plugin AppleVision
LogPluginManager: Mounting plugin BackChannel
LogPluginManager: Mounting plugin CharacterAI
LogPluginManager: Mounting plugin GeometryCache
LogPluginManager: Mounting plugin HTML5Networking
LogPluginManager: Mounting plugin ProxyLODPlugin
LogPluginManager: Mounting plugin MagicLeap
LogPluginManager: Mounting plugin MagicLeapEmulator
LogPluginManager: Mounting plugin MagicLeapMedia
LogPluginManager: Mounting plugin AndroidMedia
LogPluginManager: Mounting plugin AvfMedia
LogPluginManager: Mounting plugin ImgMedia
LogPluginManager: Mounting plugin LinearTimecode
LogPluginManager: Mounting plugin MediaCompositing
LogPluginManager: Mounting plugin MediaPlayerEditor
LogPluginManager: Mounting plugin WmfMedia
LogPluginManager: Mounting plugin TcpMessaging
LogPluginManager: Mounting plugin UdpMessaging
LogPluginManager: Mounting plugin ActorSequence
LogPluginManager: Mounting plugin LevelSequenceEditor
LogPluginManager: Mounting plugin MatineeToLevelSequence
LogPluginManager: Mounting plugin NetcodeUnitTest
LogPluginManager: Mounting plugin NUTUnrealEngine4
LogPluginManager: Mounting plugin OnlineSubsystemGooglePlay
LogPluginManager: Mounting plugin OnlineSubsystemIOS
LogPluginManager: Mounting plugin OnlineSubsystem
LogPluginManager: Mounting plugin OnlineSubsystemNull
LogPluginManager: Mounting plugin OnlineSubsystemUtils
LogPluginManager: Mounting plugin LauncherChunkInstaller
LogPluginManager: Mounting plugin AndroidDeviceProfileSelector
LogPluginManager: Mounting plugin AndroidMoviePlayer
LogPluginManager: Mounting plugin AndroidPermission
LogPluginManager: Mounting plugin AppleMoviePlayer
LogPluginManager: Mounting plugin ArchVisCharacter
LogPluginManager: Mounting plugin AudioCapture
LogPluginManager: Mounting plugin CableComponent
LogPluginManager: Mounting plugin CustomMeshComponent
LogPluginManager: Mounting plugin EditableMesh
LogPluginManager: Mounting plugin ExampleDeviceProfileSelector
LogPluginManager: Mounting plugin GoogleCloudMessaging
LogPluginManager: Mounting plugin ImmediatePhysics
LogPluginManager: Mounting plugin IOSDeviceProfileSelector
LogPluginManager: Mounting plugin LinuxDeviceProfileSelector
LogPluginManager: Mounting plugin LocationServicesBPLibrary
LogPluginManager: Mounting plugin MobilePatchingUtils
LogPluginManager: Mounting plugin OculusVR
LogPluginManager: Plugin shader directory ../../../Engine/Plugins/Runtime/Oculus/OculusVR/Shaders found
LogPluginManager: Mapping shader source directory ../../../Engine/Plugins/Runtime/Oculus/OculusVR/Shaders to virtual directory /Plugin/OculusVR
LogPluginManager: Mounting plugin PhysXVehicles
LogPluginManager: Mounting plugin ProceduralMeshComponent
LogPluginManager: Mounting plugin RuntimePhysXCooking
LogPluginManager: Mounting plugin SteamVR
LogPluginManager: Mounting plugin WindowsMoviePlayer
LogStreaming: Display: Took  0.202s to configure plugins.
LogInit: Using libcurl 7.55.1-DEV
LogInit:  - built for x86_64-pc-win32
LogInit:  - supports SSL with OpenSSL/1.0.2h
LogInit:  - supports HTTP deflate (compression) using libz 1.2.8
LogInit:  - other features:
LogInit:      CURL_VERSION_SSL
LogInit:      CURL_VERSION_LIBZ
LogInit:      CURL_VERSION_IPV6
LogInit:      CURL_VERSION_ASYNCHDNS
LogInit:      CURL_VERSION_LARGEFILE
LogInit:      CURL_VERSION_IDN
LogInit:  CurlRequestOptions (configurable via config and command line):
LogInit:  - bVerifyPeer = false  - Libcurl will NOT verify peer certificate
LogInit:  - bUseHttpProxy = false  - Libcurl will NOT use HTTP proxy
LogInit:  - bDontReuseConnections = false  - Libcurl will reuse connections
LogInit:  - CertBundlePath = nullptr  - Libcurl will use whatever was configured at build time.
LogInit:  - MaxHostConnections = 16  - Libcurl will limit the number of connections to a host
LogInit:  - LocalHostAddr = Default
LogInit:  - BufferSize = 65536
LogInit: WinSock: version 1.1 (2.2), MaxSocks=32767, MaxUdp=65467
LogInit: Build: ++UE4+Release-4.20-CL-4369336
LogInit: Engine Version: 4.20.3-4369336+++UE4+Release-4.20
LogInit: Compatible Engine Version: 4.20.0-4212847+++UE4+Release-4.20
LogInit: Net CL: 4212847
LogInit: OS: Windows 10 (), CPU: Intel(R) Core(TM) i7-6700K CPU @ 4.00GHz, GPU: NVIDIA GeForce GTX 970
LogInit: Compiled (64-bit): Sep 17 2018 12:26:19
LogInit: Compiled with Visual C++: 19.13.26129.00
LogInit: Build Configuration: Development
LogInit: Branch Name: ++UE4+Release-4.20
LogInit: Command Line:  
LogInit: Base Directory: C:/Program Files/Epic Games/UE_4.20/Engine/Binaries/Win64/
LogInit: Installed Engine Build: 1
LogDevObjectVersion: Number of dev versions registered: 20
LogDevObjectVersion:   Dev-Blueprints (B0D832E4-1F89-4F0D-ACCF-7EB736FD4AA2): 10
LogDevObjectVersion:   Dev-Build (E1C64328-A22C-4D53-A36C-8E866417BD8C): 0
LogDevObjectVersion:   Dev-Core (375EC13C-06E4-48FB-B500-84F0262A717E): 2
LogDevObjectVersion:   Dev-Editor (E4B068ED-F494-42E9-A231-DA0B2E46BB41): 24
LogDevObjectVersion:   Dev-Framework (CFFC743F-43B0-4480-9391-14DF171D2073): 34
LogDevObjectVersion:   Dev-Mobile (B02B49B5-BB20-44E9-A304-32B752E40360): 2
LogDevObjectVersion:   Dev-Networking (A4E4105C-59A1-49B5-A7C5-40C4547EDFEE): 0
LogDevObjectVersion:   Dev-Online (39C831C9-5AE6-47DC-9A44-9C173E1C8E7C): 0
LogDevObjectVersion:   Dev-Physics (78F01B33-EBEA-4F98-B9B4-84EACCB95AA2): 0
LogDevObjectVersion:   Dev-Platform (6631380F-2D4D-43E0-8009-CF276956A95A): 0
LogDevObjectVersion:   Dev-Rendering (12F88B9F-8875-4AFC-A67C-D90C383ABD29): 26
LogDevObjectVersion:   Dev-Sequencer (7B5AE74C-D270-4C10-A958-57980B212A5A): 9
LogDevObjectVersion:   Dev-VR (D7296918-1DD6-4BDD-9DE2-64A83CC13884): 2
LogDevObjectVersion:   Dev-LoadTimes (C2A15278-BFE7-4AFE-6C17-90FF531DF755): 1
LogDevObjectVersion:   Private-Geometry (6EACA3D4-40EC-4CC1-B786-8BED09428FC5): 3
LogDevObjectVersion:   Dev-AnimPhys (29E575DD-E0A3-4627-9D10-D276232CDCEA): 17
LogDevObjectVersion:   Dev-ReflectionCapture (6B266CEC-1EC7-4B8F-A30B-E4D90942FC07): 1
LogDevObjectVersion:   Dev-Automation (0DF73D61-A23F-47EA-B727-89E90C41499A): 1
LogDevObjectVersion:   FortniteMain (601D1886-AC64-4F84-AA16-D3DE0DEAC7D6): 12
LogDevObjectVersion:   Dev-Enterprise (9DFFBCD6-494F-0158-E221-12823C92A888): 1
LogStreaming: Display: Took  0.001s to delete old logs.
LogInit: Presizing for max 8388607 objects, including 0 objects not considered by GC, pre-allocating 0 bytes for permanent pool.
LogInit: Object subsystem initialized
[2018.11.11-04.58.12:337][  0]LogInit: Selected Device Profile: [Windows]
[2018.11.11-04.58.12:337][  0]LogInit: Applying CVar settings loaded from the selected device profile: [Windows]
[2018.11.11-04.58.12:352][  0]LogHAL: Display: Platform has ~ 16 GB [17137627136 / 17179869184 / 16], which maps to Larger [LargestMinGB=32, LargerMinGB=12, DefaultMinGB=8, SmallerMinGB=6, SmallestMinGB=0)
[2018.11.11-04.58.12:352][  0]LogInit: Setting Device Profile CVar: [[r.Vulkan.UseRealUBs:1]]
[2018.11.11-04.58.12:352][  0]LogInit: Going up to parent DeviceProfile []
[2018.11.11-04.58.12:352][  0]LogInit: Computer: DESKTOP-QCELHJT
[2018.11.11-04.58.12:352][  0]LogInit: User: Zack
[2018.11.11-04.58.12:352][  0]LogInit: CPU Page size=4096, Cores=4
[2018.11.11-04.58.12:352][  0]LogInit: High frequency timer resolution =3.914058 MHz
[2018.11.11-04.58.12:353][  0]LogMemory: Memory total: Physical=16.0GB (16GB approx)
[2018.11.11-04.58.12:353][  0]LogMemory: Platform Memory Stats for Windows
[2018.11.11-04.58.12:353][  0]LogMemory: Process Physical Memory: 99.49 MB used, 99.49 MB peak
[2018.11.11-04.58.12:353][  0]LogMemory: Process Virtual Memory: 90.95 MB used, 90.95 MB peak
[2018.11.11-04.58.12:353][  0]LogMemory: Physical Memory: 5047.74 MB used,  11295.97 MB free, 16343.71 MB total
[2018.11.11-04.58.12:353][  0]LogMemory: Virtual Memory: 4640.09 MB used,  11295.97 MB free, 134217728.00 MB total
[2018.11.11-04.58.12:392][  0]LogInit: Using OS detected language (en-US).
[2018.11.11-04.58.12:392][  0]LogInit: Using OS detected locale (en-US).
[2018.11.11-04.58.12:394][  0]LogTextLocalizationManager: No specific localization for 'en-US' exists, so the 'en' localization will be used.
[2018.11.11-04.58.12:702][  0]LogStreaming: Display: Took  0.309s to InitEngineTextLocalization.
[2018.11.11-04.58.12:702][  0]LogInit: Setting process to per monitor DPI aware
[2018.11.11-04.58.12:737][  0]LogSlate: New Slate User Created.  User Index 0, Is Virtual User: 0
[2018.11.11-04.58.12:737][  0]LogSlate: Slate User Registered.  User Index 0, Is Virtual User: 0
[2018.11.11-04.58.13:232][  0]LogHMD: Failed to initialize OpenVR with code 126
[2018.11.11-04.58.13:232][  0]LogD3D11RHI: D3D11 adapters:
[2018.11.11-04.58.13:298][  0]LogD3D11RHI:    0. 'NVIDIA GeForce GTX 970' (Feature Level 11_0)
[2018.11.11-04.58.13:299][  0]LogD3D11RHI:       4043/0/8171 MB DedicatedVideo/DedicatedSystem/SharedSystem, Outputs:1, VendorId:0x10de
[2018.11.11-04.58.13:301][  0]LogD3D11RHI:    1. 'Microsoft Basic Render Driver' (Feature Level 11_0)
[2018.11.11-04.58.13:301][  0]LogD3D11RHI:       0/0/8171 MB DedicatedVideo/DedicatedSystem/SharedSystem, Outputs:0, VendorId:0x1414
[2018.11.11-04.58.13:301][  0]LogD3D11RHI: Chosen D3D11 Adapter: 0
[2018.11.11-04.58.13:307][  0]LogD3D11RHI: Creating new Direct3DDevice
[2018.11.11-04.58.13:307][  0]LogD3D11RHI:     GPU DeviceId: 0x13c2 (for the marketing name, search the web for "GPU Device Id")
[2018.11.11-04.58.13:307][  0]LogWindows: EnumDisplayDevices:
[2018.11.11-04.58.13:307][  0]LogWindows:    0. 'NVIDIA GeForce GTX 970' (P:1 D:1)
[2018.11.11-04.58.13:307][  0]LogWindows:    1. 'NVIDIA GeForce GTX 970' (P:0 D:0)
[2018.11.11-04.58.13:307][  0]LogWindows:    2. 'NVIDIA GeForce GTX 970' (P:0 D:0)
[2018.11.11-04.58.13:307][  0]LogWindows:    3. 'NVIDIA GeForce GTX 970' (P:0 D:0)
[2018.11.11-04.58.13:308][  0]LogWindows: DebugString: FoundDriverCount:4 
[2018.11.11-04.58.13:308][  0]LogD3D11RHI:     Adapter Name: NVIDIA GeForce GTX 970
[2018.11.11-04.58.13:308][  0]LogD3D11RHI:   Driver Version: 416.16 (internal:25.21.14.1616, unified:416.16)
[2018.11.11-04.58.13:308][  0]LogD3D11RHI:      Driver Date: 10-2-2018
[2018.11.11-04.58.13:308][  0]LogRHI: Texture pool is 2830 MB (70% of 4043 MB)
[2018.11.11-04.58.13:349][  0]LogD3D11RHI: Async texture creation enabled
[2018.11.11-04.58.13:365][  0]LogD3D11RHI: GPU Timing Frequency: 1000.000000 (Debug: 2 2)
[2018.11.11-04.58.13:366][  0]LogShaderCompilers: Guid format shader working directory is -33 characters bigger than the processId version (../../../../../../Users/Zack/Documents/GitHub/Dinochan/Dinochan_v001_UE4.20.3/Intermediate/Shaders/WorkingDirectory/19936/).
[2018.11.11-04.58.13:366][  0]LogShaderCompilers: Cleaned the shader compiler working directory 'C:/Users/Zack/AppData/Local/Temp/UnrealShaderWorkingDir/20C2FE3C419D80B2853B5A99C3642949/'.
[2018.11.11-04.58.13:643][  0]LogTemp: Display: Loaded TP AllDesktopTargetPlatform
[2018.11.11-04.58.13:657][  0]LogTemp: Display: Loaded TP MacClientTargetPlatform
[2018.11.11-04.58.13:670][  0]LogTemp: Display: Loaded TP MacNoEditorTargetPlatform
[2018.11.11-04.58.13:684][  0]LogTemp: Display: Loaded TP MacServerTargetPlatform
[2018.11.11-04.58.13:698][  0]LogTemp: Display: Loaded TP MacTargetPlatform
[2018.11.11-04.58.13:711][  0]LogTemp: Display: Loaded TP WindowsClientTargetPlatform
[2018.11.11-04.58.13:724][  0]LogTemp: Display: Loaded TP WindowsNoEditorTargetPlatform
[2018.11.11-04.58.13:738][  0]LogTemp: Display: Loaded TP WindowsServerTargetPlatform
[2018.11.11-04.58.13:744][  0]LogTemp: Display: Loaded TP WindowsTargetPlatform
[2018.11.11-04.58.13:829][  0]LogTemp: Display: Loaded TP AndroidTargetPlatform
[2018.11.11-04.58.13:829][  0]LogTemp: Display: Loaded TP AndroidTargetPlatform
[2018.11.11-04.58.13:829][  0]LogTemp: Display: Loaded TP AndroidTargetPlatform
[2018.11.11-04.58.13:829][  0]LogTemp: Display: Loaded TP AndroidTargetPlatform
[2018.11.11-04.58.13:829][  0]LogTemp: Display: Loaded TP AndroidTargetPlatform
[2018.11.11-04.58.13:829][  0]LogTemp: Display: Loaded TP AndroidTargetPlatform
[2018.11.11-04.58.13:829][  0]LogTemp: Display: Loaded TP AndroidTargetPlatform
[2018.11.11-04.58.13:829][  0]LogTemp: Display: Loaded TP AndroidTargetPlatform
[2018.11.11-04.58.13:829][  0]LogTemp: Display: Loaded TP AndroidTargetPlatform
[2018.11.11-04.58.13:829][  0]LogTemp: Display: Loaded TP AndroidTargetPlatform
[2018.11.11-04.58.13:829][  0]LogTemp: Display: Loaded TP AndroidTargetPlatform
[2018.11.11-04.58.13:829][  0]LogTemp: Display: Loaded TP AndroidTargetPlatform
[2018.11.11-04.58.13:829][  0]LogTemp: Display: Loaded TP AndroidTargetPlatform
[2018.11.11-04.58.13:829][  0]LogTemp: Display: Loaded TP AndroidTargetPlatform
[2018.11.11-04.58.13:829][  0]LogTemp: Display: Loaded TP AndroidTargetPlatform
[2018.11.11-04.58.13:829][  0]LogTemp: Display: Loaded TP AndroidTargetPlatform
[2018.11.11-04.58.13:829][  0]LogTemp: Display: Loaded TP AndroidTargetPlatform
[2018.11.11-04.58.13:829][  0]LogTemp: Display: Loaded TP AndroidTargetPlatform
[2018.11.11-04.58.13:832][  0]LogTemp: Display: Loaded TP HTML5TargetPlatform
[2018.11.11-04.58.13:895][  0]LogTemp: Display: Loaded TP IOSTargetPlatform
[2018.11.11-04.58.13:895][  0]LogTemp: Display: Loaded TP IOSTargetPlatform
[2018.11.11-04.58.13:917][  0]LogTemp: Display: Loaded TP TVOSTargetPlatform
[2018.11.11-04.58.13:918][  0]LogTemp: Display: Loaded TP TVOSTargetPlatform
[2018.11.11-04.58.13:931][  0]LogTemp: Display: Loaded TP LinuxClientTargetPlatform
[2018.11.11-04.58.13:944][  0]LogTemp: Display: Loaded TP LinuxNoEditorTargetPlatform
[2018.11.11-04.58.13:957][  0]LogTemp: Display: Loaded TP LinuxServerTargetPlatform
[2018.11.11-04.58.13:972][  0]LogTemp: Display: Loaded TP LinuxTargetPlatform
[2018.11.11-04.58.13:982][  0]LogTemp: Display: Loaded TP LuminTargetPlatform
[2018.11.11-04.58.13:982][  0]LogTargetPlatformManager: Display: Building Assets For Windows
[2018.11.11-04.58.14:060][  0]LogXGEController: Cleaning working directory: C:/Users/Zack/AppData/Local/Temp/UnrealXGEWorkingDir/
[2018.11.11-04.58.14:061][  0]LogXGEController: Cannot use XGE Controller as Incredibuild is not installed on this machine.
[2018.11.11-04.58.14:061][  0]LogShaderCompilers: Cannot use XGE Shader Compiler as Incredibuild is not installed on this machine.
[2018.11.11-04.58.14:061][  0]LogShaderCompilers: Display: Using Local Shader Compiler.
[2018.11.11-04.58.14:887][  0]LogDerivedDataCache: Display: Max Cache Size: 512 MB
[2018.11.11-04.58.14:948][  0]LogDerivedDataCache: Loaded boot cache 0.06s 87MB C:/Users/Zack/AppData/Local/UnrealEngine/4.20/DerivedDataCache/Boot.ddc.
[2018.11.11-04.58.14:948][  0]LogDerivedDataCache: Display: Loaded Boot cache: C:/Users/Zack/AppData/Local/UnrealEngine/4.20/DerivedDataCache/Boot.ddc
[2018.11.11-04.58.14:948][  0]LogDerivedDataCache: FDerivedDataBackendGraph:  Pak pak cache file ../../../../../../Users/Zack/Documents/GitHub/Dinochan/Dinochan_v001_UE4.20.3/DerivedDataCache/DDC.ddp not found, will not use a pak cache.
[2018.11.11-04.58.14:948][  0]LogDerivedDataCache: Unable to find inner node Pak for hierarchical cache Hierarchy.
[2018.11.11-04.58.14:948][  0]LogDerivedDataCache: FDerivedDataBackendGraph:  CompressedPak pak cache file ../../../../../../Users/Zack/Documents/GitHub/Dinochan/Dinochan_v001_UE4.20.3/DerivedDataCache/Compressed.ddp not found, will not use a pak cache.
[2018.11.11-04.58.14:948][  0]LogDerivedDataCache: Unable to find inner node CompressedPak for hierarchical cache Hierarchy.
[2018.11.11-04.58.14:959][  0]LogDerivedDataCache: Display: Pak cache opened for reading ../../../Engine/DerivedDataCache/Compressed.ddp.
[2018.11.11-04.58.14:972][  0]LogDerivedDataCache: Using Local data cache path C:/Users/Zack/AppData/Local/UnrealEngine/Common/DerivedDataCache: Writable
[2018.11.11-04.58.14:972][  0]LogDerivedDataCache: Shared data cache path not found in *engine.ini, will not use an Shared cache.
[2018.11.11-04.58.14:972][  0]LogDerivedDataCache: Unable to find inner node Shared for hierarchical cache Hierarchy.
[2018.11.11-04.58.14:987][  0]LogMaterial: Verifying Global Shaders for PCD3D_SM5
[2018.11.11-04.58.14:988][  0]LogSlate: Using FreeType 2.6.0
[2018.11.11-04.58.14:990][  0]LogSlate: SlateFontServices - WITH_FREETYPE: 1, WITH_HARFBUZZ: 1
[2018.11.11-04.58.15:108][  0]LogAssetRegistry: FAssetRegistry took 0.0263 seconds to start up
[2018.11.11-04.58.15:415][  0]LogInit: Selected Device Profile: [Windows]
[2018.11.11-04.58.15:542][  0]LogSimplygon: Simplygon DLL not present - disabling.
[2018.11.11-04.58.15:548][  0]LogMeshReduction: Using SimplygonSwarm for distributed automatic mesh merging
[2018.11.11-04.58.15:548][  0]LogMeshReduction: Using ProxyLODMeshReduction for automatic mesh merging
[2018.11.11-04.58.15:548][  0]LogMeshReduction: Using QuadricMeshReduction for automatic static mesh reduction
[2018.11.11-04.58.15:548][  0]LogMeshReduction: No automatic skeletal mesh reduction module available
[2018.11.11-04.58.15:565][  0]LogNetVersion: Dinochan_v001 1.0.0, NetCL: 4212847, EngineNetVer: 5, GameNetVer: 0 (Checksum: 2574802920)
[2018.11.11-04.58.16:102][  0]LogPackageLocalizationCache: Processed 11 localized package path(s) for 2 prioritized culture(s) in 0.143678 seconds
[2018.11.11-04.58.16:108][  0]LogUObjectArray: 38425 objects as part of root set at end of initial load.
[2018.11.11-04.58.16:108][  0]LogUObjectAllocator: 6690872 out of 0 bytes used by permanent object pool.
[2018.11.11-04.58.16:108][  0]LogUObjectArray: CloseDisregardForGC: 0/0 objects in disregard for GC pool
[2018.11.11-04.58.17:544][  0]LogTcpMessaging: Initializing TcpMessaging bridge
[2018.11.11-04.58.17:557][  0]LogUdpMessaging: Initializing bridge on interface 0.0.0.0:0 to multicast group 230.0.0.1:6666.
[2018.11.11-04.58.17:719][  0]SourceControl: Source control is disabled
[2018.11.11-04.58.17:719][  0]SourceControl: Source control is disabled
[2018.11.11-04.58.17:721][  0]SourceControl: Source control is disabled
[2018.11.11-04.58.17:723][  0]SourceControl: Source control is disabled
[2018.11.11-04.58.17:931][  0]LogAndroidPermission: UAndroidPermissionCallbackProxy::GetInstance
[2018.11.11-04.58.17:994][  0]LogOcInput: OculusInput pre-init called
[2018.11.11-04.58.18:054][  0]LogEngine: Initializing Engine...
[2018.11.11-04.58.18:088][  0]LogHMD: Failed to initialize OpenVR with code 126
[2018.11.11-04.58.18:090][  0]LogStats: UGameplayTagsManager::ConstructGameplayTagTree: ImportINI prefixes -  0.000 s
[2018.11.11-04.58.18:090][  0]LogStats: UGameplayTagsManager::ConstructGameplayTagTree: Construct from data asset -  0.000 s
[2018.11.11-04.58.18:090][  0]LogStats: UGameplayTagsManager::ConstructGameplayTagTree: ImportINI -  0.000 s
[2018.11.11-04.58.18:090][  0]LogStats: UGameplayTagsManager::ConstructGameplayTagTree: GameplayTagTreeChangedEvent.Broadcast -  0.000 s
[2018.11.11-04.58.18:296][  0]LogInit: Initializing FReadOnlyCVARCache
[2018.11.11-04.58.18:306][  0]LogAIModule: Creating AISystem for world Untitled
[2018.11.11-04.58.18:316][  0]LogInit: XAudio2 using 'Speakers (Realtek High Definition Audio)' : 2 channels at 48 kHz using 32 bits per sample (channel mask 0x3)
[2018.11.11-04.58.18:402][  0]LogInit: FAudioDevice initialized.
[2018.11.11-04.58.18:402][  0]LogNetVersion: Set ProjectVersion to 1.0.0.0. Version Checksum will be recalculated on next use.
[2018.11.11-04.58.18:474][  0]LogDerivedDataCache: Saved boot cache 0.07s 87MB C:/Users/Zack/AppData/Local/UnrealEngine/4.20/DerivedDataCache/Boot.ddc.
[2018.11.11-04.58.18:486][  0]LogInit: Texture streaming: Enabled
[2018.11.11-04.58.18:503][  0]LogEngineSessionManager: EngineSessionManager initialized
[2018.11.11-04.58.18:516][  0]LogInit: Transaction tracking system initialized
[2018.11.11-04.58.18:539][  0]BlueprintLog: New page: Editor Load
[2018.11.11-04.58.18:619][  0]LocalizationService: Localization service is disabled
[2018.11.11-04.58.18:906][  0]LogCook: Display: Max memory allowance for cook 16384mb min free memory 0mb
[2018.11.11-04.58.18:906][  0]LogCook: Display: Mobile HDR setting 1
[2018.11.11-04.58.18:906][  0]LogGameplayTags: Display: UGameplayTagsManager::DoneAddingNativeTags. DelegateIsBound: 0
[2018.11.11-04.58.18:906][  0]LogStats: UGameplayTagsManager::ConstructGameplayTagTree: ImportINI prefixes -  0.000 s
[2018.11.11-04.58.18:906][  0]LogStats: UGameplayTagsManager::ConstructGameplayTagTree: Construct from data asset -  0.000 s
[2018.11.11-04.58.18:907][  0]LogStats: UGameplayTagsManager::ConstructGameplayTagTree: ImportINI -  0.000 s
[2018.11.11-04.58.18:907][  0]LogStats: UGameplayTagsManager::ConstructGameplayTagTree: GameplayTagTreeChangedEvent.Broadcast -  0.000 s
[2018.11.11-04.58.19:057][  0]LogFileCache: Scanning file cache for directory 'C:/Users/Zack/Documents/GitHub/Dinochan/Dinochan_v001_UE4.20.3/Content/' took 0.01s
[2018.11.11-04.58.19:057][  0]SourceControl: Source control is disabled
[2018.11.11-04.58.19:057][  0]Cmd: MAP LOAD FILE="../../../../../../Users/Zack/Documents/GitHub/Dinochan/Dinochan_v001_UE4.20.3/Content/ThirdPersonBP/Maps/ThirdPersonExampleMap.umap" TEMPLATE=0 SHOWPROGRESS=1 FEATURELEVEL=3
[2018.11.11-04.58.19:058][  0]LightingResults: New page: Lighting Build
[2018.11.11-04.58.19:061][  0]MapCheck: New page: Map Check
[2018.11.11-04.58.19:061][  0]LightingResults: New page: Lighting Build
[2018.11.11-04.58.19:180][  0]LogLinker: Warning: Can't find file '/Game/Mannequin/Character/Textures/UE4_Mannequin__normals'
[2018.11.11-04.58.19:180][  0]LogLinker: Warning: Can't find file for asset '/Game/Mannequin/Character/Textures/UE4_Mannequin__normals' while loading ../../../../../../Users/Zack/Documents/GitHub/Dinochan/Dinochan_v001_UE4.20.3/Content/Mannequin/Character/Materials/M_UE4Man_Body.uasset.
[2018.11.11-04.58.19:180][  0]LoadErrors: Error: /Game/Mannequin/Character/Materials/M_UE4Man_Body : Can't find file for asset. /Game/Mannequin/Character/Textures/UE4_Mannequin__normals
[2018.11.11-04.58.19:182][  0]LogLinker: Warning: Can't find file '/Game/Mannequin/Character/Textures/UE4_Mannequin__normals'
[2018.11.11-04.58.19:182][  0]LogLinker: Warning: Can't find file for asset '/Game/Mannequin/Character/Textures/UE4_Mannequin__normals' while loading ../../../../../../Users/Zack/Documents/GitHub/Dinochan/Dinochan_v001_UE4.20.3/Content/Mannequin/Character/Materials/M_UE4Man_Body.uasset.
[2018.11.11-04.58.19:182][  0]LoadErrors: Error: /Game/Mannequin/Character/Materials/M_UE4Man_Body : Can't find file for asset. /Game/Mannequin/Character/Textures/UE4_Mannequin__normals
[2018.11.11-04.58.19:353][  0]LogLinker: Warning: Can't find file '/Game/Mannequin/Character/Textures/UE4_Mannequin__normals'
[2018.11.11-04.58.19:353][  0]LoadErrors: Failed to load /Game/Mannequin/Character/Textures/UE4_Mannequin__normals.UE4_Mannequin__normals Referenced by MaterialExpressionTextureSampleParameter2D_0
[2018.11.11-04.58.19:354][  0]LogLinker: Warning: Can't find file for asset '/Game/Mannequin/Character/Textures/UE4_Mannequin__normals' while loading NULL.
[2018.11.11-04.58.19:354][  0]LoadErrors: Failed to load /Game/Mannequin/Character/Textures/UE4_Mannequin__normals.UE4_Mannequin__normals Referenced by MaterialExpressionTextureSampleParameter2D_0
[2018.11.11-04.58.19:494][  0]LogTexture: Display: Building textures: HQ_Lightmap0_4 (AutoDXT, 256X256)
[2018.11.11-04.58.19:494][  0]LogTexture: Display: Building textures: HQ_Lightmap0_5 (AutoDXT, 64X64)
[2018.11.11-04.58.19:494][  0]LogTexture: Display: Building textures: LQ_Lightmap_0_4 (DXT1, 256X256)
[2018.11.11-04.58.19:494][  0]LogTexture: Display: Building textures: LQ_Lightmap_0_5 (DXT1, 64X64)
[2018.11.11-04.58.19:494][  0]LogTexture: Display: Building textures: HQ_Lightmap1_3 (AutoDXT, 1024X1024)
[2018.11.11-04.58.19:494][  0]LogTexture: Display: Building textures: HQ_Lightmap1_2 (AutoDXT, 1024X1024)
[2018.11.11-04.58.19:494][  0]LogTexture: Display: Building textures: HQ_Lightmap1_1 (AutoDXT, 1024X1024)
[2018.11.11-04.58.19:494][  0]LogTexture: Display: Building textures: LQ_Lightmap_1_1 (DXT1, 1024X1024)
[2018.11.11-04.58.19:494][  0]LogTexture: Display: Building textures: LQ_Lightmap_1_2 (DXT1, 1024X1024)
[2018.11.11-04.58.19:494][  0]LogTexture: Display: Building textures: LQ_Lightmap_1_3 (DXT1, 1024X1024)
[2018.11.11-04.58.19:978][  0]LogTexture: Display: Building textures: SkyOcclusion0_4 (AutoDXT, 256X128)
[2018.11.11-04.58.19:978][  0]LogTexture: Display: Building textures: SkyOcclusion0_5 (AutoDXT, 64X32)
[2018.11.11-04.58.19:978][  0]LogTexture: Display: Building textures: SkyOcclusion1_1 (AutoDXT, 1024X512)
[2018.11.11-04.58.19:978][  0]LogTexture: Display: Building textures: SkyOcclusion1_3 (AutoDXT, 1024X512)
[2018.11.11-04.58.19:978][  0]LogTexture: Display: Building textures: SkyOcclusion1_2 (AutoDXT, 1024X512)
[2018.11.11-04.58.19:978][  0]LogPhysics: Warning: UBodySetup::GetCookInfo: Triangle data from '/Game/ThirdPersonBP/Maps/ThirdPersonExampleMap.ThirdPersonExampleMap:PersistentLevel.ModelComponent_99' invalid (21113 verts, 0 indices).
[2018.11.11-04.58.19:978][  0]LogPhysics: Warning: Attempt to build physics data for /Game/ThirdPersonBP/Maps/ThirdPersonExampleMap.ThirdPersonExampleMap:PersistentLevel.ModelComponent_99.BodySetup_0 when we are unable to.
[2018.11.11-04.58.20:062][  0]LogMaterial: Display: Missing cached shader map for material M_UE4Man_Body, compiling. 
[2018.11.11-04.58.20:079][  0]LogTexture: Display: Building textures: ShadowMapTexture2D_2 (G8, 1024X1024)
[2018.11.11-04.58.20:079][  0]LogMaterial: Warning: C:\Users\Zack\Documents\GitHub\Dinochan\Dinochan_v001_UE4.20.3\Content\Mannequin\Character\Materials\M_UE4Man_Body.uasset: Failed to compile Material for platform PCD3D_SM5, Default Material will be used in game.
[2018.11.11-04.58.20:079][  0]LogMaterial: 	(Node TextureSampleParameter2D) Param2D> Requires Texture2D
[2018.11.11-04.58.20:079][  0]LogMaterial: 	Function MatLayerBlend_NormalBlend: (Node MakeMaterialAttributes) Error on property Normal
[2018.11.11-04.58.20:274][  0]LogTexture: Display: Building textures: ShadowMapTexture2D_3 (G8, 1024X512)
[2018.11.11-04.58.20:274][  0]LogTexture: Display: Building textures: ShadowMapTexture2D_4 (G8, 256X64)
[2018.11.11-04.58.20:274][  0]LogTexture: Display: Building textures: ShadowMapTexture2D_5 (G8, 32X32)
[2018.11.11-04.58.20:274][  0]LogMaterial: Display: Missing cached shader map for material M_UE4Man_Body, compiling. 
[2018.11.11-04.58.20:276][  0]LogMaterial: Warning: C:\Users\Zack\Documents\GitHub\Dinochan\Dinochan_v001_UE4.20.3\Content\Mannequin\Character\Materials\M_UE4Man_ChestLogo.uasset: Failed to compile Material Instance with Base M_UE4Man_Body for platform PCD3D_SM5, Default Material will be used in game.
[2018.11.11-04.58.20:276][  0]LogMaterial: 	(Node TextureSampleParameter2D) Param2D> Requires Texture2D
[2018.11.11-04.58.20:276][  0]LogMaterial: 	Function MatLayerBlend_NormalBlend: (Node MakeMaterialAttributes) Error on property Normal
[2018.11.11-04.58.20:321][  0]LogAIModule: Creating AISystem for world ThirdPersonExampleMap
[2018.11.11-04.58.20:378][  0]LogEditorServer: Finished looking for orphan Actors (0.000 secs)
[2018.11.11-04.58.20:399][  0]Cmd: MAP CHECKDEP NOCLEARLOG
[2018.11.11-04.58.20:645][  0]MapCheck: Map check complete: 0 Error(s), 0 Warning(s), took 245.589ms to complete.
[2018.11.11-04.58.20:645][  0]LogFileHelpers: Loading map 'ThirdPersonExampleMap' took 1.587
[2018.11.11-04.58.20:742][  0]LogSlate: Updating window title bar state: overlay mode, drag disabled, window buttons hidden, title bar hidden
[2018.11.11-04.58.20:748][  0]LogSlate: Updating window title bar state: overlay mode, drag disabled, window buttons hidden, title bar hidden
[2018.11.11-04.58.20:754][  0]LogSlate: Updating window title bar state: overlay mode, drag disabled, window buttons hidden, title bar hidden
[2018.11.11-04.58.20:760][  0]LogSlate: Updating window title bar state: overlay mode, drag disabled, window buttons hidden, title bar hidden
[2018.11.11-04.58.20:766][  0]LogCollectionManager: Loaded 0 collections in 0.001216 seconds
[2018.11.11-04.58.20:807][  0]LogFileCache: Scanning file cache for directory 'C:/Users/Zack/Documents/GitHub/Dinochan/Dinochan_v001_UE4.20.3/Saved/Collections/' took 0.01s
[2018.11.11-04.58.20:808][  0]LogFileCache: Scanning file cache for directory 'C:/Users/Zack/Documents/GitHub/Dinochan/Dinochan_v001_UE4.20.3/Content/Developers/Zack/Collections/' took 0.01s
[2018.11.11-04.58.20:808][  0]LogFileCache: Scanning file cache for directory 'C:/Users/Zack/Documents/GitHub/Dinochan/Dinochan_v001_UE4.20.3/Content/Collections/' took 0.01s
[2018.11.11-04.58.20:808][  0]LogCollectionManager: Rebuilt the GUID cache for 0 collections in 0.000000 seconds
[2018.11.11-04.58.20:815][  0]LogContentBrowser: Native class hierarchy populated in 0.0075 seconds. Added 2572 classes and 603 folders.
[2018.11.11-04.58.20:821][  0]LogContentBrowser: Native class hierarchy updated for 'WidgetCarousel' in 0.0002 seconds. Added 0 classes and 0 folders.
[2018.11.11-04.58.20:923][  0]LogContentBrowser: Native class hierarchy updated for 'AddContentDialog' in 0.0003 seconds. Added 0 classes and 0 folders.
[2018.11.11-04.58.20:927][  0]LogContentBrowser: Native class hierarchy updated for 'SceneOutliner' in 0.0002 seconds. Added 1 classes and 2 folders.
[2018.11.11-04.58.20:942][  0]LogSlate: Took 0.000621 seconds to synchronously load lazily loaded font '../../../Engine/Content/Slate/Fonts/Roboto-Regular.ttf' (155K)
[2018.11.11-04.58.20:944][  0]LogSlate: Took 0.000479 seconds to synchronously load lazily loaded font '../../../Engine/Content/Slate/Fonts/Roboto-Bold.ttf' (160K)
[2018.11.11-04.58.20:949][  0]LogSlate: Took 0.000548 seconds to synchronously load lazily loaded font '../../../Engine/Content/Editor/Slate/Fonts/FontAwesome.ttf' (139K)
[2018.11.11-04.58.21:020][  0]LogRenderer: Reallocating scene render targets to support 1208x576 Format 10 NumSamples 1 (Frame:1).
[2018.11.11-04.58.21:126][  0]LogContentBrowser: Native class hierarchy updated for 'HierarchicalLODOutliner' in 0.0003 seconds. Added 0 classes and 0 folders.
[2018.11.11-04.58.21:126][  0]LogLoad: (Engine Initialization) Total time: 11.00 seconds
[2018.11.11-04.58.21:126][  0]LogLoad: (Engine Initialization) Total Blueprint compile time: 0.00 seconds
[2018.11.11-04.58.21:135][  0]LogWindowsTextInputMethodSystem: Display: IME system now deactivated.
[2018.11.11-04.58.21:152][  0]LogAssetRegistry: Asset discovery search completed in 6.0666 seconds
[2018.11.11-04.58.21:153][  0]LogCollectionManager: Rebuilt the object cache for 0 collections in 0.000000 seconds (found 0 objects)
[2018.11.11-04.58.21:154][  0]LogCollectionManager: Fixed up redirectors for 0 collections in 0.000041 seconds (updated 0 objects)
[2018.11.11-04.58.21:155][  0]LogContentStreaming: Texture pool size now 1000 MB
[2018.11.11-04.58.21:165][  0]LogSlate: FSceneViewport::OnFocusLost() reason 2
[2018.11.11-04.58.21:186][  0]LogSlate: Took 0.000494 seconds to synchronously load lazily loaded font '../../../Engine/Content/Slate/Fonts/Roboto-Light.ttf' (167K)
[2018.11.11-04.58.42:014][488]LogSlate: Window 'Message Log' being destroyed
[2018.11.11-04.58.42:017][488]LogSlate: Window 'Message Log' being destroyed
[2018.11.11-04.58.44:165][746]LogSlate: FSceneViewport::OnFocusLost() reason 0
[2018.11.11-04.58.44:281][760]LogTemp: Repeating last play command: Selected Viewport
[2018.11.11-04.58.44:294][760]LogBlueprintUserMessages: Early PlayInEditor Detection: Level '/Game/ThirdPersonBP/Maps/ThirdPersonExampleMap.ThirdPersonExampleMap:PersistentLevel' has LevelScriptBlueprint '/Game/ThirdPersonBP/Maps/ThirdPersonExampleMap.ThirdPersonExampleMap:PersistentLevel.ThirdPersonExampleMap' with GeneratedClass '/Game/ThirdPersonBP/Maps/ThirdPersonExampleMap.ThirdPersonExampleMap_C' with ClassGeneratedBy '/Game/ThirdPersonBP/Maps/ThirdPersonExampleMap.ThirdPersonExampleMap:PersistentLevel.ThirdPersonExampleMap'
[2018.11.11-04.58.44:294][760]LogPlayLevel: PlayLevel: No blueprints needed recompiling
[2018.11.11-04.58.44:306][760]PIE: New page: PIE session: ThirdPersonExampleMap (Nov 10, 2018, 6:58:44 PM)
[2018.11.11-04.58.44:306][760]LogPlayLevel: Creating play world package: /Game/ThirdPersonBP/Maps/UEDPIE_0_ThirdPersonExampleMap
[2018.11.11-04.58.44:363][760]LogPhysics: Warning: UBodySetup::GetCookInfo: Triangle data from '/Game/ThirdPersonBP/Maps/UEDPIE_0_ThirdPersonExampleMap.ThirdPersonExampleMap:PersistentLevel.ModelComponent_99' invalid (21113 verts, 0 indices).
[2018.11.11-04.58.44:363][760]LogPhysics: Warning: Attempt to build physics data for /Game/ThirdPersonBP/Maps/UEDPIE_0_ThirdPersonExampleMap.ThirdPersonExampleMap:PersistentLevel.ModelComponent_99.BodySetup_0 when we are unable to.
[2018.11.11-04.58.44:413][760]LogPlayLevel: PIE: StaticDuplicateObject took: (0.106099s)
[2018.11.11-04.58.44:413][760]LogAIModule: Creating AISystem for world ThirdPersonExampleMap
[2018.11.11-04.58.44:413][760]LogPlayLevel: PIE: World Init took: (0.000661s)
[2018.11.11-04.58.44:413][760]LogPlayLevel: PIE: Created PIE world by copying editor world from /Game/ThirdPersonBP/Maps/ThirdPersonExampleMap.ThirdPersonExampleMap to /Game/ThirdPersonBP/Maps/UEDPIE_0_ThirdPersonExampleMap.ThirdPersonExampleMap (0.106910s)
[2018.11.11-04.58.44:437][760]LogInit: XAudio2 using 'Speakers (Realtek High Definition Audio)' : 2 channels at 48 kHz using 32 bits per sample (channel mask 0x3)
[2018.11.11-04.58.44:453][760]LogInit: FAudioDevice initialized.
[2018.11.11-04.58.44:499][760]LogLoad: Game class is 'ThirdPersonGameMode_C'
[2018.11.11-04.58.44:505][760]LogWorld: Bringing World /Game/ThirdPersonBP/Maps/UEDPIE_0_ThirdPersonExampleMap.ThirdPersonExampleMap up for play (max tick rate 0) at 2018.11.10-23.58.44
[2018.11.11-04.58.44:506][760]LogWorld: Bringing up level for play took: 0.005040
[2018.11.11-04.58.44:522][760]LogContentBrowser: Native class hierarchy updated for 'MovieSceneCapture' in 0.0003 seconds. Added 10 classes and 0 folders.
[2018.11.11-04.58.44:523][760]PIE: Play in editor start time for /Game/ThirdPersonBP/Maps/UEDPIE_0_ThirdPersonExampleMap -0.263
[2018.11.11-04.58.44:523][760]LogBlueprintUserMessages: Late PlayInEditor Detection: Level '/Game/ThirdPersonBP/Maps/ThirdPersonExampleMap.ThirdPersonExampleMap:PersistentLevel' has LevelScriptBlueprint '/Game/ThirdPersonBP/Maps/ThirdPersonExampleMap.ThirdPersonExampleMap:PersistentLevel.ThirdPersonExampleMap' with GeneratedClass '/Game/ThirdPersonBP/Maps/ThirdPersonExampleMap.ThirdPersonExampleMap_C' with ClassGeneratedBy '/Game/ThirdPersonBP/Maps/ThirdPersonExampleMap.ThirdPersonExampleMap:PersistentLevel.ThirdPersonExampleMap'
[2018.11.11-04.58.55:264][ 46]LogBlueprintUserMessages: Early EndPlayMap Detection: Level '/Game/ThirdPersonBP/Maps/ThirdPersonExampleMap.ThirdPersonExampleMap:PersistentLevel' has LevelScriptBlueprint '/Game/ThirdPersonBP/Maps/ThirdPersonExampleMap.ThirdPersonExampleMap:PersistentLevel.ThirdPersonExampleMap' with GeneratedClass '/Game/ThirdPersonBP/Maps/ThirdPersonExampleMap.ThirdPersonExampleMap_C' with ClassGeneratedBy '/Game/ThirdPersonBP/Maps/ThirdPersonExampleMap.ThirdPersonExampleMap:PersistentLevel.ThirdPersonExampleMap'
[2018.11.11-04.58.55:264][ 46]LogSlate: Updating window title bar state: overlay mode, drag disabled, window buttons hidden, title bar hidden
[2018.11.11-04.58.55:295][ 46]LogPlayLevel: Display: Shutting down PIE online subsystems
[2018.11.11-04.58.55:295][ 46]LogBlueprintUserMessages: Late EndPlayMap Detection: Level '/Game/ThirdPersonBP/Maps/ThirdPersonExampleMap.ThirdPersonExampleMap:PersistentLevel' has LevelScriptBlueprint '/Game/ThirdPersonBP/Maps/ThirdPersonExampleMap.ThirdPersonExampleMap:PersistentLevel.ThirdPersonExampleMap' with GeneratedClass '/Game/ThirdPersonBP/Maps/ThirdPersonExampleMap.ThirdPersonExampleMap_C' with ClassGeneratedBy '/Game/ThirdPersonBP/Maps/ThirdPersonExampleMap.ThirdPersonExampleMap:PersistentLevel.ThirdPersonExampleMap'
[2018.11.11-04.58.55:314][ 46]LogSlate: Updating window title bar state: overlay mode, drag disabled, window buttons hidden, title bar hidden
[2018.11.11-04.58.55:370][ 52]LogPlayLevel: Display: Destroying online subsystem :Context_2
[2018.11.11-04.58.55:729][ 95]Cmd: SELECT NONE
[2018.11.11-04.58.56:945][241]LogSlate: FSceneViewport::OnFocusLost() reason 0
[2018.11.11-04.58.57:037][252]LogTemp: Repeating last play command: Selected Viewport
[2018.11.11-04.58.57:051][252]LogBlueprintUserMessages: Early PlayInEditor Detection: Level '/Game/ThirdPersonBP/Maps/ThirdPersonExampleMap.ThirdPersonExampleMap:PersistentLevel' has LevelScriptBlueprint '/Game/ThirdPersonBP/Maps/ThirdPersonExampleMap.ThirdPersonExampleMap:PersistentLevel.ThirdPersonExampleMap' with GeneratedClass '/Game/ThirdPersonBP/Maps/ThirdPersonExampleMap.ThirdPersonExampleMap_C' with ClassGeneratedBy '/Game/ThirdPersonBP/Maps/ThirdPersonExampleMap.ThirdPersonExampleMap:PersistentLevel.ThirdPersonExampleMap'
[2018.11.11-04.58.57:051][252]LogPlayLevel: PlayLevel: No blueprints needed recompiling
[2018.11.11-04.58.57:051][252]PIE: New page: PIE session: ThirdPersonExampleMap (Nov 10, 2018, 6:58:57 PM)
[2018.11.11-04.58.57:051][252]LogPlayLevel: Creating play world package: /Game/ThirdPersonBP/Maps/UEDPIE_0_ThirdPersonExampleMap
[2018.11.11-04.58.57:102][252]LogPhysics: Warning: UBodySetup::GetCookInfo: Triangle data from '/Game/ThirdPersonBP/Maps/UEDPIE_0_ThirdPersonExampleMap.ThirdPersonExampleMap:PersistentLevel.ModelComponent_99' invalid (21113 verts, 0 indices).
[2018.11.11-04.58.57:102][252]LogPhysics: Warning: Attempt to build physics data for /Game/ThirdPersonBP/Maps/UEDPIE_0_ThirdPersonExampleMap.ThirdPersonExampleMap:PersistentLevel.ModelComponent_99.BodySetup_0 when we are unable to.
[2018.11.11-04.58.57:154][252]LogPlayLevel: PIE: StaticDuplicateObject took: (0.102555s)
[2018.11.11-04.58.57:154][252]LogAIModule: Creating AISystem for world ThirdPersonExampleMap
[2018.11.11-04.58.57:155][252]LogPlayLevel: PIE: World Init took: (0.000598s)
[2018.11.11-04.58.57:155][252]LogPlayLevel: PIE: Created PIE world by copying editor world from /Game/ThirdPersonBP/Maps/ThirdPersonExampleMap.ThirdPersonExampleMap to /Game/ThirdPersonBP/Maps/UEDPIE_0_ThirdPersonExampleMap.ThirdPersonExampleMap (0.103277s)
[2018.11.11-04.58.57:179][252]LogInit: XAudio2 using 'Speakers (Realtek High Definition Audio)' : 2 channels at 48 kHz using 32 bits per sample (channel mask 0x3)
[2018.11.11-04.58.57:194][252]LogInit: FAudioDevice initialized.
[2018.11.11-04.58.57:225][252]LogLoad: Game class is 'ThirdPersonGameMode_C'
[2018.11.11-04.58.57:230][252]LogWorld: Bringing World /Game/ThirdPersonBP/Maps/UEDPIE_0_ThirdPersonExampleMap.ThirdPersonExampleMap up for play (max tick rate 0) at 2018.11.10-23.58.57
[2018.11.11-04.58.57:230][252]LogWorld: Bringing up level for play took: 0.004970
[2018.11.11-04.58.57:243][252]PIE: Play in editor start time for /Game/ThirdPersonBP/Maps/UEDPIE_0_ThirdPersonExampleMap 0.456
[2018.11.11-04.58.57:243][252]LogBlueprintUserMessages: Late PlayInEditor Detection: Level '/Game/ThirdPersonBP/Maps/ThirdPersonExampleMap.ThirdPersonExampleMap:PersistentLevel' has LevelScriptBlueprint '/Game/ThirdPersonBP/Maps/ThirdPersonExampleMap.ThirdPersonExampleMap:PersistentLevel.ThirdPersonExampleMap' with GeneratedClass '/Game/ThirdPersonBP/Maps/ThirdPersonExampleMap.ThirdPersonExampleMap_C' with ClassGeneratedBy '/Game/ThirdPersonBP/Maps/ThirdPersonExampleMap.ThirdPersonExampleMap:PersistentLevel.ThirdPersonExampleMap'
[2018.11.11-04.59.07:976][538]LogBlueprintUserMessages: Early EndPlayMap Detection: Level '/Game/ThirdPersonBP/Maps/ThirdPersonExampleMap.ThirdPersonExampleMap:PersistentLevel' has LevelScriptBlueprint '/Game/ThirdPersonBP/Maps/ThirdPersonExampleMap.ThirdPersonExampleMap:PersistentLevel.ThirdPersonExampleMap' with GeneratedClass '/Game/ThirdPersonBP/Maps/ThirdPersonExampleMap.ThirdPersonExampleMap_C' with ClassGeneratedBy '/Game/ThirdPersonBP/Maps/ThirdPersonExampleMap.ThirdPersonExampleMap:PersistentLevel.ThirdPersonExampleMap'
[2018.11.11-04.59.07:976][538]LogSlate: Updating window title bar state: overlay mode, drag disabled, window buttons hidden, title bar hidden
[2018.11.11-04.59.08:012][538]LogPlayLevel: Display: Shutting down PIE online subsystems
[2018.11.11-04.59.08:012][538]LogBlueprintUserMessages: Late EndPlayMap Detection: Level '/Game/ThirdPersonBP/Maps/ThirdPersonExampleMap.ThirdPersonExampleMap:PersistentLevel' has LevelScriptBlueprint '/Game/ThirdPersonBP/Maps/ThirdPersonExampleMap.ThirdPersonExampleMap:PersistentLevel.ThirdPersonExampleMap' with GeneratedClass '/Game/ThirdPersonBP/Maps/ThirdPersonExampleMap.ThirdPersonExampleMap_C' with ClassGeneratedBy '/Game/ThirdPersonBP/Maps/ThirdPersonExampleMap.ThirdPersonExampleMap:PersistentLevel.ThirdPersonExampleMap'
[2018.11.11-04.59.08:032][538]LogSlate: Updating window title bar state: overlay mode, drag disabled, window buttons hidden, title bar hidden
[2018.11.11-04.59.08:079][542]LogPlayLevel: Display: Destroying online subsystem :Context_3
[2018.11.11-04.59.08:638][609]Cmd: SELECT NONE
[2018.11.11-04.59.09:148][670]LogSlate: FSceneViewport::OnFocusLost() reason 0
[2018.11.11-04.59.09:240][681]LogTemp: Repeating last play command: Selected Viewport
[2018.11.11-04.59.09:253][681]LogBlueprintUserMessages: Early PlayInEditor Detection: Level '/Game/ThirdPersonBP/Maps/ThirdPersonExampleMap.ThirdPersonExampleMap:PersistentLevel' has LevelScriptBlueprint '/Game/ThirdPersonBP/Maps/ThirdPersonExampleMap.ThirdPersonExampleMap:PersistentLevel.ThirdPersonExampleMap' with GeneratedClass '/Game/ThirdPersonBP/Maps/ThirdPersonExampleMap.ThirdPersonExampleMap_C' with ClassGeneratedBy '/Game/ThirdPersonBP/Maps/ThirdPersonExampleMap.ThirdPersonExampleMap:PersistentLevel.ThirdPersonExampleMap'
[2018.11.11-04.59.09:253][681]LogPlayLevel: PlayLevel: No blueprints needed recompiling
[2018.11.11-04.59.09:253][681]PIE: New page: PIE session: ThirdPersonExampleMap (Nov 10, 2018, 6:59:09 PM)
[2018.11.11-04.59.09:253][681]LogPlayLevel: Creating play world package: /Game/ThirdPersonBP/Maps/UEDPIE_0_ThirdPersonExampleMap
[2018.11.11-04.59.09:302][681]LogPhysics: Warning: UBodySetup::GetCookInfo: Triangle data from '/Game/ThirdPersonBP/Maps/UEDPIE_0_ThirdPersonExampleMap.ThirdPersonExampleMap:PersistentLevel.ModelComponent_99' invalid (21113 verts, 0 indices).
[2018.11.11-04.59.09:302][681]LogPhysics: Warning: Attempt to build physics data for /Game/ThirdPersonBP/Maps/UEDPIE_0_ThirdPersonExampleMap.ThirdPersonExampleMap:PersistentLevel.ModelComponent_99.BodySetup_0 when we are unable to.
[2018.11.11-04.59.09:351][681]LogPlayLevel: PIE: StaticDuplicateObject took: (0.097392s)
[2018.11.11-04.59.09:351][681]LogAIModule: Creating AISystem for world ThirdPersonExampleMap
[2018.11.11-04.59.09:351][681]LogPlayLevel: PIE: World Init took: (0.000598s)
[2018.11.11-04.59.09:351][681]LogPlayLevel: PIE: Created PIE world by copying editor world from /Game/ThirdPersonBP/Maps/ThirdPersonExampleMap.ThirdPersonExampleMap to /Game/ThirdPersonBP/Maps/UEDPIE_0_ThirdPersonExampleMap.ThirdPersonExampleMap (0.098115s)
[2018.11.11-04.59.09:375][681]LogInit: XAudio2 using 'Speakers (Realtek High Definition Audio)' : 2 channels at 48 kHz using 32 bits per sample (channel mask 0x3)
[2018.11.11-04.59.09:390][681]LogInit: FAudioDevice initialized.
[2018.11.11-04.59.09:422][681]LogLoad: Game class is 'ThirdPersonGameMode_C'
[2018.11.11-04.59.09:429][681]LogWorld: Bringing World /Game/ThirdPersonBP/Maps/UEDPIE_0_ThirdPersonExampleMap.ThirdPersonExampleMap up for play (max tick rate 0) at 2018.11.10-23.59.09
[2018.11.11-04.59.09:429][681]LogWorld: Bringing up level for play took: 0.006013
[2018.11.11-04.59.09:442][681]PIE: Play in editor start time for /Game/ThirdPersonBP/Maps/UEDPIE_0_ThirdPersonExampleMap 0.656
[2018.11.11-04.59.09:442][681]LogBlueprintUserMessages: Late PlayInEditor Detection: Level '/Game/ThirdPersonBP/Maps/ThirdPersonExampleMap.ThirdPersonExampleMap:PersistentLevel' has LevelScriptBlueprint '/Game/ThirdPersonBP/Maps/ThirdPersonExampleMap.ThirdPersonExampleMap:PersistentLevel.ThirdPersonExampleMap' with GeneratedClass '/Game/ThirdPersonBP/Maps/ThirdPersonExampleMap.ThirdPersonExampleMap_C' with ClassGeneratedBy '/Game/ThirdPersonBP/Maps/ThirdPersonExampleMap.ThirdPersonExampleMap:PersistentLevel.ThirdPersonExampleMap'
[2018.11.11-04.59.17:591][657]LogBlueprintUserMessages: Early EndPlayMap Detection: Level '/Game/ThirdPersonBP/Maps/ThirdPersonExampleMap.ThirdPersonExampleMap:PersistentLevel' has LevelScriptBlueprint '/Game/ThirdPersonBP/Maps/ThirdPersonExampleMap.ThirdPersonExampleMap:PersistentLevel.ThirdPersonExampleMap' with GeneratedClass '/Game/ThirdPersonBP/Maps/ThirdPersonExampleMap.ThirdPersonExampleMap_C' with ClassGeneratedBy '/Game/ThirdPersonBP/Maps/ThirdPersonExampleMap.ThirdPersonExampleMap:PersistentLevel.ThirdPersonExampleMap'
[2018.11.11-04.59.17:591][657]LogSlate: Updating window title bar state: overlay mode, drag disabled, window buttons hidden, title bar hidden
[2018.11.11-04.59.17:625][657]LogPlayLevel: Display: Shutting down PIE online subsystems
[2018.11.11-04.59.17:625][657]LogBlueprintUserMessages: Late EndPlayMap Detection: Level '/Game/ThirdPersonBP/Maps/ThirdPersonExampleMap.ThirdPersonExampleMap:PersistentLevel' has LevelScriptBlueprint '/Game/ThirdPersonBP/Maps/ThirdPersonExampleMap.ThirdPersonExampleMap:PersistentLevel.ThirdPersonExampleMap' with GeneratedClass '/Game/ThirdPersonBP/Maps/ThirdPersonExampleMap.ThirdPersonExampleMap_C' with ClassGeneratedBy '/Game/ThirdPersonBP/Maps/ThirdPersonExampleMap.ThirdPersonExampleMap:PersistentLevel.ThirdPersonExampleMap'
[2018.11.11-04.59.17:644][657]LogSlate: Updating window title bar state: overlay mode, drag disabled, window buttons hidden, title bar hidden
[2018.11.11-04.59.17:693][662]LogPlayLevel: Display: Destroying online subsystem :Context_4
[2018.11.11-04.59.18:276][732]Cmd: SELECT NONE
[2018.11.11-04.59.19:269][851]LogSlate: FSceneViewport::OnFocusLost() reason 0
[2018.11.11-04.59.19:360][862]LogTemp: Repeating last play command: Selected Viewport
[2018.11.11-04.59.19:373][862]LogBlueprintUserMessages: Early PlayInEditor Detection: Level '/Game/ThirdPersonBP/Maps/ThirdPersonExampleMap.ThirdPersonExampleMap:PersistentLevel' has LevelScriptBlueprint '/Game/ThirdPersonBP/Maps/ThirdPersonExampleMap.ThirdPersonExampleMap:PersistentLevel.ThirdPersonExampleMap' with GeneratedClass '/Game/ThirdPersonBP/Maps/ThirdPersonExampleMap.ThirdPersonExampleMap_C' with ClassGeneratedBy '/Game/ThirdPersonBP/Maps/ThirdPersonExampleMap.ThirdPersonExampleMap:PersistentLevel.ThirdPersonExampleMap'
[2018.11.11-04.59.19:373][862]LogPlayLevel: PlayLevel: No blueprints needed recompiling
[2018.11.11-04.59.19:373][862]PIE: New page: PIE session: ThirdPersonExampleMap (Nov 10, 2018, 6:59:19 PM)
[2018.11.11-04.59.19:373][862]LogPlayLevel: Creating play world package: /Game/ThirdPersonBP/Maps/UEDPIE_0_ThirdPersonExampleMap
[2018.11.11-04.59.19:420][862]LogPhysics: Warning: UBodySetup::GetCookInfo: Triangle data from '/Game/ThirdPersonBP/Maps/UEDPIE_0_ThirdPersonExampleMap.ThirdPersonExampleMap:PersistentLevel.ModelComponent_99' invalid (21113 verts, 0 indices).
[2018.11.11-04.59.19:420][862]LogPhysics: Warning: Attempt to build physics data for /Game/ThirdPersonBP/Maps/UEDPIE_0_ThirdPersonExampleMap.ThirdPersonExampleMap:PersistentLevel.ModelComponent_99.BodySetup_0 when we are unable to.
[2018.11.11-04.59.19:470][862]LogPlayLevel: PIE: StaticDuplicateObject took: (0.097352s)
[2018.11.11-04.59.19:471][862]LogAIModule: Creating AISystem for world ThirdPersonExampleMap
[2018.11.11-04.59.19:471][862]LogPlayLevel: PIE: World Init took: (0.000604s)
[2018.11.11-04.59.19:471][862]LogPlayLevel: PIE: Created PIE world by copying editor world from /Game/ThirdPersonBP/Maps/ThirdPersonExampleMap.ThirdPersonExampleMap to /Game/ThirdPersonBP/Maps/UEDPIE_0_ThirdPersonExampleMap.ThirdPersonExampleMap (0.098084s)
[2018.11.11-04.59.19:494][862]LogInit: XAudio2 using 'Speakers (Realtek High Definition Audio)' : 2 channels at 48 kHz using 32 bits per sample (channel mask 0x3)
[2018.11.11-04.59.19:509][862]LogInit: FAudioDevice initialized.
[2018.11.11-04.59.19:539][862]LogLoad: Game class is 'ThirdPersonGameMode_C'
[2018.11.11-04.59.19:544][862]LogWorld: Bringing World /Game/ThirdPersonBP/Maps/UEDPIE_0_ThirdPersonExampleMap.ThirdPersonExampleMap up for play (max tick rate 0) at 2018.11.10-23.59.19
[2018.11.11-04.59.19:544][862]LogWorld: Bringing up level for play took: 0.004971
[2018.11.11-04.59.19:557][862]PIE: Play in editor start time for /Game/ThirdPersonBP/Maps/UEDPIE_0_ThirdPersonExampleMap 0.771
[2018.11.11-04.59.19:557][862]LogBlueprintUserMessages: Late PlayInEditor Detection: Level '/Game/ThirdPersonBP/Maps/ThirdPersonExampleMap.ThirdPersonExampleMap:PersistentLevel' has LevelScriptBlueprint '/Game/ThirdPersonBP/Maps/ThirdPersonExampleMap.ThirdPersonExampleMap:PersistentLevel.ThirdPersonExampleMap' with GeneratedClass '/Game/ThirdPersonBP/Maps/ThirdPersonExampleMap.ThirdPersonExampleMap_C' with ClassGeneratedBy '/Game/ThirdPersonBP/Maps/ThirdPersonExampleMap.ThirdPersonExampleMap:PersistentLevel.ThirdPersonExampleMap'
[2018.11.11-05.00.39:810][488]LogBlueprintUserMessages: Early EndPlayMap Detection: Level '/Game/ThirdPersonBP/Maps/ThirdPersonExampleMap.ThirdPersonExampleMap:PersistentLevel' has LevelScriptBlueprint '/Game/ThirdPersonBP/Maps/ThirdPersonExampleMap.ThirdPersonExampleMap:PersistentLevel.ThirdPersonExampleMap' with GeneratedClass '/Game/ThirdPersonBP/Maps/ThirdPersonExampleMap.ThirdPersonExampleMap_C' with ClassGeneratedBy '/Game/ThirdPersonBP/Maps/ThirdPersonExampleMap.ThirdPersonExampleMap:PersistentLevel.ThirdPersonExampleMap'
[2018.11.11-05.00.39:810][488]LogSlate: Updating window title bar state: overlay mode, drag disabled, window buttons hidden, title bar hidden
[2018.11.11-05.00.39:845][488]LogPlayLevel: Display: Shutting down PIE online subsystems
[2018.11.11-05.00.39:845][488]LogBlueprintUserMessages: Late EndPlayMap Detection: Level '/Game/ThirdPersonBP/Maps/ThirdPersonExampleMap.ThirdPersonExampleMap:PersistentLevel' has LevelScriptBlueprint '/Game/ThirdPersonBP/Maps/ThirdPersonExampleMap.ThirdPersonExampleMap:PersistentLevel.ThirdPersonExampleMap' with GeneratedClass '/Game/ThirdPersonBP/Maps/ThirdPersonExampleMap.ThirdPersonExampleMap_C' with ClassGeneratedBy '/Game/ThirdPersonBP/Maps/ThirdPersonExampleMap.ThirdPersonExampleMap:PersistentLevel.ThirdPersonExampleMap'
[2018.11.11-05.00.39:864][488]LogSlate: Updating window title bar state: overlay mode, drag disabled, window buttons hidden, title bar hidden
[2018.11.11-05.00.39:910][492]LogPlayLevel: Display: Destroying online subsystem :Context_5
[2018.11.11-05.00.40:036][507]Cmd: SELECT NONE
[2018.11.11-05.05.21:928][651]LogSlate: FSceneViewport::OnFocusLost() reason 0
[2018.11.11-05.05.23:268][771]LogSlate: Window 'Dinochan_v001 - Unreal Editor' being destroyed
[2018.11.11-05.05.23:426][772]Cmd: QUIT_EDITOR
[2018.11.11-05.05.23:538][772]LogWindowsTextInputMethodSystem: Display: IME system now deactivated.
[2018.11.11-05.05.23:547][772]LogExit: Preparing to exit.
[2018.11.11-05.05.23:791][772]LogExit: Editor shut down
[2018.11.11-05.05.23:791][772]LogExit: Transaction tracking system shut down
[2018.11.11-05.05.24:049][772]LogExit: Object subsystem successfully closed.
[2018.11.11-05.05.24:073][772]LogShaderCompilers: Display: Shaders left to compile 0
[2018.11.11-05.05.24:076][772]LogD3D11RHI: Shutdown
[2018.11.11-05.05.24:076][772]LogD3D11RHI: CleanupD3DDevice
[2018.11.11-05.05.24:077][772]LogD3D11RHI: ~FD3D11DynamicRHI
[2018.11.11-05.05.24:124][772]LogModuleManager: Shutting down and abandoning module MovieSceneCapture (614)
[2018.11.11-05.05.24:124][772]LogModuleManager: Shutting down and abandoning module Voice (612)
[2018.11.11-05.05.24:124][772]LogModuleManager: Shutting down and abandoning module HierarchicalLODOutliner (610)
[2018.11.11-05.05.24:124][772]LogModuleManager: Shutting down and abandoning module SceneOutliner (608)
[2018.11.11-05.05.24:124][772]LogModuleManager: Shutting down and abandoning module AddContentDialog (606)
[2018.11.11-05.05.24:124][772]LogModuleManager: Shutting down and abandoning module WidgetCarousel (605)
[2018.11.11-05.05.24:124][772]LogModuleManager: Shutting down and abandoning module EditorWidgets (602)
[2018.11.11-05.05.24:124][772]LogModuleManager: Shutting down and abandoning module CollectionManager (600)
[2018.11.11-05.05.24:125][772]LogModuleManager: Shutting down and abandoning module StatsViewer (598)
[2018.11.11-05.05.24:125][772]LogModuleManager: Shutting down and abandoning module FoliageEdit (596)
[2018.11.11-05.05.24:125][772]LogModuleManager: Shutting down and abandoning module LandscapeEditor (594)
[2018.11.11-05.05.24:125][772]LogModuleManager: Shutting down and abandoning module MeshPaintMode (592)
[2018.11.11-05.05.24:125][772]LogModuleManager: Shutting down and abandoning module SceneDepthPickerMode (590)
[2018.11.11-05.05.24:125][772]LogModuleManager: Shutting down and abandoning module ActorPickerMode (588)
[2018.11.11-05.05.24:125][772]LogModuleManager: Shutting down and abandoning module GeometryMode (586)
[2018.11.11-05.05.24:125][772]LogModuleManager: Shutting down and abandoning module TextureAlignMode (584)
[2018.11.11-05.05.24:125][772]LogModuleManager: Shutting down and abandoning module BspMode (582)
[2018.11.11-05.05.24:125][772]LogModuleManager: Shutting down and abandoning module PIEPreviewDeviceProfileSelector (580)
[2018.11.11-05.05.24:125][772]LogModuleManager: Shutting down and abandoning module SequenceRecorderSections (578)
[2018.11.11-05.05.24:125][772]LogModuleManager: Shutting down and abandoning module AutomationWorker (576)
[2018.11.11-05.05.24:125][772]LogModuleManager: Shutting down and abandoning module AudioCaptureEditor (574)
[2018.11.11-05.05.24:125][772]LogModuleManager: Shutting down and abandoning module SequenceRecorder (573)
[2018.11.11-05.05.24:125][772]LogModuleManager: Shutting down and abandoning module MatineeToLevelSequence (570)
[2018.11.11-05.05.24:125][772]LogModuleManager: Shutting down and abandoning module LevelSequenceEditor (568)
[2018.11.11-05.05.24:125][772]LogModuleManager: Shutting down and abandoning module PlacementMode (567)
[2018.11.11-05.05.24:125][772]LogModuleManager: Shutting down and abandoning module MaterialEditor (566)
[2018.11.11-05.05.24:125][772]LogModuleManager: Shutting down and abandoning module WmfMediaFactory (562)
[2018.11.11-05.05.24:125][772]LogModuleManager: Shutting down and abandoning module WmfMediaEditor (560)
[2018.11.11-05.05.24:125][772]LogModuleManager: Shutting down and abandoning module MediaPlayerEditor (558)
[2018.11.11-05.05.24:125][772]LogModuleManager: Shutting down and abandoning module OpenExrWrapper (556)
[2018.11.11-05.05.24:125][772]LogModuleManager: Shutting down and abandoning module ImgMediaFactory (554)
[2018.11.11-05.05.24:125][772]LogModuleManager: Shutting down and abandoning module ImgMediaEditor (552)
[2018.11.11-05.05.24:125][772]LogModuleManager: Shutting down and abandoning module AvfMediaFactory (550)
[2018.11.11-05.05.24:125][772]LogModuleManager: Shutting down and abandoning module AvfMediaEditor (548)
[2018.11.11-05.05.24:125][772]LogModuleManager: Shutting down and abandoning module AndroidMediaFactory (546)
[2018.11.11-05.05.24:125][772]LogModuleManager: Shutting down and abandoning module AndroidMediaEditor (544)
[2018.11.11-05.05.24:125][772]LogModuleManager: Shutting down and abandoning module MagicLeapCameraPreviewFactory (542)
[2018.11.11-05.05.24:125][772]LogModuleManager: Shutting down and abandoning module MagicLeapMediaFactory (540)
[2018.11.11-05.05.24:125][772]LogModuleManager: Shutting down and abandoning module MagicLeapMediaEditor (538)
[2018.11.11-05.05.24:125][772]LogModuleManager: Shutting down and abandoning module CharacterAI (536)
[2018.11.11-05.05.24:125][772]LogModuleManager: Shutting down and abandoning module SmartSnapping (534)
[2018.11.11-05.05.24:125][772]LogModuleManager: Shutting down and abandoning module SessionServices (532)
[2018.11.11-05.05.24:125][772]LogModuleManager: Shutting down and abandoning module ViewportSnapping (530)
[2018.11.11-05.05.24:125][772]LogModuleManager: Shutting down and abandoning module ViewportInteraction (528)
[2018.11.11-05.05.24:125][772]LogModuleManager: Shutting down and abandoning module ClothPainter (526)
[2018.11.11-05.05.24:125][772]LogModuleManager: Shutting down and abandoning module SkeletalMeshEditor (525)
[2018.11.11-05.05.24:125][772]LogModuleManager: Shutting down and abandoning module LogVisualizer (522)
[2018.11.11-05.05.24:125][772]LogModuleManager: Shutting down and abandoning module IntroTutorials (520)
[2018.11.11-05.05.24:125][772]LogModuleManager: Shutting down and abandoning module GameProjectGeneration (519)
[2018.11.11-05.05.24:125][772]LogModuleManager: Shutting down and abandoning module LuminPlatformEditor (516)
[2018.11.11-05.05.24:125][772]LogModuleManager: Shutting down and abandoning module IOSPlatformEditor (514)
[2018.11.11-05.05.24:125][772]LogModuleManager: Shutting down and abandoning module HTML5PlatformEditor (512)
[2018.11.11-05.05.24:125][772]LogModuleManager: Shutting down and abandoning module AndroidPlatformEditor (510)
[2018.11.11-05.05.24:126][772]LogModuleManager: Shutting down and abandoning module AndroidDeviceDetection (509)
[2018.11.11-05.05.24:897][772]LogModuleManager: Shutting down and abandoning module WindowsPlatformEditor (506)
[2018.11.11-05.05.24:897][772]LogModuleManager: Shutting down and abandoning module LuminRuntimeSettings (504)
[2018.11.11-05.05.24:897][772]LogModuleManager: Shutting down and abandoning module IOSRuntimeSettings (502)
[2018.11.11-05.05.24:897][772]LogModuleManager: Shutting down and abandoning module AndroidRuntimeSettings (500)
[2018.11.11-05.05.24:897][772]LogModuleManager: Shutting down and abandoning module InputBindingEditor (498)
[2018.11.11-05.05.24:897][772]LogModuleManager: Shutting down and abandoning module MergeActors (496)
[2018.11.11-05.05.24:897][772]LogModuleManager: Shutting down and abandoning module LocalizationDashboard (494)
[2018.11.11-05.05.24:897][772]LogModuleManager: Shutting down and abandoning module LocalizationService (493)
[2018.11.11-05.05.24:897][772]LogModuleManager: Shutting down and abandoning module HardwareTargeting (490)
[2018.11.11-05.05.24:897][772]LogModuleManager: Shutting down and abandoning module DeviceProfileEditor (488)
[2018.11.11-05.05.24:897][772]LogModuleManager: Shutting down and abandoning module UndoHistory (486)
[2018.11.11-05.05.24:897][772]LogModuleManager: Shutting down and abandoning module XmlParser (484)
[2018.11.11-05.05.24:898][772]LogModuleManager: Shutting down and abandoning module Blutility (482)
[2018.11.11-05.05.24:898][772]LogModuleManager: Shutting down and abandoning module ProjectSettingsViewer (480)
[2018.11.11-05.05.24:898][772]LogModuleManager: Shutting down and abandoning module ProjectTargetPlatformEditor (479)
[2018.11.11-05.05.24:898][772]LogModuleManager: Shutting down and abandoning module EditorSettingsViewer (476)
[2018.11.11-05.05.24:898][772]LogModuleManager: Shutting down and abandoning module SettingsEditor (474)
[2018.11.11-05.05.24:898][772]LogModuleManager: Shutting down and abandoning module ProjectLauncher (472)
[2018.11.11-05.05.24:898][772]LogModuleManager: Shutting down and abandoning module SessionFrontend (470)
[2018.11.11-05.05.24:898][772]LogModuleManager: Shutting down and abandoning module ProfilerClient (468)
[2018.11.11-05.05.24:898][772]LogModuleManager: Shutting down and abandoning module DeviceManager (466)
[2018.11.11-05.05.24:898][772]LogModuleManager: Shutting down and abandoning module TargetDeviceServices (465)
[2018.11.11-05.05.24:963][772]LogModuleManager: Shutting down and abandoning module AutomationController (462)
[2018.11.11-05.05.24:963][772]LogModuleManager: Shutting down and abandoning module AutomationWindow (460)
[2018.11.11-05.05.24:963][772]LogModuleManager: Shutting down and abandoning module Layers (458)
[2018.11.11-05.05.24:963][772]LogModuleManager: Shutting down and abandoning module ComponentVisualizers (456)
[2018.11.11-05.05.24:963][772]LogModuleManager: Shutting down and abandoning module DetailCustomizations (454)
[2018.11.11-05.05.24:963][772]LogModuleManager: Shutting down and abandoning module PackagesDialog (452)
[2018.11.11-05.05.24:963][772]LogModuleManager: Shutting down and abandoning module Persona (450)
[2018.11.11-05.05.24:963][772]LogModuleManager: Shutting down and abandoning module AdvancedPreviewScene (449)
[2018.11.11-05.05.24:963][772]LogModuleManager: Shutting down and abandoning module AnimGraph (447)
[2018.11.11-05.05.24:963][772]LogModuleManager: Shutting down and abandoning module Kismet (444)
[2018.11.11-05.05.24:963][772]LogModuleManager: Shutting down and abandoning module GraphEditor (442)
[2018.11.11-05.05.24:963][772]LogModuleManager: Shutting down and abandoning module ClassViewer (440)
[2018.11.11-05.05.24:963][772]LogModuleManager: Shutting down and abandoning module Toolbox (438)
[2018.11.11-05.05.24:963][772]LogModuleManager: Shutting down and abandoning module ModuleUI (436)
[2018.11.11-05.05.24:963][772]LogModuleManager: Shutting down and abandoning module MovieSceneTools (434)
[2018.11.11-05.05.24:963][772]LogModuleManager: Shutting down and abandoning module OutputLog (432)
[2018.11.11-05.05.24:963][772]LogModuleManager: Shutting down and abandoning module GammaUI (430)
[2018.11.11-05.05.24:963][772]LogModuleManager: Shutting down and abandoning module Documentation (428)
[2018.11.11-05.05.24:963][772]LogModuleManager: Shutting down and abandoning module MovieSceneTracks (426)
[2018.11.11-05.05.24:963][772]LogModuleManager: Shutting down and abandoning module MovieScene (424)
[2018.11.11-05.05.24:963][772]LogModuleManager: Shutting down and abandoning module StreamingPauseRendering (422)
[2018.11.11-05.05.24:963][772]LogModuleManager: Shutting down and abandoning module LauncherPlatform (420)
[2018.11.11-05.05.24:963][772]LogModuleManager: Shutting down and abandoning module AnalyticsET (418)
[2018.11.11-05.05.24:963][772]LogModuleManager: Shutting down and abandoning module PortalServices (416)
[2018.11.11-05.05.24:963][772]LogModuleManager: Shutting down and abandoning module PortalRpc (414)
[2018.11.11-05.05.24:963][772]LogModuleManager: Shutting down and abandoning module MessagingRpc (412)
[2018.11.11-05.05.24:963][772]LogModuleManager: Shutting down and abandoning module AIModule (410)
[2018.11.11-05.05.24:963][772]LogModuleManager: Shutting down and abandoning module GameplayDebugger (409)
[2018.11.11-05.05.24:963][772]LogModuleManager: Shutting down and abandoning module AITestSuite (407)
[2018.11.11-05.05.24:964][772]LogModuleManager: Shutting down and abandoning module NavigationSystem (405)
[2018.11.11-05.05.24:964][772]LogModuleManager: Shutting down and abandoning module DesktopPlatform (402)
[2018.11.11-05.05.24:964][772]LogModuleManager: Shutting down and abandoning module ProfilerService (400)
[2018.11.11-05.05.25:002][772]LogModuleManager: Shutting down and abandoning module TaskGraph (398)
[2018.11.11-05.05.25:002][772]LogModuleManager: Shutting down and abandoning module SteamVRController (396)
[2018.11.11-05.05.25:002][772]LogModuleManager: Shutting down and abandoning module ProceduralMeshComponentEditor (394)
[2018.11.11-05.05.25:002][772]LogModuleManager: Shutting down and abandoning module ProceduralMeshComponent (392)
[2018.11.11-05.05.25:002][772]LogModuleManager: Shutting down and abandoning module OculusInput (390)
[2018.11.11-05.05.25:002][772]LogModuleManager: Shutting down and abandoning module MobilePatchingUtils (388)
[2018.11.11-05.05.25:002][772]LogModuleManager: Shutting down and abandoning module EditableMesh (386)
[2018.11.11-05.05.25:002][772]LogModuleManager: Shutting down and abandoning module CustomMeshComponent (384)
[2018.11.11-05.05.25:002][772]LogModuleManager: Shutting down and abandoning module CableComponent (382)
[2018.11.11-05.05.25:002][772]LogModuleManager: Shutting down and abandoning module AudioCapture (380)
[2018.11.11-05.05.25:002][772]LogModuleManager: Shutting down and abandoning module ArchVisCharacter (378)
[2018.11.11-05.05.25:002][772]LogModuleManager: Shutting down and abandoning module AndroidPermission (376)
[2018.11.11-05.05.25:002][772]LogModuleManager: Shutting down and abandoning module NUTUnrealEngine4 (374)
[2018.11.11-05.05.25:002][772]LogModuleManager: Shutting down and abandoning module NetcodeUnitTest (372)
[2018.11.11-05.05.25:002][772]LogModuleManager: Shutting down and abandoning module MediaCompositingEditor (370)
[2018.11.11-05.05.25:002][772]LogModuleManager: Shutting down and abandoning module MediaCompositing (368)
[2018.11.11-05.05.25:002][772]LogModuleManager: Shutting down and abandoning module LinearTimecode (366)
[2018.11.11-05.05.25:002][772]LogModuleManager: Shutting down and abandoning module ImgMedia (364)
[2018.11.11-05.05.25:005][772]LogModuleManager: Shutting down and abandoning module HTML5Networking (362)
[2018.11.11-05.05.25:005][772]LogModuleManager: Shutting down and abandoning module GeometryCacheTracks (360)
[2018.11.11-05.05.25:005][772]LogModuleManager: Shutting down and abandoning module GeometryCacheSequencer (358)
[2018.11.11-05.05.25:005][772]LogModuleManager: Shutting down and abandoning module BackChannel (356)
[2018.11.11-05.05.25:005][772]LogModuleManager: Shutting down and abandoning module AppleVision (354)
[2018.11.11-05.05.25:005][772]LogModuleManager: Shutting down and abandoning module AppleImageUtils (352)
[2018.11.11-05.05.25:005][772]LogModuleManager: Shutting down and abandoning module AlembicImporter (350)
[2018.11.11-05.05.25:005][772]LogModuleManager: Shutting down and abandoning module AlembicLibrary (349)
[2018.11.11-05.05.25:005][772]LogModuleManager: Shutting down and abandoning module GeometryCache (348)
[2018.11.11-05.05.25:005][772]LogModuleManager: Shutting down and abandoning module GeometryCacheEd (347)
[2018.11.11-05.05.25:005][772]LogModuleManager: Shutting down and abandoning module DatasmithContentEditor (342)
[2018.11.11-05.05.25:005][772]LogModuleManager: Shutting down and abandoning module DatasmithContent (340)
[2018.11.11-05.05.25:005][772]LogModuleManager: Shutting down and abandoning module SpeedTreeImporter (338)
[2018.11.11-05.05.25:005][772]LogModuleManager: Shutting down and abandoning module PluginBrowser (336)
[2018.11.11-05.05.25:005][772]LogModuleManager: Shutting down and abandoning module MobileLauncherProfileWizard (334)
[2018.11.11-05.05.25:005][772]LogModuleManager: Shutting down and abandoning module PolygonModeling (332)
[2018.11.11-05.05.25:005][772]LogModuleManager: Shutting down and abandoning module MeshEditor (330)
[2018.11.11-05.05.25:006][772]LogModuleManager: Shutting down and abandoning module CryptoKeysOpenSSL (328)
[2018.11.11-05.05.25:006][772]LogModuleManager: Shutting down and abandoning module CryptoKeys (326)
[2018.11.11-05.05.25:006][772]LogModuleManager: Shutting down and abandoning module VisualStudioSourceCodeAccess (324)
[2018.11.11-05.05.25:006][772]LogModuleManager: Shutting down and abandoning module VisualStudioCodeSourceCodeAccess (322)
[2018.11.11-05.05.25:006][772]LogModuleManager: Shutting down and abandoning module UObjectPlugin (320)
[2018.11.11-05.05.25:006][772]LogModuleManager: Shutting down and abandoning module SubversionSourceControl (318)
[2018.11.11-05.05.25:006][772]LogModuleManager: Shutting down and abandoning module PerforceSourceControl (316)
[2018.11.11-05.05.25:006][772]LogModuleManager: Shutting down and abandoning module GitSourceControl (314)
[2018.11.11-05.05.25:006][772]LogModuleManager: Shutting down and abandoning module SourceControl (313)
[2018.11.11-05.05.25:006][772]LogModuleManager: Shutting down and abandoning module CLionSourceCodeAccess (310)
[2018.11.11-05.05.25:006][772]LogModuleManager: Shutting down and abandoning module LightPropagationVolumeEditor (308)
[2018.11.11-05.05.25:006][772]LogModuleManager: Shutting down and abandoning module PaperTiledImporter (306)
[2018.11.11-05.05.25:006][772]LogModuleManager: Shutting down and abandoning module PaperSpriteSheetImporter (304)
[2018.11.11-05.05.25:006][772]LogModuleManager: Shutting down and abandoning module Paper2DEditor (302)
[2018.11.11-05.05.25:006][772]LogModuleManager: Shutting down and abandoning module MeshPaint (301)
[2018.11.11-05.05.25:006][772]LogModuleManager: Shutting down and abandoning module RuntimePhysXCooking (298)
[2018.11.11-05.05.25:006][772]LogModuleManager: Shutting down and abandoning module PhysXVehiclesEditor (296)
[2018.11.11-05.05.25:006][772]LogModuleManager: Shutting down and abandoning module PhysXVehicles (294)
[2018.11.11-05.05.25:006][772]LogModuleManager: Shutting down and abandoning module OculusEditor (292)
[2018.11.11-05.05.25:006][772]LogModuleManager: Shutting down and abandoning module LocationServicesBPLibrary (290)
[2018.11.11-05.05.25:006][772]LogModuleManager: Shutting down and abandoning module ImmediatePhysicsEditor (288)
[2018.11.11-05.05.25:006][772]LogModuleManager: Shutting down and abandoning module ImmediatePhysics (286)
[2018.11.11-05.05.25:006][772]LogModuleManager: Shutting down and abandoning module ActorSequence (284)
[2018.11.11-05.05.25:006][772]LogModuleManager: Shutting down and abandoning module UdpMessaging (282)
[2018.11.11-05.05.25:107][772]LogModuleManager: Shutting down and abandoning module TcpMessaging (280)
[2018.11.11-05.05.25:208][772]LogModuleManager: Shutting down and abandoning module MagicLeapAudio (278)
[2018.11.11-05.05.25:208][772]LogModuleManager: Shutting down and abandoning module GameplayTagsEditor (276)
[2018.11.11-05.05.25:208][772]LogModuleManager: Shutting down and abandoning module FacialAnimationEditor (274)
[2018.11.11-05.05.25:208][772]LogModuleManager: Shutting down and abandoning module FacialAnimation (272)
[2018.11.11-05.05.25:208][772]LogModuleManager: Shutting down and abandoning module DataValidation (270)
[2018.11.11-05.05.25:208][772]LogModuleManager: Shutting down and abandoning module AssetManagerEditor (268)
[2018.11.11-05.05.25:208][772]LogModuleManager: Shutting down and abandoning module LevelEditor (267)
[2018.11.11-05.05.25:208][772]LogModuleManager: Shutting down and abandoning module PixelInspectorModule (266)
[2018.11.11-05.05.25:208][772]LogModuleManager: Shutting down and abandoning module CommonMenuExtensions (264)
[2018.11.11-05.05.25:208][772]LogModuleManager: Shutting down and abandoning module MainFrame (262)
[2018.11.11-05.05.25:209][772]LogModuleManager: Shutting down and abandoning module HotReload (261)
[2018.11.11-05.05.25:209][772]LogModuleManager: Shutting down and abandoning module ContentBrowser (257)
[2018.11.11-05.05.25:210][772]LogModuleManager: Shutting down and abandoning module TreeMap (255)
[2018.11.11-05.05.25:210][772]LogModuleManager: Shutting down and abandoning module LightPropagationVolumeRuntime (252)
[2018.11.11-05.05.25:210][772]LogModuleManager: Shutting down and abandoning module AISupportModule (250)
[2018.11.11-05.05.25:210][772]LogModuleManager: Shutting down and abandoning module Paper2D (248)
[2018.11.11-05.05.25:210][772]LogModuleManager: Shutting down and abandoning module WindowsMoviePlayer (246)
[2018.11.11-05.05.25:210][772]LogModuleManager: Shutting down and abandoning module WmfMedia (244)
[2018.11.11-05.05.25:211][772]LogModuleManager: Shutting down and abandoning module Media (243)
[2018.11.11-05.05.25:217][772]LogModuleManager: Shutting down and abandoning module PacketHandler (240)
[2018.11.11-05.05.25:217][772]LogModuleManager: Shutting down and abandoning module ClothingSystemEditor (238)
[2018.11.11-05.05.25:217][772]LogModuleManager: Shutting down and abandoning module ClothingSystemRuntime (236)
[2018.11.11-05.05.25:217][772]LogModuleManager: Shutting down and abandoning module MediaAssets (234)
[2018.11.11-05.05.25:217][772]LogModuleManager: Shutting down and abandoning module Overlay (232)
[2018.11.11-05.05.25:217][772]LogModuleManager: Shutting down and abandoning module OverlayEditor (231)
[2018.11.11-05.05.25:217][772]LogModuleManager: Shutting down and abandoning module VREditor (228)
[2018.11.11-05.05.25:217][772]LogModuleManager: Shutting down and abandoning module StringTableEditor (226)
[2018.11.11-05.05.25:217][772]LogModuleManager: Shutting down and abandoning module GameplayTasksEditor (224)
[2018.11.11-05.05.25:217][772]LogModuleManager: Shutting down and abandoning module BehaviorTreeEditor (222)
[2018.11.11-05.05.25:217][772]LogModuleManager: Shutting down and abandoning module FunctionalTesting (220)
[2018.11.11-05.05.25:217][772]LogModuleManager: Shutting down and abandoning module CollisionAnalyzer (218)
[2018.11.11-05.05.25:217][772]LogModuleManager: Shutting down and abandoning module WorkspaceMenuStructure (217)
[2018.11.11-05.05.25:217][772]LogModuleManager: Shutting down and abandoning module UMG (214)
[2018.11.11-05.05.25:217][772]LogModuleManager: Shutting down and abandoning module UMGEditor (213)
[2018.11.11-05.05.25:218][772]LogModuleManager: Shutting down and abandoning module Sequencer (212)
[2018.11.11-05.05.25:218][772]LogModuleManager: Shutting down and abandoning module MessageLog (209)
[2018.11.11-05.05.25:218][772]LogModuleManager: Shutting down and abandoning module SlateReflector (204)
[2018.11.11-05.05.25:218][772]LogModuleManager: Shutting down and abandoning module Slate (202)
[2018.11.11-05.05.25:218][772]LogModuleManager: Shutting down and abandoning module EditorStyle (200)
[2018.11.11-05.05.25:219][772]LogModuleManager: Shutting down and abandoning module MRMesh (198)
[2018.11.11-05.05.25:219][772]LogModuleManager: Shutting down and abandoning module SourceCodeAccess (196)
[2018.11.11-05.05.25:219][772]LogModuleManager: Shutting down and abandoning module HeadMountedDisplay (194)
[2018.11.11-05.05.25:219][772]LogModuleManager: Shutting down and abandoning module XAudio2 (192)
[2018.11.11-05.05.25:219][772]LogModuleManager: Shutting down and abandoning module Networking (190)
[2018.11.11-05.05.25:219][772]LogModuleManager: Shutting down and abandoning module Core (188)
[2018.11.11-05.05.25:219][772]LogModuleManager: Shutting down and abandoning module LevelSequence (186)
[2018.11.11-05.05.25:219][772]LogModuleManager: Shutting down and abandoning module KismetCompiler (184)
[2018.11.11-05.05.25:219][772]LogModuleManager: Shutting down and abandoning module MeshUtilities (182)
[2018.11.11-05.05.25:219][772]LogModuleManager: Shutting down and abandoning module MeshMergeUtilities (181)
[2018.11.11-05.05.25:219][772]LogModuleManager: Shutting down and abandoning module MeshReductionInterface (180)
[2018.11.11-05.05.25:219][772]LogModuleManager: Shutting down and abandoning module SimplygonSwarm (179)
[2018.11.11-05.05.25:219][772]LogModuleManager: Shutting down and abandoning module ProxyLODMeshReduction (177)
[2018.11.11-05.05.25:219][772]LogModuleManager: Shutting down and abandoning module SimplygonMeshReduction (175)
[2018.11.11-05.05.25:219][772]LogModuleManager: Shutting down and abandoning module QuadricMeshReduction (173)
[2018.11.11-05.05.25:219][772]LogModuleManager: Shutting down and abandoning module MaterialBaking (169)
[2018.11.11-05.05.25:219][772]LogModuleManager: Shutting down and abandoning module DirectoryWatcher (165)
[2018.11.11-05.05.25:220][772]LogModuleManager: Shutting down and abandoning module DerivedDataCache (162)
[2018.11.11-05.05.25:280][772]LogDerivedDataCache: Shutdown
[2018.11.11-05.05.25:280][772]LogModuleManager: Shutting down and abandoning module XGEController (160)
[2018.11.11-05.05.25:280][772]LogXGEController: Cleaning working directory: C:/Users/Zack/AppData/Local/Temp/UnrealXGEWorkingDir/
[2018.11.11-05.05.25:280][772]LogModuleManager: Shutting down and abandoning module TargetPlatform (158)
[2018.11.11-05.05.25:280][772]LogModuleManager: Shutting down and abandoning module VulkanShaderFormat (157)
[2018.11.11-05.05.25:280][772]LogModuleManager: Shutting down and abandoning module ShaderFormatVectorVM (155)
[2018.11.11-05.05.25:281][772]LogModuleManager: Shutting down and abandoning module ShaderFormatOpenGL (153)
[2018.11.11-05.05.25:281][772]LogModuleManager: Shutting down and abandoning module ShaderFormatD3D (151)
[2018.11.11-05.05.25:281][772]LogModuleManager: Shutting down and abandoning module MetalShaderFormat (149)
[2018.11.11-05.05.25:281][772]LogModuleManager: Shutting down and abandoning module TextureFormatUncompressed (147)
[2018.11.11-05.05.25:281][772]LogModuleManager: Shutting down and abandoning module TextureFormatPVR (145)
[2018.11.11-05.05.25:281][772]LogModuleManager: Shutting down and abandoning module TextureFormatDXT (143)
[2018.11.11-05.05.25:281][772]LogModuleManager: Shutting down and abandoning module TextureFormatIntelISPCTexComp (141)
[2018.11.11-05.05.25:281][772]LogModuleManager: Shutting down and abandoning module TextureFormatASTC (139)
[2018.11.11-05.05.25:281][772]LogModuleManager: Shutting down and abandoning module ImageWrapper (138)
[2018.11.11-05.05.25:281][772]LogModuleManager: Shutting down and abandoning module TextureFormatAndroid (135)
[2018.11.11-05.05.25:281][772]LogModuleManager: Shutting down and abandoning module AudioFormatOpus (133)
[2018.11.11-05.05.25:281][772]LogModuleManager: Shutting down and abandoning module AudioFormatOgg (131)
[2018.11.11-05.05.25:281][772]LogModuleManager: Shutting down and abandoning module AudioFormatADPCM (129)
[2018.11.11-05.05.25:281][772]LogModuleManager: Shutting down and abandoning module LuminTargetPlatform (127)
[2018.11.11-05.05.25:281][772]LogModuleManager: Shutting down and abandoning module LinuxTargetPlatform (125)
[2018.11.11-05.05.25:281][772]LogModuleManager: Shutting down and abandoning module LinuxServerTargetPlatform (123)
[2018.11.11-05.05.25:281][772]LogModuleManager: Shutting down and abandoning module LinuxNoEditorTargetPlatform (121)
[2018.11.11-05.05.25:281][772]LogModuleManager: Shutting down and abandoning module LinuxClientTargetPlatform (119)
[2018.11.11-05.05.25:281][772]LogModuleManager: Shutting down and abandoning module TVOSTargetPlatform (117)
[2018.11.11-05.05.25:281][772]LogModuleManager: Shutting down and abandoning module Messaging (115)
[2018.11.11-05.05.25:281][772]LogModuleManager: Shutting down and abandoning module IOSTargetPlatform (113)
[2018.11.11-05.05.25:282][772]LogModuleManager: Shutting down and abandoning module HTML5TargetPlatform (111)
[2018.11.11-05.05.25:282][772]LogModuleManager: Shutting down and abandoning module AndroidTargetPlatform (109)
[2018.11.11-05.05.25:287][772]LogModuleManager: Shutting down and abandoning module WindowsTargetPlatform (107)
[2018.11.11-05.05.25:287][772]LogModuleManager: Shutting down and abandoning module WindowsServerTargetPlatform (105)
[2018.11.11-05.05.25:287][772]LogModuleManager: Shutting down and abandoning module WindowsNoEditorTargetPlatform (103)
[2018.11.11-05.05.25:287][772]LogModuleManager: Shutting down and abandoning module WindowsClientTargetPlatform (101)
[2018.11.11-05.05.25:287][772]LogModuleManager: Shutting down and abandoning module MacTargetPlatform (99)
[2018.11.11-05.05.25:287][772]LogModuleManager: Shutting down and abandoning module MacServerTargetPlatform (97)
[2018.11.11-05.05.25:287][772]LogModuleManager: Shutting down and abandoning module MacNoEditorTargetPlatform (95)
[2018.11.11-05.05.25:287][772]LogModuleManager: Shutting down and abandoning module MacClientTargetPlatform (93)
[2018.11.11-05.05.25:287][772]LogModuleManager: Shutting down and abandoning module AllDesktopTargetPlatform (91)
[2018.11.11-05.05.25:287][772]LogModuleManager: Shutting down and abandoning module InputCore (88)
[2018.11.11-05.05.25:287][772]LogModuleManager: Shutting down and abandoning module Settings (86)
[2018.11.11-05.05.25:287][772]LogModuleManager: Shutting down and abandoning module PhysXCooking (84)
[2018.11.11-05.05.25:287][772]LogModuleManager: Shutting down and abandoning module SteamVR (82)
[2018.11.11-05.05.25:288][772]LogModuleManager: Shutting down and abandoning module OculusHMD (80)
[2018.11.11-05.05.25:288][772]LogModuleManager: Shutting down and abandoning module ExampleDeviceProfileSelector (78)
[2018.11.11-05.05.25:288][772]LogModuleManager: Shutting down and abandoning module LauncherChunkInstaller (76)
[2018.11.11-05.05.25:288][772]LogModuleManager: Shutting down and abandoning module OnlineBlueprintSupport (74)
[2018.11.11-05.05.25:288][772]LogModuleManager: Shutting down and abandoning module OnlineSubsystem (70)
[2018.11.11-05.05.25:288][772]LogModuleManager: Shutting down and abandoning module XMPP (65)
[2018.11.11-05.05.25:288][772]LogModuleManager: Shutting down and abandoning module WebSockets (64)
[2018.11.11-05.05.25:322][772]LogModuleManager: Shutting down and abandoning module HTTP (61)
[2018.11.11-05.05.25:322][772]LogHttp: Display: Http module shutting down, but needs to wait on 1 outstanding Http requests:
[2018.11.11-05.05.25:322][772]LogHttp: Display: 	verb=[POST] url=[https://datarouter.ol.epicgames.com/datarouter/api/v1/public/data?SessionID=%7BF72BC615-47BA-95B6-6821-C6942D58E56D%7D&AppID=UEEditor.Rocket.Release&AppVersion=4.20.3-4369336%2B%2B%2BUE4%2BRelease-4.20&UserID=f7245a714475df0da56640a24cdfe704%7Ccc3c07623d2f4874abe0ae53f80dc37e%7Cf07df836-d0d7-4e14-b834-7ee2da16fd21&AppEnvironment=datacollector-binary&UploadType=eteventstream] status=Processing
[2018.11.11-05.05.25:345][772]LogModuleManager: Shutting down and abandoning module SSL (60)
[2018.11.11-05.05.25:346][772]LogModuleManager: Shutting down and abandoning module MagicLeapEmulator (56)
[2018.11.11-05.05.25:346][772]LogModuleManager: Shutting down and abandoning module MagicLeapPrivileges (54)
[2018.11.11-05.05.25:346][772]LogModuleManager: Shutting down and abandoning module MagicLeapIdentity (52)
[2018.11.11-05.05.25:346][772]LogModuleManager: Shutting down and abandoning module MagicLeapHelperVulkan (50)
[2018.11.11-05.05.25:346][772]LogModuleManager: Shutting down and abandoning module MagicLeapHelperOpenGL (48)
[2018.11.11-05.05.25:346][772]LogModuleManager: Shutting down and abandoning module MagicLeapSecureStorage (46)
[2018.11.11-05.05.25:346][772]LogModuleManager: Shutting down and abandoning module MagicLeapGestures (44)
[2018.11.11-05.05.25:346][772]LogModuleManager: Shutting down and abandoning module MagicLeapEyeTracker (42)
[2018.11.11-05.05.25:346][772]LogModuleManager: Shutting down and abandoning module MagicLeapController (40)
[2018.11.11-05.05.25:346][772]LogSlate: Slate User Destroyed.  User Index 0, Is Virtual User: 0
[2018.11.11-05.05.25:346][772]LogModuleManager: Shutting down and abandoning module MagicLeap (38)
[2018.11.11-05.05.25:346][772]LogModuleManager: Shutting down and abandoning module AnimationModifiers (36)
[2018.11.11-05.05.25:346][772]LogModuleManager: Shutting down and abandoning module PropertyEditor (35)
[2018.11.11-05.05.25:346][772]LogModuleManager: Shutting down and abandoning module AudioEditor (32)
[2018.11.11-05.05.25:346][772]LogModuleManager: Shutting down and abandoning module TextureCompressor (30)
[2018.11.11-05.05.25:346][772]LogModuleManager: Shutting down and abandoning module ShaderCore (28)
[2018.11.11-05.05.25:346][772]LogModuleManager: Shutting down and abandoning module Landscape (26)
[2018.11.11-05.05.25:346][772]LogModuleManager: Shutting down and abandoning module SlateRHIRenderer (24)
[2018.11.11-05.05.25:346][772]LogModuleManager: Shutting down and abandoning module OpenGLDrv (22)
[2018.11.11-05.05.25:346][772]LogModuleManager: Shutting down and abandoning module D3D11RHI (20)
[2018.11.11-05.05.25:346][772]LogModuleManager: Shutting down and abandoning module AnimGraphRuntime (18)
[2018.11.11-05.05.25:346][772]LogModuleManager: Shutting down and abandoning module Renderer (16)
[2018.11.11-05.05.25:346][772]LogModuleManager: Shutting down and abandoning module Engine (14)
[2018.11.11-05.05.25:346][772]LogModuleManager: Shutting down and abandoning module CoreUObject (12)
[2018.11.11-05.05.25:346][772]LogModuleManager: Shutting down and abandoning module NetworkFile (10)
[2018.11.11-05.05.25:346][772]LogModuleManager: Shutting down and abandoning module CookedIterativeFile (8)
[2018.11.11-05.05.25:346][772]LogModuleManager: Shutting down and abandoning module StreamingFile (6)
[2018.11.11-05.05.25:346][772]LogModuleManager: Shutting down and abandoning module SandboxFile (4)
[2018.11.11-05.05.25:346][772]LogModuleManager: Shutting down and abandoning module PakFile (2)
[2018.11.11-05.05.25:351][772]LogExit: Exiting.
[2018.11.11-05.05.25:361][772]Log file closed, 11/11/18 00:05:25
