Log file open, 02/10/19 20:52:19
LogWindows: Failed to load 'aqProf.dll' (GetLastError=126)
LogWindows: File 'aqProf.dll' does not exist
LogWindows: Failed to load 'VSPerf140.dll' (GetLastError=126)
LogWindows: File 'VSPerf140.dll' does not exist
LogWindows: Failed to load 'VtuneApi.dll' (GetLastError=126)
LogWindows: File 'VtuneApi.dll' does not exist
LogWindows: Failed to load 'VtuneApi32e.dll' (GetLastError=126)
LogWindows: File 'VtuneApi32e.dll' does not exist
LogInit: Display: Running engine for game: Dinochan_v001
LogPlatformFile: Not using cached read wrapper
LogTaskGraph: Started task graph with 5 named threads and 35 total threads with 3 sets of task threads.
LogStats: Stats thread started at 1.582309
LogD3D11RHI: Loaded GFSDK_Aftermath_Lib.x64.dll
LogICUInternationalization: Display: ICU TimeZone Detection - Raw Offset: -5:00, Platform Override: ''
LogPluginManager: Mounting plugin Paper2D
LogPluginManager: Mounting plugin AISupport
LogPluginManager: Mounting plugin LightPropagationVolume
LogPluginManager: Mounting plugin CLionSourceCodeAccess
LogPluginManager: Mounting plugin CodeLiteSourceCodeAccess
LogPluginManager: Mounting plugin GitSourceControl
LogPluginManager: Mounting plugin KDevelopSourceCodeAccess
LogPluginManager: Mounting plugin NullSourceCodeAccess
LogPluginManager: Mounting plugin PerforceSourceControl
LogPluginManager: Mounting plugin SubversionSourceControl
LogPluginManager: Mounting plugin UObjectPlugin
LogPluginManager: Mounting plugin VisualStudioCodeSourceCodeAccess
LogPluginManager: Mounting plugin VisualStudioSourceCodeAccess
LogPluginManager: Mounting plugin XCodeSourceCodeAccess
LogPluginManager: Mounting plugin AssetManagerEditor
LogPluginManager: Mounting plugin CryptoKeys
LogPluginManager: Mounting plugin DataValidation
LogPluginManager: Mounting plugin FacialAnimation
LogPluginManager: Mounting plugin GameplayTagsEditor
LogPluginManager: Mounting plugin MacGraphicsSwitching
LogPluginManager: Mounting plugin MeshEditor
LogPluginManager: Mounting plugin MobileLauncherProfileWizard
LogPluginManager: Mounting plugin PluginBrowser
LogPluginManager: Mounting plugin SpeedTreeImporter
LogPluginManager: Mounting plugin DatasmithContent
LogPluginManager: Mounting plugin AlembicImporter
LogPluginManager: Mounting plugin AppleImageUtils
LogPluginManager: Mounting plugin AppleVision
LogPluginManager: Mounting plugin BackChannel
LogPluginManager: Mounting plugin CharacterAI
LogPluginManager: Mounting plugin GeometryCache
LogPluginManager: Mounting plugin HTML5Networking
LogPluginManager: Mounting plugin ProxyLODPlugin
LogPluginManager: Mounting plugin MagicLeap
LogPluginManager: Mounting plugin MagicLeapEmulator
LogPluginManager: Mounting plugin MagicLeapMedia
LogPluginManager: Mounting plugin AndroidMedia
LogPluginManager: Mounting plugin AvfMedia
LogPluginManager: Mounting plugin ImgMedia
LogPluginManager: Mounting plugin LinearTimecode
LogPluginManager: Mounting plugin MediaCompositing
LogPluginManager: Mounting plugin MediaPlayerEditor
LogPluginManager: Mounting plugin WmfMedia
LogPluginManager: Mounting plugin TcpMessaging
LogPluginManager: Mounting plugin UdpMessaging
LogPluginManager: Mounting plugin ActorSequence
LogPluginManager: Mounting plugin LevelSequenceEditor
LogPluginManager: Mounting plugin MatineeToLevelSequence
LogPluginManager: Mounting plugin NetcodeUnitTest
LogPluginManager: Mounting plugin NUTUnrealEngine4
LogPluginManager: Mounting plugin OnlineSubsystemGooglePlay
LogPluginManager: Mounting plugin OnlineSubsystemIOS
LogPluginManager: Mounting plugin OnlineSubsystem
LogPluginManager: Mounting plugin OnlineSubsystemNull
LogPluginManager: Mounting plugin OnlineSubsystemUtils
LogPluginManager: Mounting plugin LauncherChunkInstaller
LogPluginManager: Mounting plugin AndroidDeviceProfileSelector
LogPluginManager: Mounting plugin AndroidMoviePlayer
LogPluginManager: Mounting plugin AndroidPermission
LogPluginManager: Mounting plugin AppleMoviePlayer
LogPluginManager: Mounting plugin ArchVisCharacter
LogPluginManager: Mounting plugin AudioCapture
LogPluginManager: Mounting plugin CableComponent
LogPluginManager: Mounting plugin CustomMeshComponent
LogPluginManager: Mounting plugin EditableMesh
LogPluginManager: Mounting plugin ExampleDeviceProfileSelector
LogPluginManager: Mounting plugin GoogleCloudMessaging
LogPluginManager: Mounting plugin ImmediatePhysics
LogPluginManager: Mounting plugin IOSDeviceProfileSelector
LogPluginManager: Mounting plugin LinuxDeviceProfileSelector
LogPluginManager: Mounting plugin LocationServicesBPLibrary
LogPluginManager: Mounting plugin MobilePatchingUtils
LogPluginManager: Mounting plugin OculusVR
LogPluginManager: Plugin shader directory ../../../Engine/Plugins/Runtime/Oculus/OculusVR/Shaders found
LogPluginManager: Mapping shader source directory ../../../Engine/Plugins/Runtime/Oculus/OculusVR/Shaders to virtual directory /Plugin/OculusVR
LogPluginManager: Mounting plugin PhysXVehicles
LogPluginManager: Mounting plugin ProceduralMeshComponent
LogPluginManager: Mounting plugin RuntimePhysXCooking
LogPluginManager: Mounting plugin SteamVR
LogPluginManager: Mounting plugin WindowsMoviePlayer
LogStreaming: Display: Took  0.270s to configure plugins.
LogInit: Using libcurl 7.55.1-DEV
LogInit:  - built for x86_64-pc-win32
LogInit:  - supports SSL with OpenSSL/1.0.2h
LogInit:  - supports HTTP deflate (compression) using libz 1.2.8
LogInit:  - other features:
LogInit:      CURL_VERSION_SSL
LogInit:      CURL_VERSION_LIBZ
LogInit:      CURL_VERSION_IPV6
LogInit:      CURL_VERSION_ASYNCHDNS
LogInit:      CURL_VERSION_LARGEFILE
LogInit:      CURL_VERSION_IDN
LogInit:  CurlRequestOptions (configurable via config and command line):
LogInit:  - bVerifyPeer = false  - Libcurl will NOT verify peer certificate
LogInit:  - bUseHttpProxy = false  - Libcurl will NOT use HTTP proxy
LogInit:  - bDontReuseConnections = false  - Libcurl will reuse connections
LogInit:  - CertBundlePath = nullptr  - Libcurl will use whatever was configured at build time.
LogInit:  - MaxHostConnections = 16  - Libcurl will limit the number of connections to a host
LogInit:  - LocalHostAddr = Default
LogInit:  - BufferSize = 65536
LogInit: WinSock: version 1.1 (2.2), MaxSocks=32767, MaxUdp=65467
LogInit: Build: ++UE4+Release-4.20-CL-4369336
LogInit: Engine Version: 4.20.3-4369336+++UE4+Release-4.20
LogInit: Compatible Engine Version: 4.20.0-4212847+++UE4+Release-4.20
LogInit: Net CL: 4212847
LogInit: OS: Windows 10 (), CPU: Intel(R) Core(TM) i7-6800K CPU @ 3.40GHz, GPU: NVIDIA GeForce GTX 1080
LogInit: Compiled (64-bit): Sep 17 2018 12:26:19
LogInit: Compiled with Visual C++: 19.13.26129.00
LogInit: Build Configuration: Development
LogInit: Branch Name: ++UE4+Release-4.20
LogInit: Command Line:  
LogInit: Base Directory: D:/UE_4.20/Engine/Binaries/Win64/
LogInit: Installed Engine Build: 1
LogDevObjectVersion: Number of dev versions registered: 20
LogDevObjectVersion:   Dev-Blueprints (B0D832E4-1F89-4F0D-ACCF-7EB736FD4AA2): 10
LogDevObjectVersion:   Dev-Build (E1C64328-A22C-4D53-A36C-8E866417BD8C): 0
LogDevObjectVersion:   Dev-Core (375EC13C-06E4-48FB-B500-84F0262A717E): 2
LogDevObjectVersion:   Dev-Editor (E4B068ED-F494-42E9-A231-DA0B2E46BB41): 24
LogDevObjectVersion:   Dev-Framework (CFFC743F-43B0-4480-9391-14DF171D2073): 34
LogDevObjectVersion:   Dev-Mobile (B02B49B5-BB20-44E9-A304-32B752E40360): 2
LogDevObjectVersion:   Dev-Networking (A4E4105C-59A1-49B5-A7C5-40C4547EDFEE): 0
LogDevObjectVersion:   Dev-Online (39C831C9-5AE6-47DC-9A44-9C173E1C8E7C): 0
LogDevObjectVersion:   Dev-Physics (78F01B33-EBEA-4F98-B9B4-84EACCB95AA2): 0
LogDevObjectVersion:   Dev-Platform (6631380F-2D4D-43E0-8009-CF276956A95A): 0
LogDevObjectVersion:   Dev-Rendering (12F88B9F-8875-4AFC-A67C-D90C383ABD29): 26
LogDevObjectVersion:   Dev-Sequencer (7B5AE74C-D270-4C10-A958-57980B212A5A): 9
LogDevObjectVersion:   Dev-VR (D7296918-1DD6-4BDD-9DE2-64A83CC13884): 2
LogDevObjectVersion:   Dev-LoadTimes (C2A15278-BFE7-4AFE-6C17-90FF531DF755): 1
LogDevObjectVersion:   Private-Geometry (6EACA3D4-40EC-4CC1-B786-8BED09428FC5): 3
LogDevObjectVersion:   Dev-AnimPhys (29E575DD-E0A3-4627-9D10-D276232CDCEA): 17
LogDevObjectVersion:   Dev-ReflectionCapture (6B266CEC-1EC7-4B8F-A30B-E4D90942FC07): 1
LogDevObjectVersion:   Dev-Automation (0DF73D61-A23F-47EA-B727-89E90C41499A): 1
LogDevObjectVersion:   FortniteMain (601D1886-AC64-4F84-AA16-D3DE0DEAC7D6): 12
LogDevObjectVersion:   Dev-Enterprise (9DFFBCD6-494F-0158-E221-12823C92A888): 1
LogStreaming: Display: Took  0.023s to delete old logs.
LogInit: Presizing for max 8388607 objects, including 0 objects not considered by GC, pre-allocating 0 bytes for permanent pool.
LogInit: Object subsystem initialized
[2019.02.11-01.52.21:988][  0]LogInit: Selected Device Profile: [Windows]
[2019.02.11-01.52.21:988][  0]LogInit: Applying CVar settings loaded from the selected device profile: [Windows]
[2019.02.11-01.52.22:026][  0]LogHAL: Display: Platform has ~ 32 GB [34266337280 / 34359738368 / 32], which maps to Largest [LargestMinGB=32, LargerMinGB=12, DefaultMinGB=8, SmallerMinGB=6, SmallestMinGB=0)
[2019.02.11-01.52.22:031][  0]LogInit: Setting Device Profile CVar: [[r.Vulkan.UseRealUBs:1]]
[2019.02.11-01.52.22:031][  0]LogInit: Going up to parent DeviceProfile []
[2019.02.11-01.52.22:042][  0]LogInit: Computer: DESKTOP-2KDI07U
[2019.02.11-01.52.22:042][  0]LogInit: User: Dominic
[2019.02.11-01.52.22:042][  0]LogInit: CPU Page size=4096, Cores=6
[2019.02.11-01.52.22:042][  0]LogInit: High frequency timer resolution =3.386955 MHz
[2019.02.11-01.52.22:042][  0]LogMemory: Memory total: Physical=31.9GB (32GB approx)
[2019.02.11-01.52.22:042][  0]LogMemory: Platform Memory Stats for Windows
[2019.02.11-01.52.22:042][  0]LogMemory: Process Physical Memory: 101.63 MB used, 101.63 MB peak
[2019.02.11-01.52.22:042][  0]LogMemory: Process Virtual Memory: 93.75 MB used, 93.75 MB peak
[2019.02.11-01.52.22:042][  0]LogMemory: Physical Memory: 12091.23 MB used,  20587.70 MB free, 32678.93 MB total
[2019.02.11-01.52.22:042][  0]LogMemory: Virtual Memory: 4665.48 MB used,  20587.70 MB free, 134217728.00 MB total
[2019.02.11-01.52.22:711][  0]LogInit: Using OS detected language (en-US).
[2019.02.11-01.52.22:712][  0]LogInit: Using OS detected locale (en-US).
[2019.02.11-01.52.22:754][  0]LogTextLocalizationManager: No specific localization for 'en-US' exists, so the 'en' localization will be used.
[2019.02.11-01.52.23:292][  0]LogStreaming: Display: Took  0.581s to InitEngineTextLocalization.
[2019.02.11-01.52.23:292][  0]LogInit: Setting process to per monitor DPI aware
[2019.02.11-01.52.23:546][  0]LogSlate: New Slate User Created.  User Index 0, Is Virtual User: 0
[2019.02.11-01.52.23:546][  0]LogSlate: Slate User Registered.  User Index 0, Is Virtual User: 0
[2019.02.11-01.52.25:455][  0]LogHMD: Failed to initialize OpenVR with code 126
[2019.02.11-01.52.25:455][  0]LogD3D11RHI: D3D11 adapters:
[2019.02.11-01.52.25:629][  0]LogD3D11RHI:    0. 'NVIDIA GeForce GTX 1080' (Feature Level 11_0)
[2019.02.11-01.52.25:629][  0]LogD3D11RHI:       8086/0/16339 MB DedicatedVideo/DedicatedSystem/SharedSystem, Outputs:2, VendorId:0x10de
[2019.02.11-01.52.25:632][  0]LogD3D11RHI:    1. 'Microsoft Basic Render Driver' (Feature Level 11_0)
[2019.02.11-01.52.25:632][  0]LogD3D11RHI:       0/0/16339 MB DedicatedVideo/DedicatedSystem/SharedSystem, Outputs:0, VendorId:0x1414
[2019.02.11-01.52.25:632][  0]LogD3D11RHI: Chosen D3D11 Adapter: 0
[2019.02.11-01.52.25:646][  0]LogD3D11RHI: Creating new Direct3DDevice
[2019.02.11-01.52.25:646][  0]LogD3D11RHI:     GPU DeviceId: 0x1b80 (for the marketing name, search the web for "GPU Device Id")
[2019.02.11-01.52.25:646][  0]LogWindows: EnumDisplayDevices:
[2019.02.11-01.52.25:646][  0]LogWindows:    0. 'NVIDIA GeForce GTX 1080' (P:0 D:1)
[2019.02.11-01.52.25:647][  0]LogWindows:    1. 'NVIDIA GeForce GTX 1080' (P:1 D:1)
[2019.02.11-01.52.25:648][  0]LogWindows:    2. 'NVIDIA GeForce GTX 1080' (P:0 D:0)
[2019.02.11-01.52.25:648][  0]LogWindows:    3. 'NVIDIA GeForce GTX 1080' (P:0 D:0)
[2019.02.11-01.52.25:649][  0]LogWindows: DebugString: FoundDriverCount:4 
[2019.02.11-01.52.25:649][  0]LogD3D11RHI:     Adapter Name: NVIDIA GeForce GTX 1080
[2019.02.11-01.52.25:649][  0]LogD3D11RHI:   Driver Version: 388.13 (internal:23.21.13.8813, unified:388.13)
[2019.02.11-01.52.25:649][  0]LogD3D11RHI:      Driver Date: 10-27-2017
[2019.02.11-01.52.25:649][  0]LogRHI: Texture pool is 5660 MB (70% of 8086 MB)
[2019.02.11-01.52.25:717][  0]LogD3D11RHI: Async texture creation enabled
[2019.02.11-01.52.25:821][  0]LogD3D11RHI: GPU Timing Frequency: 1000.000000 (Debug: 2 1)
[2019.02.11-01.52.25:843][  0]LogShaderCompilers: Guid format shader working directory is -9 characters bigger than the processId version (C:/Users/Dominic/Desktop/Dinochan/Dinochan_v001_UE4.20.3/Intermediate/Shaders/WorkingDirectory/20752/).
[2019.02.11-01.52.25:844][  0]LogShaderCompilers: Cleaned the shader compiler working directory 'C:/Users/Dominic/AppData/Local/Temp/UnrealShaderWorkingDir/B60CEB4F4AFCCA40BB9F0695D5FAC065/'.
[2019.02.11-01.52.26:563][  0]LogTemp: Display: Loaded TP AllDesktopTargetPlatform
[2019.02.11-01.52.26:613][  0]LogTemp: Display: Loaded TP MacClientTargetPlatform
[2019.02.11-01.52.26:652][  0]LogTemp: Display: Loaded TP MacNoEditorTargetPlatform
[2019.02.11-01.52.26:692][  0]LogTemp: Display: Loaded TP MacServerTargetPlatform
[2019.02.11-01.52.26:744][  0]LogTemp: Display: Loaded TP MacTargetPlatform
[2019.02.11-01.52.26:802][  0]LogTemp: Display: Loaded TP WindowsClientTargetPlatform
[2019.02.11-01.52.26:843][  0]LogTemp: Display: Loaded TP WindowsNoEditorTargetPlatform
[2019.02.11-01.52.26:921][  0]LogTemp: Display: Loaded TP WindowsServerTargetPlatform
[2019.02.11-01.52.26:969][  0]LogTemp: Display: Loaded TP WindowsTargetPlatform
[2019.02.11-01.52.27:091][  0]LogTemp: Display: Loaded TP AndroidTargetPlatform
[2019.02.11-01.52.27:091][  0]LogTemp: Display: Loaded TP AndroidTargetPlatform
[2019.02.11-01.52.27:091][  0]LogTemp: Display: Loaded TP AndroidTargetPlatform
[2019.02.11-01.52.27:091][  0]LogTemp: Display: Loaded TP AndroidTargetPlatform
[2019.02.11-01.52.27:091][  0]LogTemp: Display: Loaded TP AndroidTargetPlatform
[2019.02.11-01.52.27:091][  0]LogTemp: Display: Loaded TP AndroidTargetPlatform
[2019.02.11-01.52.27:091][  0]LogTemp: Display: Loaded TP AndroidTargetPlatform
[2019.02.11-01.52.27:091][  0]LogTemp: Display: Loaded TP AndroidTargetPlatform
[2019.02.11-01.52.27:091][  0]LogTemp: Display: Loaded TP AndroidTargetPlatform
[2019.02.11-01.52.27:091][  0]LogTemp: Display: Loaded TP AndroidTargetPlatform
[2019.02.11-01.52.27:091][  0]LogTemp: Display: Loaded TP AndroidTargetPlatform
[2019.02.11-01.52.27:091][  0]LogTemp: Display: Loaded TP AndroidTargetPlatform
[2019.02.11-01.52.27:091][  0]LogTemp: Display: Loaded TP AndroidTargetPlatform
[2019.02.11-01.52.27:091][  0]LogTemp: Display: Loaded TP AndroidTargetPlatform
[2019.02.11-01.52.27:091][  0]LogTemp: Display: Loaded TP AndroidTargetPlatform
[2019.02.11-01.52.27:091][  0]LogTemp: Display: Loaded TP AndroidTargetPlatform
[2019.02.11-01.52.27:091][  0]LogTemp: Display: Loaded TP AndroidTargetPlatform
[2019.02.11-01.52.27:091][  0]LogTemp: Display: Loaded TP AndroidTargetPlatform
[2019.02.11-01.52.27:127][  0]LogTemp: Display: Loaded TP HTML5TargetPlatform
[2019.02.11-01.52.27:293][  0]LogTemp: Display: Loaded TP IOSTargetPlatform
[2019.02.11-01.52.27:293][  0]LogTemp: Display: Loaded TP IOSTargetPlatform
[2019.02.11-01.52.27:347][  0]LogTemp: Display: Loaded TP TVOSTargetPlatform
[2019.02.11-01.52.27:347][  0]LogTemp: Display: Loaded TP TVOSTargetPlatform
[2019.02.11-01.52.27:395][  0]LogTemp: Display: Loaded TP LinuxClientTargetPlatform
[2019.02.11-01.52.27:433][  0]LogTemp: Display: Loaded TP LinuxNoEditorTargetPlatform
[2019.02.11-01.52.27:471][  0]LogTemp: Display: Loaded TP LinuxServerTargetPlatform
[2019.02.11-01.52.27:518][  0]LogTemp: Display: Loaded TP LinuxTargetPlatform
[2019.02.11-01.52.27:561][  0]LogTemp: Display: Loaded TP LuminTargetPlatform
[2019.02.11-01.52.27:561][  0]LogTargetPlatformManager: Display: Building Assets For Windows
[2019.02.11-01.52.28:682][  0]LogXGEController: Cannot use XGE Controller as Incredibuild is not installed on this machine.
[2019.02.11-01.52.28:682][  0]LogShaderCompilers: Cannot use XGE Shader Compiler as Incredibuild is not installed on this machine.
[2019.02.11-01.52.28:682][  0]LogShaderCompilers: Display: Using Local Shader Compiler.
[2019.02.11-01.52.30:643][  0]LogDerivedDataCache: Display: Max Cache Size: 512 MB
[2019.02.11-01.52.30:893][  0]LogDerivedDataCache: Loaded boot cache 0.25s 72MB C:/Users/Dominic/AppData/Local/UnrealEngine/4.20/DerivedDataCache/Boot.ddc.
[2019.02.11-01.52.30:894][  0]LogDerivedDataCache: Display: Loaded Boot cache: C:/Users/Dominic/AppData/Local/UnrealEngine/4.20/DerivedDataCache/Boot.ddc
[2019.02.11-01.52.30:894][  0]LogDerivedDataCache: FDerivedDataBackendGraph:  Pak pak cache file C:/Users/Dominic/Desktop/Dinochan/Dinochan_v001_UE4.20.3/DerivedDataCache/DDC.ddp not found, will not use a pak cache.
[2019.02.11-01.52.30:894][  0]LogDerivedDataCache: Unable to find inner node Pak for hierarchical cache Hierarchy.
[2019.02.11-01.52.30:894][  0]LogDerivedDataCache: FDerivedDataBackendGraph:  CompressedPak pak cache file C:/Users/Dominic/Desktop/Dinochan/Dinochan_v001_UE4.20.3/DerivedDataCache/Compressed.ddp not found, will not use a pak cache.
[2019.02.11-01.52.30:894][  0]LogDerivedDataCache: Unable to find inner node CompressedPak for hierarchical cache Hierarchy.
[2019.02.11-01.52.30:938][  0]LogDerivedDataCache: Display: Pak cache opened for reading ../../../Engine/DerivedDataCache/Compressed.ddp.
[2019.02.11-01.52.30:952][  0]LogDerivedDataCache: Using Local data cache path C:/Users/Dominic/AppData/Local/UnrealEngine/Common/DerivedDataCache: Writable
[2019.02.11-01.52.30:952][  0]LogDerivedDataCache: Shared data cache path not found in *engine.ini, will not use an Shared cache.
[2019.02.11-01.52.30:952][  0]LogDerivedDataCache: Unable to find inner node Shared for hierarchical cache Hierarchy.
[2019.02.11-01.52.31:041][  0]LogMaterial: Verifying Global Shaders for PCD3D_SM5
[2019.02.11-01.52.31:042][  0]LogSlate: Using FreeType 2.6.0
[2019.02.11-01.52.31:074][  0]LogSlate: SlateFontServices - WITH_FREETYPE: 1, WITH_HARFBUZZ: 1
[2019.02.11-01.52.31:467][  0]LogAssetRegistry: FAssetRegistry took 0.0270 seconds to start up
[2019.02.11-01.52.33:059][  0]LogInit: Selected Device Profile: [Windows]
[2019.02.11-01.52.35:614][  0]LogSimplygon: Simplygon DLL not present - disabling.
[2019.02.11-01.52.35:775][  0]LogMeshReduction: Using SimplygonSwarm for distributed automatic mesh merging
[2019.02.11-01.52.35:775][  0]LogMeshReduction: Using ProxyLODMeshReduction for automatic mesh merging
[2019.02.11-01.52.35:775][  0]LogMeshReduction: Using QuadricMeshReduction for automatic static mesh reduction
[2019.02.11-01.52.35:775][  0]LogMeshReduction: No automatic skeletal mesh reduction module available
[2019.02.11-01.52.36:027][  0]LogNetVersion: Dinochan_v001 1.0.0, NetCL: 4212847, EngineNetVer: 5, GameNetVer: 0 (Checksum: 2574802920)
[2019.02.11-01.52.38:289][  0]LogPackageLocalizationCache: Processed 11 localized package path(s) for 2 prioritized culture(s) in 0.255976 seconds
[2019.02.11-01.52.38:307][  0]LogUObjectArray: 38447 objects as part of root set at end of initial load.
[2019.02.11-01.52.38:307][  0]LogUObjectAllocator: 6692624 out of 0 bytes used by permanent object pool.
[2019.02.11-01.52.38:307][  0]LogUObjectArray: CloseDisregardForGC: 0/0 objects in disregard for GC pool
[2019.02.11-01.52.48:080][  0]LogTcpMessaging: Initializing TcpMessaging bridge
[2019.02.11-01.52.48:153][  0]LogUdpMessaging: Initializing bridge on interface 0.0.0.0:0 to multicast group 230.0.0.1:6666.
[2019.02.11-01.52.49:460][  0]SourceControl: Source control is disabled
[2019.02.11-01.52.49:460][  0]SourceControl: Source control is disabled
[2019.02.11-01.52.49:556][  0]SourceControl: Source control is disabled
[2019.02.11-01.52.49:600][  0]SourceControl: Source control is disabled
[2019.02.11-01.52.51:544][  0]LogAndroidPermission: UAndroidPermissionCallbackProxy::GetInstance
[2019.02.11-01.52.51:926][  0]LogOcInput: OculusInput pre-init called
[2019.02.11-01.52.52:366][  0]LogEngine: Initializing Engine...
[2019.02.11-01.52.52:428][  0]LogHMD: Failed to initialize OpenVR with code 126
[2019.02.11-01.52.52:430][  0]LogStats: UGameplayTagsManager::ConstructGameplayTagTree: ImportINI prefixes -  0.000 s
[2019.02.11-01.52.52:430][  0]LogStats: UGameplayTagsManager::ConstructGameplayTagTree: Construct from data asset -  0.000 s
[2019.02.11-01.52.52:430][  0]LogStats: UGameplayTagsManager::ConstructGameplayTagTree: ImportINI -  0.000 s
[2019.02.11-01.52.52:430][  0]LogStats: UGameplayTagsManager::ConstructGameplayTagTree: GameplayTagTreeChangedEvent.Broadcast -  0.000 s
[2019.02.11-01.52.52:795][  0]LogInit: Initializing FReadOnlyCVARCache
[2019.02.11-01.52.52:966][  0]LogAIModule: Creating AISystem for world Untitled
[2019.02.11-01.52.53:074][  0]LogInit: XAudio2 using 'Headphones (Realtek High Definition Audio)' : 2 channels at 48 kHz using 32 bits per sample (channel mask 0x3)
[2019.02.11-01.52.53:109][  0]LogInit: FAudioDevice initialized.
[2019.02.11-01.52.53:276][  0]LogNetVersion: Set ProjectVersion to 1.0.0.0. Version Checksum will be recalculated on next use.
[2019.02.11-01.52.53:387][  0]LogDerivedDataCache: Saved boot cache 0.11s 101MB C:/Users/Dominic/AppData/Local/UnrealEngine/4.20/DerivedDataCache/Boot.ddc.
[2019.02.11-01.52.53:396][  0]LogInit: Texture streaming: Enabled
[2019.02.11-01.52.53:600][  0]LogEngineSessionManager: EngineSessionManager initialized
[2019.02.11-01.52.53:662][  0]LogInit: Transaction tracking system initialized
[2019.02.11-01.52.53:869][  0]BlueprintLog: New page: Editor Load
[2019.02.11-01.52.55:111][  0]LocalizationService: Localization service is disabled
[2019.02.11-01.52.56:725][  0]LogCook: Display: Max memory allowance for cook 16384mb min free memory 0mb
[2019.02.11-01.52.56:725][  0]LogCook: Display: Mobile HDR setting 1
[2019.02.11-01.52.56:725][  0]LogGameplayTags: Display: UGameplayTagsManager::DoneAddingNativeTags. DelegateIsBound: 0
[2019.02.11-01.52.56:725][  0]LogStats: UGameplayTagsManager::ConstructGameplayTagTree: ImportINI prefixes -  0.000 s
[2019.02.11-01.52.56:725][  0]LogStats: UGameplayTagsManager::ConstructGameplayTagTree: Construct from data asset -  0.000 s
[2019.02.11-01.52.56:725][  0]LogStats: UGameplayTagsManager::ConstructGameplayTagTree: ImportINI -  0.000 s
[2019.02.11-01.52.56:725][  0]LogStats: UGameplayTagsManager::ConstructGameplayTagTree: GameplayTagTreeChangedEvent.Broadcast -  0.000 s
[2019.02.11-01.52.57:529][  0]LogFileCache: Scanning file cache for directory 'C:/Users/Dominic/Desktop/Dinochan/Dinochan_v001_UE4.20.3/Content/' took 0.03s
[2019.02.11-01.52.58:038][  0]LogLinker: Warning: Can't find file '/Engine/BasicShapes/Cube'
[2019.02.11-01.52.58:038][  0]LogLinker: Warning: Can't find file '/Engine/BasicShapes/Cube'
[2019.02.11-01.52.58:038][  0]LogUObjectGlobals: Warning: Failed to find object 'StaticMesh /Engine/BasicShapes/Cube.Cube'
[2019.02.11-01.52.59:347][  0]SourceControl: Source control is disabled
[2019.02.11-01.52.59:347][  0]Cmd: MAP LOAD FILE="C:/Users/Dominic/Desktop/Dinochan/Dinochan_v001_UE4.20.3/Content/_Maps/Modelled_Greybox.umap" TEMPLATE=0 SHOWPROGRESS=1 FEATURELEVEL=3
[2019.02.11-01.52.59:348][  0]LightingResults: New page: Lighting Build
[2019.02.11-01.52.59:400][  0]MapCheck: New page: Map Check
[2019.02.11-01.52.59:400][  0]LightingResults: New page: Lighting Build
[2019.02.11-01.53.00:039][  0]LogTexture: Display: Building textures: Petal_Alpha (BGRA8, 317X419)
[2019.02.11-01.53.00:039][  0]LogTexture: Display: Building textures: Petal_Diffuse3 (BGRA8, 317X419)
[2019.02.11-01.53.00:039][  0]LogTexture: Display: Building textures: LeafAlpha (AutoDXT, 60X1200)
[2019.02.11-01.53.00:039][  0]LogTexture: Display: Building textures: LeafDiffuse2 (AutoDXT, 60X1200)
[2019.02.11-01.53.00:039][  0]LogTexture: Display: Building textures: HQ_Lightmap0_2 (AutoDXT, 64X64)
[2019.02.11-01.53.00:039][  0]LogTexture: Display: Building textures: HQ_Lightmap0_3 (AutoDXT, 32X32)
[2019.02.11-01.53.00:039][  0]LogTexture: Display: Building textures: LQ_Lightmap_0_2 (DXT1, 64X64)
[2019.02.11-01.53.00:039][  0]LogTexture: Display: Building textures: StemLeaf_Alpha (AutoDXT, 312X308)
[2019.02.11-01.53.00:039][  0]LogTexture: Display: Building textures: LQ_Lightmap_0_3 (DXT1, 32X32)
[2019.02.11-01.53.00:039][  0]LogTexture: Display: Building textures: StemLeaf_Diffuse (AutoDXT, 312X308)
[2019.02.11-01.53.00:039][  0]LogTexture: Display: Building textures: 4band_Lut (BGRA8, 1003X100)
[2019.02.11-01.53.00:039][  0]LogTexture: Display: Building textures: Stem2 (BGRA8, 56X1185)
[2019.02.11-01.53.00:039][  0]LogTexture: Display: Building textures: ShadowMapTexture2D_7 (G8, 32X32)
[2019.02.11-01.53.00:039][  0]LogTexture: Display: Building textures: ShadowMapTexture2D_8 (G8, 16X16)
[2019.02.11-01.53.00:039][  0]LogTexture: Display: Building textures: ShadowMapTexture2D_6 (G8, 1024X256)
[2019.02.11-01.53.00:040][  0]LogTexture: Display: Building textures: LQ_Lightmap_0_1 (DXT1, 1024X1024)
[2019.02.11-01.53.00:040][  0]LogTexture: Display: Building textures: HQ_Lightmap0_1 (AutoDXT, 1024X1024)
[2019.02.11-01.53.00:040][  0]LogTexture: Display: Building textures: T_Sparkle_001 (BGRA8, 1012X1409)
[2019.02.11-01.53.00:040][  0]LogMaterial: Display: Missing cached shader map for material default, compiling. 
[2019.02.11-01.53.00:172][  0]LogShaderCompilers: Display: Shaders left to compile 31
[2019.02.11-01.53.00:172][  0]LogShaderCompilers: Display: Shaders left to compile 21
[2019.02.11-01.53.00:172][  0]LogShaderCompilers: Display: Shaders left to compile 11
[2019.02.11-01.53.00:172][  0]LogShaderCompilers: Display: Shaders left to compile 1
[2019.02.11-01.53.00:172][  0]LogStaticMesh: Building static mesh CF_Red_01...
[2019.02.11-01.53.00:212][  0]LogStaticMesh: Built static mesh [0.04s] /Game/1_Models/Collectible-Flower/CF_Red_01.CF_Red_01
[2019.02.11-01.53.00:228][  0]LogMaterial: Display: Missing cached shader map for material 02_-_Default, compiling. 
[2019.02.11-01.53.00:286][  0]LogMaterial: Display: Missing cached shader map for material 07_-_Default, compiling. 
[2019.02.11-01.53.00:487][  0]LogShaderCompilers: Display: Shaders left to compile 116
[2019.02.11-01.53.00:487][  0]LogShaderCompilers: Display: Shaders left to compile 106
[2019.02.11-01.53.00:487][  0]LogShaderCompilers: Display: Shaders left to compile 96
[2019.02.11-01.53.00:487][  0]LogShaderCompilers: Display: Shaders left to compile 86
[2019.02.11-01.53.00:487][  0]LogShaderCompilers: Display: Shaders left to compile 76
[2019.02.11-01.53.00:493][  0]LogMaterial: Display: Missing cached shader map for material M_Sparkle_01, compiling. 
[2019.02.11-01.53.00:517][  0]LogStaticMesh: Building static mesh GreatDoor_Door_entry...
[2019.02.11-01.53.00:527][  0]LogStaticMesh: Built static mesh [0.01s] /Game/1_Models/Doors/Great_Door/GreatDoor_Door_entry.GreatDoor_Door_entry
[2019.02.11-01.53.00:531][  0]LogStaticMesh: Building static mesh GreatDoor_Door_hinge...
[2019.02.11-01.53.00:544][  0]LogStaticMesh: Built static mesh [0.01s] /Game/1_Models/Doors/Great_Door/GreatDoor_Door_hinge.GreatDoor_Door_hinge
[2019.02.11-01.53.00:556][  0]LogStaticMesh: Building static mesh GreatDoor_Door_L...
[2019.02.11-01.53.00:589][  0]LogStaticMesh: Built static mesh [0.03s] /Game/1_Models/Doors/Great_Door/GreatDoor_Door_L.GreatDoor_Door_L
[2019.02.11-01.53.00:599][  0]LogStaticMesh: Building static mesh GreatDoor_Door_R...
[2019.02.11-01.53.00:622][  0]LogStaticMesh: Built static mesh [0.02s] /Game/1_Models/Doors/Great_Door/GreatDoor_Door_R.GreatDoor_Door_R
[2019.02.11-01.53.00:629][  0]LogStaticMesh: Building static mesh GreatDoor_Missing_Gem...
[2019.02.11-01.53.00:650][  0]LogStaticMesh: Built static mesh [0.02s] /Game/1_Models/Doors/Great_Door/GreatDoor_Missing_Gem.GreatDoor_Missing_Gem
[2019.02.11-01.53.00:654][  0]LogStaticMesh: Building static mesh Greybox1_baseIsland...
[2019.02.11-01.53.00:666][  0]LogStaticMesh: Built static mesh [0.01s] /Game/_Greybox/Greybox1_baseIsland.Greybox1_baseIsland
[2019.02.11-01.53.00:674][  0]LogStaticMesh: Building static mesh Greybox1_baseIsland_Landing...
[2019.02.11-01.53.00:685][  0]LogStaticMesh: Built static mesh [0.01s] /Game/_Greybox/Greybox1_baseIsland_Landing.Greybox1_baseIsland_Landing
[2019.02.11-01.53.00:692][  0]LogStaticMesh: Building static mesh Greybox1_beetleTower1...
[2019.02.11-01.53.00:707][  0]LogStaticMesh: Built static mesh [0.02s] /Game/_Greybox/Greybox_Towers/Greybox1_beetleTower1.Greybox1_beetleTower1
[2019.02.11-01.53.00:712][  0]LogStaticMesh: Building static mesh Greybox1_beetleTower2...
[2019.02.11-01.53.00:727][  0]LogStaticMesh: Built static mesh [0.02s] /Game/_Greybox/Greybox_Towers/Greybox1_beetleTower2.Greybox1_beetleTower2
[2019.02.11-01.53.00:733][  0]LogStaticMesh: Building static mesh Greybox1_beetleTower3...
[2019.02.11-01.53.00:745][  0]LogStaticMesh: Built static mesh [0.01s] /Game/_Greybox/Greybox_Towers/Greybox1_beetleTower3.Greybox1_beetleTower3
[2019.02.11-01.53.00:751][  0]LogStaticMesh: Building static mesh Greybox1_beetleTower4...
[2019.02.11-01.53.00:762][  0]LogStaticMesh: Built static mesh [0.01s] /Game/_Greybox/Greybox_Towers/Greybox1_beetleTower4.Greybox1_beetleTower4
[2019.02.11-01.53.00:769][  0]LogStaticMesh: Building static mesh Greybox1_beetleTower...
[2019.02.11-01.53.00:778][  0]LogStaticMesh: Built static mesh [0.01s] /Game/_Greybox/Greybox_Towers/Greybox1_beetleTower.Greybox1_beetleTower
[2019.02.11-01.53.00:781][  0]LogStaticMesh: Building static mesh Greybox1_beetleTowerFloor1_1...
[2019.02.11-01.53.00:785][  0]LogStaticMesh: Built static mesh [0.00s] /Game/_Greybox/Greybox_Towers/Greybox1_beetleTowerFloor1_1.Greybox1_beetleTowerFloor1_1
[2019.02.11-01.53.00:787][  0]LogStaticMesh: Building static mesh Greybox1_beetleTowerFloor1_3...
[2019.02.11-01.53.00:793][  0]LogStaticMesh: Built static mesh [0.01s] /Game/_Greybox/Greybox_Towers/Greybox1_beetleTowerFloor1_3.Greybox1_beetleTowerFloor1_3
[2019.02.11-01.53.00:796][  0]LogStaticMesh: Building static mesh Greybox1_beetleTowerFloor1_4...
[2019.02.11-01.53.00:801][  0]LogStaticMesh: Built static mesh [0.01s] /Game/_Greybox/Greybox_Towers/Greybox1_beetleTowerFloor1_4.Greybox1_beetleTowerFloor1_4
[2019.02.11-01.53.00:803][  0]LogStaticMesh: Building static mesh Greybox1_beetleTowerGround_1...
[2019.02.11-01.53.00:808][  0]LogStaticMesh: Built static mesh [0.01s] /Game/_Greybox/Greybox_Towers/Greybox1_beetleTowerGround_1.Greybox1_beetleTowerGround_1
[2019.02.11-01.53.00:811][  0]LogStaticMesh: Building static mesh Greybox1_beetleTowerGround_3...
[2019.02.11-01.53.00:817][  0]LogStaticMesh: Built static mesh [0.01s] /Game/_Greybox/Greybox_Towers/Greybox1_beetleTowerGround_3.Greybox1_beetleTowerGround_3
[2019.02.11-01.53.00:819][  0]LogStaticMesh: Building static mesh Greybox1_beetleTowerGround_4...
[2019.02.11-01.53.00:824][  0]LogStaticMesh: Built static mesh [0.01s] /Game/_Greybox/Greybox_Towers/Greybox1_beetleTowerGround_4.Greybox1_beetleTowerGround_4
[2019.02.11-01.53.00:826][  0]LogStaticMesh: Building static mesh Greybox1_beetleTowerInterior_1...
[2019.02.11-01.53.00:831][  0]LogStaticMesh: Built static mesh [0.01s] /Game/_Greybox/Greybox_Towers/Greybox1_beetleTowerInterior_1.Greybox1_beetleTowerInterior_1
[2019.02.11-01.53.00:832][  0]LogStaticMesh: Building static mesh Greybox1_beetleTowerInterior_3...
[2019.02.11-01.53.00:839][  0]LogStaticMesh: Built static mesh [0.01s] /Game/_Greybox/Greybox_Towers/Greybox1_beetleTowerInterior_3.Greybox1_beetleTowerInterior_3
[2019.02.11-01.53.00:841][  0]LogStaticMesh: Building static mesh Greybox1_boulder10...
[2019.02.11-01.53.00:844][  0]LogStaticMesh: Built static mesh [0.00s] /Game/_Greybox/Greybox_Boulders/Greybox1_boulder10.Greybox1_boulder10
[2019.02.11-01.53.00:845][  0]LogStaticMesh: Building static mesh Greybox1_boulder11...
[2019.02.11-01.53.00:847][  0]LogStaticMesh: Built static mesh [0.00s] /Game/_Greybox/Greybox_Boulders/Greybox1_boulder11.Greybox1_boulder11
[2019.02.11-01.53.00:849][  0]LogStaticMesh: Building static mesh Greybox1_boulder12...
[2019.02.11-01.53.00:851][  0]LogStaticMesh: Built static mesh [0.00s] /Game/_Greybox/Greybox_Boulders/Greybox1_boulder12.Greybox1_boulder12
[2019.02.11-01.53.00:852][  0]LogStaticMesh: Building static mesh Greybox1_boulder13...
[2019.02.11-01.53.00:855][  0]LogStaticMesh: Built static mesh [0.00s] /Game/_Greybox/Greybox_Boulders/Greybox1_boulder13.Greybox1_boulder13
[2019.02.11-01.53.00:856][  0]LogStaticMesh: Building static mesh Greybox1_boulder7...
[2019.02.11-01.53.00:859][  0]LogStaticMesh: Built static mesh [0.00s] /Game/_Greybox/Greybox_Boulders/Greybox1_boulder7.Greybox1_boulder7
[2019.02.11-01.53.00:860][  0]LogStaticMesh: Building static mesh Greybox1_boulder8...
[2019.02.11-01.53.00:863][  0]LogStaticMesh: Built static mesh [0.00s] /Game/_Greybox/Greybox_Boulders/Greybox1_boulder8.Greybox1_boulder8
[2019.02.11-01.53.00:864][  0]LogStaticMesh: Building static mesh Greybox1_boulder9...
[2019.02.11-01.53.00:866][  0]LogStaticMesh: Built static mesh [0.00s] /Game/_Greybox/Greybox_Boulders/Greybox1_boulder9.Greybox1_boulder9
[2019.02.11-01.53.00:868][  0]LogStaticMesh: Building static mesh Greybox1_meteorite...
[2019.02.11-01.53.00:873][  0]LogStaticMesh: Built static mesh [0.01s] /Game/_Greybox/Greybox1_meteorite.Greybox1_meteorite
[2019.02.11-01.53.00:875][  0]LogStaticMesh: Building static mesh Greybox1_stairs1...
[2019.02.11-01.53.00:878][  0]LogStaticMesh: Built static mesh [0.00s] /Game/_Greybox/Greybox_Stairs/Greybox1_stairs1.Greybox1_stairs1
[2019.02.11-01.53.00:879][  0]LogStaticMesh: Building static mesh Greybox1_stairs2...
[2019.02.11-01.53.00:881][  0]LogStaticMesh: Built static mesh [0.00s] /Game/_Greybox/Greybox_Stairs/Greybox1_stairs2.Greybox1_stairs2
[2019.02.11-01.53.00:882][  0]LogStaticMesh: Building static mesh Greybox1_stairs3...
[2019.02.11-01.53.00:885][  0]LogStaticMesh: Built static mesh [0.00s] /Game/_Greybox/Greybox_Stairs/Greybox1_stairs3.Greybox1_stairs3
[2019.02.11-01.53.00:886][  0]LogStaticMesh: Building static mesh Greybox1_stairs4...
[2019.02.11-01.53.00:888][  0]LogStaticMesh: Built static mesh [0.00s] /Game/_Greybox/Greybox_Stairs/Greybox1_stairs4.Greybox1_stairs4
[2019.02.11-01.53.00:890][  0]LogStaticMesh: Building static mesh Greybox1_stairs5...
[2019.02.11-01.53.00:892][  0]LogStaticMesh: Built static mesh [0.00s] /Game/_Greybox/Greybox_Stairs/Greybox1_stairs5.Greybox1_stairs5
[2019.02.11-01.53.00:893][  0]LogStaticMesh: Building static mesh Greybox1_stairs6...
[2019.02.11-01.53.00:895][  0]LogStaticMesh: Built static mesh [0.00s] /Game/_Greybox/Greybox_Stairs/Greybox1_stairs6.Greybox1_stairs6
[2019.02.11-01.53.00:897][  0]LogStaticMesh: Building static mesh Greybox1_statue1...
[2019.02.11-01.53.00:899][  0]LogStaticMesh: Built static mesh [0.00s] /Game/_Greybox/Greybox1_statue1.Greybox1_statue1
[2019.02.11-01.53.00:901][  0]LogStaticMesh: Building static mesh Greybox1_statue2...
[2019.02.11-01.53.00:907][  0]LogStaticMesh: Built static mesh [0.01s] /Game/_Greybox/Greybox1_statue2.Greybox1_statue2
[2019.02.11-01.53.00:909][  0]LogStaticMesh: Building static mesh Greybox1_statue3...
[2019.02.11-01.53.00:915][  0]LogStaticMesh: Built static mesh [0.01s] /Game/_Greybox/Greybox1_statue3.Greybox1_statue3
[2019.02.11-01.53.00:917][  0]LogStaticMesh: Building static mesh Greybox1_step1...
[2019.02.11-01.53.00:919][  0]LogStaticMesh: Built static mesh [0.00s] /Game/_Greybox/Greybox1_step1.Greybox1_step1
[2019.02.11-01.53.00:921][  0]LogStaticMesh: Building static mesh Greybox1_step2...
[2019.02.11-01.53.00:923][  0]LogStaticMesh: Built static mesh [0.00s] /Game/_Greybox/Greybox1_step2.Greybox1_step2
[2019.02.11-01.53.00:924][  0]LogStaticMesh: Building static mesh Greybox1_step3...
[2019.02.11-01.53.00:926][  0]LogStaticMesh: Built static mesh [0.00s] /Game/_Greybox/Greybox1_step3.Greybox1_step3
[2019.02.11-01.53.00:930][  0]LogStaticMesh: Building static mesh Greybox1_towerIsland...
[2019.02.11-01.53.00:934][  0]LogStaticMesh: Built static mesh [0.00s] /Game/_Greybox/Greybox1_towerIsland.Greybox1_towerIsland
[2019.02.11-01.53.00:938][  0]LogStaticMesh: Building static mesh Greybox1_treeIsland...
[2019.02.11-01.53.00:946][  0]LogStaticMesh: Built static mesh [0.01s] /Game/_Greybox/Greybox1_treeIsland.Greybox1_treeIsland
[2019.02.11-01.53.00:960][  0]LogStaticMesh: Building static mesh r_hugeRock...
[2019.02.11-01.53.00:997][  0]LogStaticMesh: Built static mesh [0.04s] /Game/1_Models/Rocks/r_hugeRock.r_hugeRock
[2019.02.11-01.53.01:012][  0]LogStaticMesh: Building static mesh Placeholder_Airship...
[2019.02.11-01.53.01:049][  0]LogStaticMesh: Built static mesh [0.04s] /Game/_Greybox/Greybox_Airship/Placeholder_Airship.Placeholder_Airship
[2019.02.11-01.53.01:149][  0]LogStaticMesh: Building static mesh Placeholder_Dinochan_backpack_02...
[2019.02.11-01.53.01:366][  0]LogStaticMesh: Built static mesh [0.22s] /Game/_Greybox/Greybox_Dinochan/Placeholder_Dinochan_backpack_02.Placeholder_Dinochan_backpack_02
[2019.02.11-01.53.01:473][  0]LogStaticMesh: Building static mesh PlaceholderTree_LP...
[2019.02.11-01.53.01:613][  0]LogStaticMesh: Built static mesh [0.14s] /Game/_Greybox/Greybox_Tree/PlaceholderTree_LP.PlaceholderTree_LP
[2019.02.11-01.53.01:660][  0]LogStaticMesh: Building static mesh r_smallRock...
[2019.02.11-01.53.01:665][  0]LogStaticMesh: Built static mesh [0.01s] /Game/1_Models/Rocks/r_smallRock.r_smallRock
[2019.02.11-01.53.01:671][  0]LogStaticMesh: Building static mesh Statue_Base...
[2019.02.11-01.53.01:690][  0]LogStaticMesh: Built static mesh [0.02s] /Game/_Greybox/Greybox_Statues/Statue_Base.Statue_Base
[2019.02.11-01.53.01:705][  0]LogStaticMesh: Building static mesh Statue_Tusks...
[2019.02.11-01.53.01:756][  0]LogStaticMesh: Built static mesh [0.05s] /Game/_Greybox/Greybox_Statues/Statue_Tusks.Statue_Tusks
[2019.02.11-01.53.01:764][  0]LogStaticMesh: Building static mesh r_tallRock...
[2019.02.11-01.53.01:771][  0]LogStaticMesh: Built static mesh [0.01s] /Game/1_Models/Rocks/r_tallRock.r_tallRock
[2019.02.11-01.53.01:776][  0]LogMaterial: Display: Missing cached shader map for material wire_154154229, compiling. 
[2019.02.11-01.53.01:809][  0]LogMaterial: Display: Missing cached shader map for material 15_-_Default, compiling. 
[2019.02.11-01.53.01:839][  0]LogMaterial: Display: Missing cached shader map for material 09_-_Default, compiling. 
[2019.02.11-01.53.01:887][  0]LogMaterial: Display: Missing cached shader map for material PP_CelShader, compiling. 
[2019.02.11-01.53.01:945][  0]LogMaterial: Display: Missing cached shader map for material lambert1, compiling. 
[2019.02.11-01.53.01:974][  0]LogMaterial: Display: Missing cached shader map for material initialShadingGroup, compiling. 
[2019.02.11-01.53.02:009][  0]LogMaterial: Display: Missing cached shader map for material FlatPinkTest, compiling. 
[2019.02.11-01.53.02:046][  0]LogShaderCompilers: Display: Shaders left to compile 288
[2019.02.11-01.53.02:046][  0]LogAudioDerivedData: Display: Building compressed audio format OGG hash OGG wave Industrious_Ferret_TEMP...
[2019.02.11-01.53.02:139][  0]LogTemp: Couldn't find amount to resample to.
[2019.02.11-01.53.07:841][  0]LogShaderCompilers: Display: Shaders left to compile 309
[2019.02.11-01.53.07:841][  0]LogShaderCompilers: Display: Shaders left to compile 299
[2019.02.11-01.53.07:841][  0]LogShaderCompilers: Display: Shaders left to compile 289
[2019.02.11-01.53.07:841][  0]LogShaderCompilers: Display: Shaders left to compile 279
[2019.02.11-01.53.07:841][  0]LogShaderCompilers: Display: Shaders left to compile 269
[2019.02.11-01.53.07:841][  0]LogShaderCompilers: Display: Shaders left to compile 259
[2019.02.11-01.53.07:841][  0]LogShaderCompilers: Display: Shaders left to compile 249
[2019.02.11-01.53.07:841][  0]LogShaderCompilers: Display: Shaders left to compile 239
[2019.02.11-01.53.07:842][  0]LogShaderCompilers: Display: Shaders left to compile 229
[2019.02.11-01.53.07:842][  0]LogShaderCompilers: Display: Shaders left to compile 219
[2019.02.11-01.53.07:842][  0]LogShaderCompilers: Display: Shaders left to compile 209
[2019.02.11-01.53.07:842][  0]LogShaderCompilers: Display: Shaders left to compile 199
[2019.02.11-01.53.07:949][  0]LogAIModule: Creating AISystem for world Modelled_Greybox
[2019.02.11-01.53.08:259][  0]LogEditorServer: Finished looking for orphan Actors (0.000 secs)
[2019.02.11-01.53.08:328][  0]Cmd: MAP CHECKDEP NOCLEARLOG
[2019.02.11-01.53.08:469][  0]MapCheck: Map check complete: 0 Error(s), 0 Warning(s), took 141.371ms to complete.
[2019.02.11-01.53.08:469][  0]LogFileHelpers: Loading map 'Modelled_Greybox' took 9.122
[2019.02.11-01.53.08:738][  0]LogSlate: Updating window title bar state: overlay mode, drag disabled, window buttons hidden, title bar hidden
[2019.02.11-01.53.08:751][  0]LogSlate: Updating window title bar state: overlay mode, drag disabled, window buttons hidden, title bar hidden
[2019.02.11-01.53.08:762][  0]LogSlate: Updating window title bar state: overlay mode, drag disabled, window buttons hidden, title bar hidden
[2019.02.11-01.53.08:771][  0]LogShaderCompilers: Display: Shaders left to compile 189
[2019.02.11-01.53.08:771][  0]LogSlate: Updating window title bar state: overlay mode, drag disabled, window buttons hidden, title bar hidden
[2019.02.11-01.53.08:854][  0]LogShaderCompilers: Display: Shaders left to compile 179
[2019.02.11-01.53.08:854][  0]LogCollectionManager: Loaded 0 collections in 0.004796 seconds
[2019.02.11-01.53.08:918][  0]LogFileCache: Scanning file cache for directory 'C:/Users/Dominic/Desktop/Dinochan/Dinochan_v001_UE4.20.3/Saved/Collections/' took 0.01s
[2019.02.11-01.53.08:918][  0]LogFileCache: Scanning file cache for directory 'C:/Users/Dominic/Desktop/Dinochan/Dinochan_v001_UE4.20.3/Content/Developers/Dominic/Collections/' took 0.01s
[2019.02.11-01.53.08:919][  0]LogFileCache: Scanning file cache for directory 'C:/Users/Dominic/Desktop/Dinochan/Dinochan_v001_UE4.20.3/Content/Collections/' took 0.01s
[2019.02.11-01.53.08:919][  0]LogCollectionManager: Rebuilt the GUID cache for 0 collections in 0.000001 seconds
[2019.02.11-01.53.08:938][  0]LogContentBrowser: Native class hierarchy populated in 0.0186 seconds. Added 2572 classes and 603 folders.
[2019.02.11-01.53.08:953][  0]LogContentBrowser: Native class hierarchy updated for 'WidgetCarousel' in 0.0003 seconds. Added 0 classes and 0 folders.
[2019.02.11-01.53.10:365][  0]LogShaderCompilers: Display: Shaders left to compile 169
[2019.02.11-01.53.10:365][  0]LogShaderCompilers: Display: Shaders left to compile 159
[2019.02.11-01.53.10:365][  0]LogShaderCompilers: Display: Shaders left to compile 149
[2019.02.11-01.53.10:365][  0]LogShaderCompilers: Display: Shaders left to compile 139
[2019.02.11-01.53.10:365][  0]LogShaderCompilers: Display: Shaders left to compile 129
[2019.02.11-01.53.10:365][  0]LogShaderCompilers: Display: Shaders left to compile 119
[2019.02.11-01.53.10:365][  0]LogContentBrowser: Native class hierarchy updated for 'AddContentDialog' in 0.0003 seconds. Added 0 classes and 0 folders.
[2019.02.11-01.53.10:454][  0]LogContentBrowser: Native class hierarchy updated for 'SceneOutliner' in 0.0004 seconds. Added 1 classes and 2 folders.
[2019.02.11-01.53.10:505][  0]LogSlate: Took 0.016020 seconds to synchronously load lazily loaded font '../../../Engine/Content/Slate/Fonts/Roboto-Regular.ttf' (155K)
[2019.02.11-01.53.10:523][  0]LogSlate: Took 0.014700 seconds to synchronously load lazily loaded font '../../../Engine/Content/Slate/Fonts/Roboto-Bold.ttf' (160K)
[2019.02.11-01.53.10:564][  0]LogSlate: Took 0.011762 seconds to synchronously load lazily loaded font '../../../Engine/Content/Editor/Slate/Fonts/FontAwesome.ttf' (139K)
[2019.02.11-01.53.10:861][  0]LogShaderCompilers: Display: Shaders left to compile 109
[2019.02.11-01.53.10:861][  0]LogRenderer: Reallocating scene render targets to support 1208x576 Format 10 NumSamples 1 (Frame:1).
[2019.02.11-01.53.11:365][  0]LogContentBrowser: Native class hierarchy updated for 'HierarchicalLODOutliner' in 0.0003 seconds. Added 0 classes and 0 folders.
[2019.02.11-01.53.11:365][  0]LogLoad: (Engine Initialization) Total time: 64.94 seconds
[2019.02.11-01.53.11:365][  0]LogLoad: (Engine Initialization) Total Blueprint compile time: 0.00 seconds
[2019.02.11-01.53.11:376][  0]LogWindowsTextInputMethodSystem: Display: IME system now deactivated.
[2019.02.11-01.53.11:436][  0]LogContentStreaming: Texture pool size now 1000 MB
[2019.02.11-01.53.11:599][  2]LogShaderCompilers: Display: Shaders left to compile 99
[2019.02.11-01.53.11:626][  2]LogAssetRegistry: Asset discovery search completed in 40.1821 seconds
[2019.02.11-01.53.11:630][  2]LogCollectionManager: Rebuilt the object cache for 0 collections in 0.000000 seconds (found 0 objects)
[2019.02.11-01.53.11:630][  2]LogCollectionManager: Fixed up redirectors for 0 collections in 0.000128 seconds (updated 0 objects)
[2019.02.11-01.53.12:007][ 42]LogShaderCompilers: Display: Shaders left to compile 89
[2019.02.11-01.53.12:040][ 46]LogShaderCompilers: Display: Shaders left to compile 79
[2019.02.11-01.53.12:294][ 75]LogShaderCompilers: Display: Shaders left to compile 69
[2019.02.11-01.53.13:581][191]LogShaderCompilers: Display: Shaders left to compile 59
[2019.02.11-01.53.13:616][195]LogShaderCompilers: Display: Shaders left to compile 49
[2019.02.11-01.53.13:683][201]LogShaderCompilers: Display: Shaders left to compile 39
[2019.02.11-01.53.14:335][278]LogShaderCompilers: Display: Shaders left to compile 29
[2019.02.11-01.53.14:857][340]LogShaderCompilers: Display: Shaders left to compile 19
[2019.02.11-01.53.15:520][418]LogShaderCompilers: Display: Shaders left to compile 9
[2019.02.11-01.53.15:558][419]LogSlate: Took 0.019389 seconds to synchronously load lazily loaded font '../../../Engine/Content/Slate/Fonts/Roboto-Light.ttf' (167K)
[2019.02.11-01.53.16:544][537]LogFileCache: Retrieving MD5 hashes for directory 'C:/Users/Dominic/Desktop/Dinochan/Dinochan_v001_UE4.20.3/Content/' took 5.15s
[2019.02.11-01.53.22:707][267]LogSlate: FSceneViewport::OnFocusLost() reason 0
[2019.02.11-01.53.58:501][485]LogTexture: Display: Building textures: HQ_Lightmap0_3 (AutoDXT, 32X32)
[2019.02.11-01.53.58:501][485]LogTexture: Display: Building textures: HQ_Lightmap0_2 (AutoDXT, 64X64)
[2019.02.11-01.53.58:501][485]LogTexture: Display: Building textures: LQ_Lightmap_0_3 (DXT1, 32X32)
[2019.02.11-01.53.58:501][485]LogTexture: Display: Building textures: LQ_Lightmap_0_2 (DXT1, 64X64)
[2019.02.11-01.53.58:501][485]LogTexture: Display: Building textures: ShadowMapTexture2D_1 (G8, 32X32)
[2019.02.11-01.53.58:501][485]LogTexture: Display: Building textures: ShadowMapTexture2D_2 (G8, 16X16)
[2019.02.11-01.53.58:501][485]LogTexture: Display: Building textures: ShadowMapTexture2D_0 (G8, 1024X256)
[2019.02.11-01.53.58:501][485]LogTexture: Display: Building textures: LQ_Lightmap_0_1 (DXT1, 1024X1024)
[2019.02.11-01.53.58:501][485]LogTexture: Display: Building textures: HQ_Lightmap0_1 (AutoDXT, 1024X1024)
[2019.02.11-01.53.58:505][485]LogAIModule: Creating AISystem for world Dom_Modelled_Greybox1
[2019.02.11-01.54.02:538][961]LogSlate: Took 0.000214 seconds to synchronously load lazily loaded font '../../../Engine/Content/Slate/Fonts/Roboto-Light.ttf' (167K)
[2019.02.11-01.54.02:814][961]LogSavePackage: Moving 'C:/Users/Dominic/Desktop/Dinochan/Dinochan_v001_UE4.20.3/Saved/Dom_Modelled_Greybox1_BuiltDataA86D6E37488CC3205DCD0FA584F26C4E.tmp' to 'C:/Users/Dominic/Desktop/Dinochan/Dinochan_v001_UE4.20.3/Content/_Maps/DomLevel/Dom_Modelled_Greybox1_BuiltData.uasset'
[2019.02.11-01.54.03:119][961]LogSavePackage: Moving 'C:/Users/Dominic/Desktop/Dinochan/Dinochan_v001_UE4.20.3/Saved/Dom_Modelled_Greybox1C9A32586411D0DFFD3F61BAE7F890E73.tmp' to 'C:/Users/Dominic/Desktop/Dinochan/Dinochan_v001_UE4.20.3/Content/_Maps/DomLevel/Dom_Modelled_Greybox1.umap'
[2019.02.11-01.54.03:137][961]LogFileHelpers: Saving map 'Dom_Modelled_Greybox1' took 0.309
[2019.02.11-01.54.03:348][961]Cmd: OBJ SAVEPACKAGE PACKAGE="/Game/Scene1" FILE="C:/Users/Dominic/Desktop/Dinochan/Dinochan_v001_UE4.20.3/Content/Scene1.uasset" SILENT=true
[2019.02.11-01.54.03:450][961]LogSavePackage: Moving 'C:/Users/Dominic/Desktop/Dinochan/Dinochan_v001_UE4.20.3/Saved/Scene16192182B4F05262D66128DAF2AF74F6C.tmp' to 'C:/Users/Dominic/Desktop/Dinochan/Dinochan_v001_UE4.20.3/Content/Scene1.uasset'
[2019.02.11-01.54.03:464][961]Cmd: OBJ SAVEPACKAGE PACKAGE="/Game/Scene2" FILE="C:/Users/Dominic/Desktop/Dinochan/Dinochan_v001_UE4.20.3/Content/Scene2.uasset" SILENT=true
[2019.02.11-01.54.03:560][961]LogSavePackage: Moving 'C:/Users/Dominic/Desktop/Dinochan/Dinochan_v001_UE4.20.3/Saved/Scene2EAB1F0DE4099031EB34EE1A7A07AB585.tmp' to 'C:/Users/Dominic/Desktop/Dinochan/Dinochan_v001_UE4.20.3/Content/Scene2.uasset'
[2019.02.11-01.54.03:577][961]Cmd: OBJ SAVEPACKAGE PACKAGE="/Game/Scene3" FILE="C:/Users/Dominic/Desktop/Dinochan/Dinochan_v001_UE4.20.3/Content/Scene3.uasset" SILENT=true
[2019.02.11-01.54.03:669][961]LogSavePackage: Moving 'C:/Users/Dominic/Desktop/Dinochan/Dinochan_v001_UE4.20.3/Saved/Scene3A7B7604143958170D994B6A117C7A064.tmp' to 'C:/Users/Dominic/Desktop/Dinochan/Dinochan_v001_UE4.20.3/Content/Scene3.uasset'
[2019.02.11-01.54.03:685][961]Cmd: OBJ SAVEPACKAGE PACKAGE="/Game/Scene4" FILE="C:/Users/Dominic/Desktop/Dinochan/Dinochan_v001_UE4.20.3/Content/Scene4.uasset" SILENT=true
[2019.02.11-01.54.03:788][961]LogSavePackage: Moving 'C:/Users/Dominic/Desktop/Dinochan/Dinochan_v001_UE4.20.3/Saved/Scene489B280304CAC8855FD4BF2A7C5582B11.tmp' to 'C:/Users/Dominic/Desktop/Dinochan/Dinochan_v001_UE4.20.3/Content/Scene4.uasset'
[2019.02.11-01.54.03:804][961]Cmd: OBJ SAVEPACKAGE PACKAGE="/Game/Scene5" FILE="C:/Users/Dominic/Desktop/Dinochan/Dinochan_v001_UE4.20.3/Content/Scene5.uasset" SILENT=true
[2019.02.11-01.54.03:909][961]LogSavePackage: Moving 'C:/Users/Dominic/Desktop/Dinochan/Dinochan_v001_UE4.20.3/Saved/Scene5A6FE1C1D497315FEA0F151958DB71F28.tmp' to 'C:/Users/Dominic/Desktop/Dinochan/Dinochan_v001_UE4.20.3/Content/Scene5.uasset'
[2019.02.11-01.54.17:015][476]LogTexture: Display: Building textures: HQ_Lightmap1_2 (AutoDXT, 64X64)
[2019.02.11-01.54.17:015][476]LogTexture: Display: Building textures: ShadowMapTexture2D_1 (G8, 32X32)
[2019.02.11-01.54.17:015][476]LogTexture: Display: Building textures: ShadowMapTexture2D_2 (G8, 16X16)
[2019.02.11-01.54.17:015][476]LogTexture: Display: Building textures: LQ_Lightmap_1_3 (DXT1, 32X32)
[2019.02.11-01.54.17:015][476]LogTexture: Display: Building textures: HQ_Lightmap1_3 (AutoDXT, 32X32)
[2019.02.11-01.54.17:015][476]LogTexture: Display: Building textures: LQ_Lightmap_1_2 (DXT1, 64X64)
[2019.02.11-01.54.17:015][476]LogTexture: Display: Building textures: ShadowMapTexture2D_0 (G8, 1024X256)
[2019.02.11-01.54.17:015][476]LogTexture: Display: Building textures: LQ_Lightmap_1_1 (DXT1, 1024X1024)
[2019.02.11-01.54.17:015][476]LogTexture: Display: Building textures: HQ_Lightmap1_1 (AutoDXT, 1024X1024)
[2019.02.11-01.54.17:015][476]LogStaticMesh: Building static mesh PlaceHolder_Key...
[2019.02.11-01.54.17:053][476]LogStaticMesh: Built static mesh [0.04s] /Game/1_Models/PlaceholderModels/PlaceHolder_Key.PlaceHolder_Key
[2019.02.11-01.54.17:121][476]LogStaticMesh: Building static mesh Greybox1_doorR...
[2019.02.11-01.54.17:141][476]LogStaticMesh: Built static mesh [0.02s] /Game/_Greybox/Greybox1_doorR.Greybox1_doorR
[2019.02.11-01.54.17:153][476]LogStaticMesh: Building static mesh PlaceHolder_Item...
[2019.02.11-01.54.17:174][476]LogStaticMesh: Built static mesh [0.02s] /Game/1_Models/PlaceholderModels/PlaceHolder_Item.PlaceHolder_Item
[2019.02.11-01.54.17:179][476]LogStaticMesh: Building static mesh PlaceHolder_Map...
[2019.02.11-01.54.17:195][476]LogStaticMesh: Built static mesh [0.02s] /Game/1_Models/PlaceholderModels/PlaceHolder_Map.PlaceHolder_Map
[2019.02.11-01.54.17:312][476]LogAIModule: Creating AISystem for world Rueben_Dev
[2019.02.11-01.54.21:172][914]LogMetaData: Removing '/Game/_Maps/RubenLevel/Rueben_Dev.Rueben_Dev_C' ref from Metadata '/Game/_Maps/Rueben_Dev.PackageMetaData'
[2019.02.11-01.54.21:172][914]LogMetaData: Removing '/Game/_Maps/RubenLevel/Rueben_Dev.Rueben_Dev:PersistentLevel.Rueben_Dev.EventGraph.K2Node_Event_0' ref from Metadata '/Game/_Maps/Rueben_Dev.PackageMetaData'
[2019.02.11-01.54.21:172][914]LogMetaData: Removing '/Game/_Maps/RubenLevel/Rueben_Dev.Rueben_Dev:PersistentLevel.Rueben_Dev.EventGraph.K2Node_Event_1' ref from Metadata '/Game/_Maps/Rueben_Dev.PackageMetaData'
[2019.02.11-01.54.21:172][914]LogMetaData: Removing '/Game/_Maps/RubenLevel/Rueben_Dev.SKEL_Rueben_Dev_C' ref from Metadata '/Game/_Maps/Rueben_Dev.PackageMetaData'
[2019.02.11-01.54.21:189][914]Cmd: OBJ SAVEPACKAGE PACKAGE="/Game/_Maps/RubenLevel/Rueben_Dev_BuiltData" FILE="C:/Users/Dominic/Desktop/Dinochan/Dinochan_v001_UE4.20.3/Content/_Maps/RubenLevel/Rueben_Dev_BuiltData.uasset" SILENT=true
[2019.02.11-01.54.21:261][914]LogSavePackage: Moving 'C:/Users/Dominic/Desktop/Dinochan/Dinochan_v001_UE4.20.3/Saved/Rueben_Dev_BuiltDataC466E8F44D1568B75AE9669D9158B8DB.tmp' to 'C:/Users/Dominic/Desktop/Dinochan/Dinochan_v001_UE4.20.3/Content/_Maps/RubenLevel/Rueben_Dev_BuiltData.uasset'
[2019.02.11-01.54.21:643][914]LogSavePackage: Moving 'C:/Users/Dominic/Desktop/Dinochan/Dinochan_v001_UE4.20.3/Saved/Rueben_Dev91B4795247681A61DB61619F5DE2FF4F.tmp' to 'C:/Users/Dominic/Desktop/Dinochan/Dinochan_v001_UE4.20.3/Content/_Maps/RubenLevel/Rueben_Dev.umap'
[2019.02.11-01.54.21:663][914]LogFileHelpers: Saving map 'Rueben_Dev' took 0.390
[2019.02.11-01.54.25:191][295]LogAIModule: Creating AISystem for world StartMenuBG
[2019.02.11-01.54.27:918][597]LogMetaData: Removing '/Game/_Maps/RubenLevel/StartMenuBG.StartMenuBG_C' ref from Metadata '/Game/_Maps/StartMenuBG.PackageMetaData'
[2019.02.11-01.54.27:918][597]LogMetaData: Removing '/Game/_Maps/RubenLevel/StartMenuBG.SKEL_StartMenuBG_C' ref from Metadata '/Game/_Maps/StartMenuBG.PackageMetaData'
[2019.02.11-01.54.28:009][597]LogSavePackage: Moving 'C:/Users/Dominic/Desktop/Dinochan/Dinochan_v001_UE4.20.3/Saved/StartMenuBG_BuiltDataE628C87448BCCC922278F39784E8EC08.tmp' to 'C:/Users/Dominic/Desktop/Dinochan/Dinochan_v001_UE4.20.3/Content/_Maps/RubenLevel/StartMenuBG_BuiltData.uasset'
[2019.02.11-01.54.28:361][597]LogSavePackage: Moving 'C:/Users/Dominic/Desktop/Dinochan/Dinochan_v001_UE4.20.3/Saved/StartMenuBGB08383294BD1F0CB5A56F19B60F0C0E3.tmp' to 'C:/Users/Dominic/Desktop/Dinochan/Dinochan_v001_UE4.20.3/Content/_Maps/RubenLevel/StartMenuBG.umap'
[2019.02.11-01.54.28:383][597]LogFileHelpers: Saving map 'StartMenuBG' took 0.361
[2019.02.11-01.55.13:027][897]Cmd: OBJ SAVEPACKAGE PACKAGE="/Game/Sequuences/Scene1" FILE="C:/Users/Dominic/Desktop/Dinochan/Dinochan_v001_UE4.20.3/Content/Sequuences/Scene1.uasset" SILENT=true
[2019.02.11-01.55.13:056][897]LogSavePackage: Moving 'C:/Users/Dominic/Desktop/Dinochan/Dinochan_v001_UE4.20.3/Saved/Scene1569256BA4C665B13CA0583A4F0525A9B.tmp' to 'C:/Users/Dominic/Desktop/Dinochan/Dinochan_v001_UE4.20.3/Content/Sequuences/Scene1.uasset'
[2019.02.11-01.55.13:068][897]Cmd: OBJ SAVEPACKAGE PACKAGE="/Game/Scene1" FILE="C:/Users/Dominic/Desktop/Dinochan/Dinochan_v001_UE4.20.3/Content/Scene1.uasset" SILENT=true
[2019.02.11-01.55.13:144][897]LogSavePackage: Moving 'C:/Users/Dominic/Desktop/Dinochan/Dinochan_v001_UE4.20.3/Saved/Scene162E0D28D432015AFE3AEFFA976576D1B.tmp' to 'C:/Users/Dominic/Desktop/Dinochan/Dinochan_v001_UE4.20.3/Content/Scene1.uasset'
[2019.02.11-01.55.13:156][897]Cmd: OBJ SAVEPACKAGE PACKAGE="/Game/Sequuences/Scene2" FILE="C:/Users/Dominic/Desktop/Dinochan/Dinochan_v001_UE4.20.3/Content/Sequuences/Scene2.uasset" SILENT=true
[2019.02.11-01.55.13:183][897]LogSavePackage: Moving 'C:/Users/Dominic/Desktop/Dinochan/Dinochan_v001_UE4.20.3/Saved/Scene22EF417EF4C7489F2360DC6A58AEE5F10.tmp' to 'C:/Users/Dominic/Desktop/Dinochan/Dinochan_v001_UE4.20.3/Content/Sequuences/Scene2.uasset'
[2019.02.11-01.55.13:195][897]Cmd: OBJ SAVEPACKAGE PACKAGE="/Game/Scene2" FILE="C:/Users/Dominic/Desktop/Dinochan/Dinochan_v001_UE4.20.3/Content/Scene2.uasset" SILENT=true
[2019.02.11-01.55.13:273][897]LogSavePackage: Moving 'C:/Users/Dominic/Desktop/Dinochan/Dinochan_v001_UE4.20.3/Saved/Scene203E7BBA4424EC8AC9329A5946CA641CB.tmp' to 'C:/Users/Dominic/Desktop/Dinochan/Dinochan_v001_UE4.20.3/Content/Scene2.uasset'
[2019.02.11-01.55.13:287][897]Cmd: OBJ SAVEPACKAGE PACKAGE="/Game/Sequuences/Scene3" FILE="C:/Users/Dominic/Desktop/Dinochan/Dinochan_v001_UE4.20.3/Content/Sequuences/Scene3.uasset" SILENT=true
[2019.02.11-01.55.13:308][897]LogSavePackage: Moving 'C:/Users/Dominic/Desktop/Dinochan/Dinochan_v001_UE4.20.3/Saved/Scene35C399343489FBA90A531918A34D72FAA.tmp' to 'C:/Users/Dominic/Desktop/Dinochan/Dinochan_v001_UE4.20.3/Content/Sequuences/Scene3.uasset'
[2019.02.11-01.55.13:321][897]Cmd: OBJ SAVEPACKAGE PACKAGE="/Game/Scene3" FILE="C:/Users/Dominic/Desktop/Dinochan/Dinochan_v001_UE4.20.3/Content/Scene3.uasset" SILENT=true
[2019.02.11-01.55.13:394][897]LogSavePackage: Moving 'C:/Users/Dominic/Desktop/Dinochan/Dinochan_v001_UE4.20.3/Saved/Scene3681CA5184544EADDFD3A4A9460B420E7.tmp' to 'C:/Users/Dominic/Desktop/Dinochan/Dinochan_v001_UE4.20.3/Content/Scene3.uasset'
[2019.02.11-01.55.13:408][897]Cmd: OBJ SAVEPACKAGE PACKAGE="/Game/Sequuences/Scene4" FILE="C:/Users/Dominic/Desktop/Dinochan/Dinochan_v001_UE4.20.3/Content/Sequuences/Scene4.uasset" SILENT=true
[2019.02.11-01.55.13:437][897]LogSavePackage: Moving 'C:/Users/Dominic/Desktop/Dinochan/Dinochan_v001_UE4.20.3/Saved/Scene4757DA9C64782A8F37971159E615FF272.tmp' to 'C:/Users/Dominic/Desktop/Dinochan/Dinochan_v001_UE4.20.3/Content/Sequuences/Scene4.uasset'
[2019.02.11-01.55.13:452][897]Cmd: OBJ SAVEPACKAGE PACKAGE="/Game/Scene4" FILE="C:/Users/Dominic/Desktop/Dinochan/Dinochan_v001_UE4.20.3/Content/Scene4.uasset" SILENT=true
[2019.02.11-01.55.13:525][897]LogSavePackage: Moving 'C:/Users/Dominic/Desktop/Dinochan/Dinochan_v001_UE4.20.3/Saved/Scene4D4284FBE4BE3625B1C1F488B20E740CD.tmp' to 'C:/Users/Dominic/Desktop/Dinochan/Dinochan_v001_UE4.20.3/Content/Scene4.uasset'
[2019.02.11-01.55.13:539][897]Cmd: OBJ SAVEPACKAGE PACKAGE="/Game/Sequuences/Scene5" FILE="C:/Users/Dominic/Desktop/Dinochan/Dinochan_v001_UE4.20.3/Content/Sequuences/Scene5.uasset" SILENT=true
[2019.02.11-01.55.13:558][897]LogSavePackage: Moving 'C:/Users/Dominic/Desktop/Dinochan/Dinochan_v001_UE4.20.3/Saved/Scene541255C1340C2120715A2C69C1A6FF67B.tmp' to 'C:/Users/Dominic/Desktop/Dinochan/Dinochan_v001_UE4.20.3/Content/Sequuences/Scene5.uasset'
[2019.02.11-01.55.13:571][897]Cmd: OBJ SAVEPACKAGE PACKAGE="/Game/Scene5" FILE="C:/Users/Dominic/Desktop/Dinochan/Dinochan_v001_UE4.20.3/Content/Scene5.uasset" SILENT=true
[2019.02.11-01.55.13:646][897]LogSavePackage: Moving 'C:/Users/Dominic/Desktop/Dinochan/Dinochan_v001_UE4.20.3/Saved/Scene5A0CAA9BF47466A6C44CBE5AD13B03423.tmp' to 'C:/Users/Dominic/Desktop/Dinochan/Dinochan_v001_UE4.20.3/Content/Scene5.uasset'
[2019.02.11-01.57.52:471][903]LogSlate: FSceneViewport::OnFocusLost() reason 0
[2019.02.11-01.58.24:155][700]LogSlate: FSceneViewport::OnFocusLost() reason 2
[2019.02.11-01.58.25:383][843]LogSlate: FSceneViewport::OnFocusLost() reason 2
[2019.02.11-01.58.25:747][843]LogSavePackage: Moving 'C:/Users/Dominic/Desktop/Dinochan/Dinochan_v001_UE4.20.3/Saved/Dom_Modelled_Greybox17D7D665D4856DB9C26A64E9DC569DE5A.tmp' to 'C:/Users/Dominic/Desktop/Dinochan/Dinochan_v001_UE4.20.3/Content/_Maps/DomLevel/Dom_Modelled_Greybox1.umap'
[2019.02.11-01.58.25:766][843]LogFileHelpers: Saving map 'Dom_Modelled_Greybox1' took 0.380
[2019.02.11-01.59.02:084][198]LogSlate: FSceneViewport::OnFocusLost() reason 2
[2019.02.11-01.59.05:233][573]LogSlate: FSceneViewport::OnFocusLost() reason 0
[2019.02.11-01.59.05:453][587]LogSlate: Window 'Dinochan_v001 - Unreal Editor' being destroyed
[2019.02.11-01.59.05:454][587]LogWindowsTextInputMethodSystem: Display: IME system now deactivated.
[2019.02.11-01.59.05:851][588]Cmd: QUIT_EDITOR
[2019.02.11-01.59.05:904][588]LogExit: Preparing to exit.
[2019.02.11-01.59.06:506][588]LogExit: Editor shut down
[2019.02.11-01.59.06:506][588]LogExit: Transaction tracking system shut down
[2019.02.11-01.59.07:259][588]LogExit: Object subsystem successfully closed.
[2019.02.11-01.59.07:284][588]LogShaderCompilers: Display: Shaders left to compile 0
[2019.02.11-01.59.07:287][588]LogD3D11RHI: Shutdown
[2019.02.11-01.59.07:287][588]LogD3D11RHI: CleanupD3DDevice
[2019.02.11-01.59.07:289][588]LogD3D11RHI: ~FD3D11DynamicRHI
[2019.02.11-01.59.07:305][588]LogModuleManager: Shutting down and abandoning module HierarchicalLODUtilities (614)
[2019.02.11-01.59.07:305][588]LogModuleManager: Shutting down and abandoning module HierarchicalLODOutliner (612)
[2019.02.11-01.59.07:305][588]LogModuleManager: Shutting down and abandoning module SceneOutliner (610)
[2019.02.11-01.59.07:305][588]LogModuleManager: Shutting down and abandoning module AddContentDialog (608)
[2019.02.11-01.59.07:305][588]LogModuleManager: Shutting down and abandoning module WidgetCarousel (607)
[2019.02.11-01.59.07:305][588]LogModuleManager: Shutting down and abandoning module EditorWidgets (604)
[2019.02.11-01.59.07:305][588]LogModuleManager: Shutting down and abandoning module CollectionManager (602)
[2019.02.11-01.59.07:305][588]LogModuleManager: Shutting down and abandoning module MeshBuilder (600)
[2019.02.11-01.59.07:305][588]LogModuleManager: Shutting down and abandoning module StatsViewer (598)
[2019.02.11-01.59.07:305][588]LogModuleManager: Shutting down and abandoning module FoliageEdit (596)
[2019.02.11-01.59.07:305][588]LogModuleManager: Shutting down and abandoning module LandscapeEditor (594)
[2019.02.11-01.59.07:305][588]LogModuleManager: Shutting down and abandoning module MeshPaintMode (592)
[2019.02.11-01.59.07:305][588]LogModuleManager: Shutting down and abandoning module SceneDepthPickerMode (590)
[2019.02.11-01.59.07:305][588]LogModuleManager: Shutting down and abandoning module ActorPickerMode (588)
[2019.02.11-01.59.07:305][588]LogModuleManager: Shutting down and abandoning module GeometryMode (586)
[2019.02.11-01.59.07:306][588]LogModuleManager: Shutting down and abandoning module TextureAlignMode (584)
[2019.02.11-01.59.07:306][588]LogModuleManager: Shutting down and abandoning module BspMode (582)
[2019.02.11-01.59.07:306][588]LogModuleManager: Shutting down and abandoning module PIEPreviewDeviceProfileSelector (580)
[2019.02.11-01.59.07:306][588]LogModuleManager: Shutting down and abandoning module SequenceRecorderSections (578)
[2019.02.11-01.59.07:306][588]LogModuleManager: Shutting down and abandoning module AutomationWorker (576)
[2019.02.11-01.59.07:306][588]LogModuleManager: Shutting down and abandoning module AudioCaptureEditor (574)
[2019.02.11-01.59.07:306][588]LogModuleManager: Shutting down and abandoning module SequenceRecorder (573)
[2019.02.11-01.59.07:306][588]LogModuleManager: Shutting down and abandoning module MatineeToLevelSequence (570)
[2019.02.11-01.59.07:306][588]LogModuleManager: Shutting down and abandoning module LevelSequenceEditor (568)
[2019.02.11-01.59.07:306][588]LogModuleManager: Shutting down and abandoning module PlacementMode (567)
[2019.02.11-01.59.07:306][588]LogModuleManager: Shutting down and abandoning module MaterialEditor (566)
[2019.02.11-01.59.07:306][588]LogModuleManager: Shutting down and abandoning module WmfMediaFactory (562)
[2019.02.11-01.59.07:306][588]LogModuleManager: Shutting down and abandoning module WmfMediaEditor (560)
[2019.02.11-01.59.07:306][588]LogModuleManager: Shutting down and abandoning module MediaPlayerEditor (558)
[2019.02.11-01.59.07:306][588]LogModuleManager: Shutting down and abandoning module OpenExrWrapper (556)
[2019.02.11-01.59.07:306][588]LogModuleManager: Shutting down and abandoning module ImgMediaFactory (554)
[2019.02.11-01.59.07:306][588]LogModuleManager: Shutting down and abandoning module ImgMediaEditor (552)
[2019.02.11-01.59.07:306][588]LogModuleManager: Shutting down and abandoning module AvfMediaFactory (550)
[2019.02.11-01.59.07:306][588]LogModuleManager: Shutting down and abandoning module AvfMediaEditor (548)
[2019.02.11-01.59.07:306][588]LogModuleManager: Shutting down and abandoning module AndroidMediaFactory (546)
[2019.02.11-01.59.07:306][588]LogModuleManager: Shutting down and abandoning module AndroidMediaEditor (544)
[2019.02.11-01.59.07:306][588]LogModuleManager: Shutting down and abandoning module MagicLeapCameraPreviewFactory (542)
[2019.02.11-01.59.07:306][588]LogModuleManager: Shutting down and abandoning module MagicLeapMediaFactory (540)
[2019.02.11-01.59.07:306][588]LogModuleManager: Shutting down and abandoning module MagicLeapMediaEditor (538)
[2019.02.11-01.59.07:306][588]LogModuleManager: Shutting down and abandoning module CharacterAI (536)
[2019.02.11-01.59.07:306][588]LogModuleManager: Shutting down and abandoning module SmartSnapping (534)
[2019.02.11-01.59.07:306][588]LogModuleManager: Shutting down and abandoning module SessionServices (532)
[2019.02.11-01.59.07:306][588]LogModuleManager: Shutting down and abandoning module ViewportSnapping (530)
[2019.02.11-01.59.07:306][588]LogModuleManager: Shutting down and abandoning module ViewportInteraction (528)
[2019.02.11-01.59.07:306][588]LogModuleManager: Shutting down and abandoning module ClothPainter (526)
[2019.02.11-01.59.07:306][588]LogModuleManager: Shutting down and abandoning module SkeletalMeshEditor (525)
[2019.02.11-01.59.07:306][588]LogModuleManager: Shutting down and abandoning module LogVisualizer (522)
[2019.02.11-01.59.07:307][588]LogModuleManager: Shutting down and abandoning module IntroTutorials (520)
[2019.02.11-01.59.07:307][588]LogModuleManager: Shutting down and abandoning module GameProjectGeneration (519)
[2019.02.11-01.59.07:307][588]LogModuleManager: Shutting down and abandoning module LuminPlatformEditor (516)
[2019.02.11-01.59.07:307][588]LogModuleManager: Shutting down and abandoning module IOSPlatformEditor (514)
[2019.02.11-01.59.07:307][588]LogModuleManager: Shutting down and abandoning module HTML5PlatformEditor (512)
[2019.02.11-01.59.07:307][588]LogModuleManager: Shutting down and abandoning module AndroidPlatformEditor (510)
[2019.02.11-01.59.07:307][588]LogModuleManager: Shutting down and abandoning module AndroidDeviceDetection (509)
[2019.02.11-01.59.07:854][588]LogModuleManager: Shutting down and abandoning module WindowsPlatformEditor (506)
[2019.02.11-01.59.07:854][588]LogModuleManager: Shutting down and abandoning module LuminRuntimeSettings (504)
[2019.02.11-01.59.07:854][588]LogModuleManager: Shutting down and abandoning module IOSRuntimeSettings (502)
[2019.02.11-01.59.07:854][588]LogModuleManager: Shutting down and abandoning module AndroidRuntimeSettings (500)
[2019.02.11-01.59.07:854][588]LogModuleManager: Shutting down and abandoning module InputBindingEditor (498)
[2019.02.11-01.59.07:854][588]LogModuleManager: Shutting down and abandoning module MergeActors (496)
[2019.02.11-01.59.07:854][588]LogModuleManager: Shutting down and abandoning module LocalizationDashboard (494)
[2019.02.11-01.59.07:855][588]LogModuleManager: Shutting down and abandoning module LocalizationService (493)
[2019.02.11-01.59.07:855][588]LogModuleManager: Shutting down and abandoning module HardwareTargeting (490)
[2019.02.11-01.59.07:855][588]LogModuleManager: Shutting down and abandoning module DeviceProfileEditor (488)
[2019.02.11-01.59.07:855][588]LogModuleManager: Shutting down and abandoning module UndoHistory (486)
[2019.02.11-01.59.07:855][588]LogModuleManager: Shutting down and abandoning module XmlParser (484)
[2019.02.11-01.59.07:855][588]LogModuleManager: Shutting down and abandoning module Blutility (482)
[2019.02.11-01.59.07:855][588]LogModuleManager: Shutting down and abandoning module ProjectSettingsViewer (480)
[2019.02.11-01.59.07:855][588]LogModuleManager: Shutting down and abandoning module ProjectTargetPlatformEditor (479)
[2019.02.11-01.59.07:855][588]LogModuleManager: Shutting down and abandoning module EditorSettingsViewer (476)
[2019.02.11-01.59.07:855][588]LogModuleManager: Shutting down and abandoning module SettingsEditor (474)
[2019.02.11-01.59.07:855][588]LogModuleManager: Shutting down and abandoning module ProjectLauncher (472)
[2019.02.11-01.59.07:855][588]LogModuleManager: Shutting down and abandoning module SessionFrontend (470)
[2019.02.11-01.59.07:855][588]LogModuleManager: Shutting down and abandoning module ProfilerClient (468)
[2019.02.11-01.59.07:855][588]LogModuleManager: Shutting down and abandoning module DeviceManager (466)
[2019.02.11-01.59.07:855][588]LogModuleManager: Shutting down and abandoning module TargetDeviceServices (465)
[2019.02.11-01.59.07:910][588]LogModuleManager: Shutting down and abandoning module AutomationController (462)
[2019.02.11-01.59.07:910][588]LogModuleManager: Shutting down and abandoning module AutomationWindow (460)
[2019.02.11-01.59.07:910][588]LogModuleManager: Shutting down and abandoning module Layers (458)
[2019.02.11-01.59.07:910][588]LogModuleManager: Shutting down and abandoning module ComponentVisualizers (456)
[2019.02.11-01.59.07:910][588]LogModuleManager: Shutting down and abandoning module DetailCustomizations (454)
[2019.02.11-01.59.07:910][588]LogModuleManager: Shutting down and abandoning module PackagesDialog (452)
[2019.02.11-01.59.07:910][588]LogModuleManager: Shutting down and abandoning module Persona (450)
[2019.02.11-01.59.07:910][588]LogModuleManager: Shutting down and abandoning module AdvancedPreviewScene (449)
[2019.02.11-01.59.07:910][588]LogModuleManager: Shutting down and abandoning module AnimGraph (447)
[2019.02.11-01.59.07:910][588]LogModuleManager: Shutting down and abandoning module Kismet (444)
[2019.02.11-01.59.07:911][588]LogModuleManager: Shutting down and abandoning module GraphEditor (442)
[2019.02.11-01.59.07:911][588]LogModuleManager: Shutting down and abandoning module ClassViewer (440)
[2019.02.11-01.59.07:911][588]LogModuleManager: Shutting down and abandoning module Toolbox (438)
[2019.02.11-01.59.07:911][588]LogModuleManager: Shutting down and abandoning module ModuleUI (436)
[2019.02.11-01.59.07:911][588]LogModuleManager: Shutting down and abandoning module MovieSceneTools (434)
[2019.02.11-01.59.07:911][588]LogModuleManager: Shutting down and abandoning module OutputLog (432)
[2019.02.11-01.59.07:911][588]LogModuleManager: Shutting down and abandoning module GammaUI (430)
[2019.02.11-01.59.07:911][588]LogModuleManager: Shutting down and abandoning module Documentation (428)
[2019.02.11-01.59.07:911][588]LogModuleManager: Shutting down and abandoning module MovieSceneTracks (426)
[2019.02.11-01.59.07:911][588]LogModuleManager: Shutting down and abandoning module MovieScene (424)
[2019.02.11-01.59.07:911][588]LogModuleManager: Shutting down and abandoning module StreamingPauseRendering (422)
[2019.02.11-01.59.07:911][588]LogModuleManager: Shutting down and abandoning module LauncherPlatform (420)
[2019.02.11-01.59.07:911][588]LogModuleManager: Shutting down and abandoning module AnalyticsET (418)
[2019.02.11-01.59.07:911][588]LogModuleManager: Shutting down and abandoning module PortalServices (416)
[2019.02.11-01.59.07:911][588]LogModuleManager: Shutting down and abandoning module PortalRpc (414)
[2019.02.11-01.59.07:911][588]LogModuleManager: Shutting down and abandoning module MessagingRpc (412)
[2019.02.11-01.59.07:911][588]LogModuleManager: Shutting down and abandoning module AIModule (410)
[2019.02.11-01.59.07:911][588]LogModuleManager: Shutting down and abandoning module GameplayDebugger (409)
[2019.02.11-01.59.07:912][588]LogModuleManager: Shutting down and abandoning module AITestSuite (407)
[2019.02.11-01.59.07:912][588]LogModuleManager: Shutting down and abandoning module NavigationSystem (405)
[2019.02.11-01.59.07:912][588]LogModuleManager: Shutting down and abandoning module DesktopPlatform (402)
[2019.02.11-01.59.07:912][588]LogModuleManager: Shutting down and abandoning module ProfilerService (400)
[2019.02.11-01.59.08:048][588]LogModuleManager: Shutting down and abandoning module TaskGraph (398)
[2019.02.11-01.59.08:048][588]LogModuleManager: Shutting down and abandoning module SteamVRController (396)
[2019.02.11-01.59.08:048][588]LogModuleManager: Shutting down and abandoning module ProceduralMeshComponentEditor (394)
[2019.02.11-01.59.08:048][588]LogModuleManager: Shutting down and abandoning module ProceduralMeshComponent (392)
[2019.02.11-01.59.08:049][588]LogModuleManager: Shutting down and abandoning module OculusInput (390)
[2019.02.11-01.59.08:049][588]LogModuleManager: Shutting down and abandoning module MobilePatchingUtils (388)
[2019.02.11-01.59.08:049][588]LogModuleManager: Shutting down and abandoning module EditableMesh (386)
[2019.02.11-01.59.08:049][588]LogModuleManager: Shutting down and abandoning module CustomMeshComponent (384)
[2019.02.11-01.59.08:049][588]LogModuleManager: Shutting down and abandoning module CableComponent (382)
[2019.02.11-01.59.08:049][588]LogModuleManager: Shutting down and abandoning module AudioCapture (380)
[2019.02.11-01.59.08:049][588]LogModuleManager: Shutting down and abandoning module ArchVisCharacter (378)
[2019.02.11-01.59.08:049][588]LogModuleManager: Shutting down and abandoning module AndroidPermission (376)
[2019.02.11-01.59.08:049][588]LogModuleManager: Shutting down and abandoning module NUTUnrealEngine4 (374)
[2019.02.11-01.59.08:049][588]LogModuleManager: Shutting down and abandoning module NetcodeUnitTest (372)
[2019.02.11-01.59.08:049][588]LogModuleManager: Shutting down and abandoning module MediaCompositingEditor (370)
[2019.02.11-01.59.08:049][588]LogModuleManager: Shutting down and abandoning module MediaCompositing (368)
[2019.02.11-01.59.08:049][588]LogModuleManager: Shutting down and abandoning module LinearTimecode (366)
[2019.02.11-01.59.08:049][588]LogModuleManager: Shutting down and abandoning module ImgMedia (364)
[2019.02.11-01.59.08:052][588]LogModuleManager: Shutting down and abandoning module HTML5Networking (362)
[2019.02.11-01.59.08:052][588]LogModuleManager: Shutting down and abandoning module GeometryCacheTracks (360)
[2019.02.11-01.59.08:052][588]LogModuleManager: Shutting down and abandoning module GeometryCacheSequencer (358)
[2019.02.11-01.59.08:052][588]LogModuleManager: Shutting down and abandoning module BackChannel (356)
[2019.02.11-01.59.08:052][588]LogModuleManager: Shutting down and abandoning module AppleVision (354)
[2019.02.11-01.59.08:052][588]LogModuleManager: Shutting down and abandoning module AppleImageUtils (352)
[2019.02.11-01.59.08:052][588]LogModuleManager: Shutting down and abandoning module AlembicImporter (350)
[2019.02.11-01.59.08:052][588]LogModuleManager: Shutting down and abandoning module AlembicLibrary (349)
[2019.02.11-01.59.08:052][588]LogModuleManager: Shutting down and abandoning module GeometryCache (348)
[2019.02.11-01.59.08:052][588]LogModuleManager: Shutting down and abandoning module GeometryCacheEd (347)
[2019.02.11-01.59.08:052][588]LogModuleManager: Shutting down and abandoning module DatasmithContentEditor (342)
[2019.02.11-01.59.08:052][588]LogModuleManager: Shutting down and abandoning module DatasmithContent (340)
[2019.02.11-01.59.08:053][588]LogModuleManager: Shutting down and abandoning module SpeedTreeImporter (338)
[2019.02.11-01.59.08:054][588]LogModuleManager: Shutting down and abandoning module PluginBrowser (336)
[2019.02.11-01.59.08:054][588]LogModuleManager: Shutting down and abandoning module MobileLauncherProfileWizard (334)
[2019.02.11-01.59.08:054][588]LogModuleManager: Shutting down and abandoning module PolygonModeling (332)
[2019.02.11-01.59.08:054][588]LogModuleManager: Shutting down and abandoning module MeshEditor (330)
[2019.02.11-01.59.08:054][588]LogModuleManager: Shutting down and abandoning module CryptoKeysOpenSSL (328)
[2019.02.11-01.59.08:054][588]LogModuleManager: Shutting down and abandoning module CryptoKeys (326)
[2019.02.11-01.59.08:054][588]LogModuleManager: Shutting down and abandoning module VisualStudioSourceCodeAccess (324)
[2019.02.11-01.59.08:054][588]LogModuleManager: Shutting down and abandoning module VisualStudioCodeSourceCodeAccess (322)
[2019.02.11-01.59.08:054][588]LogModuleManager: Shutting down and abandoning module UObjectPlugin (320)
[2019.02.11-01.59.08:054][588]LogModuleManager: Shutting down and abandoning module SubversionSourceControl (318)
[2019.02.11-01.59.08:054][588]LogModuleManager: Shutting down and abandoning module PerforceSourceControl (316)
[2019.02.11-01.59.08:054][588]LogModuleManager: Shutting down and abandoning module GitSourceControl (314)
[2019.02.11-01.59.08:054][588]LogModuleManager: Shutting down and abandoning module SourceControl (313)
[2019.02.11-01.59.08:054][588]LogModuleManager: Shutting down and abandoning module CLionSourceCodeAccess (310)
[2019.02.11-01.59.08:054][588]LogModuleManager: Shutting down and abandoning module LightPropagationVolumeEditor (308)
[2019.02.11-01.59.08:054][588]LogModuleManager: Shutting down and abandoning module PaperTiledImporter (306)
[2019.02.11-01.59.08:054][588]LogModuleManager: Shutting down and abandoning module PaperSpriteSheetImporter (304)
[2019.02.11-01.59.08:054][588]LogModuleManager: Shutting down and abandoning module Paper2DEditor (302)
[2019.02.11-01.59.08:054][588]LogModuleManager: Shutting down and abandoning module MeshPaint (301)
[2019.02.11-01.59.08:054][588]LogModuleManager: Shutting down and abandoning module RuntimePhysXCooking (298)
[2019.02.11-01.59.08:054][588]LogModuleManager: Shutting down and abandoning module PhysXVehiclesEditor (296)
[2019.02.11-01.59.08:054][588]LogModuleManager: Shutting down and abandoning module PhysXVehicles (294)
[2019.02.11-01.59.08:054][588]LogModuleManager: Shutting down and abandoning module OculusEditor (292)
[2019.02.11-01.59.08:054][588]LogModuleManager: Shutting down and abandoning module LocationServicesBPLibrary (290)
[2019.02.11-01.59.08:054][588]LogModuleManager: Shutting down and abandoning module ImmediatePhysicsEditor (288)
[2019.02.11-01.59.08:054][588]LogModuleManager: Shutting down and abandoning module ImmediatePhysics (286)
[2019.02.11-01.59.08:054][588]LogModuleManager: Shutting down and abandoning module ActorSequence (284)
[2019.02.11-01.59.08:054][588]LogModuleManager: Shutting down and abandoning module UdpMessaging (282)
[2019.02.11-01.59.08:155][588]LogModuleManager: Shutting down and abandoning module TcpMessaging (280)
[2019.02.11-01.59.08:256][588]LogModuleManager: Shutting down and abandoning module MagicLeapAudio (278)
[2019.02.11-01.59.08:256][588]LogModuleManager: Shutting down and abandoning module GameplayTagsEditor (276)
[2019.02.11-01.59.08:256][588]LogModuleManager: Shutting down and abandoning module FacialAnimationEditor (274)
[2019.02.11-01.59.08:256][588]LogModuleManager: Shutting down and abandoning module FacialAnimation (272)
[2019.02.11-01.59.08:256][588]LogModuleManager: Shutting down and abandoning module DataValidation (270)
[2019.02.11-01.59.08:256][588]LogModuleManager: Shutting down and abandoning module AssetManagerEditor (268)
[2019.02.11-01.59.08:256][588]LogModuleManager: Shutting down and abandoning module LevelEditor (267)
[2019.02.11-01.59.08:256][588]LogModuleManager: Shutting down and abandoning module PixelInspectorModule (266)
[2019.02.11-01.59.08:256][588]LogModuleManager: Shutting down and abandoning module CommonMenuExtensions (264)
[2019.02.11-01.59.08:257][588]LogModuleManager: Shutting down and abandoning module MainFrame (262)
[2019.02.11-01.59.08:257][588]LogModuleManager: Shutting down and abandoning module HotReload (261)
[2019.02.11-01.59.08:257][588]LogModuleManager: Shutting down and abandoning module ContentBrowser (257)
[2019.02.11-01.59.08:258][588]LogModuleManager: Shutting down and abandoning module TreeMap (255)
[2019.02.11-01.59.08:258][588]LogModuleManager: Shutting down and abandoning module LightPropagationVolumeRuntime (252)
[2019.02.11-01.59.08:258][588]LogModuleManager: Shutting down and abandoning module AISupportModule (250)
[2019.02.11-01.59.08:258][588]LogModuleManager: Shutting down and abandoning module Paper2D (248)
[2019.02.11-01.59.08:258][588]LogModuleManager: Shutting down and abandoning module WindowsMoviePlayer (246)
[2019.02.11-01.59.08:258][588]LogModuleManager: Shutting down and abandoning module WmfMedia (244)
[2019.02.11-01.59.08:259][588]LogModuleManager: Shutting down and abandoning module Media (243)
[2019.02.11-01.59.08:265][588]LogModuleManager: Shutting down and abandoning module PacketHandler (240)
[2019.02.11-01.59.08:265][588]LogModuleManager: Shutting down and abandoning module ClothingSystemEditor (238)
[2019.02.11-01.59.08:265][588]LogModuleManager: Shutting down and abandoning module ClothingSystemRuntime (236)
[2019.02.11-01.59.08:265][588]LogModuleManager: Shutting down and abandoning module MediaAssets (234)
[2019.02.11-01.59.08:265][588]LogModuleManager: Shutting down and abandoning module Overlay (232)
[2019.02.11-01.59.08:265][588]LogModuleManager: Shutting down and abandoning module OverlayEditor (231)
[2019.02.11-01.59.08:265][588]LogModuleManager: Shutting down and abandoning module VREditor (228)
[2019.02.11-01.59.08:265][588]LogModuleManager: Shutting down and abandoning module StringTableEditor (226)
[2019.02.11-01.59.08:265][588]LogModuleManager: Shutting down and abandoning module GameplayTasksEditor (224)
[2019.02.11-01.59.08:265][588]LogModuleManager: Shutting down and abandoning module BehaviorTreeEditor (222)
[2019.02.11-01.59.08:266][588]LogModuleManager: Shutting down and abandoning module FunctionalTesting (220)
[2019.02.11-01.59.08:266][588]LogModuleManager: Shutting down and abandoning module CollisionAnalyzer (218)
[2019.02.11-01.59.08:266][588]LogModuleManager: Shutting down and abandoning module WorkspaceMenuStructure (217)
[2019.02.11-01.59.08:266][588]LogModuleManager: Shutting down and abandoning module UMG (214)
[2019.02.11-01.59.08:266][588]LogModuleManager: Shutting down and abandoning module UMGEditor (213)
[2019.02.11-01.59.08:266][588]LogModuleManager: Shutting down and abandoning module Sequencer (212)
[2019.02.11-01.59.08:266][588]LogModuleManager: Shutting down and abandoning module MessageLog (209)
[2019.02.11-01.59.08:266][588]LogModuleManager: Shutting down and abandoning module SlateReflector (204)
[2019.02.11-01.59.08:266][588]LogModuleManager: Shutting down and abandoning module Slate (202)
[2019.02.11-01.59.08:266][588]LogModuleManager: Shutting down and abandoning module EditorStyle (200)
[2019.02.11-01.59.08:267][588]LogModuleManager: Shutting down and abandoning module MRMesh (198)
[2019.02.11-01.59.08:267][588]LogModuleManager: Shutting down and abandoning module SourceCodeAccess (196)
[2019.02.11-01.59.08:267][588]LogModuleManager: Shutting down and abandoning module HeadMountedDisplay (194)
[2019.02.11-01.59.08:267][588]LogModuleManager: Shutting down and abandoning module XAudio2 (192)
[2019.02.11-01.59.08:267][588]LogModuleManager: Shutting down and abandoning module Networking (190)
[2019.02.11-01.59.08:267][588]LogModuleManager: Shutting down and abandoning module Core (188)
[2019.02.11-01.59.08:268][588]LogModuleManager: Shutting down and abandoning module LevelSequence (186)
[2019.02.11-01.59.08:268][588]LogModuleManager: Shutting down and abandoning module KismetCompiler (184)
[2019.02.11-01.59.08:268][588]LogModuleManager: Shutting down and abandoning module MeshUtilities (182)
[2019.02.11-01.59.08:268][588]LogModuleManager: Shutting down and abandoning module MeshMergeUtilities (181)
[2019.02.11-01.59.08:268][588]LogModuleManager: Shutting down and abandoning module MeshReductionInterface (180)
[2019.02.11-01.59.08:268][588]LogModuleManager: Shutting down and abandoning module SimplygonSwarm (179)
[2019.02.11-01.59.08:268][588]LogModuleManager: Shutting down and abandoning module ProxyLODMeshReduction (177)
[2019.02.11-01.59.08:268][588]LogModuleManager: Shutting down and abandoning module SimplygonMeshReduction (175)
[2019.02.11-01.59.08:268][588]LogModuleManager: Shutting down and abandoning module QuadricMeshReduction (173)
[2019.02.11-01.59.08:268][588]LogModuleManager: Shutting down and abandoning module MaterialBaking (169)
[2019.02.11-01.59.08:268][588]LogModuleManager: Shutting down and abandoning module DirectoryWatcher (165)
[2019.02.11-01.59.08:268][588]LogModuleManager: Shutting down and abandoning module DerivedDataCache (162)
[2019.02.11-01.59.08:287][588]LogDerivedDataCache: Shutdown
[2019.02.11-01.59.08:287][588]LogModuleManager: Shutting down and abandoning module XGEController (160)
[2019.02.11-01.59.08:287][588]LogModuleManager: Shutting down and abandoning module TargetPlatform (158)
[2019.02.11-01.59.08:287][588]LogModuleManager: Shutting down and abandoning module VulkanShaderFormat (157)
[2019.02.11-01.59.08:287][588]LogModuleManager: Shutting down and abandoning module ShaderFormatVectorVM (155)
[2019.02.11-01.59.08:287][588]LogModuleManager: Shutting down and abandoning module ShaderFormatOpenGL (153)
[2019.02.11-01.59.08:288][588]LogModuleManager: Shutting down and abandoning module ShaderFormatD3D (151)
[2019.02.11-01.59.08:288][588]LogModuleManager: Shutting down and abandoning module MetalShaderFormat (149)
[2019.02.11-01.59.08:288][588]LogModuleManager: Shutting down and abandoning module TextureFormatUncompressed (147)
[2019.02.11-01.59.08:288][588]LogModuleManager: Shutting down and abandoning module TextureFormatPVR (145)
[2019.02.11-01.59.08:288][588]LogModuleManager: Shutting down and abandoning module TextureFormatDXT (143)
[2019.02.11-01.59.08:288][588]LogModuleManager: Shutting down and abandoning module TextureFormatIntelISPCTexComp (141)
[2019.02.11-01.59.08:288][588]LogModuleManager: Shutting down and abandoning module TextureFormatASTC (139)
[2019.02.11-01.59.08:288][588]LogModuleManager: Shutting down and abandoning module ImageWrapper (138)
[2019.02.11-01.59.08:288][588]LogModuleManager: Shutting down and abandoning module TextureFormatAndroid (135)
[2019.02.11-01.59.08:288][588]LogModuleManager: Shutting down and abandoning module AudioFormatOpus (133)
[2019.02.11-01.59.08:288][588]LogModuleManager: Shutting down and abandoning module AudioFormatOgg (131)
[2019.02.11-01.59.08:288][588]LogModuleManager: Shutting down and abandoning module AudioFormatADPCM (129)
[2019.02.11-01.59.08:288][588]LogModuleManager: Shutting down and abandoning module LuminTargetPlatform (127)
[2019.02.11-01.59.08:288][588]LogModuleManager: Shutting down and abandoning module LinuxTargetPlatform (125)
[2019.02.11-01.59.08:288][588]LogModuleManager: Shutting down and abandoning module LinuxServerTargetPlatform (123)
[2019.02.11-01.59.08:288][588]LogModuleManager: Shutting down and abandoning module LinuxNoEditorTargetPlatform (121)
[2019.02.11-01.59.08:288][588]LogModuleManager: Shutting down and abandoning module LinuxClientTargetPlatform (119)
[2019.02.11-01.59.08:288][588]LogModuleManager: Shutting down and abandoning module TVOSTargetPlatform (117)
[2019.02.11-01.59.08:289][588]LogModuleManager: Shutting down and abandoning module Messaging (115)
[2019.02.11-01.59.08:289][588]LogModuleManager: Shutting down and abandoning module IOSTargetPlatform (113)
[2019.02.11-01.59.08:289][588]LogModuleManager: Shutting down and abandoning module HTML5TargetPlatform (111)
[2019.02.11-01.59.08:289][588]LogModuleManager: Shutting down and abandoning module AndroidTargetPlatform (109)
[2019.02.11-01.59.08:295][588]LogModuleManager: Shutting down and abandoning module WindowsTargetPlatform (107)
[2019.02.11-01.59.08:295][588]LogModuleManager: Shutting down and abandoning module WindowsServerTargetPlatform (105)
[2019.02.11-01.59.08:295][588]LogModuleManager: Shutting down and abandoning module WindowsNoEditorTargetPlatform (103)
[2019.02.11-01.59.08:295][588]LogModuleManager: Shutting down and abandoning module WindowsClientTargetPlatform (101)
[2019.02.11-01.59.08:295][588]LogModuleManager: Shutting down and abandoning module MacTargetPlatform (99)
[2019.02.11-01.59.08:295][588]LogModuleManager: Shutting down and abandoning module MacServerTargetPlatform (97)
[2019.02.11-01.59.08:295][588]LogModuleManager: Shutting down and abandoning module MacNoEditorTargetPlatform (95)
[2019.02.11-01.59.08:295][588]LogModuleManager: Shutting down and abandoning module MacClientTargetPlatform (93)
[2019.02.11-01.59.08:295][588]LogModuleManager: Shutting down and abandoning module AllDesktopTargetPlatform (91)
[2019.02.11-01.59.08:295][588]LogModuleManager: Shutting down and abandoning module InputCore (88)
[2019.02.11-01.59.08:295][588]LogModuleManager: Shutting down and abandoning module Settings (86)
[2019.02.11-01.59.08:295][588]LogModuleManager: Shutting down and abandoning module PhysXCooking (84)
[2019.02.11-01.59.08:295][588]LogModuleManager: Shutting down and abandoning module SteamVR (82)
[2019.02.11-01.59.08:295][588]LogModuleManager: Shutting down and abandoning module OculusHMD (80)
[2019.02.11-01.59.08:295][588]LogModuleManager: Shutting down and abandoning module ExampleDeviceProfileSelector (78)
[2019.02.11-01.59.08:295][588]LogModuleManager: Shutting down and abandoning module LauncherChunkInstaller (76)
[2019.02.11-01.59.08:295][588]LogModuleManager: Shutting down and abandoning module OnlineBlueprintSupport (74)
[2019.02.11-01.59.08:295][588]LogModuleManager: Shutting down and abandoning module OnlineSubsystem (70)
[2019.02.11-01.59.08:296][588]LogModuleManager: Shutting down and abandoning module XMPP (65)
[2019.02.11-01.59.08:296][588]LogModuleManager: Shutting down and abandoning module WebSockets (64)
[2019.02.11-01.59.08:318][588]LogModuleManager: Shutting down and abandoning module HTTP (61)
[2019.02.11-01.59.08:318][588]LogHttp: Display: Http module shutting down, but needs to wait on 1 outstanding Http requests:
[2019.02.11-01.59.08:318][588]LogHttp: Display: 	verb=[POST] url=[https://datarouter.ol.epicgames.com/datarouter/api/v1/public/data?SessionID=%7BD2AE6E48-4569-5E0A-6B56-80B15C8C014D%7D&AppID=UEEditor.Rocket.Release&AppVersion=4.20.3-4369336%2B%2B%2BUE4%2BRelease-4.20&UserID=0283d6394d686aa2afb88d96202b1ce0%7C566c607c1b59481d86259c79bc76198b%7C80179440-da9e-4d9c-8567-d7e27094ce93&AppEnvironment=datacollector-binary&UploadType=eteventstream] status=Processing
[2019.02.11-01.59.08:344][588]LogModuleManager: Shutting down and abandoning module SSL (60)
[2019.02.11-01.59.08:345][588]LogModuleManager: Shutting down and abandoning module MagicLeapEmulator (56)
[2019.02.11-01.59.08:345][588]LogModuleManager: Shutting down and abandoning module MagicLeapPrivileges (54)
[2019.02.11-01.59.08:345][588]LogModuleManager: Shutting down and abandoning module MagicLeapIdentity (52)
[2019.02.11-01.59.08:345][588]LogModuleManager: Shutting down and abandoning module MagicLeapHelperVulkan (50)
[2019.02.11-01.59.08:345][588]LogModuleManager: Shutting down and abandoning module MagicLeapHelperOpenGL (48)
[2019.02.11-01.59.08:345][588]LogModuleManager: Shutting down and abandoning module MagicLeapSecureStorage (46)
[2019.02.11-01.59.08:345][588]LogModuleManager: Shutting down and abandoning module MagicLeapGestures (44)
[2019.02.11-01.59.08:345][588]LogModuleManager: Shutting down and abandoning module MagicLeapEyeTracker (42)
[2019.02.11-01.59.08:345][588]LogModuleManager: Shutting down and abandoning module MagicLeapController (40)
[2019.02.11-01.59.08:345][588]LogSlate: Slate User Destroyed.  User Index 0, Is Virtual User: 0
[2019.02.11-01.59.08:345][588]LogModuleManager: Shutting down and abandoning module MagicLeap (38)
[2019.02.11-01.59.08:345][588]LogModuleManager: Shutting down and abandoning module AnimationModifiers (36)
[2019.02.11-01.59.08:345][588]LogModuleManager: Shutting down and abandoning module PropertyEditor (35)
[2019.02.11-01.59.08:345][588]LogModuleManager: Shutting down and abandoning module AudioEditor (32)
[2019.02.11-01.59.08:345][588]LogModuleManager: Shutting down and abandoning module TextureCompressor (30)
[2019.02.11-01.59.08:345][588]LogModuleManager: Shutting down and abandoning module ShaderCore (28)
[2019.02.11-01.59.08:345][588]LogModuleManager: Shutting down and abandoning module Landscape (26)
[2019.02.11-01.59.08:345][588]LogModuleManager: Shutting down and abandoning module SlateRHIRenderer (24)
[2019.02.11-01.59.08:346][588]LogModuleManager: Shutting down and abandoning module OpenGLDrv (22)
[2019.02.11-01.59.08:346][588]LogModuleManager: Shutting down and abandoning module D3D11RHI (20)
[2019.02.11-01.59.08:346][588]LogModuleManager: Shutting down and abandoning module AnimGraphRuntime (18)
[2019.02.11-01.59.08:346][588]LogModuleManager: Shutting down and abandoning module Renderer (16)
[2019.02.11-01.59.08:346][588]LogModuleManager: Shutting down and abandoning module Engine (14)
[2019.02.11-01.59.08:346][588]LogModuleManager: Shutting down and abandoning module CoreUObject (12)
[2019.02.11-01.59.08:346][588]LogModuleManager: Shutting down and abandoning module NetworkFile (10)
[2019.02.11-01.59.08:346][588]LogModuleManager: Shutting down and abandoning module CookedIterativeFile (8)
[2019.02.11-01.59.08:346][588]LogModuleManager: Shutting down and abandoning module StreamingFile (6)
[2019.02.11-01.59.08:346][588]LogModuleManager: Shutting down and abandoning module SandboxFile (4)
[2019.02.11-01.59.08:346][588]LogModuleManager: Shutting down and abandoning module PakFile (2)
[2019.02.11-01.59.08:353][588]LogExit: Exiting.
[2019.02.11-01.59.08:370][588]Log file closed, 02/10/19 20:59:08
