Log file open, 04/15/19 21:09:17
LogWindows: Failed to load 'aqProf.dll' (GetLastError=126)
LogWindows: File 'aqProf.dll' does not exist
LogWindows: Failed to load 'VSPerf140.dll' (GetLastError=126)
LogWindows: File 'VSPerf140.dll' does not exist
LogWindows: Failed to load 'VtuneApi.dll' (GetLastError=126)
LogWindows: File 'VtuneApi.dll' does not exist
LogWindows: Failed to load 'VtuneApi32e.dll' (GetLastError=126)
LogWindows: File 'VtuneApi32e.dll' does not exist
LogInit: Display: Running engine for game: Dinochan_v001
LogPlatformFile: Not using cached read wrapper
LogTaskGraph: Started task graph with 5 named threads and 23 total threads with 3 sets of task threads.
LogStats: Stats thread started at 0.840014
LogD3D11RHI: Loaded GFSDK_Aftermath_Lib.x64.dll
LogICUInternationalization: Display: ICU TimeZone Detection - Raw Offset: -5:00, Platform Override: ''
LogPluginManager: Mounting plugin Paper2D
LogPluginManager: Mounting plugin AISupport
LogPluginManager: Mounting plugin LightPropagationVolume
LogPluginManager: Mounting plugin CLionSourceCodeAccess
LogPluginManager: Mounting plugin CodeLiteSourceCodeAccess
LogPluginManager: Mounting plugin GitSourceControl
LogPluginManager: Mounting plugin KDevelopSourceCodeAccess
LogPluginManager: Mounting plugin NullSourceCodeAccess
LogPluginManager: Mounting plugin PerforceSourceControl
LogPluginManager: Mounting plugin SubversionSourceControl
LogPluginManager: Mounting plugin UObjectPlugin
LogPluginManager: Mounting plugin VisualStudioCodeSourceCodeAccess
LogPluginManager: Mounting plugin VisualStudioSourceCodeAccess
LogPluginManager: Mounting plugin XCodeSourceCodeAccess
LogPluginManager: Mounting plugin AssetManagerEditor
LogPluginManager: Mounting plugin CryptoKeys
LogPluginManager: Mounting plugin DataValidation
LogPluginManager: Mounting plugin FacialAnimation
LogPluginManager: Mounting plugin GameplayTagsEditor
LogPluginManager: Mounting plugin MacGraphicsSwitching
LogPluginManager: Mounting plugin MeshEditor
LogPluginManager: Mounting plugin MobileLauncherProfileWizard
LogPluginManager: Mounting plugin PluginBrowser
LogPluginManager: Mounting plugin SpeedTreeImporter
LogPluginManager: Mounting plugin DatasmithContent
LogPluginManager: Mounting plugin AlembicImporter
LogPluginManager: Mounting plugin AppleImageUtils
LogPluginManager: Mounting plugin AppleVision
LogPluginManager: Mounting plugin BackChannel
LogPluginManager: Mounting plugin CharacterAI
LogPluginManager: Mounting plugin GeometryCache
LogPluginManager: Mounting plugin HTML5Networking
LogPluginManager: Mounting plugin ProxyLODPlugin
LogPluginManager: Mounting plugin MagicLeap
LogPluginManager: Mounting plugin MagicLeapEmulator
LogPluginManager: Mounting plugin MagicLeapMedia
LogPluginManager: Mounting plugin AndroidMedia
LogPluginManager: Mounting plugin AvfMedia
LogPluginManager: Mounting plugin ImgMedia
LogPluginManager: Mounting plugin LinearTimecode
LogPluginManager: Mounting plugin MediaCompositing
LogPluginManager: Mounting plugin MediaPlayerEditor
LogPluginManager: Mounting plugin WmfMedia
LogPluginManager: Mounting plugin TcpMessaging
LogPluginManager: Mounting plugin UdpMessaging
LogPluginManager: Mounting plugin ActorSequence
LogPluginManager: Mounting plugin LevelSequenceEditor
LogPluginManager: Mounting plugin MatineeToLevelSequence
LogPluginManager: Mounting plugin NetcodeUnitTest
LogPluginManager: Mounting plugin NUTUnrealEngine4
LogPluginManager: Mounting plugin OnlineSubsystemGooglePlay
LogPluginManager: Mounting plugin OnlineSubsystemIOS
LogPluginManager: Mounting plugin OnlineSubsystem
LogPluginManager: Mounting plugin OnlineSubsystemNull
LogPluginManager: Mounting plugin OnlineSubsystemUtils
LogPluginManager: Mounting plugin LauncherChunkInstaller
LogPluginManager: Mounting plugin AndroidDeviceProfileSelector
LogPluginManager: Mounting plugin AndroidMoviePlayer
LogPluginManager: Mounting plugin AndroidPermission
LogPluginManager: Mounting plugin AppleMoviePlayer
LogPluginManager: Mounting plugin ArchVisCharacter
LogPluginManager: Mounting plugin AudioCapture
LogPluginManager: Mounting plugin CableComponent
LogPluginManager: Mounting plugin CustomMeshComponent
LogPluginManager: Mounting plugin EditableMesh
LogPluginManager: Mounting plugin ExampleDeviceProfileSelector
LogPluginManager: Mounting plugin GoogleCloudMessaging
LogPluginManager: Mounting plugin ImmediatePhysics
LogPluginManager: Mounting plugin IOSDeviceProfileSelector
LogPluginManager: Mounting plugin LinuxDeviceProfileSelector
LogPluginManager: Mounting plugin LocationServicesBPLibrary
LogPluginManager: Mounting plugin MobilePatchingUtils
LogPluginManager: Mounting plugin OculusVR
LogPluginManager: Plugin shader directory ../../../Engine/Plugins/Runtime/Oculus/OculusVR/Shaders found
LogPluginManager: Mapping shader source directory ../../../Engine/Plugins/Runtime/Oculus/OculusVR/Shaders to virtual directory /Plugin/OculusVR
LogPluginManager: Mounting plugin PhysXVehicles
LogPluginManager: Mounting plugin ProceduralMeshComponent
LogPluginManager: Mounting plugin RuntimePhysXCooking
LogPluginManager: Mounting plugin SteamVR
LogPluginManager: Mounting plugin WindowsMoviePlayer
LogStreaming: Display: Took  0.120s to configure plugins.
LogInit: Using libcurl 7.55.1-DEV
LogInit:  - built for x86_64-pc-win32
LogInit:  - supports SSL with OpenSSL/1.0.2h
LogInit:  - supports HTTP deflate (compression) using libz 1.2.8
LogInit:  - other features:
LogInit:      CURL_VERSION_SSL
LogInit:      CURL_VERSION_LIBZ
LogInit:      CURL_VERSION_IPV6
LogInit:      CURL_VERSION_ASYNCHDNS
LogInit:      CURL_VERSION_LARGEFILE
LogInit:      CURL_VERSION_IDN
LogInit:  CurlRequestOptions (configurable via config and command line):
LogInit:  - bVerifyPeer = false  - Libcurl will NOT verify peer certificate
LogInit:  - bUseHttpProxy = false  - Libcurl will NOT use HTTP proxy
LogInit:  - bDontReuseConnections = false  - Libcurl will reuse connections
LogInit:  - CertBundlePath = nullptr  - Libcurl will use whatever was configured at build time.
LogInit:  - MaxHostConnections = 16  - Libcurl will limit the number of connections to a host
LogInit:  - LocalHostAddr = Default
LogInit:  - BufferSize = 65536
LogInit: WinSock: version 1.1 (2.2), MaxSocks=32767, MaxUdp=65467
LogInit: Build: ++UE4+Release-4.20-CL-4369336
LogInit: Engine Version: 4.20.3-4369336+++UE4+Release-4.20
LogInit: Compatible Engine Version: 4.20.0-4212847+++UE4+Release-4.20
LogInit: Net CL: 4212847
LogInit: OS: Windows 10 (), CPU: Intel(R) Core(TM) i7-6700K CPU @ 4.00GHz, GPU: NVIDIA GeForce GTX 970
LogInit: Compiled (64-bit): Sep 17 2018 12:26:19
LogInit: Compiled with Visual C++: 19.13.26129.00
LogInit: Build Configuration: Development
LogInit: Branch Name: ++UE4+Release-4.20
LogInit: Command Line:  
LogInit: Base Directory: C:/Program Files/Epic Games/UE_4.20/Engine/Binaries/Win64/
LogInit: Installed Engine Build: 1
LogDevObjectVersion: Number of dev versions registered: 20
LogDevObjectVersion:   Dev-Blueprints (B0D832E4-1F89-4F0D-ACCF-7EB736FD4AA2): 10
LogDevObjectVersion:   Dev-Build (E1C64328-A22C-4D53-A36C-8E866417BD8C): 0
LogDevObjectVersion:   Dev-Core (375EC13C-06E4-48FB-B500-84F0262A717E): 2
LogDevObjectVersion:   Dev-Editor (E4B068ED-F494-42E9-A231-DA0B2E46BB41): 24
LogDevObjectVersion:   Dev-Framework (CFFC743F-43B0-4480-9391-14DF171D2073): 34
LogDevObjectVersion:   Dev-Mobile (B02B49B5-BB20-44E9-A304-32B752E40360): 2
LogDevObjectVersion:   Dev-Networking (A4E4105C-59A1-49B5-A7C5-40C4547EDFEE): 0
LogDevObjectVersion:   Dev-Online (39C831C9-5AE6-47DC-9A44-9C173E1C8E7C): 0
LogDevObjectVersion:   Dev-Physics (78F01B33-EBEA-4F98-B9B4-84EACCB95AA2): 0
LogDevObjectVersion:   Dev-Platform (6631380F-2D4D-43E0-8009-CF276956A95A): 0
LogDevObjectVersion:   Dev-Rendering (12F88B9F-8875-4AFC-A67C-D90C383ABD29): 26
LogDevObjectVersion:   Dev-Sequencer (7B5AE74C-D270-4C10-A958-57980B212A5A): 9
LogDevObjectVersion:   Dev-VR (D7296918-1DD6-4BDD-9DE2-64A83CC13884): 2
LogDevObjectVersion:   Dev-LoadTimes (C2A15278-BFE7-4AFE-6C17-90FF531DF755): 1
LogDevObjectVersion:   Private-Geometry (6EACA3D4-40EC-4CC1-B786-8BED09428FC5): 3
LogDevObjectVersion:   Dev-AnimPhys (29E575DD-E0A3-4627-9D10-D276232CDCEA): 17
LogDevObjectVersion:   Dev-ReflectionCapture (6B266CEC-1EC7-4B8F-A30B-E4D90942FC07): 1
LogDevObjectVersion:   Dev-Automation (0DF73D61-A23F-47EA-B727-89E90C41499A): 1
LogDevObjectVersion:   FortniteMain (601D1886-AC64-4F84-AA16-D3DE0DEAC7D6): 12
LogDevObjectVersion:   Dev-Enterprise (9DFFBCD6-494F-0158-E221-12823C92A888): 1
LogStreaming: Display: Took  0.002s to delete old logs.
LogInit: Presizing for max 8388607 objects, including 0 objects not considered by GC, pre-allocating 0 bytes for permanent pool.
LogInit: Object subsystem initialized
[2019.04.16-01.09.18:617][  0]LogInit: Selected Device Profile: [Windows]
[2019.04.16-01.09.18:617][  0]LogInit: Applying CVar settings loaded from the selected device profile: [Windows]
[2019.04.16-01.09.18:637][  0]LogHAL: Display: Platform has ~ 16 GB [17137627136 / 17179869184 / 16], which maps to Larger [LargestMinGB=32, LargerMinGB=12, DefaultMinGB=8, SmallerMinGB=6, SmallestMinGB=0)
[2019.04.16-01.09.18:638][  0]LogInit: Setting Device Profile CVar: [[r.Vulkan.UseRealUBs:1]]
[2019.04.16-01.09.18:638][  0]LogInit: Going up to parent DeviceProfile []
[2019.04.16-01.09.18:643][  0]LogInit: Computer: DESKTOP-QCELHJT
[2019.04.16-01.09.18:643][  0]LogInit: User: Zack
[2019.04.16-01.09.18:643][  0]LogInit: CPU Page size=4096, Cores=4
[2019.04.16-01.09.18:643][  0]LogInit: High frequency timer resolution =3.914069 MHz
[2019.04.16-01.09.18:643][  0]LogMemory: Memory total: Physical=16.0GB (16GB approx)
[2019.04.16-01.09.18:643][  0]LogMemory: Platform Memory Stats for Windows
[2019.04.16-01.09.18:643][  0]LogMemory: Process Physical Memory: 100.54 MB used, 100.54 MB peak
[2019.04.16-01.09.18:643][  0]LogMemory: Process Virtual Memory: 96.31 MB used, 96.31 MB peak
[2019.04.16-01.09.18:643][  0]LogMemory: Physical Memory: 3367.80 MB used,  12975.91 MB free, 16343.71 MB total
[2019.04.16-01.09.18:643][  0]LogMemory: Virtual Memory: 4645.83 MB used,  12975.91 MB free, 134217728.00 MB total
[2019.04.16-01.09.18:824][  0]LogInit: Using OS detected language (en-US).
[2019.04.16-01.09.18:824][  0]LogInit: Using OS detected locale (en-US).
[2019.04.16-01.09.18:827][  0]LogTextLocalizationManager: No specific localization for 'en-US' exists, so the 'en' localization will be used.
[2019.04.16-01.09.19:194][  0]LogStreaming: Display: Took  0.369s to InitEngineTextLocalization.
[2019.04.16-01.09.19:194][  0]LogInit: Setting process to per monitor DPI aware
[2019.04.16-01.09.19:272][  0]LogSlate: New Slate User Created.  User Index 0, Is Virtual User: 0
[2019.04.16-01.09.19:272][  0]LogSlate: Slate User Registered.  User Index 0, Is Virtual User: 0
[2019.04.16-01.09.21:284][  0]LogHMD: Failed to initialize OpenVR with code 126
[2019.04.16-01.09.21:284][  0]LogD3D11RHI: D3D11 adapters:
[2019.04.16-01.09.21:356][  0]LogD3D11RHI:    0. 'NVIDIA GeForce GTX 970' (Feature Level 11_0)
[2019.04.16-01.09.21:356][  0]LogD3D11RHI:       4043/0/8171 MB DedicatedVideo/DedicatedSystem/SharedSystem, Outputs:1, VendorId:0x10de
[2019.04.16-01.09.21:358][  0]LogD3D11RHI:    1. 'Microsoft Basic Render Driver' (Feature Level 11_0)
[2019.04.16-01.09.21:358][  0]LogD3D11RHI:       0/0/8171 MB DedicatedVideo/DedicatedSystem/SharedSystem, Outputs:0, VendorId:0x1414
[2019.04.16-01.09.21:358][  0]LogD3D11RHI: Chosen D3D11 Adapter: 0
[2019.04.16-01.09.21:363][  0]LogD3D11RHI: Creating new Direct3DDevice
[2019.04.16-01.09.21:363][  0]LogD3D11RHI:     GPU DeviceId: 0x13c2 (for the marketing name, search the web for "GPU Device Id")
[2019.04.16-01.09.21:363][  0]LogWindows: EnumDisplayDevices:
[2019.04.16-01.09.21:364][  0]LogWindows:    0. 'NVIDIA GeForce GTX 970' (P:1 D:1)
[2019.04.16-01.09.21:364][  0]LogWindows:    1. 'NVIDIA GeForce GTX 970' (P:0 D:0)
[2019.04.16-01.09.21:364][  0]LogWindows:    2. 'NVIDIA GeForce GTX 970' (P:0 D:0)
[2019.04.16-01.09.21:365][  0]LogWindows:    3. 'NVIDIA GeForce GTX 970' (P:0 D:0)
[2019.04.16-01.09.21:365][  0]LogWindows: DebugString: FoundDriverCount:4 
[2019.04.16-01.09.21:365][  0]LogD3D11RHI:     Adapter Name: NVIDIA GeForce GTX 970
[2019.04.16-01.09.21:365][  0]LogD3D11RHI:   Driver Version: 425.31 (internal:25.21.14.2531, unified:425.31)
[2019.04.16-01.09.21:365][  0]LogD3D11RHI:      Driver Date: 4-9-2019
[2019.04.16-01.09.21:365][  0]LogRHI: Texture pool is 2830 MB (70% of 4043 MB)
[2019.04.16-01.09.21:402][  0]LogD3D11RHI: Async texture creation enabled
[2019.04.16-01.09.21:421][  0]LogD3D11RHI: GPU Timing Frequency: 1000.000000 (Debug: 2 1)
[2019.04.16-01.09.21:426][  0]LogShaderCompilers: Guid format shader working directory is -32 characters bigger than the processId version (../../../../../../Users/Zack/Documents/GitHub/Dinochan/Dinochan_v001_UE4.20.3/Intermediate/Shaders/WorkingDirectory/7484/).
[2019.04.16-01.09.21:426][  0]LogShaderCompilers: Cleaned the shader compiler working directory 'C:/Users/Zack/AppData/Local/Temp/UnrealShaderWorkingDir/E3146F124C4E5C24AD43158FB15C2D66/'.
[2019.04.16-01.09.21:737][  0]LogTemp: Display: Loaded TP AllDesktopTargetPlatform
[2019.04.16-01.09.21:749][  0]LogTemp: Display: Loaded TP MacClientTargetPlatform
[2019.04.16-01.09.21:763][  0]LogTemp: Display: Loaded TP MacNoEditorTargetPlatform
[2019.04.16-01.09.21:775][  0]LogTemp: Display: Loaded TP MacServerTargetPlatform
[2019.04.16-01.09.21:790][  0]LogTemp: Display: Loaded TP MacTargetPlatform
[2019.04.16-01.09.21:803][  0]LogTemp: Display: Loaded TP WindowsClientTargetPlatform
[2019.04.16-01.09.21:816][  0]LogTemp: Display: Loaded TP WindowsNoEditorTargetPlatform
[2019.04.16-01.09.21:829][  0]LogTemp: Display: Loaded TP WindowsServerTargetPlatform
[2019.04.16-01.09.21:836][  0]LogTemp: Display: Loaded TP WindowsTargetPlatform
[2019.04.16-01.09.21:914][  0]LogTemp: Display: Loaded TP AndroidTargetPlatform
[2019.04.16-01.09.21:914][  0]LogTemp: Display: Loaded TP AndroidTargetPlatform
[2019.04.16-01.09.21:914][  0]LogTemp: Display: Loaded TP AndroidTargetPlatform
[2019.04.16-01.09.21:914][  0]LogTemp: Display: Loaded TP AndroidTargetPlatform
[2019.04.16-01.09.21:914][  0]LogTemp: Display: Loaded TP AndroidTargetPlatform
[2019.04.16-01.09.21:914][  0]LogTemp: Display: Loaded TP AndroidTargetPlatform
[2019.04.16-01.09.21:914][  0]LogTemp: Display: Loaded TP AndroidTargetPlatform
[2019.04.16-01.09.21:914][  0]LogTemp: Display: Loaded TP AndroidTargetPlatform
[2019.04.16-01.09.21:914][  0]LogTemp: Display: Loaded TP AndroidTargetPlatform
[2019.04.16-01.09.21:914][  0]LogTemp: Display: Loaded TP AndroidTargetPlatform
[2019.04.16-01.09.21:914][  0]LogTemp: Display: Loaded TP AndroidTargetPlatform
[2019.04.16-01.09.21:914][  0]LogTemp: Display: Loaded TP AndroidTargetPlatform
[2019.04.16-01.09.21:914][  0]LogTemp: Display: Loaded TP AndroidTargetPlatform
[2019.04.16-01.09.21:914][  0]LogTemp: Display: Loaded TP AndroidTargetPlatform
[2019.04.16-01.09.21:914][  0]LogTemp: Display: Loaded TP AndroidTargetPlatform
[2019.04.16-01.09.21:914][  0]LogTemp: Display: Loaded TP AndroidTargetPlatform
[2019.04.16-01.09.21:914][  0]LogTemp: Display: Loaded TP AndroidTargetPlatform
[2019.04.16-01.09.21:914][  0]LogTemp: Display: Loaded TP AndroidTargetPlatform
[2019.04.16-01.09.21:916][  0]LogTemp: Display: Loaded TP HTML5TargetPlatform
[2019.04.16-01.09.21:983][  0]LogTemp: Display: Loaded TP IOSTargetPlatform
[2019.04.16-01.09.21:983][  0]LogTemp: Display: Loaded TP IOSTargetPlatform
[2019.04.16-01.09.22:005][  0]LogTemp: Display: Loaded TP TVOSTargetPlatform
[2019.04.16-01.09.22:005][  0]LogTemp: Display: Loaded TP TVOSTargetPlatform
[2019.04.16-01.09.22:018][  0]LogTemp: Display: Loaded TP LinuxClientTargetPlatform
[2019.04.16-01.09.22:030][  0]LogTemp: Display: Loaded TP LinuxNoEditorTargetPlatform
[2019.04.16-01.09.22:043][  0]LogTemp: Display: Loaded TP LinuxServerTargetPlatform
[2019.04.16-01.09.22:062][  0]LogTemp: Display: Loaded TP LinuxTargetPlatform
[2019.04.16-01.09.22:071][  0]LogTemp: Display: Loaded TP LuminTargetPlatform
[2019.04.16-01.09.22:071][  0]LogTargetPlatformManager: Display: Building Assets For Windows
[2019.04.16-01.09.22:198][  0]LogXGEController: Cleaning working directory: C:/Users/Zack/AppData/Local/Temp/UnrealXGEWorkingDir/
[2019.04.16-01.09.22:199][  0]LogXGEController: Cannot use XGE Controller as Incredibuild is not installed on this machine.
[2019.04.16-01.09.22:199][  0]LogShaderCompilers: Cannot use XGE Shader Compiler as Incredibuild is not installed on this machine.
[2019.04.16-01.09.22:199][  0]LogShaderCompilers: Display: Using Local Shader Compiler.
[2019.04.16-01.09.23:849][  0]LogDerivedDataCache: Display: Max Cache Size: 512 MB
[2019.04.16-01.09.24:216][  0]LogDerivedDataCache: Loaded boot cache 0.37s 71MB C:/Users/Zack/AppData/Local/UnrealEngine/4.20/DerivedDataCache/Boot.ddc.
[2019.04.16-01.09.24:216][  0]LogDerivedDataCache: Display: Loaded Boot cache: C:/Users/Zack/AppData/Local/UnrealEngine/4.20/DerivedDataCache/Boot.ddc
[2019.04.16-01.09.24:216][  0]LogDerivedDataCache: FDerivedDataBackendGraph:  Pak pak cache file ../../../../../../Users/Zack/Documents/GitHub/Dinochan/Dinochan_v001_UE4.20.3/DerivedDataCache/DDC.ddp not found, will not use a pak cache.
[2019.04.16-01.09.24:216][  0]LogDerivedDataCache: Unable to find inner node Pak for hierarchical cache Hierarchy.
[2019.04.16-01.09.24:217][  0]LogDerivedDataCache: FDerivedDataBackendGraph:  CompressedPak pak cache file ../../../../../../Users/Zack/Documents/GitHub/Dinochan/Dinochan_v001_UE4.20.3/DerivedDataCache/Compressed.ddp not found, will not use a pak cache.
[2019.04.16-01.09.24:217][  0]LogDerivedDataCache: Unable to find inner node CompressedPak for hierarchical cache Hierarchy.
[2019.04.16-01.09.24:238][  0]LogDerivedDataCache: Display: Pak cache opened for reading ../../../Engine/DerivedDataCache/Compressed.ddp.
[2019.04.16-01.09.24:251][  0]LogDerivedDataCache: Using Local data cache path C:/Users/Zack/AppData/Local/UnrealEngine/Common/DerivedDataCache: Writable
[2019.04.16-01.09.24:251][  0]LogDerivedDataCache: Shared data cache path not found in *engine.ini, will not use an Shared cache.
[2019.04.16-01.09.24:251][  0]LogDerivedDataCache: Unable to find inner node Shared for hierarchical cache Hierarchy.
[2019.04.16-01.09.24:268][  0]LogMaterial: Verifying Global Shaders for PCD3D_SM5
[2019.04.16-01.09.24:275][  0]LogSlate: Using FreeType 2.6.0
[2019.04.16-01.09.24:289][  0]LogSlate: SlateFontServices - WITH_FREETYPE: 1, WITH_HARFBUZZ: 1
[2019.04.16-01.09.24:529][  0]LogAssetRegistry: FAssetRegistry took 0.0285 seconds to start up
[2019.04.16-01.09.24:862][  0]LogInit: Selected Device Profile: [Windows]
[2019.04.16-01.09.25:149][  0]LogSimplygon: Simplygon DLL not present - disabling.
[2019.04.16-01.09.25:166][  0]LogMeshReduction: Using SimplygonSwarm for distributed automatic mesh merging
[2019.04.16-01.09.25:166][  0]LogMeshReduction: Using ProxyLODMeshReduction for automatic mesh merging
[2019.04.16-01.09.25:166][  0]LogMeshReduction: Using QuadricMeshReduction for automatic static mesh reduction
[2019.04.16-01.09.25:166][  0]LogMeshReduction: No automatic skeletal mesh reduction module available
[2019.04.16-01.09.25:230][  0]LogNetVersion: Dinochan_v001 1.0.0, NetCL: 4212847, EngineNetVer: 5, GameNetVer: 0 (Checksum: 2574802920)
[2019.04.16-01.09.27:750][  0]LogPackageLocalizationCache: Processed 11 localized package path(s) for 2 prioritized culture(s) in 0.120941 seconds
[2019.04.16-01.09.27:776][  0]LogUObjectArray: 38425 objects as part of root set at end of initial load.
[2019.04.16-01.09.27:776][  0]LogUObjectAllocator: 6690864 out of 0 bytes used by permanent object pool.
[2019.04.16-01.09.27:776][  0]LogUObjectArray: CloseDisregardForGC: 0/0 objects in disregard for GC pool
[2019.04.16-01.09.34:360][  0]LogTcpMessaging: Initializing TcpMessaging bridge
[2019.04.16-01.09.34:377][  0]LogUdpMessaging: Initializing bridge on interface 0.0.0.0:0 to multicast group 230.0.0.1:6666.
[2019.04.16-01.09.34:666][  0]SourceControl: Source control is disabled
[2019.04.16-01.09.34:667][  0]SourceControl: Source control is disabled
[2019.04.16-01.09.34:677][  0]SourceControl: Source control is disabled
[2019.04.16-01.09.34:681][  0]SourceControl: Source control is disabled
[2019.04.16-01.09.34:980][  0]LogAndroidPermission: UAndroidPermissionCallbackProxy::GetInstance
[2019.04.16-01.09.35:095][  0]LogOcInput: OculusInput pre-init called
[2019.04.16-01.09.35:228][  0]LogEngine: Initializing Engine...
[2019.04.16-01.09.35:251][  0]LogHMD: Failed to initialize OpenVR with code 126
[2019.04.16-01.09.35:257][  0]LogStats: UGameplayTagsManager::ConstructGameplayTagTree: ImportINI prefixes -  0.001 s
[2019.04.16-01.09.35:257][  0]LogStats: UGameplayTagsManager::ConstructGameplayTagTree: Construct from data asset -  0.000 s
[2019.04.16-01.09.35:257][  0]LogStats: UGameplayTagsManager::ConstructGameplayTagTree: ImportINI -  0.000 s
[2019.04.16-01.09.35:258][  0]LogStats: UGameplayTagsManager::ConstructGameplayTagTree: GameplayTagTreeChangedEvent.Broadcast -  0.000 s
[2019.04.16-01.09.35:603][  0]LogInit: Initializing FReadOnlyCVARCache
[2019.04.16-01.09.35:663][  0]LogAIModule: Creating AISystem for world Untitled
[2019.04.16-01.09.35:719][  0]LogInit: XAudio2 using 'Realtek HD Audio 2nd output (Realtek High Definition Audio)' : 2 channels at 48 kHz using 32 bits per sample (channel mask 0x3)
[2019.04.16-01.09.35:791][  0]LogInit: FAudioDevice initialized.
[2019.04.16-01.09.35:792][  0]LogNetVersion: Set ProjectVersion to 1.0.0.0. Version Checksum will be recalculated on next use.
[2019.04.16-01.09.35:864][  0]LogDerivedDataCache: Saved boot cache 0.07s 71MB C:/Users/Zack/AppData/Local/UnrealEngine/4.20/DerivedDataCache/Boot.ddc.
[2019.04.16-01.09.35:874][  0]LogInit: Texture streaming: Enabled
[2019.04.16-01.09.35:905][  0]LogEngineSessionManager: EngineSessionManager initialized
[2019.04.16-01.09.36:022][  0]LogInit: Transaction tracking system initialized
[2019.04.16-01.09.36:076][  0]BlueprintLog: New page: Editor Load
[2019.04.16-01.09.36:252][  0]LocalizationService: Localization service is disabled
[2019.04.16-01.09.36:770][  0]LogCook: Display: Max memory allowance for cook 16384mb min free memory 0mb
[2019.04.16-01.09.36:771][  0]LogCook: Display: Mobile HDR setting 1
[2019.04.16-01.09.36:772][  0]LogGameplayTags: Display: UGameplayTagsManager::DoneAddingNativeTags. DelegateIsBound: 0
[2019.04.16-01.09.36:772][  0]LogStats: UGameplayTagsManager::ConstructGameplayTagTree: ImportINI prefixes -  0.000 s
[2019.04.16-01.09.36:772][  0]LogStats: UGameplayTagsManager::ConstructGameplayTagTree: Construct from data asset -  0.000 s
[2019.04.16-01.09.36:772][  0]LogStats: UGameplayTagsManager::ConstructGameplayTagTree: ImportINI -  0.000 s
[2019.04.16-01.09.36:773][  0]LogStats: UGameplayTagsManager::ConstructGameplayTagTree: GameplayTagTreeChangedEvent.Broadcast -  0.000 s
[2019.04.16-01.09.37:043][  0]LogFileCache: Scanning file cache for directory 'C:/Users/Zack/Documents/GitHub/Dinochan/Dinochan_v001_UE4.20.3/Content/' took 0.03s
[2019.04.16-01.09.37:066][  0]SourceControl: Source control is disabled
[2019.04.16-01.09.37:068][  0]Cmd: MAP LOAD FILE="../../../../../../Users/Zack/Documents/GitHub/Dinochan/Dinochan_v001_UE4.20.3/Content/_Maps/SharedLevel/Persistant_Empty.umap" TEMPLATE=0 SHOWPROGRESS=1 FEATURELEVEL=3
[2019.04.16-01.09.37:069][  0]LightingResults: New page: Lighting Build
[2019.04.16-01.09.37:084][  0]MapCheck: New page: Map Check
[2019.04.16-01.09.37:085][  0]LightingResults: New page: Lighting Build
[2019.04.16-01.09.37:263][  0]LogAIModule: Creating AISystem for world Persistant_Empty
[2019.04.16-01.09.37:268][  0]LogStreaming: Display: ULevelStreaming::RequestLevel(/Game/_Maps/SharedLevel/AssetLevel) is flushing async loading
[2019.04.16-01.09.37:268][  0]LogStreaming: Display: Flushing async loaders.
[2019.04.16-01.09.40:195][  0]LogStreaming: Display: ULevelStreaming::RequestLevel(/Game/_Maps/SharedLevel/Cine_Level) is flushing async loading
[2019.04.16-01.09.40:398][  0]LogStreaming: Display: ULevelStreaming::RequestLevel(/Game/_Maps/SharedLevel/BP_Level) is flushing async loading
[2019.04.16-01.09.40:790][  0]LogEditorServer: Finished looking for orphan Actors (0.000 secs)
[2019.04.16-01.09.40:825][  0]Cmd: MAP CHECKDEP NOCLEARLOG
[2019.04.16-01.09.40:939][  0]MapCheck: Map check complete: 0 Error(s), 0 Warning(s), took 112.699ms to complete.
[2019.04.16-01.09.40:940][  0]LogFileHelpers: Loading map 'Persistant_Empty' took 3.873
[2019.04.16-01.09.41:137][  0]LogSlate: Updating window title bar state: overlay mode, drag disabled, window buttons hidden, title bar hidden
[2019.04.16-01.09.41:145][  0]LogSlate: Updating window title bar state: overlay mode, drag disabled, window buttons hidden, title bar hidden
[2019.04.16-01.09.41:152][  0]LogSlate: Updating window title bar state: overlay mode, drag disabled, window buttons hidden, title bar hidden
[2019.04.16-01.09.41:159][  0]LogSlate: Updating window title bar state: overlay mode, drag disabled, window buttons hidden, title bar hidden
[2019.04.16-01.09.41:179][  0]LogCollectionManager: Loaded 0 collections in 0.001436 seconds
[2019.04.16-01.09.41:250][  0]LogFileCache: Scanning file cache for directory 'C:/Users/Zack/Documents/GitHub/Dinochan/Dinochan_v001_UE4.20.3/Saved/Collections/' took 0.01s
[2019.04.16-01.09.41:250][  0]LogFileCache: Scanning file cache for directory 'C:/Users/Zack/Documents/GitHub/Dinochan/Dinochan_v001_UE4.20.3/Content/Developers/Zack/Collections/' took 0.01s
[2019.04.16-01.09.41:250][  0]LogFileCache: Scanning file cache for directory 'C:/Users/Zack/Documents/GitHub/Dinochan/Dinochan_v001_UE4.20.3/Content/Collections/' took 0.01s
[2019.04.16-01.09.41:250][  0]LogCollectionManager: Rebuilt the GUID cache for 0 collections in 0.000000 seconds
[2019.04.16-01.09.41:267][  0]LogContentBrowser: Native class hierarchy populated in 0.0119 seconds. Added 2572 classes and 603 folders.
[2019.04.16-01.09.41:291][  0]LogContentBrowser: Native class hierarchy updated for 'WidgetCarousel' in 0.0002 seconds. Added 0 classes and 0 folders.
[2019.04.16-01.09.41:597][  0]LogContentBrowser: Native class hierarchy updated for 'AddContentDialog' in 0.0002 seconds. Added 0 classes and 0 folders.
[2019.04.16-01.09.41:612][  0]LogContentBrowser: Native class hierarchy updated for 'SceneOutliner' in 0.0002 seconds. Added 1 classes and 2 folders.
[2019.04.16-01.09.41:688][  0]LogContentBrowser: Native class hierarchy updated for 'WorldBrowser' in 0.0003 seconds. Added 2 classes and 3 folders.
[2019.04.16-01.09.41:726][  0]LogSlate: Took 0.004669 seconds to synchronously load lazily loaded font '../../../Engine/Content/Slate/Fonts/Roboto-Regular.ttf' (155K)
[2019.04.16-01.09.41:735][  0]LogSlate: Took 0.004339 seconds to synchronously load lazily loaded font '../../../Engine/Content/Slate/Fonts/Roboto-Bold.ttf' (160K)
[2019.04.16-01.09.41:748][  0]LogSlate: Took 0.004450 seconds to synchronously load lazily loaded font '../../../Engine/Content/Editor/Slate/Fonts/FontAwesome.ttf' (139K)
[2019.04.16-01.09.41:900][  0]LogRenderer: Reallocating scene render targets to support 1000x576 Format 10 NumSamples 1 (Frame:1).
[2019.04.16-01.09.42:110][  0]LogContentBrowser: Native class hierarchy updated for 'HierarchicalLODOutliner' in 0.0002 seconds. Added 0 classes and 0 folders.
[2019.04.16-01.09.42:110][  0]LogLoad: (Engine Initialization) Total time: 27.24 seconds
[2019.04.16-01.09.42:110][  0]LogLoad: (Engine Initialization) Total Blueprint compile time: 0.00 seconds
[2019.04.16-01.09.42:182][  0]LogContentStreaming: Texture pool size now 1000 MB
[2019.04.16-01.09.42:224][  0]LogSlate: Took 0.004355 seconds to synchronously load lazily loaded font '../../../Engine/Content/Slate/Fonts/Roboto-Light.ttf' (167K)
[2019.04.16-01.09.42:255][  1]LogFileCache: Retrieving MD5 hashes for directory 'C:/Users/Zack/Documents/GitHub/Dinochan/Dinochan_v001_UE4.20.3/Content/' took 0.11s
[2019.04.16-01.09.42:275][  1]LogAssetRegistry: Asset discovery search completed in 17.7694 seconds
[2019.04.16-01.09.42:277][  1]LogCollectionManager: Rebuilt the object cache for 0 collections in 0.000000 seconds (found 0 objects)
[2019.04.16-01.09.42:277][  1]LogCollectionManager: Fixed up redirectors for 0 collections in 0.000563 seconds (updated 0 objects)
[2019.04.16-01.09.44:662][274]LogSlate: FSceneViewport::OnFocusLost() reason 0
[2019.04.16-01.09.44:821][284]LogSlate: Window 'Dinochan_v001 - Unreal Editor' being destroyed
[2019.04.16-01.09.44:822][284]LogWindowsTextInputMethodSystem: Display: IME system now deactivated.
[2019.04.16-01.09.44:823][284]LogWindowsTextInputMethodSystem: Display: IME system now deactivated.
[2019.04.16-01.09.44:990][285]Cmd: QUIT_EDITOR
[2019.04.16-01.09.45:043][285]LogExit: Preparing to exit.
[2019.04.16-01.09.45:504][285]LogExit: Editor shut down
[2019.04.16-01.09.45:504][285]LogExit: Transaction tracking system shut down
[2019.04.16-01.09.46:095][285]LogExit: Object subsystem successfully closed.
[2019.04.16-01.09.46:166][285]LogShaderCompilers: Display: Shaders left to compile 0
[2019.04.16-01.09.46:171][285]LogD3D11RHI: Shutdown
[2019.04.16-01.09.46:171][285]LogD3D11RHI: CleanupD3DDevice
[2019.04.16-01.09.46:173][285]LogD3D11RHI: ~FD3D11DynamicRHI
[2019.04.16-01.09.46:224][285]LogModuleManager: Shutting down and abandoning module HierarchicalLODOutliner (612)
[2019.04.16-01.09.46:224][285]LogModuleManager: Shutting down and abandoning module WorldBrowser (610)
[2019.04.16-01.09.46:224][285]LogModuleManager: Shutting down and abandoning module SceneOutliner (608)
[2019.04.16-01.09.46:224][285]LogModuleManager: Shutting down and abandoning module AddContentDialog (606)
[2019.04.16-01.09.46:225][285]LogModuleManager: Shutting down and abandoning module WidgetCarousel (605)
[2019.04.16-01.09.46:225][285]LogModuleManager: Shutting down and abandoning module EditorWidgets (602)
[2019.04.16-01.09.46:225][285]LogModuleManager: Shutting down and abandoning module CollectionManager (600)
[2019.04.16-01.09.46:225][285]LogModuleManager: Shutting down and abandoning module StatsViewer (598)
[2019.04.16-01.09.46:226][285]LogModuleManager: Shutting down and abandoning module FoliageEdit (596)
[2019.04.16-01.09.46:226][285]LogModuleManager: Shutting down and abandoning module LandscapeEditor (594)
[2019.04.16-01.09.46:227][285]LogModuleManager: Shutting down and abandoning module MeshPaintMode (592)
[2019.04.16-01.09.46:228][285]LogModuleManager: Shutting down and abandoning module SceneDepthPickerMode (590)
[2019.04.16-01.09.46:228][285]LogModuleManager: Shutting down and abandoning module ActorPickerMode (588)
[2019.04.16-01.09.46:228][285]LogModuleManager: Shutting down and abandoning module GeometryMode (586)
[2019.04.16-01.09.46:228][285]LogModuleManager: Shutting down and abandoning module TextureAlignMode (584)
[2019.04.16-01.09.46:228][285]LogModuleManager: Shutting down and abandoning module BspMode (582)
[2019.04.16-01.09.46:228][285]LogModuleManager: Shutting down and abandoning module PIEPreviewDeviceProfileSelector (580)
[2019.04.16-01.09.46:228][285]LogModuleManager: Shutting down and abandoning module SequenceRecorderSections (578)
[2019.04.16-01.09.46:228][285]LogModuleManager: Shutting down and abandoning module AutomationWorker (576)
[2019.04.16-01.09.46:228][285]LogModuleManager: Shutting down and abandoning module AudioCaptureEditor (574)
[2019.04.16-01.09.46:228][285]LogModuleManager: Shutting down and abandoning module SequenceRecorder (573)
[2019.04.16-01.09.46:229][285]LogModuleManager: Shutting down and abandoning module MatineeToLevelSequence (570)
[2019.04.16-01.09.46:229][285]LogModuleManager: Shutting down and abandoning module LevelSequenceEditor (568)
[2019.04.16-01.09.46:231][285]LogModuleManager: Shutting down and abandoning module PlacementMode (567)
[2019.04.16-01.09.46:231][285]LogModuleManager: Shutting down and abandoning module MaterialEditor (566)
[2019.04.16-01.09.46:232][285]LogModuleManager: Shutting down and abandoning module WmfMediaFactory (562)
[2019.04.16-01.09.46:232][285]LogModuleManager: Shutting down and abandoning module WmfMediaEditor (560)
[2019.04.16-01.09.46:232][285]LogModuleManager: Shutting down and abandoning module MediaPlayerEditor (558)
[2019.04.16-01.09.46:233][285]LogModuleManager: Shutting down and abandoning module OpenExrWrapper (556)
[2019.04.16-01.09.46:233][285]LogModuleManager: Shutting down and abandoning module ImgMediaFactory (554)
[2019.04.16-01.09.46:233][285]LogModuleManager: Shutting down and abandoning module ImgMediaEditor (552)
[2019.04.16-01.09.46:233][285]LogModuleManager: Shutting down and abandoning module AvfMediaFactory (550)
[2019.04.16-01.09.46:233][285]LogModuleManager: Shutting down and abandoning module AvfMediaEditor (548)
[2019.04.16-01.09.46:233][285]LogModuleManager: Shutting down and abandoning module AndroidMediaFactory (546)
[2019.04.16-01.09.46:233][285]LogModuleManager: Shutting down and abandoning module AndroidMediaEditor (544)
[2019.04.16-01.09.46:233][285]LogModuleManager: Shutting down and abandoning module MagicLeapCameraPreviewFactory (542)
[2019.04.16-01.09.46:233][285]LogModuleManager: Shutting down and abandoning module MagicLeapMediaFactory (540)
[2019.04.16-01.09.46:233][285]LogModuleManager: Shutting down and abandoning module MagicLeapMediaEditor (538)
[2019.04.16-01.09.46:233][285]LogModuleManager: Shutting down and abandoning module CharacterAI (536)
[2019.04.16-01.09.46:233][285]LogModuleManager: Shutting down and abandoning module SmartSnapping (534)
[2019.04.16-01.09.46:233][285]LogModuleManager: Shutting down and abandoning module SessionServices (532)
[2019.04.16-01.09.46:233][285]LogModuleManager: Shutting down and abandoning module ViewportSnapping (530)
[2019.04.16-01.09.46:233][285]LogModuleManager: Shutting down and abandoning module ViewportInteraction (528)
[2019.04.16-01.09.46:234][285]LogModuleManager: Shutting down and abandoning module ClothPainter (526)
[2019.04.16-01.09.46:234][285]LogModuleManager: Shutting down and abandoning module SkeletalMeshEditor (525)
[2019.04.16-01.09.46:236][285]LogModuleManager: Shutting down and abandoning module LogVisualizer (522)
[2019.04.16-01.09.46:237][285]LogModuleManager: Shutting down and abandoning module IntroTutorials (520)
[2019.04.16-01.09.46:238][285]LogModuleManager: Shutting down and abandoning module GameProjectGeneration (519)
[2019.04.16-01.09.46:238][285]LogModuleManager: Shutting down and abandoning module LuminPlatformEditor (516)
[2019.04.16-01.09.46:238][285]LogModuleManager: Shutting down and abandoning module IOSPlatformEditor (514)
[2019.04.16-01.09.46:238][285]LogModuleManager: Shutting down and abandoning module HTML5PlatformEditor (512)
[2019.04.16-01.09.46:238][285]LogModuleManager: Shutting down and abandoning module AndroidPlatformEditor (510)
[2019.04.16-01.09.46:238][285]LogModuleManager: Shutting down and abandoning module AndroidDeviceDetection (509)
[2019.04.16-01.09.46:322][285]LogModuleManager: Shutting down and abandoning module WindowsPlatformEditor (506)
[2019.04.16-01.09.46:322][285]LogModuleManager: Shutting down and abandoning module LuminRuntimeSettings (504)
[2019.04.16-01.09.46:322][285]LogModuleManager: Shutting down and abandoning module IOSRuntimeSettings (502)
[2019.04.16-01.09.46:322][285]LogModuleManager: Shutting down and abandoning module AndroidRuntimeSettings (500)
[2019.04.16-01.09.46:322][285]LogModuleManager: Shutting down and abandoning module InputBindingEditor (498)
[2019.04.16-01.09.46:323][285]LogModuleManager: Shutting down and abandoning module MergeActors (496)
[2019.04.16-01.09.46:324][285]LogModuleManager: Shutting down and abandoning module LocalizationDashboard (494)
[2019.04.16-01.09.46:325][285]LogModuleManager: Shutting down and abandoning module LocalizationService (493)
[2019.04.16-01.09.46:325][285]LogModuleManager: Shutting down and abandoning module HardwareTargeting (490)
[2019.04.16-01.09.46:325][285]LogModuleManager: Shutting down and abandoning module DeviceProfileEditor (488)
[2019.04.16-01.09.46:325][285]LogModuleManager: Shutting down and abandoning module UndoHistory (486)
[2019.04.16-01.09.46:326][285]LogModuleManager: Shutting down and abandoning module XmlParser (484)
[2019.04.16-01.09.46:326][285]LogModuleManager: Shutting down and abandoning module Blutility (482)
[2019.04.16-01.09.46:326][285]LogModuleManager: Shutting down and abandoning module ProjectSettingsViewer (480)
[2019.04.16-01.09.46:326][285]LogModuleManager: Shutting down and abandoning module ProjectTargetPlatformEditor (479)
[2019.04.16-01.09.46:326][285]LogModuleManager: Shutting down and abandoning module EditorSettingsViewer (476)
[2019.04.16-01.09.46:326][285]LogModuleManager: Shutting down and abandoning module SettingsEditor (474)
[2019.04.16-01.09.46:328][285]LogModuleManager: Shutting down and abandoning module ProjectLauncher (472)
[2019.04.16-01.09.46:328][285]LogModuleManager: Shutting down and abandoning module SessionFrontend (470)
[2019.04.16-01.09.46:329][285]LogModuleManager: Shutting down and abandoning module ProfilerClient (468)
[2019.04.16-01.09.46:329][285]LogModuleManager: Shutting down and abandoning module DeviceManager (466)
[2019.04.16-01.09.46:329][285]LogModuleManager: Shutting down and abandoning module TargetDeviceServices (465)
[2019.04.16-01.09.46:394][285]LogModuleManager: Shutting down and abandoning module AutomationController (462)
[2019.04.16-01.09.46:395][285]LogModuleManager: Shutting down and abandoning module AutomationWindow (460)
[2019.04.16-01.09.46:396][285]LogModuleManager: Shutting down and abandoning module Layers (458)
[2019.04.16-01.09.46:398][285]LogModuleManager: Shutting down and abandoning module ComponentVisualizers (456)
[2019.04.16-01.09.46:398][285]LogModuleManager: Shutting down and abandoning module DetailCustomizations (454)
[2019.04.16-01.09.46:400][285]LogModuleManager: Shutting down and abandoning module PackagesDialog (452)
[2019.04.16-01.09.46:401][285]LogModuleManager: Shutting down and abandoning module Persona (450)
[2019.04.16-01.09.46:402][285]LogModuleManager: Shutting down and abandoning module AdvancedPreviewScene (449)
[2019.04.16-01.09.46:402][285]LogModuleManager: Shutting down and abandoning module AnimGraph (447)
[2019.04.16-01.09.46:402][285]LogModuleManager: Shutting down and abandoning module Kismet (444)
[2019.04.16-01.09.46:403][285]LogModuleManager: Shutting down and abandoning module GraphEditor (442)
[2019.04.16-01.09.46:405][285]LogModuleManager: Shutting down and abandoning module ClassViewer (440)
[2019.04.16-01.09.46:405][285]LogModuleManager: Shutting down and abandoning module Toolbox (438)
[2019.04.16-01.09.46:405][285]LogModuleManager: Shutting down and abandoning module ModuleUI (436)
[2019.04.16-01.09.46:405][285]LogModuleManager: Shutting down and abandoning module MovieSceneTools (434)
[2019.04.16-01.09.46:406][285]LogModuleManager: Shutting down and abandoning module OutputLog (432)
[2019.04.16-01.09.46:406][285]LogModuleManager: Shutting down and abandoning module GammaUI (430)
[2019.04.16-01.09.46:406][285]LogModuleManager: Shutting down and abandoning module Documentation (428)
[2019.04.16-01.09.46:406][285]LogModuleManager: Shutting down and abandoning module MovieSceneTracks (426)
[2019.04.16-01.09.46:406][285]LogModuleManager: Shutting down and abandoning module MovieScene (424)
[2019.04.16-01.09.46:406][285]LogModuleManager: Shutting down and abandoning module StreamingPauseRendering (422)
[2019.04.16-01.09.46:407][285]LogModuleManager: Shutting down and abandoning module LauncherPlatform (420)
[2019.04.16-01.09.46:407][285]LogModuleManager: Shutting down and abandoning module AnalyticsET (418)
[2019.04.16-01.09.46:407][285]LogModuleManager: Shutting down and abandoning module PortalServices (416)
[2019.04.16-01.09.46:407][285]LogModuleManager: Shutting down and abandoning module PortalRpc (414)
[2019.04.16-01.09.46:407][285]LogModuleManager: Shutting down and abandoning module MessagingRpc (412)
[2019.04.16-01.09.46:407][285]LogModuleManager: Shutting down and abandoning module AIModule (410)
[2019.04.16-01.09.46:407][285]LogModuleManager: Shutting down and abandoning module GameplayDebugger (409)
[2019.04.16-01.09.46:408][285]LogModuleManager: Shutting down and abandoning module AITestSuite (407)
[2019.04.16-01.09.46:408][285]LogModuleManager: Shutting down and abandoning module NavigationSystem (405)
[2019.04.16-01.09.46:408][285]LogModuleManager: Shutting down and abandoning module DesktopPlatform (402)
[2019.04.16-01.09.46:408][285]LogModuleManager: Shutting down and abandoning module ProfilerService (400)
[2019.04.16-01.09.46:640][285]LogModuleManager: Shutting down and abandoning module TaskGraph (398)
[2019.04.16-01.09.46:642][285]LogModuleManager: Shutting down and abandoning module SteamVRController (396)
[2019.04.16-01.09.46:642][285]LogModuleManager: Shutting down and abandoning module ProceduralMeshComponentEditor (394)
[2019.04.16-01.09.46:642][285]LogModuleManager: Shutting down and abandoning module ProceduralMeshComponent (392)
[2019.04.16-01.09.46:642][285]LogModuleManager: Shutting down and abandoning module OculusInput (390)
[2019.04.16-01.09.46:642][285]LogModuleManager: Shutting down and abandoning module MobilePatchingUtils (388)
[2019.04.16-01.09.46:642][285]LogModuleManager: Shutting down and abandoning module EditableMesh (386)
[2019.04.16-01.09.46:643][285]LogModuleManager: Shutting down and abandoning module CustomMeshComponent (384)
[2019.04.16-01.09.46:643][285]LogModuleManager: Shutting down and abandoning module CableComponent (382)
[2019.04.16-01.09.46:643][285]LogModuleManager: Shutting down and abandoning module AudioCapture (380)
[2019.04.16-01.09.46:643][285]LogModuleManager: Shutting down and abandoning module ArchVisCharacter (378)
[2019.04.16-01.09.46:643][285]LogModuleManager: Shutting down and abandoning module AndroidPermission (376)
[2019.04.16-01.09.46:643][285]LogModuleManager: Shutting down and abandoning module NUTUnrealEngine4 (374)
[2019.04.16-01.09.46:643][285]LogModuleManager: Shutting down and abandoning module NetcodeUnitTest (372)
[2019.04.16-01.09.46:645][285]LogModuleManager: Shutting down and abandoning module MediaCompositingEditor (370)
[2019.04.16-01.09.46:645][285]LogModuleManager: Shutting down and abandoning module MediaCompositing (368)
[2019.04.16-01.09.46:645][285]LogModuleManager: Shutting down and abandoning module LinearTimecode (366)
[2019.04.16-01.09.46:645][285]LogModuleManager: Shutting down and abandoning module ImgMedia (364)
[2019.04.16-01.09.46:648][285]LogModuleManager: Shutting down and abandoning module HTML5Networking (362)
[2019.04.16-01.09.46:648][285]LogModuleManager: Shutting down and abandoning module GeometryCacheTracks (360)
[2019.04.16-01.09.46:648][285]LogModuleManager: Shutting down and abandoning module GeometryCacheSequencer (358)
[2019.04.16-01.09.46:648][285]LogModuleManager: Shutting down and abandoning module BackChannel (356)
[2019.04.16-01.09.46:649][285]LogModuleManager: Shutting down and abandoning module AppleVision (354)
[2019.04.16-01.09.46:649][285]LogModuleManager: Shutting down and abandoning module AppleImageUtils (352)
[2019.04.16-01.09.46:649][285]LogModuleManager: Shutting down and abandoning module AlembicImporter (350)
[2019.04.16-01.09.46:649][285]LogModuleManager: Shutting down and abandoning module AlembicLibrary (349)
[2019.04.16-01.09.46:649][285]LogModuleManager: Shutting down and abandoning module GeometryCache (348)
[2019.04.16-01.09.46:649][285]LogModuleManager: Shutting down and abandoning module GeometryCacheEd (347)
[2019.04.16-01.09.46:649][285]LogModuleManager: Shutting down and abandoning module DatasmithContentEditor (342)
[2019.04.16-01.09.46:650][285]LogModuleManager: Shutting down and abandoning module DatasmithContent (340)
[2019.04.16-01.09.46:650][285]LogModuleManager: Shutting down and abandoning module SpeedTreeImporter (338)
[2019.04.16-01.09.46:650][285]LogModuleManager: Shutting down and abandoning module PluginBrowser (336)
[2019.04.16-01.09.46:653][285]LogModuleManager: Shutting down and abandoning module MobileLauncherProfileWizard (334)
[2019.04.16-01.09.46:653][285]LogModuleManager: Shutting down and abandoning module PolygonModeling (332)
[2019.04.16-01.09.46:653][285]LogModuleManager: Shutting down and abandoning module MeshEditor (330)
[2019.04.16-01.09.46:654][285]LogModuleManager: Shutting down and abandoning module CryptoKeysOpenSSL (328)
[2019.04.16-01.09.46:654][285]LogModuleManager: Shutting down and abandoning module CryptoKeys (326)
[2019.04.16-01.09.46:654][285]LogModuleManager: Shutting down and abandoning module VisualStudioSourceCodeAccess (324)
[2019.04.16-01.09.46:654][285]LogModuleManager: Shutting down and abandoning module VisualStudioCodeSourceCodeAccess (322)
[2019.04.16-01.09.46:654][285]LogModuleManager: Shutting down and abandoning module UObjectPlugin (320)
[2019.04.16-01.09.46:654][285]LogModuleManager: Shutting down and abandoning module SubversionSourceControl (318)
[2019.04.16-01.09.46:655][285]LogModuleManager: Shutting down and abandoning module PerforceSourceControl (316)
[2019.04.16-01.09.46:656][285]LogModuleManager: Shutting down and abandoning module GitSourceControl (314)
[2019.04.16-01.09.46:657][285]LogModuleManager: Shutting down and abandoning module SourceControl (313)
[2019.04.16-01.09.46:658][285]LogModuleManager: Shutting down and abandoning module CLionSourceCodeAccess (310)
[2019.04.16-01.09.46:658][285]LogModuleManager: Shutting down and abandoning module LightPropagationVolumeEditor (308)
[2019.04.16-01.09.46:658][285]LogModuleManager: Shutting down and abandoning module PaperTiledImporter (306)
[2019.04.16-01.09.46:658][285]LogModuleManager: Shutting down and abandoning module PaperSpriteSheetImporter (304)
[2019.04.16-01.09.46:658][285]LogModuleManager: Shutting down and abandoning module Paper2DEditor (302)
[2019.04.16-01.09.46:659][285]LogModuleManager: Shutting down and abandoning module MeshPaint (301)
[2019.04.16-01.09.46:659][285]LogModuleManager: Shutting down and abandoning module RuntimePhysXCooking (298)
[2019.04.16-01.09.46:659][285]LogModuleManager: Shutting down and abandoning module PhysXVehiclesEditor (296)
[2019.04.16-01.09.46:659][285]LogModuleManager: Shutting down and abandoning module PhysXVehicles (294)
[2019.04.16-01.09.46:659][285]LogModuleManager: Shutting down and abandoning module OculusEditor (292)
[2019.04.16-01.09.46:660][285]LogModuleManager: Shutting down and abandoning module LocationServicesBPLibrary (290)
[2019.04.16-01.09.46:660][285]LogModuleManager: Shutting down and abandoning module ImmediatePhysicsEditor (288)
[2019.04.16-01.09.46:660][285]LogModuleManager: Shutting down and abandoning module ImmediatePhysics (286)
[2019.04.16-01.09.46:660][285]LogModuleManager: Shutting down and abandoning module ActorSequence (284)
[2019.04.16-01.09.46:660][285]LogModuleManager: Shutting down and abandoning module UdpMessaging (282)
[2019.04.16-01.09.46:761][285]LogModuleManager: Shutting down and abandoning module TcpMessaging (280)
[2019.04.16-01.09.46:862][285]LogModuleManager: Shutting down and abandoning module MagicLeapAudio (278)
[2019.04.16-01.09.46:862][285]LogModuleManager: Shutting down and abandoning module GameplayTagsEditor (276)
[2019.04.16-01.09.46:863][285]LogModuleManager: Shutting down and abandoning module FacialAnimationEditor (274)
[2019.04.16-01.09.46:863][285]LogModuleManager: Shutting down and abandoning module FacialAnimation (272)
[2019.04.16-01.09.46:863][285]LogModuleManager: Shutting down and abandoning module DataValidation (270)
[2019.04.16-01.09.46:863][285]LogModuleManager: Shutting down and abandoning module AssetManagerEditor (268)
[2019.04.16-01.09.46:864][285]LogModuleManager: Shutting down and abandoning module LevelEditor (267)
[2019.04.16-01.09.46:865][285]LogModuleManager: Shutting down and abandoning module PixelInspectorModule (266)
[2019.04.16-01.09.46:865][285]LogModuleManager: Shutting down and abandoning module CommonMenuExtensions (264)
[2019.04.16-01.09.46:866][285]LogModuleManager: Shutting down and abandoning module MainFrame (262)
[2019.04.16-01.09.46:866][285]LogModuleManager: Shutting down and abandoning module HotReload (261)
[2019.04.16-01.09.46:867][285]LogModuleManager: Shutting down and abandoning module ContentBrowser (257)
[2019.04.16-01.09.46:867][285]LogModuleManager: Shutting down and abandoning module TreeMap (255)
[2019.04.16-01.09.46:868][285]LogModuleManager: Shutting down and abandoning module LightPropagationVolumeRuntime (252)
[2019.04.16-01.09.46:868][285]LogModuleManager: Shutting down and abandoning module AISupportModule (250)
[2019.04.16-01.09.46:868][285]LogModuleManager: Shutting down and abandoning module Paper2D (248)
[2019.04.16-01.09.46:868][285]LogModuleManager: Shutting down and abandoning module WindowsMoviePlayer (246)
[2019.04.16-01.09.46:869][285]LogModuleManager: Shutting down and abandoning module WmfMedia (244)
[2019.04.16-01.09.46:870][285]LogModuleManager: Shutting down and abandoning module Media (243)
[2019.04.16-01.09.46:876][285]LogModuleManager: Shutting down and abandoning module PacketHandler (240)
[2019.04.16-01.09.46:876][285]LogModuleManager: Shutting down and abandoning module ClothingSystemEditor (238)
[2019.04.16-01.09.46:876][285]LogModuleManager: Shutting down and abandoning module ClothingSystemRuntime (236)
[2019.04.16-01.09.46:877][285]LogModuleManager: Shutting down and abandoning module MediaAssets (234)
[2019.04.16-01.09.46:877][285]LogModuleManager: Shutting down and abandoning module Overlay (232)
[2019.04.16-01.09.46:877][285]LogModuleManager: Shutting down and abandoning module OverlayEditor (231)
[2019.04.16-01.09.46:877][285]LogModuleManager: Shutting down and abandoning module VREditor (228)
[2019.04.16-01.09.46:877][285]LogModuleManager: Shutting down and abandoning module StringTableEditor (226)
[2019.04.16-01.09.46:878][285]LogModuleManager: Shutting down and abandoning module GameplayTasksEditor (224)
[2019.04.16-01.09.46:878][285]LogModuleManager: Shutting down and abandoning module BehaviorTreeEditor (222)
[2019.04.16-01.09.46:880][285]LogModuleManager: Shutting down and abandoning module FunctionalTesting (220)
[2019.04.16-01.09.46:881][285]LogModuleManager: Shutting down and abandoning module CollisionAnalyzer (218)
[2019.04.16-01.09.46:882][285]LogModuleManager: Shutting down and abandoning module WorkspaceMenuStructure (217)
[2019.04.16-01.09.46:882][285]LogModuleManager: Shutting down and abandoning module UMG (214)
[2019.04.16-01.09.46:882][285]LogModuleManager: Shutting down and abandoning module UMGEditor (213)
[2019.04.16-01.09.46:882][285]LogModuleManager: Shutting down and abandoning module Sequencer (212)
[2019.04.16-01.09.46:884][285]LogModuleManager: Shutting down and abandoning module MessageLog (209)
[2019.04.16-01.09.46:884][285]LogModuleManager: Shutting down and abandoning module SlateReflector (204)
[2019.04.16-01.09.46:886][285]LogModuleManager: Shutting down and abandoning module Slate (202)
[2019.04.16-01.09.46:886][285]LogModuleManager: Shutting down and abandoning module EditorStyle (200)
[2019.04.16-01.09.46:887][285]LogModuleManager: Shutting down and abandoning module MRMesh (198)
[2019.04.16-01.09.46:888][285]LogModuleManager: Shutting down and abandoning module SourceCodeAccess (196)
[2019.04.16-01.09.46:888][285]LogModuleManager: Shutting down and abandoning module HeadMountedDisplay (194)
[2019.04.16-01.09.46:888][285]LogModuleManager: Shutting down and abandoning module XAudio2 (192)
[2019.04.16-01.09.46:888][285]LogModuleManager: Shutting down and abandoning module Networking (190)
[2019.04.16-01.09.46:888][285]LogModuleManager: Shutting down and abandoning module Core (188)
[2019.04.16-01.09.46:888][285]LogModuleManager: Shutting down and abandoning module LevelSequence (186)
[2019.04.16-01.09.46:888][285]LogModuleManager: Shutting down and abandoning module KismetCompiler (184)
[2019.04.16-01.09.46:888][285]LogModuleManager: Shutting down and abandoning module MeshUtilities (182)
[2019.04.16-01.09.46:888][285]LogModuleManager: Shutting down and abandoning module MeshMergeUtilities (181)
[2019.04.16-01.09.46:889][285]LogModuleManager: Shutting down and abandoning module MeshReductionInterface (180)
[2019.04.16-01.09.46:889][285]LogModuleManager: Shutting down and abandoning module SimplygonSwarm (179)
[2019.04.16-01.09.46:889][285]LogModuleManager: Shutting down and abandoning module ProxyLODMeshReduction (177)
[2019.04.16-01.09.46:890][285]LogModuleManager: Shutting down and abandoning module SimplygonMeshReduction (175)
[2019.04.16-01.09.46:890][285]LogModuleManager: Shutting down and abandoning module QuadricMeshReduction (173)
[2019.04.16-01.09.46:890][285]LogModuleManager: Shutting down and abandoning module MaterialBaking (169)
[2019.04.16-01.09.46:891][285]LogModuleManager: Shutting down and abandoning module DirectoryWatcher (165)
[2019.04.16-01.09.46:892][285]LogModuleManager: Shutting down and abandoning module DerivedDataCache (162)
[2019.04.16-01.09.47:269][285]LogDerivedDataCache: Shutdown
[2019.04.16-01.09.47:269][285]LogModuleManager: Shutting down and abandoning module XGEController (160)
[2019.04.16-01.09.47:269][285]LogXGEController: Cleaning working directory: C:/Users/Zack/AppData/Local/Temp/UnrealXGEWorkingDir/
[2019.04.16-01.09.47:270][285]LogModuleManager: Shutting down and abandoning module TargetPlatform (158)
[2019.04.16-01.09.47:270][285]LogModuleManager: Shutting down and abandoning module VulkanShaderFormat (157)
[2019.04.16-01.09.47:270][285]LogModuleManager: Shutting down and abandoning module ShaderFormatVectorVM (155)
[2019.04.16-01.09.47:272][285]LogModuleManager: Shutting down and abandoning module ShaderFormatOpenGL (153)
[2019.04.16-01.09.47:272][285]LogModuleManager: Shutting down and abandoning module ShaderFormatD3D (151)
[2019.04.16-01.09.47:272][285]LogModuleManager: Shutting down and abandoning module MetalShaderFormat (149)
[2019.04.16-01.09.47:273][285]LogModuleManager: Shutting down and abandoning module TextureFormatUncompressed (147)
[2019.04.16-01.09.47:273][285]LogModuleManager: Shutting down and abandoning module TextureFormatPVR (145)
[2019.04.16-01.09.47:273][285]LogModuleManager: Shutting down and abandoning module TextureFormatDXT (143)
[2019.04.16-01.09.47:273][285]LogModuleManager: Shutting down and abandoning module TextureFormatIntelISPCTexComp (141)
[2019.04.16-01.09.47:273][285]LogModuleManager: Shutting down and abandoning module TextureFormatASTC (139)
[2019.04.16-01.09.47:273][285]LogModuleManager: Shutting down and abandoning module ImageWrapper (138)
[2019.04.16-01.09.47:273][285]LogModuleManager: Shutting down and abandoning module TextureFormatAndroid (135)
[2019.04.16-01.09.47:273][285]LogModuleManager: Shutting down and abandoning module AudioFormatOpus (133)
[2019.04.16-01.09.47:273][285]LogModuleManager: Shutting down and abandoning module AudioFormatOgg (131)
[2019.04.16-01.09.47:273][285]LogModuleManager: Shutting down and abandoning module AudioFormatADPCM (129)
[2019.04.16-01.09.47:273][285]LogModuleManager: Shutting down and abandoning module LuminTargetPlatform (127)
[2019.04.16-01.09.47:273][285]LogModuleManager: Shutting down and abandoning module LinuxTargetPlatform (125)
[2019.04.16-01.09.47:274][285]LogModuleManager: Shutting down and abandoning module LinuxServerTargetPlatform (123)
[2019.04.16-01.09.47:274][285]LogModuleManager: Shutting down and abandoning module LinuxNoEditorTargetPlatform (121)
[2019.04.16-01.09.47:274][285]LogModuleManager: Shutting down and abandoning module LinuxClientTargetPlatform (119)
[2019.04.16-01.09.47:274][285]LogModuleManager: Shutting down and abandoning module TVOSTargetPlatform (117)
[2019.04.16-01.09.47:274][285]LogModuleManager: Shutting down and abandoning module Messaging (115)
[2019.04.16-01.09.47:274][285]LogModuleManager: Shutting down and abandoning module IOSTargetPlatform (113)
[2019.04.16-01.09.47:275][285]LogModuleManager: Shutting down and abandoning module HTML5TargetPlatform (111)
[2019.04.16-01.09.47:275][285]LogModuleManager: Shutting down and abandoning module AndroidTargetPlatform (109)
[2019.04.16-01.09.47:280][285]LogModuleManager: Shutting down and abandoning module WindowsTargetPlatform (107)
[2019.04.16-01.09.47:280][285]LogModuleManager: Shutting down and abandoning module WindowsServerTargetPlatform (105)
[2019.04.16-01.09.47:280][285]LogModuleManager: Shutting down and abandoning module WindowsNoEditorTargetPlatform (103)
[2019.04.16-01.09.47:280][285]LogModuleManager: Shutting down and abandoning module WindowsClientTargetPlatform (101)
[2019.04.16-01.09.47:280][285]LogModuleManager: Shutting down and abandoning module MacTargetPlatform (99)
[2019.04.16-01.09.47:280][285]LogModuleManager: Shutting down and abandoning module MacServerTargetPlatform (97)
[2019.04.16-01.09.47:280][285]LogModuleManager: Shutting down and abandoning module MacNoEditorTargetPlatform (95)
[2019.04.16-01.09.47:280][285]LogModuleManager: Shutting down and abandoning module MacClientTargetPlatform (93)
[2019.04.16-01.09.47:280][285]LogModuleManager: Shutting down and abandoning module AllDesktopTargetPlatform (91)
[2019.04.16-01.09.47:280][285]LogModuleManager: Shutting down and abandoning module InputCore (88)
[2019.04.16-01.09.47:280][285]LogModuleManager: Shutting down and abandoning module Settings (86)
[2019.04.16-01.09.47:280][285]LogModuleManager: Shutting down and abandoning module PhysXCooking (84)
[2019.04.16-01.09.47:280][285]LogModuleManager: Shutting down and abandoning module SteamVR (82)
[2019.04.16-01.09.47:280][285]LogModuleManager: Shutting down and abandoning module OculusHMD (80)
[2019.04.16-01.09.47:280][285]LogModuleManager: Shutting down and abandoning module ExampleDeviceProfileSelector (78)
[2019.04.16-01.09.47:280][285]LogModuleManager: Shutting down and abandoning module LauncherChunkInstaller (76)
[2019.04.16-01.09.47:280][285]LogModuleManager: Shutting down and abandoning module OnlineBlueprintSupport (74)
[2019.04.16-01.09.47:280][285]LogModuleManager: Shutting down and abandoning module OnlineSubsystem (70)
[2019.04.16-01.09.47:283][285]LogModuleManager: Shutting down and abandoning module XMPP (65)
[2019.04.16-01.09.47:285][285]LogModuleManager: Shutting down and abandoning module WebSockets (64)
[2019.04.16-01.09.47:292][285]LogModuleManager: Shutting down and abandoning module HTTP (61)
[2019.04.16-01.09.47:292][285]LogHttp: Display: Http module shutting down, but needs to wait on 1 outstanding Http requests:
[2019.04.16-01.09.47:292][285]LogHttp: Display: 	verb=[POST] url=[https://datarouter.ol.epicgames.com/datarouter/api/v1/public/data?SessionID=%7B57E17D97-4C1B-03D9-9F9E-C2A5352B8F27%7D&AppID=UEEditor.Rocket.Release&AppVersion=4.20.3-4369336%2B%2B%2BUE4%2BRelease-4.20&UserID=f7245a714475df0da56640a24cdfe704%7Ccc3c07623d2f4874abe0ae53f80dc37e%7Cf07df836-d0d7-4e14-b834-7ee2da16fd21&AppEnvironment=datacollector-binary&UploadType=eteventstream] status=Processing
[2019.04.16-01.09.47:300][285]LogModuleManager: Shutting down and abandoning module SSL (60)
[2019.04.16-01.09.47:302][285]LogModuleManager: Shutting down and abandoning module MagicLeapEmulator (56)
[2019.04.16-01.09.47:302][285]LogModuleManager: Shutting down and abandoning module MagicLeapPrivileges (54)
[2019.04.16-01.09.47:302][285]LogModuleManager: Shutting down and abandoning module MagicLeapIdentity (52)
[2019.04.16-01.09.47:302][285]LogModuleManager: Shutting down and abandoning module MagicLeapHelperVulkan (50)
[2019.04.16-01.09.47:302][285]LogModuleManager: Shutting down and abandoning module MagicLeapHelperOpenGL (48)
[2019.04.16-01.09.47:302][285]LogModuleManager: Shutting down and abandoning module MagicLeapSecureStorage (46)
[2019.04.16-01.09.47:302][285]LogModuleManager: Shutting down and abandoning module MagicLeapGestures (44)
[2019.04.16-01.09.47:302][285]LogModuleManager: Shutting down and abandoning module MagicLeapEyeTracker (42)
[2019.04.16-01.09.47:302][285]LogModuleManager: Shutting down and abandoning module MagicLeapController (40)
[2019.04.16-01.09.47:302][285]LogSlate: Slate User Destroyed.  User Index 0, Is Virtual User: 0
[2019.04.16-01.09.47:302][285]LogModuleManager: Shutting down and abandoning module MagicLeap (38)
[2019.04.16-01.09.47:302][285]LogModuleManager: Shutting down and abandoning module AnimationModifiers (36)
[2019.04.16-01.09.47:304][285]LogModuleManager: Shutting down and abandoning module PropertyEditor (35)
[2019.04.16-01.09.47:305][285]LogModuleManager: Shutting down and abandoning module AudioEditor (32)
[2019.04.16-01.09.47:306][285]LogModuleManager: Shutting down and abandoning module TextureCompressor (30)
[2019.04.16-01.09.47:307][285]LogModuleManager: Shutting down and abandoning module ShaderCore (28)
[2019.04.16-01.09.47:307][285]LogModuleManager: Shutting down and abandoning module Landscape (26)
[2019.04.16-01.09.47:307][285]LogModuleManager: Shutting down and abandoning module SlateRHIRenderer (24)
[2019.04.16-01.09.47:308][285]LogModuleManager: Shutting down and abandoning module OpenGLDrv (22)
[2019.04.16-01.09.47:308][285]LogModuleManager: Shutting down and abandoning module D3D11RHI (20)
[2019.04.16-01.09.47:308][285]LogModuleManager: Shutting down and abandoning module AnimGraphRuntime (18)
[2019.04.16-01.09.47:309][285]LogModuleManager: Shutting down and abandoning module Renderer (16)
[2019.04.16-01.09.47:309][285]LogModuleManager: Shutting down and abandoning module Engine (14)
[2019.04.16-01.09.47:309][285]LogModuleManager: Shutting down and abandoning module CoreUObject (12)
[2019.04.16-01.09.47:309][285]LogModuleManager: Shutting down and abandoning module NetworkFile (10)
[2019.04.16-01.09.47:309][285]LogModuleManager: Shutting down and abandoning module CookedIterativeFile (8)
[2019.04.16-01.09.47:309][285]LogModuleManager: Shutting down and abandoning module StreamingFile (6)
[2019.04.16-01.09.47:309][285]LogModuleManager: Shutting down and abandoning module SandboxFile (4)
[2019.04.16-01.09.47:309][285]LogModuleManager: Shutting down and abandoning module PakFile (2)
[2019.04.16-01.09.47:314][285]LogExit: Exiting.
[2019.04.16-01.09.47:322][285]Log file closed, 04/15/19 21:09:47
