Log file open, 02/18/19 02:07:59
LogWindows: Failed to load 'aqProf.dll' (GetLastError=126)
LogWindows: File 'aqProf.dll' does not exist
LogWindows: Failed to load 'VSPerf140.dll' (GetLastError=126)
LogWindows: File 'VSPerf140.dll' does not exist
LogWindows: Failed to load 'VtuneApi.dll' (GetLastError=126)
LogWindows: File 'VtuneApi.dll' does not exist
LogWindows: Failed to load 'VtuneApi32e.dll' (GetLastError=126)
LogWindows: File 'VtuneApi32e.dll' does not exist
LogInit: Display: Running engine for game: Dinochan_v001
LogPlatformFile: Not using cached read wrapper
LogTaskGraph: Started task graph with 5 named threads and 35 total threads with 3 sets of task threads.
LogStats: Stats thread started at 0.462006
LogD3D11RHI: Loaded GFSDK_Aftermath_Lib.x64.dll
LogICUInternationalization: Display: ICU TimeZone Detection - Raw Offset: -5:00, Platform Override: ''
LogPluginManager: Mounting plugin Paper2D
LogPluginManager: Mounting plugin AISupport
LogPluginManager: Mounting plugin LightPropagationVolume
LogPluginManager: Mounting plugin CLionSourceCodeAccess
LogPluginManager: Mounting plugin CodeLiteSourceCodeAccess
LogPluginManager: Mounting plugin GitSourceControl
LogPluginManager: Mounting plugin KDevelopSourceCodeAccess
LogPluginManager: Mounting plugin NullSourceCodeAccess
LogPluginManager: Mounting plugin PerforceSourceControl
LogPluginManager: Mounting plugin SubversionSourceControl
LogPluginManager: Mounting plugin UObjectPlugin
LogPluginManager: Mounting plugin VisualStudioCodeSourceCodeAccess
LogPluginManager: Mounting plugin VisualStudioSourceCodeAccess
LogPluginManager: Mounting plugin XCodeSourceCodeAccess
LogPluginManager: Mounting plugin AssetManagerEditor
LogPluginManager: Mounting plugin CryptoKeys
LogPluginManager: Mounting plugin DataValidation
LogPluginManager: Mounting plugin FacialAnimation
LogPluginManager: Mounting plugin GameplayTagsEditor
LogPluginManager: Mounting plugin MacGraphicsSwitching
LogPluginManager: Mounting plugin MeshEditor
LogPluginManager: Mounting plugin MobileLauncherProfileWizard
LogPluginManager: Mounting plugin PluginBrowser
LogPluginManager: Mounting plugin SpeedTreeImporter
LogPluginManager: Mounting plugin DatasmithContent
LogPluginManager: Mounting plugin AlembicImporter
LogPluginManager: Mounting plugin AppleImageUtils
LogPluginManager: Mounting plugin AppleVision
LogPluginManager: Mounting plugin BackChannel
LogPluginManager: Mounting plugin CharacterAI
LogPluginManager: Mounting plugin GeometryCache
LogPluginManager: Mounting plugin HTML5Networking
LogPluginManager: Mounting plugin ProxyLODPlugin
LogPluginManager: Mounting plugin MagicLeap
LogPluginManager: Mounting plugin MagicLeapEmulator
LogPluginManager: Mounting plugin MagicLeapMedia
LogPluginManager: Mounting plugin AndroidMedia
LogPluginManager: Mounting plugin AvfMedia
LogPluginManager: Mounting plugin ImgMedia
LogPluginManager: Mounting plugin LinearTimecode
LogPluginManager: Mounting plugin MediaCompositing
LogPluginManager: Mounting plugin MediaPlayerEditor
LogPluginManager: Mounting plugin WmfMedia
LogPluginManager: Mounting plugin TcpMessaging
LogPluginManager: Mounting plugin UdpMessaging
LogPluginManager: Mounting plugin ActorSequence
LogPluginManager: Mounting plugin LevelSequenceEditor
LogPluginManager: Mounting plugin MatineeToLevelSequence
LogPluginManager: Mounting plugin NetcodeUnitTest
LogPluginManager: Mounting plugin NUTUnrealEngine4
LogPluginManager: Mounting plugin OnlineSubsystemGooglePlay
LogPluginManager: Mounting plugin OnlineSubsystemIOS
LogPluginManager: Mounting plugin OnlineSubsystem
LogPluginManager: Mounting plugin OnlineSubsystemNull
LogPluginManager: Mounting plugin OnlineSubsystemUtils
LogPluginManager: Mounting plugin LauncherChunkInstaller
LogPluginManager: Mounting plugin AndroidDeviceProfileSelector
LogPluginManager: Mounting plugin AndroidMoviePlayer
LogPluginManager: Mounting plugin AndroidPermission
LogPluginManager: Mounting plugin AppleMoviePlayer
LogPluginManager: Mounting plugin ArchVisCharacter
LogPluginManager: Mounting plugin AudioCapture
LogPluginManager: Mounting plugin CableComponent
LogPluginManager: Mounting plugin CustomMeshComponent
LogPluginManager: Mounting plugin EditableMesh
LogPluginManager: Mounting plugin ExampleDeviceProfileSelector
LogPluginManager: Mounting plugin GoogleCloudMessaging
LogPluginManager: Mounting plugin ImmediatePhysics
LogPluginManager: Mounting plugin IOSDeviceProfileSelector
LogPluginManager: Mounting plugin LinuxDeviceProfileSelector
LogPluginManager: Mounting plugin LocationServicesBPLibrary
LogPluginManager: Mounting plugin MobilePatchingUtils
LogPluginManager: Mounting plugin OculusVR
LogPluginManager: Plugin shader directory ../../../Engine/Plugins/Runtime/Oculus/OculusVR/Shaders found
LogPluginManager: Mapping shader source directory ../../../Engine/Plugins/Runtime/Oculus/OculusVR/Shaders to virtual directory /Plugin/OculusVR
LogPluginManager: Mounting plugin PhysXVehicles
LogPluginManager: Mounting plugin ProceduralMeshComponent
LogPluginManager: Mounting plugin RuntimePhysXCooking
LogPluginManager: Mounting plugin SteamVR
LogPluginManager: Mounting plugin WindowsMoviePlayer
LogStreaming: Display: Took  0.272s to configure plugins.
LogInit: Using libcurl 7.55.1-DEV
LogInit:  - built for x86_64-pc-win32
LogInit:  - supports SSL with OpenSSL/1.0.2h
LogInit:  - supports HTTP deflate (compression) using libz 1.2.8
LogInit:  - other features:
LogInit:      CURL_VERSION_SSL
LogInit:      CURL_VERSION_LIBZ
LogInit:      CURL_VERSION_IPV6
LogInit:      CURL_VERSION_ASYNCHDNS
LogInit:      CURL_VERSION_LARGEFILE
LogInit:      CURL_VERSION_IDN
LogInit:  CurlRequestOptions (configurable via config and command line):
LogInit:  - bVerifyPeer = false  - Libcurl will NOT verify peer certificate
LogInit:  - bUseHttpProxy = false  - Libcurl will NOT use HTTP proxy
LogInit:  - bDontReuseConnections = false  - Libcurl will reuse connections
LogInit:  - CertBundlePath = nullptr  - Libcurl will use whatever was configured at build time.
LogInit:  - MaxHostConnections = 16  - Libcurl will limit the number of connections to a host
LogInit:  - LocalHostAddr = Default
LogInit:  - BufferSize = 65536
LogInit: WinSock: version 1.1 (2.2), MaxSocks=32767, MaxUdp=65467
LogInit: Build: ++UE4+Release-4.20-CL-4369336
LogInit: Engine Version: 4.20.3-4369336+++UE4+Release-4.20
LogInit: Compatible Engine Version: 4.20.0-4212847+++UE4+Release-4.20
LogInit: Net CL: 4212847
LogInit: OS: Windows 10 (), CPU: Intel(R) Core(TM) i7-6800K CPU @ 3.40GHz, GPU: NVIDIA GeForce GTX 1080
LogInit: Compiled (64-bit): Sep 17 2018 12:26:19
LogInit: Compiled with Visual C++: 19.13.26129.00
LogInit: Build Configuration: Development
LogInit: Branch Name: ++UE4+Release-4.20
LogInit: Command Line:  
LogInit: Base Directory: D:/UE_4.20/Engine/Binaries/Win64/
LogInit: Installed Engine Build: 1
LogDevObjectVersion: Number of dev versions registered: 20
LogDevObjectVersion:   Dev-Blueprints (B0D832E4-1F89-4F0D-ACCF-7EB736FD4AA2): 10
LogDevObjectVersion:   Dev-Build (E1C64328-A22C-4D53-A36C-8E866417BD8C): 0
LogDevObjectVersion:   Dev-Core (375EC13C-06E4-48FB-B500-84F0262A717E): 2
LogDevObjectVersion:   Dev-Editor (E4B068ED-F494-42E9-A231-DA0B2E46BB41): 24
LogDevObjectVersion:   Dev-Framework (CFFC743F-43B0-4480-9391-14DF171D2073): 34
LogDevObjectVersion:   Dev-Mobile (B02B49B5-BB20-44E9-A304-32B752E40360): 2
LogDevObjectVersion:   Dev-Networking (A4E4105C-59A1-49B5-A7C5-40C4547EDFEE): 0
LogDevObjectVersion:   Dev-Online (39C831C9-5AE6-47DC-9A44-9C173E1C8E7C): 0
LogDevObjectVersion:   Dev-Physics (78F01B33-EBEA-4F98-B9B4-84EACCB95AA2): 0
LogDevObjectVersion:   Dev-Platform (6631380F-2D4D-43E0-8009-CF276956A95A): 0
LogDevObjectVersion:   Dev-Rendering (12F88B9F-8875-4AFC-A67C-D90C383ABD29): 26
LogDevObjectVersion:   Dev-Sequencer (7B5AE74C-D270-4C10-A958-57980B212A5A): 9
LogDevObjectVersion:   Dev-VR (D7296918-1DD6-4BDD-9DE2-64A83CC13884): 2
LogDevObjectVersion:   Dev-LoadTimes (C2A15278-BFE7-4AFE-6C17-90FF531DF755): 1
LogDevObjectVersion:   Private-Geometry (6EACA3D4-40EC-4CC1-B786-8BED09428FC5): 3
LogDevObjectVersion:   Dev-AnimPhys (29E575DD-E0A3-4627-9D10-D276232CDCEA): 17
LogDevObjectVersion:   Dev-ReflectionCapture (6B266CEC-1EC7-4B8F-A30B-E4D90942FC07): 1
LogDevObjectVersion:   Dev-Automation (0DF73D61-A23F-47EA-B727-89E90C41499A): 1
LogDevObjectVersion:   FortniteMain (601D1886-AC64-4F84-AA16-D3DE0DEAC7D6): 12
LogDevObjectVersion:   Dev-Enterprise (9DFFBCD6-494F-0158-E221-12823C92A888): 1
LogStreaming: Display: Took  0.011s to delete old logs.
LogInit: Presizing for max 8388607 objects, including 0 objects not considered by GC, pre-allocating 0 bytes for permanent pool.
LogInit: Object subsystem initialized
[2019.02.18-07.08.00:520][  0]LogInit: Selected Device Profile: [Windows]
[2019.02.18-07.08.00:520][  0]LogInit: Applying CVar settings loaded from the selected device profile: [Windows]
[2019.02.18-07.08.00:537][  0]LogHAL: Display: Platform has ~ 32 GB [34266337280 / 34359738368 / 32], which maps to Largest [LargestMinGB=32, LargerMinGB=12, DefaultMinGB=8, SmallerMinGB=6, SmallestMinGB=0)
[2019.02.18-07.08.00:537][  0]LogInit: Setting Device Profile CVar: [[r.Vulkan.UseRealUBs:1]]
[2019.02.18-07.08.00:537][  0]LogInit: Going up to parent DeviceProfile []
[2019.02.18-07.08.00:538][  0]LogInit: Computer: DESKTOP-2KDI07U
[2019.02.18-07.08.00:538][  0]LogInit: User: Dominic
[2019.02.18-07.08.00:538][  0]LogInit: CPU Page size=4096, Cores=6
[2019.02.18-07.08.00:538][  0]LogInit: High frequency timer resolution =3.386955 MHz
[2019.02.18-07.08.00:538][  0]LogMemory: Memory total: Physical=31.9GB (32GB approx)
[2019.02.18-07.08.00:538][  0]LogMemory: Platform Memory Stats for Windows
[2019.02.18-07.08.00:538][  0]LogMemory: Process Physical Memory: 102.29 MB used, 102.29 MB peak
[2019.02.18-07.08.00:538][  0]LogMemory: Process Virtual Memory: 98.40 MB used, 98.40 MB peak
[2019.02.18-07.08.00:538][  0]LogMemory: Physical Memory: 13154.66 MB used,  19524.27 MB free, 32678.93 MB total
[2019.02.18-07.08.00:538][  0]LogMemory: Virtual Memory: 4669.48 MB used,  19524.27 MB free, 134217728.00 MB total
[2019.02.18-07.08.00:578][  0]LogInit: Using OS detected language (en-US).
[2019.02.18-07.08.00:578][  0]LogInit: Using OS detected locale (en-US).
[2019.02.18-07.08.00:580][  0]LogTextLocalizationManager: No specific localization for 'en-US' exists, so the 'en' localization will be used.
[2019.02.18-07.08.00:968][  0]LogStreaming: Display: Took  0.391s to InitEngineTextLocalization.
[2019.02.18-07.08.00:968][  0]LogInit: Setting process to per monitor DPI aware
[2019.02.18-07.08.01:010][  0]LogSlate: New Slate User Created.  User Index 0, Is Virtual User: 0
[2019.02.18-07.08.01:010][  0]LogSlate: Slate User Registered.  User Index 0, Is Virtual User: 0
[2019.02.18-07.08.01:316][  0]LogHMD: Failed to initialize OpenVR with code 126
[2019.02.18-07.08.01:316][  0]LogD3D11RHI: D3D11 adapters:
[2019.02.18-07.08.01:405][  0]LogD3D11RHI:    0. 'NVIDIA GeForce GTX 1080' (Feature Level 11_0)
[2019.02.18-07.08.01:405][  0]LogD3D11RHI:       8086/0/16339 MB DedicatedVideo/DedicatedSystem/SharedSystem, Outputs:2, VendorId:0x10de
[2019.02.18-07.08.01:408][  0]LogD3D11RHI:    1. 'Microsoft Basic Render Driver' (Feature Level 11_0)
[2019.02.18-07.08.01:408][  0]LogD3D11RHI:       0/0/16339 MB DedicatedVideo/DedicatedSystem/SharedSystem, Outputs:0, VendorId:0x1414
[2019.02.18-07.08.01:408][  0]LogD3D11RHI: Chosen D3D11 Adapter: 0
[2019.02.18-07.08.01:420][  0]LogD3D11RHI: Creating new Direct3DDevice
[2019.02.18-07.08.01:420][  0]LogD3D11RHI:     GPU DeviceId: 0x1b80 (for the marketing name, search the web for "GPU Device Id")
[2019.02.18-07.08.01:420][  0]LogWindows: EnumDisplayDevices:
[2019.02.18-07.08.01:421][  0]LogWindows:    0. 'NVIDIA GeForce GTX 1080' (P:0 D:1)
[2019.02.18-07.08.01:421][  0]LogWindows:    1. 'NVIDIA GeForce GTX 1080' (P:1 D:1)
[2019.02.18-07.08.01:422][  0]LogWindows:    2. 'NVIDIA GeForce GTX 1080' (P:0 D:0)
[2019.02.18-07.08.01:423][  0]LogWindows:    3. 'NVIDIA GeForce GTX 1080' (P:0 D:0)
[2019.02.18-07.08.01:424][  0]LogWindows: DebugString: FoundDriverCount:4 
[2019.02.18-07.08.01:424][  0]LogD3D11RHI:     Adapter Name: NVIDIA GeForce GTX 1080
[2019.02.18-07.08.01:424][  0]LogD3D11RHI:   Driver Version: 388.13 (internal:23.21.13.8813, unified:388.13)
[2019.02.18-07.08.01:424][  0]LogD3D11RHI:      Driver Date: 10-27-2017
[2019.02.18-07.08.01:424][  0]LogRHI: Texture pool is 5660 MB (70% of 8086 MB)
[2019.02.18-07.08.01:481][  0]LogD3D11RHI: Async texture creation enabled
[2019.02.18-07.08.01:495][  0]LogD3D11RHI: GPU Timing Frequency: 1000.000000 (Debug: 2 1)
[2019.02.18-07.08.01:530][  0]LogShaderCompilers: Guid format shader working directory is -9 characters bigger than the processId version (C:/Users/Dominic/Desktop/Dinochan/Dinochan_v001_UE4.20.3/Intermediate/Shaders/WorkingDirectory/13732/).
[2019.02.18-07.08.01:531][  0]LogShaderCompilers: Cleaned the shader compiler working directory 'C:/Users/Dominic/AppData/Local/Temp/UnrealShaderWorkingDir/89DBD9694EC35E1D44515E8807FF25F8/'.
[2019.02.18-07.08.02:340][  0]LogTemp: Display: Loaded TP AllDesktopTargetPlatform
[2019.02.18-07.08.02:356][  0]LogTemp: Display: Loaded TP MacClientTargetPlatform
[2019.02.18-07.08.02:371][  0]LogTemp: Display: Loaded TP MacNoEditorTargetPlatform
[2019.02.18-07.08.02:386][  0]LogTemp: Display: Loaded TP MacServerTargetPlatform
[2019.02.18-07.08.02:405][  0]LogTemp: Display: Loaded TP MacTargetPlatform
[2019.02.18-07.08.02:421][  0]LogTemp: Display: Loaded TP WindowsClientTargetPlatform
[2019.02.18-07.08.02:438][  0]LogTemp: Display: Loaded TP WindowsNoEditorTargetPlatform
[2019.02.18-07.08.02:457][  0]LogTemp: Display: Loaded TP WindowsServerTargetPlatform
[2019.02.18-07.08.02:469][  0]LogTemp: Display: Loaded TP WindowsTargetPlatform
[2019.02.18-07.08.02:578][  0]LogTemp: Display: Loaded TP AndroidTargetPlatform
[2019.02.18-07.08.02:578][  0]LogTemp: Display: Loaded TP AndroidTargetPlatform
[2019.02.18-07.08.02:578][  0]LogTemp: Display: Loaded TP AndroidTargetPlatform
[2019.02.18-07.08.02:578][  0]LogTemp: Display: Loaded TP AndroidTargetPlatform
[2019.02.18-07.08.02:578][  0]LogTemp: Display: Loaded TP AndroidTargetPlatform
[2019.02.18-07.08.02:578][  0]LogTemp: Display: Loaded TP AndroidTargetPlatform
[2019.02.18-07.08.02:578][  0]LogTemp: Display: Loaded TP AndroidTargetPlatform
[2019.02.18-07.08.02:578][  0]LogTemp: Display: Loaded TP AndroidTargetPlatform
[2019.02.18-07.08.02:578][  0]LogTemp: Display: Loaded TP AndroidTargetPlatform
[2019.02.18-07.08.02:578][  0]LogTemp: Display: Loaded TP AndroidTargetPlatform
[2019.02.18-07.08.02:578][  0]LogTemp: Display: Loaded TP AndroidTargetPlatform
[2019.02.18-07.08.02:578][  0]LogTemp: Display: Loaded TP AndroidTargetPlatform
[2019.02.18-07.08.02:579][  0]LogTemp: Display: Loaded TP AndroidTargetPlatform
[2019.02.18-07.08.02:579][  0]LogTemp: Display: Loaded TP AndroidTargetPlatform
[2019.02.18-07.08.02:579][  0]LogTemp: Display: Loaded TP AndroidTargetPlatform
[2019.02.18-07.08.02:579][  0]LogTemp: Display: Loaded TP AndroidTargetPlatform
[2019.02.18-07.08.02:579][  0]LogTemp: Display: Loaded TP AndroidTargetPlatform
[2019.02.18-07.08.02:579][  0]LogTemp: Display: Loaded TP AndroidTargetPlatform
[2019.02.18-07.08.02:582][  0]LogTemp: Display: Loaded TP HTML5TargetPlatform
[2019.02.18-07.08.02:650][  0]LogTemp: Display: Loaded TP IOSTargetPlatform
[2019.02.18-07.08.02:650][  0]LogTemp: Display: Loaded TP IOSTargetPlatform
[2019.02.18-07.08.02:680][  0]LogTemp: Display: Loaded TP TVOSTargetPlatform
[2019.02.18-07.08.02:680][  0]LogTemp: Display: Loaded TP TVOSTargetPlatform
[2019.02.18-07.08.02:696][  0]LogTemp: Display: Loaded TP LinuxClientTargetPlatform
[2019.02.18-07.08.02:712][  0]LogTemp: Display: Loaded TP LinuxNoEditorTargetPlatform
[2019.02.18-07.08.02:732][  0]LogTemp: Display: Loaded TP LinuxServerTargetPlatform
[2019.02.18-07.08.02:753][  0]LogTemp: Display: Loaded TP LinuxTargetPlatform
[2019.02.18-07.08.02:773][  0]LogTemp: Display: Loaded TP LuminTargetPlatform
[2019.02.18-07.08.02:773][  0]LogTargetPlatformManager: Display: Building Assets For Windows
[2019.02.18-07.08.02:905][  0]LogXGEController: Cleaning working directory: C:/Users/Dominic/AppData/Local/Temp/UnrealXGEWorkingDir/
[2019.02.18-07.08.02:905][  0]LogXGEController: Cannot use XGE Controller as Incredibuild is not installed on this machine.
[2019.02.18-07.08.02:905][  0]LogShaderCompilers: Cannot use XGE Shader Compiler as Incredibuild is not installed on this machine.
[2019.02.18-07.08.02:905][  0]LogShaderCompilers: Display: Using Local Shader Compiler.
[2019.02.18-07.08.03:750][  0]LogDerivedDataCache: Display: Max Cache Size: 512 MB
[2019.02.18-07.08.03:847][  0]LogDerivedDataCache: Loaded boot cache 0.10s 71MB C:/Users/Dominic/AppData/Local/UnrealEngine/4.20/DerivedDataCache/Boot.ddc.
[2019.02.18-07.08.03:847][  0]LogDerivedDataCache: Display: Loaded Boot cache: C:/Users/Dominic/AppData/Local/UnrealEngine/4.20/DerivedDataCache/Boot.ddc
[2019.02.18-07.08.03:847][  0]LogDerivedDataCache: FDerivedDataBackendGraph:  Pak pak cache file C:/Users/Dominic/Desktop/Dinochan/Dinochan_v001_UE4.20.3/DerivedDataCache/DDC.ddp not found, will not use a pak cache.
[2019.02.18-07.08.03:847][  0]LogDerivedDataCache: Unable to find inner node Pak for hierarchical cache Hierarchy.
[2019.02.18-07.08.03:848][  0]LogDerivedDataCache: FDerivedDataBackendGraph:  CompressedPak pak cache file C:/Users/Dominic/Desktop/Dinochan/Dinochan_v001_UE4.20.3/DerivedDataCache/Compressed.ddp not found, will not use a pak cache.
[2019.02.18-07.08.03:848][  0]LogDerivedDataCache: Unable to find inner node CompressedPak for hierarchical cache Hierarchy.
[2019.02.18-07.08.03:862][  0]LogDerivedDataCache: Display: Pak cache opened for reading ../../../Engine/DerivedDataCache/Compressed.ddp.
[2019.02.18-07.08.03:876][  0]LogDerivedDataCache: Using Local data cache path C:/Users/Dominic/AppData/Local/UnrealEngine/Common/DerivedDataCache: Writable
[2019.02.18-07.08.03:876][  0]LogDerivedDataCache: Shared data cache path not found in *engine.ini, will not use an Shared cache.
[2019.02.18-07.08.03:876][  0]LogDerivedDataCache: Unable to find inner node Shared for hierarchical cache Hierarchy.
[2019.02.18-07.08.03:895][  0]LogMaterial: Verifying Global Shaders for PCD3D_SM5
[2019.02.18-07.08.03:896][  0]LogSlate: Using FreeType 2.6.0
[2019.02.18-07.08.03:897][  0]LogSlate: SlateFontServices - WITH_FREETYPE: 1, WITH_HARFBUZZ: 1
[2019.02.18-07.08.04:005][  0]LogAssetRegistry: FAssetRegistry took 0.0260 seconds to start up
[2019.02.18-07.08.04:331][  0]LogInit: Selected Device Profile: [Windows]
[2019.02.18-07.08.04:475][  0]LogSimplygon: Simplygon DLL not present - disabling.
[2019.02.18-07.08.04:483][  0]LogMeshReduction: Using SimplygonSwarm for distributed automatic mesh merging
[2019.02.18-07.08.04:483][  0]LogMeshReduction: Using ProxyLODMeshReduction for automatic mesh merging
[2019.02.18-07.08.04:483][  0]LogMeshReduction: Using QuadricMeshReduction for automatic static mesh reduction
[2019.02.18-07.08.04:483][  0]LogMeshReduction: No automatic skeletal mesh reduction module available
[2019.02.18-07.08.04:500][  0]LogNetVersion: Dinochan_v001 1.0.0, NetCL: 4212847, EngineNetVer: 5, GameNetVer: 0 (Checksum: 2574802920)
[2019.02.18-07.08.05:158][  0]LogPackageLocalizationCache: Processed 11 localized package path(s) for 2 prioritized culture(s) in 0.248234 seconds
[2019.02.18-07.08.05:165][  0]LogUObjectArray: 38425 objects as part of root set at end of initial load.
[2019.02.18-07.08.05:165][  0]LogUObjectAllocator: 6690864 out of 0 bytes used by permanent object pool.
[2019.02.18-07.08.05:165][  0]LogUObjectArray: CloseDisregardForGC: 0/0 objects in disregard for GC pool
[2019.02.18-07.08.06:715][  0]LogTcpMessaging: Initializing TcpMessaging bridge
[2019.02.18-07.08.06:730][  0]LogUdpMessaging: Initializing bridge on interface 0.0.0.0:0 to multicast group 230.0.0.1:6666.
[2019.02.18-07.08.06:902][  0]SourceControl: Source control is disabled
[2019.02.18-07.08.06:902][  0]SourceControl: Source control is disabled
[2019.02.18-07.08.06:905][  0]SourceControl: Source control is disabled
[2019.02.18-07.08.06:907][  0]SourceControl: Source control is disabled
[2019.02.18-07.08.07:127][  0]LogAndroidPermission: UAndroidPermissionCallbackProxy::GetInstance
[2019.02.18-07.08.07:301][  0]LogOcInput: OculusInput pre-init called
[2019.02.18-07.08.07:371][  0]LogEngine: Initializing Engine...
[2019.02.18-07.08.07:408][  0]LogHMD: Failed to initialize OpenVR with code 126
[2019.02.18-07.08.07:409][  0]LogStats: UGameplayTagsManager::ConstructGameplayTagTree: ImportINI prefixes -  0.000 s
[2019.02.18-07.08.07:410][  0]LogStats: UGameplayTagsManager::ConstructGameplayTagTree: Construct from data asset -  0.000 s
[2019.02.18-07.08.07:410][  0]LogStats: UGameplayTagsManager::ConstructGameplayTagTree: ImportINI -  0.000 s
[2019.02.18-07.08.07:410][  0]LogStats: UGameplayTagsManager::ConstructGameplayTagTree: GameplayTagTreeChangedEvent.Broadcast -  0.000 s
[2019.02.18-07.08.07:621][  0]LogInit: Initializing FReadOnlyCVARCache
[2019.02.18-07.08.07:641][  0]LogAIModule: Creating AISystem for world Untitled
[2019.02.18-07.08.07:752][  0]LogInit: XAudio2 using 'Headphones (Realtek High Definition Audio)' : 2 channels at 48 kHz using 32 bits per sample (channel mask 0x3)
[2019.02.18-07.08.07:793][  0]LogInit: FAudioDevice initialized.
[2019.02.18-07.08.07:793][  0]LogNetVersion: Set ProjectVersion to 1.0.0.0. Version Checksum will be recalculated on next use.
[2019.02.18-07.08.07:883][  0]LogDerivedDataCache: Saved boot cache 0.09s 71MB C:/Users/Dominic/AppData/Local/UnrealEngine/4.20/DerivedDataCache/Boot.ddc.
[2019.02.18-07.08.07:933][  0]LogInit: Texture streaming: Enabled
[2019.02.18-07.08.07:965][  0]LogEngineSessionManager: EngineSessionManager initialized
[2019.02.18-07.08.07:988][  0]LogInit: Transaction tracking system initialized
[2019.02.18-07.08.08:028][  0]BlueprintLog: New page: Editor Load
[2019.02.18-07.08.08:169][  0]LocalizationService: Localization service is disabled
[2019.02.18-07.08.08:476][  0]LogCook: Display: Max memory allowance for cook 16384mb min free memory 0mb
[2019.02.18-07.08.08:476][  0]LogCook: Display: Mobile HDR setting 1
[2019.02.18-07.08.08:476][  0]LogGameplayTags: Display: UGameplayTagsManager::DoneAddingNativeTags. DelegateIsBound: 0
[2019.02.18-07.08.08:476][  0]LogStats: UGameplayTagsManager::ConstructGameplayTagTree: ImportINI prefixes -  0.000 s
[2019.02.18-07.08.08:476][  0]LogStats: UGameplayTagsManager::ConstructGameplayTagTree: Construct from data asset -  0.000 s
[2019.02.18-07.08.08:476][  0]LogStats: UGameplayTagsManager::ConstructGameplayTagTree: ImportINI -  0.000 s
[2019.02.18-07.08.08:476][  0]LogStats: UGameplayTagsManager::ConstructGameplayTagTree: GameplayTagTreeChangedEvent.Broadcast -  0.000 s
[2019.02.18-07.08.08:561][  0]LogFileCache: Scanning file cache for directory 'C:/Users/Dominic/Desktop/Dinochan/Dinochan_v001_UE4.20.3/Content/' took 0.04s
[2019.02.18-07.08.08:561][  0]LogLinker: Warning: Can't find file '/Engine/BasicShapes/Cube'
[2019.02.18-07.08.08:561][  0]LogLinker: Warning: Can't find file '/Engine/BasicShapes/Cube'
[2019.02.18-07.08.08:561][  0]LogUObjectGlobals: Warning: Failed to find object 'StaticMesh /Engine/BasicShapes/Cube.Cube'
[2019.02.18-07.08.08:665][  0]SourceControl: Source control is disabled
[2019.02.18-07.08.08:665][  0]Cmd: MAP LOAD FILE="C:/Users/Dominic/Desktop/Dinochan/Dinochan_v001_UE4.20.3/Content/_Maps/Modelled_Greybox.umap" TEMPLATE=0 SHOWPROGRESS=1 FEATURELEVEL=3
[2019.02.18-07.08.08:665][  0]LightingResults: New page: Lighting Build
[2019.02.18-07.08.08:670][  0]MapCheck: New page: Map Check
[2019.02.18-07.08.08:670][  0]LightingResults: New page: Lighting Build
[2019.02.18-07.08.09:284][  0]LogAIModule: Creating AISystem for world Modelled_Greybox
[2019.02.18-07.08.09:297][  0]LogEditorServer: Finished looking for orphan Actors (0.000 secs)
[2019.02.18-07.08.09:322][  0]Cmd: MAP CHECKDEP NOCLEARLOG
[2019.02.18-07.08.09:430][  0]MapCheck: Map check complete: 0 Error(s), 0 Warning(s), took 107.647ms to complete.
[2019.02.18-07.08.09:430][  0]LogFileHelpers: Loading map 'Modelled_Greybox' took 0.766
[2019.02.18-07.08.09:556][  0]LogSlate: Updating window title bar state: overlay mode, drag disabled, window buttons hidden, title bar hidden
[2019.02.18-07.08.09:564][  0]LogSlate: Updating window title bar state: overlay mode, drag disabled, window buttons hidden, title bar hidden
[2019.02.18-07.08.09:573][  0]LogSlate: Updating window title bar state: overlay mode, drag disabled, window buttons hidden, title bar hidden
[2019.02.18-07.08.09:580][  0]LogSlate: Updating window title bar state: overlay mode, drag disabled, window buttons hidden, title bar hidden
[2019.02.18-07.08.09:591][  0]LogCollectionManager: Loaded 0 collections in 0.003579 seconds
[2019.02.18-07.08.09:640][  0]LogFileCache: Scanning file cache for directory 'C:/Users/Dominic/Desktop/Dinochan/Dinochan_v001_UE4.20.3/Saved/Collections/' took 0.01s
[2019.02.18-07.08.09:640][  0]LogFileCache: Scanning file cache for directory 'C:/Users/Dominic/Desktop/Dinochan/Dinochan_v001_UE4.20.3/Content/Developers/Dominic/Collections/' took 0.01s
[2019.02.18-07.08.09:640][  0]LogFileCache: Scanning file cache for directory 'C:/Users/Dominic/Desktop/Dinochan/Dinochan_v001_UE4.20.3/Content/Collections/' took 0.01s
[2019.02.18-07.08.09:640][  0]LogCollectionManager: Rebuilt the GUID cache for 0 collections in 0.000000 seconds
[2019.02.18-07.08.09:649][  0]LogContentBrowser: Native class hierarchy populated in 0.0086 seconds. Added 2572 classes and 603 folders.
[2019.02.18-07.08.09:659][  0]LogContentBrowser: Native class hierarchy updated for 'WidgetCarousel' in 0.0003 seconds. Added 0 classes and 0 folders.
[2019.02.18-07.08.09:772][  0]LogContentBrowser: Native class hierarchy updated for 'AddContentDialog' in 0.0003 seconds. Added 0 classes and 0 folders.
[2019.02.18-07.08.09:778][  0]LogContentBrowser: Native class hierarchy updated for 'SceneOutliner' in 0.0002 seconds. Added 1 classes and 2 folders.
[2019.02.18-07.08.09:855][  0]LogSlate: Took 0.000221 seconds to synchronously load lazily loaded font '../../../Engine/Content/Slate/Fonts/Roboto-Regular.ttf' (155K)
[2019.02.18-07.08.09:857][  0]LogSlate: Took 0.000223 seconds to synchronously load lazily loaded font '../../../Engine/Content/Slate/Fonts/Roboto-Bold.ttf' (160K)
[2019.02.18-07.08.09:862][  0]LogSlate: Took 0.000270 seconds to synchronously load lazily loaded font '../../../Engine/Content/Editor/Slate/Fonts/FontAwesome.ttf' (139K)
[2019.02.18-07.08.09:916][  0]LogRenderer: Reallocating scene render targets to support 1152x576 Format 10 NumSamples 1 (Frame:1).
[2019.02.18-07.08.10:020][  0]LogContentBrowser: Native class hierarchy updated for 'HierarchicalLODOutliner' in 0.0003 seconds. Added 0 classes and 0 folders.
[2019.02.18-07.08.10:020][  0]LogLoad: (Engine Initialization) Total time: 13.62 seconds
[2019.02.18-07.08.10:020][  0]LogLoad: (Engine Initialization) Total Blueprint compile time: 0.00 seconds
[2019.02.18-07.08.10:072][  0]LogContentStreaming: Texture pool size now 1000 MB
[2019.02.18-07.08.10:097][  0]LogSlate: Took 0.000316 seconds to synchronously load lazily loaded font '../../../Engine/Content/Slate/Fonts/Roboto-Light.ttf' (167K)
[2019.02.18-07.08.10:143][  1]LogAssetRegistry: Asset discovery search completed in 6.1612 seconds
[2019.02.18-07.08.10:145][  1]LogCollectionManager: Rebuilt the object cache for 0 collections in 0.000001 seconds (found 0 objects)
[2019.02.18-07.08.10:145][  1]LogCollectionManager: Fixed up redirectors for 0 collections in 0.000049 seconds (updated 0 objects)
[2019.02.18-07.08.15:450][ 17]LogFileCache: Retrieving MD5 hashes for directory 'C:/Users/Dominic/Desktop/Dinochan/Dinochan_v001_UE4.20.3/Content/' took 5.40s
[2019.02.18-07.08.19:116][ 28]LogSlate: FSceneViewport::OnFocusLost() reason 0
[2019.02.18-07.08.26:127][848]LogSlate: Window 'Sequencer' being destroyed
[2019.02.18-07.08.26:130][848]LogSlate: Window 'Sequencer' being destroyed
[2019.02.18-07.08.34:932][900]LogSlate: Took 0.000259 seconds to synchronously load lazily loaded font '../../../Engine/Content/Slate/Fonts/Roboto-Light.ttf' (167K)
[2019.02.18-07.08.35:069][900]LogAIModule: Creating AISystem for world Dom_Modelled_Greybox1
[2019.02.18-07.08.35:084][900]LogAssetEditorManager: Opening Asset editor for World /Game/_Maps/DomLevel/Dom_Modelled_Greybox1.Dom_Modelled_Greybox1
[2019.02.18-07.08.35:111][900]Cmd: MAP LOAD FILE="C:/Users/Dominic/Desktop/Dinochan/Dinochan_v001_UE4.20.3/Content/_Maps/DomLevel/Dom_Modelled_Greybox1.umap" TEMPLATE=0 SHOWPROGRESS=1 FEATURELEVEL=3
[2019.02.18-07.08.35:111][900]LightingResults: New page: Lighting Build
[2019.02.18-07.08.35:111][900]LoadErrors: New page: Loading map: Dom_Modelled_Greybox1.umap
[2019.02.18-07.08.35:112][900]MapCheck: New page: Map Check
[2019.02.18-07.08.35:112][900]LightingResults: New page: Lighting Build
[2019.02.18-07.08.35:143][900]LogEditorServer: Finished looking for orphan Actors (0.000 secs)
[2019.02.18-07.08.35:204][900]Cmd: MAP CHECKDEP NOCLEARLOG
[2019.02.18-07.08.35:319][900]MapCheck: Map check complete: 0 Error(s), 0 Warning(s), took 114.655ms to complete.
[2019.02.18-07.08.35:320][900]LogFileHelpers: Loading map 'Dom_Modelled_Greybox1' took 0.210
[2019.02.18-07.08.38:432][258]LogEditorViewport: Clicking on Actor (LMB): LevelSequenceActor (Scene4)
[2019.02.18-07.08.42:359][705]LogSlate: FSceneViewport::OnFocusLost() reason 0
[2019.02.18-07.08.42:460][713]LogAssetEditorManager: Opening Asset editor for LevelSequence /Game/Sequuences/Scene4.Scene4
[2019.02.18-07.08.57:811][474]LogSlate: Took 0.000265 seconds to synchronously load lazily loaded font '../../../Engine/Content/Slate/Fonts/Roboto-Italic.ttf' (157K)
[2019.02.18-07.09.35:867][768]Cmd: OBJ SAVEPACKAGE PACKAGE="/Game/Sequences/AllSequences" FILE="C:/Users/Dominic/Desktop/Dinochan/Dinochan_v001_UE4.20.3/Content/Sequences/AllSequences.uasset" SILENT=true
[2019.02.18-07.09.35:884][768]LogSavePackage: Moving 'C:/Users/Dominic/Desktop/Dinochan/Dinochan_v001_UE4.20.3/Saved/AllSequencesF83A62974C648E01903D7F9796C27BB7.tmp' to 'C:/Users/Dominic/Desktop/Dinochan/Dinochan_v001_UE4.20.3/Content/Sequences/AllSequences.uasset'
[2019.02.18-07.09.35:910][768]Cmd: OBJ SAVEPACKAGE PACKAGE="/Game/Sequuences/AllSequences" FILE="C:/Users/Dominic/Desktop/Dinochan/Dinochan_v001_UE4.20.3/Content/Sequuences/AllSequences.uasset" SILENT=true
[2019.02.18-07.09.35:982][768]LogSavePackage: Moving 'C:/Users/Dominic/Desktop/Dinochan/Dinochan_v001_UE4.20.3/Saved/AllSequences25CE312849E0A1BFAAFAEFA8A138744E.tmp' to 'C:/Users/Dominic/Desktop/Dinochan/Dinochan_v001_UE4.20.3/Content/Sequuences/AllSequences.uasset'
[2019.02.18-07.09.35:996][768]Cmd: OBJ SAVEPACKAGE PACKAGE="/Game/Sequences/Scene1" FILE="C:/Users/Dominic/Desktop/Dinochan/Dinochan_v001_UE4.20.3/Content/Sequences/Scene1.uasset" SILENT=true
[2019.02.18-07.09.36:030][768]LogSavePackage: Moving 'C:/Users/Dominic/Desktop/Dinochan/Dinochan_v001_UE4.20.3/Saved/Scene1D6CD4FA84FE09731DDD3EA8D00C00D2B.tmp' to 'C:/Users/Dominic/Desktop/Dinochan/Dinochan_v001_UE4.20.3/Content/Sequences/Scene1.uasset'
[2019.02.18-07.09.36:043][768]Cmd: OBJ SAVEPACKAGE PACKAGE="/Game/Sequuences/Scene1" FILE="C:/Users/Dominic/Desktop/Dinochan/Dinochan_v001_UE4.20.3/Content/Sequuences/Scene1.uasset" SILENT=true
[2019.02.18-07.09.36:115][768]LogSavePackage: Moving 'C:/Users/Dominic/Desktop/Dinochan/Dinochan_v001_UE4.20.3/Saved/Scene118E1F4AD4DBE7578D05557A3D97B0E65.tmp' to 'C:/Users/Dominic/Desktop/Dinochan/Dinochan_v001_UE4.20.3/Content/Sequuences/Scene1.uasset'
[2019.02.18-07.09.36:132][768]Cmd: OBJ SAVEPACKAGE PACKAGE="/Game/Sequences/Scene2" FILE="C:/Users/Dominic/Desktop/Dinochan/Dinochan_v001_UE4.20.3/Content/Sequences/Scene2.uasset" SILENT=true
[2019.02.18-07.09.36:170][768]LogSavePackage: Moving 'C:/Users/Dominic/Desktop/Dinochan/Dinochan_v001_UE4.20.3/Saved/Scene2FBCAE5CC4D007F68B86702BB6EAA86F4.tmp' to 'C:/Users/Dominic/Desktop/Dinochan/Dinochan_v001_UE4.20.3/Content/Sequences/Scene2.uasset'
[2019.02.18-07.09.36:182][768]Cmd: OBJ SAVEPACKAGE PACKAGE="/Game/Sequuences/Scene2" FILE="C:/Users/Dominic/Desktop/Dinochan/Dinochan_v001_UE4.20.3/Content/Sequuences/Scene2.uasset" SILENT=true
[2019.02.18-07.09.36:254][768]LogSavePackage: Moving 'C:/Users/Dominic/Desktop/Dinochan/Dinochan_v001_UE4.20.3/Saved/Scene24BFC04FD43430A9FDA87088D82FAFE39.tmp' to 'C:/Users/Dominic/Desktop/Dinochan/Dinochan_v001_UE4.20.3/Content/Sequuences/Scene2.uasset'
[2019.02.18-07.09.36:268][768]Cmd: OBJ SAVEPACKAGE PACKAGE="/Game/Sequences/Scene3" FILE="C:/Users/Dominic/Desktop/Dinochan/Dinochan_v001_UE4.20.3/Content/Sequences/Scene3.uasset" SILENT=true
[2019.02.18-07.09.36:308][768]LogSavePackage: Moving 'C:/Users/Dominic/Desktop/Dinochan/Dinochan_v001_UE4.20.3/Saved/Scene3AA1554974993E16A73AAD8A5F24086CB.tmp' to 'C:/Users/Dominic/Desktop/Dinochan/Dinochan_v001_UE4.20.3/Content/Sequences/Scene3.uasset'
[2019.02.18-07.09.36:321][768]Cmd: OBJ SAVEPACKAGE PACKAGE="/Game/Sequuences/Scene3" FILE="C:/Users/Dominic/Desktop/Dinochan/Dinochan_v001_UE4.20.3/Content/Sequuences/Scene3.uasset" SILENT=true
[2019.02.18-07.09.36:393][768]LogSavePackage: Moving 'C:/Users/Dominic/Desktop/Dinochan/Dinochan_v001_UE4.20.3/Saved/Scene38002046F4E7939DA5ADE7392A216397F.tmp' to 'C:/Users/Dominic/Desktop/Dinochan/Dinochan_v001_UE4.20.3/Content/Sequuences/Scene3.uasset'
[2019.02.18-07.09.36:406][768]Cmd: OBJ SAVEPACKAGE PACKAGE="/Game/Sequences/Scene4" FILE="C:/Users/Dominic/Desktop/Dinochan/Dinochan_v001_UE4.20.3/Content/Sequences/Scene4.uasset" SILENT=true
[2019.02.18-07.09.36:475][768]LogSavePackage: Moving 'C:/Users/Dominic/Desktop/Dinochan/Dinochan_v001_UE4.20.3/Saved/Scene412F1554149671F64C6D7DA962787B7A7.tmp' to 'C:/Users/Dominic/Desktop/Dinochan/Dinochan_v001_UE4.20.3/Content/Sequences/Scene4.uasset'
[2019.02.18-07.09.36:487][768]Cmd: OBJ SAVEPACKAGE PACKAGE="/Game/Sequuences/Scene4" FILE="C:/Users/Dominic/Desktop/Dinochan/Dinochan_v001_UE4.20.3/Content/Sequuences/Scene4.uasset" SILENT=true
[2019.02.18-07.09.36:558][768]LogSavePackage: Moving 'C:/Users/Dominic/Desktop/Dinochan/Dinochan_v001_UE4.20.3/Saved/Scene418D17A6442B17317AE306CB9B06ABFAC.tmp' to 'C:/Users/Dominic/Desktop/Dinochan/Dinochan_v001_UE4.20.3/Content/Sequuences/Scene4.uasset'
[2019.02.18-07.09.36:572][768]Cmd: OBJ SAVEPACKAGE PACKAGE="/Game/Sequences/Scene5" FILE="C:/Users/Dominic/Desktop/Dinochan/Dinochan_v001_UE4.20.3/Content/Sequences/Scene5.uasset" SILENT=true
[2019.02.18-07.09.36:590][768]LogSavePackage: Moving 'C:/Users/Dominic/Desktop/Dinochan/Dinochan_v001_UE4.20.3/Saved/Scene5D5A4D45047405DDBC6654C96BCA7D40F.tmp' to 'C:/Users/Dominic/Desktop/Dinochan/Dinochan_v001_UE4.20.3/Content/Sequences/Scene5.uasset'
[2019.02.18-07.09.36:602][768]Cmd: OBJ SAVEPACKAGE PACKAGE="/Game/Sequuences/Scene5" FILE="C:/Users/Dominic/Desktop/Dinochan/Dinochan_v001_UE4.20.3/Content/Sequuences/Scene5.uasset" SILENT=true
[2019.02.18-07.09.36:672][768]LogSavePackage: Moving 'C:/Users/Dominic/Desktop/Dinochan/Dinochan_v001_UE4.20.3/Saved/Scene5E470AACF44FC6510B594069A254C1FFF.tmp' to 'C:/Users/Dominic/Desktop/Dinochan/Dinochan_v001_UE4.20.3/Content/Sequuences/Scene5.uasset'
[2019.02.18-07.09.46:727][399]LogSlate: Window 'Delete Assets' being destroyed
[2019.02.18-07.09.53:351][ 27]LogAssetEditorManager: Opening Asset editor for LevelSequence /Game/Sequences/Scene4.Scene4
[2019.02.18-07.10.13:812][247]LogAssetEditorManager: Opening Asset editor for LevelSequence /Game/Sequences/Scene4_impl.Scene4_impl
[2019.02.18-07.10.21:135][955]Cmd: OBJ SAVEPACKAGE PACKAGE="/Game/Sequences/Scene4_impl" FILE="C:/Users/Dominic/Desktop/Dinochan/Dinochan_v001_UE4.20.3/Content/Sequences/Scene4_impl.uasset" SILENT=true
[2019.02.18-07.10.21:218][955]LogSavePackage: Moving 'C:/Users/Dominic/Desktop/Dinochan/Dinochan_v001_UE4.20.3/Saved/Scene4_implF50F86C74EC30E87FF27F38A8CA067A7.tmp' to 'C:/Users/Dominic/Desktop/Dinochan/Dinochan_v001_UE4.20.3/Content/Sequences/Scene4_impl.uasset'
[2019.02.18-07.10.38:884][596]Cmd: OBJ SAVEPACKAGE PACKAGE="/Game/Sequences/Scene4_impl" FILE="C:/Users/Dominic/Desktop/Dinochan/Dinochan_v001_UE4.20.3/Content/Sequences/Scene4_impl.uasset" SILENT=true
[2019.02.18-07.10.39:022][596]LogSavePackage: Moving 'C:/Users/Dominic/Desktop/Dinochan/Dinochan_v001_UE4.20.3/Saved/Scene4_implC3DFF96049AC7964CB7E84AD0662EB9A.tmp' to 'C:/Users/Dominic/Desktop/Dinochan/Dinochan_v001_UE4.20.3/Content/Sequences/Scene4_impl.uasset'
[2019.02.18-07.11.02:959][893]Cmd: OBJ SAVEPACKAGE PACKAGE="/Game/Sequences/Scene4_impl" FILE="C:/Users/Dominic/Desktop/Dinochan/Dinochan_v001_UE4.20.3/Content/Sequences/Scene4_impl.uasset" SILENT=true
[2019.02.18-07.11.03:097][893]LogSavePackage: Moving 'C:/Users/Dominic/Desktop/Dinochan/Dinochan_v001_UE4.20.3/Saved/Scene4_impl8AD2715E4AE8526AEEA7069F02372ED4.tmp' to 'C:/Users/Dominic/Desktop/Dinochan/Dinochan_v001_UE4.20.3/Content/Sequences/Scene4_impl.uasset'
[2019.02.18-07.11.07:820][169]LogWindows: Error: === Critical error: ===
[2019.02.18-07.11.07:820][169]LogWindows: Error: 
[2019.02.18-07.11.07:820][169]LogWindows: Error: Fatal error!
[2019.02.18-07.11.07:820][169]LogWindows: Error: 
[2019.02.18-07.11.07:820][169]LogWindows: Error: Unhandled Exception: EXCEPTION_ACCESS_VIOLATION reading address 0x00000040
[2019.02.18-07.11.07:820][169]LogWindows: Error: 
[2019.02.18-07.11.07:820][169]LogWindows: Error: [Callstack] 0x00007ff92220dff3 UE4Editor-UnrealEd.dll!UnknownFunction []
[2019.02.18-07.11.07:820][169]LogWindows: Error: [Callstack] 0x00007ff92220be40 UE4Editor-UnrealEd.dll!UnknownFunction []
[2019.02.18-07.11.07:820][169]LogWindows: Error: [Callstack] 0x00007ff9198071fd UE4Editor-Renderer.dll!UnknownFunction []
[2019.02.18-07.11.07:820][169]LogWindows: Error: [Callstack] 0x00007ff9193248f5 UE4Editor-Renderer.dll!UnknownFunction []
[2019.02.18-07.11.07:820][169]LogWindows: Error: [Callstack] 0x00007ff919836249 UE4Editor-Renderer.dll!UnknownFunction []
[2019.02.18-07.11.07:820][169]LogWindows: Error: [Callstack] 0x00007ff9198292d1 UE4Editor-Renderer.dll!UnknownFunction []
[2019.02.18-07.11.07:820][169]LogWindows: Error: [Callstack] 0x00007ff921e02319 UE4Editor-UnrealEd.dll!UnknownFunction []
[2019.02.18-07.11.07:820][169]LogWindows: Error: [Callstack] 0x00007ff91b2ba3ca UE4Editor-Engine.dll!UnknownFunction []
[2019.02.18-07.11.07:820][169]LogWindows: Error: [Callstack] 0x00007ff921d4a88a UE4Editor-UnrealEd.dll!UnknownFunction []
[2019.02.18-07.11.07:820][169]LogWindows: Error: [Callstack] 0x00007ff921d478ea UE4Editor-UnrealEd.dll!UnknownFunction []
[2019.02.18-07.11.07:820][169]LogWindows: Error: [Callstack] 0x00007ff92263f666 UE4Editor-UnrealEd.dll!UnknownFunction []
[2019.02.18-07.11.07:820][169]LogWindows: Error: [Callstack] 0x00007ff6a4995cbd UE4Editor.exe!UnknownFunction []
[2019.02.18-07.11.07:820][169]LogWindows: Error: [Callstack] 0x00007ff6a49a5b3c UE4Editor.exe!UnknownFunction []
[2019.02.18-07.11.07:820][169]LogWindows: Error: [Callstack] 0x00007ff6a49a5bba UE4Editor.exe!UnknownFunction []
[2019.02.18-07.11.07:820][169]LogWindows: Error: [Callstack] 0x00007ff6a49b3dac UE4Editor.exe!UnknownFunction []
[2019.02.18-07.11.07:820][169]LogWindows: Error: [Callstack] 0x00007ff6a49b5aaa UE4Editor.exe!UnknownFunction []
[2019.02.18-07.11.07:820][169]LogWindows: Error: [Callstack] 0x00007ff986c23034 KERNEL32.DLL!UnknownFunction []
[2019.02.18-07.11.07:820][169]LogWindows: Error: [Callstack] 0x00007ff9876f3691 ntdll.dll!UnknownFunction []
[2019.02.18-07.11.07:820][169]LogWindows: Error: 
[2019.02.18-07.11.07:838][169]LogExit: Executing StaticShutdownAfterError
[2019.02.18-07.11.07:841][169]LogWindows: FPlatformMisc::RequestExit(1)
[2019.02.18-07.11.07:851][169]Log file closed, 02/18/19 02:11:07
