Log file open, 05/02/19 15:04:33
LogWindows: Failed to load 'aqProf.dll' (GetLastError=126)
LogWindows: File 'aqProf.dll' does not exist
LogWindows: Failed to load 'VSPerf140.dll' (GetLastError=126)
LogWindows: File 'VSPerf140.dll' does not exist
LogWindows: Failed to load 'VtuneApi.dll' (GetLastError=126)
LogWindows: File 'VtuneApi.dll' does not exist
LogWindows: Failed to load 'VtuneApi32e.dll' (GetLastError=126)
LogWindows: File 'VtuneApi32e.dll' does not exist
LogInit: Display: Running engine for game: Dinochan_v001
LogPlatformFile: Not using cached read wrapper
LogTaskGraph: Started task graph with 5 named threads and 47 total threads with 3 sets of task threads.
LogStats: Stats thread started at 0.617981
LogD3D11RHI: Loaded GFSDK_Aftermath_Lib.x64.dll
LogICUInternationalization: Display: ICU TimeZone Detection - Raw Offset: -5:00, Platform Override: ''
LogPluginManager: Mounting plugin Paper2D
LogPluginManager: Mounting plugin AISupport
LogPluginManager: Mounting plugin LightPropagationVolume
LogPluginManager: Mounting plugin CLionSourceCodeAccess
LogPluginManager: Mounting plugin CodeLiteSourceCodeAccess
LogPluginManager: Mounting plugin GitSourceControl
LogPluginManager: Mounting plugin KDevelopSourceCodeAccess
LogPluginManager: Mounting plugin NullSourceCodeAccess
LogPluginManager: Mounting plugin PerforceSourceControl
LogPluginManager: Mounting plugin SubversionSourceControl
LogPluginManager: Mounting plugin UObjectPlugin
LogPluginManager: Mounting plugin VisualStudioCodeSourceCodeAccess
LogPluginManager: Mounting plugin VisualStudioSourceCodeAccess
LogPluginManager: Mounting plugin XCodeSourceCodeAccess
LogPluginManager: Mounting plugin AssetManagerEditor
LogPluginManager: Mounting plugin CryptoKeys
LogPluginManager: Mounting plugin DataValidation
LogPluginManager: Mounting plugin FacialAnimation
LogPluginManager: Mounting plugin GameplayTagsEditor
LogPluginManager: Mounting plugin MacGraphicsSwitching
LogPluginManager: Mounting plugin MeshEditor
LogPluginManager: Mounting plugin MobileLauncherProfileWizard
LogPluginManager: Mounting plugin PluginBrowser
LogPluginManager: Mounting plugin SpeedTreeImporter
LogPluginManager: Mounting plugin DatasmithContent
LogPluginManager: Mounting plugin AlembicImporter
LogPluginManager: Mounting plugin AppleImageUtils
LogPluginManager: Mounting plugin AppleVision
LogPluginManager: Mounting plugin BackChannel
LogPluginManager: Mounting plugin CharacterAI
LogPluginManager: Mounting plugin GeometryCache
LogPluginManager: Mounting plugin HTML5Networking
LogPluginManager: Mounting plugin ProxyLODPlugin
LogPluginManager: Mounting plugin MagicLeap
LogPluginManager: Mounting plugin MagicLeapEmulator
LogPluginManager: Mounting plugin MagicLeapMedia
LogPluginManager: Mounting plugin AndroidMedia
LogPluginManager: Mounting plugin AvfMedia
LogPluginManager: Mounting plugin ImgMedia
LogPluginManager: Mounting plugin LinearTimecode
LogPluginManager: Mounting plugin MediaCompositing
LogPluginManager: Mounting plugin MediaPlayerEditor
LogPluginManager: Mounting plugin WmfMedia
LogPluginManager: Mounting plugin TcpMessaging
LogPluginManager: Mounting plugin UdpMessaging
LogPluginManager: Mounting plugin ActorSequence
LogPluginManager: Mounting plugin LevelSequenceEditor
LogPluginManager: Mounting plugin MatineeToLevelSequence
LogPluginManager: Mounting plugin NetcodeUnitTest
LogPluginManager: Mounting plugin NUTUnrealEngine4
LogPluginManager: Mounting plugin OnlineSubsystemGooglePlay
LogPluginManager: Mounting plugin OnlineSubsystemIOS
LogPluginManager: Mounting plugin OnlineSubsystem
LogPluginManager: Mounting plugin OnlineSubsystemNull
LogPluginManager: Mounting plugin OnlineSubsystemUtils
LogPluginManager: Mounting plugin LauncherChunkInstaller
LogPluginManager: Mounting plugin AndroidDeviceProfileSelector
LogPluginManager: Mounting plugin AndroidMoviePlayer
LogPluginManager: Mounting plugin AndroidPermission
LogPluginManager: Mounting plugin AppleMoviePlayer
LogPluginManager: Mounting plugin ArchVisCharacter
LogPluginManager: Mounting plugin AudioCapture
LogPluginManager: Mounting plugin CableComponent
LogPluginManager: Mounting plugin CustomMeshComponent
LogPluginManager: Mounting plugin EditableMesh
LogPluginManager: Mounting plugin ExampleDeviceProfileSelector
LogPluginManager: Mounting plugin GoogleCloudMessaging
LogPluginManager: Mounting plugin ImmediatePhysics
LogPluginManager: Mounting plugin IOSDeviceProfileSelector
LogPluginManager: Mounting plugin LinuxDeviceProfileSelector
LogPluginManager: Mounting plugin LocationServicesBPLibrary
LogPluginManager: Mounting plugin MobilePatchingUtils
LogPluginManager: Mounting plugin OculusVR
LogPluginManager: Plugin shader directory ../../../Engine/Plugins/Runtime/Oculus/OculusVR/Shaders found
LogPluginManager: Mapping shader source directory ../../../Engine/Plugins/Runtime/Oculus/OculusVR/Shaders to virtual directory /Plugin/OculusVR
LogPluginManager: Mounting plugin PhysXVehicles
LogPluginManager: Mounting plugin ProceduralMeshComponent
LogPluginManager: Mounting plugin RuntimePhysXCooking
LogPluginManager: Mounting plugin SteamVR
LogPluginManager: Mounting plugin WindowsMoviePlayer
LogStreaming: Display: Took  0.094s to configure plugins.
LogInit: Using libcurl 7.55.1-DEV
LogInit:  - built for x86_64-pc-win32
LogInit:  - supports SSL with OpenSSL/1.0.2h
LogInit:  - supports HTTP deflate (compression) using libz 1.2.8
LogInit:  - other features:
LogInit:      CURL_VERSION_SSL
LogInit:      CURL_VERSION_LIBZ
LogInit:      CURL_VERSION_IPV6
LogInit:      CURL_VERSION_ASYNCHDNS
LogInit:      CURL_VERSION_LARGEFILE
LogInit:      CURL_VERSION_IDN
LogInit:  CurlRequestOptions (configurable via config and command line):
LogInit:  - bVerifyPeer = false  - Libcurl will NOT verify peer certificate
LogInit:  - bUseHttpProxy = false  - Libcurl will NOT use HTTP proxy
LogInit:  - bDontReuseConnections = false  - Libcurl will reuse connections
LogInit:  - CertBundlePath = nullptr  - Libcurl will use whatever was configured at build time.
LogInit:  - MaxHostConnections = 16  - Libcurl will limit the number of connections to a host
LogInit:  - LocalHostAddr = Default
LogInit:  - BufferSize = 65536
LogInit: WinSock: version 1.1 (2.2), MaxSocks=32767, MaxUdp=65467
LogInit: Build: ++UE4+Release-4.20-CL-4233996
LogInit: Engine Version: 4.20.1-4233996+++UE4+Release-4.20
LogInit: Compatible Engine Version: 4.20.0-4212847+++UE4+Release-4.20
LogInit: Net CL: 4212847
LogInit: OS: Windows 10 (), CPU: Intel(R) Xeon(R) CPU E5-2630 v3 @ 2.40GHz, GPU: NVIDIA Quadro K4200
LogInit: Compiled (64-bit): Jul 26 2018 10:07:30
LogInit: Compiled with Visual C++: 19.13.26129.00
LogInit: Build Configuration: Development
LogInit: Branch Name: ++UE4+Release-4.20
LogInit: Command Line:  /Game/_Maps/SharedLevel/Inside_TheDoor -game -PIEVIACONSOLE -ResX=1280 -ResY=720  -Multiprocess -messaging -SessionName="Play in Standalone Game" -nosound -windowed 
LogInit: Base Directory: C:/Program Files/Epic Games/UE_4.20/Engine/Binaries/Win64/
LogInit: Installed Engine Build: 1
LogDevObjectVersion: Number of dev versions registered: 20
LogDevObjectVersion:   Dev-Blueprints (B0D832E4-1F89-4F0D-ACCF-7EB736FD4AA2): 10
LogDevObjectVersion:   Dev-Build (E1C64328-A22C-4D53-A36C-8E866417BD8C): 0
LogDevObjectVersion:   Dev-Core (375EC13C-06E4-48FB-B500-84F0262A717E): 2
LogDevObjectVersion:   Dev-Editor (E4B068ED-F494-42E9-A231-DA0B2E46BB41): 24
LogDevObjectVersion:   Dev-Framework (CFFC743F-43B0-4480-9391-14DF171D2073): 34
LogDevObjectVersion:   Dev-Mobile (B02B49B5-BB20-44E9-A304-32B752E40360): 2
LogDevObjectVersion:   Dev-Networking (A4E4105C-59A1-49B5-A7C5-40C4547EDFEE): 0
LogDevObjectVersion:   Dev-Online (39C831C9-5AE6-47DC-9A44-9C173E1C8E7C): 0
LogDevObjectVersion:   Dev-Physics (78F01B33-EBEA-4F98-B9B4-84EACCB95AA2): 0
LogDevObjectVersion:   Dev-Platform (6631380F-2D4D-43E0-8009-CF276956A95A): 0
LogDevObjectVersion:   Dev-Rendering (12F88B9F-8875-4AFC-A67C-D90C383ABD29): 26
LogDevObjectVersion:   Dev-Sequencer (7B5AE74C-D270-4C10-A958-57980B212A5A): 9
LogDevObjectVersion:   Dev-VR (D7296918-1DD6-4BDD-9DE2-64A83CC13884): 2
LogDevObjectVersion:   Dev-LoadTimes (C2A15278-BFE7-4AFE-6C17-90FF531DF755): 1
LogDevObjectVersion:   Private-Geometry (6EACA3D4-40EC-4CC1-B786-8BED09428FC5): 3
LogDevObjectVersion:   Dev-AnimPhys (29E575DD-E0A3-4627-9D10-D276232CDCEA): 17
LogDevObjectVersion:   Dev-ReflectionCapture (6B266CEC-1EC7-4B8F-A30B-E4D90942FC07): 1
LogDevObjectVersion:   Dev-Automation (0DF73D61-A23F-47EA-B727-89E90C41499A): 1
LogDevObjectVersion:   FortniteMain (601D1886-AC64-4F84-AA16-D3DE0DEAC7D6): 12
LogDevObjectVersion:   Dev-Enterprise (9DFFBCD6-494F-0158-E221-12823C92A888): 1
LogStreaming: Display: Took  0.013s to delete old logs.
LogInit: Presizing for max 8388607 objects, including 0 objects not considered by GC, pre-allocating 0 bytes for permanent pool.
LogInit: Object subsystem initialized
[2019.05.02-19.04.33:594][  0]LogInit: Selected Device Profile: [Windows]
[2019.05.02-19.04.33:594][  0]LogInit: Applying CVar settings loaded from the selected device profile: [Windows]
[2019.05.02-19.04.33:602][  0]LogHAL: Display: Platform has ~ 32 GB [34262499328 / 34359738368 / 32], which maps to Largest [LargestMinGB=32, LargerMinGB=12, DefaultMinGB=8, SmallerMinGB=6, SmallestMinGB=0)
[2019.05.02-19.04.33:603][  0]LogInit: Setting Device Profile CVar: [[r.Vulkan.UseRealUBs:1]]
[2019.05.02-19.04.33:603][  0]LogInit: Going up to parent DeviceProfile []
[2019.05.02-19.04.33:603][  0]LogInit: Computer: ATC-172-19
[2019.05.02-19.04.33:603][  0]LogInit: User: modderd1
[2019.05.02-19.04.33:603][  0]LogInit: CPU Page size=4096, Cores=8
[2019.05.02-19.04.33:603][  0]LogInit: High frequency timer resolution =2.338339 MHz
[2019.05.02-19.04.33:604][  0]LogMemory: Memory total: Physical=31.9GB (32GB approx)
[2019.05.02-19.04.33:604][  0]LogMemory: Platform Memory Stats for Windows
[2019.05.02-19.04.33:604][  0]LogMemory: Process Physical Memory: 103.35 MB used, 103.35 MB peak
[2019.05.02-19.04.33:604][  0]LogMemory: Process Virtual Memory: 99.00 MB used, 99.00 MB peak
[2019.05.02-19.04.33:604][  0]LogMemory: Physical Memory: 10466.60 MB used,  22208.67 MB free, 32675.27 MB total
[2019.05.02-19.04.33:604][  0]LogMemory: Virtual Memory: 589.79 MB used,  22208.67 MB free, 134217728.00 MB total
[2019.05.02-19.04.33:651][  0]LogInit: Using OS detected language (en-US).
[2019.05.02-19.04.33:651][  0]LogInit: Using OS detected locale (en-US).
[2019.05.02-19.04.33:652][  0]LogTextLocalizationManager: No specific localization for 'en-US' exists, so the 'en' localization will be used.
[2019.05.02-19.04.34:344][  0]LogStreaming: Display: Took  0.693s to InitEngineTextLocalization.
[2019.05.02-19.04.34:448][  0]LogSlate: New Slate User Created.  User Index 0, Is Virtual User: 0
[2019.05.02-19.04.34:448][  0]LogSlate: Slate User Registered.  User Index 0, Is Virtual User: 0
[2019.05.02-19.04.34:469][  0]LogHMD: Failed to initialize OpenVR with code 110
[2019.05.02-19.04.34:469][  0]LogD3D11RHI: D3D11 adapters:
[2019.05.02-19.04.34:598][  0]LogD3D11RHI:    0. 'NVIDIA Quadro K4200' (Feature Level 11_0)
[2019.05.02-19.04.34:598][  0]LogD3D11RHI:       4052/0/16337 MB DedicatedVideo/DedicatedSystem/SharedSystem, Outputs:2, VendorId:0x10de
[2019.05.02-19.04.34:602][  0]LogD3D11RHI:    1. 'Microsoft Basic Render Driver' (Feature Level 11_0)
[2019.05.02-19.04.34:602][  0]LogD3D11RHI:       0/0/16337 MB DedicatedVideo/DedicatedSystem/SharedSystem, Outputs:0, VendorId:0x1414
[2019.05.02-19.04.34:602][  0]LogD3D11RHI: Chosen D3D11 Adapter: 0
[2019.05.02-19.04.34:616][  0]LogD3D11RHI: Creating new Direct3DDevice
[2019.05.02-19.04.34:616][  0]LogD3D11RHI:     GPU DeviceId: 0x11b4 (for the marketing name, search the web for "GPU Device Id")
[2019.05.02-19.04.34:616][  0]LogWindows: EnumDisplayDevices:
[2019.05.02-19.04.34:616][  0]LogWindows:    0. 'NVIDIA Quadro K4200' (P:1 D:1)
[2019.05.02-19.04.34:617][  0]LogWindows:    1. 'NVIDIA Quadro K4200' (P:0 D:1)
[2019.05.02-19.04.34:617][  0]LogWindows:    2. 'NVIDIA Quadro K4200' (P:0 D:0)
[2019.05.02-19.04.34:617][  0]LogWindows:    3. 'NVIDIA Quadro K4200' (P:0 D:0)
[2019.05.02-19.04.34:617][  0]LogWindows: DebugString: FoundDriverCount:4 
[2019.05.02-19.04.34:617][  0]LogD3D11RHI:     Adapter Name: NVIDIA Quadro K4200
[2019.05.02-19.04.34:617][  0]LogD3D11RHI:   Driver Version: 397.93 (internal:24.21.13.9793, unified:397.93)
[2019.05.02-19.04.34:617][  0]LogD3D11RHI:      Driver Date: 5-22-2018
[2019.05.02-19.04.34:617][  0]LogRHI: Texture pool is 2836 MB (70% of 4052 MB)
[2019.05.02-19.04.34:691][  0]LogD3D11RHI: Async texture creation enabled
[2019.05.02-19.04.34:721][  0]LogD3D11RHI: GPU Timing Frequency: 1000.000000 (Debug: 2 3)
[2019.05.02-19.04.34:726][  0]LogShaderCompilers: Guid format shader working directory is -23 characters bigger than the processId version (../../../../../../Users/modderd1/Desktop/Dinochan/Dinochan_v001_UE4.20.3/Intermediate/Shaders/WorkingDirectory/5524/).
[2019.05.02-19.04.34:726][  0]LogShaderCompilers: Cleaned the shader compiler working directory 'C:/Users/modderd1/AppData/Local/Temp/UnrealShaderWorkingDir/AE42855B489E804CB4DD7CBDEF98991F/'.
[2019.05.02-19.04.35:195][  0]LogTemp: Display: Loaded TP WindowsClientTargetPlatform
[2019.05.02-19.04.35:228][  0]LogTemp: Display: Loaded TP WindowsNoEditorTargetPlatform
[2019.05.02-19.04.35:261][  0]LogTemp: Display: Loaded TP WindowsServerTargetPlatform
[2019.05.02-19.04.35:295][  0]LogTemp: Display: Loaded TP WindowsTargetPlatform
[2019.05.02-19.04.35:295][  0]LogTargetPlatformManager: Display: Building Assets For Windows
[2019.05.02-19.04.35:422][  0]LogXGEController: Cannot use XGE Controller as Incredibuild is not installed on this machine.
[2019.05.02-19.04.35:422][  0]LogShaderCompilers: Cannot use XGE Shader Compiler as Incredibuild is not installed on this machine.
[2019.05.02-19.04.35:422][  0]LogShaderCompilers: Display: Using Local Shader Compiler.
[2019.05.02-19.04.37:143][  0]LogDerivedDataCache: Display: Max Cache Size: 512 MB
[2019.05.02-19.04.37:241][  0]LogDerivedDataCache: Loaded boot cache 0.10s 71MB C:/Users/modderd1/AppData/Local/UnrealEngine/4.20/DerivedDataCache/Boot.ddc.
[2019.05.02-19.04.37:241][  0]LogDerivedDataCache: Display: Loaded Boot cache: C:/Users/modderd1/AppData/Local/UnrealEngine/4.20/DerivedDataCache/Boot.ddc
[2019.05.02-19.04.37:242][  0]LogDerivedDataCache: FDerivedDataBackendGraph:  Pak pak cache file ../../../../../../Users/modderd1/Desktop/Dinochan/Dinochan_v001_UE4.20.3/DerivedDataCache/DDC.ddp not found, will not use a pak cache.
[2019.05.02-19.04.37:242][  0]LogDerivedDataCache: Unable to find inner node Pak for hierarchical cache Hierarchy.
[2019.05.02-19.04.37:242][  0]LogDerivedDataCache: FDerivedDataBackendGraph:  CompressedPak pak cache file ../../../../../../Users/modderd1/Desktop/Dinochan/Dinochan_v001_UE4.20.3/DerivedDataCache/Compressed.ddp not found, will not use a pak cache.
[2019.05.02-19.04.37:242][  0]LogDerivedDataCache: Unable to find inner node CompressedPak for hierarchical cache Hierarchy.
[2019.05.02-19.04.37:273][  0]LogDerivedDataCache: Display: Pak cache opened for reading ../../../Engine/DerivedDataCache/Compressed.ddp.
[2019.05.02-19.04.37:286][  0]LogDerivedDataCache: Using Local data cache path C:/Users/modderd1/AppData/Local/UnrealEngine/Common/DerivedDataCache: Writable
[2019.05.02-19.04.37:286][  0]LogDerivedDataCache: Shared data cache path not found in *engine.ini, will not use an Shared cache.
[2019.05.02-19.04.37:286][  0]LogDerivedDataCache: Unable to find inner node Shared for hierarchical cache Hierarchy.
[2019.05.02-19.04.37:328][  0]LogMaterial: Verifying Global Shaders for PCD3D_SM5
[2019.05.02-19.04.37:330][  0]LogSlate: Using FreeType 2.6.0
[2019.05.02-19.04.37:332][  0]LogSlate: SlateFontServices - WITH_FREETYPE: 1, WITH_HARFBUZZ: 1
[2019.05.02-19.04.37:417][  0]LogInit: Using OS detected language (en-US).
[2019.05.02-19.04.37:417][  0]LogInit: Using OS detected locale (en-US).
[2019.05.02-19.04.37:417][  0]LogTextLocalizationManager: No localization for 'en-US' exists, so 'en' will be used for the language.
[2019.05.02-19.04.37:417][  0]LogTextLocalizationManager: No localization for 'en-US' exists, so 'en' will be used for the locale.
[2019.05.02-19.04.37:965][  0]LogStreaming: Display: Took  0.548s to InitGameTextLocalization.
[2019.05.02-19.04.37:981][  0]LogAssetRegistry: FAssetRegistry took 0.0101 seconds to start up
[2019.05.02-19.04.38:449][  0]LogPackageLocalizationCache: Processed 11 localized package path(s) for 1 prioritized culture(s) in 0.037020 seconds
[2019.05.02-19.04.38:716][  0]LogInit: Selected Device Profile: [Windows]
[2019.05.02-19.04.39:040][  0]LogSimplygon: Simplygon DLL not present - disabling.
[2019.05.02-19.04.39:048][  0]LogMeshReduction: Using SimplygonSwarm for distributed automatic mesh merging
[2019.05.02-19.04.39:048][  0]LogMeshReduction: Using ProxyLODMeshReduction for automatic mesh merging
[2019.05.02-19.04.39:048][  0]LogMeshReduction: Using QuadricMeshReduction for automatic static mesh reduction
[2019.05.02-19.04.39:048][  0]LogMeshReduction: No automatic skeletal mesh reduction module available
[2019.05.02-19.04.39:095][  0]LogNetVersion: Dinochan_v001 1.0.0, NetCL: 4212847, EngineNetVer: 5, GameNetVer: 0 (Checksum: 2574802920)
[2019.05.02-19.04.40:192][  0]LogMoviePlayer: Initializing movie player
[2019.05.02-19.04.40:458][  0]LogTcpMessaging: Initializing TcpMessaging bridge
[2019.05.02-19.04.40:472][  0]LogUdpMessaging: Initializing bridge on interface 0.0.0.0:0 to multicast group 230.0.0.1:6666.
[2019.05.02-19.04.40:584][  0]SourceControl: Source control is disabled
[2019.05.02-19.04.40:584][  0]SourceControl: Source control is disabled
[2019.05.02-19.04.40:585][  0]SourceControl: Source control is disabled
[2019.05.02-19.04.40:743][  0]LogAndroidPermission: UAndroidPermissionCallbackProxy::GetInstance
[2019.05.02-19.04.40:809][  0]LogOcInput: OculusInput pre-init called
[2019.05.02-19.04.40:827][  0]LogUObjectArray: 42168 objects as part of root set at end of initial load.
[2019.05.02-19.04.40:827][  0]LogUObjectAllocator: 7432344 out of 0 bytes used by permanent object pool.
[2019.05.02-19.04.40:827][  0]LogUObjectArray: CloseDisregardForGC: 0/0 objects in disregard for GC pool
[2019.05.02-19.04.40:925][  0]LogEngine: Initializing Engine...
[2019.05.02-19.04.40:927][  0]LogHMD: Failed to initialize OpenVR with code 110
[2019.05.02-19.04.40:940][  0]LogStats: UGameplayTagsManager::ConstructGameplayTagTree: ImportINI prefixes -  0.000 s
[2019.05.02-19.04.40:940][  0]LogStats: UGameplayTagsManager::ConstructGameplayTagTree: Construct from data asset -  0.000 s
[2019.05.02-19.04.40:941][  0]LogStats: UGameplayTagsManager::ConstructGameplayTagTree: ImportINI -  0.000 s
[2019.05.02-19.04.40:941][  0]LogStats: UGameplayTagsManager::ConstructGameplayTagTree: GameplayTagTreeChangedEvent.Broadcast -  0.000 s
[2019.05.02-19.04.41:304][  0]LogInit: Initializing FReadOnlyCVARCache
[2019.05.02-19.04.41:304][  0]LogNetVersion: Set ProjectVersion to 1.0.0.0. Version Checksum will be recalculated on next use.
[2019.05.02-19.04.41:307][  0]LogInit: Texture streaming: Enabled
[2019.05.02-19.04.41:623][  0]LogSlate: Updating window title bar state: overlay mode, drag disabled, window buttons hidden, title bar hidden
[2019.05.02-19.04.41:623][  0]LogInit: Display: Game Engine Initialized.
[2019.05.02-19.04.41:623][  0]LogGameplayTags: Display: UGameplayTagsManager::DoneAddingNativeTags. DelegateIsBound: 0
[2019.05.02-19.04.41:624][  0]LogStats: UGameplayTagsManager::ConstructGameplayTagTree: ImportINI prefixes -  0.000 s
[2019.05.02-19.04.41:624][  0]LogStats: UGameplayTagsManager::ConstructGameplayTagTree: Construct from data asset -  0.000 s
[2019.05.02-19.04.41:624][  0]LogStats: UGameplayTagsManager::ConstructGameplayTagTree: ImportINI -  0.000 s
[2019.05.02-19.04.41:624][  0]LogStats: UGameplayTagsManager::ConstructGameplayTagTree: GameplayTagTreeChangedEvent.Broadcast -  0.000 s
[2019.05.02-19.04.41:655][  0]LogInit: Display: Starting Game.
[2019.05.02-19.04.41:655][  0]LogNet: Browse: /Game/_Maps/SharedLevel/Inside_TheDoor?Name=Player
[2019.05.02-19.04.41:656][  0]LogLoad: LoadMap: /Game/_Maps/SharedLevel/Inside_TheDoor?Name=Player
[2019.05.02-19.04.42:461][  0]LogMaterial: Display: Missing cached shader map for material Doors, compiling. 
[2019.05.02-19.04.42:676][  0]LogShaderCompilers: Display: Shaders left to compile 31
[2019.05.02-19.04.42:676][  0]LogShaderCompilers: Display: Shaders left to compile 21
[2019.05.02-19.04.42:677][  0]LogShaderCompilers: Display: Shaders left to compile 11
[2019.05.02-19.04.42:677][  0]LogShaderCompilers: Display: Shaders left to compile 1
[2019.05.02-19.04.42:677][  0]LogMaterial: Display: Missing cached shader map for material HugeGreen, compiling. 
[2019.05.02-19.04.42:730][  0]LogShaderCompilers: Display: Shaders left to compile 31
[2019.05.02-19.04.42:730][  0]LogShaderCompilers: Display: Shaders left to compile 21
[2019.05.02-19.04.42:730][  0]LogShaderCompilers: Display: Shaders left to compile 11
[2019.05.02-19.04.42:730][  0]LogShaderCompilers: Display: Shaders left to compile 1
[2019.05.02-19.04.42:809][  0]LogMaterial: Display: Missing cached shader map for material ElevatorSG, compiling. 
[2019.05.02-19.04.42:857][  0]LogShaderCompilers: Display: Shaders left to compile 31
[2019.05.02-19.04.42:857][  0]LogShaderCompilers: Display: Shaders left to compile 21
[2019.05.02-19.04.42:857][  0]LogShaderCompilers: Display: Shaders left to compile 11
[2019.05.02-19.04.42:857][  0]LogShaderCompilers: Display: Shaders left to compile 1
[2019.05.02-19.04.42:857][  0]LogMaterial: Display: Missing cached shader map for material Frame, compiling. 
[2019.05.02-19.04.42:897][  0]LogMaterial: Display: Missing cached shader map for material FrameHinge, compiling. 
[2019.05.02-19.04.42:964][  0]LogShaderCompilers: Display: Shaders left to compile 31
[2019.05.02-19.04.42:964][  0]LogAIModule: Creating AISystem for world Inside_TheDoor
[2019.05.02-19.04.43:202][  0]LogLoad: Game class is 'ThirdPersonGameMode_C'
[2019.05.02-19.04.43:220][  0]LogWorld: Bringing World /Game/_Maps/SharedLevel/Inside_TheDoor.Inside_TheDoor up for play (max tick rate 0) at 2019.05.02-15.04.43
[2019.05.02-19.04.43:220][  0]LogWorld: Bringing up level for play took: 0.016783
[2019.05.02-19.04.43:235][  0]LogBlueprintUserMessages: [ThirdPersonCharacter_C_0] Translation: X=76.811 Y=-4732.851 Z=1073.358 Rotation: P=0.000000 Y=90.243225 R=0.000000 Scale X=1.000 Y=1.000 Z=1.000
[2019.05.02-19.04.43:237][  0]LogLoad: Took 1.581230 seconds to LoadMap(/Game/_Maps/SharedLevel/Inside_TheDoor)
[2019.05.02-19.04.43:457][  0]LogRenderer: Reallocating scene render targets to support 1280x720 Format 10 NumSamples 1 (Frame:1).
[2019.05.02-19.04.43:458][  0]LogLoad: (Engine Initialization) Total time: 13.18 seconds
[2019.05.02-19.04.43:458][  0]LogLoad: (Engine Initialization) Total Blueprint compile time: 0.00 seconds
[2019.05.02-19.04.43:502][  0]LogWindowsTextInputMethodSystem: Display: IME system now deactivated.
[2019.05.02-19.04.43:508][  0]LogContentStreaming: Texture pool size now 3000 MB
[2019.05.02-19.04.44:387][  8]LogShaderCompilers: Display: Shaders left to compile 52
[2019.05.02-19.04.44:544][ 10]LogShaderCompilers: Display: Shaders left to compile 42
[2019.05.02-19.04.46:086][ 30]LogShaderCompilers: Display: Shaders left to compile 32
[2019.05.02-19.04.47:296][ 46]LogShaderCompilers: Display: Shaders left to compile 22
[2019.05.02-19.04.47:927][ 54]LogShaderCompilers: Display: Shaders left to compile 12
[2019.05.02-19.04.48:964][ 71]LogShaderCompilers: Display: Shaders left to compile 2
[2019.05.02-19.04.51:728][115]LogBlueprintUserMessages: [ThirdPersonCharacter_C_0] Translation: X=75.535 Y=-4693.278 Z=1073.358 Rotation: P=0.000000 Y=91.846550 R=0.000000 Scale X=1.000 Y=1.000 Z=1.000
[2019.05.02-19.04.53:419][142]LogBlueprintUserMessages: [ThirdPersonCharacter_C_0] Translation: X=44.644 Y=-3735.081 Z=505.115 Rotation: P=0.000000 Y=91.846550 R=0.000000 Scale X=1.000 Y=1.000 Z=1.000
[2019.05.02-19.04.58:735][239]LogBlueprintUserMessages: [ThirdPersonCharacter_C_0] Translation: X=-129.110 Y=-572.624 Z=98.938 Rotation: P=0.000000 Y=80.479706 R=0.000000 Scale X=1.000 Y=1.000 Z=1.000
[2019.05.02-19.04.59:732][258]LogBlueprintUserMessages: [ThirdPersonCharacter_C_0] Translation: X=-28.920 Y=33.166 Z=98.938 Rotation: P=0.000000 Y=83.299850 R=0.000000 Scale X=1.000 Y=1.000 Z=1.000
[2019.05.02-19.05.00:048][264]LogBlueprintUserMessages: [ThirdPersonCharacter_C_0] Translation: X=-10.047 Y=205.576 Z=98.938 Rotation: P=0.000000 Y=84.524750 R=0.000000 Scale X=1.000 Y=1.000 Z=1.000
[2019.05.02-19.05.01:052][283]LogBlueprintUserMessages: [ThirdPersonCharacter_C_0] Translation: X=36.648 Y=817.723 Z=98.937 Rotation: P=0.000000 Y=86.438087 R=0.000000 Scale X=1.000 Y=1.000 Z=1.000
[2019.05.02-19.05.01:264][287]LogBlueprintUserMessages: [ThirdPersonCharacter_C_0] Translation: X=43.894 Y=932.628 Z=98.937 Rotation: P=0.000000 Y=86.438087 R=0.000000 Scale X=1.000 Y=1.000 Z=1.000
[2019.05.02-19.05.02:245][305]LogBlueprintUserMessages: [ThirdPersonCharacter_C_0] Translation: X=74.381 Y=1545.714 Z=98.937 Rotation: P=0.000000 Y=90.462685 R=0.000000 Scale X=1.000 Y=1.000 Z=1.000
[2019.05.02-19.05.10:662][449]LogBlueprintUserMessages: [ThirdPersonCharacter_C_0] Translation: X=-80.534 Y=4266.819 Z=98.937 Rotation: P=0.000000 Y=78.666069 R=0.000000 Scale X=1.000 Y=1.000 Z=1.000
[2019.05.02-19.05.11:603][464]LogBlueprintUserMessages: [ThirdPersonCharacter_C_0] Translation: X=9.040 Y=4714.535 Z=120.898 Rotation: P=0.000000 Y=78.841080 R=0.000000 Scale X=1.000 Y=1.000 Z=1.000
[2019.05.02-19.05.14:729][515]LogBlueprintUserMessages: [ThirdPersonCharacter_C_0] Translation: X=-9.994 Y=5281.221 Z=128.935 Rotation: P=0.000000 Y=116.241646 R=0.000000 Scale X=1.000 Y=1.000 Z=1.000
[2019.05.02-19.05.15:760][534]LogBlueprintUserMessages: [ThirdPersonCharacter_C_0] Translation: X=-460.155 Y=5639.884 Z=98.937 Rotation: P=0.000000 Y=-152.658356 R=0.000000 Scale X=1.000 Y=1.000 Z=1.000
[2019.05.02-19.05.16:491][547]LogBlueprintUserMessages: [ThirdPersonCharacter_C_0] Translation: X=-488.097 Y=5400.474 Z=98.937 Rotation: P=0.000000 Y=1.912446 R=0.000000 Scale X=1.000 Y=1.000 Z=1.000
[2019.05.02-19.05.17:400][563]LogBlueprintUserMessages: [ThirdPersonCharacter_C_0] Translation: X=25.155 Y=5312.479 Z=147.097 Rotation: P=0.000000 Y=-107.661072 R=0.000000 Scale X=1.000 Y=1.000 Z=1.000
[2019.05.02-19.05.22:528][648]LogBlueprintUserMessages: [ThirdPersonCharacter_C_0] Translation: X=-43.093 Y=5406.508 Z=98.937 Rotation: P=0.000000 Y=30.347912 R=0.000000 Scale X=1.000 Y=1.000 Z=1.000
[2019.05.02-19.05.23:562][664]LogBlueprintUserMessages: [ThirdPersonCharacter_C_0] Translation: X=7.947 Y=5003.285 Z=114.909 Rotation: P=0.000000 Y=-80.421371 R=0.000000 Scale X=1.000 Y=1.000 Z=1.000
[2019.05.02-19.05.32:230][814]LogBlueprintUserMessages: [ThirdPersonCharacter_C_0] Translation: X=406.291 Y=4993.230 Z=98.937 Rotation: P=0.000000 Y=43.545444 R=0.000000 Scale X=1.000 Y=1.000 Z=1.000
[2019.05.02-19.05.33:250][831]LogBlueprintUserMessages: [ThirdPersonCharacter_C_0] Translation: X=824.197 Y=5434.738 Z=98.937 Rotation: P=0.000000 Y=97.987091 R=0.000000 Scale X=1.000 Y=1.000 Z=1.000
[2019.05.02-19.05.39:558][941]LogBlueprintUserMessages: [ThirdPersonCharacter_C_0] Translation: X=229.562 Y=5444.746 Z=98.937 Rotation: P=0.000000 Y=-126.570175 R=0.000000 Scale X=1.000 Y=1.000 Z=1.000
[2019.05.02-19.05.40:530][958]LogBlueprintUserMessages: [ThirdPersonCharacter_C_0] Translation: X=-72.638 Y=5062.787 Z=118.252 Rotation: P=0.000000 Y=-124.820442 R=0.000000 Scale X=1.000 Y=1.000 Z=1.000
[2019.05.02-19.05.53:625][179]LogSlate: Window 'Dinochan_v001 (64-bit Development PCD3D_SM5) ' being destroyed
[2019.05.02-19.05.53:626][179]LogWindowsTextInputMethodSystem: Display: IME system now deactivated.
[2019.05.02-19.05.53:630][179]LogSlate: Updating window title bar state: overlay mode, drag disabled, window buttons hidden, title bar hidden
[2019.05.02-19.05.53:630][179]LogEngine: All Windows Closed
[2019.05.02-19.05.53:630][179]LogWindows: FPlatformMisc::RequestExit(0)
[2019.05.02-19.05.53:961][180]LogExit: Preparing to exit.
[2019.05.02-19.05.53:961][180]LogMoviePlayer: Shutting down movie player
[2019.05.02-19.05.54:527][180]LogSlate: Updating window title bar state: overlay mode, drag disabled, window buttons hidden, title bar hidden
[2019.05.02-19.05.54:543][180]LogExit: Game engine shut down
[2019.05.02-19.05.55:058][180]LogExit: Object subsystem successfully closed.
[2019.05.02-19.05.55:084][180]LogShaderCompilers: Display: Shaders left to compile 0
[2019.05.02-19.05.55:090][180]LogD3D11RHI: Shutdown
[2019.05.02-19.05.55:090][180]LogD3D11RHI: CleanupD3DDevice
[2019.05.02-19.05.55:093][180]LogD3D11RHI: ~FD3D11DynamicRHI
[2019.05.02-19.05.55:114][180]LogModuleManager: Shutting down and abandoning module SequenceRecorderSections (376)
[2019.05.02-19.05.55:114][180]LogModuleManager: Shutting down and abandoning module SequenceRecorder (374)
[2019.05.02-19.05.55:114][180]LogModuleManager: Shutting down and abandoning module AutomationController (372)
[2019.05.02-19.05.55:114][180]LogModuleManager: Shutting down and abandoning module AutomationWorker (370)
[2019.05.02-19.05.55:114][180]LogModuleManager: Shutting down and abandoning module Voice (368)
[2019.05.02-19.05.55:114][180]LogModuleManager: Shutting down and abandoning module AIModule (366)
[2019.05.02-19.05.55:114][180]LogModuleManager: Shutting down and abandoning module GameplayDebugger (365)
[2019.05.02-19.05.55:114][180]LogModuleManager: Shutting down and abandoning module AITestSuite (363)
[2019.05.02-19.05.55:114][180]LogModuleManager: Shutting down and abandoning module NavigationSystem (361)
[2019.05.02-19.05.55:114][180]LogModuleManager: Shutting down and abandoning module WmfMediaFactory (358)
[2019.05.02-19.05.55:114][180]LogModuleManager: Shutting down and abandoning module OpenExrWrapper (356)
[2019.05.02-19.05.55:114][180]LogModuleManager: Shutting down and abandoning module ImgMediaFactory (354)
[2019.05.02-19.05.55:114][180]LogModuleManager: Shutting down and abandoning module AvfMediaFactory (352)
[2019.05.02-19.05.55:114][180]LogModuleManager: Shutting down and abandoning module MagicLeapCameraPreviewFactory (350)
[2019.05.02-19.05.55:114][180]LogModuleManager: Shutting down and abandoning module MagicLeapMediaFactory (348)
[2019.05.02-19.05.55:114][180]LogModuleManager: Shutting down and abandoning module CharacterAI (346)
[2019.05.02-19.05.55:114][180]LogModuleManager: Shutting down and abandoning module SessionServices (344)
[2019.05.02-19.05.55:114][180]LogModuleManager: Shutting down and abandoning module MovieSceneCapture (342)
[2019.05.02-19.05.55:114][180]LogModuleManager: Shutting down and abandoning module MovieSceneTracks (340)
[2019.05.02-19.05.55:114][180]LogModuleManager: Shutting down and abandoning module MovieScene (338)
[2019.05.02-19.05.55:114][180]LogModuleManager: Shutting down and abandoning module StreamingPauseRendering (336)
[2019.05.02-19.05.55:114][180]LogModuleManager: Shutting down and abandoning module PortalServices (334)
[2019.05.02-19.05.55:114][180]LogModuleManager: Shutting down and abandoning module PortalRpc (332)
[2019.05.02-19.05.55:114][180]LogModuleManager: Shutting down and abandoning module MessagingRpc (330)
[2019.05.02-19.05.55:114][180]LogModuleManager: Shutting down and abandoning module ProfilerService (328)
[2019.05.02-19.05.55:201][180]LogModuleManager: Shutting down and abandoning module TaskGraph (326)
[2019.05.02-19.05.55:201][180]LogModuleManager: Shutting down and abandoning module SteamVRController (324)
[2019.05.02-19.05.55:201][180]LogModuleManager: Shutting down and abandoning module ProceduralMeshComponent (322)
[2019.05.02-19.05.55:201][180]LogModuleManager: Shutting down and abandoning module OculusInput (320)
[2019.05.02-19.05.55:201][180]LogModuleManager: Shutting down and abandoning module MobilePatchingUtils (318)
[2019.05.02-19.05.55:201][180]LogModuleManager: Shutting down and abandoning module EditableMesh (316)
[2019.05.02-19.05.55:201][180]LogModuleManager: Shutting down and abandoning module CustomMeshComponent (314)
[2019.05.02-19.05.55:201][180]LogModuleManager: Shutting down and abandoning module CableComponent (312)
[2019.05.02-19.05.55:201][180]LogModuleManager: Shutting down and abandoning module AudioCapture (310)
[2019.05.02-19.05.55:201][180]LogModuleManager: Shutting down and abandoning module ArchVisCharacter (308)
[2019.05.02-19.05.55:201][180]LogModuleManager: Shutting down and abandoning module AndroidPermission (306)
[2019.05.02-19.05.55:201][180]LogModuleManager: Shutting down and abandoning module NUTUnrealEngine4 (304)
[2019.05.02-19.05.55:201][180]LogModuleManager: Shutting down and abandoning module NetcodeUnitTest (302)
[2019.05.02-19.05.55:201][180]LogModuleManager: Shutting down and abandoning module MediaCompositing (300)
[2019.05.02-19.05.55:201][180]LogModuleManager: Shutting down and abandoning module LinearTimecode (298)
[2019.05.02-19.05.55:201][180]LogModuleManager: Shutting down and abandoning module ImgMedia (296)
[2019.05.02-19.05.55:206][180]LogModuleManager: Shutting down and abandoning module HTML5Networking (294)
[2019.05.02-19.05.55:206][180]LogModuleManager: Shutting down and abandoning module GeometryCacheTracks (292)
[2019.05.02-19.05.55:206][180]LogModuleManager: Shutting down and abandoning module GeometryCacheSequencer (291)
[2019.05.02-19.05.55:206][180]LogModuleManager: Shutting down and abandoning module GeometryCache (288)
[2019.05.02-19.05.55:206][180]LogModuleManager: Shutting down and abandoning module GeometryCacheEd (287)
[2019.05.02-19.05.55:206][180]LogModuleManager: Shutting down and abandoning module BackChannel (284)
[2019.05.02-19.05.55:206][180]LogModuleManager: Shutting down and abandoning module AppleVision (282)
[2019.05.02-19.05.55:206][180]LogModuleManager: Shutting down and abandoning module AppleImageUtils (280)
[2019.05.02-19.05.55:206][180]LogModuleManager: Shutting down and abandoning module DatasmithContent (278)
[2019.05.02-19.05.55:207][180]LogModuleManager: Shutting down and abandoning module CryptoKeysOpenSSL (276)
[2019.05.02-19.05.55:207][180]LogModuleManager: Shutting down and abandoning module CryptoKeys (274)
[2019.05.02-19.05.55:207][180]LogModuleManager: Shutting down and abandoning module VisualStudioSourceCodeAccess (272)
[2019.05.02-19.05.55:207][180]LogModuleManager: Shutting down and abandoning module HotReload (271)
[2019.05.02-19.05.55:208][180]LogModuleManager: Shutting down and abandoning module DirectoryWatcher (270)
[2019.05.02-19.05.55:208][180]LogModuleManager: Shutting down and abandoning module VisualStudioCodeSourceCodeAccess (266)
[2019.05.02-19.05.55:208][180]LogModuleManager: Shutting down and abandoning module UObjectPlugin (264)
[2019.05.02-19.05.55:208][180]LogModuleManager: Shutting down and abandoning module SubversionSourceControl (262)
[2019.05.02-19.05.55:208][180]LogModuleManager: Shutting down and abandoning module PerforceSourceControl (260)
[2019.05.02-19.05.55:208][180]LogModuleManager: Shutting down and abandoning module SourceControl (259)
[2019.05.02-19.05.55:208][180]LogModuleManager: Shutting down and abandoning module CLionSourceCodeAccess (256)
[2019.05.02-19.05.55:208][180]LogModuleManager: Shutting down and abandoning module RuntimePhysXCooking (254)
[2019.05.02-19.05.55:208][180]LogModuleManager: Shutting down and abandoning module PhysXVehiclesEditor (252)
[2019.05.02-19.05.55:208][180]LogModuleManager: Shutting down and abandoning module PhysXVehicles (250)
[2019.05.02-19.05.55:208][180]LogModuleManager: Shutting down and abandoning module LocationServicesBPLibrary (248)
[2019.05.02-19.05.55:208][180]LogModuleManager: Shutting down and abandoning module ImmediatePhysicsEditor (246)
[2019.05.02-19.05.55:208][180]LogModuleManager: Shutting down and abandoning module ImmediatePhysics (244)
[2019.05.02-19.05.55:208][180]LogModuleManager: Shutting down and abandoning module ActorSequence (242)
[2019.05.02-19.05.55:208][180]LogModuleManager: Shutting down and abandoning module UdpMessaging (240)
[2019.05.02-19.05.55:309][180]LogModuleManager: Shutting down and abandoning module TcpMessaging (238)
[2019.05.02-19.05.55:491][180]LogModuleManager: Shutting down and abandoning module MagicLeapAudio (236)
[2019.05.02-19.05.55:491][180]LogModuleManager: Shutting down and abandoning module GameplayTagsEditor (234)
[2019.05.02-19.05.55:491][180]LogModuleManager: Shutting down and abandoning module FacialAnimation (232)
[2019.05.02-19.05.55:491][180]LogModuleManager: Shutting down and abandoning module DataValidation (230)
[2019.05.02-19.05.55:491][180]LogModuleManager: Shutting down and abandoning module AssetManagerEditor (228)
[2019.05.02-19.05.55:491][180]LogModuleManager: Shutting down and abandoning module TreeMap (227)
[2019.05.02-19.05.55:491][180]LogModuleManager: Shutting down and abandoning module LightPropagationVolumeRuntime (224)
[2019.05.02-19.05.55:491][180]LogModuleManager: Shutting down and abandoning module AISupportModule (222)
[2019.05.02-19.05.55:491][180]LogModuleManager: Shutting down and abandoning module Paper2D (220)
[2019.05.02-19.05.55:491][180]LogModuleManager: Shutting down and abandoning module PIEPreviewDeviceProfileSelector (218)
[2019.05.02-19.05.55:491][180]LogModuleManager: Shutting down and abandoning module WindowsMoviePlayer (216)
[2019.05.02-19.05.55:492][180]LogModuleManager: Shutting down and abandoning module WmfMedia (214)
[2019.05.02-19.05.55:493][180]LogModuleManager: Shutting down and abandoning module Media (213)
[2019.05.02-19.05.55:499][180]LogModuleManager: Shutting down and abandoning module PacketHandler (210)
[2019.05.02-19.05.55:499][180]LogModuleManager: Shutting down and abandoning module ClothingSystemEditor (208)
[2019.05.02-19.05.55:500][180]LogModuleManager: Shutting down and abandoning module ClothingSystemRuntime (206)
[2019.05.02-19.05.55:500][180]LogModuleManager: Shutting down and abandoning module MediaAssets (204)
[2019.05.02-19.05.55:500][180]LogModuleManager: Shutting down and abandoning module Overlay (202)
[2019.05.02-19.05.55:500][180]LogModuleManager: Shutting down and abandoning module OverlayEditor (201)
[2019.05.02-19.05.55:500][180]LogModuleManager: Shutting down and abandoning module VREditor (198)
[2019.05.02-19.05.55:500][180]LogModuleManager: Shutting down and abandoning module StringTableEditor (196)
[2019.05.02-19.05.55:500][180]LogModuleManager: Shutting down and abandoning module GameplayTasksEditor (194)
[2019.05.02-19.05.55:500][180]LogModuleManager: Shutting down and abandoning module BehaviorTreeEditor (192)
[2019.05.02-19.05.55:500][180]LogModuleManager: Shutting down and abandoning module FunctionalTesting (190)
[2019.05.02-19.05.55:500][180]LogModuleManager: Shutting down and abandoning module CollisionAnalyzer (188)
[2019.05.02-19.05.55:500][180]LogModuleManager: Shutting down and abandoning module WorkspaceMenuStructure (187)
[2019.05.02-19.05.55:500][180]LogModuleManager: Shutting down and abandoning module UMG (184)
[2019.05.02-19.05.55:500][180]LogModuleManager: Shutting down and abandoning module UMGEditor (183)
[2019.05.02-19.05.55:500][180]LogModuleManager: Shutting down and abandoning module Sequencer (182)
[2019.05.02-19.05.55:500][180]LogModuleManager: Shutting down and abandoning module MessageLog (179)
[2019.05.02-19.05.55:500][180]LogModuleManager: Shutting down and abandoning module SlateReflector (174)
[2019.05.02-19.05.55:500][180]LogModuleManager: Shutting down and abandoning module Slate (172)
[2019.05.02-19.05.55:500][180]LogModuleManager: Shutting down and abandoning module EditorStyle (170)
[2019.05.02-19.05.55:504][180]LogModuleManager: Shutting down and abandoning module MRMesh (168)
[2019.05.02-19.05.55:504][180]LogModuleManager: Shutting down and abandoning module Messaging (166)
[2019.05.02-19.05.55:504][180]LogModuleManager: Shutting down and abandoning module SourceCodeAccess (164)
[2019.05.02-19.05.55:504][180]LogModuleManager: Shutting down and abandoning module HeadMountedDisplay (162)
[2019.05.02-19.05.55:504][180]LogModuleManager: Shutting down and abandoning module XAudio2 (160)
[2019.05.02-19.05.55:504][180]LogModuleManager: Shutting down and abandoning module Networking (158)
[2019.05.02-19.05.55:504][180]LogModuleManager: Shutting down and abandoning module Core (156)
[2019.05.02-19.05.55:504][180]LogModuleManager: Shutting down and abandoning module LevelSequence (154)
[2019.05.02-19.05.55:504][180]LogModuleManager: Shutting down and abandoning module KismetCompiler (152)
[2019.05.02-19.05.55:504][180]LogModuleManager: Shutting down and abandoning module MeshUtilities (150)
[2019.05.02-19.05.55:504][180]LogModuleManager: Shutting down and abandoning module MeshMergeUtilities (149)
[2019.05.02-19.05.55:504][180]LogModuleManager: Shutting down and abandoning module MeshReductionInterface (148)
[2019.05.02-19.05.55:504][180]LogModuleManager: Shutting down and abandoning module SimplygonSwarm (147)
[2019.05.02-19.05.55:504][180]LogModuleManager: Shutting down and abandoning module ProxyLODMeshReduction (145)
[2019.05.02-19.05.55:504][180]LogModuleManager: Shutting down and abandoning module SimplygonMeshReduction (143)
[2019.05.02-19.05.55:504][180]LogModuleManager: Shutting down and abandoning module QuadricMeshReduction (141)
[2019.05.02-19.05.55:504][180]LogModuleManager: Shutting down and abandoning module MaterialBaking (137)
[2019.05.02-19.05.55:504][180]LogModuleManager: Shutting down and abandoning module DerivedDataCache (132)
[2019.05.02-19.05.55:854][180]LogDerivedDataCache: Shutdown
[2019.05.02-19.05.55:854][180]LogModuleManager: Shutting down and abandoning module XGEController (130)
[2019.05.02-19.05.55:854][180]LogModuleManager: Shutting down and abandoning module TargetPlatform (128)
[2019.05.02-19.05.55:854][180]LogModuleManager: Shutting down and abandoning module VulkanShaderFormat (127)
[2019.05.02-19.05.55:854][180]LogModuleManager: Shutting down and abandoning module ShaderFormatVectorVM (125)
[2019.05.02-19.05.55:854][180]LogModuleManager: Shutting down and abandoning module ShaderFormatOpenGL (123)
[2019.05.02-19.05.55:854][180]LogModuleManager: Shutting down and abandoning module ShaderFormatD3D (121)
[2019.05.02-19.05.55:854][180]LogModuleManager: Shutting down and abandoning module MetalShaderFormat (119)
[2019.05.02-19.05.55:854][180]LogModuleManager: Shutting down and abandoning module TextureFormatUncompressed (117)
[2019.05.02-19.05.55:854][180]LogModuleManager: Shutting down and abandoning module TextureFormatPVR (115)
[2019.05.02-19.05.55:854][180]LogModuleManager: Shutting down and abandoning module TextureFormatDXT (113)
[2019.05.02-19.05.55:854][180]LogModuleManager: Shutting down and abandoning module TextureFormatIntelISPCTexComp (111)
[2019.05.02-19.05.55:855][180]LogModuleManager: Shutting down and abandoning module TextureFormatASTC (109)
[2019.05.02-19.05.55:855][180]LogModuleManager: Shutting down and abandoning module ImageWrapper (108)
[2019.05.02-19.05.55:855][180]LogModuleManager: Shutting down and abandoning module TextureFormatAndroid (105)
[2019.05.02-19.05.55:855][180]LogModuleManager: Shutting down and abandoning module AudioFormatOpus (103)
[2019.05.02-19.05.55:855][180]LogModuleManager: Shutting down and abandoning module AudioFormatOgg (101)
[2019.05.02-19.05.55:855][180]LogModuleManager: Shutting down and abandoning module AudioFormatADPCM (99)
[2019.05.02-19.05.55:855][180]LogModuleManager: Shutting down and abandoning module WindowsTargetPlatform (97)
[2019.05.02-19.05.55:855][180]LogModuleManager: Shutting down and abandoning module WindowsServerTargetPlatform (95)
[2019.05.02-19.05.55:855][180]LogModuleManager: Shutting down and abandoning module WindowsNoEditorTargetPlatform (93)
[2019.05.02-19.05.55:855][180]LogModuleManager: Shutting down and abandoning module WindowsClientTargetPlatform (91)
[2019.05.02-19.05.55:855][180]LogModuleManager: Shutting down and abandoning module InputCore (88)
[2019.05.02-19.05.55:855][180]LogModuleManager: Shutting down and abandoning module Settings (86)
[2019.05.02-19.05.55:855][180]LogModuleManager: Shutting down and abandoning module PhysXCooking (84)
[2019.05.02-19.05.55:855][180]LogModuleManager: Shutting down and abandoning module SteamVR (82)
[2019.05.02-19.05.55:855][180]LogModuleManager: Shutting down and abandoning module OculusHMD (80)
[2019.05.02-19.05.55:855][180]LogModuleManager: Shutting down and abandoning module ExampleDeviceProfileSelector (78)
[2019.05.02-19.05.55:855][180]LogModuleManager: Shutting down and abandoning module LauncherChunkInstaller (76)
[2019.05.02-19.05.55:855][180]LogModuleManager: Shutting down and abandoning module OnlineBlueprintSupport (74)
[2019.05.02-19.05.55:855][180]LogModuleManager: Shutting down and abandoning module OnlineSubsystem (70)
[2019.05.02-19.05.55:856][180]LogModuleManager: Shutting down and abandoning module XMPP (65)
[2019.05.02-19.05.55:856][180]LogModuleManager: Shutting down and abandoning module WebSockets (64)
[2019.05.02-19.05.55:869][180]LogModuleManager: Shutting down and abandoning module HTTP (61)
[2019.05.02-19.05.55:902][180]LogModuleManager: Shutting down and abandoning module SSL (60)
[2019.05.02-19.05.55:903][180]LogModuleManager: Shutting down and abandoning module MagicLeapEmulator (56)
[2019.05.02-19.05.55:903][180]LogModuleManager: Shutting down and abandoning module MagicLeapPrivileges (54)
[2019.05.02-19.05.55:903][180]LogModuleManager: Shutting down and abandoning module MagicLeapIdentity (52)
[2019.05.02-19.05.55:903][180]LogModuleManager: Shutting down and abandoning module MagicLeapHelperVulkan (50)
[2019.05.02-19.05.55:903][180]LogModuleManager: Shutting down and abandoning module MagicLeapHelperOpenGL (48)
[2019.05.02-19.05.55:903][180]LogModuleManager: Shutting down and abandoning module MagicLeapSecureStorage (46)
[2019.05.02-19.05.55:903][180]LogModuleManager: Shutting down and abandoning module MagicLeapGestures (44)
[2019.05.02-19.05.55:903][180]LogModuleManager: Shutting down and abandoning module MagicLeapEyeTracker (42)
[2019.05.02-19.05.55:903][180]LogModuleManager: Shutting down and abandoning module MagicLeapController (40)
[2019.05.02-19.05.55:903][180]LogSlate: Slate User Destroyed.  User Index 0, Is Virtual User: 0
[2019.05.02-19.05.55:903][180]LogModuleManager: Shutting down and abandoning module MagicLeap (38)
[2019.05.02-19.05.55:903][180]LogModuleManager: Shutting down and abandoning module AnimationModifiers (36)
[2019.05.02-19.05.55:903][180]LogModuleManager: Shutting down and abandoning module PropertyEditor (35)
[2019.05.02-19.05.55:903][180]LogModuleManager: Shutting down and abandoning module AudioEditor (32)
[2019.05.02-19.05.55:903][180]LogModuleManager: Shutting down and abandoning module TextureCompressor (30)
[2019.05.02-19.05.55:904][180]LogModuleManager: Shutting down and abandoning module ShaderCore (28)
[2019.05.02-19.05.55:904][180]LogModuleManager: Shutting down and abandoning module Landscape (26)
[2019.05.02-19.05.55:904][180]LogModuleManager: Shutting down and abandoning module SlateRHIRenderer (24)
[2019.05.02-19.05.55:904][180]LogModuleManager: Shutting down and abandoning module OpenGLDrv (22)
[2019.05.02-19.05.55:904][180]LogModuleManager: Shutting down and abandoning module D3D11RHI (20)
[2019.05.02-19.05.55:904][180]LogModuleManager: Shutting down and abandoning module AnimGraphRuntime (18)
[2019.05.02-19.05.55:904][180]LogModuleManager: Shutting down and abandoning module Renderer (16)
[2019.05.02-19.05.55:904][180]LogModuleManager: Shutting down and abandoning module Engine (14)
[2019.05.02-19.05.55:904][180]LogModuleManager: Shutting down and abandoning module CoreUObject (12)
[2019.05.02-19.05.55:904][180]LogModuleManager: Shutting down and abandoning module NetworkFile (10)
[2019.05.02-19.05.55:904][180]LogModuleManager: Shutting down and abandoning module CookedIterativeFile (8)
[2019.05.02-19.05.55:904][180]LogModuleManager: Shutting down and abandoning module StreamingFile (6)
[2019.05.02-19.05.55:904][180]LogModuleManager: Shutting down and abandoning module SandboxFile (4)
[2019.05.02-19.05.55:904][180]LogModuleManager: Shutting down and abandoning module PakFile (2)
[2019.05.02-19.05.55:916][180]LogExit: Exiting.
[2019.05.02-19.05.55:928][180]Log file closed, 05/02/19 15:05:55
