Log file open, 04/09/19 14:22:18
LogWindows: Failed to load 'aqProf.dll' (GetLastError=126)
LogWindows: File 'aqProf.dll' does not exist
LogWindows: Failed to load 'VSPerf140.dll' (GetLastError=126)
LogWindows: File 'VSPerf140.dll' does not exist
LogWindows: Failed to load 'VtuneApi.dll' (GetLastError=126)
LogWindows: File 'VtuneApi.dll' does not exist
LogWindows: Failed to load 'VtuneApi32e.dll' (GetLastError=126)
LogWindows: File 'VtuneApi32e.dll' does not exist
LogInit: Display: Running engine for game: Dinochan_v001
LogPlatformFile: Not using cached read wrapper
LogTaskGraph: Started task graph with 5 named threads and 35 total threads with 3 sets of task threads.
LogStats: Stats thread started at 0.427804
LogD3D11RHI: Loaded GFSDK_Aftermath_Lib.x64.dll
LogICUInternationalization: Display: ICU TimeZone Detection - Raw Offset: -5:00, Platform Override: ''
LogPluginManager: Mounting plugin Paper2D
LogPluginManager: Mounting plugin AISupport
LogPluginManager: Mounting plugin LightPropagationVolume
LogPluginManager: Mounting plugin CLionSourceCodeAccess
LogPluginManager: Mounting plugin CodeLiteSourceCodeAccess
LogPluginManager: Mounting plugin GitSourceControl
LogPluginManager: Mounting plugin KDevelopSourceCodeAccess
LogPluginManager: Mounting plugin NullSourceCodeAccess
LogPluginManager: Mounting plugin PerforceSourceControl
LogPluginManager: Mounting plugin SubversionSourceControl
LogPluginManager: Mounting plugin UObjectPlugin
LogPluginManager: Mounting plugin VisualStudioCodeSourceCodeAccess
LogPluginManager: Mounting plugin VisualStudioSourceCodeAccess
LogPluginManager: Mounting plugin XCodeSourceCodeAccess
LogPluginManager: Mounting plugin AssetManagerEditor
LogPluginManager: Mounting plugin CryptoKeys
LogPluginManager: Mounting plugin DataValidation
LogPluginManager: Mounting plugin FacialAnimation
LogPluginManager: Mounting plugin GameplayTagsEditor
LogPluginManager: Mounting plugin MacGraphicsSwitching
LogPluginManager: Mounting plugin MeshEditor
LogPluginManager: Mounting plugin MobileLauncherProfileWizard
LogPluginManager: Mounting plugin PluginBrowser
LogPluginManager: Mounting plugin SpeedTreeImporter
LogPluginManager: Mounting plugin DatasmithContent
LogPluginManager: Mounting plugin AlembicImporter
LogPluginManager: Mounting plugin AppleImageUtils
LogPluginManager: Mounting plugin AppleVision
LogPluginManager: Mounting plugin BackChannel
LogPluginManager: Mounting plugin CharacterAI
LogPluginManager: Mounting plugin GeometryCache
LogPluginManager: Mounting plugin HTML5Networking
LogPluginManager: Mounting plugin ProxyLODPlugin
LogPluginManager: Mounting plugin MagicLeap
LogPluginManager: Mounting plugin MagicLeapEmulator
LogPluginManager: Mounting plugin MagicLeapMedia
LogPluginManager: Mounting plugin AndroidMedia
LogPluginManager: Mounting plugin AvfMedia
LogPluginManager: Mounting plugin ImgMedia
LogPluginManager: Mounting plugin LinearTimecode
LogPluginManager: Mounting plugin MediaCompositing
LogPluginManager: Mounting plugin MediaPlayerEditor
LogPluginManager: Mounting plugin WmfMedia
LogPluginManager: Mounting plugin TcpMessaging
LogPluginManager: Mounting plugin UdpMessaging
LogPluginManager: Mounting plugin ActorSequence
LogPluginManager: Mounting plugin LevelSequenceEditor
LogPluginManager: Mounting plugin MatineeToLevelSequence
LogPluginManager: Mounting plugin NetcodeUnitTest
LogPluginManager: Mounting plugin NUTUnrealEngine4
LogPluginManager: Mounting plugin OnlineSubsystemGooglePlay
LogPluginManager: Mounting plugin OnlineSubsystemIOS
LogPluginManager: Mounting plugin OnlineSubsystem
LogPluginManager: Mounting plugin OnlineSubsystemNull
LogPluginManager: Mounting plugin OnlineSubsystemUtils
LogPluginManager: Mounting plugin LauncherChunkInstaller
LogPluginManager: Mounting plugin AndroidDeviceProfileSelector
LogPluginManager: Mounting plugin AndroidMoviePlayer
LogPluginManager: Mounting plugin AndroidPermission
LogPluginManager: Mounting plugin AppleMoviePlayer
LogPluginManager: Mounting plugin ArchVisCharacter
LogPluginManager: Mounting plugin AudioCapture
LogPluginManager: Mounting plugin CableComponent
LogPluginManager: Mounting plugin CustomMeshComponent
LogPluginManager: Mounting plugin EditableMesh
LogPluginManager: Mounting plugin ExampleDeviceProfileSelector
LogPluginManager: Mounting plugin GoogleCloudMessaging
LogPluginManager: Mounting plugin ImmediatePhysics
LogPluginManager: Mounting plugin IOSDeviceProfileSelector
LogPluginManager: Mounting plugin LinuxDeviceProfileSelector
LogPluginManager: Mounting plugin LocationServicesBPLibrary
LogPluginManager: Mounting plugin MobilePatchingUtils
LogPluginManager: Mounting plugin OculusVR
LogPluginManager: Plugin shader directory ../../../Engine/Plugins/Runtime/Oculus/OculusVR/Shaders found
LogPluginManager: Mapping shader source directory ../../../Engine/Plugins/Runtime/Oculus/OculusVR/Shaders to virtual directory /Plugin/OculusVR
LogPluginManager: Mounting plugin PhysXVehicles
LogPluginManager: Mounting plugin ProceduralMeshComponent
LogPluginManager: Mounting plugin RuntimePhysXCooking
LogPluginManager: Mounting plugin SteamVR
LogPluginManager: Mounting plugin WindowsMoviePlayer
LogStreaming: Display: Took  0.174s to configure plugins.
LogInit: Using libcurl 7.55.1-DEV
LogInit:  - built for x86_64-pc-win32
LogInit:  - supports SSL with OpenSSL/1.0.2h
LogInit:  - supports HTTP deflate (compression) using libz 1.2.8
LogInit:  - other features:
LogInit:      CURL_VERSION_SSL
LogInit:      CURL_VERSION_LIBZ
LogInit:      CURL_VERSION_IPV6
LogInit:      CURL_VERSION_ASYNCHDNS
LogInit:      CURL_VERSION_LARGEFILE
LogInit:      CURL_VERSION_IDN
LogInit:  CurlRequestOptions (configurable via config and command line):
LogInit:  - bVerifyPeer = false  - Libcurl will NOT verify peer certificate
LogInit:  - bUseHttpProxy = false  - Libcurl will NOT use HTTP proxy
LogInit:  - bDontReuseConnections = false  - Libcurl will reuse connections
LogInit:  - CertBundlePath = nullptr  - Libcurl will use whatever was configured at build time.
LogInit:  - MaxHostConnections = 16  - Libcurl will limit the number of connections to a host
LogInit:  - LocalHostAddr = Default
LogInit:  - BufferSize = 65536
LogInit: WinSock: version 1.1 (2.2), MaxSocks=32767, MaxUdp=65467
LogInit: Build: ++UE4+Release-4.20-CL-4233996
LogInit: Engine Version: 4.20.1-4233996+++UE4+Release-4.20
LogInit: Compatible Engine Version: 4.20.0-4212847+++UE4+Release-4.20
LogInit: Net CL: 4212847
LogInit: OS: Windows 10 (), CPU:        Intel(R) Xeon(R) CPU E5-1650 0 @ 3.20GHz, GPU: NVIDIA Quadro K4000
LogInit: Compiled (64-bit): Jul 26 2018 10:07:30
LogInit: Compiled with Visual C++: 19.13.26129.00
LogInit: Build Configuration: Development
LogInit: Branch Name: ++UE4+Release-4.20
LogInit: Command Line: 
LogInit: Base Directory: C:/Program Files/Epic Games/UE_4.20/Engine/Binaries/Win64/
LogInit: Installed Engine Build: 1
LogDevObjectVersion: Number of dev versions registered: 20
LogDevObjectVersion:   Dev-Blueprints (B0D832E4-1F89-4F0D-ACCF-7EB736FD4AA2): 10
LogDevObjectVersion:   Dev-Build (E1C64328-A22C-4D53-A36C-8E866417BD8C): 0
LogDevObjectVersion:   Dev-Core (375EC13C-06E4-48FB-B500-84F0262A717E): 2
LogDevObjectVersion:   Dev-Editor (E4B068ED-F494-42E9-A231-DA0B2E46BB41): 24
LogDevObjectVersion:   Dev-Framework (CFFC743F-43B0-4480-9391-14DF171D2073): 34
LogDevObjectVersion:   Dev-Mobile (B02B49B5-BB20-44E9-A304-32B752E40360): 2
LogDevObjectVersion:   Dev-Networking (A4E4105C-59A1-49B5-A7C5-40C4547EDFEE): 0
LogDevObjectVersion:   Dev-Online (39C831C9-5AE6-47DC-9A44-9C173E1C8E7C): 0
LogDevObjectVersion:   Dev-Physics (78F01B33-EBEA-4F98-B9B4-84EACCB95AA2): 0
LogDevObjectVersion:   Dev-Platform (6631380F-2D4D-43E0-8009-CF276956A95A): 0
LogDevObjectVersion:   Dev-Rendering (12F88B9F-8875-4AFC-A67C-D90C383ABD29): 26
LogDevObjectVersion:   Dev-Sequencer (7B5AE74C-D270-4C10-A958-57980B212A5A): 9
LogDevObjectVersion:   Dev-VR (D7296918-1DD6-4BDD-9DE2-64A83CC13884): 2
LogDevObjectVersion:   Dev-LoadTimes (C2A15278-BFE7-4AFE-6C17-90FF531DF755): 1
LogDevObjectVersion:   Private-Geometry (6EACA3D4-40EC-4CC1-B786-8BED09428FC5): 3
LogDevObjectVersion:   Dev-AnimPhys (29E575DD-E0A3-4627-9D10-D276232CDCEA): 17
LogDevObjectVersion:   Dev-ReflectionCapture (6B266CEC-1EC7-4B8F-A30B-E4D90942FC07): 1
LogDevObjectVersion:   Dev-Automation (0DF73D61-A23F-47EA-B727-89E90C41499A): 1
LogDevObjectVersion:   FortniteMain (601D1886-AC64-4F84-AA16-D3DE0DEAC7D6): 12
LogDevObjectVersion:   Dev-Enterprise (9DFFBCD6-494F-0158-E221-12823C92A888): 1
LogStreaming: Display: Took  0.007s to delete old logs.
LogInit: Presizing for max 8388607 objects, including 0 objects not considered by GC, pre-allocating 0 bytes for permanent pool.
LogInit: Object subsystem initialized
[2019.04.09-18.22.19:229][  0]LogInit: Selected Device Profile: [Windows]
[2019.04.09-18.22.19:229][  0]LogInit: Applying CVar settings loaded from the selected device profile: [Windows]
[2019.04.09-18.22.19:249][  0]LogHAL: Display: Platform has ~ 16 GB [17135558656 / 17179869184 / 16], which maps to Larger [LargestMinGB=32, LargerMinGB=12, DefaultMinGB=8, SmallerMinGB=6, SmallestMinGB=0)
[2019.04.09-18.22.19:249][  0]LogInit: Setting Device Profile CVar: [[r.Vulkan.UseRealUBs:1]]
[2019.04.09-18.22.19:249][  0]LogInit: Going up to parent DeviceProfile []
[2019.04.09-18.22.19:250][  0]LogInit: Computer: ATC-178-03
[2019.04.09-18.22.19:250][  0]LogInit: User: brownr55
[2019.04.09-18.22.19:250][  0]LogInit: CPU Page size=4096, Cores=6
[2019.04.09-18.22.19:250][  0]LogInit: High frequency timer resolution =3.117496 MHz
[2019.04.09-18.22.19:250][  0]LogMemory: Memory total: Physical=16.0GB (16GB approx)
[2019.04.09-18.22.19:250][  0]LogMemory: Platform Memory Stats for Windows
[2019.04.09-18.22.19:250][  0]LogMemory: Process Physical Memory: 102.32 MB used, 102.32 MB peak
[2019.04.09-18.22.19:250][  0]LogMemory: Process Virtual Memory: 97.76 MB used, 97.76 MB peak
[2019.04.09-18.22.19:250][  0]LogMemory: Physical Memory: 6578.80 MB used,  9762.95 MB free, 16341.74 MB total
[2019.04.09-18.22.19:250][  0]LogMemory: Virtual Memory: 568.16 MB used,  9762.95 MB free, 134217728.00 MB total
[2019.04.09-18.22.19:278][  0]LogInit: Using OS detected language (en-US).
[2019.04.09-18.22.19:278][  0]LogInit: Using OS detected locale (en-US).
[2019.04.09-18.22.19:279][  0]LogTextLocalizationManager: No specific localization for 'en-US' exists, so the 'en' localization will be used.
[2019.04.09-18.22.19:691][  0]LogStreaming: Display: Took  0.412s to InitEngineTextLocalization.
[2019.04.09-18.22.19:691][  0]LogInit: Setting process to per monitor DPI aware
[2019.04.09-18.22.19:739][  0]LogSlate: New Slate User Created.  User Index 0, Is Virtual User: 0
[2019.04.09-18.22.19:739][  0]LogSlate: Slate User Registered.  User Index 0, Is Virtual User: 0
[2019.04.09-18.22.20:017][  0]LogHMD: Failed to initialize OpenVR with code 110
[2019.04.09-18.22.20:017][  0]LogD3D11RHI: D3D11 adapters:
[2019.04.09-18.22.20:084][  0]LogD3D11RHI:    0. 'NVIDIA Quadro K4000' (Feature Level 11_0)
[2019.04.09-18.22.20:084][  0]LogD3D11RHI:       3029/0/8170 MB DedicatedVideo/DedicatedSystem/SharedSystem, Outputs:2, VendorId:0x10de
[2019.04.09-18.22.20:086][  0]LogD3D11RHI:    1. 'Microsoft Basic Render Driver' (Feature Level 11_0)
[2019.04.09-18.22.20:086][  0]LogD3D11RHI:       0/0/8170 MB DedicatedVideo/DedicatedSystem/SharedSystem, Outputs:0, VendorId:0x1414
[2019.04.09-18.22.20:086][  0]LogD3D11RHI: Chosen D3D11 Adapter: 0
[2019.04.09-18.22.20:093][  0]LogD3D11RHI: Creating new Direct3DDevice
[2019.04.09-18.22.20:093][  0]LogD3D11RHI:     GPU DeviceId: 0x11fa (for the marketing name, search the web for "GPU Device Id")
[2019.04.09-18.22.20:093][  0]LogWindows: EnumDisplayDevices:
[2019.04.09-18.22.20:093][  0]LogWindows:    0. 'NVIDIA Quadro K4000' (P:0 D:1)
[2019.04.09-18.22.20:093][  0]LogWindows:    1. 'NVIDIA Quadro K4000' (P:1 D:1)
[2019.04.09-18.22.20:094][  0]LogWindows:    2. 'NVIDIA Quadro K4000' (P:0 D:0)
[2019.04.09-18.22.20:094][  0]LogWindows:    3. 'NVIDIA Quadro K4000' (P:0 D:0)
[2019.04.09-18.22.20:094][  0]LogWindows: DebugString: FoundDriverCount:4 
[2019.04.09-18.22.20:094][  0]LogD3D11RHI:     Adapter Name: NVIDIA Quadro K4000
[2019.04.09-18.22.20:094][  0]LogD3D11RHI:   Driver Version: 397.93 (internal:24.21.13.9793, unified:397.93)
[2019.04.09-18.22.20:094][  0]LogD3D11RHI:      Driver Date: 5-22-2018
[2019.04.09-18.22.20:094][  0]LogRHI: Texture pool is 2120 MB (70% of 3029 MB)
[2019.04.09-18.22.20:142][  0]LogD3D11RHI: Async texture creation enabled
[2019.04.09-18.22.20:171][  0]LogD3D11RHI: GPU Timing Frequency: 1000.000000 (Debug: 2 2)
[2019.04.09-18.22.20:174][  0]LogShaderCompilers: Guid format shader working directory is -33 characters bigger than the processId version (../../../../../../Users/brownr55/Desktop/dinochan/Dinochan/Dinochan_v001_UE4.20.3/Intermediate/Shaders/WorkingDirectory/10100/).
[2019.04.09-18.22.20:174][  0]LogShaderCompilers: Cleaned the shader compiler working directory 'C:/Users/brownr55/AppData/Local/Temp/UnrealShaderWorkingDir/C6500DC94D087338AA2E269FF89FACB6/'.
[2019.04.09-18.22.20:375][  0]LogTemp: Display: Loaded TP AllDesktopTargetPlatform
[2019.04.09-18.22.20:391][  0]LogTemp: Display: Loaded TP MacClientTargetPlatform
[2019.04.09-18.22.20:408][  0]LogTemp: Display: Loaded TP MacNoEditorTargetPlatform
[2019.04.09-18.22.20:425][  0]LogTemp: Display: Loaded TP MacServerTargetPlatform
[2019.04.09-18.22.20:442][  0]LogTemp: Display: Loaded TP MacTargetPlatform
[2019.04.09-18.22.20:459][  0]LogTemp: Display: Loaded TP WindowsClientTargetPlatform
[2019.04.09-18.22.20:476][  0]LogTemp: Display: Loaded TP WindowsNoEditorTargetPlatform
[2019.04.09-18.22.20:498][  0]LogTemp: Display: Loaded TP WindowsServerTargetPlatform
[2019.04.09-18.22.20:508][  0]LogTemp: Display: Loaded TP WindowsTargetPlatform
[2019.04.09-18.22.20:601][  0]LogTemp: Display: Loaded TP AndroidTargetPlatform
[2019.04.09-18.22.20:601][  0]LogTemp: Display: Loaded TP AndroidTargetPlatform
[2019.04.09-18.22.20:601][  0]LogTemp: Display: Loaded TP AndroidTargetPlatform
[2019.04.09-18.22.20:601][  0]LogTemp: Display: Loaded TP AndroidTargetPlatform
[2019.04.09-18.22.20:601][  0]LogTemp: Display: Loaded TP AndroidTargetPlatform
[2019.04.09-18.22.20:601][  0]LogTemp: Display: Loaded TP AndroidTargetPlatform
[2019.04.09-18.22.20:601][  0]LogTemp: Display: Loaded TP AndroidTargetPlatform
[2019.04.09-18.22.20:601][  0]LogTemp: Display: Loaded TP AndroidTargetPlatform
[2019.04.09-18.22.20:601][  0]LogTemp: Display: Loaded TP AndroidTargetPlatform
[2019.04.09-18.22.20:601][  0]LogTemp: Display: Loaded TP AndroidTargetPlatform
[2019.04.09-18.22.20:601][  0]LogTemp: Display: Loaded TP AndroidTargetPlatform
[2019.04.09-18.22.20:601][  0]LogTemp: Display: Loaded TP AndroidTargetPlatform
[2019.04.09-18.22.20:601][  0]LogTemp: Display: Loaded TP AndroidTargetPlatform
[2019.04.09-18.22.20:601][  0]LogTemp: Display: Loaded TP AndroidTargetPlatform
[2019.04.09-18.22.20:601][  0]LogTemp: Display: Loaded TP AndroidTargetPlatform
[2019.04.09-18.22.20:601][  0]LogTemp: Display: Loaded TP AndroidTargetPlatform
[2019.04.09-18.22.20:601][  0]LogTemp: Display: Loaded TP AndroidTargetPlatform
[2019.04.09-18.22.20:602][  0]LogTemp: Display: Loaded TP AndroidTargetPlatform
[2019.04.09-18.22.20:603][  0]LogTemp: Display: Loaded TP HTML5TargetPlatform
[2019.04.09-18.22.20:672][  0]LogTemp: Display: Loaded TP IOSTargetPlatform
[2019.04.09-18.22.20:672][  0]LogTemp: Display: Loaded TP IOSTargetPlatform
[2019.04.09-18.22.20:708][  0]LogTemp: Display: Loaded TP TVOSTargetPlatform
[2019.04.09-18.22.20:708][  0]LogTemp: Display: Loaded TP TVOSTargetPlatform
[2019.04.09-18.22.20:723][  0]LogTemp: Display: Loaded TP LinuxClientTargetPlatform
[2019.04.09-18.22.20:738][  0]LogTemp: Display: Loaded TP LinuxNoEditorTargetPlatform
[2019.04.09-18.22.20:753][  0]LogTemp: Display: Loaded TP LinuxServerTargetPlatform
[2019.04.09-18.22.20:769][  0]LogTemp: Display: Loaded TP LinuxTargetPlatform
[2019.04.09-18.22.20:779][  0]LogTemp: Display: Loaded TP LuminTargetPlatform
[2019.04.09-18.22.20:780][  0]LogTargetPlatformManager: Display: Building Assets For Windows
[2019.04.09-18.22.20:846][  0]LogXGEController: Cannot use XGE Controller as Incredibuild is not installed on this machine.
[2019.04.09-18.22.20:846][  0]LogShaderCompilers: Cannot use XGE Shader Compiler as Incredibuild is not installed on this machine.
[2019.04.09-18.22.20:846][  0]LogShaderCompilers: Display: Using Local Shader Compiler.
[2019.04.09-18.22.21:882][  0]LogDerivedDataCache: Display: Max Cache Size: 512 MB
[2019.04.09-18.22.21:947][  0]LogDerivedDataCache: Loaded boot cache 0.06s 71MB C:/Users/brownr55/AppData/Local/UnrealEngine/4.20/DerivedDataCache/Boot.ddc.
[2019.04.09-18.22.21:947][  0]LogDerivedDataCache: Display: Loaded Boot cache: C:/Users/brownr55/AppData/Local/UnrealEngine/4.20/DerivedDataCache/Boot.ddc
[2019.04.09-18.22.21:947][  0]LogDerivedDataCache: FDerivedDataBackendGraph:  Pak pak cache file ../../../../../../Users/brownr55/Desktop/dinochan/Dinochan/Dinochan_v001_UE4.20.3/DerivedDataCache/DDC.ddp not found, will not use a pak cache.
[2019.04.09-18.22.21:947][  0]LogDerivedDataCache: Unable to find inner node Pak for hierarchical cache Hierarchy.
[2019.04.09-18.22.21:948][  0]LogDerivedDataCache: FDerivedDataBackendGraph:  CompressedPak pak cache file ../../../../../../Users/brownr55/Desktop/dinochan/Dinochan/Dinochan_v001_UE4.20.3/DerivedDataCache/Compressed.ddp not found, will not use a pak cache.
[2019.04.09-18.22.21:948][  0]LogDerivedDataCache: Unable to find inner node CompressedPak for hierarchical cache Hierarchy.
[2019.04.09-18.22.21:969][  0]LogDerivedDataCache: Display: Pak cache opened for reading ../../../Engine/DerivedDataCache/Compressed.ddp.
[2019.04.09-18.22.21:981][  0]LogDerivedDataCache: Using Local data cache path C:/Users/brownr55/AppData/Local/UnrealEngine/Common/DerivedDataCache: Writable
[2019.04.09-18.22.21:981][  0]LogDerivedDataCache: Shared data cache path not found in *engine.ini, will not use an Shared cache.
[2019.04.09-18.22.21:981][  0]LogDerivedDataCache: Unable to find inner node Shared for hierarchical cache Hierarchy.
[2019.04.09-18.22.22:004][  0]LogMaterial: Verifying Global Shaders for PCD3D_SM5
[2019.04.09-18.22.22:005][  0]LogSlate: Using FreeType 2.6.0
[2019.04.09-18.22.22:006][  0]LogSlate: SlateFontServices - WITH_FREETYPE: 1, WITH_HARFBUZZ: 1
[2019.04.09-18.22.22:101][  0]LogAssetRegistry: FAssetRegistry took 0.0275 seconds to start up
[2019.04.09-18.22.22:576][  0]LogInit: Selected Device Profile: [Windows]
[2019.04.09-18.22.22:638][  0]LogSimplygon: Simplygon DLL not present - disabling.
[2019.04.09-18.22.22:643][  0]LogMeshReduction: Using SimplygonSwarm for distributed automatic mesh merging
[2019.04.09-18.22.22:643][  0]LogMeshReduction: Using ProxyLODMeshReduction for automatic mesh merging
[2019.04.09-18.22.22:643][  0]LogMeshReduction: Using QuadricMeshReduction for automatic static mesh reduction
[2019.04.09-18.22.22:643][  0]LogMeshReduction: No automatic skeletal mesh reduction module available
[2019.04.09-18.22.22:767][  0]LogNetVersion: Dinochan_v001 1.0.0, NetCL: 4212847, EngineNetVer: 5, GameNetVer: 0 (Checksum: 2574802920)
[2019.04.09-18.22.23:478][  0]LogPackageLocalizationCache: Processed 11 localized package path(s) for 2 prioritized culture(s) in 0.235563 seconds
[2019.04.09-18.22.23:485][  0]LogUObjectArray: 38425 objects as part of root set at end of initial load.
[2019.04.09-18.22.23:485][  0]LogUObjectAllocator: 6690864 out of 0 bytes used by permanent object pool.
[2019.04.09-18.22.23:485][  0]LogUObjectArray: CloseDisregardForGC: 0/0 objects in disregard for GC pool
[2019.04.09-18.22.24:457][  0]LogTcpMessaging: Initializing TcpMessaging bridge
[2019.04.09-18.22.24:470][  0]LogUdpMessaging: Initializing bridge on interface 0.0.0.0:0 to multicast group 230.0.0.1:6666.
[2019.04.09-18.22.24:625][  0]SourceControl: Source control is disabled
[2019.04.09-18.22.24:625][  0]SourceControl: Source control is disabled
[2019.04.09-18.22.24:626][  0]SourceControl: Source control is disabled
[2019.04.09-18.22.24:627][  0]SourceControl: Source control is disabled
[2019.04.09-18.22.24:807][  0]LogAndroidPermission: UAndroidPermissionCallbackProxy::GetInstance
[2019.04.09-18.22.24:869][  0]LogOcInput: OculusInput pre-init called
[2019.04.09-18.22.24:944][  0]LogEngine: Initializing Engine...
[2019.04.09-18.22.24:945][  0]LogHMD: Failed to initialize OpenVR with code 110
[2019.04.09-18.22.24:947][  0]LogStats: UGameplayTagsManager::ConstructGameplayTagTree: ImportINI prefixes -  0.000 s
[2019.04.09-18.22.24:947][  0]LogStats: UGameplayTagsManager::ConstructGameplayTagTree: Construct from data asset -  0.000 s
[2019.04.09-18.22.24:947][  0]LogStats: UGameplayTagsManager::ConstructGameplayTagTree: ImportINI -  0.000 s
[2019.04.09-18.22.24:947][  0]LogStats: UGameplayTagsManager::ConstructGameplayTagTree: GameplayTagTreeChangedEvent.Broadcast -  0.000 s
[2019.04.09-18.22.25:189][  0]LogInit: Initializing FReadOnlyCVARCache
[2019.04.09-18.22.25:204][  0]LogAIModule: Creating AISystem for world Untitled
[2019.04.09-18.22.25:217][  0]LogInit: XAudio2 using 'Headphones (High Definition Audio Device)' : 2 channels at 48 kHz using 16 bits per sample (channel mask 0x3)
[2019.04.09-18.22.25:228][  0]LogInit: FAudioDevice initialized.
[2019.04.09-18.22.25:229][  0]LogNetVersion: Set ProjectVersion to 1.0.0.0. Version Checksum will be recalculated on next use.
[2019.04.09-18.22.25:298][  0]LogDerivedDataCache: Saved boot cache 0.07s 71MB C:/Users/brownr55/AppData/Local/UnrealEngine/4.20/DerivedDataCache/Boot.ddc.
[2019.04.09-18.22.25:301][  0]LogInit: Texture streaming: Enabled
[2019.04.09-18.22.25:322][  0]LogEngineSessionManager: EngineSessionManager initialized
[2019.04.09-18.22.25:336][  0]LogInit: Transaction tracking system initialized
[2019.04.09-18.22.25:362][  0]BlueprintLog: New page: Editor Load
[2019.04.09-18.22.25:458][  0]LocalizationService: Localization service is disabled
[2019.04.09-18.22.25:739][  0]LogCook: Display: Max memory allowance for cook 16384mb min free memory 0mb
[2019.04.09-18.22.25:740][  0]LogCook: Display: Mobile HDR setting 1
[2019.04.09-18.22.25:740][  0]LogGameplayTags: Display: UGameplayTagsManager::DoneAddingNativeTags. DelegateIsBound: 0
[2019.04.09-18.22.25:740][  0]LogStats: UGameplayTagsManager::ConstructGameplayTagTree: ImportINI prefixes -  0.000 s
[2019.04.09-18.22.25:740][  0]LogStats: UGameplayTagsManager::ConstructGameplayTagTree: Construct from data asset -  0.000 s
[2019.04.09-18.22.25:740][  0]LogStats: UGameplayTagsManager::ConstructGameplayTagTree: ImportINI -  0.000 s
[2019.04.09-18.22.25:740][  0]LogStats: UGameplayTagsManager::ConstructGameplayTagTree: GameplayTagTreeChangedEvent.Broadcast -  0.000 s
[2019.04.09-18.22.25:880][  0]LogFileCache: Scanning file cache for directory 'C:/Users/brownr55/Desktop/dinochan/Dinochan/Dinochan_v001_UE4.20.3/Content/' took 0.02s
[2019.04.09-18.22.25:880][  0]SourceControl: Source control is disabled
[2019.04.09-18.22.25:880][  0]Cmd: MAP LOAD FILE="../../../../../../Users/brownr55/Desktop/dinochan/Dinochan/Dinochan_v001_UE4.20.3/Content/_Maps/SharedLevel/Persistant_Empty.umap" TEMPLATE=0 SHOWPROGRESS=1 FEATURELEVEL=3
[2019.04.09-18.22.25:881][  0]LightingResults: New page: Lighting Build
[2019.04.09-18.22.25:884][  0]MapCheck: New page: Map Check
[2019.04.09-18.22.25:884][  0]LightingResults: New page: Lighting Build
[2019.04.09-18.22.25:950][  0]LogAIModule: Creating AISystem for world Persistant_Empty
[2019.04.09-18.22.25:951][  0]LogStreaming: Display: ULevelStreaming::RequestLevel(/Game/_Maps/SharedLevel/AssetLevel) is flushing async loading
[2019.04.09-18.22.25:951][  0]LogStreaming: Display: Flushing async loaders.
[2019.04.09-18.22.26:951][  0]LogTexture: Display: Building textures: HQ_Lightmap0_7 (AutoDXT, 64X64)
[2019.04.09-18.22.26:951][  0]LogTexture: Display: Building textures: HQ_Lightmap0_5 (AutoDXT, 512X512)
[2019.04.09-18.22.26:951][  0]LogTexture: Display: Building textures: LQ_Lightmap_0_5 (DXT1, 512X512)
[2019.04.09-18.22.26:951][  0]LogTexture: Display: Building textures: LQ_Lightmap_0_7 (DXT1, 64X64)
[2019.04.09-18.22.26:951][  0]LogTexture: Display: Building textures: T_Grass_Bunch_01 (BGRA8, 1479X940)
[2019.04.09-18.22.26:951][  0]LogTexture: Display: Building textures: T_Grass_Bunch_Alpha (BGRA8, 1479X940)
[2019.04.09-18.22.26:951][  0]LogTexture: Display: Building textures: LQ_Lightmap_0_4 (DXT1, 2048X2048)
[2019.04.09-18.22.26:951][  0]LogTexture: Display: Building textures: HQ_Lightmap1_3 (AutoDXT, 2048X2048)
[2019.04.09-18.22.26:951][  0]LogTexture: Display: Building textures: HQ_Lightmap0_4 (AutoDXT, 2048X2048)
[2019.04.09-18.22.26:951][  0]LogTexture: Display: Building textures: HQ_Lightmap1_2 (AutoDXT, 2048X2048)
[2019.04.09-18.22.26:951][  0]LogTexture: Display: Building textures: LQ_Lightmap_1_1 (DXT1, 2048X2048)
[2019.04.09-18.22.26:951][  0]LogTexture: Display: Building textures: HQ_Lightmap1_1 (AutoDXT, 2048X2048)
[2019.04.09-18.22.26:951][  0]LogTexture: Display: Building textures: ShadowMapTexture2D_0 (G8, 2048X2048)
[2019.04.09-18.22.26:951][  0]LogTexture: Display: Building textures: LQ_Lightmap_1_2 (DXT1, 2048X2048)
[2019.04.09-18.22.26:951][  0]LogTexture: Display: Building textures: LQ_Lightmap_1_3 (DXT1, 2048X2048)
[2019.04.09-18.22.26:951][  0]LogTexture: Display: Building textures: ShadowMapTexture2D_1 (G8, 2048X1024)
[2019.04.09-18.22.26:951][  0]LogTexture: Display: Building textures: ShadowMapTexture2D_2 (G8, 256X256)
[2019.04.09-18.22.26:951][  0]LogTexture: Display: Building textures: ShadowMapTexture2D_3 (G8, 32X32)
[2019.04.09-18.22.26:951][  0]LogTexture: Display: Building textures: Balcony_Base_Color (AutoDXT, 2048X2048)
[2019.04.09-18.22.26:951][  0]LogTexture: Display: Building textures: Balcony_Frame_Base_Color (AutoDXT, 2048X2048)
[2019.04.09-18.22.26:984][  0]LogStaticMesh: Building static mesh Grass_Bunch_Thick_001...
[2019.04.09-18.22.26:994][  0]LogStaticMesh: Built static mesh [0.01s] /Game/1_Models/Foliage/Grass_Bunch_Thick_001.Grass_Bunch_Thick_001
[2019.04.09-18.22.27:034][  0]LogStaticMesh: Building static mesh Grass_Bunch_Thick_002...
[2019.04.09-18.22.27:038][  0]LogStaticMesh: Built static mesh [0.00s] /Game/1_Models/Foliage/Grass_Bunch_Thick_002.Grass_Bunch_Thick_002
[2019.04.09-18.22.27:040][  0]LogStaticMesh: Building static mesh Grass_Bunch_Thick_003...
[2019.04.09-18.22.27:045][  0]LogStaticMesh: Built static mesh [0.00s] /Game/1_Models/Foliage/Grass_Bunch_Thick_003.Grass_Bunch_Thick_003
[2019.04.09-18.22.27:047][  0]LogStaticMesh: Building static mesh Grass_Bunch_Thick_004...
[2019.04.09-18.22.27:051][  0]LogStaticMesh: Built static mesh [0.00s] /Game/1_Models/Foliage/Grass_Bunch_Thick_004.Grass_Bunch_Thick_004
[2019.04.09-18.22.28:523][  0]LogTexture: Display: Building textures: Door_Base_Color (AutoDXT, 2048X2048)
[2019.04.09-18.22.28:523][  0]LogTexture: Display: Building textures: Floor_Base_Color (AutoDXT, 2048X2048)
[2019.04.09-18.22.28:523][  0]LogTexture: Display: Building textures: LP_Tower_Outside_Tower_Outside_color_BaseColor (AutoDXT, 2048X2048)
[2019.04.09-18.22.28:523][  0]LogTexture: Display: Building textures: Tower_Inside_Base_Color (AutoDXT, 2048X2048)
[2019.04.09-18.22.28:523][  0]LogStaticMesh: Building static mesh Meteor_LorgewCrystals_Merged...
[2019.04.09-18.22.28:884][  0]LogStaticMesh: Built static mesh [0.36s] /Game/1_Models/Rocks/Meteor_Lorge/Meteor_LorgewCrystals_Merged.Meteor_LorgewCrystals_Merged
[2019.04.09-18.22.29:002][  0]LogStaticMesh: Building static mesh platforms_bigPlat...
[2019.04.09-18.22.29:031][  0]LogStaticMesh: Built static mesh [0.03s] /Game/1_Models/Assets_v2/platforms/platforms_bigPlat.platforms_bigPlat
[2019.04.09-18.22.29:042][  0]LogStaticMesh: Building static mesh platforms_medPlat...
[2019.04.09-18.22.29:068][  0]LogStaticMesh: Built static mesh [0.03s] /Game/1_Models/Assets_v2/platforms/platforms_medPlat.platforms_medPlat
[2019.04.09-18.22.29:077][  0]LogStaticMesh: Building static mesh platforms_smallPlat...
[2019.04.09-18.22.29:103][  0]LogStaticMesh: Built static mesh [0.03s] /Game/1_Models/Assets_v2/platforms/platforms_smallPlat.platforms_smallPlat
[2019.04.09-18.22.29:172][  0]LogStaticMesh: Building static mesh Tower_Together+Door_fook__Balcony...
[2019.04.09-18.22.29:195][  0]LogStaticMesh: Built static mesh [0.02s] /Game/1_Models/Hives/Tower_Together+Door_fook__Balcony.Tower_Together+Door_fook__Balcony
[2019.04.09-18.22.29:204][  0]LogStaticMesh: Building static mesh Tower_Together+Door_fook__Door_entry...
[2019.04.09-18.22.29:229][  0]LogStaticMesh: Built static mesh [0.03s] /Game/1_Models/Hives/Tower_Together+Door_fook__Door_entry.Tower_Together+Door_fook__Door_entry
[2019.04.09-18.22.29:236][  0]LogStaticMesh: Building static mesh Tower_Together+Door_fook__Door_L...
[2019.04.09-18.22.29:251][  0]LogStaticMesh: Built static mesh [0.01s] /Game/1_Models/Hives/Tower_Together+Door_fook__Door_L.Tower_Together+Door_fook__Door_L
[2019.04.09-18.22.29:257][  0]LogStaticMesh: Building static mesh Tower_Together+Door_fook__Door_R...
[2019.04.09-18.22.29:271][  0]LogStaticMesh: Built static mesh [0.01s] /Game/1_Models/Hives/Tower_Together+Door_fook__Door_R.Tower_Together+Door_fook__Door_R
[2019.04.09-18.22.29:276][  0]LogStaticMesh: Building static mesh Tower_Together+Door_fook__Flooring_backup...
[2019.04.09-18.22.29:287][  0]LogStaticMesh: Built static mesh [0.01s] /Game/1_Models/Hives/Tower_Together+Door_fook__Flooring_backup.Tower_Together+Door_fook__Flooring_backup
[2019.04.09-18.22.29:291][  0]LogStaticMesh: Building static mesh Tower_Together+Door_fook__Frame...
[2019.04.09-18.22.29:304][  0]LogStaticMesh: Built static mesh [0.01s] /Game/1_Models/Hives/Tower_Together+Door_fook__Frame.Tower_Together+Door_fook__Frame
[2019.04.09-18.22.29:350][  0]LogStaticMesh: Building static mesh Tower_Together+Door_fook__Tower_Inside...
[2019.04.09-18.22.29:412][  0]LogStaticMesh: Built static mesh [0.06s] /Game/1_Models/Hives/Tower_Together+Door_fook__Tower_Inside.Tower_Together+Door_fook__Tower_Inside
[2019.04.09-18.22.29:437][  0]LogStaticMesh: Building static mesh Tower_Together+Door_fook__Tower_Outside001...
[2019.04.09-18.22.29:493][  0]LogStaticMesh: Built static mesh [0.06s] /Game/1_Models/Hives/Tower_Together+Door_fook__Tower_Outside001.Tower_Together+Door_fook__Tower_Outside001
[2019.04.09-18.22.29:666][  0]LogMaterial: Display: Missing cached shader map for material M_GrassThick, compiling. 
[2019.04.09-18.22.31:446][  0]LogShaderCompilers: Display: Shaders left to compile 85
[2019.04.09-18.22.31:446][  0]LogShaderCompilers: Display: Shaders left to compile 75
[2019.04.09-18.22.31:446][  0]LogShaderCompilers: Display: Shaders left to compile 65
[2019.04.09-18.22.31:446][  0]LogShaderCompilers: Display: Shaders left to compile 55
[2019.04.09-18.22.31:446][  0]LogShaderCompilers: Display: Shaders left to compile 45
[2019.04.09-18.22.31:446][  0]LogShaderCompilers: Display: Shaders left to compile 35
[2019.04.09-18.22.31:446][  0]LogShaderCompilers: Display: Shaders left to compile 25
[2019.04.09-18.22.31:446][  0]LogShaderCompilers: Display: Shaders left to compile 15
[2019.04.09-18.22.31:446][  0]LogShaderCompilers: Display: Shaders left to compile 5
[2019.04.09-18.22.31:446][  0]LogTexture: Display: Building textures: T_Crystal_Purple (AutoDXT, 2048X2048)
[2019.04.09-18.22.31:446][  0]LogTexture: Display: Building textures: T_Meteor_Lorge_Colors (AutoDXT, 2048X2048)
[2019.04.09-18.22.31:446][  0]LogMaterial: Display: Missing cached shader map for material Balcony_Base_Color_Mat, compiling. 
[2019.04.09-18.22.31:685][  0]LogMaterial: Display: Missing cached shader map for material Balcony_Frame_Base_Color_Mat, compiling. 
[2019.04.09-18.22.31:716][  0]LogMaterial: Display: Missing cached shader map for material Door_Base_Color_Mat, compiling. 
[2019.04.09-18.22.31:748][  0]LogMaterial: Display: Missing cached shader map for material Floor_Base_Color_Mat, compiling. 
[2019.04.09-18.22.31:779][  0]LogMaterial: Display: Missing cached shader map for material LP_Tower_Outside_Tower_Outside_color_BaseColor_Mat, compiling. 
[2019.04.09-18.22.31:811][  0]LogMaterial: Display: Missing cached shader map for material Tower_Inside_Base_Color_Mat, compiling. 
[2019.04.09-18.22.33:015][  0]LogMaterial: Display: Missing cached shader map for material M_Crystal_Purple, compiling. 
[2019.04.09-18.22.33:082][  0]LogMaterial: Display: Missing cached shader map for material M_Meteor_Lorge, compiling. 
[2019.04.09-18.22.33:542][  0]LogStreaming: Display: ULevelStreaming::RequestLevel(/Game/_Maps/SharedLevel/Cine_Level) is flushing async loading
[2019.04.09-18.22.33:756][  0]LogStaticMesh: Building static mesh GreatDoor_Door_entry...
[2019.04.09-18.22.33:775][  0]LogStaticMesh: Built static mesh [0.02s] /Game/1_Models/Assets_v2/GreatDoor/GreatDoor_Door_entry.GreatDoor_Door_entry
[2019.04.09-18.22.33:784][  0]LogStaticMesh: Building static mesh GreatDoor_Gem...
[2019.04.09-18.22.33:804][  0]LogStaticMesh: Built static mesh [0.02s] /Game/1_Models/Assets_v2/GreatDoor/GreatDoor_Gem.GreatDoor_Gem
[2019.04.09-18.22.33:816][  0]LogStaticMesh: Building static mesh GreatDoor_LeftDoorThin...
[2019.04.09-18.22.33:845][  0]LogStaticMesh: Built static mesh [0.03s] /Game/1_Models/Assets_v2/GreatDoor/GreatDoor_LeftDoorThin.GreatDoor_LeftDoorThin
[2019.04.09-18.22.33:859][  0]LogStaticMesh: Building static mesh GreatDoor_RightDoor_Thin...
[2019.04.09-18.22.33:893][  0]LogStaticMesh: Built static mesh [0.03s] /Game/1_Models/Assets_v2/GreatDoor/GreatDoor_RightDoor_Thin.GreatDoor_RightDoor_Thin
[2019.04.09-18.22.33:974][  0]LogStreaming: Display: ULevelStreaming::RequestLevel(/Game/_Maps/SharedLevel/BP_Level) is flushing async loading
[2019.04.09-18.22.35:909][  0]LogTexture: Display: Building textures: Backpack (AutoDXT, 3840X2160)
[2019.04.09-18.22.35:909][  0]LogTexture: Display: Building textures: SelectionMark (BGRA8, 499X414)
[2019.04.09-18.22.35:909][  0]LogTexture: Display: Building textures: QuitMenu (BGRA8, 1198X1500)
[2019.04.09-18.22.35:918][  0]LogEditorServer: Finished looking for orphan Actors (0.000 secs)
[2019.04.09-18.22.36:042][  0]Cmd: MAP CHECKDEP NOCLEARLOG
[2019.04.09-18.22.36:233][  0]MapCheck: Map check complete: 0 Error(s), 0 Warning(s), took 191.54ms to complete.
[2019.04.09-18.22.36:233][  0]LogFileHelpers: Loading map 'Persistant_Empty' took 10.353
[2019.04.09-18.22.36:440][  0]LogSlate: Updating window title bar state: overlay mode, drag disabled, window buttons hidden, title bar hidden
[2019.04.09-18.22.36:456][  0]LogSlate: Updating window title bar state: overlay mode, drag disabled, window buttons hidden, title bar hidden
[2019.04.09-18.22.36:471][  0]LogShaderCompilers: Display: Shaders left to compile 230
[2019.04.09-18.22.36:472][  0]LogSlate: Updating window title bar state: overlay mode, drag disabled, window buttons hidden, title bar hidden
[2019.04.09-18.22.36:489][  0]LogSlate: Updating window title bar state: overlay mode, drag disabled, window buttons hidden, title bar hidden
[2019.04.09-18.22.36:517][  0]LogCollectionManager: Loaded 0 collections in 0.003551 seconds
[2019.04.09-18.22.36:592][  0]LogFileCache: Scanning file cache for directory 'C:/Users/brownr55/Desktop/dinochan/Dinochan/Dinochan_v001_UE4.20.3/Saved/Collections/' took 0.01s
[2019.04.09-18.22.36:592][  0]LogFileCache: Scanning file cache for directory 'C:/Users/brownr55/Desktop/dinochan/Dinochan/Dinochan_v001_UE4.20.3/Content/Developers/brownr55/Collections/' took 0.01s
[2019.04.09-18.22.36:592][  0]LogFileCache: Scanning file cache for directory 'C:/Users/brownr55/Desktop/dinochan/Dinochan/Dinochan_v001_UE4.20.3/Content/Collections/' took 0.01s
[2019.04.09-18.22.36:592][  0]LogCollectionManager: Rebuilt the GUID cache for 0 collections in 0.000001 seconds
[2019.04.09-18.22.36:616][  0]LogContentBrowser: Native class hierarchy populated in 0.0217 seconds. Added 2572 classes and 603 folders.
[2019.04.09-18.22.36:634][  0]LogContentBrowser: Native class hierarchy updated for 'WidgetCarousel' in 0.0004 seconds. Added 0 classes and 0 folders.
[2019.04.09-18.22.37:373][  0]LogContentBrowser: Native class hierarchy updated for 'AddContentDialog' in 0.0004 seconds. Added 0 classes and 0 folders.
[2019.04.09-18.22.37:391][  0]LogContentBrowser: Native class hierarchy updated for 'SceneOutliner' in 0.0005 seconds. Added 1 classes and 2 folders.
[2019.04.09-18.22.37:452][  0]LogSlate: Took 0.000311 seconds to synchronously load lazily loaded font '../../../Engine/Content/Slate/Fonts/Roboto-Regular.ttf' (155K)
[2019.04.09-18.22.37:456][  0]LogSlate: Took 0.000303 seconds to synchronously load lazily loaded font '../../../Engine/Content/Slate/Fonts/Roboto-Bold.ttf' (160K)
[2019.04.09-18.22.37:480][  0]LogSlate: Took 0.011552 seconds to synchronously load lazily loaded font '../../../Engine/Content/Editor/Slate/Fonts/FontAwesome.ttf' (139K)
[2019.04.09-18.22.37:767][  0]LogRenderer: Reallocating scene render targets to support 1056x556 Format 10 NumSamples 1 (Frame:1).
[2019.04.09-18.22.38:045][  0]LogContentBrowser: Native class hierarchy updated for 'HierarchicalLODOutliner' in 0.0005 seconds. Added 0 classes and 0 folders.
[2019.04.09-18.22.38:045][  0]LogLoad: (Engine Initialization) Total time: 21.20 seconds
[2019.04.09-18.22.38:045][  0]LogLoad: (Engine Initialization) Total Blueprint compile time: 0.00 seconds
[2019.04.09-18.22.38:056][  0]LogWindowsTextInputMethodSystem: Display: IME system now deactivated.
[2019.04.09-18.22.38:098][  0]LogContentStreaming: Texture pool size now 3000 MB
[2019.04.09-18.22.38:169][  0]LogSlate: Took 0.010607 seconds to synchronously load lazily loaded font '../../../Engine/Content/Slate/Fonts/Roboto-Light.ttf' (167K)
[2019.04.09-18.22.38:346][  3]LogAssetRegistry: Asset discovery search completed in 16.2677 seconds
[2019.04.09-18.22.38:350][  3]LogCollectionManager: Rebuilt the object cache for 0 collections in 0.000000 seconds (found 0 objects)
[2019.04.09-18.22.38:350][  3]LogCollectionManager: Fixed up redirectors for 0 collections in 0.000108 seconds (updated 0 objects)
[2019.04.09-18.22.38:817][ 46]LogShaderCompilers: Display: Shaders left to compile 220
[2019.04.09-18.22.39:720][ 63]LogShaderCompilers: Display: Shaders left to compile 210
[2019.04.09-18.22.40:736][ 63]LogShaderCompilers: Display: Shaders left to compile 200
[2019.04.09-18.22.40:988][ 64]Cmd: ACTOR HIDE SELECTED
[2019.04.09-18.22.41:050][ 64]LogShaderCompilers: Display: Shaders left to compile 190
[2019.04.09-18.22.41:166][ 65]LogSlate: Took 0.000272 seconds to synchronously load lazily loaded font '../../../Engine/Content/Slate/Fonts/Roboto-Light.ttf' (167K)
[2019.04.09-18.22.41:597][ 95]LogShaderCompilers: Display: Shaders left to compile 180
[2019.04.09-18.22.41:815][120]LogShaderCompilers: Display: Shaders left to compile 170
[2019.04.09-18.22.42:269][148]LogShaderCompilers: Display: Shaders left to compile 160
[2019.04.09-18.22.42:518][159]LogShaderCompilers: Display: Shaders left to compile 150
[2019.04.09-18.22.43:186][184]LogFileCache: Retrieving MD5 hashes for directory 'C:/Users/brownr55/Desktop/dinochan/Dinochan/Dinochan_v001_UE4.20.3/Content/' took 5.12s
[2019.04.09-18.22.43:598][201]LogShaderCompilers: Display: Shaders left to compile 140
[2019.04.09-18.22.44:624][246]LogShaderCompilers: Display: Shaders left to compile 130
[2019.04.09-18.22.44:641][247]LogShaderCompilers: Display: Shaders left to compile 120
[2019.04.09-18.22.46:111][314]LogShaderCompilers: Display: Shaders left to compile 110
[2019.04.09-18.22.46:740][332]LogShaderCompilers: Display: Shaders left to compile 100
[2019.04.09-18.22.46:839][333]LogShaderCompilers: Display: Shaders left to compile 90
[2019.04.09-18.22.46:956][334]LogShaderCompilers: Display: Shaders left to compile 80
[2019.04.09-18.22.47:557][358]LogShaderCompilers: Display: Shaders left to compile 70
[2019.04.09-18.22.48:179][383]LogShaderCompilers: Display: Shaders left to compile 60
[2019.04.09-18.22.49:426][443]LogShaderCompilers: Display: Shaders left to compile 50
[2019.04.09-18.22.50:047][455]LogShaderCompilers: Display: Shaders left to compile 40
[2019.04.09-18.22.50:543][468]LogShaderCompilers: Display: Shaders left to compile 30
[2019.04.09-18.22.50:597][471]LogShaderCompilers: Display: Shaders left to compile 20
[2019.04.09-18.22.51:465][489]LogShaderCompilers: Display: Shaders left to compile 10
[2019.04.09-18.26.33:768][373]LogSlate: FSceneViewport::OnFocusLost() reason 0
[2019.04.09-18.29.08:142][499]LogSlate: FSceneViewport::OnFocusLost() reason 0
[2019.04.09-18.29.08:307][508]LogAssetEditorManager: Opening Asset editor for WidgetBlueprint /Game/4_UI_Widgets/InventoryMenu.InventoryMenu
[2019.04.09-18.29.09:183][508]LogContentBrowser: Native class hierarchy updated for 'BlueprintGraph' in 0.0008 seconds. Added 116 classes and 0 folders.
[2019.04.09-18.29.10:443][508]LogSlate: Took 0.005845 seconds to synchronously load lazily loaded font '../../../Engine/Content/Slate/Fonts/Roboto-BoldCondensed.ttf' (158K)
[2019.04.09-18.29.34:836][731]LogSlate: Window 'InventoryMenu' being destroyed
[2019.04.09-18.49.16:799][471]AssetReimport: New page: Outstanding source content changes 10:49:16 AM
[2019.04.09-18.49.16:801][471]LogFactory: FactoryCreateFile: Texture with ReimportTextureFactory (0 0 C:/Users/brownr55/Desktop/dinochan/Dinochan/Dinochan_v001_UE4.20.3/Content/4_UI_Widgets/Images/Menu Arrows.png)
[2019.04.09-18.49.16:915][472]LogSavePackage: Moving '../../../../../../Users/brownr55/Desktop/dinochan/Dinochan/Dinochan_v001_UE4.20.3/Saved/Menu_Arrows46CCD4BF4FCDBE44A175279B456B6775.tmp' to '../../../../../../Users/brownr55/Desktop/dinochan/Dinochan/Dinochan_v001_UE4.20.3/Content/4_UI_Widgets/Images/Menu_Arrows.uasset'
[2019.04.09-18.49.19:936][728]AssetReimport: Importing new asset /Game/4_UI_Widgets/Images/Menu_Arrows.
[2019.04.09-18.50.03:201][381]LogEditorTransaction: Undo Resize Widget
[2019.04.09-18.50.30:768][781]LogFileHelpers: Editor autosave (incl. sublevels) for '/Game/_Maps/SharedLevel/Persistant_Empty' took 0.041
[2019.04.09-18.50.30:770][781]OBJ SavePackage: Generating thumbnails for [0] asset(s) in package [/Game/4_UI_Widgets/InventoryMenu] ([1] browsable assets)...
[2019.04.09-18.50.30:770][781]OBJ SavePackage: Finished generating thumbnails for package [/Game/4_UI_Widgets/InventoryMenu]
[2019.04.09-18.50.30:840][781]LogSavePackage: Moving '../../../../../../Users/brownr55/Desktop/dinochan/Dinochan/Dinochan_v001_UE4.20.3/Saved/InventoryMenu_Auto13220ACF64DCDA2847A4875A23618AD3E.tmp' to '../../../../../../Users/brownr55/Desktop/dinochan/Dinochan/Dinochan_v001_UE4.20.3/Saved/Autosaves/Game/4_UI_Widgets/InventoryMenu_Auto1.uasset'
[2019.04.09-18.50.30:844][781]LogFileHelpers: Auto-saving content packages took 0.075
[2019.04.09-18.53.01:553][232]BlueprintLog: New page: Compile InventoryMenu
[2019.04.09-18.53.01:759][232]LogSavePackage: Moving '../../../../../../Users/brownr55/Desktop/dinochan/Dinochan/Dinochan_v001_UE4.20.3/Saved/InventoryMenu9F748C6A4DE45F275930A1A969F02EE7.tmp' to '../../../../../../Users/brownr55/Desktop/dinochan/Dinochan/Dinochan_v001_UE4.20.3/Content/4_UI_Widgets/InventoryMenu.uasset'
[2019.04.09-19.04.03:694][559]LogAudio: Warning: Current Audio Device with ID {0.0.0.00000000}.{9af76154-dca5-423a-b249-dbaf2a3bbb20} was removed. Shutting down audio device.
[2019.04.09-19.04.03:694][559]LogInit: XAudio2 using 'Speakers (3- High Definition Audio Device)' : 2 channels at 48 kHz using 16 bits per sample (channel mask 0x3)
[2019.04.09-19.39.39:839][ 73]LogInit: XAudio2 using 'Headphones (High Definition Audio Device)' : 2 channels at 48 kHz using 16 bits per sample (channel mask 0x3)
[2019.04.09-19.39.39:875][ 74]LogAudio: Warning: Current Audio Device with ID {0.0.0.00000000}.{9af76154-dca5-423a-b249-dbaf2a3bbb20} was removed. Shutting down audio device.
[2019.04.09-19.39.39:897][ 74]LogInit: XAudio2 using 'Headphones (High Definition Audio Device)' : 2 channels at 48 kHz using 16 bits per sample (channel mask 0x3)
[2019.04.09-19.39.39:944][ 75]LogInit: XAudio2 using 'Headphones (High Definition Audio Device)' : 2 channels at 48 kHz using 16 bits per sample (channel mask 0x3)
[2019.04.09-19.40.08:617][ 73]LogFileHelpers: Editor autosave (incl. sublevels) for '/Game/_Maps/SharedLevel/Persistant_Empty' took 0.051
[2019.04.09-19.40.08:620][ 73]OBJ SavePackage: Generating thumbnails for [0] asset(s) in package [/Game/4_UI_Widgets/InventoryMenu] ([1] browsable assets)...
[2019.04.09-19.40.08:620][ 73]OBJ SavePackage: Finished generating thumbnails for package [/Game/4_UI_Widgets/InventoryMenu]
[2019.04.09-19.40.08:708][ 73]LogSavePackage: Moving '../../../../../../Users/brownr55/Desktop/dinochan/Dinochan/Dinochan_v001_UE4.20.3/Saved/InventoryMenu_Auto2A206D35D4DDF008D9D866EBD86D26505.tmp' to '../../../../../../Users/brownr55/Desktop/dinochan/Dinochan/Dinochan_v001_UE4.20.3/Saved/Autosaves/Game/4_UI_Widgets/InventoryMenu_Auto2.uasset'
[2019.04.09-19.40.08:713][ 73]LogFileHelpers: Auto-saving content packages took 0.094
[2019.04.09-19.44.32:981][822]LogUObjectHash: Warning: Ambiguous search, could be CanvasPanel /Game/4_UI_Widgets/InventoryMenu.InventoryMenu:WidgetTree.CanvasPanel_0 or CanvasPanel /Game/4_UI_Widgets/InventoryMenu.InventoryMenu_C:WidgetTree.CanvasPanel_0
[2019.04.09-19.44.32:981][822]LogUObjectHash: Warning: Ambiguous search, could be CanvasPanel /Game/4_UI_Widgets/InventoryMenu.InventoryMenu:WidgetTree.CanvasPanel_0 or CanvasPanel /Engine/Transient.World_1:InventoryMenu_C_9.WidgetTree_0.CanvasPanel_0
[2019.04.09-19.44.32:981][822]LogUObjectHash: Warning: Ambiguous search, could be CanvasPanel /Game/4_UI_Widgets/InventoryMenu.InventoryMenu:WidgetTree.CanvasPanel_0 or CanvasPanel /Game/4_UI_Widgets/QuitMenu.QuitMenu:WidgetTree.CanvasPanel_0
[2019.04.09-19.44.32:981][822]LogUObjectHash: Warning: Ambiguous search, could be CanvasPanel /Game/4_UI_Widgets/InventoryMenu.InventoryMenu:WidgetTree.CanvasPanel_0 or CanvasPanel /Game/4_UI_Widgets/QuitMenu.SKEL_QuitMenu_C:WidgetTree.CanvasPanel_0
[2019.04.09-19.44.32:981][822]LogUObjectHash: Warning: Ambiguous search, could be CanvasPanel /Game/4_UI_Widgets/InventoryMenu.InventoryMenu:WidgetTree.CanvasPanel_0 or CanvasPanel /Game/4_UI_Widgets/QuitMenu.QuitMenu_C:WidgetTree.CanvasPanel_0
[2019.04.09-19.44.32:981][822]LogUObjectHash: Warning: Ambiguous search, could be CanvasPanel /Game/4_UI_Widgets/InventoryMenu.InventoryMenu:WidgetTree.CanvasPanel_0 or CanvasPanel /Game/4_UI_Widgets/Timer.Timer:WidgetTree.CanvasPanel_0
[2019.04.09-19.44.32:981][822]LogUObjectHash: Warning: Ambiguous search, could be CanvasPanel /Game/4_UI_Widgets/InventoryMenu.InventoryMenu:WidgetTree.CanvasPanel_0 or CanvasPanel /Game/4_UI_Widgets/Timer.SKEL_Timer_C:WidgetTree.CanvasPanel_0
[2019.04.09-19.44.32:981][822]LogUObjectHash: Warning: Ambiguous search, could be CanvasPanel /Game/4_UI_Widgets/InventoryMenu.InventoryMenu:WidgetTree.CanvasPanel_0 or CanvasPanel /Game/4_UI_Widgets/Timer.Timer_C:WidgetTree.CanvasPanel_0
[2019.04.09-19.44.32:982][822]LogUObjectHash: Warning: Ambiguous search, could be CanvasPanel /Game/4_UI_Widgets/InventoryMenu.InventoryMenu:WidgetTree.CanvasPanel_0 or CanvasPanel /Engine/Transient.REINST_InventoryMenu_C_8:WidgetTree.CanvasPanel_0
[2019.04.09-19.44.32:982][822]LogUObjectHash: Warning: Ambiguous search, could be CanvasPanel /Game/4_UI_Widgets/InventoryMenu.InventoryMenu:WidgetTree.CanvasPanel_0 or CanvasPanel /Engine/Transient.World_1:InventoryMenu_C_12.WidgetTree_0.CanvasPanel_0
[2019.04.09-19.44.32:982][822]LogUObjectHash: Warning: Ambiguous search, could be CanvasPanel /Game/4_UI_Widgets/InventoryMenu.InventoryMenu:WidgetTree.CanvasPanel_0 or CanvasPanel /Engine/Transient.World_1:InventoryMenu_C_11.WidgetTree_0.CanvasPanel_0
[2019.04.09-19.44.32:982][822]LogUObjectHash: Warning: Ambiguous search, could be CanvasPanel /Game/4_UI_Widgets/InventoryMenu.InventoryMenu:WidgetTree.CanvasPanel_0 or CanvasPanel /Engine/Transient.World_1:InventoryMenu_C_10.WidgetTree_0.CanvasPanel_0
[2019.04.09-19.44.32:982][822]LogUObjectHash: Warning: Ambiguous search, could be CanvasPanel /Game/4_UI_Widgets/InventoryMenu.InventoryMenu:WidgetTree.CanvasPanel_0 or CanvasPanel /Engine/Transient.World_1:InventoryMenu_C_2.WidgetTree_0.CanvasPanel_0
[2019.04.09-19.44.32:982][822]LogUObjectHash: Warning: Ambiguous search, could be CanvasPanel /Game/4_UI_Widgets/InventoryMenu.InventoryMenu:WidgetTree.CanvasPanel_0 or CanvasPanel /Engine/Transient.World_1:InventoryMenu_C_3.WidgetTree_0.CanvasPanel_0
[2019.04.09-19.44.32:982][822]LogUObjectHash: Warning: Ambiguous search, could be CanvasPanel /Game/4_UI_Widgets/InventoryMenu.InventoryMenu:WidgetTree.CanvasPanel_0 or CanvasPanel /Engine/Transient.World_1:InventoryMenu_C_7.WidgetTree_0.CanvasPanel_0
[2019.04.09-19.44.32:982][822]LogUObjectHash: Warning: Ambiguous search, could be CanvasPanel /Game/4_UI_Widgets/InventoryMenu.InventoryMenu:WidgetTree.CanvasPanel_0 or CanvasPanel /Engine/Transient.World_1:InventoryMenu_C_8.WidgetTree_0.CanvasPanel_0
[2019.04.09-19.44.32:982][822]LogProperty: Warning: Illegal TEXT reference to a private object in external package (CanvasPanelSlot /Game/4_UI_Widgets/InventoryMenu.InventoryMenu:WidgetTree.CanvasPanel_0.CanvasPanelSlot_3) from referencer (Button /Engine/UMG/Editor/Transient.Button_0).  Import failed...
[2019.04.09-19.44.32:982][822]LogProperty: Warning: ObjectProperty /Script/UMG.Widget:Slot: unresolved reference to 'CanvasPanelSlot'"CanvasPanel_0.CanvasPanelSlot_3"''
[2019.04.09-19.44.35:706][822]LogSlate: Window 'Message' being destroyed
[2019.04.09-19.45.04:942][406]LogUObjectHash: Warning: Ambiguous search, could be CanvasPanel /Game/4_UI_Widgets/InventoryMenu.InventoryMenu:WidgetTree.CanvasPanel_0 or CanvasPanel /Game/4_UI_Widgets/InventoryMenu.InventoryMenu_C:WidgetTree.CanvasPanel_0
[2019.04.09-19.45.04:942][406]LogUObjectHash: Warning: Ambiguous search, could be CanvasPanel /Game/4_UI_Widgets/InventoryMenu.InventoryMenu:WidgetTree.CanvasPanel_0 or CanvasPanel /Engine/Transient.World_1:InventoryMenu_C_9.WidgetTree_0.CanvasPanel_0
[2019.04.09-19.45.04:942][406]LogUObjectHash: Warning: Ambiguous search, could be CanvasPanel /Game/4_UI_Widgets/InventoryMenu.InventoryMenu:WidgetTree.CanvasPanel_0 or CanvasPanel /Game/4_UI_Widgets/QuitMenu.QuitMenu:WidgetTree.CanvasPanel_0
[2019.04.09-19.45.04:942][406]LogUObjectHash: Warning: Ambiguous search, could be CanvasPanel /Game/4_UI_Widgets/InventoryMenu.InventoryMenu:WidgetTree.CanvasPanel_0 or CanvasPanel /Game/4_UI_Widgets/QuitMenu.SKEL_QuitMenu_C:WidgetTree.CanvasPanel_0
[2019.04.09-19.45.04:942][406]LogUObjectHash: Warning: Ambiguous search, could be CanvasPanel /Game/4_UI_Widgets/InventoryMenu.InventoryMenu:WidgetTree.CanvasPanel_0 or CanvasPanel /Game/4_UI_Widgets/QuitMenu.QuitMenu_C:WidgetTree.CanvasPanel_0
[2019.04.09-19.45.04:942][406]LogUObjectHash: Warning: Ambiguous search, could be CanvasPanel /Game/4_UI_Widgets/InventoryMenu.InventoryMenu:WidgetTree.CanvasPanel_0 or CanvasPanel /Game/4_UI_Widgets/Timer.Timer:WidgetTree.CanvasPanel_0
[2019.04.09-19.45.04:942][406]LogUObjectHash: Warning: Ambiguous search, could be CanvasPanel /Game/4_UI_Widgets/InventoryMenu.InventoryMenu:WidgetTree.CanvasPanel_0 or CanvasPanel /Game/4_UI_Widgets/Timer.SKEL_Timer_C:WidgetTree.CanvasPanel_0
[2019.04.09-19.45.04:942][406]LogUObjectHash: Warning: Ambiguous search, could be CanvasPanel /Game/4_UI_Widgets/InventoryMenu.InventoryMenu:WidgetTree.CanvasPanel_0 or CanvasPanel /Game/4_UI_Widgets/Timer.Timer_C:WidgetTree.CanvasPanel_0
[2019.04.09-19.45.04:943][406]LogUObjectHash: Warning: Ambiguous search, could be CanvasPanel /Game/4_UI_Widgets/InventoryMenu.InventoryMenu:WidgetTree.CanvasPanel_0 or CanvasPanel /Engine/Transient.REINST_InventoryMenu_C_8:WidgetTree.CanvasPanel_0
[2019.04.09-19.45.04:943][406]LogUObjectHash: Warning: Ambiguous search, could be CanvasPanel /Game/4_UI_Widgets/InventoryMenu.InventoryMenu:WidgetTree.CanvasPanel_0 or CanvasPanel /Engine/Transient.World_1:InventoryMenu_C_12.WidgetTree_0.CanvasPanel_0
[2019.04.09-19.45.04:943][406]LogUObjectHash: Warning: Ambiguous search, could be CanvasPanel /Game/4_UI_Widgets/InventoryMenu.InventoryMenu:WidgetTree.CanvasPanel_0 or CanvasPanel /Engine/Transient.World_1:InventoryMenu_C_11.WidgetTree_0.CanvasPanel_0
[2019.04.09-19.45.04:943][406]LogUObjectHash: Warning: Ambiguous search, could be CanvasPanel /Game/4_UI_Widgets/InventoryMenu.InventoryMenu:WidgetTree.CanvasPanel_0 or CanvasPanel /Engine/Transient.World_1:InventoryMenu_C_10.WidgetTree_0.CanvasPanel_0
[2019.04.09-19.45.04:943][406]LogUObjectHash: Warning: Ambiguous search, could be CanvasPanel /Game/4_UI_Widgets/InventoryMenu.InventoryMenu:WidgetTree.CanvasPanel_0 or CanvasPanel /Engine/Transient.World_1:InventoryMenu_C_2.WidgetTree_0.CanvasPanel_0
[2019.04.09-19.45.04:943][406]LogUObjectHash: Warning: Ambiguous search, could be CanvasPanel /Game/4_UI_Widgets/InventoryMenu.InventoryMenu:WidgetTree.CanvasPanel_0 or CanvasPanel /Engine/Transient.World_1:InventoryMenu_C_3.WidgetTree_0.CanvasPanel_0
[2019.04.09-19.45.04:943][406]LogUObjectHash: Warning: Ambiguous search, could be CanvasPanel /Game/4_UI_Widgets/InventoryMenu.InventoryMenu:WidgetTree.CanvasPanel_0 or CanvasPanel /Engine/Transient.World_1:InventoryMenu_C_7.WidgetTree_0.CanvasPanel_0
[2019.04.09-19.45.04:943][406]LogUObjectHash: Warning: Ambiguous search, could be CanvasPanel /Game/4_UI_Widgets/InventoryMenu.InventoryMenu:WidgetTree.CanvasPanel_0 or CanvasPanel /Engine/Transient.World_1:InventoryMenu_C_8.WidgetTree_0.CanvasPanel_0
[2019.04.09-19.45.04:943][406]LogProperty: Warning: Illegal TEXT reference to a private object in external package (CanvasPanelSlot /Game/4_UI_Widgets/InventoryMenu.InventoryMenu:WidgetTree.CanvasPanel_0.CanvasPanelSlot_3) from referencer (Button /Engine/UMG/Editor/Transient.Button_0).  Import failed...
[2019.04.09-19.45.04:943][406]LogProperty: Warning: ObjectProperty /Script/UMG.Widget:Slot: unresolved reference to 'CanvasPanelSlot'"CanvasPanel_0.CanvasPanelSlot_3"''
[2019.04.09-19.45.19:421][457]LogEditorTransaction: Undo Resize Widget
[2019.04.09-19.46.16:404][754]BlueprintLog: New page: Compile InventoryMenu
[2019.04.09-19.46.16:701][754]LogSavePackage: Moving '../../../../../../Users/brownr55/Desktop/dinochan/Dinochan/Dinochan_v001_UE4.20.3/Saved/InventoryMenuAFEEB10D4F48AF0DBF24DB819F8A090B.tmp' to '../../../../../../Users/brownr55/Desktop/dinochan/Dinochan/Dinochan_v001_UE4.20.3/Content/4_UI_Widgets/InventoryMenu.uasset'
[2019.04.09-19.46.19:683][961]LogSavePackage: Moving '../../../../../../Users/brownr55/Desktop/dinochan/Dinochan/Dinochan_v001_UE4.20.3/Saved/InventoryMenu14D504F94D2DC4F7D2D8CB8F8592AC64.tmp' to '../../../../../../Users/brownr55/Desktop/dinochan/Dinochan/Dinochan_v001_UE4.20.3/Content/4_UI_Widgets/InventoryMenu.uasset'
[2019.04.09-20.04.39:117][687]LogSlate: Window 'Dinochan_v001 - Unreal Editor' being destroyed
[2019.04.09-20.04.39:324][688]Cmd: QUIT_EDITOR
[2019.04.09-20.04.39:342][688]LogWindowsTextInputMethodSystem: Display: IME system now deactivated.
[2019.04.09-20.04.39:362][688]LogExit: Preparing to exit.
[2019.04.09-20.04.40:037][688]LogExit: Editor shut down
[2019.04.09-20.04.40:038][688]LogExit: Transaction tracking system shut down
[2019.04.09-20.04.40:957][688]LogExit: Object subsystem successfully closed.
[2019.04.09-20.04.40:992][688]LogShaderCompilers: Display: Shaders left to compile 0
[2019.04.09-20.04.40:999][688]LogD3D11RHI: Shutdown
[2019.04.09-20.04.40:999][688]LogD3D11RHI: CleanupD3DDevice
[2019.04.09-20.04.41:004][688]LogD3D11RHI: ~FD3D11DynamicRHI
[2019.04.09-20.04.41:033][688]LogModuleManager: Shutting down and abandoning module SequencerWidgets (616)
[2019.04.09-20.04.41:033][688]LogModuleManager: Shutting down and abandoning module BlueprintGraph (614)
[2019.04.09-20.04.41:033][688]LogModuleManager: Shutting down and abandoning module HierarchicalLODOutliner (612)
[2019.04.09-20.04.41:033][688]LogModuleManager: Shutting down and abandoning module SceneOutliner (610)
[2019.04.09-20.04.41:033][688]LogModuleManager: Shutting down and abandoning module AddContentDialog (608)
[2019.04.09-20.04.41:036][688]LogModuleManager: Shutting down and abandoning module WidgetCarousel (607)
[2019.04.09-20.04.41:036][688]LogModuleManager: Shutting down and abandoning module EditorWidgets (604)
[2019.04.09-20.04.41:036][688]LogModuleManager: Shutting down and abandoning module CollectionManager (602)
[2019.04.09-20.04.41:037][688]LogModuleManager: Shutting down and abandoning module MeshBuilder (600)
[2019.04.09-20.04.41:037][688]LogModuleManager: Shutting down and abandoning module StatsViewer (598)
[2019.04.09-20.04.41:037][688]LogModuleManager: Shutting down and abandoning module FoliageEdit (596)
[2019.04.09-20.04.41:037][688]LogModuleManager: Shutting down and abandoning module LandscapeEditor (594)
[2019.04.09-20.04.41:037][688]LogModuleManager: Shutting down and abandoning module MeshPaintMode (592)
[2019.04.09-20.04.41:037][688]LogModuleManager: Shutting down and abandoning module SceneDepthPickerMode (590)
[2019.04.09-20.04.41:037][688]LogModuleManager: Shutting down and abandoning module ActorPickerMode (588)
[2019.04.09-20.04.41:037][688]LogModuleManager: Shutting down and abandoning module GeometryMode (586)
[2019.04.09-20.04.41:037][688]LogModuleManager: Shutting down and abandoning module TextureAlignMode (584)
[2019.04.09-20.04.41:037][688]LogModuleManager: Shutting down and abandoning module BspMode (582)
[2019.04.09-20.04.41:037][688]LogModuleManager: Shutting down and abandoning module PIEPreviewDeviceProfileSelector (580)
[2019.04.09-20.04.41:037][688]LogModuleManager: Shutting down and abandoning module SequenceRecorderSections (578)
[2019.04.09-20.04.41:037][688]LogModuleManager: Shutting down and abandoning module AutomationWorker (576)
[2019.04.09-20.04.41:037][688]LogModuleManager: Shutting down and abandoning module AudioCaptureEditor (574)
[2019.04.09-20.04.41:037][688]LogModuleManager: Shutting down and abandoning module SequenceRecorder (573)
[2019.04.09-20.04.41:037][688]LogModuleManager: Shutting down and abandoning module MatineeToLevelSequence (570)
[2019.04.09-20.04.41:037][688]LogModuleManager: Shutting down and abandoning module LevelSequenceEditor (568)
[2019.04.09-20.04.41:038][688]LogModuleManager: Shutting down and abandoning module PlacementMode (567)
[2019.04.09-20.04.41:038][688]LogModuleManager: Shutting down and abandoning module MaterialEditor (566)
[2019.04.09-20.04.41:038][688]LogModuleManager: Shutting down and abandoning module WmfMediaFactory (562)
[2019.04.09-20.04.41:038][688]LogModuleManager: Shutting down and abandoning module WmfMediaEditor (560)
[2019.04.09-20.04.41:038][688]LogModuleManager: Shutting down and abandoning module MediaPlayerEditor (558)
[2019.04.09-20.04.41:038][688]LogModuleManager: Shutting down and abandoning module OpenExrWrapper (556)
[2019.04.09-20.04.41:038][688]LogModuleManager: Shutting down and abandoning module ImgMediaFactory (554)
[2019.04.09-20.04.41:038][688]LogModuleManager: Shutting down and abandoning module ImgMediaEditor (552)
[2019.04.09-20.04.41:038][688]LogModuleManager: Shutting down and abandoning module AvfMediaFactory (550)
[2019.04.09-20.04.41:038][688]LogModuleManager: Shutting down and abandoning module AvfMediaEditor (548)
[2019.04.09-20.04.41:038][688]LogModuleManager: Shutting down and abandoning module AndroidMediaFactory (546)
[2019.04.09-20.04.41:038][688]LogModuleManager: Shutting down and abandoning module AndroidMediaEditor (544)
[2019.04.09-20.04.41:038][688]LogModuleManager: Shutting down and abandoning module MagicLeapCameraPreviewFactory (542)
[2019.04.09-20.04.41:038][688]LogModuleManager: Shutting down and abandoning module MagicLeapMediaFactory (540)
[2019.04.09-20.04.41:038][688]LogModuleManager: Shutting down and abandoning module MagicLeapMediaEditor (538)
[2019.04.09-20.04.41:038][688]LogModuleManager: Shutting down and abandoning module CharacterAI (536)
[2019.04.09-20.04.41:038][688]LogModuleManager: Shutting down and abandoning module SmartSnapping (534)
[2019.04.09-20.04.41:038][688]LogModuleManager: Shutting down and abandoning module SessionServices (532)
[2019.04.09-20.04.41:038][688]LogModuleManager: Shutting down and abandoning module ViewportSnapping (530)
[2019.04.09-20.04.41:038][688]LogModuleManager: Shutting down and abandoning module ViewportInteraction (528)
[2019.04.09-20.04.41:038][688]LogModuleManager: Shutting down and abandoning module ClothPainter (526)
[2019.04.09-20.04.41:038][688]LogModuleManager: Shutting down and abandoning module SkeletalMeshEditor (525)
[2019.04.09-20.04.41:038][688]LogModuleManager: Shutting down and abandoning module LogVisualizer (522)
[2019.04.09-20.04.41:038][688]LogModuleManager: Shutting down and abandoning module IntroTutorials (520)
[2019.04.09-20.04.41:038][688]LogModuleManager: Shutting down and abandoning module GameProjectGeneration (519)
[2019.04.09-20.04.41:038][688]LogModuleManager: Shutting down and abandoning module LuminPlatformEditor (516)
[2019.04.09-20.04.41:038][688]LogModuleManager: Shutting down and abandoning module IOSPlatformEditor (514)
[2019.04.09-20.04.41:039][688]LogModuleManager: Shutting down and abandoning module HTML5PlatformEditor (512)
[2019.04.09-20.04.41:039][688]LogModuleManager: Shutting down and abandoning module AndroidPlatformEditor (510)
[2019.04.09-20.04.41:039][688]LogModuleManager: Shutting down and abandoning module AndroidDeviceDetection (509)
[2019.04.09-20.04.41:089][688]LogModuleManager: Shutting down and abandoning module WindowsPlatformEditor (506)
[2019.04.09-20.04.41:089][688]LogModuleManager: Shutting down and abandoning module LuminRuntimeSettings (504)
[2019.04.09-20.04.41:089][688]LogModuleManager: Shutting down and abandoning module IOSRuntimeSettings (502)
[2019.04.09-20.04.41:089][688]LogModuleManager: Shutting down and abandoning module AndroidRuntimeSettings (500)
[2019.04.09-20.04.41:089][688]LogModuleManager: Shutting down and abandoning module InputBindingEditor (498)
[2019.04.09-20.04.41:089][688]LogModuleManager: Shutting down and abandoning module MergeActors (496)
[2019.04.09-20.04.41:089][688]LogModuleManager: Shutting down and abandoning module LocalizationDashboard (494)
[2019.04.09-20.04.41:089][688]LogModuleManager: Shutting down and abandoning module LocalizationService (493)
[2019.04.09-20.04.41:089][688]LogModuleManager: Shutting down and abandoning module HardwareTargeting (490)
[2019.04.09-20.04.41:089][688]LogModuleManager: Shutting down and abandoning module DeviceProfileEditor (488)
[2019.04.09-20.04.41:089][688]LogModuleManager: Shutting down and abandoning module UndoHistory (486)
[2019.04.09-20.04.41:089][688]LogModuleManager: Shutting down and abandoning module XmlParser (484)
[2019.04.09-20.04.41:089][688]LogModuleManager: Shutting down and abandoning module Blutility (482)
[2019.04.09-20.04.41:089][688]LogModuleManager: Shutting down and abandoning module ProjectSettingsViewer (480)
[2019.04.09-20.04.41:090][688]LogModuleManager: Shutting down and abandoning module ProjectTargetPlatformEditor (479)
[2019.04.09-20.04.41:090][688]LogModuleManager: Shutting down and abandoning module EditorSettingsViewer (476)
[2019.04.09-20.04.41:090][688]LogModuleManager: Shutting down and abandoning module SettingsEditor (474)
[2019.04.09-20.04.41:090][688]LogModuleManager: Shutting down and abandoning module ProjectLauncher (472)
[2019.04.09-20.04.41:090][688]LogModuleManager: Shutting down and abandoning module SessionFrontend (470)
[2019.04.09-20.04.41:090][688]LogModuleManager: Shutting down and abandoning module ProfilerClient (468)
[2019.04.09-20.04.41:090][688]LogModuleManager: Shutting down and abandoning module DeviceManager (466)
[2019.04.09-20.04.41:090][688]LogModuleManager: Shutting down and abandoning module TargetDeviceServices (465)
[2019.04.09-20.04.41:155][688]LogModuleManager: Shutting down and abandoning module AutomationController (462)
[2019.04.09-20.04.41:155][688]LogModuleManager: Shutting down and abandoning module AutomationWindow (460)
[2019.04.09-20.04.41:155][688]LogModuleManager: Shutting down and abandoning module Layers (458)
[2019.04.09-20.04.41:155][688]LogModuleManager: Shutting down and abandoning module ComponentVisualizers (456)
[2019.04.09-20.04.41:155][688]LogModuleManager: Shutting down and abandoning module DetailCustomizations (454)
[2019.04.09-20.04.41:155][688]LogModuleManager: Shutting down and abandoning module PackagesDialog (452)
[2019.04.09-20.04.41:155][688]LogModuleManager: Shutting down and abandoning module Persona (450)
[2019.04.09-20.04.41:156][688]LogModuleManager: Shutting down and abandoning module AdvancedPreviewScene (449)
[2019.04.09-20.04.41:156][688]LogModuleManager: Shutting down and abandoning module AnimGraph (447)
[2019.04.09-20.04.41:156][688]LogModuleManager: Shutting down and abandoning module Kismet (444)
[2019.04.09-20.04.41:164][688]LogModuleManager: Shutting down and abandoning module GraphEditor (442)
[2019.04.09-20.04.41:164][688]LogModuleManager: Shutting down and abandoning module ClassViewer (440)
[2019.04.09-20.04.41:165][688]LogModuleManager: Shutting down and abandoning module Toolbox (438)
[2019.04.09-20.04.41:165][688]LogModuleManager: Shutting down and abandoning module ModuleUI (436)
[2019.04.09-20.04.41:165][688]LogModuleManager: Shutting down and abandoning module MovieSceneTools (434)
[2019.04.09-20.04.41:165][688]LogModuleManager: Shutting down and abandoning module OutputLog (432)
[2019.04.09-20.04.41:165][688]LogModuleManager: Shutting down and abandoning module GammaUI (430)
[2019.04.09-20.04.41:165][688]LogModuleManager: Shutting down and abandoning module Documentation (428)
[2019.04.09-20.04.41:165][688]LogModuleManager: Shutting down and abandoning module MovieSceneTracks (426)
[2019.04.09-20.04.41:165][688]LogModuleManager: Shutting down and abandoning module MovieScene (424)
[2019.04.09-20.04.41:165][688]LogModuleManager: Shutting down and abandoning module StreamingPauseRendering (422)
[2019.04.09-20.04.41:165][688]LogModuleManager: Shutting down and abandoning module LauncherPlatform (420)
[2019.04.09-20.04.41:165][688]LogModuleManager: Shutting down and abandoning module AnalyticsET (418)
[2019.04.09-20.04.41:165][688]LogModuleManager: Shutting down and abandoning module PortalServices (416)
[2019.04.09-20.04.41:165][688]LogModuleManager: Shutting down and abandoning module PortalRpc (414)
[2019.04.09-20.04.41:165][688]LogModuleManager: Shutting down and abandoning module MessagingRpc (412)
[2019.04.09-20.04.41:165][688]LogModuleManager: Shutting down and abandoning module AIModule (410)
[2019.04.09-20.04.41:165][688]LogModuleManager: Shutting down and abandoning module GameplayDebugger (409)
[2019.04.09-20.04.41:165][688]LogModuleManager: Shutting down and abandoning module AITestSuite (407)
[2019.04.09-20.04.41:165][688]LogModuleManager: Shutting down and abandoning module NavigationSystem (405)
[2019.04.09-20.04.41:165][688]LogModuleManager: Shutting down and abandoning module DesktopPlatform (402)
[2019.04.09-20.04.41:165][688]LogModuleManager: Shutting down and abandoning module ProfilerService (400)
[2019.04.09-20.04.41:379][688]LogModuleManager: Shutting down and abandoning module TaskGraph (398)
[2019.04.09-20.04.41:379][688]LogModuleManager: Shutting down and abandoning module SteamVRController (396)
[2019.04.09-20.04.41:379][688]LogModuleManager: Shutting down and abandoning module ProceduralMeshComponentEditor (394)
[2019.04.09-20.04.41:380][688]LogModuleManager: Shutting down and abandoning module ProceduralMeshComponent (392)
[2019.04.09-20.04.41:380][688]LogModuleManager: Shutting down and abandoning module OculusInput (390)
[2019.04.09-20.04.41:380][688]LogModuleManager: Shutting down and abandoning module MobilePatchingUtils (388)
[2019.04.09-20.04.41:380][688]LogModuleManager: Shutting down and abandoning module EditableMesh (386)
[2019.04.09-20.04.41:380][688]LogModuleManager: Shutting down and abandoning module CustomMeshComponent (384)
[2019.04.09-20.04.41:380][688]LogModuleManager: Shutting down and abandoning module CableComponent (382)
[2019.04.09-20.04.41:380][688]LogModuleManager: Shutting down and abandoning module AudioCapture (380)
[2019.04.09-20.04.41:380][688]LogModuleManager: Shutting down and abandoning module ArchVisCharacter (378)
[2019.04.09-20.04.41:380][688]LogModuleManager: Shutting down and abandoning module AndroidPermission (376)
[2019.04.09-20.04.41:380][688]LogModuleManager: Shutting down and abandoning module NUTUnrealEngine4 (374)
[2019.04.09-20.04.41:380][688]LogModuleManager: Shutting down and abandoning module NetcodeUnitTest (372)
[2019.04.09-20.04.41:380][688]LogModuleManager: Shutting down and abandoning module MediaCompositingEditor (370)
[2019.04.09-20.04.41:380][688]LogModuleManager: Shutting down and abandoning module MediaCompositing (368)
[2019.04.09-20.04.41:380][688]LogModuleManager: Shutting down and abandoning module LinearTimecode (366)
[2019.04.09-20.04.41:380][688]LogModuleManager: Shutting down and abandoning module ImgMedia (364)
[2019.04.09-20.04.41:383][688]LogModuleManager: Shutting down and abandoning module HTML5Networking (362)
[2019.04.09-20.04.41:383][688]LogModuleManager: Shutting down and abandoning module GeometryCacheTracks (360)
[2019.04.09-20.04.41:383][688]LogModuleManager: Shutting down and abandoning module GeometryCacheSequencer (358)
[2019.04.09-20.04.41:383][688]LogModuleManager: Shutting down and abandoning module BackChannel (356)
[2019.04.09-20.04.41:383][688]LogModuleManager: Shutting down and abandoning module AppleVision (354)
[2019.04.09-20.04.41:383][688]LogModuleManager: Shutting down and abandoning module AppleImageUtils (352)
[2019.04.09-20.04.41:383][688]LogModuleManager: Shutting down and abandoning module AlembicImporter (350)
[2019.04.09-20.04.41:383][688]LogModuleManager: Shutting down and abandoning module AlembicLibrary (349)
[2019.04.09-20.04.41:383][688]LogModuleManager: Shutting down and abandoning module GeometryCache (348)
[2019.04.09-20.04.41:383][688]LogModuleManager: Shutting down and abandoning module GeometryCacheEd (347)
[2019.04.09-20.04.41:383][688]LogModuleManager: Shutting down and abandoning module DatasmithContentEditor (342)
[2019.04.09-20.04.41:383][688]LogModuleManager: Shutting down and abandoning module DatasmithContent (340)
[2019.04.09-20.04.41:384][688]LogModuleManager: Shutting down and abandoning module SpeedTreeImporter (338)
[2019.04.09-20.04.41:384][688]LogModuleManager: Shutting down and abandoning module PluginBrowser (336)
[2019.04.09-20.04.41:384][688]LogModuleManager: Shutting down and abandoning module MobileLauncherProfileWizard (334)
[2019.04.09-20.04.41:384][688]LogModuleManager: Shutting down and abandoning module PolygonModeling (332)
[2019.04.09-20.04.41:384][688]LogModuleManager: Shutting down and abandoning module MeshEditor (330)
[2019.04.09-20.04.41:384][688]LogModuleManager: Shutting down and abandoning module CryptoKeysOpenSSL (328)
[2019.04.09-20.04.41:384][688]LogModuleManager: Shutting down and abandoning module CryptoKeys (326)
[2019.04.09-20.04.41:384][688]LogModuleManager: Shutting down and abandoning module VisualStudioSourceCodeAccess (324)
[2019.04.09-20.04.41:384][688]LogModuleManager: Shutting down and abandoning module VisualStudioCodeSourceCodeAccess (322)
[2019.04.09-20.04.41:384][688]LogModuleManager: Shutting down and abandoning module UObjectPlugin (320)
[2019.04.09-20.04.41:385][688]LogModuleManager: Shutting down and abandoning module SubversionSourceControl (318)
[2019.04.09-20.04.41:385][688]LogModuleManager: Shutting down and abandoning module PerforceSourceControl (316)
[2019.04.09-20.04.41:385][688]LogModuleManager: Shutting down and abandoning module GitSourceControl (314)
[2019.04.09-20.04.41:385][688]LogModuleManager: Shutting down and abandoning module SourceControl (313)
[2019.04.09-20.04.41:385][688]LogModuleManager: Shutting down and abandoning module CLionSourceCodeAccess (310)
[2019.04.09-20.04.41:385][688]LogModuleManager: Shutting down and abandoning module LightPropagationVolumeEditor (308)
[2019.04.09-20.04.41:385][688]LogModuleManager: Shutting down and abandoning module PaperTiledImporter (306)
[2019.04.09-20.04.41:385][688]LogModuleManager: Shutting down and abandoning module PaperSpriteSheetImporter (304)
[2019.04.09-20.04.41:385][688]LogModuleManager: Shutting down and abandoning module Paper2DEditor (302)
[2019.04.09-20.04.41:385][688]LogModuleManager: Shutting down and abandoning module MeshPaint (301)
[2019.04.09-20.04.41:385][688]LogModuleManager: Shutting down and abandoning module RuntimePhysXCooking (298)
[2019.04.09-20.04.41:385][688]LogModuleManager: Shutting down and abandoning module PhysXVehiclesEditor (296)
[2019.04.09-20.04.41:385][688]LogModuleManager: Shutting down and abandoning module PhysXVehicles (294)
[2019.04.09-20.04.41:385][688]LogModuleManager: Shutting down and abandoning module OculusEditor (292)
[2019.04.09-20.04.41:385][688]LogModuleManager: Shutting down and abandoning module LocationServicesBPLibrary (290)
[2019.04.09-20.04.41:385][688]LogModuleManager: Shutting down and abandoning module ImmediatePhysicsEditor (288)
[2019.04.09-20.04.41:385][688]LogModuleManager: Shutting down and abandoning module ImmediatePhysics (286)
[2019.04.09-20.04.41:385][688]LogModuleManager: Shutting down and abandoning module ActorSequence (284)
[2019.04.09-20.04.41:385][688]LogModuleManager: Shutting down and abandoning module UdpMessaging (282)
[2019.04.09-20.04.41:486][688]LogModuleManager: Shutting down and abandoning module TcpMessaging (280)
[2019.04.09-20.04.41:586][688]LogModuleManager: Shutting down and abandoning module MagicLeapAudio (278)
[2019.04.09-20.04.41:586][688]LogModuleManager: Shutting down and abandoning module GameplayTagsEditor (276)
[2019.04.09-20.04.41:586][688]LogModuleManager: Shutting down and abandoning module FacialAnimationEditor (274)
[2019.04.09-20.04.41:586][688]LogModuleManager: Shutting down and abandoning module FacialAnimation (272)
[2019.04.09-20.04.41:586][688]LogModuleManager: Shutting down and abandoning module DataValidation (270)
[2019.04.09-20.04.41:586][688]LogModuleManager: Shutting down and abandoning module AssetManagerEditor (268)
[2019.04.09-20.04.41:586][688]LogModuleManager: Shutting down and abandoning module LevelEditor (267)
[2019.04.09-20.04.41:588][688]LogModuleManager: Shutting down and abandoning module PixelInspectorModule (266)
[2019.04.09-20.04.41:588][688]LogModuleManager: Shutting down and abandoning module CommonMenuExtensions (264)
[2019.04.09-20.04.41:588][688]LogModuleManager: Shutting down and abandoning module MainFrame (262)
[2019.04.09-20.04.41:588][688]LogModuleManager: Shutting down and abandoning module HotReload (261)
[2019.04.09-20.04.41:588][688]LogModuleManager: Shutting down and abandoning module ContentBrowser (257)
[2019.04.09-20.04.41:591][688]LogModuleManager: Shutting down and abandoning module TreeMap (255)
[2019.04.09-20.04.41:591][688]LogModuleManager: Shutting down and abandoning module LightPropagationVolumeRuntime (252)
[2019.04.09-20.04.41:591][688]LogModuleManager: Shutting down and abandoning module AISupportModule (250)
[2019.04.09-20.04.41:591][688]LogModuleManager: Shutting down and abandoning module Paper2D (248)
[2019.04.09-20.04.41:591][688]LogModuleManager: Shutting down and abandoning module WindowsMoviePlayer (246)
[2019.04.09-20.04.41:591][688]LogModuleManager: Shutting down and abandoning module WmfMedia (244)
[2019.04.09-20.04.41:592][688]LogModuleManager: Shutting down and abandoning module Media (243)
[2019.04.09-20.04.41:598][688]LogModuleManager: Shutting down and abandoning module PacketHandler (240)
[2019.04.09-20.04.41:598][688]LogModuleManager: Shutting down and abandoning module ClothingSystemEditor (238)
[2019.04.09-20.04.41:598][688]LogModuleManager: Shutting down and abandoning module ClothingSystemRuntime (236)
[2019.04.09-20.04.41:598][688]LogModuleManager: Shutting down and abandoning module MediaAssets (234)
[2019.04.09-20.04.41:598][688]LogModuleManager: Shutting down and abandoning module Overlay (232)
[2019.04.09-20.04.41:598][688]LogModuleManager: Shutting down and abandoning module OverlayEditor (231)
[2019.04.09-20.04.41:598][688]LogModuleManager: Shutting down and abandoning module VREditor (228)
[2019.04.09-20.04.41:598][688]LogModuleManager: Shutting down and abandoning module StringTableEditor (226)
[2019.04.09-20.04.41:598][688]LogModuleManager: Shutting down and abandoning module GameplayTasksEditor (224)
[2019.04.09-20.04.41:598][688]LogModuleManager: Shutting down and abandoning module BehaviorTreeEditor (222)
[2019.04.09-20.04.41:598][688]LogModuleManager: Shutting down and abandoning module FunctionalTesting (220)
[2019.04.09-20.04.41:598][688]LogModuleManager: Shutting down and abandoning module CollisionAnalyzer (218)
[2019.04.09-20.04.41:598][688]LogModuleManager: Shutting down and abandoning module WorkspaceMenuStructure (217)
[2019.04.09-20.04.41:598][688]LogModuleManager: Shutting down and abandoning module UMG (214)
[2019.04.09-20.04.41:598][688]LogModuleManager: Shutting down and abandoning module UMGEditor (213)
[2019.04.09-20.04.41:599][688]LogModuleManager: Shutting down and abandoning module Sequencer (212)
[2019.04.09-20.04.41:599][688]LogModuleManager: Shutting down and abandoning module MessageLog (209)
[2019.04.09-20.04.41:599][688]LogModuleManager: Shutting down and abandoning module SlateReflector (204)
[2019.04.09-20.04.41:599][688]LogModuleManager: Shutting down and abandoning module Slate (202)
[2019.04.09-20.04.41:599][688]LogModuleManager: Shutting down and abandoning module EditorStyle (200)
[2019.04.09-20.04.41:601][688]LogModuleManager: Shutting down and abandoning module MRMesh (198)
[2019.04.09-20.04.41:602][688]LogModuleManager: Shutting down and abandoning module SourceCodeAccess (196)
[2019.04.09-20.04.41:602][688]LogModuleManager: Shutting down and abandoning module HeadMountedDisplay (194)
[2019.04.09-20.04.41:602][688]LogModuleManager: Shutting down and abandoning module XAudio2 (192)
[2019.04.09-20.04.41:602][688]LogModuleManager: Shutting down and abandoning module Networking (190)
[2019.04.09-20.04.41:602][688]LogModuleManager: Shutting down and abandoning module Core (188)
[2019.04.09-20.04.41:602][688]LogModuleManager: Shutting down and abandoning module LevelSequence (186)
[2019.04.09-20.04.41:602][688]LogModuleManager: Shutting down and abandoning module KismetCompiler (184)
[2019.04.09-20.04.41:602][688]LogModuleManager: Shutting down and abandoning module MeshUtilities (182)
[2019.04.09-20.04.41:602][688]LogModuleManager: Shutting down and abandoning module MeshMergeUtilities (181)
[2019.04.09-20.04.41:602][688]LogModuleManager: Shutting down and abandoning module MeshReductionInterface (180)
[2019.04.09-20.04.41:602][688]LogModuleManager: Shutting down and abandoning module SimplygonSwarm (179)
[2019.04.09-20.04.41:602][688]LogModuleManager: Shutting down and abandoning module ProxyLODMeshReduction (177)
[2019.04.09-20.04.41:602][688]LogModuleManager: Shutting down and abandoning module SimplygonMeshReduction (175)
[2019.04.09-20.04.41:602][688]LogModuleManager: Shutting down and abandoning module QuadricMeshReduction (173)
[2019.04.09-20.04.41:602][688]LogModuleManager: Shutting down and abandoning module MaterialBaking (169)
[2019.04.09-20.04.41:602][688]LogModuleManager: Shutting down and abandoning module DirectoryWatcher (165)
[2019.04.09-20.04.41:603][688]LogModuleManager: Shutting down and abandoning module DerivedDataCache (162)
[2019.04.09-20.04.41:661][688]LogDerivedDataCache: Shutdown
[2019.04.09-20.04.41:661][688]LogModuleManager: Shutting down and abandoning module XGEController (160)
[2019.04.09-20.04.41:661][688]LogModuleManager: Shutting down and abandoning module TargetPlatform (158)
[2019.04.09-20.04.41:661][688]LogModuleManager: Shutting down and abandoning module VulkanShaderFormat (157)
[2019.04.09-20.04.41:661][688]LogModuleManager: Shutting down and abandoning module ShaderFormatVectorVM (155)
[2019.04.09-20.04.41:661][688]LogModuleManager: Shutting down and abandoning module ShaderFormatOpenGL (153)
[2019.04.09-20.04.41:661][688]LogModuleManager: Shutting down and abandoning module ShaderFormatD3D (151)
[2019.04.09-20.04.41:661][688]LogModuleManager: Shutting down and abandoning module MetalShaderFormat (149)
[2019.04.09-20.04.41:661][688]LogModuleManager: Shutting down and abandoning module TextureFormatUncompressed (147)
[2019.04.09-20.04.41:661][688]LogModuleManager: Shutting down and abandoning module TextureFormatPVR (145)
[2019.04.09-20.04.41:662][688]LogModuleManager: Shutting down and abandoning module TextureFormatDXT (143)
[2019.04.09-20.04.41:662][688]LogModuleManager: Shutting down and abandoning module TextureFormatIntelISPCTexComp (141)
[2019.04.09-20.04.41:662][688]LogModuleManager: Shutting down and abandoning module TextureFormatASTC (139)
[2019.04.09-20.04.41:662][688]LogModuleManager: Shutting down and abandoning module ImageWrapper (138)
[2019.04.09-20.04.41:662][688]LogModuleManager: Shutting down and abandoning module TextureFormatAndroid (135)
[2019.04.09-20.04.41:662][688]LogModuleManager: Shutting down and abandoning module AudioFormatOpus (133)
[2019.04.09-20.04.41:662][688]LogModuleManager: Shutting down and abandoning module AudioFormatOgg (131)
[2019.04.09-20.04.41:662][688]LogModuleManager: Shutting down and abandoning module AudioFormatADPCM (129)
[2019.04.09-20.04.41:662][688]LogModuleManager: Shutting down and abandoning module LuminTargetPlatform (127)
[2019.04.09-20.04.41:662][688]LogModuleManager: Shutting down and abandoning module LinuxTargetPlatform (125)
[2019.04.09-20.04.41:662][688]LogModuleManager: Shutting down and abandoning module LinuxServerTargetPlatform (123)
[2019.04.09-20.04.41:662][688]LogModuleManager: Shutting down and abandoning module LinuxNoEditorTargetPlatform (121)
[2019.04.09-20.04.41:662][688]LogModuleManager: Shutting down and abandoning module LinuxClientTargetPlatform (119)
[2019.04.09-20.04.41:662][688]LogModuleManager: Shutting down and abandoning module TVOSTargetPlatform (117)
[2019.04.09-20.04.41:670][688]LogModuleManager: Shutting down and abandoning module Messaging (115)
[2019.04.09-20.04.41:670][688]LogModuleManager: Shutting down and abandoning module IOSTargetPlatform (113)
[2019.04.09-20.04.41:675][688]LogModuleManager: Shutting down and abandoning module HTML5TargetPlatform (111)
[2019.04.09-20.04.41:675][688]LogModuleManager: Shutting down and abandoning module AndroidTargetPlatform (109)
[2019.04.09-20.04.41:709][688]LogModuleManager: Shutting down and abandoning module WindowsTargetPlatform (107)
[2019.04.09-20.04.41:710][688]LogModuleManager: Shutting down and abandoning module WindowsServerTargetPlatform (105)
[2019.04.09-20.04.41:710][688]LogModuleManager: Shutting down and abandoning module WindowsNoEditorTargetPlatform (103)
[2019.04.09-20.04.41:710][688]LogModuleManager: Shutting down and abandoning module WindowsClientTargetPlatform (101)
[2019.04.09-20.04.41:710][688]LogModuleManager: Shutting down and abandoning module MacTargetPlatform (99)
[2019.04.09-20.04.41:710][688]LogModuleManager: Shutting down and abandoning module MacServerTargetPlatform (97)
[2019.04.09-20.04.41:710][688]LogModuleManager: Shutting down and abandoning module MacNoEditorTargetPlatform (95)
[2019.04.09-20.04.41:710][688]LogModuleManager: Shutting down and abandoning module MacClientTargetPlatform (93)
[2019.04.09-20.04.41:710][688]LogModuleManager: Shutting down and abandoning module AllDesktopTargetPlatform (91)
[2019.04.09-20.04.41:710][688]LogModuleManager: Shutting down and abandoning module InputCore (88)
[2019.04.09-20.04.41:710][688]LogModuleManager: Shutting down and abandoning module Settings (86)
[2019.04.09-20.04.41:710][688]LogModuleManager: Shutting down and abandoning module PhysXCooking (84)
[2019.04.09-20.04.41:710][688]LogModuleManager: Shutting down and abandoning module SteamVR (82)
[2019.04.09-20.04.41:710][688]LogModuleManager: Shutting down and abandoning module OculusHMD (80)
[2019.04.09-20.04.41:710][688]LogModuleManager: Shutting down and abandoning module ExampleDeviceProfileSelector (78)
[2019.04.09-20.04.41:710][688]LogModuleManager: Shutting down and abandoning module LauncherChunkInstaller (76)
[2019.04.09-20.04.41:710][688]LogModuleManager: Shutting down and abandoning module OnlineBlueprintSupport (74)
[2019.04.09-20.04.41:710][688]LogModuleManager: Shutting down and abandoning module OnlineSubsystem (70)
[2019.04.09-20.04.41:711][688]LogModuleManager: Shutting down and abandoning module XMPP (65)
[2019.04.09-20.04.41:711][688]LogModuleManager: Shutting down and abandoning module WebSockets (64)
[2019.04.09-20.04.41:732][688]LogModuleManager: Shutting down and abandoning module HTTP (61)
[2019.04.09-20.04.41:732][688]LogHttp: Display: Http module shutting down, but needs to wait on 1 outstanding Http requests:
[2019.04.09-20.04.41:732][688]LogHttp: Display: 	verb=[POST] url=[https://datarouter.ol.epicgames.com/datarouter/api/v1/public/data?SessionID=%7B1B106397-4282-F589-7F90-8D8193FF6119%7D&AppID=UEEditor.Rocket.Release&AppVersion=4.20.1-4233996%2B%2B%2BUE4%2BRelease-4.20&UserID=3c9be55c4fa1d5e6185f7fadb6253db1%7C51b1b8fc1c884f6f85ca575ff629b78a%7C2743abc5-6e81-4998-a544-3e10003d92d4&AppEnvironment=datacollector-binary&UploadType=eteventstream] status=Processing
[2019.04.09-20.04.41:748][688]LogModuleManager: Shutting down and abandoning module SSL (60)
[2019.04.09-20.04.41:750][688]LogModuleManager: Shutting down and abandoning module MagicLeapEmulator (56)
[2019.04.09-20.04.41:750][688]LogModuleManager: Shutting down and abandoning module MagicLeapPrivileges (54)
[2019.04.09-20.04.41:750][688]LogModuleManager: Shutting down and abandoning module MagicLeapIdentity (52)
[2019.04.09-20.04.41:750][688]LogModuleManager: Shutting down and abandoning module MagicLeapHelperVulkan (50)
[2019.04.09-20.04.41:750][688]LogModuleManager: Shutting down and abandoning module MagicLeapHelperOpenGL (48)
[2019.04.09-20.04.41:750][688]LogModuleManager: Shutting down and abandoning module MagicLeapSecureStorage (46)
[2019.04.09-20.04.41:750][688]LogModuleManager: Shutting down and abandoning module MagicLeapGestures (44)
[2019.04.09-20.04.41:750][688]LogModuleManager: Shutting down and abandoning module MagicLeapEyeTracker (42)
[2019.04.09-20.04.41:750][688]LogModuleManager: Shutting down and abandoning module MagicLeapController (40)
[2019.04.09-20.04.41:751][688]LogSlate: Slate User Destroyed.  User Index 0, Is Virtual User: 0
[2019.04.09-20.04.41:751][688]LogModuleManager: Shutting down and abandoning module MagicLeap (38)
[2019.04.09-20.04.41:751][688]LogModuleManager: Shutting down and abandoning module AnimationModifiers (36)
[2019.04.09-20.04.41:751][688]LogModuleManager: Shutting down and abandoning module PropertyEditor (35)
[2019.04.09-20.04.41:751][688]LogModuleManager: Shutting down and abandoning module AudioEditor (32)
[2019.04.09-20.04.41:751][688]LogModuleManager: Shutting down and abandoning module TextureCompressor (30)
[2019.04.09-20.04.41:751][688]LogModuleManager: Shutting down and abandoning module ShaderCore (28)
[2019.04.09-20.04.41:751][688]LogModuleManager: Shutting down and abandoning module Landscape (26)
[2019.04.09-20.04.41:751][688]LogModuleManager: Shutting down and abandoning module SlateRHIRenderer (24)
[2019.04.09-20.04.41:752][688]LogModuleManager: Shutting down and abandoning module OpenGLDrv (22)
[2019.04.09-20.04.41:752][688]LogModuleManager: Shutting down and abandoning module D3D11RHI (20)
[2019.04.09-20.04.41:752][688]LogModuleManager: Shutting down and abandoning module AnimGraphRuntime (18)
[2019.04.09-20.04.41:752][688]LogModuleManager: Shutting down and abandoning module Renderer (16)
[2019.04.09-20.04.41:752][688]LogModuleManager: Shutting down and abandoning module Engine (14)
[2019.04.09-20.04.41:752][688]LogModuleManager: Shutting down and abandoning module CoreUObject (12)
[2019.04.09-20.04.41:752][688]LogModuleManager: Shutting down and abandoning module NetworkFile (10)
[2019.04.09-20.04.41:752][688]LogModuleManager: Shutting down and abandoning module CookedIterativeFile (8)
[2019.04.09-20.04.41:752][688]LogModuleManager: Shutting down and abandoning module StreamingFile (6)
[2019.04.09-20.04.41:752][688]LogModuleManager: Shutting down and abandoning module SandboxFile (4)
[2019.04.09-20.04.41:752][688]LogModuleManager: Shutting down and abandoning module PakFile (2)
[2019.04.09-20.04.41:761][688]LogExit: Exiting.
[2019.04.09-20.04.41:773][688]Log file closed, 04/09/19 16:04:41
