Log file open, 04/02/19 14:39:55
LogWindows: Failed to load 'aqProf.dll' (GetLastError=126)
LogWindows: File 'aqProf.dll' does not exist
LogWindows: Failed to load 'VSPerf140.dll' (GetLastError=126)
LogWindows: File 'VSPerf140.dll' does not exist
LogWindows: Failed to load 'VtuneApi.dll' (GetLastError=126)
LogWindows: File 'VtuneApi.dll' does not exist
LogWindows: Failed to load 'VtuneApi32e.dll' (GetLastError=126)
LogWindows: File 'VtuneApi32e.dll' does not exist
LogInit: Display: Running engine for game: Dinochan_v001
LogPlatformFile: Not using cached read wrapper
LogTaskGraph: Started task graph with 5 named threads and 35 total threads with 3 sets of task threads.
LogStats: Stats thread started at 0.413996
LogD3D11RHI: Loaded GFSDK_Aftermath_Lib.x64.dll
LogICUInternationalization: Display: ICU TimeZone Detection - Raw Offset: -5:00, Platform Override: ''
LogPluginManager: Mounting plugin Paper2D
LogPluginManager: Mounting plugin AISupport
LogPluginManager: Mounting plugin LightPropagationVolume
LogPluginManager: Mounting plugin CLionSourceCodeAccess
LogPluginManager: Mounting plugin CodeLiteSourceCodeAccess
LogPluginManager: Mounting plugin GitSourceControl
LogPluginManager: Mounting plugin KDevelopSourceCodeAccess
LogPluginManager: Mounting plugin NullSourceCodeAccess
LogPluginManager: Mounting plugin PerforceSourceControl
LogPluginManager: Mounting plugin SubversionSourceControl
LogPluginManager: Mounting plugin UObjectPlugin
LogPluginManager: Mounting plugin VisualStudioCodeSourceCodeAccess
LogPluginManager: Mounting plugin VisualStudioSourceCodeAccess
LogPluginManager: Mounting plugin XCodeSourceCodeAccess
LogPluginManager: Mounting plugin AssetManagerEditor
LogPluginManager: Mounting plugin CryptoKeys
LogPluginManager: Mounting plugin DataValidation
LogPluginManager: Mounting plugin FacialAnimation
LogPluginManager: Mounting plugin GameplayTagsEditor
LogPluginManager: Mounting plugin MacGraphicsSwitching
LogPluginManager: Mounting plugin MeshEditor
LogPluginManager: Mounting plugin MobileLauncherProfileWizard
LogPluginManager: Mounting plugin PluginBrowser
LogPluginManager: Mounting plugin SpeedTreeImporter
LogPluginManager: Mounting plugin DatasmithContent
LogPluginManager: Mounting plugin AlembicImporter
LogPluginManager: Mounting plugin AppleImageUtils
LogPluginManager: Mounting plugin AppleVision
LogPluginManager: Mounting plugin BackChannel
LogPluginManager: Mounting plugin CharacterAI
LogPluginManager: Mounting plugin GeometryCache
LogPluginManager: Mounting plugin HTML5Networking
LogPluginManager: Mounting plugin ProxyLODPlugin
LogPluginManager: Mounting plugin MagicLeap
LogPluginManager: Mounting plugin MagicLeapEmulator
LogPluginManager: Mounting plugin MagicLeapMedia
LogPluginManager: Mounting plugin AndroidMedia
LogPluginManager: Mounting plugin AvfMedia
LogPluginManager: Mounting plugin ImgMedia
LogPluginManager: Mounting plugin LinearTimecode
LogPluginManager: Mounting plugin MediaCompositing
LogPluginManager: Mounting plugin MediaPlayerEditor
LogPluginManager: Mounting plugin WmfMedia
LogPluginManager: Mounting plugin TcpMessaging
LogPluginManager: Mounting plugin UdpMessaging
LogPluginManager: Mounting plugin ActorSequence
LogPluginManager: Mounting plugin LevelSequenceEditor
LogPluginManager: Mounting plugin MatineeToLevelSequence
LogPluginManager: Mounting plugin NetcodeUnitTest
LogPluginManager: Mounting plugin NUTUnrealEngine4
LogPluginManager: Mounting plugin OnlineSubsystemGooglePlay
LogPluginManager: Mounting plugin OnlineSubsystemIOS
LogPluginManager: Mounting plugin OnlineSubsystem
LogPluginManager: Mounting plugin OnlineSubsystemNull
LogPluginManager: Mounting plugin OnlineSubsystemUtils
LogPluginManager: Mounting plugin LauncherChunkInstaller
LogPluginManager: Mounting plugin AndroidDeviceProfileSelector
LogPluginManager: Mounting plugin AndroidMoviePlayer
LogPluginManager: Mounting plugin AndroidPermission
LogPluginManager: Mounting plugin AppleMoviePlayer
LogPluginManager: Mounting plugin ArchVisCharacter
LogPluginManager: Mounting plugin AudioCapture
LogPluginManager: Mounting plugin CableComponent
LogPluginManager: Mounting plugin CustomMeshComponent
LogPluginManager: Mounting plugin EditableMesh
LogPluginManager: Mounting plugin ExampleDeviceProfileSelector
LogPluginManager: Mounting plugin GoogleCloudMessaging
LogPluginManager: Mounting plugin ImmediatePhysics
LogPluginManager: Mounting plugin IOSDeviceProfileSelector
LogPluginManager: Mounting plugin LinuxDeviceProfileSelector
LogPluginManager: Mounting plugin LocationServicesBPLibrary
LogPluginManager: Mounting plugin MobilePatchingUtils
LogPluginManager: Mounting plugin OculusVR
LogPluginManager: Plugin shader directory ../../../Engine/Plugins/Runtime/Oculus/OculusVR/Shaders found
LogPluginManager: Mapping shader source directory ../../../Engine/Plugins/Runtime/Oculus/OculusVR/Shaders to virtual directory /Plugin/OculusVR
LogPluginManager: Mounting plugin PhysXVehicles
LogPluginManager: Mounting plugin ProceduralMeshComponent
LogPluginManager: Mounting plugin RuntimePhysXCooking
LogPluginManager: Mounting plugin SteamVR
LogPluginManager: Mounting plugin WindowsMoviePlayer
LogStreaming: Display: Took  0.142s to configure plugins.
LogInit: Using libcurl 7.55.1-DEV
LogInit:  - built for x86_64-pc-win32
LogInit:  - supports SSL with OpenSSL/1.0.2h
LogInit:  - supports HTTP deflate (compression) using libz 1.2.8
LogInit:  - other features:
LogInit:      CURL_VERSION_SSL
LogInit:      CURL_VERSION_LIBZ
LogInit:      CURL_VERSION_IPV6
LogInit:      CURL_VERSION_ASYNCHDNS
LogInit:      CURL_VERSION_LARGEFILE
LogInit:      CURL_VERSION_IDN
LogInit:  CurlRequestOptions (configurable via config and command line):
LogInit:  - bVerifyPeer = false  - Libcurl will NOT verify peer certificate
LogInit:  - bUseHttpProxy = false  - Libcurl will NOT use HTTP proxy
LogInit:  - bDontReuseConnections = false  - Libcurl will reuse connections
LogInit:  - CertBundlePath = nullptr  - Libcurl will use whatever was configured at build time.
LogInit:  - MaxHostConnections = 16  - Libcurl will limit the number of connections to a host
LogInit:  - LocalHostAddr = Default
LogInit:  - BufferSize = 65536
LogInit: WinSock: version 1.1 (2.2), MaxSocks=32767, MaxUdp=65467
LogInit: Build: ++UE4+Release-4.20-CL-4233996
LogInit: Engine Version: 4.20.1-4233996+++UE4+Release-4.20
LogInit: Compatible Engine Version: 4.20.0-4212847+++UE4+Release-4.20
LogInit: Net CL: 4212847
LogInit: OS: Windows 10 (), CPU:        Intel(R) Xeon(R) CPU E5-1650 0 @ 3.20GHz, GPU: NVIDIA Quadro K4000
LogInit: Compiled (64-bit): Jul 26 2018 10:07:30
LogInit: Compiled with Visual C++: 19.13.26129.00
LogInit: Build Configuration: Development
LogInit: Branch Name: ++UE4+Release-4.20
LogInit: Command Line: 
LogInit: Base Directory: C:/Program Files/Epic Games/UE_4.20/Engine/Binaries/Win64/
LogInit: Installed Engine Build: 1
LogDevObjectVersion: Number of dev versions registered: 20
LogDevObjectVersion:   Dev-Blueprints (B0D832E4-1F89-4F0D-ACCF-7EB736FD4AA2): 10
LogDevObjectVersion:   Dev-Build (E1C64328-A22C-4D53-A36C-8E866417BD8C): 0
LogDevObjectVersion:   Dev-Core (375EC13C-06E4-48FB-B500-84F0262A717E): 2
LogDevObjectVersion:   Dev-Editor (E4B068ED-F494-42E9-A231-DA0B2E46BB41): 24
LogDevObjectVersion:   Dev-Framework (CFFC743F-43B0-4480-9391-14DF171D2073): 34
LogDevObjectVersion:   Dev-Mobile (B02B49B5-BB20-44E9-A304-32B752E40360): 2
LogDevObjectVersion:   Dev-Networking (A4E4105C-59A1-49B5-A7C5-40C4547EDFEE): 0
LogDevObjectVersion:   Dev-Online (39C831C9-5AE6-47DC-9A44-9C173E1C8E7C): 0
LogDevObjectVersion:   Dev-Physics (78F01B33-EBEA-4F98-B9B4-84EACCB95AA2): 0
LogDevObjectVersion:   Dev-Platform (6631380F-2D4D-43E0-8009-CF276956A95A): 0
LogDevObjectVersion:   Dev-Rendering (12F88B9F-8875-4AFC-A67C-D90C383ABD29): 26
LogDevObjectVersion:   Dev-Sequencer (7B5AE74C-D270-4C10-A958-57980B212A5A): 9
LogDevObjectVersion:   Dev-VR (D7296918-1DD6-4BDD-9DE2-64A83CC13884): 2
LogDevObjectVersion:   Dev-LoadTimes (C2A15278-BFE7-4AFE-6C17-90FF531DF755): 1
LogDevObjectVersion:   Private-Geometry (6EACA3D4-40EC-4CC1-B786-8BED09428FC5): 3
LogDevObjectVersion:   Dev-AnimPhys (29E575DD-E0A3-4627-9D10-D276232CDCEA): 17
LogDevObjectVersion:   Dev-ReflectionCapture (6B266CEC-1EC7-4B8F-A30B-E4D90942FC07): 1
LogDevObjectVersion:   Dev-Automation (0DF73D61-A23F-47EA-B727-89E90C41499A): 1
LogDevObjectVersion:   FortniteMain (601D1886-AC64-4F84-AA16-D3DE0DEAC7D6): 12
LogDevObjectVersion:   Dev-Enterprise (9DFFBCD6-494F-0158-E221-12823C92A888): 1
LogStreaming: Display: Took  0.004s to delete old logs.
LogInit: Presizing for max 8388607 objects, including 0 objects not considered by GC, pre-allocating 0 bytes for permanent pool.
LogInit: Object subsystem initialized
[2019.04.02-18.39.55:395][  0]LogInit: Selected Device Profile: [Windows]
[2019.04.02-18.39.55:395][  0]LogInit: Applying CVar settings loaded from the selected device profile: [Windows]
[2019.04.02-18.39.55:427][  0]LogHAL: Display: Platform has ~ 16 GB [17135558656 / 17179869184 / 16], which maps to Larger [LargestMinGB=32, LargerMinGB=12, DefaultMinGB=8, SmallerMinGB=6, SmallestMinGB=0)
[2019.04.02-18.39.55:427][  0]LogInit: Setting Device Profile CVar: [[r.Vulkan.UseRealUBs:1]]
[2019.04.02-18.39.55:427][  0]LogInit: Going up to parent DeviceProfile []
[2019.04.02-18.39.55:428][  0]LogInit: Computer: ATC-178-03
[2019.04.02-18.39.55:428][  0]LogInit: User: brownr55
[2019.04.02-18.39.55:428][  0]LogInit: CPU Page size=4096, Cores=6
[2019.04.02-18.39.55:428][  0]LogInit: High frequency timer resolution =3.117491 MHz
[2019.04.02-18.39.55:428][  0]LogMemory: Memory total: Physical=16.0GB (16GB approx)
[2019.04.02-18.39.55:428][  0]LogMemory: Platform Memory Stats for Windows
[2019.04.02-18.39.55:428][  0]LogMemory: Process Physical Memory: 102.88 MB used, 102.88 MB peak
[2019.04.02-18.39.55:428][  0]LogMemory: Process Virtual Memory: 96.25 MB used, 96.25 MB peak
[2019.04.02-18.39.55:428][  0]LogMemory: Physical Memory: 6997.15 MB used,  9344.59 MB free, 16341.74 MB total
[2019.04.02-18.39.55:428][  0]LogMemory: Virtual Memory: 566.60 MB used,  9344.59 MB free, 134217728.00 MB total
[2019.04.02-18.39.55:455][  0]LogInit: Using OS detected language (en-US).
[2019.04.02-18.39.55:455][  0]LogInit: Using OS detected locale (en-US).
[2019.04.02-18.39.55:456][  0]LogTextLocalizationManager: No specific localization for 'en-US' exists, so the 'en' localization will be used.
[2019.04.02-18.39.55:859][  0]LogStreaming: Display: Took  0.403s to InitEngineTextLocalization.
[2019.04.02-18.39.55:859][  0]LogInit: Setting process to per monitor DPI aware
[2019.04.02-18.39.55:900][  0]LogSlate: New Slate User Created.  User Index 0, Is Virtual User: 0
[2019.04.02-18.39.55:900][  0]LogSlate: Slate User Registered.  User Index 0, Is Virtual User: 0
[2019.04.02-18.39.56:160][  0]LogHMD: Failed to initialize OpenVR with code 110
[2019.04.02-18.39.56:160][  0]LogD3D11RHI: D3D11 adapters:
[2019.04.02-18.39.56:226][  0]LogD3D11RHI:    0. 'NVIDIA Quadro K4000' (Feature Level 11_0)
[2019.04.02-18.39.56:226][  0]LogD3D11RHI:       3029/0/8170 MB DedicatedVideo/DedicatedSystem/SharedSystem, Outputs:2, VendorId:0x10de
[2019.04.02-18.39.56:228][  0]LogD3D11RHI:    1. 'Microsoft Basic Render Driver' (Feature Level 11_0)
[2019.04.02-18.39.56:228][  0]LogD3D11RHI:       0/0/8170 MB DedicatedVideo/DedicatedSystem/SharedSystem, Outputs:0, VendorId:0x1414
[2019.04.02-18.39.56:228][  0]LogD3D11RHI: Chosen D3D11 Adapter: 0
[2019.04.02-18.39.56:235][  0]LogD3D11RHI: Creating new Direct3DDevice
[2019.04.02-18.39.56:235][  0]LogD3D11RHI:     GPU DeviceId: 0x11fa (for the marketing name, search the web for "GPU Device Id")
[2019.04.02-18.39.56:235][  0]LogWindows: EnumDisplayDevices:
[2019.04.02-18.39.56:235][  0]LogWindows:    0. 'NVIDIA Quadro K4000' (P:0 D:1)
[2019.04.02-18.39.56:235][  0]LogWindows:    1. 'NVIDIA Quadro K4000' (P:1 D:1)
[2019.04.02-18.39.56:236][  0]LogWindows:    2. 'NVIDIA Quadro K4000' (P:0 D:0)
[2019.04.02-18.39.56:236][  0]LogWindows:    3. 'NVIDIA Quadro K4000' (P:0 D:0)
[2019.04.02-18.39.56:236][  0]LogWindows: DebugString: FoundDriverCount:4 
[2019.04.02-18.39.56:236][  0]LogD3D11RHI:     Adapter Name: NVIDIA Quadro K4000
[2019.04.02-18.39.56:236][  0]LogD3D11RHI:   Driver Version: 397.93 (internal:24.21.13.9793, unified:397.93)
[2019.04.02-18.39.56:236][  0]LogD3D11RHI:      Driver Date: 5-22-2018
[2019.04.02-18.39.56:236][  0]LogRHI: Texture pool is 2120 MB (70% of 3029 MB)
[2019.04.02-18.39.56:284][  0]LogD3D11RHI: Async texture creation enabled
[2019.04.02-18.39.56:314][  0]LogD3D11RHI: GPU Timing Frequency: 1000.000000 (Debug: 2 2)
[2019.04.02-18.39.56:317][  0]LogShaderCompilers: Guid format shader working directory is -33 characters bigger than the processId version (../../../../../../Users/brownr55/Desktop/dinochan/Dinochan/Dinochan_v001_UE4.20.3/Intermediate/Shaders/WorkingDirectory/16404/).
[2019.04.02-18.39.56:317][  0]LogShaderCompilers: Cleaned the shader compiler working directory 'C:/Users/brownr55/AppData/Local/Temp/UnrealShaderWorkingDir/5C6D0DD841276E541685A3952197286C/'.
[2019.04.02-18.39.56:517][  0]LogTemp: Display: Loaded TP AllDesktopTargetPlatform
[2019.04.02-18.39.56:533][  0]LogTemp: Display: Loaded TP MacClientTargetPlatform
[2019.04.02-18.39.56:550][  0]LogTemp: Display: Loaded TP MacNoEditorTargetPlatform
[2019.04.02-18.39.56:566][  0]LogTemp: Display: Loaded TP MacServerTargetPlatform
[2019.04.02-18.39.56:582][  0]LogTemp: Display: Loaded TP MacTargetPlatform
[2019.04.02-18.39.56:598][  0]LogTemp: Display: Loaded TP WindowsClientTargetPlatform
[2019.04.02-18.39.56:620][  0]LogTemp: Display: Loaded TP WindowsNoEditorTargetPlatform
[2019.04.02-18.39.56:645][  0]LogTemp: Display: Loaded TP WindowsServerTargetPlatform
[2019.04.02-18.39.56:657][  0]LogTemp: Display: Loaded TP WindowsTargetPlatform
[2019.04.02-18.39.56:751][  0]LogTemp: Display: Loaded TP AndroidTargetPlatform
[2019.04.02-18.39.56:751][  0]LogTemp: Display: Loaded TP AndroidTargetPlatform
[2019.04.02-18.39.56:751][  0]LogTemp: Display: Loaded TP AndroidTargetPlatform
[2019.04.02-18.39.56:751][  0]LogTemp: Display: Loaded TP AndroidTargetPlatform
[2019.04.02-18.39.56:751][  0]LogTemp: Display: Loaded TP AndroidTargetPlatform
[2019.04.02-18.39.56:751][  0]LogTemp: Display: Loaded TP AndroidTargetPlatform
[2019.04.02-18.39.56:751][  0]LogTemp: Display: Loaded TP AndroidTargetPlatform
[2019.04.02-18.39.56:751][  0]LogTemp: Display: Loaded TP AndroidTargetPlatform
[2019.04.02-18.39.56:751][  0]LogTemp: Display: Loaded TP AndroidTargetPlatform
[2019.04.02-18.39.56:751][  0]LogTemp: Display: Loaded TP AndroidTargetPlatform
[2019.04.02-18.39.56:751][  0]LogTemp: Display: Loaded TP AndroidTargetPlatform
[2019.04.02-18.39.56:751][  0]LogTemp: Display: Loaded TP AndroidTargetPlatform
[2019.04.02-18.39.56:751][  0]LogTemp: Display: Loaded TP AndroidTargetPlatform
[2019.04.02-18.39.56:751][  0]LogTemp: Display: Loaded TP AndroidTargetPlatform
[2019.04.02-18.39.56:751][  0]LogTemp: Display: Loaded TP AndroidTargetPlatform
[2019.04.02-18.39.56:751][  0]LogTemp: Display: Loaded TP AndroidTargetPlatform
[2019.04.02-18.39.56:751][  0]LogTemp: Display: Loaded TP AndroidTargetPlatform
[2019.04.02-18.39.56:751][  0]LogTemp: Display: Loaded TP AndroidTargetPlatform
[2019.04.02-18.39.56:753][  0]LogTemp: Display: Loaded TP HTML5TargetPlatform
[2019.04.02-18.39.56:817][  0]LogTemp: Display: Loaded TP IOSTargetPlatform
[2019.04.02-18.39.56:817][  0]LogTemp: Display: Loaded TP IOSTargetPlatform
[2019.04.02-18.39.56:846][  0]LogTemp: Display: Loaded TP TVOSTargetPlatform
[2019.04.02-18.39.56:846][  0]LogTemp: Display: Loaded TP TVOSTargetPlatform
[2019.04.02-18.39.56:861][  0]LogTemp: Display: Loaded TP LinuxClientTargetPlatform
[2019.04.02-18.39.56:877][  0]LogTemp: Display: Loaded TP LinuxNoEditorTargetPlatform
[2019.04.02-18.39.56:893][  0]LogTemp: Display: Loaded TP LinuxServerTargetPlatform
[2019.04.02-18.39.56:911][  0]LogTemp: Display: Loaded TP LinuxTargetPlatform
[2019.04.02-18.39.56:922][  0]LogTemp: Display: Loaded TP LuminTargetPlatform
[2019.04.02-18.39.56:922][  0]LogTargetPlatformManager: Display: Building Assets For Windows
[2019.04.02-18.39.56:985][  0]LogXGEController: Cannot use XGE Controller as Incredibuild is not installed on this machine.
[2019.04.02-18.39.56:985][  0]LogShaderCompilers: Cannot use XGE Shader Compiler as Incredibuild is not installed on this machine.
[2019.04.02-18.39.56:985][  0]LogShaderCompilers: Display: Using Local Shader Compiler.
[2019.04.02-18.39.57:938][  0]LogDerivedDataCache: Display: Max Cache Size: 512 MB
[2019.04.02-18.39.58:004][  0]LogDerivedDataCache: Loaded boot cache 0.07s 87MB C:/Users/brownr55/AppData/Local/UnrealEngine/4.20/DerivedDataCache/Boot.ddc.
[2019.04.02-18.39.58:004][  0]LogDerivedDataCache: Display: Loaded Boot cache: C:/Users/brownr55/AppData/Local/UnrealEngine/4.20/DerivedDataCache/Boot.ddc
[2019.04.02-18.39.58:004][  0]LogDerivedDataCache: FDerivedDataBackendGraph:  Pak pak cache file ../../../../../../Users/brownr55/Desktop/dinochan/Dinochan/Dinochan_v001_UE4.20.3/DerivedDataCache/DDC.ddp not found, will not use a pak cache.
[2019.04.02-18.39.58:004][  0]LogDerivedDataCache: Unable to find inner node Pak for hierarchical cache Hierarchy.
[2019.04.02-18.39.58:004][  0]LogDerivedDataCache: FDerivedDataBackendGraph:  CompressedPak pak cache file ../../../../../../Users/brownr55/Desktop/dinochan/Dinochan/Dinochan_v001_UE4.20.3/DerivedDataCache/Compressed.ddp not found, will not use a pak cache.
[2019.04.02-18.39.58:004][  0]LogDerivedDataCache: Unable to find inner node CompressedPak for hierarchical cache Hierarchy.
[2019.04.02-18.39.58:022][  0]LogDerivedDataCache: Display: Pak cache opened for reading ../../../Engine/DerivedDataCache/Compressed.ddp.
[2019.04.02-18.39.58:034][  0]LogDerivedDataCache: Using Local data cache path C:/Users/brownr55/AppData/Local/UnrealEngine/Common/DerivedDataCache: Writable
[2019.04.02-18.39.58:034][  0]LogDerivedDataCache: Shared data cache path not found in *engine.ini, will not use an Shared cache.
[2019.04.02-18.39.58:034][  0]LogDerivedDataCache: Unable to find inner node Shared for hierarchical cache Hierarchy.
[2019.04.02-18.39.58:057][  0]LogMaterial: Verifying Global Shaders for PCD3D_SM5
[2019.04.02-18.39.58:059][  0]LogSlate: Using FreeType 2.6.0
[2019.04.02-18.39.58:060][  0]LogSlate: SlateFontServices - WITH_FREETYPE: 1, WITH_HARFBUZZ: 1
[2019.04.02-18.39.58:157][  0]LogAssetRegistry: FAssetRegistry took 0.0263 seconds to start up
[2019.04.02-18.39.58:578][  0]LogInit: Selected Device Profile: [Windows]
[2019.04.02-18.39.58:740][  0]LogSimplygon: Simplygon DLL not present - disabling.
[2019.04.02-18.39.58:744][  0]LogMeshReduction: Using SimplygonSwarm for distributed automatic mesh merging
[2019.04.02-18.39.58:744][  0]LogMeshReduction: Using ProxyLODMeshReduction for automatic mesh merging
[2019.04.02-18.39.58:744][  0]LogMeshReduction: Using QuadricMeshReduction for automatic static mesh reduction
[2019.04.02-18.39.58:744][  0]LogMeshReduction: No automatic skeletal mesh reduction module available
[2019.04.02-18.39.58:767][  0]LogNetVersion: Dinochan_v001 1.0.0, NetCL: 4212847, EngineNetVer: 5, GameNetVer: 0 (Checksum: 2574802920)
[2019.04.02-18.39.59:458][  0]LogPackageLocalizationCache: Processed 11 localized package path(s) for 2 prioritized culture(s) in 0.217204 seconds
[2019.04.02-18.39.59:465][  0]LogUObjectArray: 38425 objects as part of root set at end of initial load.
[2019.04.02-18.39.59:465][  0]LogUObjectAllocator: 6690872 out of 0 bytes used by permanent object pool.
[2019.04.02-18.39.59:465][  0]LogUObjectArray: CloseDisregardForGC: 0/0 objects in disregard for GC pool
[2019.04.02-18.40.00:418][  0]LogTcpMessaging: Initializing TcpMessaging bridge
[2019.04.02-18.40.00:431][  0]LogUdpMessaging: Initializing bridge on interface 0.0.0.0:0 to multicast group 230.0.0.1:6666.
[2019.04.02-18.40.00:608][  0]SourceControl: Source control is disabled
[2019.04.02-18.40.00:608][  0]SourceControl: Source control is disabled
[2019.04.02-18.40.00:610][  0]SourceControl: Source control is disabled
[2019.04.02-18.40.00:611][  0]SourceControl: Source control is disabled
[2019.04.02-18.40.00:802][  0]LogAndroidPermission: UAndroidPermissionCallbackProxy::GetInstance
[2019.04.02-18.40.00:869][  0]LogOcInput: OculusInput pre-init called
[2019.04.02-18.40.00:942][  0]LogEngine: Initializing Engine...
[2019.04.02-18.40.00:943][  0]LogHMD: Failed to initialize OpenVR with code 110
[2019.04.02-18.40.00:945][  0]LogStats: UGameplayTagsManager::ConstructGameplayTagTree: ImportINI prefixes -  0.000 s
[2019.04.02-18.40.00:945][  0]LogStats: UGameplayTagsManager::ConstructGameplayTagTree: Construct from data asset -  0.000 s
[2019.04.02-18.40.00:945][  0]LogStats: UGameplayTagsManager::ConstructGameplayTagTree: ImportINI -  0.000 s
[2019.04.02-18.40.00:945][  0]LogStats: UGameplayTagsManager::ConstructGameplayTagTree: GameplayTagTreeChangedEvent.Broadcast -  0.000 s
[2019.04.02-18.40.01:211][  0]LogInit: Initializing FReadOnlyCVARCache
[2019.04.02-18.40.01:226][  0]LogAIModule: Creating AISystem for world Untitled
[2019.04.02-18.40.01:238][  0]LogInit: XAudio2 using 'Headphones (High Definition Audio Device)' : 2 channels at 48 kHz using 16 bits per sample (channel mask 0x3)
[2019.04.02-18.40.01:249][  0]LogInit: FAudioDevice initialized.
[2019.04.02-18.40.01:250][  0]LogNetVersion: Set ProjectVersion to 1.0.0.0. Version Checksum will be recalculated on next use.
[2019.04.02-18.40.01:321][  0]LogDerivedDataCache: Saved boot cache 0.07s 71MB C:/Users/brownr55/AppData/Local/UnrealEngine/4.20/DerivedDataCache/Boot.ddc.
[2019.04.02-18.40.01:327][  0]LogInit: Texture streaming: Enabled
[2019.04.02-18.40.01:345][  0]LogEngineSessionManager: EngineSessionManager initialized
[2019.04.02-18.40.01:359][  0]LogInit: Transaction tracking system initialized
[2019.04.02-18.40.01:384][  0]BlueprintLog: New page: Editor Load
[2019.04.02-18.40.01:468][  0]LocalizationService: Localization service is disabled
[2019.04.02-18.40.01:735][  0]LogCook: Display: Max memory allowance for cook 16384mb min free memory 0mb
[2019.04.02-18.40.01:736][  0]LogCook: Display: Mobile HDR setting 1
[2019.04.02-18.40.01:736][  0]LogGameplayTags: Display: UGameplayTagsManager::DoneAddingNativeTags. DelegateIsBound: 0
[2019.04.02-18.40.01:736][  0]LogStats: UGameplayTagsManager::ConstructGameplayTagTree: ImportINI prefixes -  0.000 s
[2019.04.02-18.40.01:736][  0]LogStats: UGameplayTagsManager::ConstructGameplayTagTree: Construct from data asset -  0.000 s
[2019.04.02-18.40.01:736][  0]LogStats: UGameplayTagsManager::ConstructGameplayTagTree: ImportINI -  0.000 s
[2019.04.02-18.40.01:736][  0]LogStats: UGameplayTagsManager::ConstructGameplayTagTree: GameplayTagTreeChangedEvent.Broadcast -  0.000 s
[2019.04.02-18.40.01:865][  0]LogFileCache: Scanning file cache for directory 'C:/Users/brownr55/Desktop/dinochan/Dinochan/Dinochan_v001_UE4.20.3/Content/' took 0.02s
[2019.04.02-18.40.01:866][  0]SourceControl: Source control is disabled
[2019.04.02-18.40.01:866][  0]Cmd: MAP LOAD FILE="../../../../../../Users/brownr55/Desktop/dinochan/Dinochan/Dinochan_v001_UE4.20.3/Content/_Maps/Modelled_Greybox.umap" TEMPLATE=0 SHOWPROGRESS=1 FEATURELEVEL=3
[2019.04.02-18.40.01:866][  0]LightingResults: New page: Lighting Build
[2019.04.02-18.40.01:869][  0]MapCheck: New page: Map Check
[2019.04.02-18.40.01:869][  0]LightingResults: New page: Lighting Build
[2019.04.02-18.40.02:560][  0]LogAnimationCompression: Building Anim DDC data for AnimSequence /Game/1_Models/DinoRun_test.DinoRun_test
[2019.04.02-18.40.02:561][  0]LogAnimationCompression: Recompressing (AnimSequence /Game/1_Models/DinoRun_test.DinoRun_test) using current/default (AnimCompress_BitwiseCompressOnly_0) bFirstRecompressUsingCurrentOrDefault(1) bTryAlternateCompressor(0) IsCompressedDataValid(0)
[2019.04.02-18.40.03:477][  0]LogAIModule: Creating AISystem for world Modelled_Greybox
[2019.04.02-18.40.03:514][  0]LogEditorServer: Finished looking for orphan Actors (0.000 secs)
[2019.04.02-18.40.03:542][  0]Cmd: MAP CHECKDEP NOCLEARLOG
[2019.04.02-18.40.03:642][  0]MapCheck: Map check complete: 0 Error(s), 0 Warning(s), took 99.856ms to complete.
[2019.04.02-18.40.03:642][  0]LogFileHelpers: Loading map 'Modelled_Greybox' took 1.776
[2019.04.02-18.40.03:837][  0]LogSlate: Updating window title bar state: overlay mode, drag disabled, window buttons hidden, title bar hidden
[2019.04.02-18.40.03:849][  0]LogSlate: Updating window title bar state: overlay mode, drag disabled, window buttons hidden, title bar hidden
[2019.04.02-18.40.03:860][  0]LogSlate: Updating window title bar state: overlay mode, drag disabled, window buttons hidden, title bar hidden
[2019.04.02-18.40.03:871][  0]LogSlate: Updating window title bar state: overlay mode, drag disabled, window buttons hidden, title bar hidden
[2019.04.02-18.40.03:890][  0]LogCollectionManager: Loaded 0 collections in 0.002198 seconds
[2019.04.02-18.40.03:967][  0]LogFileCache: Scanning file cache for directory 'C:/Users/brownr55/Desktop/dinochan/Dinochan/Dinochan_v001_UE4.20.3/Saved/Collections/' took 0.01s
[2019.04.02-18.40.03:968][  0]LogFileCache: Scanning file cache for directory 'C:/Users/brownr55/Desktop/dinochan/Dinochan/Dinochan_v001_UE4.20.3/Content/Developers/brownr55/Collections/' took 0.01s
[2019.04.02-18.40.03:968][  0]LogFileCache: Scanning file cache for directory 'C:/Users/brownr55/Desktop/dinochan/Dinochan/Dinochan_v001_UE4.20.3/Content/Collections/' took 0.01s
[2019.04.02-18.40.03:968][  0]LogCollectionManager: Rebuilt the GUID cache for 0 collections in 0.000001 seconds
[2019.04.02-18.40.03:995][  0]LogContentBrowser: Native class hierarchy populated in 0.0258 seconds. Added 2572 classes and 603 folders.
[2019.04.02-18.40.04:014][  0]LogContentBrowser: Native class hierarchy updated for 'WidgetCarousel' in 0.0003 seconds. Added 0 classes and 0 folders.
[2019.04.02-18.40.04:505][  0]LogContentBrowser: Native class hierarchy updated for 'AddContentDialog' in 0.0003 seconds. Added 0 classes and 0 folders.
[2019.04.02-18.40.04:519][  0]LogContentBrowser: Native class hierarchy updated for 'SceneOutliner' in 0.0003 seconds. Added 1 classes and 2 folders.
[2019.04.02-18.40.04:574][  0]LogSlate: Took 0.000240 seconds to synchronously load lazily loaded font '../../../Engine/Content/Slate/Fonts/Roboto-Regular.ttf' (155K)
[2019.04.02-18.40.04:577][  0]LogSlate: Took 0.000193 seconds to synchronously load lazily loaded font '../../../Engine/Content/Slate/Fonts/Roboto-Bold.ttf' (160K)
[2019.04.02-18.40.04:591][  0]LogSlate: Took 0.006448 seconds to synchronously load lazily loaded font '../../../Engine/Content/Editor/Slate/Fonts/FontAwesome.ttf' (139K)
[2019.04.02-18.40.04:751][  0]LogRenderer: Reallocating scene render targets to support 1056x556 Format 10 NumSamples 1 (Frame:1).
[2019.04.02-18.40.04:941][  0]LogContentBrowser: Native class hierarchy updated for 'HierarchicalLODOutliner' in 0.0003 seconds. Added 0 classes and 0 folders.
[2019.04.02-18.40.04:941][  0]LogLoad: (Engine Initialization) Total time: 11.79 seconds
[2019.04.02-18.40.04:941][  0]LogLoad: (Engine Initialization) Total Blueprint compile time: 0.00 seconds
[2019.04.02-18.40.04:952][  0]LogWindowsTextInputMethodSystem: Display: IME system now deactivated.
[2019.04.02-18.40.04:987][  0]LogContentStreaming: Texture pool size now 3000 MB
[2019.04.02-18.40.05:027][  0]LogSlate: Took 0.006150 seconds to synchronously load lazily loaded font '../../../Engine/Content/Slate/Fonts/Roboto-Light.ttf' (167K)
[2019.04.02-18.40.05:056][  1]LogAssetRegistry: Asset discovery search completed in 6.9210 seconds
[2019.04.02-18.40.05:058][  1]LogCollectionManager: Rebuilt the object cache for 0 collections in 0.000001 seconds (found 0 objects)
[2019.04.02-18.40.05:058][  1]LogCollectionManager: Fixed up redirectors for 0 collections in 0.000053 seconds (updated 0 objects)
[2019.04.02-18.40.05:997][ 69]LogSlate: Took 0.000181 seconds to synchronously load lazily loaded font '../../../Engine/Content/Slate/Fonts/Roboto-Light.ttf' (167K)
[2019.04.02-18.40.10:042][492]LogFileCache: Retrieving MD5 hashes for directory 'C:/Users/brownr55/Desktop/dinochan/Dinochan/Dinochan_v001_UE4.20.3/Content/' took 5.08s
[2019.04.02-18.40.10:481][539]LogSlate: FSceneViewport::OnFocusLost() reason 0
[2019.04.02-18.40.14:635][985]LogSlate: FSceneViewport::OnFocusLost() reason 0
[2019.04.02-18.40.20:183][536]LogSkeletalMesh: Building Skeletal Mesh Dino_Idle_1000FxS...
[2019.04.02-18.40.21:217][536]LogSkeletalMesh: Built Skeletal Mesh [1.03s] /Game/1_Models/Dinochan_Anims/Dino_Idle_1000FxS.Dino_Idle_1000FxS
[2019.04.02-18.40.21:225][536]LogAnimationCompression: Building Anim DDC data for AnimSequence /Game/1_Models/Dinochan_Anims/Dino_Idle_1000FxS_Anim.Dino_Idle_1000FxS_Anim
[2019.04.02-18.40.21:225][536]LogAnimationCompression: Recompressing (AnimSequence /Game/1_Models/Dinochan_Anims/Dino_Idle_1000FxS_Anim.Dino_Idle_1000FxS_Anim) using current/default (AnimCompress_BitwiseCompressOnly_0) bFirstRecompressUsingCurrentOrDefault(1) bTryAlternateCompressor(0) IsCompressedDataValid(0)
[2019.04.02-18.40.21:365][536]LogAIModule: Creating AISystem for world Rueben_Dev
[2019.04.02-18.40.21:388][536]LogAssetEditorManager: Opening Asset editor for World /Game/_Maps/RubenLevel/Rueben_Dev.Rueben_Dev
[2019.04.02-18.40.21:418][536]Cmd: MAP LOAD FILE="../../../../../../Users/brownr55/Desktop/dinochan/Dinochan/Dinochan_v001_UE4.20.3/Content/_Maps/RubenLevel/Rueben_Dev.umap" TEMPLATE=0 SHOWPROGRESS=1 FEATURELEVEL=3
[2019.04.02-18.40.21:418][536]LightingResults: New page: Lighting Build
[2019.04.02-18.40.21:419][536]LoadErrors: New page: Loading map: Rueben_Dev.umap
[2019.04.02-18.40.21:420][536]MapCheck: New page: Map Check
[2019.04.02-18.40.21:421][536]LightingResults: New page: Lighting Build
[2019.04.02-18.40.21:467][536]LogEditorServer: Finished looking for orphan Actors (0.000 secs)
[2019.04.02-18.40.21:546][536]Cmd: MAP CHECKDEP NOCLEARLOG
[2019.04.02-18.40.21:660][536]MapCheck: Map check complete: 0 Error(s), 0 Warning(s), took 114.11ms to complete.
[2019.04.02-18.40.21:661][536]LogFileHelpers: Loading map 'Rueben_Dev' took 0.244
[2019.04.02-18.40.46:683][458]LogSlate: FSceneViewport::OnFocusLost() reason 0
[2019.04.02-18.40.53:378][200]LogAssetEditorManager: Opening Asset editor for WidgetBlueprint /Game/4_UI_Widgets/Pausemenu.PauseMenu
[2019.04.02-18.40.54:165][200]LogContentBrowser: Native class hierarchy updated for 'BlueprintGraph' in 0.0009 seconds. Added 116 classes and 0 folders.
[2019.04.02-18.40.55:508][200]LogSlate: Took 0.006087 seconds to synchronously load lazily loaded font '../../../Engine/Content/Slate/Fonts/Roboto-BoldCondensed.ttf' (158K)
[2019.04.02-18.40.59:074][378]LogSlate: Window 'PauseMenu' being destroyed
[2019.04.02-20.12.12:577][570]AssetReimport: New page: Outstanding source content changes 12:12:12 PM
[2019.04.02-20.12.12:598][570]LogFactory: FactoryCreateFile: Texture with ReimportTextureFactory (0 0 C:/Users/brownr55/Desktop/dinochan/Dinochan/Dinochan_v001_UE4.20.3/Content/4_UI_Widgets/Images/Backpack.png)
[2019.04.02-20.12.13:998][571]LogSavePackage: Moving '../../../../../../Users/brownr55/Desktop/dinochan/Dinochan/Dinochan_v001_UE4.20.3/Saved/Backpack10D29A1A49B2BA3732B0F7A6E400D962.tmp' to '../../../../../../Users/brownr55/Desktop/dinochan/Dinochan/Dinochan_v001_UE4.20.3/Content/4_UI_Widgets/Images/Backpack.uasset'
[2019.04.02-20.12.17:015][897]AssetReimport: Importing new asset /Game/4_UI_Widgets/Images/Backpack.
[2019.04.02-20.14.04:454][236]LogEditorTransaction: Undo Edit Y
[2019.04.02-20.14.05:027][266]Cmd: TRANSACTION UNDO
[2019.04.02-20.14.05:027][266]LogEditorTransaction: Undo Edit X
[2019.04.02-20.14.05:463][295]Cmd: TRANSACTION UNDO
[2019.04.02-20.14.05:463][295]LogEditorTransaction: Undo Edit Bottom
[2019.04.02-20.14.34:526][763]LogFileHelpers: Editor autosave (incl. sublevels) for '/Game/_Maps/RubenLevel/Rueben_Dev' took 0.107
[2019.04.02-20.14.34:529][763]OBJ SavePackage: Generating thumbnails for [0] asset(s) in package [/Game/4_UI_Widgets/Pausemenu] ([1] browsable assets)...
[2019.04.02-20.14.34:529][763]OBJ SavePackage: Finished generating thumbnails for package [/Game/4_UI_Widgets/Pausemenu]
[2019.04.02-20.14.34:595][763]LogSavePackage: Moving '../../../../../../Users/brownr55/Desktop/dinochan/Dinochan/Dinochan_v001_UE4.20.3/Saved/Pausemenu_Auto1F1C4506841BDA2927D390C8755AFF214.tmp' to '../../../../../../Users/brownr55/Desktop/dinochan/Dinochan/Dinochan_v001_UE4.20.3/Saved/Autosaves/Game/4_UI_Widgets/Pausemenu_Auto1.uasset'
[2019.04.02-20.14.34:600][763]LogFileHelpers: Auto-saving content packages took 0.071
[2019.04.02-20.15.23:343][912]BlueprintLog: New page: Compile PauseMenu
[2019.04.02-20.15.23:476][912]Cmd: OBJ SAVEPACKAGE PACKAGE="/Game/4_UI_Widgets/Pausemenu" FILE="../../../../../../Users/brownr55/Desktop/dinochan/Dinochan/Dinochan_v001_UE4.20.3/Content/4_UI_Widgets/Pausemenu.uasset" SILENT=true
[2019.04.02-20.15.23:527][912]LogSavePackage: Moving '../../../../../../Users/brownr55/Desktop/dinochan/Dinochan/Dinochan_v001_UE4.20.3/Saved/PausemenuF14C0A3E482A2CCC6A8E629EACB9987B.tmp' to '../../../../../../Users/brownr55/Desktop/dinochan/Dinochan/Dinochan_v001_UE4.20.3/Content/4_UI_Widgets/Pausemenu.uasset'
[2019.04.02-20.27.44:966][510]LogSlate: FSceneViewport::OnFocusLost() reason 2
[2019.04.02-20.27.45:328][510]LogSavePackage: Moving '../../../../../../Users/brownr55/Desktop/dinochan/Dinochan/Dinochan_v001_UE4.20.3/Saved/Rueben_Dev3A97871247AF61A3A9FDFC837C3612BF.tmp' to '../../../../../../Users/brownr55/Desktop/dinochan/Dinochan/Dinochan_v001_UE4.20.3/Content/_Maps/RubenLevel/Rueben_Dev.umap'
[2019.04.02-20.27.45:547][510]LogSavePackage: Moving '../../../../../../Users/brownr55/Desktop/dinochan/Dinochan/Dinochan_v001_UE4.20.3/Saved/Rueben_Dev_BuiltData82E91EB1418CB393EA2B8D97BF304B14.tmp' to '../../../../../../Users/brownr55/Desktop/dinochan/Dinochan/Dinochan_v001_UE4.20.3/Content/_Maps/RubenLevel/Rueben_Dev_BuiltData.uasset'
[2019.04.02-20.27.47:106][681]LogSlate: FSceneViewport::OnFocusLost() reason 0
[2019.04.02-20.27.47:362][691]LogSlate: Window 'Dinochan_v001 - Unreal Editor' being destroyed
[2019.04.02-20.27.47:574][692]Cmd: QUIT_EDITOR
[2019.04.02-20.27.47:595][692]LogWindowsTextInputMethodSystem: Display: IME system now deactivated.
[2019.04.02-20.27.47:611][692]LogExit: Preparing to exit.
[2019.04.02-20.27.48:748][692]LogExit: Editor shut down
[2019.04.02-20.27.48:749][692]LogExit: Transaction tracking system shut down
[2019.04.02-20.27.49:276][692]LogExit: Object subsystem successfully closed.
[2019.04.02-20.27.49:306][692]LogShaderCompilers: Display: Shaders left to compile 0
[2019.04.02-20.27.49:310][692]LogD3D11RHI: Shutdown
[2019.04.02-20.27.49:310][692]LogD3D11RHI: CleanupD3DDevice
[2019.04.02-20.27.49:314][692]LogD3D11RHI: ~FD3D11DynamicRHI
[2019.04.02-20.27.49:340][692]LogModuleManager: Shutting down and abandoning module SequencerWidgets (614)
[2019.04.02-20.27.49:341][692]LogModuleManager: Shutting down and abandoning module BlueprintGraph (612)
[2019.04.02-20.27.49:341][692]LogModuleManager: Shutting down and abandoning module HierarchicalLODOutliner (610)
[2019.04.02-20.27.49:341][692]LogModuleManager: Shutting down and abandoning module SceneOutliner (608)
[2019.04.02-20.27.49:341][692]LogModuleManager: Shutting down and abandoning module AddContentDialog (606)
[2019.04.02-20.27.49:343][692]LogModuleManager: Shutting down and abandoning module WidgetCarousel (605)
[2019.04.02-20.27.49:344][692]LogModuleManager: Shutting down and abandoning module EditorWidgets (602)
[2019.04.02-20.27.49:344][692]LogModuleManager: Shutting down and abandoning module CollectionManager (600)
[2019.04.02-20.27.49:344][692]LogModuleManager: Shutting down and abandoning module StatsViewer (598)
[2019.04.02-20.27.49:344][692]LogModuleManager: Shutting down and abandoning module FoliageEdit (596)
[2019.04.02-20.27.49:344][692]LogModuleManager: Shutting down and abandoning module LandscapeEditor (594)
[2019.04.02-20.27.49:344][692]LogModuleManager: Shutting down and abandoning module MeshPaintMode (592)
[2019.04.02-20.27.49:344][692]LogModuleManager: Shutting down and abandoning module SceneDepthPickerMode (590)
[2019.04.02-20.27.49:344][692]LogModuleManager: Shutting down and abandoning module ActorPickerMode (588)
[2019.04.02-20.27.49:344][692]LogModuleManager: Shutting down and abandoning module GeometryMode (586)
[2019.04.02-20.27.49:344][692]LogModuleManager: Shutting down and abandoning module TextureAlignMode (584)
[2019.04.02-20.27.49:344][692]LogModuleManager: Shutting down and abandoning module BspMode (582)
[2019.04.02-20.27.49:344][692]LogModuleManager: Shutting down and abandoning module PIEPreviewDeviceProfileSelector (580)
[2019.04.02-20.27.49:344][692]LogModuleManager: Shutting down and abandoning module SequenceRecorderSections (578)
[2019.04.02-20.27.49:344][692]LogModuleManager: Shutting down and abandoning module AutomationWorker (576)
[2019.04.02-20.27.49:344][692]LogModuleManager: Shutting down and abandoning module AudioCaptureEditor (574)
[2019.04.02-20.27.49:344][692]LogModuleManager: Shutting down and abandoning module SequenceRecorder (573)
[2019.04.02-20.27.49:344][692]LogModuleManager: Shutting down and abandoning module MatineeToLevelSequence (570)
[2019.04.02-20.27.49:344][692]LogModuleManager: Shutting down and abandoning module LevelSequenceEditor (568)
[2019.04.02-20.27.49:345][692]LogModuleManager: Shutting down and abandoning module PlacementMode (567)
[2019.04.02-20.27.49:345][692]LogModuleManager: Shutting down and abandoning module MaterialEditor (566)
[2019.04.02-20.27.49:345][692]LogModuleManager: Shutting down and abandoning module WmfMediaFactory (562)
[2019.04.02-20.27.49:345][692]LogModuleManager: Shutting down and abandoning module WmfMediaEditor (560)
[2019.04.02-20.27.49:345][692]LogModuleManager: Shutting down and abandoning module MediaPlayerEditor (558)
[2019.04.02-20.27.49:345][692]LogModuleManager: Shutting down and abandoning module OpenExrWrapper (556)
[2019.04.02-20.27.49:345][692]LogModuleManager: Shutting down and abandoning module ImgMediaFactory (554)
[2019.04.02-20.27.49:345][692]LogModuleManager: Shutting down and abandoning module ImgMediaEditor (552)
[2019.04.02-20.27.49:345][692]LogModuleManager: Shutting down and abandoning module AvfMediaFactory (550)
[2019.04.02-20.27.49:345][692]LogModuleManager: Shutting down and abandoning module AvfMediaEditor (548)
[2019.04.02-20.27.49:345][692]LogModuleManager: Shutting down and abandoning module AndroidMediaFactory (546)
[2019.04.02-20.27.49:345][692]LogModuleManager: Shutting down and abandoning module AndroidMediaEditor (544)
[2019.04.02-20.27.49:345][692]LogModuleManager: Shutting down and abandoning module MagicLeapCameraPreviewFactory (542)
[2019.04.02-20.27.49:345][692]LogModuleManager: Shutting down and abandoning module MagicLeapMediaFactory (540)
[2019.04.02-20.27.49:345][692]LogModuleManager: Shutting down and abandoning module MagicLeapMediaEditor (538)
[2019.04.02-20.27.49:345][692]LogModuleManager: Shutting down and abandoning module CharacterAI (536)
[2019.04.02-20.27.49:345][692]LogModuleManager: Shutting down and abandoning module SmartSnapping (534)
[2019.04.02-20.27.49:345][692]LogModuleManager: Shutting down and abandoning module SessionServices (532)
[2019.04.02-20.27.49:345][692]LogModuleManager: Shutting down and abandoning module ViewportSnapping (530)
[2019.04.02-20.27.49:345][692]LogModuleManager: Shutting down and abandoning module ViewportInteraction (528)
[2019.04.02-20.27.49:345][692]LogModuleManager: Shutting down and abandoning module ClothPainter (526)
[2019.04.02-20.27.49:345][692]LogModuleManager: Shutting down and abandoning module SkeletalMeshEditor (525)
[2019.04.02-20.27.49:345][692]LogModuleManager: Shutting down and abandoning module LogVisualizer (522)
[2019.04.02-20.27.49:346][692]LogModuleManager: Shutting down and abandoning module IntroTutorials (520)
[2019.04.02-20.27.49:346][692]LogModuleManager: Shutting down and abandoning module GameProjectGeneration (519)
[2019.04.02-20.27.49:346][692]LogModuleManager: Shutting down and abandoning module LuminPlatformEditor (516)
[2019.04.02-20.27.49:346][692]LogModuleManager: Shutting down and abandoning module IOSPlatformEditor (514)
[2019.04.02-20.27.49:346][692]LogModuleManager: Shutting down and abandoning module HTML5PlatformEditor (512)
[2019.04.02-20.27.49:346][692]LogModuleManager: Shutting down and abandoning module AndroidPlatformEditor (510)
[2019.04.02-20.27.49:346][692]LogModuleManager: Shutting down and abandoning module AndroidDeviceDetection (509)
[2019.04.02-20.27.50:882][692]LogModuleManager: Shutting down and abandoning module WindowsPlatformEditor (506)
[2019.04.02-20.27.50:882][692]LogModuleManager: Shutting down and abandoning module LuminRuntimeSettings (504)
[2019.04.02-20.27.50:882][692]LogModuleManager: Shutting down and abandoning module IOSRuntimeSettings (502)
[2019.04.02-20.27.50:882][692]LogModuleManager: Shutting down and abandoning module AndroidRuntimeSettings (500)
[2019.04.02-20.27.50:882][692]LogModuleManager: Shutting down and abandoning module InputBindingEditor (498)
[2019.04.02-20.27.50:882][692]LogModuleManager: Shutting down and abandoning module MergeActors (496)
[2019.04.02-20.27.50:882][692]LogModuleManager: Shutting down and abandoning module LocalizationDashboard (494)
[2019.04.02-20.27.50:882][692]LogModuleManager: Shutting down and abandoning module LocalizationService (493)
[2019.04.02-20.27.50:882][692]LogModuleManager: Shutting down and abandoning module HardwareTargeting (490)
[2019.04.02-20.27.50:882][692]LogModuleManager: Shutting down and abandoning module DeviceProfileEditor (488)
[2019.04.02-20.27.50:882][692]LogModuleManager: Shutting down and abandoning module UndoHistory (486)
[2019.04.02-20.27.50:882][692]LogModuleManager: Shutting down and abandoning module XmlParser (484)
[2019.04.02-20.27.50:883][692]LogModuleManager: Shutting down and abandoning module Blutility (482)
[2019.04.02-20.27.50:883][692]LogModuleManager: Shutting down and abandoning module ProjectSettingsViewer (480)
[2019.04.02-20.27.50:883][692]LogModuleManager: Shutting down and abandoning module ProjectTargetPlatformEditor (479)
[2019.04.02-20.27.50:883][692]LogModuleManager: Shutting down and abandoning module EditorSettingsViewer (476)
[2019.04.02-20.27.50:883][692]LogModuleManager: Shutting down and abandoning module SettingsEditor (474)
[2019.04.02-20.27.50:883][692]LogModuleManager: Shutting down and abandoning module ProjectLauncher (472)
[2019.04.02-20.27.50:883][692]LogModuleManager: Shutting down and abandoning module SessionFrontend (470)
[2019.04.02-20.27.50:883][692]LogModuleManager: Shutting down and abandoning module ProfilerClient (468)
[2019.04.02-20.27.50:883][692]LogModuleManager: Shutting down and abandoning module DeviceManager (466)
[2019.04.02-20.27.50:883][692]LogModuleManager: Shutting down and abandoning module TargetDeviceServices (465)
[2019.04.02-20.27.50:947][692]LogModuleManager: Shutting down and abandoning module AutomationController (462)
[2019.04.02-20.27.50:947][692]LogModuleManager: Shutting down and abandoning module AutomationWindow (460)
[2019.04.02-20.27.50:947][692]LogModuleManager: Shutting down and abandoning module Layers (458)
[2019.04.02-20.27.50:947][692]LogModuleManager: Shutting down and abandoning module ComponentVisualizers (456)
[2019.04.02-20.27.50:947][692]LogModuleManager: Shutting down and abandoning module DetailCustomizations (454)
[2019.04.02-20.27.50:947][692]LogModuleManager: Shutting down and abandoning module PackagesDialog (452)
[2019.04.02-20.27.50:948][692]LogModuleManager: Shutting down and abandoning module Persona (450)
[2019.04.02-20.27.50:948][692]LogModuleManager: Shutting down and abandoning module AdvancedPreviewScene (449)
[2019.04.02-20.27.50:948][692]LogModuleManager: Shutting down and abandoning module AnimGraph (447)
[2019.04.02-20.27.50:948][692]LogModuleManager: Shutting down and abandoning module Kismet (444)
[2019.04.02-20.27.50:954][692]LogModuleManager: Shutting down and abandoning module GraphEditor (442)
[2019.04.02-20.27.50:954][692]LogModuleManager: Shutting down and abandoning module ClassViewer (440)
[2019.04.02-20.27.50:954][692]LogModuleManager: Shutting down and abandoning module Toolbox (438)
[2019.04.02-20.27.50:954][692]LogModuleManager: Shutting down and abandoning module ModuleUI (436)
[2019.04.02-20.27.50:954][692]LogModuleManager: Shutting down and abandoning module MovieSceneTools (434)
[2019.04.02-20.27.50:954][692]LogModuleManager: Shutting down and abandoning module OutputLog (432)
[2019.04.02-20.27.50:954][692]LogModuleManager: Shutting down and abandoning module GammaUI (430)
[2019.04.02-20.27.50:954][692]LogModuleManager: Shutting down and abandoning module Documentation (428)
[2019.04.02-20.27.50:954][692]LogModuleManager: Shutting down and abandoning module MovieSceneTracks (426)
[2019.04.02-20.27.50:954][692]LogModuleManager: Shutting down and abandoning module MovieScene (424)
[2019.04.02-20.27.50:954][692]LogModuleManager: Shutting down and abandoning module StreamingPauseRendering (422)
[2019.04.02-20.27.50:954][692]LogModuleManager: Shutting down and abandoning module LauncherPlatform (420)
[2019.04.02-20.27.50:954][692]LogModuleManager: Shutting down and abandoning module AnalyticsET (418)
[2019.04.02-20.27.50:954][692]LogModuleManager: Shutting down and abandoning module PortalServices (416)
[2019.04.02-20.27.50:954][692]LogModuleManager: Shutting down and abandoning module PortalRpc (414)
[2019.04.02-20.27.50:954][692]LogModuleManager: Shutting down and abandoning module MessagingRpc (412)
[2019.04.02-20.27.50:954][692]LogModuleManager: Shutting down and abandoning module AIModule (410)
[2019.04.02-20.27.50:954][692]LogModuleManager: Shutting down and abandoning module GameplayDebugger (409)
[2019.04.02-20.27.50:954][692]LogModuleManager: Shutting down and abandoning module AITestSuite (407)
[2019.04.02-20.27.50:954][692]LogModuleManager: Shutting down and abandoning module NavigationSystem (405)
[2019.04.02-20.27.50:954][692]LogModuleManager: Shutting down and abandoning module DesktopPlatform (402)
[2019.04.02-20.27.50:954][692]LogModuleManager: Shutting down and abandoning module ProfilerService (400)
[2019.04.02-20.27.51:098][692]LogModuleManager: Shutting down and abandoning module TaskGraph (398)
[2019.04.02-20.27.51:098][692]LogModuleManager: Shutting down and abandoning module SteamVRController (396)
[2019.04.02-20.27.51:098][692]LogModuleManager: Shutting down and abandoning module ProceduralMeshComponentEditor (394)
[2019.04.02-20.27.51:098][692]LogModuleManager: Shutting down and abandoning module ProceduralMeshComponent (392)
[2019.04.02-20.27.51:098][692]LogModuleManager: Shutting down and abandoning module OculusInput (390)
[2019.04.02-20.27.51:098][692]LogModuleManager: Shutting down and abandoning module MobilePatchingUtils (388)
[2019.04.02-20.27.51:098][692]LogModuleManager: Shutting down and abandoning module EditableMesh (386)
[2019.04.02-20.27.51:098][692]LogModuleManager: Shutting down and abandoning module CustomMeshComponent (384)
[2019.04.02-20.27.51:098][692]LogModuleManager: Shutting down and abandoning module CableComponent (382)
[2019.04.02-20.27.51:098][692]LogModuleManager: Shutting down and abandoning module AudioCapture (380)
[2019.04.02-20.27.51:098][692]LogModuleManager: Shutting down and abandoning module ArchVisCharacter (378)
[2019.04.02-20.27.51:098][692]LogModuleManager: Shutting down and abandoning module AndroidPermission (376)
[2019.04.02-20.27.51:098][692]LogModuleManager: Shutting down and abandoning module NUTUnrealEngine4 (374)
[2019.04.02-20.27.51:098][692]LogModuleManager: Shutting down and abandoning module NetcodeUnitTest (372)
[2019.04.02-20.27.51:098][692]LogModuleManager: Shutting down and abandoning module MediaCompositingEditor (370)
[2019.04.02-20.27.51:098][692]LogModuleManager: Shutting down and abandoning module MediaCompositing (368)
[2019.04.02-20.27.51:098][692]LogModuleManager: Shutting down and abandoning module LinearTimecode (366)
[2019.04.02-20.27.51:098][692]LogModuleManager: Shutting down and abandoning module ImgMedia (364)
[2019.04.02-20.27.51:102][692]LogModuleManager: Shutting down and abandoning module HTML5Networking (362)
[2019.04.02-20.27.51:102][692]LogModuleManager: Shutting down and abandoning module GeometryCacheTracks (360)
[2019.04.02-20.27.51:102][692]LogModuleManager: Shutting down and abandoning module GeometryCacheSequencer (358)
[2019.04.02-20.27.51:102][692]LogModuleManager: Shutting down and abandoning module BackChannel (356)
[2019.04.02-20.27.51:102][692]LogModuleManager: Shutting down and abandoning module AppleVision (354)
[2019.04.02-20.27.51:102][692]LogModuleManager: Shutting down and abandoning module AppleImageUtils (352)
[2019.04.02-20.27.51:102][692]LogModuleManager: Shutting down and abandoning module AlembicImporter (350)
[2019.04.02-20.27.51:102][692]LogModuleManager: Shutting down and abandoning module AlembicLibrary (349)
[2019.04.02-20.27.51:102][692]LogModuleManager: Shutting down and abandoning module GeometryCache (348)
[2019.04.02-20.27.51:102][692]LogModuleManager: Shutting down and abandoning module GeometryCacheEd (347)
[2019.04.02-20.27.51:102][692]LogModuleManager: Shutting down and abandoning module DatasmithContentEditor (342)
[2019.04.02-20.27.51:102][692]LogModuleManager: Shutting down and abandoning module DatasmithContent (340)
[2019.04.02-20.27.51:103][692]LogModuleManager: Shutting down and abandoning module SpeedTreeImporter (338)
[2019.04.02-20.27.51:103][692]LogModuleManager: Shutting down and abandoning module PluginBrowser (336)
[2019.04.02-20.27.51:103][692]LogModuleManager: Shutting down and abandoning module MobileLauncherProfileWizard (334)
[2019.04.02-20.27.51:103][692]LogModuleManager: Shutting down and abandoning module PolygonModeling (332)
[2019.04.02-20.27.51:103][692]LogModuleManager: Shutting down and abandoning module MeshEditor (330)
[2019.04.02-20.27.51:103][692]LogModuleManager: Shutting down and abandoning module CryptoKeysOpenSSL (328)
[2019.04.02-20.27.51:103][692]LogModuleManager: Shutting down and abandoning module CryptoKeys (326)
[2019.04.02-20.27.51:103][692]LogModuleManager: Shutting down and abandoning module VisualStudioSourceCodeAccess (324)
[2019.04.02-20.27.51:103][692]LogModuleManager: Shutting down and abandoning module VisualStudioCodeSourceCodeAccess (322)
[2019.04.02-20.27.51:103][692]LogModuleManager: Shutting down and abandoning module UObjectPlugin (320)
[2019.04.02-20.27.51:103][692]LogModuleManager: Shutting down and abandoning module SubversionSourceControl (318)
[2019.04.02-20.27.51:103][692]LogModuleManager: Shutting down and abandoning module PerforceSourceControl (316)
[2019.04.02-20.27.51:103][692]LogModuleManager: Shutting down and abandoning module GitSourceControl (314)
[2019.04.02-20.27.51:103][692]LogModuleManager: Shutting down and abandoning module SourceControl (313)
[2019.04.02-20.27.51:103][692]LogModuleManager: Shutting down and abandoning module CLionSourceCodeAccess (310)
[2019.04.02-20.27.51:103][692]LogModuleManager: Shutting down and abandoning module LightPropagationVolumeEditor (308)
[2019.04.02-20.27.51:103][692]LogModuleManager: Shutting down and abandoning module PaperTiledImporter (306)
[2019.04.02-20.27.51:103][692]LogModuleManager: Shutting down and abandoning module PaperSpriteSheetImporter (304)
[2019.04.02-20.27.51:103][692]LogModuleManager: Shutting down and abandoning module Paper2DEditor (302)
[2019.04.02-20.27.51:103][692]LogModuleManager: Shutting down and abandoning module MeshPaint (301)
[2019.04.02-20.27.51:103][692]LogModuleManager: Shutting down and abandoning module RuntimePhysXCooking (298)
[2019.04.02-20.27.51:103][692]LogModuleManager: Shutting down and abandoning module PhysXVehiclesEditor (296)
[2019.04.02-20.27.51:103][692]LogModuleManager: Shutting down and abandoning module PhysXVehicles (294)
[2019.04.02-20.27.51:103][692]LogModuleManager: Shutting down and abandoning module OculusEditor (292)
[2019.04.02-20.27.51:103][692]LogModuleManager: Shutting down and abandoning module LocationServicesBPLibrary (290)
[2019.04.02-20.27.51:104][692]LogModuleManager: Shutting down and abandoning module ImmediatePhysicsEditor (288)
[2019.04.02-20.27.51:104][692]LogModuleManager: Shutting down and abandoning module ImmediatePhysics (286)
[2019.04.02-20.27.51:104][692]LogModuleManager: Shutting down and abandoning module ActorSequence (284)
[2019.04.02-20.27.51:104][692]LogModuleManager: Shutting down and abandoning module UdpMessaging (282)
[2019.04.02-20.27.51:204][692]LogModuleManager: Shutting down and abandoning module TcpMessaging (280)
[2019.04.02-20.27.51:305][692]LogModuleManager: Shutting down and abandoning module MagicLeapAudio (278)
[2019.04.02-20.27.51:305][692]LogModuleManager: Shutting down and abandoning module GameplayTagsEditor (276)
[2019.04.02-20.27.51:305][692]LogModuleManager: Shutting down and abandoning module FacialAnimationEditor (274)
[2019.04.02-20.27.51:305][692]LogModuleManager: Shutting down and abandoning module FacialAnimation (272)
[2019.04.02-20.27.51:305][692]LogModuleManager: Shutting down and abandoning module DataValidation (270)
[2019.04.02-20.27.51:305][692]LogModuleManager: Shutting down and abandoning module AssetManagerEditor (268)
[2019.04.02-20.27.51:305][692]LogModuleManager: Shutting down and abandoning module LevelEditor (267)
[2019.04.02-20.27.51:306][692]LogModuleManager: Shutting down and abandoning module PixelInspectorModule (266)
[2019.04.02-20.27.51:306][692]LogModuleManager: Shutting down and abandoning module CommonMenuExtensions (264)
[2019.04.02-20.27.51:306][692]LogModuleManager: Shutting down and abandoning module MainFrame (262)
[2019.04.02-20.27.51:306][692]LogModuleManager: Shutting down and abandoning module HotReload (261)
[2019.04.02-20.27.51:306][692]LogModuleManager: Shutting down and abandoning module ContentBrowser (257)
[2019.04.02-20.27.51:308][692]LogModuleManager: Shutting down and abandoning module TreeMap (255)
[2019.04.02-20.27.51:308][692]LogModuleManager: Shutting down and abandoning module LightPropagationVolumeRuntime (252)
[2019.04.02-20.27.51:308][692]LogModuleManager: Shutting down and abandoning module AISupportModule (250)
[2019.04.02-20.27.51:308][692]LogModuleManager: Shutting down and abandoning module Paper2D (248)
[2019.04.02-20.27.51:308][692]LogModuleManager: Shutting down and abandoning module WindowsMoviePlayer (246)
[2019.04.02-20.27.51:308][692]LogModuleManager: Shutting down and abandoning module WmfMedia (244)
[2019.04.02-20.27.51:310][692]LogModuleManager: Shutting down and abandoning module Media (243)
[2019.04.02-20.27.51:316][692]LogModuleManager: Shutting down and abandoning module PacketHandler (240)
[2019.04.02-20.27.51:316][692]LogModuleManager: Shutting down and abandoning module ClothingSystemEditor (238)
[2019.04.02-20.27.51:316][692]LogModuleManager: Shutting down and abandoning module ClothingSystemRuntime (236)
[2019.04.02-20.27.51:316][692]LogModuleManager: Shutting down and abandoning module MediaAssets (234)
[2019.04.02-20.27.51:316][692]LogModuleManager: Shutting down and abandoning module Overlay (232)
[2019.04.02-20.27.51:316][692]LogModuleManager: Shutting down and abandoning module OverlayEditor (231)
[2019.04.02-20.27.51:316][692]LogModuleManager: Shutting down and abandoning module VREditor (228)
[2019.04.02-20.27.51:316][692]LogModuleManager: Shutting down and abandoning module StringTableEditor (226)
[2019.04.02-20.27.51:316][692]LogModuleManager: Shutting down and abandoning module GameplayTasksEditor (224)
[2019.04.02-20.27.51:316][692]LogModuleManager: Shutting down and abandoning module BehaviorTreeEditor (222)
[2019.04.02-20.27.51:316][692]LogModuleManager: Shutting down and abandoning module FunctionalTesting (220)
[2019.04.02-20.27.51:316][692]LogModuleManager: Shutting down and abandoning module CollisionAnalyzer (218)
[2019.04.02-20.27.51:316][692]LogModuleManager: Shutting down and abandoning module WorkspaceMenuStructure (217)
[2019.04.02-20.27.51:316][692]LogModuleManager: Shutting down and abandoning module UMG (214)
[2019.04.02-20.27.51:316][692]LogModuleManager: Shutting down and abandoning module UMGEditor (213)
[2019.04.02-20.27.51:316][692]LogModuleManager: Shutting down and abandoning module Sequencer (212)
[2019.04.02-20.27.51:317][692]LogModuleManager: Shutting down and abandoning module MessageLog (209)
[2019.04.02-20.27.51:317][692]LogModuleManager: Shutting down and abandoning module SlateReflector (204)
[2019.04.02-20.27.51:317][692]LogModuleManager: Shutting down and abandoning module Slate (202)
[2019.04.02-20.27.51:317][692]LogModuleManager: Shutting down and abandoning module EditorStyle (200)
[2019.04.02-20.27.51:322][692]LogModuleManager: Shutting down and abandoning module MRMesh (198)
[2019.04.02-20.27.51:322][692]LogModuleManager: Shutting down and abandoning module SourceCodeAccess (196)
[2019.04.02-20.27.51:322][692]LogModuleManager: Shutting down and abandoning module HeadMountedDisplay (194)
[2019.04.02-20.27.51:322][692]LogModuleManager: Shutting down and abandoning module XAudio2 (192)
[2019.04.02-20.27.51:322][692]LogModuleManager: Shutting down and abandoning module Networking (190)
[2019.04.02-20.27.51:322][692]LogModuleManager: Shutting down and abandoning module Core (188)
[2019.04.02-20.27.51:322][692]LogModuleManager: Shutting down and abandoning module LevelSequence (186)
[2019.04.02-20.27.51:322][692]LogModuleManager: Shutting down and abandoning module KismetCompiler (184)
[2019.04.02-20.27.51:322][692]LogModuleManager: Shutting down and abandoning module MeshUtilities (182)
[2019.04.02-20.27.51:322][692]LogModuleManager: Shutting down and abandoning module MeshMergeUtilities (181)
[2019.04.02-20.27.51:323][692]LogModuleManager: Shutting down and abandoning module MeshReductionInterface (180)
[2019.04.02-20.27.51:323][692]LogModuleManager: Shutting down and abandoning module SimplygonSwarm (179)
[2019.04.02-20.27.51:323][692]LogModuleManager: Shutting down and abandoning module ProxyLODMeshReduction (177)
[2019.04.02-20.27.51:323][692]LogModuleManager: Shutting down and abandoning module SimplygonMeshReduction (175)
[2019.04.02-20.27.51:323][692]LogModuleManager: Shutting down and abandoning module QuadricMeshReduction (173)
[2019.04.02-20.27.51:323][692]LogModuleManager: Shutting down and abandoning module MaterialBaking (169)
[2019.04.02-20.27.51:323][692]LogModuleManager: Shutting down and abandoning module DirectoryWatcher (165)
[2019.04.02-20.27.51:325][692]LogModuleManager: Shutting down and abandoning module DerivedDataCache (162)
[2019.04.02-20.27.51:341][692]LogDerivedDataCache: Shutdown
[2019.04.02-20.27.51:341][692]LogModuleManager: Shutting down and abandoning module XGEController (160)
[2019.04.02-20.27.51:341][692]LogModuleManager: Shutting down and abandoning module TargetPlatform (158)
[2019.04.02-20.27.51:342][692]LogModuleManager: Shutting down and abandoning module VulkanShaderFormat (157)
[2019.04.02-20.27.51:342][692]LogModuleManager: Shutting down and abandoning module ShaderFormatVectorVM (155)
[2019.04.02-20.27.51:342][692]LogModuleManager: Shutting down and abandoning module ShaderFormatOpenGL (153)
[2019.04.02-20.27.51:342][692]LogModuleManager: Shutting down and abandoning module ShaderFormatD3D (151)
[2019.04.02-20.27.51:342][692]LogModuleManager: Shutting down and abandoning module MetalShaderFormat (149)
[2019.04.02-20.27.51:342][692]LogModuleManager: Shutting down and abandoning module TextureFormatUncompressed (147)
[2019.04.02-20.27.51:342][692]LogModuleManager: Shutting down and abandoning module TextureFormatPVR (145)
[2019.04.02-20.27.51:342][692]LogModuleManager: Shutting down and abandoning module TextureFormatDXT (143)
[2019.04.02-20.27.51:342][692]LogModuleManager: Shutting down and abandoning module TextureFormatIntelISPCTexComp (141)
[2019.04.02-20.27.51:343][692]LogModuleManager: Shutting down and abandoning module TextureFormatASTC (139)
[2019.04.02-20.27.51:343][692]LogModuleManager: Shutting down and abandoning module ImageWrapper (138)
[2019.04.02-20.27.51:343][692]LogModuleManager: Shutting down and abandoning module TextureFormatAndroid (135)
[2019.04.02-20.27.51:343][692]LogModuleManager: Shutting down and abandoning module AudioFormatOpus (133)
[2019.04.02-20.27.51:343][692]LogModuleManager: Shutting down and abandoning module AudioFormatOgg (131)
[2019.04.02-20.27.51:343][692]LogModuleManager: Shutting down and abandoning module AudioFormatADPCM (129)
[2019.04.02-20.27.51:343][692]LogModuleManager: Shutting down and abandoning module LuminTargetPlatform (127)
[2019.04.02-20.27.51:343][692]LogModuleManager: Shutting down and abandoning module LinuxTargetPlatform (125)
[2019.04.02-20.27.51:343][692]LogModuleManager: Shutting down and abandoning module LinuxServerTargetPlatform (123)
[2019.04.02-20.27.51:343][692]LogModuleManager: Shutting down and abandoning module LinuxNoEditorTargetPlatform (121)
[2019.04.02-20.27.51:343][692]LogModuleManager: Shutting down and abandoning module LinuxClientTargetPlatform (119)
[2019.04.02-20.27.51:344][692]LogModuleManager: Shutting down and abandoning module TVOSTargetPlatform (117)
[2019.04.02-20.27.51:352][692]LogModuleManager: Shutting down and abandoning module Messaging (115)
[2019.04.02-20.27.51:352][692]LogModuleManager: Shutting down and abandoning module IOSTargetPlatform (113)
[2019.04.02-20.27.51:357][692]LogModuleManager: Shutting down and abandoning module HTML5TargetPlatform (111)
[2019.04.02-20.27.51:357][692]LogModuleManager: Shutting down and abandoning module AndroidTargetPlatform (109)
[2019.04.02-20.27.51:392][692]LogModuleManager: Shutting down and abandoning module WindowsTargetPlatform (107)
[2019.04.02-20.27.51:392][692]LogModuleManager: Shutting down and abandoning module WindowsServerTargetPlatform (105)
[2019.04.02-20.27.51:392][692]LogModuleManager: Shutting down and abandoning module WindowsNoEditorTargetPlatform (103)
[2019.04.02-20.27.51:392][692]LogModuleManager: Shutting down and abandoning module WindowsClientTargetPlatform (101)
[2019.04.02-20.27.51:392][692]LogModuleManager: Shutting down and abandoning module MacTargetPlatform (99)
[2019.04.02-20.27.51:392][692]LogModuleManager: Shutting down and abandoning module MacServerTargetPlatform (97)
[2019.04.02-20.27.51:392][692]LogModuleManager: Shutting down and abandoning module MacNoEditorTargetPlatform (95)
[2019.04.02-20.27.51:393][692]LogModuleManager: Shutting down and abandoning module MacClientTargetPlatform (93)
[2019.04.02-20.27.51:393][692]LogModuleManager: Shutting down and abandoning module AllDesktopTargetPlatform (91)
[2019.04.02-20.27.51:393][692]LogModuleManager: Shutting down and abandoning module InputCore (88)
[2019.04.02-20.27.51:393][692]LogModuleManager: Shutting down and abandoning module Settings (86)
[2019.04.02-20.27.51:393][692]LogModuleManager: Shutting down and abandoning module PhysXCooking (84)
[2019.04.02-20.27.51:393][692]LogModuleManager: Shutting down and abandoning module SteamVR (82)
[2019.04.02-20.27.51:393][692]LogModuleManager: Shutting down and abandoning module OculusHMD (80)
[2019.04.02-20.27.51:393][692]LogModuleManager: Shutting down and abandoning module ExampleDeviceProfileSelector (78)
[2019.04.02-20.27.51:393][692]LogModuleManager: Shutting down and abandoning module LauncherChunkInstaller (76)
[2019.04.02-20.27.51:393][692]LogModuleManager: Shutting down and abandoning module OnlineBlueprintSupport (74)
[2019.04.02-20.27.51:393][692]LogModuleManager: Shutting down and abandoning module OnlineSubsystem (70)
[2019.04.02-20.27.51:394][692]LogModuleManager: Shutting down and abandoning module XMPP (65)
[2019.04.02-20.27.51:394][692]LogModuleManager: Shutting down and abandoning module WebSockets (64)
[2019.04.02-20.27.51:416][692]LogModuleManager: Shutting down and abandoning module HTTP (61)
[2019.04.02-20.27.51:416][692]LogHttp: Display: Http module shutting down, but needs to wait on 1 outstanding Http requests:
[2019.04.02-20.27.51:416][692]LogHttp: Display: 	verb=[POST] url=[https://datarouter.ol.epicgames.com/datarouter/api/v1/public/data?SessionID=%7B2E6F3CAB-410C-B850-DAF9-3C8CC2135824%7D&AppID=UEEditor.Rocket.Release&AppVersion=4.20.1-4233996%2B%2B%2BUE4%2BRelease-4.20&UserID=3c9be55c4fa1d5e6185f7fadb6253db1%7C51b1b8fc1c884f6f85ca575ff629b78a%7C2743abc5-6e81-4998-a544-3e10003d92d4&AppEnvironment=datacollector-binary&UploadType=eteventstream] status=Processing
[2019.04.02-20.27.51:446][692]LogModuleManager: Shutting down and abandoning module SSL (60)
[2019.04.02-20.27.51:448][692]LogModuleManager: Shutting down and abandoning module MagicLeapEmulator (56)
[2019.04.02-20.27.51:448][692]LogModuleManager: Shutting down and abandoning module MagicLeapPrivileges (54)
[2019.04.02-20.27.51:448][692]LogModuleManager: Shutting down and abandoning module MagicLeapIdentity (52)
[2019.04.02-20.27.51:448][692]LogModuleManager: Shutting down and abandoning module MagicLeapHelperVulkan (50)
[2019.04.02-20.27.51:448][692]LogModuleManager: Shutting down and abandoning module MagicLeapHelperOpenGL (48)
[2019.04.02-20.27.51:448][692]LogModuleManager: Shutting down and abandoning module MagicLeapSecureStorage (46)
[2019.04.02-20.27.51:448][692]LogModuleManager: Shutting down and abandoning module MagicLeapGestures (44)
[2019.04.02-20.27.51:448][692]LogModuleManager: Shutting down and abandoning module MagicLeapEyeTracker (42)
[2019.04.02-20.27.51:448][692]LogModuleManager: Shutting down and abandoning module MagicLeapController (40)
[2019.04.02-20.27.51:449][692]LogSlate: Slate User Destroyed.  User Index 0, Is Virtual User: 0
[2019.04.02-20.27.51:449][692]LogModuleManager: Shutting down and abandoning module MagicLeap (38)
[2019.04.02-20.27.51:449][692]LogModuleManager: Shutting down and abandoning module AnimationModifiers (36)
[2019.04.02-20.27.51:449][692]LogModuleManager: Shutting down and abandoning module PropertyEditor (35)
[2019.04.02-20.27.51:449][692]LogModuleManager: Shutting down and abandoning module AudioEditor (32)
[2019.04.02-20.27.51:449][692]LogModuleManager: Shutting down and abandoning module TextureCompressor (30)
[2019.04.02-20.27.51:449][692]LogModuleManager: Shutting down and abandoning module ShaderCore (28)
[2019.04.02-20.27.51:449][692]LogModuleManager: Shutting down and abandoning module Landscape (26)
[2019.04.02-20.27.51:449][692]LogModuleManager: Shutting down and abandoning module SlateRHIRenderer (24)
[2019.04.02-20.27.51:450][692]LogModuleManager: Shutting down and abandoning module OpenGLDrv (22)
[2019.04.02-20.27.51:450][692]LogModuleManager: Shutting down and abandoning module D3D11RHI (20)
[2019.04.02-20.27.51:450][692]LogModuleManager: Shutting down and abandoning module AnimGraphRuntime (18)
[2019.04.02-20.27.51:450][692]LogModuleManager: Shutting down and abandoning module Renderer (16)
[2019.04.02-20.27.51:450][692]LogModuleManager: Shutting down and abandoning module Engine (14)
[2019.04.02-20.27.51:450][692]LogModuleManager: Shutting down and abandoning module CoreUObject (12)
[2019.04.02-20.27.51:450][692]LogModuleManager: Shutting down and abandoning module NetworkFile (10)
[2019.04.02-20.27.51:450][692]LogModuleManager: Shutting down and abandoning module CookedIterativeFile (8)
[2019.04.02-20.27.51:450][692]LogModuleManager: Shutting down and abandoning module StreamingFile (6)
[2019.04.02-20.27.51:450][692]LogModuleManager: Shutting down and abandoning module SandboxFile (4)
[2019.04.02-20.27.51:450][692]LogModuleManager: Shutting down and abandoning module PakFile (2)
[2019.04.02-20.27.51:458][692]LogExit: Exiting.
[2019.04.02-20.27.51:497][692]Log file closed, 04/02/19 16:27:51
