Log file open, 11/25/18 20:03:42
LogWindows: Failed to load 'aqProf.dll' (GetLastError=126)
LogWindows: File 'aqProf.dll' does not exist
LogWindows: Failed to load 'VSPerf140.dll' (GetLastError=126)
LogWindows: File 'VSPerf140.dll' does not exist
LogWindows: Failed to load 'VtuneApi.dll' (GetLastError=126)
LogWindows: File 'VtuneApi.dll' does not exist
LogWindows: Failed to load 'VtuneApi32e.dll' (GetLastError=126)
LogWindows: File 'VtuneApi32e.dll' does not exist
LogInit: Display: Running engine for game: Dinochan_v001
LogPlatformFile: Not using cached read wrapper
LogTaskGraph: Started task graph with 5 named threads and 23 total threads with 3 sets of task threads.
LogStats: Stats thread started at 0.283417
LogD3D11RHI: Loaded GFSDK_Aftermath_Lib.x64.dll
LogICUInternationalization: Display: ICU TimeZone Detection - Raw Offset: -5:00, Platform Override: ''
LogPluginManager: Mounting plugin Paper2D
LogPluginManager: Mounting plugin AISupport
LogPluginManager: Mounting plugin LightPropagationVolume
LogPluginManager: Mounting plugin CLionSourceCodeAccess
LogPluginManager: Mounting plugin CodeLiteSourceCodeAccess
LogPluginManager: Mounting plugin GitSourceControl
LogPluginManager: Mounting plugin KDevelopSourceCodeAccess
LogPluginManager: Mounting plugin NullSourceCodeAccess
LogPluginManager: Mounting plugin PerforceSourceControl
LogPluginManager: Mounting plugin SubversionSourceControl
LogPluginManager: Mounting plugin UObjectPlugin
LogPluginManager: Mounting plugin VisualStudioCodeSourceCodeAccess
LogPluginManager: Mounting plugin VisualStudioSourceCodeAccess
LogPluginManager: Mounting plugin XCodeSourceCodeAccess
LogPluginManager: Mounting plugin AssetManagerEditor
LogPluginManager: Mounting plugin CryptoKeys
LogPluginManager: Mounting plugin DataValidation
LogPluginManager: Mounting plugin FacialAnimation
LogPluginManager: Mounting plugin GameplayTagsEditor
LogPluginManager: Mounting plugin MacGraphicsSwitching
LogPluginManager: Mounting plugin MeshEditor
LogPluginManager: Mounting plugin MobileLauncherProfileWizard
LogPluginManager: Mounting plugin PluginBrowser
LogPluginManager: Mounting plugin SpeedTreeImporter
LogPluginManager: Mounting plugin DatasmithContent
LogPluginManager: Mounting plugin AlembicImporter
LogPluginManager: Mounting plugin AppleImageUtils
LogPluginManager: Mounting plugin AppleVision
LogPluginManager: Mounting plugin BackChannel
LogPluginManager: Mounting plugin CharacterAI
LogPluginManager: Mounting plugin GeometryCache
LogPluginManager: Mounting plugin HTML5Networking
LogPluginManager: Mounting plugin ProxyLODPlugin
LogPluginManager: Mounting plugin MagicLeap
LogPluginManager: Mounting plugin MagicLeapEmulator
LogPluginManager: Mounting plugin MagicLeapMedia
LogPluginManager: Mounting plugin AndroidMedia
LogPluginManager: Mounting plugin AvfMedia
LogPluginManager: Mounting plugin ImgMedia
LogPluginManager: Mounting plugin LinearTimecode
LogPluginManager: Mounting plugin MediaCompositing
LogPluginManager: Mounting plugin MediaPlayerEditor
LogPluginManager: Mounting plugin WmfMedia
LogPluginManager: Mounting plugin TcpMessaging
LogPluginManager: Mounting plugin UdpMessaging
LogPluginManager: Mounting plugin ActorSequence
LogPluginManager: Mounting plugin LevelSequenceEditor
LogPluginManager: Mounting plugin MatineeToLevelSequence
LogPluginManager: Mounting plugin NetcodeUnitTest
LogPluginManager: Mounting plugin NUTUnrealEngine4
LogPluginManager: Mounting plugin OnlineSubsystemGooglePlay
LogPluginManager: Mounting plugin OnlineSubsystemIOS
LogPluginManager: Mounting plugin OnlineSubsystem
LogPluginManager: Mounting plugin OnlineSubsystemNull
LogPluginManager: Mounting plugin OnlineSubsystemUtils
LogPluginManager: Mounting plugin LauncherChunkInstaller
LogPluginManager: Mounting plugin AndroidDeviceProfileSelector
LogPluginManager: Mounting plugin AndroidMoviePlayer
LogPluginManager: Mounting plugin AndroidPermission
LogPluginManager: Mounting plugin AppleMoviePlayer
LogPluginManager: Mounting plugin ArchVisCharacter
LogPluginManager: Mounting plugin AudioCapture
LogPluginManager: Mounting plugin CableComponent
LogPluginManager: Mounting plugin CustomMeshComponent
LogPluginManager: Mounting plugin EditableMesh
LogPluginManager: Mounting plugin ExampleDeviceProfileSelector
LogPluginManager: Mounting plugin GoogleCloudMessaging
LogPluginManager: Mounting plugin ImmediatePhysics
LogPluginManager: Mounting plugin IOSDeviceProfileSelector
LogPluginManager: Mounting plugin LinuxDeviceProfileSelector
LogPluginManager: Mounting plugin LocationServicesBPLibrary
LogPluginManager: Mounting plugin MobilePatchingUtils
LogPluginManager: Mounting plugin OculusVR
LogPluginManager: Plugin shader directory ../../../Engine/Plugins/Runtime/Oculus/OculusVR/Shaders found
LogPluginManager: Mapping shader source directory ../../../Engine/Plugins/Runtime/Oculus/OculusVR/Shaders to virtual directory /Plugin/OculusVR
LogPluginManager: Mounting plugin PhysXVehicles
LogPluginManager: Mounting plugin ProceduralMeshComponent
LogPluginManager: Mounting plugin RuntimePhysXCooking
LogPluginManager: Mounting plugin SteamVR
LogPluginManager: Mounting plugin WindowsMoviePlayer
LogStreaming: Display: Took  0.202s to configure plugins.
LogInit: Using libcurl 7.55.1-DEV
LogInit:  - built for x86_64-pc-win32
LogInit:  - supports SSL with OpenSSL/1.0.2h
LogInit:  - supports HTTP deflate (compression) using libz 1.2.8
LogInit:  - other features:
LogInit:      CURL_VERSION_SSL
LogInit:      CURL_VERSION_LIBZ
LogInit:      CURL_VERSION_IPV6
LogInit:      CURL_VERSION_ASYNCHDNS
LogInit:      CURL_VERSION_LARGEFILE
LogInit:      CURL_VERSION_IDN
LogInit:  CurlRequestOptions (configurable via config and command line):
LogInit:  - bVerifyPeer = false  - Libcurl will NOT verify peer certificate
LogInit:  - bUseHttpProxy = false  - Libcurl will NOT use HTTP proxy
LogInit:  - bDontReuseConnections = false  - Libcurl will reuse connections
LogInit:  - CertBundlePath = nullptr  - Libcurl will use whatever was configured at build time.
LogInit:  - MaxHostConnections = 16  - Libcurl will limit the number of connections to a host
LogInit:  - LocalHostAddr = Default
LogInit:  - BufferSize = 65536
LogInit: WinSock: version 1.1 (2.2), MaxSocks=32767, MaxUdp=65467
LogInit: Build: ++UE4+Release-4.20-CL-4369336
LogInit: Engine Version: 4.20.3-4369336+++UE4+Release-4.20
LogInit: Compatible Engine Version: 4.20.0-4212847+++UE4+Release-4.20
LogInit: Net CL: 4212847
LogInit: OS: Windows 10 (), CPU: Intel(R) Core(TM) i7-6700K CPU @ 4.00GHz, GPU: NVIDIA GeForce GTX 970
LogInit: Compiled (64-bit): Sep 17 2018 12:26:19
LogInit: Compiled with Visual C++: 19.13.26129.00
LogInit: Build Configuration: Development
LogInit: Branch Name: ++UE4+Release-4.20
LogInit: Command Line:  
LogInit: Base Directory: C:/Program Files/Epic Games/UE_4.20/Engine/Binaries/Win64/
LogInit: Installed Engine Build: 1
LogDevObjectVersion: Number of dev versions registered: 20
LogDevObjectVersion:   Dev-Blueprints (B0D832E4-1F89-4F0D-ACCF-7EB736FD4AA2): 10
LogDevObjectVersion:   Dev-Build (E1C64328-A22C-4D53-A36C-8E866417BD8C): 0
LogDevObjectVersion:   Dev-Core (375EC13C-06E4-48FB-B500-84F0262A717E): 2
LogDevObjectVersion:   Dev-Editor (E4B068ED-F494-42E9-A231-DA0B2E46BB41): 24
LogDevObjectVersion:   Dev-Framework (CFFC743F-43B0-4480-9391-14DF171D2073): 34
LogDevObjectVersion:   Dev-Mobile (B02B49B5-BB20-44E9-A304-32B752E40360): 2
LogDevObjectVersion:   Dev-Networking (A4E4105C-59A1-49B5-A7C5-40C4547EDFEE): 0
LogDevObjectVersion:   Dev-Online (39C831C9-5AE6-47DC-9A44-9C173E1C8E7C): 0
LogDevObjectVersion:   Dev-Physics (78F01B33-EBEA-4F98-B9B4-84EACCB95AA2): 0
LogDevObjectVersion:   Dev-Platform (6631380F-2D4D-43E0-8009-CF276956A95A): 0
LogDevObjectVersion:   Dev-Rendering (12F88B9F-8875-4AFC-A67C-D90C383ABD29): 26
LogDevObjectVersion:   Dev-Sequencer (7B5AE74C-D270-4C10-A958-57980B212A5A): 9
LogDevObjectVersion:   Dev-VR (D7296918-1DD6-4BDD-9DE2-64A83CC13884): 2
LogDevObjectVersion:   Dev-LoadTimes (C2A15278-BFE7-4AFE-6C17-90FF531DF755): 1
LogDevObjectVersion:   Private-Geometry (6EACA3D4-40EC-4CC1-B786-8BED09428FC5): 3
LogDevObjectVersion:   Dev-AnimPhys (29E575DD-E0A3-4627-9D10-D276232CDCEA): 17
LogDevObjectVersion:   Dev-ReflectionCapture (6B266CEC-1EC7-4B8F-A30B-E4D90942FC07): 1
LogDevObjectVersion:   Dev-Automation (0DF73D61-A23F-47EA-B727-89E90C41499A): 1
LogDevObjectVersion:   FortniteMain (601D1886-AC64-4F84-AA16-D3DE0DEAC7D6): 12
LogDevObjectVersion:   Dev-Enterprise (9DFFBCD6-494F-0158-E221-12823C92A888): 1
LogStreaming: Display: Took  0.001s to delete old logs.
LogInit: Presizing for max 8388607 objects, including 0 objects not considered by GC, pre-allocating 0 bytes for permanent pool.
LogInit: Object subsystem initialized
[2018.11.26-01.03.42:758][  0]LogInit: Selected Device Profile: [Windows]
[2018.11.26-01.03.42:758][  0]LogInit: Applying CVar settings loaded from the selected device profile: [Windows]
[2018.11.26-01.03.42:770][  0]LogHAL: Display: Platform has ~ 16 GB [17137627136 / 17179869184 / 16], which maps to Larger [LargestMinGB=32, LargerMinGB=12, DefaultMinGB=8, SmallerMinGB=6, SmallestMinGB=0)
[2018.11.26-01.03.42:770][  0]LogInit: Setting Device Profile CVar: [[r.Vulkan.UseRealUBs:1]]
[2018.11.26-01.03.42:770][  0]LogInit: Going up to parent DeviceProfile []
[2018.11.26-01.03.42:770][  0]LogInit: Computer: DESKTOP-QCELHJT
[2018.11.26-01.03.42:770][  0]LogInit: User: Zack
[2018.11.26-01.03.42:770][  0]LogInit: CPU Page size=4096, Cores=4
[2018.11.26-01.03.42:770][  0]LogInit: High frequency timer resolution =3.914065 MHz
[2018.11.26-01.03.42:770][  0]LogMemory: Memory total: Physical=16.0GB (16GB approx)
[2018.11.26-01.03.42:770][  0]LogMemory: Platform Memory Stats for Windows
[2018.11.26-01.03.42:770][  0]LogMemory: Process Physical Memory: 99.54 MB used, 99.54 MB peak
[2018.11.26-01.03.42:770][  0]LogMemory: Process Virtual Memory: 90.93 MB used, 90.93 MB peak
[2018.11.26-01.03.42:770][  0]LogMemory: Physical Memory: 3793.64 MB used,  12550.07 MB free, 16343.71 MB total
[2018.11.26-01.03.42:770][  0]LogMemory: Virtual Memory: 4640.08 MB used,  12550.07 MB free, 134217728.00 MB total
[2018.11.26-01.03.42:794][  0]LogInit: Using OS detected language (en-US).
[2018.11.26-01.03.42:794][  0]LogInit: Using OS detected locale (en-US).
[2018.11.26-01.03.42:795][  0]LogTextLocalizationManager: No specific localization for 'en-US' exists, so the 'en' localization will be used.
[2018.11.26-01.03.43:103][  0]LogStreaming: Display: Took  0.308s to InitEngineTextLocalization.
[2018.11.26-01.03.43:103][  0]LogInit: Setting process to per monitor DPI aware
[2018.11.26-01.03.43:133][  0]LogSlate: New Slate User Created.  User Index 0, Is Virtual User: 0
[2018.11.26-01.03.43:133][  0]LogSlate: Slate User Registered.  User Index 0, Is Virtual User: 0
[2018.11.26-01.03.43:669][  0]LogHMD: Failed to initialize OpenVR with code 126
[2018.11.26-01.03.43:669][  0]LogD3D11RHI: D3D11 adapters:
[2018.11.26-01.03.43:718][  0]LogD3D11RHI:    0. 'NVIDIA GeForce GTX 970' (Feature Level 11_0)
[2018.11.26-01.03.43:718][  0]LogD3D11RHI:       4043/0/8171 MB DedicatedVideo/DedicatedSystem/SharedSystem, Outputs:1, VendorId:0x10de
[2018.11.26-01.03.43:720][  0]LogD3D11RHI:    1. 'Microsoft Basic Render Driver' (Feature Level 11_0)
[2018.11.26-01.03.43:720][  0]LogD3D11RHI:       0/0/8171 MB DedicatedVideo/DedicatedSystem/SharedSystem, Outputs:0, VendorId:0x1414
[2018.11.26-01.03.43:720][  0]LogD3D11RHI: Chosen D3D11 Adapter: 0
[2018.11.26-01.03.43:724][  0]LogD3D11RHI: Creating new Direct3DDevice
[2018.11.26-01.03.43:724][  0]LogD3D11RHI:     GPU DeviceId: 0x13c2 (for the marketing name, search the web for "GPU Device Id")
[2018.11.26-01.03.43:724][  0]LogWindows: EnumDisplayDevices:
[2018.11.26-01.03.43:724][  0]LogWindows:    0. 'NVIDIA GeForce GTX 970' (P:1 D:1)
[2018.11.26-01.03.43:725][  0]LogWindows:    1. 'NVIDIA GeForce GTX 970' (P:0 D:0)
[2018.11.26-01.03.43:725][  0]LogWindows:    2. 'NVIDIA GeForce GTX 970' (P:0 D:0)
[2018.11.26-01.03.43:725][  0]LogWindows:    3. 'NVIDIA GeForce GTX 970' (P:0 D:0)
[2018.11.26-01.03.43:725][  0]LogWindows: DebugString: FoundDriverCount:4 
[2018.11.26-01.03.43:725][  0]LogD3D11RHI:     Adapter Name: NVIDIA GeForce GTX 970
[2018.11.26-01.03.43:725][  0]LogD3D11RHI:   Driver Version: 416.94 (internal:25.21.14.1694, unified:416.94)
[2018.11.26-01.03.43:725][  0]LogD3D11RHI:      Driver Date: 11-12-2018
[2018.11.26-01.03.43:726][  0]LogRHI: Texture pool is 2830 MB (70% of 4043 MB)
[2018.11.26-01.03.43:758][  0]LogD3D11RHI: Async texture creation enabled
[2018.11.26-01.03.43:774][  0]LogD3D11RHI: GPU Timing Frequency: 1000.000000 (Debug: 2 2)
[2018.11.26-01.03.43:775][  0]LogShaderCompilers: Guid format shader working directory is -32 characters bigger than the processId version (../../../../../../Users/Zack/Documents/GitHub/Dinochan/Dinochan_v001_UE4.20.3/Intermediate/Shaders/WorkingDirectory/1000/).
[2018.11.26-01.03.43:775][  0]LogShaderCompilers: Cleaned the shader compiler working directory 'C:/Users/Zack/AppData/Local/Temp/UnrealShaderWorkingDir/DFBCDB3A43547CFB0A943DAC395BB2E9/'.
[2018.11.26-01.03.44:110][  0]LogTemp: Display: Loaded TP AllDesktopTargetPlatform
[2018.11.26-01.03.44:122][  0]LogTemp: Display: Loaded TP MacClientTargetPlatform
[2018.11.26-01.03.44:134][  0]LogTemp: Display: Loaded TP MacNoEditorTargetPlatform
[2018.11.26-01.03.44:145][  0]LogTemp: Display: Loaded TP MacServerTargetPlatform
[2018.11.26-01.03.44:157][  0]LogTemp: Display: Loaded TP MacTargetPlatform
[2018.11.26-01.03.44:169][  0]LogTemp: Display: Loaded TP WindowsClientTargetPlatform
[2018.11.26-01.03.44:181][  0]LogTemp: Display: Loaded TP WindowsNoEditorTargetPlatform
[2018.11.26-01.03.44:193][  0]LogTemp: Display: Loaded TP WindowsServerTargetPlatform
[2018.11.26-01.03.44:199][  0]LogTemp: Display: Loaded TP WindowsTargetPlatform
[2018.11.26-01.03.44:273][  0]LogTemp: Display: Loaded TP AndroidTargetPlatform
[2018.11.26-01.03.44:273][  0]LogTemp: Display: Loaded TP AndroidTargetPlatform
[2018.11.26-01.03.44:273][  0]LogTemp: Display: Loaded TP AndroidTargetPlatform
[2018.11.26-01.03.44:273][  0]LogTemp: Display: Loaded TP AndroidTargetPlatform
[2018.11.26-01.03.44:273][  0]LogTemp: Display: Loaded TP AndroidTargetPlatform
[2018.11.26-01.03.44:273][  0]LogTemp: Display: Loaded TP AndroidTargetPlatform
[2018.11.26-01.03.44:273][  0]LogTemp: Display: Loaded TP AndroidTargetPlatform
[2018.11.26-01.03.44:273][  0]LogTemp: Display: Loaded TP AndroidTargetPlatform
[2018.11.26-01.03.44:273][  0]LogTemp: Display: Loaded TP AndroidTargetPlatform
[2018.11.26-01.03.44:273][  0]LogTemp: Display: Loaded TP AndroidTargetPlatform
[2018.11.26-01.03.44:273][  0]LogTemp: Display: Loaded TP AndroidTargetPlatform
[2018.11.26-01.03.44:273][  0]LogTemp: Display: Loaded TP AndroidTargetPlatform
[2018.11.26-01.03.44:273][  0]LogTemp: Display: Loaded TP AndroidTargetPlatform
[2018.11.26-01.03.44:273][  0]LogTemp: Display: Loaded TP AndroidTargetPlatform
[2018.11.26-01.03.44:273][  0]LogTemp: Display: Loaded TP AndroidTargetPlatform
[2018.11.26-01.03.44:273][  0]LogTemp: Display: Loaded TP AndroidTargetPlatform
[2018.11.26-01.03.44:273][  0]LogTemp: Display: Loaded TP AndroidTargetPlatform
[2018.11.26-01.03.44:273][  0]LogTemp: Display: Loaded TP AndroidTargetPlatform
[2018.11.26-01.03.44:275][  0]LogTemp: Display: Loaded TP HTML5TargetPlatform
[2018.11.26-01.03.44:332][  0]LogTemp: Display: Loaded TP IOSTargetPlatform
[2018.11.26-01.03.44:332][  0]LogTemp: Display: Loaded TP IOSTargetPlatform
[2018.11.26-01.03.44:353][  0]LogTemp: Display: Loaded TP TVOSTargetPlatform
[2018.11.26-01.03.44:353][  0]LogTemp: Display: Loaded TP TVOSTargetPlatform
[2018.11.26-01.03.44:364][  0]LogTemp: Display: Loaded TP LinuxClientTargetPlatform
[2018.11.26-01.03.44:375][  0]LogTemp: Display: Loaded TP LinuxNoEditorTargetPlatform
[2018.11.26-01.03.44:387][  0]LogTemp: Display: Loaded TP LinuxServerTargetPlatform
[2018.11.26-01.03.44:399][  0]LogTemp: Display: Loaded TP LinuxTargetPlatform
[2018.11.26-01.03.44:407][  0]LogTemp: Display: Loaded TP LuminTargetPlatform
[2018.11.26-01.03.44:407][  0]LogTargetPlatformManager: Display: Building Assets For Windows
[2018.11.26-01.03.44:465][  0]LogXGEController: Cleaning working directory: C:/Users/Zack/AppData/Local/Temp/UnrealXGEWorkingDir/
[2018.11.26-01.03.44:466][  0]LogXGEController: Cannot use XGE Controller as Incredibuild is not installed on this machine.
[2018.11.26-01.03.44:466][  0]LogShaderCompilers: Cannot use XGE Shader Compiler as Incredibuild is not installed on this machine.
[2018.11.26-01.03.44:466][  0]LogShaderCompilers: Display: Using Local Shader Compiler.
[2018.11.26-01.03.45:286][  0]LogDerivedDataCache: Display: Max Cache Size: 512 MB
[2018.11.26-01.03.45:331][  0]LogDerivedDataCache: Loaded boot cache 0.04s 71MB C:/Users/Zack/AppData/Local/UnrealEngine/4.20/DerivedDataCache/Boot.ddc.
[2018.11.26-01.03.45:331][  0]LogDerivedDataCache: Display: Loaded Boot cache: C:/Users/Zack/AppData/Local/UnrealEngine/4.20/DerivedDataCache/Boot.ddc
[2018.11.26-01.03.45:331][  0]LogDerivedDataCache: FDerivedDataBackendGraph:  Pak pak cache file ../../../../../../Users/Zack/Documents/GitHub/Dinochan/Dinochan_v001_UE4.20.3/DerivedDataCache/DDC.ddp not found, will not use a pak cache.
[2018.11.26-01.03.45:331][  0]LogDerivedDataCache: Unable to find inner node Pak for hierarchical cache Hierarchy.
[2018.11.26-01.03.45:331][  0]LogDerivedDataCache: FDerivedDataBackendGraph:  CompressedPak pak cache file ../../../../../../Users/Zack/Documents/GitHub/Dinochan/Dinochan_v001_UE4.20.3/DerivedDataCache/Compressed.ddp not found, will not use a pak cache.
[2018.11.26-01.03.45:331][  0]LogDerivedDataCache: Unable to find inner node CompressedPak for hierarchical cache Hierarchy.
[2018.11.26-01.03.45:343][  0]LogDerivedDataCache: Display: Pak cache opened for reading ../../../Engine/DerivedDataCache/Compressed.ddp.
[2018.11.26-01.03.45:356][  0]LogDerivedDataCache: Using Local data cache path C:/Users/Zack/AppData/Local/UnrealEngine/Common/DerivedDataCache: Writable
[2018.11.26-01.03.45:356][  0]LogDerivedDataCache: Shared data cache path not found in *engine.ini, will not use an Shared cache.
[2018.11.26-01.03.45:356][  0]LogDerivedDataCache: Unable to find inner node Shared for hierarchical cache Hierarchy.
[2018.11.26-01.03.45:371][  0]LogMaterial: Verifying Global Shaders for PCD3D_SM5
[2018.11.26-01.03.45:372][  0]LogSlate: Using FreeType 2.6.0
[2018.11.26-01.03.45:374][  0]LogSlate: SlateFontServices - WITH_FREETYPE: 1, WITH_HARFBUZZ: 1
[2018.11.26-01.03.45:446][  0]LogAssetRegistry: FAssetRegistry took 0.0256 seconds to start up
[2018.11.26-01.03.45:748][  0]LogInit: Selected Device Profile: [Windows]
[2018.11.26-01.03.45:867][  0]LogSimplygon: Simplygon DLL not present - disabling.
[2018.11.26-01.03.45:871][  0]LogMeshReduction: Using SimplygonSwarm for distributed automatic mesh merging
[2018.11.26-01.03.45:871][  0]LogMeshReduction: Using ProxyLODMeshReduction for automatic mesh merging
[2018.11.26-01.03.45:871][  0]LogMeshReduction: Using QuadricMeshReduction for automatic static mesh reduction
[2018.11.26-01.03.45:871][  0]LogMeshReduction: No automatic skeletal mesh reduction module available
[2018.11.26-01.03.45:885][  0]LogNetVersion: Dinochan_v001 1.0.0, NetCL: 4212847, EngineNetVer: 5, GameNetVer: 0 (Checksum: 2574802920)
[2018.11.26-01.03.46:447][  0]LogPackageLocalizationCache: Processed 11 localized package path(s) for 2 prioritized culture(s) in 0.145602 seconds
[2018.11.26-01.03.46:452][  0]LogUObjectArray: 38425 objects as part of root set at end of initial load.
[2018.11.26-01.03.46:452][  0]LogUObjectAllocator: 6690864 out of 0 bytes used by permanent object pool.
[2018.11.26-01.03.46:452][  0]LogUObjectArray: CloseDisregardForGC: 0/0 objects in disregard for GC pool
[2018.11.26-01.03.47:294][  0]LogTcpMessaging: Initializing TcpMessaging bridge
[2018.11.26-01.03.47:308][  0]LogUdpMessaging: Initializing bridge on interface 0.0.0.0:0 to multicast group 230.0.0.1:6666.
[2018.11.26-01.03.47:452][  0]SourceControl: Source control is disabled
[2018.11.26-01.03.47:452][  0]SourceControl: Source control is disabled
[2018.11.26-01.03.47:454][  0]SourceControl: Source control is disabled
[2018.11.26-01.03.47:455][  0]SourceControl: Source control is disabled
[2018.11.26-01.03.47:632][  0]LogAndroidPermission: UAndroidPermissionCallbackProxy::GetInstance
[2018.11.26-01.03.47:689][  0]LogOcInput: OculusInput pre-init called
[2018.11.26-01.03.47:747][  0]LogEngine: Initializing Engine...
[2018.11.26-01.03.47:779][  0]LogHMD: Failed to initialize OpenVR with code 126
[2018.11.26-01.03.47:780][  0]LogStats: UGameplayTagsManager::ConstructGameplayTagTree: ImportINI prefixes -  0.000 s
[2018.11.26-01.03.47:780][  0]LogStats: UGameplayTagsManager::ConstructGameplayTagTree: Construct from data asset -  0.000 s
[2018.11.26-01.03.47:780][  0]LogStats: UGameplayTagsManager::ConstructGameplayTagTree: ImportINI -  0.000 s
[2018.11.26-01.03.47:780][  0]LogStats: UGameplayTagsManager::ConstructGameplayTagTree: GameplayTagTreeChangedEvent.Broadcast -  0.000 s
[2018.11.26-01.03.47:980][  0]LogInit: Initializing FReadOnlyCVARCache
[2018.11.26-01.03.47:990][  0]LogAIModule: Creating AISystem for world Untitled
[2018.11.26-01.03.48:003][  0]LogInit: XAudio2 using 'Realtek Digital Output (Realtek High Definition Audio)' : 2 channels at 48 kHz using 16 bits per sample (channel mask 0x3)
[2018.11.26-01.03.48:051][  0]LogInit: FAudioDevice initialized.
[2018.11.26-01.03.48:051][  0]LogNetVersion: Set ProjectVersion to 1.0.0.0. Version Checksum will be recalculated on next use.
[2018.11.26-01.03.48:118][  0]LogDerivedDataCache: Saved boot cache 0.07s 71MB C:/Users/Zack/AppData/Local/UnrealEngine/4.20/DerivedDataCache/Boot.ddc.
[2018.11.26-01.03.48:118][  0]LogInit: Texture streaming: Enabled
[2018.11.26-01.03.48:131][  0]LogEngineSessionManager: EngineSessionManager initialized
[2018.11.26-01.03.48:140][  0]LogInit: Transaction tracking system initialized
[2018.11.26-01.03.48:163][  0]BlueprintLog: New page: Editor Load
[2018.11.26-01.03.48:236][  0]LocalizationService: Localization service is disabled
[2018.11.26-01.03.48:513][  0]LogCook: Display: Max memory allowance for cook 16384mb min free memory 0mb
[2018.11.26-01.03.48:513][  0]LogCook: Display: Mobile HDR setting 1
[2018.11.26-01.03.48:513][  0]LogGameplayTags: Display: UGameplayTagsManager::DoneAddingNativeTags. DelegateIsBound: 0
[2018.11.26-01.03.48:513][  0]LogStats: UGameplayTagsManager::ConstructGameplayTagTree: ImportINI prefixes -  0.000 s
[2018.11.26-01.03.48:513][  0]LogStats: UGameplayTagsManager::ConstructGameplayTagTree: Construct from data asset -  0.000 s
[2018.11.26-01.03.48:513][  0]LogStats: UGameplayTagsManager::ConstructGameplayTagTree: ImportINI -  0.000 s
[2018.11.26-01.03.48:513][  0]LogStats: UGameplayTagsManager::ConstructGameplayTagTree: GameplayTagTreeChangedEvent.Broadcast -  0.000 s
[2018.11.26-01.03.48:628][  0]LogFileCache: Scanning file cache for directory 'C:/Users/Zack/Documents/GitHub/Dinochan/Dinochan_v001_UE4.20.3/Content/' took 0.02s
[2018.11.26-01.03.48:628][  0]SourceControl: Source control is disabled
[2018.11.26-01.03.48:629][  0]Cmd: MAP LOAD FILE="../../../../../../Users/Zack/Documents/GitHub/Dinochan/Dinochan_v001_UE4.20.3/Content/ThirdPersonBP/Maps/ThirdPersonExampleMap.umap" TEMPLATE=0 SHOWPROGRESS=1 FEATURELEVEL=3
[2018.11.26-01.03.48:631][  0]LightingResults: New page: Lighting Build
[2018.11.26-01.03.48:634][  0]MapCheck: New page: Map Check
[2018.11.26-01.03.48:634][  0]LightingResults: New page: Lighting Build
[2018.11.26-01.03.49:294][  0]LogPhysics: Warning: UBodySetup::GetCookInfo: Triangle data from '/Game/ThirdPersonBP/Maps/ThirdPersonExampleMap.ThirdPersonExampleMap:PersistentLevel.ModelComponent_8978' invalid (18233 verts, 0 indices).
[2018.11.26-01.03.49:294][  0]LogPhysics: Warning: Attempt to build physics data for /Game/ThirdPersonBP/Maps/ThirdPersonExampleMap.ThirdPersonExampleMap:PersistentLevel.ModelComponent_8978.BodySetup_0 when we are unable to.
[2018.11.26-01.03.49:399][  0]LogAIModule: Creating AISystem for world ThirdPersonExampleMap
[2018.11.26-01.03.49:418][  0]LogEditorServer: Finished looking for orphan Actors (0.000 secs)
[2018.11.26-01.03.49:440][  0]Cmd: MAP CHECKDEP NOCLEARLOG
[2018.11.26-01.03.49:699][  0]MapCheck: Map check complete: 0 Error(s), 0 Warning(s), took 258.329ms to complete.
[2018.11.26-01.03.49:699][  0]LogFileHelpers: Loading map 'ThirdPersonExampleMap' took 1.070
[2018.11.26-01.03.49:801][  0]LogSlate: Updating window title bar state: overlay mode, drag disabled, window buttons hidden, title bar hidden
[2018.11.26-01.03.49:808][  0]LogSlate: Updating window title bar state: overlay mode, drag disabled, window buttons hidden, title bar hidden
[2018.11.26-01.03.49:814][  0]LogSlate: Updating window title bar state: overlay mode, drag disabled, window buttons hidden, title bar hidden
[2018.11.26-01.03.49:819][  0]LogSlate: Updating window title bar state: overlay mode, drag disabled, window buttons hidden, title bar hidden
[2018.11.26-01.03.49:831][  0]LogCollectionManager: Loaded 0 collections in 0.001458 seconds
[2018.11.26-01.03.49:888][  0]LogFileCache: Scanning file cache for directory 'C:/Users/Zack/Documents/GitHub/Dinochan/Dinochan_v001_UE4.20.3/Saved/Collections/' took 0.01s
[2018.11.26-01.03.49:888][  0]LogFileCache: Scanning file cache for directory 'C:/Users/Zack/Documents/GitHub/Dinochan/Dinochan_v001_UE4.20.3/Content/Developers/Zack/Collections/' took 0.01s
[2018.11.26-01.03.49:888][  0]LogFileCache: Scanning file cache for directory 'C:/Users/Zack/Documents/GitHub/Dinochan/Dinochan_v001_UE4.20.3/Content/Collections/' took 0.01s
[2018.11.26-01.03.49:888][  0]LogCollectionManager: Rebuilt the GUID cache for 0 collections in 0.000000 seconds
[2018.11.26-01.03.49:898][  0]LogContentBrowser: Native class hierarchy populated in 0.0088 seconds. Added 2572 classes and 603 folders.
[2018.11.26-01.03.49:907][  0]LogContentBrowser: Native class hierarchy updated for 'WidgetCarousel' in 0.0002 seconds. Added 0 classes and 0 folders.
[2018.11.26-01.03.50:121][  0]LogContentBrowser: Native class hierarchy updated for 'AddContentDialog' in 0.0002 seconds. Added 0 classes and 0 folders.
[2018.11.26-01.03.50:142][  0]LogContentBrowser: Native class hierarchy updated for 'SceneOutliner' in 0.0003 seconds. Added 1 classes and 2 folders.
[2018.11.26-01.03.50:189][  0]LogSlate: Took 0.000597 seconds to synchronously load lazily loaded font '../../../Engine/Content/Slate/Fonts/Roboto-Regular.ttf' (155K)
[2018.11.26-01.03.50:192][  0]LogSlate: Took 0.000696 seconds to synchronously load lazily loaded font '../../../Engine/Content/Slate/Fonts/Roboto-Bold.ttf' (160K)
[2018.11.26-01.03.50:200][  0]LogSlate: Took 0.002249 seconds to synchronously load lazily loaded font '../../../Engine/Content/Editor/Slate/Fonts/FontAwesome.ttf' (139K)
[2018.11.26-01.03.50:293][  0]LogRenderer: Reallocating scene render targets to support 1208x576 Format 10 NumSamples 1 (Frame:1).
[2018.11.26-01.03.50:402][  0]LogContentBrowser: Native class hierarchy updated for 'HierarchicalLODOutliner' in 0.0002 seconds. Added 0 classes and 0 folders.
[2018.11.26-01.03.50:402][  0]LogLoad: (Engine Initialization) Total time: 9.74 seconds
[2018.11.26-01.03.50:402][  0]LogLoad: (Engine Initialization) Total Blueprint compile time: 0.00 seconds
[2018.11.26-01.03.50:412][  0]LogWindowsTextInputMethodSystem: Display: IME system now deactivated.
[2018.11.26-01.03.50:429][  0]LogAssetRegistry: Asset discovery search completed in 5.0042 seconds
[2018.11.26-01.03.50:431][  0]LogCollectionManager: Rebuilt the object cache for 0 collections in 0.000000 seconds (found 0 objects)
[2018.11.26-01.03.50:431][  0]LogCollectionManager: Fixed up redirectors for 0 collections in 0.000048 seconds (updated 0 objects)
[2018.11.26-01.03.50:433][  0]LogContentStreaming: Texture pool size now 1000 MB
[2018.11.26-01.03.50:488][  0]LogSlate: Took 0.002383 seconds to synchronously load lazily loaded font '../../../Engine/Content/Slate/Fonts/Roboto-Light.ttf' (167K)
[2018.11.26-01.04.12:959][689]LogSlate: FSceneViewport::OnFocusLost() reason 2
[2018.11.26-01.04.14:016][815]LogSlate: FSceneViewport::OnFocusLost() reason 2
[2018.11.26-01.04.24:951][123]Cmd: MAP LOAD FILE="../../../../../../Users/Zack/Documents/GitHub/Dinochan/Dinochan_v001_UE4.20.3/Content/Maps/GBExterior.umap" TEMPLATE=0 SHOWPROGRESS=1 FEATURELEVEL=3
[2018.11.26-01.04.24:956][123]LogSlate: Took 0.000566 seconds to synchronously load lazily loaded font '../../../Engine/Content/Slate/Fonts/Roboto-Light.ttf' (167K)
[2018.11.26-01.04.24:965][123]LightingResults: New page: Lighting Build
[2018.11.26-01.04.24:965][123]LoadErrors: New page: Loading map: GBExterior.umap
[2018.11.26-01.04.24:969][123]MapCheck: New page: Map Check
[2018.11.26-01.04.24:969][123]LightingResults: New page: Lighting Build
[2018.11.26-01.04.25:136][123]LogAIModule: Creating AISystem for world GBExterior
[2018.11.26-01.04.25:150][123]LogEditorServer: Finished looking for orphan Actors (0.000 secs)
[2018.11.26-01.04.25:187][123]Cmd: MAP CHECKDEP NOCLEARLOG
[2018.11.26-01.04.25:481][123]MapCheck: Map check complete: 0 Error(s), 0 Warning(s), took 294.118ms to complete.
[2018.11.26-01.04.25:481][123]LogFileHelpers: Loading map 'GBExterior' took 0.532
[2018.11.26-01.04.25:483][123]LogSlate: Window 'Open Level' being destroyed
[2018.11.26-01.04.28:364][462]LogSlate: FSceneViewport::OnFocusLost() reason 2
[2018.11.26-01.04.31:419][828]LogSlate: FSceneViewport::OnFocusLost() reason 2
[2018.11.26-01.04.41:374][ 19]Cmd: MAP LOAD FILE="../../../../../../Users/Zack/Documents/GitHub/Dinochan/Dinochan_v001_UE4.20.3/Content/ThirdPersonBP/Maps/ThirdPersonExampleMap.umap" TEMPLATE=0 SHOWPROGRESS=1 FEATURELEVEL=3
[2018.11.26-01.04.41:388][ 19]LightingResults: New page: Lighting Build
[2018.11.26-01.04.41:388][ 19]LoadErrors: New page: Loading map: ThirdPersonExampleMap.umap
[2018.11.26-01.04.41:391][ 19]MapCheck: New page: Map Check
[2018.11.26-01.04.41:391][ 19]LightingResults: New page: Lighting Build
[2018.11.26-01.04.41:562][ 19]LogPhysics: Warning: UBodySetup::GetCookInfo: Triangle data from '/Game/ThirdPersonBP/Maps/ThirdPersonExampleMap.ThirdPersonExampleMap:PersistentLevel.ModelComponent_8978' invalid (18233 verts, 0 indices).
[2018.11.26-01.04.41:562][ 19]LogPhysics: Warning: Attempt to build physics data for /Game/ThirdPersonBP/Maps/ThirdPersonExampleMap.ThirdPersonExampleMap:PersistentLevel.ModelComponent_8978.BodySetup_0 when we are unable to.
[2018.11.26-01.04.41:592][ 19]LogAIModule: Creating AISystem for world ThirdPersonExampleMap
[2018.11.26-01.04.41:605][ 19]LogEditorServer: Finished looking for orphan Actors (0.000 secs)
[2018.11.26-01.04.41:640][ 19]Cmd: MAP CHECKDEP NOCLEARLOG
[2018.11.26-01.04.41:905][ 19]MapCheck: Map check complete: 0 Error(s), 0 Warning(s), took 266.114ms to complete.
[2018.11.26-01.04.41:905][ 19]LogFileHelpers: Loading map 'ThirdPersonExampleMap' took 0.532
[2018.11.26-01.04.41:906][ 19]LogSlate: Window 'Open Level' being destroyed
[2018.11.26-01.04.48:800][841]LogSlate: FSceneViewport::OnFocusLost() reason 2
[2018.11.26-01.05.08:339][180]Cmd: MAP LOAD FILE="../../../../../../Users/Zack/Documents/GitHub/Dinochan/Dinochan_v001_UE4.20.3/Content/Maps/GBExterior.umap" TEMPLATE=0 SHOWPROGRESS=1 FEATURELEVEL=3
[2018.11.26-01.05.08:348][180]LightingResults: New page: Lighting Build
[2018.11.26-01.05.08:348][180]LoadErrors: New page: Loading map: GBExterior.umap
[2018.11.26-01.05.08:351][180]MapCheck: New page: Map Check
[2018.11.26-01.05.08:351][180]LightingResults: New page: Lighting Build
[2018.11.26-01.05.08:448][180]LogAIModule: Creating AISystem for world GBExterior
[2018.11.26-01.05.08:455][180]LogEditorServer: Finished looking for orphan Actors (0.000 secs)
[2018.11.26-01.05.08:491][180]Cmd: MAP CHECKDEP NOCLEARLOG
[2018.11.26-01.05.08:751][180]MapCheck: Map check complete: 0 Error(s), 0 Warning(s), took 259.964ms to complete.
[2018.11.26-01.05.08:751][180]LogFileHelpers: Loading map 'GBExterior' took 0.413
[2018.11.26-01.05.08:752][180]LogSlate: Window 'Open Level' being destroyed
[2018.11.26-01.05.17:157][179]LogSlate: FSceneViewport::OnFocusLost() reason 0
[2018.11.26-01.05.17:832][260]LogTemp: Repeating last play command: Selected Viewport
[2018.11.26-01.05.17:841][260]LogPlayLevel: PlayLevel: No blueprints needed recompiling
[2018.11.26-01.05.17:855][260]PIE: New page: PIE session: GBExterior (Nov 25, 2018, 3:05:17 PM)
[2018.11.26-01.05.17:855][260]LogPlayLevel: Creating play world package: /Game/Maps/UEDPIE_0_GBExterior
[2018.11.26-01.05.17:895][260]LogPlayLevel: PIE: StaticDuplicateObject took: (0.039852s)
[2018.11.26-01.05.17:895][260]LogAIModule: Creating AISystem for world GBExterior
[2018.11.26-01.05.17:895][260]LogPlayLevel: PIE: World Init took: (0.000581s)
[2018.11.26-01.05.17:896][260]LogPlayLevel: PIE: Created PIE world by copying editor world from /Game/Maps/GBExterior.GBExterior to /Game/Maps/UEDPIE_0_GBExterior.GBExterior (0.040573s)
[2018.11.26-01.05.17:921][260]LogInit: XAudio2 using 'Realtek Digital Output (Realtek High Definition Audio)' : 2 channels at 48 kHz using 16 bits per sample (channel mask 0x3)
[2018.11.26-01.05.17:941][260]LogInit: FAudioDevice initialized.
[2018.11.26-01.05.17:985][260]LogLoad: Game class is 'ThirdPersonGameMode_C'
[2018.11.26-01.05.17:988][260]LogWorld: Bringing World /Game/Maps/UEDPIE_0_GBExterior.GBExterior up for play (max tick rate 0) at 2018.11.25-20.05.17
[2018.11.26-01.05.17:989][260]LogWorld: Bringing up level for play took: 0.001719
[2018.11.26-01.05.18:006][260]LogContentBrowser: Native class hierarchy updated for 'MovieSceneCapture' in 0.0003 seconds. Added 10 classes and 0 folders.
[2018.11.26-01.05.18:009][260]PIE: Play in editor start time for /Game/Maps/UEDPIE_0_GBExterior -0.128
[2018.11.26-01.05.32:350][978]LogSlate: Updating window title bar state: overlay mode, drag disabled, window buttons hidden, title bar hidden
[2018.11.26-01.05.32:381][978]LogPlayLevel: Display: Shutting down PIE online subsystems
[2018.11.26-01.05.32:400][978]LogSlate: Updating window title bar state: overlay mode, drag disabled, window buttons hidden, title bar hidden
[2018.11.26-01.05.32:450][983]LogPlayLevel: Display: Destroying online subsystem :Context_3
[2018.11.26-01.05.42:248][152]LogSlate: FSceneViewport::OnFocusLost() reason 2
[2018.11.26-01.05.46:891][709]LogEditorViewport: Clicking on Actor (LMB): DirectionalLight (Light Source)
[2018.11.26-01.05.49:754][ 41]Cmd: CAMERA ALIGN ACTIVEVIEWPORTONLY
[2018.11.26-01.05.53:876][533]LogEditorViewport: Clicking on Actor (LMB): SkyLight (SkyLight)
[2018.11.26-01.05.56:112][796]LogEditorViewport: Clicking on Actor (LMB): SphereReflectionCapture (SphereReflectionCapture)
[2018.11.26-01.06.09:312][374]LogSlate: FSceneViewport::OnFocusLost() reason 2
[2018.11.26-01.06.16:529][238]LogSlate: FSceneViewport::OnFocusLost() reason 2
[2018.11.26-01.06.18:269][446]LogSlate: FSceneViewport::OnFocusLost() reason 2
[2018.11.26-01.06.19:710][618]LogSlate: FSceneViewport::OnFocusLost() reason 2
[2018.11.26-01.06.24:878][226]MapCheck: New page: Map Check
[2018.11.26-01.06.24:891][226]Cmd: MAP REBUILD ALLVISIBLE
[2018.11.26-01.06.24:891][226]LogEditorServer: Rebuildmap Clear paths rebuilt
[2018.11.26-01.06.26:216][226]LogMaterial: Display: Missing cached shader map for material FDebugViewModeMaterialProxy MaterialInstanceDynamic_0, compiling. 
[2018.11.26-01.06.26:225][226]LogShaderCompilers: Display: Shaders left to compile 1
[2018.11.26-01.06.26:225][226]LogMaterial: Display: Missing cached shader map for material FDebugViewModeMaterialProxy WorldGridMaterial, compiling. Is special engine material.
[2018.11.26-01.06.26:231][226]LogMaterial: Display: Missing cached shader map for material FDebugViewModeMaterialProxy Map, compiling. 
[2018.11.26-01.06.26:972][226]LogShaderCompilers: Display: Shaders left to compile 2
[2018.11.26-01.06.26:972][226]LogShaderCompilers: Display: Shaders left to compile 1
[2018.11.26-01.06.26:972][226]TextureStreamingBuild: Display: Compiling optional shaders took 0.761 seconds.
[2018.11.26-01.06.26:985][226]LogLevel: Display: Export Material TexCoord Scales took 0.013 seconds.
[2018.11.26-01.06.27:004][226]TextureStreamingBuild: Display: Build Texture Streaming took 0.019 seconds.
[2018.11.26-01.06.27:021][226]LightingResults: New page: Lighting Build - Nov 25, 2018, 3:06:27 PM
[2018.11.26-01.06.27:086][226]LogSwarmInterface: [OpenConnection] Registering TCP channel ...
[2018.11.26-01.06.27:192][226]LogSwarmInterface: [OpenConnection] Connecting to agent ...
[2018.11.26-01.06.27:212][226]LogSwarmInterface: [TryOpenConnection] Testing the Agent
[2018.11.26-01.06.28:262][226]LogSwarmInterface: [TryOpenConnection] Opening Connection to Agent
[2018.11.26-01.06.28:262][226]LogSwarmInterface: [TryOpenConnection] Local Process ID is 1000
[2018.11.26-01.06.31:022][226]LogStaticLightingSystem: Warning: No importance volume found, so the scene bounding box was used.  You can optimize your scene's quality and lighting build times by adding importance volumes.
[2018.11.26-01.06.31:023][226]LogStaticLightingSystem: Running Lightmass w/ ImmediateImport mode ENABLED
[2018.11.26-01.06.31:023][226]LogStaticLightingSystem: Running Lightmass w/ ImmediateProcess mode ENABLED
[2018.11.26-01.06.31:023][226]LogStaticLightingSystem: Running Lightmass w/ Sorting mode ENABLED
[2018.11.26-01.06.31:023][226]LogStaticLightingSystem: Running Lightmass w/ Mapping paddings ENABLED
[2018.11.26-01.06.31:023][226]LogStaticLightingSystem: Running Lightmass w/ Mapping debug paddings DISABLED
[2018.11.26-01.06.31:221][226]Cmd: MAP CHECK DONTDISPLAYDIALOG
[2018.11.26-01.06.31:222][226]MapCheck: New page: GBExterior - Nov 25, 2018, 3:06:31 PM
[2018.11.26-01.06.31:226][226]MapCheck: Error: WorldSettings_1 Maps need lighting rebuilt 
[2018.11.26-01.06.31:496][226]MapCheck: Map check complete: 1 Error(s), 0 Warning(s), took 273.493ms to complete.
[2018.11.26-01.06.31:517][226]LogEditorBuildUtils: Build time 0:06
[2018.11.26-01.06.31:524][226]LogSlate: FSceneViewport::OnFocusLost() reason 2
[2018.11.26-01.06.31:595][227]LogMaterial: Display: Missing cached shader map for material FLightmassMaterialRenderer Map, compiling. 
[2018.11.26-01.06.31:604][227]LogMaterial: Display: Missing cached shader map for material FLightmassMaterialRenderer Map, compiling. 
[2018.11.26-01.06.31:614][227]LogShaderCompilers: Display: Shaders left to compile 4
[2018.11.26-01.06.36:197][535]Job is a success!
[2018.11.26-01.06.36:596][536]LogVolumetricLightmapImport: Imported Volumetric Lightmap in 0.348s
[2018.11.26-01.06.36:596][536]LogVolumetricLightmapImport:      Indirection Texture 32x32x32 = 0.1Mb
[2018.11.26-01.06.36:596][536]LogVolumetricLightmapImport:      BrickData 1280x15x5 = 3.4Mb (trimmed 0.1Mb due to 0.010000 MinBrickError)
[2018.11.26-01.06.36:596][536]LogVolumetricLightmapImport:      Bricks at Level
[2018.11.26-01.06.36:596][536]LogVolumetricLightmapImport:          0: 1.3% covering 100.0% of volume
[2018.11.26-01.06.36:596][536]LogVolumetricLightmapImport:          1: 4.0% covering 4.9% of volume
[2018.11.26-01.06.36:596][536]LogVolumetricLightmapImport:          2: 94.7% covering 1.8% of volume
[2018.11.26-01.06.36:740][536]LogMaterial: Warning: Material /Game/ThirdPersonBP/Blueprints/Map.Map needed to have new flag set bUsedWithStaticLighting !
[2018.11.26-01.06.36:743][536]LogMaterial: Display: Missing cached shader map for material Map, compiling. 
[2018.11.26-01.06.36:807][536]LogShaderCompilers: Display: Shaders left to compile 31
[2018.11.26-01.06.36:807][536]LogShaderCompilers: Display: Shaders left to compile 21
[2018.11.26-01.06.36:807][536]LogShaderCompilers: Display: Shaders left to compile 11
[2018.11.26-01.06.36:807][536]LogShaderCompilers: Display: Shaders left to compile 1
[2018.11.26-01.06.37:028][536]LogTexture: Display: Building textures: HQ_Lightmap0_1 (AutoDXT, 1024X1024)
[2018.11.26-01.06.37:028][536]LogTexture: Display: Building textures: HQ_Lightmap0_2 (AutoDXT, 128X128)
[2018.11.26-01.06.37:028][536]LogTexture: Display: Building textures: HQ_Lightmap0_3 (AutoDXT, 128X128)
[2018.11.26-01.06.37:028][536]LogTexture: Display: Building textures: LQ_Lightmap_0_3 (DXT1, 128X128)
[2018.11.26-01.06.37:028][536]LogTexture: Display: Building textures: LQ_Lightmap_0_2 (DXT1, 128X128)
[2018.11.26-01.06.37:028][536]LogTexture: Display: Building textures: LQ_Lightmap_0_1 (DXT1, 1024X1024)
[2018.11.26-01.06.37:107][536]LogTexture: Display: Building textures: ShadowMapTexture2D_1 (G8, 64X64)
[2018.11.26-01.06.37:107][536]LogTexture: Display: Building textures: ShadowMapTexture2D_4 (G8, 128X32)
[2018.11.26-01.06.37:107][536]LogTexture: Display: Building textures: ShadowMapTexture2D_0 (G8, 512X512)
[2018.11.26-01.06.37:167][536]Lightmass on DESKTOP-QCELHJT: 4.15 sec total, 146 ms importing, 11 ms setup, 621 ms photons, 3.31 sec processing, 0 ms extra exporting [533/533 mappings]. Threads: 23.0 sec total, 3.48 sec processing.
[2018.11.26-01.06.37:265][536]LogStaticLightingSystem: Illumination: 10.2 sec (208 ms encoding lightmaps, 76 ms encoding shadowmaps)
[2018.11.26-01.06.37:265][536]LogStaticLightingSystem: Lightmap texture memory:  2.1 MB (0.1 MB streaming, 2.0 MB non-streaming), 6 textures
[2018.11.26-01.06.37:266][536]LogStaticLightingSystem: Shadowmap texture memory: 0.3 MB (0.0 MB streaming, 0.3 MB non-streaming), 3 textures
[2018.11.26-01.06.38:028][536]DumpUnbuiltLightIteractions
[2018.11.26-01.06.38:028][536]Lights with unbuilt interactions: 0
[2018.11.26-01.06.38:028][536]
[2018.11.26-01.06.38:028][536]Primitives with unbuilt interactions: 0
[2018.11.26-01.06.38:035][536]LogSlate: FSceneViewport::OnFocusLost() reason 2
[2018.11.26-01.06.39:436][537]Cmd: MAP CHECK NOTIFYRESULTS
[2018.11.26-01.06.39:436][537]MapCheck: New page: GBExterior - Nov 25, 2018, 3:06:39 PM
[2018.11.26-01.06.39:713][537]MapCheck: Map check complete: 0 Error(s), 0 Warning(s), took 276.443ms to complete.
[2018.11.26-01.06.41:523][754]LogSlate: FSceneViewport::OnFocusLost() reason 0
[2018.11.26-01.06.41:621][766]LogSlate: Window 'Message Log' being destroyed
[2018.11.26-01.06.41:625][766]LogSlate: Window 'Message Log' being destroyed
[2018.11.26-01.06.43:077][940]LogSlate: FSceneViewport::OnFocusLost() reason 0
[2018.11.26-01.06.43:160][950]LogTemp: Repeating last play command: Selected Viewport
[2018.11.26-01.06.43:170][950]LogPlayLevel: PlayLevel: No blueprints needed recompiling
[2018.11.26-01.06.43:170][950]PIE: New page: PIE session: GBExterior (Nov 25, 2018, 3:06:43 PM)
[2018.11.26-01.06.43:170][950]LogPlayLevel: Creating play world package: /Game/Maps/UEDPIE_0_GBExterior
[2018.11.26-01.06.43:208][950]LogPlayLevel: PIE: StaticDuplicateObject took: (0.037829s)
[2018.11.26-01.06.43:208][950]LogAIModule: Creating AISystem for world GBExterior
[2018.11.26-01.06.43:208][950]LogPlayLevel: PIE: World Init took: (0.000575s)
[2018.11.26-01.06.43:208][950]LogPlayLevel: PIE: Created PIE world by copying editor world from /Game/Maps/GBExterior.GBExterior to /Game/Maps/UEDPIE_0_GBExterior.GBExterior (0.038533s)
[2018.11.26-01.06.43:235][950]LogInit: XAudio2 using 'Realtek Digital Output (Realtek High Definition Audio)' : 2 channels at 48 kHz using 16 bits per sample (channel mask 0x3)
[2018.11.26-01.06.43:254][950]LogInit: FAudioDevice initialized.
[2018.11.26-01.06.43:287][950]LogLoad: Game class is 'ThirdPersonGameMode_C'
[2018.11.26-01.06.43:289][950]LogWorld: Bringing World /Game/Maps/UEDPIE_0_GBExterior.GBExterior up for play (max tick rate 0) at 2018.11.25-20.06.43
[2018.11.26-01.06.43:290][950]LogWorld: Bringing up level for play took: 0.001841
[2018.11.26-01.06.43:303][950]PIE: Play in editor start time for /Game/Maps/UEDPIE_0_GBExterior -0.834
[2018.11.26-01.07.30:828][649]LogSlate: Updating window title bar state: overlay mode, drag disabled, window buttons hidden, title bar hidden
[2018.11.26-01.07.30:858][649]LogPlayLevel: Display: Shutting down PIE online subsystems
[2018.11.26-01.07.30:879][649]LogSlate: Updating window title bar state: overlay mode, drag disabled, window buttons hidden, title bar hidden
[2018.11.26-01.07.30:928][654]LogPlayLevel: Display: Destroying online subsystem :Context_4
[2018.11.26-01.07.32:154][801]LogSlate: FSceneViewport::OnFocusLost() reason 0
[2018.11.26-01.07.36:617][813]LogSlate: Window 'Save Content' being destroyed
[2018.11.26-01.07.36:657][813]LogSlate: Window 'Dinochan_v001 - Unreal Editor' being destroyed
[2018.11.26-01.07.36:812][814]Cmd: QUIT_EDITOR
[2018.11.26-01.07.36:941][814]LogWindowsTextInputMethodSystem: Display: IME system now deactivated.
[2018.11.26-01.07.36:950][814]LogExit: Preparing to exit.
[2018.11.26-01.07.37:451][814]LogExit: Editor shut down
[2018.11.26-01.07.37:451][814]LogExit: Transaction tracking system shut down
[2018.11.26-01.07.37:620][814]LogExit: Object subsystem successfully closed.
[2018.11.26-01.07.37:632][814]LogShaderCompilers: Display: Shaders left to compile 0
[2018.11.26-01.07.37:635][814]LogD3D11RHI: Shutdown
[2018.11.26-01.07.37:635][814]LogD3D11RHI: CleanupD3DDevice
[2018.11.26-01.07.37:637][814]LogD3D11RHI: ~FD3D11DynamicRHI
[2018.11.26-01.07.37:682][814]LogModuleManager: Shutting down and abandoning module HierarchicalLODUtilities (616)
[2018.11.26-01.07.37:682][814]LogModuleManager: Shutting down and abandoning module MovieSceneCapture (614)
[2018.11.26-01.07.37:682][814]LogModuleManager: Shutting down and abandoning module Voice (612)
[2018.11.26-01.07.37:682][814]LogModuleManager: Shutting down and abandoning module HierarchicalLODOutliner (610)
[2018.11.26-01.07.37:682][814]LogModuleManager: Shutting down and abandoning module SceneOutliner (608)
[2018.11.26-01.07.37:682][814]LogModuleManager: Shutting down and abandoning module AddContentDialog (606)
[2018.11.26-01.07.37:684][814]LogModuleManager: Shutting down and abandoning module WidgetCarousel (605)
[2018.11.26-01.07.37:684][814]LogModuleManager: Shutting down and abandoning module EditorWidgets (602)
[2018.11.26-01.07.37:684][814]LogModuleManager: Shutting down and abandoning module CollectionManager (600)
[2018.11.26-01.07.37:684][814]LogModuleManager: Shutting down and abandoning module StatsViewer (598)
[2018.11.26-01.07.37:684][814]LogModuleManager: Shutting down and abandoning module FoliageEdit (596)
[2018.11.26-01.07.37:684][814]LogModuleManager: Shutting down and abandoning module LandscapeEditor (594)
[2018.11.26-01.07.37:684][814]LogModuleManager: Shutting down and abandoning module MeshPaintMode (592)
[2018.11.26-01.07.37:684][814]LogModuleManager: Shutting down and abandoning module SceneDepthPickerMode (590)
[2018.11.26-01.07.37:684][814]LogModuleManager: Shutting down and abandoning module ActorPickerMode (588)
[2018.11.26-01.07.37:684][814]LogModuleManager: Shutting down and abandoning module GeometryMode (586)
[2018.11.26-01.07.37:684][814]LogModuleManager: Shutting down and abandoning module TextureAlignMode (584)
[2018.11.26-01.07.37:684][814]LogModuleManager: Shutting down and abandoning module BspMode (582)
[2018.11.26-01.07.37:684][814]LogModuleManager: Shutting down and abandoning module PIEPreviewDeviceProfileSelector (580)
[2018.11.26-01.07.37:684][814]LogModuleManager: Shutting down and abandoning module SequenceRecorderSections (578)
[2018.11.26-01.07.37:684][814]LogModuleManager: Shutting down and abandoning module AutomationWorker (576)
[2018.11.26-01.07.37:684][814]LogModuleManager: Shutting down and abandoning module AudioCaptureEditor (574)
[2018.11.26-01.07.37:684][814]LogModuleManager: Shutting down and abandoning module SequenceRecorder (573)
[2018.11.26-01.07.37:684][814]LogModuleManager: Shutting down and abandoning module MatineeToLevelSequence (570)
[2018.11.26-01.07.37:684][814]LogModuleManager: Shutting down and abandoning module LevelSequenceEditor (568)
[2018.11.26-01.07.37:684][814]LogModuleManager: Shutting down and abandoning module PlacementMode (567)
[2018.11.26-01.07.37:684][814]LogModuleManager: Shutting down and abandoning module MaterialEditor (566)
[2018.11.26-01.07.37:684][814]LogModuleManager: Shutting down and abandoning module WmfMediaFactory (562)
[2018.11.26-01.07.37:684][814]LogModuleManager: Shutting down and abandoning module WmfMediaEditor (560)
[2018.11.26-01.07.37:684][814]LogModuleManager: Shutting down and abandoning module MediaPlayerEditor (558)
[2018.11.26-01.07.37:685][814]LogModuleManager: Shutting down and abandoning module OpenExrWrapper (556)
[2018.11.26-01.07.37:685][814]LogModuleManager: Shutting down and abandoning module ImgMediaFactory (554)
[2018.11.26-01.07.37:685][814]LogModuleManager: Shutting down and abandoning module ImgMediaEditor (552)
[2018.11.26-01.07.37:685][814]LogModuleManager: Shutting down and abandoning module AvfMediaFactory (550)
[2018.11.26-01.07.37:685][814]LogModuleManager: Shutting down and abandoning module AvfMediaEditor (548)
[2018.11.26-01.07.37:685][814]LogModuleManager: Shutting down and abandoning module AndroidMediaFactory (546)
[2018.11.26-01.07.37:685][814]LogModuleManager: Shutting down and abandoning module AndroidMediaEditor (544)
[2018.11.26-01.07.37:685][814]LogModuleManager: Shutting down and abandoning module MagicLeapCameraPreviewFactory (542)
[2018.11.26-01.07.37:685][814]LogModuleManager: Shutting down and abandoning module MagicLeapMediaFactory (540)
[2018.11.26-01.07.37:685][814]LogModuleManager: Shutting down and abandoning module MagicLeapMediaEditor (538)
[2018.11.26-01.07.37:685][814]LogModuleManager: Shutting down and abandoning module CharacterAI (536)
[2018.11.26-01.07.37:685][814]LogModuleManager: Shutting down and abandoning module SmartSnapping (534)
[2018.11.26-01.07.37:685][814]LogModuleManager: Shutting down and abandoning module SessionServices (532)
[2018.11.26-01.07.37:685][814]LogModuleManager: Shutting down and abandoning module ViewportSnapping (530)
[2018.11.26-01.07.37:685][814]LogModuleManager: Shutting down and abandoning module ViewportInteraction (528)
[2018.11.26-01.07.37:685][814]LogModuleManager: Shutting down and abandoning module ClothPainter (526)
[2018.11.26-01.07.37:685][814]LogModuleManager: Shutting down and abandoning module SkeletalMeshEditor (525)
[2018.11.26-01.07.37:685][814]LogModuleManager: Shutting down and abandoning module LogVisualizer (522)
[2018.11.26-01.07.37:685][814]LogModuleManager: Shutting down and abandoning module IntroTutorials (520)
[2018.11.26-01.07.37:685][814]LogModuleManager: Shutting down and abandoning module GameProjectGeneration (519)
[2018.11.26-01.07.37:685][814]LogModuleManager: Shutting down and abandoning module LuminPlatformEditor (516)
[2018.11.26-01.07.37:685][814]LogModuleManager: Shutting down and abandoning module IOSPlatformEditor (514)
[2018.11.26-01.07.37:685][814]LogModuleManager: Shutting down and abandoning module HTML5PlatformEditor (512)
[2018.11.26-01.07.37:685][814]LogModuleManager: Shutting down and abandoning module AndroidPlatformEditor (510)
[2018.11.26-01.07.37:685][814]LogModuleManager: Shutting down and abandoning module AndroidDeviceDetection (509)
[2018.11.26-01.07.38:395][814]LogModuleManager: Shutting down and abandoning module WindowsPlatformEditor (506)
[2018.11.26-01.07.38:395][814]LogModuleManager: Shutting down and abandoning module LuminRuntimeSettings (504)
[2018.11.26-01.07.38:395][814]LogModuleManager: Shutting down and abandoning module IOSRuntimeSettings (502)
[2018.11.26-01.07.38:395][814]LogModuleManager: Shutting down and abandoning module AndroidRuntimeSettings (500)
[2018.11.26-01.07.38:395][814]LogModuleManager: Shutting down and abandoning module InputBindingEditor (498)
[2018.11.26-01.07.38:395][814]LogModuleManager: Shutting down and abandoning module MergeActors (496)
[2018.11.26-01.07.38:395][814]LogModuleManager: Shutting down and abandoning module LocalizationDashboard (494)
[2018.11.26-01.07.38:395][814]LogModuleManager: Shutting down and abandoning module LocalizationService (493)
[2018.11.26-01.07.38:395][814]LogModuleManager: Shutting down and abandoning module HardwareTargeting (490)
[2018.11.26-01.07.38:395][814]LogModuleManager: Shutting down and abandoning module DeviceProfileEditor (488)
[2018.11.26-01.07.38:395][814]LogModuleManager: Shutting down and abandoning module UndoHistory (486)
[2018.11.26-01.07.38:395][814]LogModuleManager: Shutting down and abandoning module XmlParser (484)
[2018.11.26-01.07.38:396][814]LogModuleManager: Shutting down and abandoning module Blutility (482)
[2018.11.26-01.07.38:396][814]LogModuleManager: Shutting down and abandoning module ProjectSettingsViewer (480)
[2018.11.26-01.07.38:396][814]LogModuleManager: Shutting down and abandoning module ProjectTargetPlatformEditor (479)
[2018.11.26-01.07.38:396][814]LogModuleManager: Shutting down and abandoning module EditorSettingsViewer (476)
[2018.11.26-01.07.38:396][814]LogModuleManager: Shutting down and abandoning module SettingsEditor (474)
[2018.11.26-01.07.38:396][814]LogModuleManager: Shutting down and abandoning module ProjectLauncher (472)
[2018.11.26-01.07.38:396][814]LogModuleManager: Shutting down and abandoning module SessionFrontend (470)
[2018.11.26-01.07.38:396][814]LogModuleManager: Shutting down and abandoning module ProfilerClient (468)
[2018.11.26-01.07.38:396][814]LogModuleManager: Shutting down and abandoning module DeviceManager (466)
[2018.11.26-01.07.38:396][814]LogModuleManager: Shutting down and abandoning module TargetDeviceServices (465)
[2018.11.26-01.07.38:460][814]LogModuleManager: Shutting down and abandoning module AutomationController (462)
[2018.11.26-01.07.38:460][814]LogModuleManager: Shutting down and abandoning module AutomationWindow (460)
[2018.11.26-01.07.38:460][814]LogModuleManager: Shutting down and abandoning module Layers (458)
[2018.11.26-01.07.38:460][814]LogModuleManager: Shutting down and abandoning module ComponentVisualizers (456)
[2018.11.26-01.07.38:460][814]LogModuleManager: Shutting down and abandoning module DetailCustomizations (454)
[2018.11.26-01.07.38:460][814]LogModuleManager: Shutting down and abandoning module PackagesDialog (452)
[2018.11.26-01.07.38:460][814]LogModuleManager: Shutting down and abandoning module Persona (450)
[2018.11.26-01.07.38:460][814]LogModuleManager: Shutting down and abandoning module AdvancedPreviewScene (449)
[2018.11.26-01.07.38:460][814]LogModuleManager: Shutting down and abandoning module AnimGraph (447)
[2018.11.26-01.07.38:460][814]LogModuleManager: Shutting down and abandoning module Kismet (444)
[2018.11.26-01.07.38:460][814]LogModuleManager: Shutting down and abandoning module GraphEditor (442)
[2018.11.26-01.07.38:461][814]LogModuleManager: Shutting down and abandoning module ClassViewer (440)
[2018.11.26-01.07.38:461][814]LogModuleManager: Shutting down and abandoning module Toolbox (438)
[2018.11.26-01.07.38:461][814]LogModuleManager: Shutting down and abandoning module ModuleUI (436)
[2018.11.26-01.07.38:461][814]LogModuleManager: Shutting down and abandoning module MovieSceneTools (434)
[2018.11.26-01.07.38:461][814]LogModuleManager: Shutting down and abandoning module OutputLog (432)
[2018.11.26-01.07.38:461][814]LogModuleManager: Shutting down and abandoning module GammaUI (430)
[2018.11.26-01.07.38:461][814]LogModuleManager: Shutting down and abandoning module Documentation (428)
[2018.11.26-01.07.38:461][814]LogModuleManager: Shutting down and abandoning module MovieSceneTracks (426)
[2018.11.26-01.07.38:461][814]LogModuleManager: Shutting down and abandoning module MovieScene (424)
[2018.11.26-01.07.38:461][814]LogModuleManager: Shutting down and abandoning module StreamingPauseRendering (422)
[2018.11.26-01.07.38:461][814]LogModuleManager: Shutting down and abandoning module LauncherPlatform (420)
[2018.11.26-01.07.38:461][814]LogModuleManager: Shutting down and abandoning module AnalyticsET (418)
[2018.11.26-01.07.38:461][814]LogModuleManager: Shutting down and abandoning module PortalServices (416)
[2018.11.26-01.07.38:461][814]LogModuleManager: Shutting down and abandoning module PortalRpc (414)
[2018.11.26-01.07.38:461][814]LogModuleManager: Shutting down and abandoning module MessagingRpc (412)
[2018.11.26-01.07.38:461][814]LogModuleManager: Shutting down and abandoning module AIModule (410)
[2018.11.26-01.07.38:461][814]LogModuleManager: Shutting down and abandoning module GameplayDebugger (409)
[2018.11.26-01.07.38:461][814]LogModuleManager: Shutting down and abandoning module AITestSuite (407)
[2018.11.26-01.07.38:461][814]LogModuleManager: Shutting down and abandoning module NavigationSystem (405)
[2018.11.26-01.07.38:461][814]LogModuleManager: Shutting down and abandoning module DesktopPlatform (402)
[2018.11.26-01.07.38:461][814]LogModuleManager: Shutting down and abandoning module ProfilerService (400)
[2018.11.26-01.07.38:610][814]LogModuleManager: Shutting down and abandoning module TaskGraph (398)
[2018.11.26-01.07.38:610][814]LogModuleManager: Shutting down and abandoning module SteamVRController (396)
[2018.11.26-01.07.38:610][814]LogModuleManager: Shutting down and abandoning module ProceduralMeshComponentEditor (394)
[2018.11.26-01.07.38:610][814]LogModuleManager: Shutting down and abandoning module ProceduralMeshComponent (392)
[2018.11.26-01.07.38:610][814]LogModuleManager: Shutting down and abandoning module OculusInput (390)
[2018.11.26-01.07.38:610][814]LogModuleManager: Shutting down and abandoning module MobilePatchingUtils (388)
[2018.11.26-01.07.38:610][814]LogModuleManager: Shutting down and abandoning module EditableMesh (386)
[2018.11.26-01.07.38:610][814]LogModuleManager: Shutting down and abandoning module CustomMeshComponent (384)
[2018.11.26-01.07.38:610][814]LogModuleManager: Shutting down and abandoning module CableComponent (382)
[2018.11.26-01.07.38:610][814]LogModuleManager: Shutting down and abandoning module AudioCapture (380)
[2018.11.26-01.07.38:610][814]LogModuleManager: Shutting down and abandoning module ArchVisCharacter (378)
[2018.11.26-01.07.38:610][814]LogModuleManager: Shutting down and abandoning module AndroidPermission (376)
[2018.11.26-01.07.38:610][814]LogModuleManager: Shutting down and abandoning module NUTUnrealEngine4 (374)
[2018.11.26-01.07.38:610][814]LogModuleManager: Shutting down and abandoning module NetcodeUnitTest (372)
[2018.11.26-01.07.38:611][814]LogModuleManager: Shutting down and abandoning module MediaCompositingEditor (370)
[2018.11.26-01.07.38:611][814]LogModuleManager: Shutting down and abandoning module MediaCompositing (368)
[2018.11.26-01.07.38:611][814]LogModuleManager: Shutting down and abandoning module LinearTimecode (366)
[2018.11.26-01.07.38:611][814]LogModuleManager: Shutting down and abandoning module ImgMedia (364)
[2018.11.26-01.07.38:614][814]LogModuleManager: Shutting down and abandoning module HTML5Networking (362)
[2018.11.26-01.07.38:614][814]LogModuleManager: Shutting down and abandoning module GeometryCacheTracks (360)
[2018.11.26-01.07.38:614][814]LogModuleManager: Shutting down and abandoning module GeometryCacheSequencer (358)
[2018.11.26-01.07.38:614][814]LogModuleManager: Shutting down and abandoning module BackChannel (356)
[2018.11.26-01.07.38:614][814]LogModuleManager: Shutting down and abandoning module AppleVision (354)
[2018.11.26-01.07.38:614][814]LogModuleManager: Shutting down and abandoning module AppleImageUtils (352)
[2018.11.26-01.07.38:614][814]LogModuleManager: Shutting down and abandoning module AlembicImporter (350)
[2018.11.26-01.07.38:614][814]LogModuleManager: Shutting down and abandoning module AlembicLibrary (349)
[2018.11.26-01.07.38:614][814]LogModuleManager: Shutting down and abandoning module GeometryCache (348)
[2018.11.26-01.07.38:614][814]LogModuleManager: Shutting down and abandoning module GeometryCacheEd (347)
[2018.11.26-01.07.38:614][814]LogModuleManager: Shutting down and abandoning module DatasmithContentEditor (342)
[2018.11.26-01.07.38:614][814]LogModuleManager: Shutting down and abandoning module DatasmithContent (340)
[2018.11.26-01.07.38:614][814]LogModuleManager: Shutting down and abandoning module SpeedTreeImporter (338)
[2018.11.26-01.07.38:614][814]LogModuleManager: Shutting down and abandoning module PluginBrowser (336)
[2018.11.26-01.07.38:614][814]LogModuleManager: Shutting down and abandoning module MobileLauncherProfileWizard (334)
[2018.11.26-01.07.38:614][814]LogModuleManager: Shutting down and abandoning module PolygonModeling (332)
[2018.11.26-01.07.38:614][814]LogModuleManager: Shutting down and abandoning module MeshEditor (330)
[2018.11.26-01.07.38:614][814]LogModuleManager: Shutting down and abandoning module CryptoKeysOpenSSL (328)
[2018.11.26-01.07.38:614][814]LogModuleManager: Shutting down and abandoning module CryptoKeys (326)
[2018.11.26-01.07.38:614][814]LogModuleManager: Shutting down and abandoning module VisualStudioSourceCodeAccess (324)
[2018.11.26-01.07.38:614][814]LogModuleManager: Shutting down and abandoning module VisualStudioCodeSourceCodeAccess (322)
[2018.11.26-01.07.38:614][814]LogModuleManager: Shutting down and abandoning module UObjectPlugin (320)
[2018.11.26-01.07.38:614][814]LogModuleManager: Shutting down and abandoning module SubversionSourceControl (318)
[2018.11.26-01.07.38:615][814]LogModuleManager: Shutting down and abandoning module PerforceSourceControl (316)
[2018.11.26-01.07.38:615][814]LogModuleManager: Shutting down and abandoning module GitSourceControl (314)
[2018.11.26-01.07.38:615][814]LogModuleManager: Shutting down and abandoning module SourceControl (313)
[2018.11.26-01.07.38:615][814]LogModuleManager: Shutting down and abandoning module CLionSourceCodeAccess (310)
[2018.11.26-01.07.38:615][814]LogModuleManager: Shutting down and abandoning module LightPropagationVolumeEditor (308)
[2018.11.26-01.07.38:615][814]LogModuleManager: Shutting down and abandoning module PaperTiledImporter (306)
[2018.11.26-01.07.38:615][814]LogModuleManager: Shutting down and abandoning module PaperSpriteSheetImporter (304)
[2018.11.26-01.07.38:615][814]LogModuleManager: Shutting down and abandoning module Paper2DEditor (302)
[2018.11.26-01.07.38:615][814]LogModuleManager: Shutting down and abandoning module MeshPaint (301)
[2018.11.26-01.07.38:615][814]LogModuleManager: Shutting down and abandoning module RuntimePhysXCooking (298)
[2018.11.26-01.07.38:615][814]LogModuleManager: Shutting down and abandoning module PhysXVehiclesEditor (296)
[2018.11.26-01.07.38:615][814]LogModuleManager: Shutting down and abandoning module PhysXVehicles (294)
[2018.11.26-01.07.38:615][814]LogModuleManager: Shutting down and abandoning module OculusEditor (292)
[2018.11.26-01.07.38:615][814]LogModuleManager: Shutting down and abandoning module LocationServicesBPLibrary (290)
[2018.11.26-01.07.38:615][814]LogModuleManager: Shutting down and abandoning module ImmediatePhysicsEditor (288)
[2018.11.26-01.07.38:615][814]LogModuleManager: Shutting down and abandoning module ImmediatePhysics (286)
[2018.11.26-01.07.38:615][814]LogModuleManager: Shutting down and abandoning module ActorSequence (284)
[2018.11.26-01.07.38:615][814]LogModuleManager: Shutting down and abandoning module UdpMessaging (282)
[2018.11.26-01.07.38:716][814]LogModuleManager: Shutting down and abandoning module TcpMessaging (280)
[2018.11.26-01.07.38:817][814]LogModuleManager: Shutting down and abandoning module MagicLeapAudio (278)
[2018.11.26-01.07.38:817][814]LogModuleManager: Shutting down and abandoning module GameplayTagsEditor (276)
[2018.11.26-01.07.38:817][814]LogModuleManager: Shutting down and abandoning module FacialAnimationEditor (274)
[2018.11.26-01.07.38:817][814]LogModuleManager: Shutting down and abandoning module FacialAnimation (272)
[2018.11.26-01.07.38:817][814]LogModuleManager: Shutting down and abandoning module DataValidation (270)
[2018.11.26-01.07.38:817][814]LogModuleManager: Shutting down and abandoning module AssetManagerEditor (268)
[2018.11.26-01.07.38:817][814]LogModuleManager: Shutting down and abandoning module LevelEditor (267)
[2018.11.26-01.07.38:817][814]LogModuleManager: Shutting down and abandoning module PixelInspectorModule (266)
[2018.11.26-01.07.38:817][814]LogModuleManager: Shutting down and abandoning module CommonMenuExtensions (264)
[2018.11.26-01.07.38:817][814]LogModuleManager: Shutting down and abandoning module MainFrame (262)
[2018.11.26-01.07.38:818][814]LogModuleManager: Shutting down and abandoning module HotReload (261)
[2018.11.26-01.07.38:818][814]LogModuleManager: Shutting down and abandoning module ContentBrowser (257)
[2018.11.26-01.07.38:819][814]LogModuleManager: Shutting down and abandoning module TreeMap (255)
[2018.11.26-01.07.38:819][814]LogModuleManager: Shutting down and abandoning module LightPropagationVolumeRuntime (252)
[2018.11.26-01.07.38:819][814]LogModuleManager: Shutting down and abandoning module AISupportModule (250)
[2018.11.26-01.07.38:819][814]LogModuleManager: Shutting down and abandoning module Paper2D (248)
[2018.11.26-01.07.38:819][814]LogModuleManager: Shutting down and abandoning module WindowsMoviePlayer (246)
[2018.11.26-01.07.38:819][814]LogModuleManager: Shutting down and abandoning module WmfMedia (244)
[2018.11.26-01.07.38:820][814]LogModuleManager: Shutting down and abandoning module Media (243)
[2018.11.26-01.07.38:826][814]LogModuleManager: Shutting down and abandoning module PacketHandler (240)
[2018.11.26-01.07.38:826][814]LogModuleManager: Shutting down and abandoning module ClothingSystemEditor (238)
[2018.11.26-01.07.38:826][814]LogModuleManager: Shutting down and abandoning module ClothingSystemRuntime (236)
[2018.11.26-01.07.38:826][814]LogModuleManager: Shutting down and abandoning module MediaAssets (234)
[2018.11.26-01.07.38:826][814]LogModuleManager: Shutting down and abandoning module Overlay (232)
[2018.11.26-01.07.38:826][814]LogModuleManager: Shutting down and abandoning module OverlayEditor (231)
[2018.11.26-01.07.38:826][814]LogModuleManager: Shutting down and abandoning module VREditor (228)
[2018.11.26-01.07.38:826][814]LogModuleManager: Shutting down and abandoning module StringTableEditor (226)
[2018.11.26-01.07.38:826][814]LogModuleManager: Shutting down and abandoning module GameplayTasksEditor (224)
[2018.11.26-01.07.38:826][814]LogModuleManager: Shutting down and abandoning module BehaviorTreeEditor (222)
[2018.11.26-01.07.38:826][814]LogModuleManager: Shutting down and abandoning module FunctionalTesting (220)
[2018.11.26-01.07.38:826][814]LogModuleManager: Shutting down and abandoning module CollisionAnalyzer (218)
[2018.11.26-01.07.38:826][814]LogModuleManager: Shutting down and abandoning module WorkspaceMenuStructure (217)
[2018.11.26-01.07.38:826][814]LogModuleManager: Shutting down and abandoning module UMG (214)
[2018.11.26-01.07.38:826][814]LogModuleManager: Shutting down and abandoning module UMGEditor (213)
[2018.11.26-01.07.38:827][814]LogModuleManager: Shutting down and abandoning module Sequencer (212)
[2018.11.26-01.07.38:827][814]LogModuleManager: Shutting down and abandoning module MessageLog (209)
[2018.11.26-01.07.38:827][814]LogModuleManager: Shutting down and abandoning module SlateReflector (204)
[2018.11.26-01.07.38:827][814]LogModuleManager: Shutting down and abandoning module Slate (202)
[2018.11.26-01.07.38:827][814]LogModuleManager: Shutting down and abandoning module EditorStyle (200)
[2018.11.26-01.07.38:828][814]LogModuleManager: Shutting down and abandoning module MRMesh (198)
[2018.11.26-01.07.38:828][814]LogModuleManager: Shutting down and abandoning module SourceCodeAccess (196)
[2018.11.26-01.07.38:828][814]LogModuleManager: Shutting down and abandoning module HeadMountedDisplay (194)
[2018.11.26-01.07.38:828][814]LogModuleManager: Shutting down and abandoning module XAudio2 (192)
[2018.11.26-01.07.38:828][814]LogModuleManager: Shutting down and abandoning module Networking (190)
[2018.11.26-01.07.38:828][814]LogModuleManager: Shutting down and abandoning module Core (188)
[2018.11.26-01.07.38:828][814]LogModuleManager: Shutting down and abandoning module LevelSequence (186)
[2018.11.26-01.07.38:828][814]LogModuleManager: Shutting down and abandoning module KismetCompiler (184)
[2018.11.26-01.07.38:828][814]LogModuleManager: Shutting down and abandoning module MeshUtilities (182)
[2018.11.26-01.07.38:828][814]LogModuleManager: Shutting down and abandoning module MeshMergeUtilities (181)
[2018.11.26-01.07.38:828][814]LogModuleManager: Shutting down and abandoning module MeshReductionInterface (180)
[2018.11.26-01.07.38:828][814]LogModuleManager: Shutting down and abandoning module SimplygonSwarm (179)
[2018.11.26-01.07.38:828][814]LogModuleManager: Shutting down and abandoning module ProxyLODMeshReduction (177)
[2018.11.26-01.07.38:828][814]LogModuleManager: Shutting down and abandoning module SimplygonMeshReduction (175)
[2018.11.26-01.07.38:828][814]LogModuleManager: Shutting down and abandoning module QuadricMeshReduction (173)
[2018.11.26-01.07.38:828][814]LogModuleManager: Shutting down and abandoning module MaterialBaking (169)
[2018.11.26-01.07.38:828][814]LogModuleManager: Shutting down and abandoning module DirectoryWatcher (165)
[2018.11.26-01.07.38:828][814]LogModuleManager: Shutting down and abandoning module DerivedDataCache (162)
[2018.11.26-01.07.38:854][814]LogDerivedDataCache: Shutdown
[2018.11.26-01.07.38:854][814]LogModuleManager: Shutting down and abandoning module XGEController (160)
[2018.11.26-01.07.38:854][814]LogXGEController: Cleaning working directory: C:/Users/Zack/AppData/Local/Temp/UnrealXGEWorkingDir/
[2018.11.26-01.07.38:855][814]LogModuleManager: Shutting down and abandoning module TargetPlatform (158)
[2018.11.26-01.07.38:855][814]LogModuleManager: Shutting down and abandoning module VulkanShaderFormat (157)
[2018.11.26-01.07.38:855][814]LogModuleManager: Shutting down and abandoning module ShaderFormatVectorVM (155)
[2018.11.26-01.07.38:855][814]LogModuleManager: Shutting down and abandoning module ShaderFormatOpenGL (153)
[2018.11.26-01.07.38:855][814]LogModuleManager: Shutting down and abandoning module ShaderFormatD3D (151)
[2018.11.26-01.07.38:855][814]LogModuleManager: Shutting down and abandoning module MetalShaderFormat (149)
[2018.11.26-01.07.38:855][814]LogModuleManager: Shutting down and abandoning module TextureFormatUncompressed (147)
[2018.11.26-01.07.38:855][814]LogModuleManager: Shutting down and abandoning module TextureFormatPVR (145)
[2018.11.26-01.07.38:855][814]LogModuleManager: Shutting down and abandoning module TextureFormatDXT (143)
[2018.11.26-01.07.38:855][814]LogModuleManager: Shutting down and abandoning module TextureFormatIntelISPCTexComp (141)
[2018.11.26-01.07.38:855][814]LogModuleManager: Shutting down and abandoning module TextureFormatASTC (139)
[2018.11.26-01.07.38:855][814]LogModuleManager: Shutting down and abandoning module ImageWrapper (138)
[2018.11.26-01.07.38:855][814]LogModuleManager: Shutting down and abandoning module TextureFormatAndroid (135)
[2018.11.26-01.07.38:855][814]LogModuleManager: Shutting down and abandoning module AudioFormatOpus (133)
[2018.11.26-01.07.38:855][814]LogModuleManager: Shutting down and abandoning module AudioFormatOgg (131)
[2018.11.26-01.07.38:855][814]LogModuleManager: Shutting down and abandoning module AudioFormatADPCM (129)
[2018.11.26-01.07.38:855][814]LogModuleManager: Shutting down and abandoning module LuminTargetPlatform (127)
[2018.11.26-01.07.38:855][814]LogModuleManager: Shutting down and abandoning module LinuxTargetPlatform (125)
[2018.11.26-01.07.38:855][814]LogModuleManager: Shutting down and abandoning module LinuxServerTargetPlatform (123)
[2018.11.26-01.07.38:855][814]LogModuleManager: Shutting down and abandoning module LinuxNoEditorTargetPlatform (121)
[2018.11.26-01.07.38:855][814]LogModuleManager: Shutting down and abandoning module LinuxClientTargetPlatform (119)
[2018.11.26-01.07.38:855][814]LogModuleManager: Shutting down and abandoning module TVOSTargetPlatform (117)
[2018.11.26-01.07.38:855][814]LogModuleManager: Shutting down and abandoning module Messaging (115)
[2018.11.26-01.07.38:855][814]LogModuleManager: Shutting down and abandoning module IOSTargetPlatform (113)
[2018.11.26-01.07.38:856][814]LogModuleManager: Shutting down and abandoning module HTML5TargetPlatform (111)
[2018.11.26-01.07.38:856][814]LogModuleManager: Shutting down and abandoning module AndroidTargetPlatform (109)
[2018.11.26-01.07.38:860][814]LogModuleManager: Shutting down and abandoning module WindowsTargetPlatform (107)
[2018.11.26-01.07.38:860][814]LogModuleManager: Shutting down and abandoning module WindowsServerTargetPlatform (105)
[2018.11.26-01.07.38:860][814]LogModuleManager: Shutting down and abandoning module WindowsNoEditorTargetPlatform (103)
[2018.11.26-01.07.38:860][814]LogModuleManager: Shutting down and abandoning module WindowsClientTargetPlatform (101)
[2018.11.26-01.07.38:860][814]LogModuleManager: Shutting down and abandoning module MacTargetPlatform (99)
[2018.11.26-01.07.38:860][814]LogModuleManager: Shutting down and abandoning module MacServerTargetPlatform (97)
[2018.11.26-01.07.38:860][814]LogModuleManager: Shutting down and abandoning module MacNoEditorTargetPlatform (95)
[2018.11.26-01.07.38:860][814]LogModuleManager: Shutting down and abandoning module MacClientTargetPlatform (93)
[2018.11.26-01.07.38:860][814]LogModuleManager: Shutting down and abandoning module AllDesktopTargetPlatform (91)
[2018.11.26-01.07.38:860][814]LogModuleManager: Shutting down and abandoning module InputCore (88)
[2018.11.26-01.07.38:860][814]LogModuleManager: Shutting down and abandoning module Settings (86)
[2018.11.26-01.07.38:860][814]LogModuleManager: Shutting down and abandoning module PhysXCooking (84)
[2018.11.26-01.07.38:860][814]LogModuleManager: Shutting down and abandoning module SteamVR (82)
[2018.11.26-01.07.38:860][814]LogModuleManager: Shutting down and abandoning module OculusHMD (80)
[2018.11.26-01.07.38:861][814]LogModuleManager: Shutting down and abandoning module ExampleDeviceProfileSelector (78)
[2018.11.26-01.07.38:861][814]LogModuleManager: Shutting down and abandoning module LauncherChunkInstaller (76)
[2018.11.26-01.07.38:861][814]LogModuleManager: Shutting down and abandoning module OnlineBlueprintSupport (74)
[2018.11.26-01.07.38:861][814]LogModuleManager: Shutting down and abandoning module OnlineSubsystem (70)
[2018.11.26-01.07.38:861][814]LogModuleManager: Shutting down and abandoning module XMPP (65)
[2018.11.26-01.07.38:861][814]LogModuleManager: Shutting down and abandoning module WebSockets (64)
[2018.11.26-01.07.38:864][814]LogModuleManager: Shutting down and abandoning module HTTP (61)
[2018.11.26-01.07.38:864][814]LogHttp: Display: Http module shutting down, but needs to wait on 1 outstanding Http requests:
[2018.11.26-01.07.38:864][814]LogHttp: Display: 	verb=[POST] url=[https://datarouter.ol.epicgames.com/datarouter/api/v1/public/data?SessionID=%7B743AA467-49C8-B900-1D7E-2887BC68C246%7D&AppID=UEEditor.Rocket.Release&AppVersion=4.20.3-4369336%2B%2B%2BUE4%2BRelease-4.20&UserID=f7245a714475df0da56640a24cdfe704%7Ccc3c07623d2f4874abe0ae53f80dc37e%7Cf07df836-d0d7-4e14-b834-7ee2da16fd21&AppEnvironment=datacollector-binary&UploadType=eteventstream] status=Processing
[2018.11.26-01.07.38:885][814]LogModuleManager: Shutting down and abandoning module SSL (60)
[2018.11.26-01.07.38:885][814]LogModuleManager: Shutting down and abandoning module MagicLeapEmulator (56)
[2018.11.26-01.07.38:885][814]LogModuleManager: Shutting down and abandoning module MagicLeapPrivileges (54)
[2018.11.26-01.07.38:885][814]LogModuleManager: Shutting down and abandoning module MagicLeapIdentity (52)
[2018.11.26-01.07.38:885][814]LogModuleManager: Shutting down and abandoning module MagicLeapHelperVulkan (50)
[2018.11.26-01.07.38:885][814]LogModuleManager: Shutting down and abandoning module MagicLeapHelperOpenGL (48)
[2018.11.26-01.07.38:885][814]LogModuleManager: Shutting down and abandoning module MagicLeapSecureStorage (46)
[2018.11.26-01.07.38:885][814]LogModuleManager: Shutting down and abandoning module MagicLeapGestures (44)
[2018.11.26-01.07.38:885][814]LogModuleManager: Shutting down and abandoning module MagicLeapEyeTracker (42)
[2018.11.26-01.07.38:885][814]LogModuleManager: Shutting down and abandoning module MagicLeapController (40)
[2018.11.26-01.07.38:886][814]LogSlate: Slate User Destroyed.  User Index 0, Is Virtual User: 0
[2018.11.26-01.07.38:886][814]LogModuleManager: Shutting down and abandoning module MagicLeap (38)
[2018.11.26-01.07.38:886][814]LogModuleManager: Shutting down and abandoning module AnimationModifiers (36)
[2018.11.26-01.07.38:886][814]LogModuleManager: Shutting down and abandoning module PropertyEditor (35)
[2018.11.26-01.07.38:886][814]LogModuleManager: Shutting down and abandoning module AudioEditor (32)
[2018.11.26-01.07.38:886][814]LogModuleManager: Shutting down and abandoning module TextureCompressor (30)
[2018.11.26-01.07.38:886][814]LogModuleManager: Shutting down and abandoning module ShaderCore (28)
[2018.11.26-01.07.38:886][814]LogModuleManager: Shutting down and abandoning module Landscape (26)
[2018.11.26-01.07.38:886][814]LogModuleManager: Shutting down and abandoning module SlateRHIRenderer (24)
[2018.11.26-01.07.38:886][814]LogModuleManager: Shutting down and abandoning module OpenGLDrv (22)
[2018.11.26-01.07.38:886][814]LogModuleManager: Shutting down and abandoning module D3D11RHI (20)
[2018.11.26-01.07.38:886][814]LogModuleManager: Shutting down and abandoning module AnimGraphRuntime (18)
[2018.11.26-01.07.38:886][814]LogModuleManager: Shutting down and abandoning module Renderer (16)
[2018.11.26-01.07.38:886][814]LogModuleManager: Shutting down and abandoning module Engine (14)
[2018.11.26-01.07.38:886][814]LogModuleManager: Shutting down and abandoning module CoreUObject (12)
[2018.11.26-01.07.38:886][814]LogModuleManager: Shutting down and abandoning module NetworkFile (10)
[2018.11.26-01.07.38:886][814]LogModuleManager: Shutting down and abandoning module CookedIterativeFile (8)
[2018.11.26-01.07.38:886][814]LogModuleManager: Shutting down and abandoning module StreamingFile (6)
[2018.11.26-01.07.38:886][814]LogModuleManager: Shutting down and abandoning module SandboxFile (4)
[2018.11.26-01.07.38:886][814]LogModuleManager: Shutting down and abandoning module PakFile (2)
[2018.11.26-01.07.38:891][814]LogExit: Exiting.
[2018.11.26-01.07.38:893][814]Log file closed, 11/25/18 20:07:38
