Log file open, 05/02/19 15:01:30
LogWindows: Failed to load 'aqProf.dll' (GetLastError=126)
LogWindows: File 'aqProf.dll' does not exist
LogWindows: Failed to load 'VSPerf140.dll' (GetLastError=126)
LogWindows: File 'VSPerf140.dll' does not exist
LogWindows: Failed to load 'VtuneApi.dll' (GetLastError=126)
LogWindows: File 'VtuneApi.dll' does not exist
LogWindows: Failed to load 'VtuneApi32e.dll' (GetLastError=126)
LogWindows: File 'VtuneApi32e.dll' does not exist
LogInit: Display: Running engine for game: Dinochan_v001
LogPlatformFile: Not using cached read wrapper
LogTaskGraph: Started task graph with 5 named threads and 47 total threads with 3 sets of task threads.
LogStats: Stats thread started at 0.564233
LogD3D11RHI: Loaded GFSDK_Aftermath_Lib.x64.dll
LogICUInternationalization: Display: ICU TimeZone Detection - Raw Offset: -5:00, Platform Override: ''
LogPluginManager: Mounting plugin Paper2D
LogPluginManager: Mounting plugin AISupport
LogPluginManager: Mounting plugin LightPropagationVolume
LogPluginManager: Mounting plugin CLionSourceCodeAccess
LogPluginManager: Mounting plugin CodeLiteSourceCodeAccess
LogPluginManager: Mounting plugin GitSourceControl
LogPluginManager: Mounting plugin KDevelopSourceCodeAccess
LogPluginManager: Mounting plugin NullSourceCodeAccess
LogPluginManager: Mounting plugin PerforceSourceControl
LogPluginManager: Mounting plugin SubversionSourceControl
LogPluginManager: Mounting plugin UObjectPlugin
LogPluginManager: Mounting plugin VisualStudioCodeSourceCodeAccess
LogPluginManager: Mounting plugin VisualStudioSourceCodeAccess
LogPluginManager: Mounting plugin XCodeSourceCodeAccess
LogPluginManager: Mounting plugin AssetManagerEditor
LogPluginManager: Mounting plugin CryptoKeys
LogPluginManager: Mounting plugin DataValidation
LogPluginManager: Mounting plugin FacialAnimation
LogPluginManager: Mounting plugin GameplayTagsEditor
LogPluginManager: Mounting plugin MacGraphicsSwitching
LogPluginManager: Mounting plugin MeshEditor
LogPluginManager: Mounting plugin MobileLauncherProfileWizard
LogPluginManager: Mounting plugin PluginBrowser
LogPluginManager: Mounting plugin SpeedTreeImporter
LogPluginManager: Mounting plugin DatasmithContent
LogPluginManager: Mounting plugin AlembicImporter
LogPluginManager: Mounting plugin AppleImageUtils
LogPluginManager: Mounting plugin AppleVision
LogPluginManager: Mounting plugin BackChannel
LogPluginManager: Mounting plugin CharacterAI
LogPluginManager: Mounting plugin GeometryCache
LogPluginManager: Mounting plugin HTML5Networking
LogPluginManager: Mounting plugin ProxyLODPlugin
LogPluginManager: Mounting plugin MagicLeap
LogPluginManager: Mounting plugin MagicLeapEmulator
LogPluginManager: Mounting plugin MagicLeapMedia
LogPluginManager: Mounting plugin AndroidMedia
LogPluginManager: Mounting plugin AvfMedia
LogPluginManager: Mounting plugin ImgMedia
LogPluginManager: Mounting plugin LinearTimecode
LogPluginManager: Mounting plugin MediaCompositing
LogPluginManager: Mounting plugin MediaPlayerEditor
LogPluginManager: Mounting plugin WmfMedia
LogPluginManager: Mounting plugin TcpMessaging
LogPluginManager: Mounting plugin UdpMessaging
LogPluginManager: Mounting plugin ActorSequence
LogPluginManager: Mounting plugin LevelSequenceEditor
LogPluginManager: Mounting plugin MatineeToLevelSequence
LogPluginManager: Mounting plugin NetcodeUnitTest
LogPluginManager: Mounting plugin NUTUnrealEngine4
LogPluginManager: Mounting plugin OnlineSubsystemGooglePlay
LogPluginManager: Mounting plugin OnlineSubsystemIOS
LogPluginManager: Mounting plugin OnlineSubsystem
LogPluginManager: Mounting plugin OnlineSubsystemNull
LogPluginManager: Mounting plugin OnlineSubsystemUtils
LogPluginManager: Mounting plugin LauncherChunkInstaller
LogPluginManager: Mounting plugin AndroidDeviceProfileSelector
LogPluginManager: Mounting plugin AndroidMoviePlayer
LogPluginManager: Mounting plugin AndroidPermission
LogPluginManager: Mounting plugin AppleMoviePlayer
LogPluginManager: Mounting plugin ArchVisCharacter
LogPluginManager: Mounting plugin AudioCapture
LogPluginManager: Mounting plugin CableComponent
LogPluginManager: Mounting plugin CustomMeshComponent
LogPluginManager: Mounting plugin EditableMesh
LogPluginManager: Mounting plugin ExampleDeviceProfileSelector
LogPluginManager: Mounting plugin GoogleCloudMessaging
LogPluginManager: Mounting plugin ImmediatePhysics
LogPluginManager: Mounting plugin IOSDeviceProfileSelector
LogPluginManager: Mounting plugin LinuxDeviceProfileSelector
LogPluginManager: Mounting plugin LocationServicesBPLibrary
LogPluginManager: Mounting plugin MobilePatchingUtils
LogPluginManager: Mounting plugin OculusVR
LogPluginManager: Plugin shader directory ../../../Engine/Plugins/Runtime/Oculus/OculusVR/Shaders found
LogPluginManager: Mapping shader source directory ../../../Engine/Plugins/Runtime/Oculus/OculusVR/Shaders to virtual directory /Plugin/OculusVR
LogPluginManager: Mounting plugin PhysXVehicles
LogPluginManager: Mounting plugin ProceduralMeshComponent
LogPluginManager: Mounting plugin RuntimePhysXCooking
LogPluginManager: Mounting plugin SteamVR
LogPluginManager: Mounting plugin WindowsMoviePlayer
LogStreaming: Display: Took  0.060s to configure plugins.
LogInit: Using libcurl 7.55.1-DEV
LogInit:  - built for x86_64-pc-win32
LogInit:  - supports SSL with OpenSSL/1.0.2h
LogInit:  - supports HTTP deflate (compression) using libz 1.2.8
LogInit:  - other features:
LogInit:      CURL_VERSION_SSL
LogInit:      CURL_VERSION_LIBZ
LogInit:      CURL_VERSION_IPV6
LogInit:      CURL_VERSION_ASYNCHDNS
LogInit:      CURL_VERSION_LARGEFILE
LogInit:      CURL_VERSION_IDN
LogInit:  CurlRequestOptions (configurable via config and command line):
LogInit:  - bVerifyPeer = false  - Libcurl will NOT verify peer certificate
LogInit:  - bUseHttpProxy = false  - Libcurl will NOT use HTTP proxy
LogInit:  - bDontReuseConnections = false  - Libcurl will reuse connections
LogInit:  - CertBundlePath = nullptr  - Libcurl will use whatever was configured at build time.
LogInit:  - MaxHostConnections = 16  - Libcurl will limit the number of connections to a host
LogInit:  - LocalHostAddr = Default
LogInit:  - BufferSize = 65536
LogInit: WinSock: version 1.1 (2.2), MaxSocks=32767, MaxUdp=65467
LogInit: Build: ++UE4+Release-4.20-CL-4233996
LogInit: Engine Version: 4.20.1-4233996+++UE4+Release-4.20
LogInit: Compatible Engine Version: 4.20.0-4212847+++UE4+Release-4.20
LogInit: Net CL: 4212847
LogInit: OS: Windows 10 (), CPU: Intel(R) Xeon(R) CPU E5-2630 v3 @ 2.40GHz, GPU: NVIDIA Quadro K4200
LogInit: Compiled (64-bit): Jul 26 2018 10:07:30
LogInit: Compiled with Visual C++: 19.13.26129.00
LogInit: Build Configuration: Development
LogInit: Branch Name: ++UE4+Release-4.20
LogInit: Command Line:  /Game/_Maps/SharedLevel/Persistant_Empty -game -PIEVIACONSOLE -ResX=1280 -ResY=720  -Multiprocess -messaging -SessionName="Play in Standalone Game" -nosound -windowed 
LogInit: Base Directory: C:/Program Files/Epic Games/UE_4.20/Engine/Binaries/Win64/
LogInit: Installed Engine Build: 1
LogDevObjectVersion: Number of dev versions registered: 20
LogDevObjectVersion:   Dev-Blueprints (B0D832E4-1F89-4F0D-ACCF-7EB736FD4AA2): 10
LogDevObjectVersion:   Dev-Build (E1C64328-A22C-4D53-A36C-8E866417BD8C): 0
LogDevObjectVersion:   Dev-Core (375EC13C-06E4-48FB-B500-84F0262A717E): 2
LogDevObjectVersion:   Dev-Editor (E4B068ED-F494-42E9-A231-DA0B2E46BB41): 24
LogDevObjectVersion:   Dev-Framework (CFFC743F-43B0-4480-9391-14DF171D2073): 34
LogDevObjectVersion:   Dev-Mobile (B02B49B5-BB20-44E9-A304-32B752E40360): 2
LogDevObjectVersion:   Dev-Networking (A4E4105C-59A1-49B5-A7C5-40C4547EDFEE): 0
LogDevObjectVersion:   Dev-Online (39C831C9-5AE6-47DC-9A44-9C173E1C8E7C): 0
LogDevObjectVersion:   Dev-Physics (78F01B33-EBEA-4F98-B9B4-84EACCB95AA2): 0
LogDevObjectVersion:   Dev-Platform (6631380F-2D4D-43E0-8009-CF276956A95A): 0
LogDevObjectVersion:   Dev-Rendering (12F88B9F-8875-4AFC-A67C-D90C383ABD29): 26
LogDevObjectVersion:   Dev-Sequencer (7B5AE74C-D270-4C10-A958-57980B212A5A): 9
LogDevObjectVersion:   Dev-VR (D7296918-1DD6-4BDD-9DE2-64A83CC13884): 2
LogDevObjectVersion:   Dev-LoadTimes (C2A15278-BFE7-4AFE-6C17-90FF531DF755): 1
LogDevObjectVersion:   Private-Geometry (6EACA3D4-40EC-4CC1-B786-8BED09428FC5): 3
LogDevObjectVersion:   Dev-AnimPhys (29E575DD-E0A3-4627-9D10-D276232CDCEA): 17
LogDevObjectVersion:   Dev-ReflectionCapture (6B266CEC-1EC7-4B8F-A30B-E4D90942FC07): 1
LogDevObjectVersion:   Dev-Automation (0DF73D61-A23F-47EA-B727-89E90C41499A): 1
LogDevObjectVersion:   FortniteMain (601D1886-AC64-4F84-AA16-D3DE0DEAC7D6): 12
LogDevObjectVersion:   Dev-Enterprise (9DFFBCD6-494F-0158-E221-12823C92A888): 1
LogStreaming: Display: Took  0.007s to delete old logs.
LogInit: Presizing for max 8388607 objects, including 0 objects not considered by GC, pre-allocating 0 bytes for permanent pool.
LogInit: Object subsystem initialized
[2019.05.02-19.01.31:199][  0]LogInit: Selected Device Profile: [Windows]
[2019.05.02-19.01.31:199][  0]LogInit: Applying CVar settings loaded from the selected device profile: [Windows]
[2019.05.02-19.01.31:204][  0]LogHAL: Display: Platform has ~ 32 GB [34262499328 / 34359738368 / 32], which maps to Largest [LargestMinGB=32, LargerMinGB=12, DefaultMinGB=8, SmallerMinGB=6, SmallestMinGB=0)
[2019.05.02-19.01.31:204][  0]LogInit: Setting Device Profile CVar: [[r.Vulkan.UseRealUBs:1]]
[2019.05.02-19.01.31:204][  0]LogInit: Going up to parent DeviceProfile []
[2019.05.02-19.01.31:204][  0]LogInit: Computer: ATC-172-19
[2019.05.02-19.01.31:204][  0]LogInit: User: modderd1
[2019.05.02-19.01.31:204][  0]LogInit: CPU Page size=4096, Cores=8
[2019.05.02-19.01.31:204][  0]LogInit: High frequency timer resolution =2.338339 MHz
[2019.05.02-19.01.31:205][  0]LogMemory: Memory total: Physical=31.9GB (32GB approx)
[2019.05.02-19.01.31:205][  0]LogMemory: Platform Memory Stats for Windows
[2019.05.02-19.01.31:205][  0]LogMemory: Process Physical Memory: 103.73 MB used, 103.73 MB peak
[2019.05.02-19.01.31:205][  0]LogMemory: Process Virtual Memory: 99.47 MB used, 99.47 MB peak
[2019.05.02-19.01.31:205][  0]LogMemory: Physical Memory: 9630.88 MB used,  23044.38 MB free, 32675.27 MB total
[2019.05.02-19.01.31:205][  0]LogMemory: Virtual Memory: 589.79 MB used,  23044.38 MB free, 134217728.00 MB total
[2019.05.02-19.01.31:237][  0]LogInit: Using OS detected language (en-US).
[2019.05.02-19.01.31:237][  0]LogInit: Using OS detected locale (en-US).
[2019.05.02-19.01.31:238][  0]LogTextLocalizationManager: No specific localization for 'en-US' exists, so the 'en' localization will be used.
[2019.05.02-19.01.31:746][  0]LogStreaming: Display: Took  0.509s to InitEngineTextLocalization.
[2019.05.02-19.01.31:783][  0]LogSlate: New Slate User Created.  User Index 0, Is Virtual User: 0
[2019.05.02-19.01.31:783][  0]LogSlate: Slate User Registered.  User Index 0, Is Virtual User: 0
[2019.05.02-19.01.31:799][  0]LogHMD: Failed to initialize OpenVR with code 110
[2019.05.02-19.01.31:799][  0]LogD3D11RHI: D3D11 adapters:
[2019.05.02-19.01.31:862][  0]LogD3D11RHI:    0. 'NVIDIA Quadro K4200' (Feature Level 11_0)
[2019.05.02-19.01.31:862][  0]LogD3D11RHI:       4052/0/16337 MB DedicatedVideo/DedicatedSystem/SharedSystem, Outputs:2, VendorId:0x10de
[2019.05.02-19.01.31:865][  0]LogD3D11RHI:    1. 'Microsoft Basic Render Driver' (Feature Level 11_0)
[2019.05.02-19.01.31:865][  0]LogD3D11RHI:       0/0/16337 MB DedicatedVideo/DedicatedSystem/SharedSystem, Outputs:0, VendorId:0x1414
[2019.05.02-19.01.31:865][  0]LogD3D11RHI: Chosen D3D11 Adapter: 0
[2019.05.02-19.01.31:873][  0]LogD3D11RHI: Creating new Direct3DDevice
[2019.05.02-19.01.31:873][  0]LogD3D11RHI:     GPU DeviceId: 0x11b4 (for the marketing name, search the web for "GPU Device Id")
[2019.05.02-19.01.31:873][  0]LogWindows: EnumDisplayDevices:
[2019.05.02-19.01.31:873][  0]LogWindows:    0. 'NVIDIA Quadro K4200' (P:1 D:1)
[2019.05.02-19.01.31:873][  0]LogWindows:    1. 'NVIDIA Quadro K4200' (P:0 D:1)
[2019.05.02-19.01.31:874][  0]LogWindows:    2. 'NVIDIA Quadro K4200' (P:0 D:0)
[2019.05.02-19.01.31:874][  0]LogWindows:    3. 'NVIDIA Quadro K4200' (P:0 D:0)
[2019.05.02-19.01.31:874][  0]LogWindows: DebugString: FoundDriverCount:4 
[2019.05.02-19.01.31:874][  0]LogD3D11RHI:     Adapter Name: NVIDIA Quadro K4200
[2019.05.02-19.01.31:874][  0]LogD3D11RHI:   Driver Version: 397.93 (internal:24.21.13.9793, unified:397.93)
[2019.05.02-19.01.31:874][  0]LogD3D11RHI:      Driver Date: 5-22-2018
[2019.05.02-19.01.31:874][  0]LogRHI: Texture pool is 2836 MB (70% of 4052 MB)
[2019.05.02-19.01.31:928][  0]LogD3D11RHI: Async texture creation enabled
[2019.05.02-19.01.31:952][  0]LogD3D11RHI: GPU Timing Frequency: 1000.000000 (Debug: 2 2)
[2019.05.02-19.01.31:955][  0]LogShaderCompilers: Guid format shader working directory is -24 characters bigger than the processId version (../../../../../../Users/modderd1/Desktop/Dinochan/Dinochan_v001_UE4.20.3/Intermediate/Shaders/WorkingDirectory/11692/).
[2019.05.02-19.01.31:955][  0]LogShaderCompilers: Cleaned the shader compiler working directory 'C:/Users/modderd1/AppData/Local/Temp/UnrealShaderWorkingDir/6405DF284EE78F87BFB3C886E152B32E/'.
[2019.05.02-19.01.32:247][  0]LogTemp: Display: Loaded TP WindowsClientTargetPlatform
[2019.05.02-19.01.32:265][  0]LogTemp: Display: Loaded TP WindowsNoEditorTargetPlatform
[2019.05.02-19.01.32:284][  0]LogTemp: Display: Loaded TP WindowsServerTargetPlatform
[2019.05.02-19.01.32:303][  0]LogTemp: Display: Loaded TP WindowsTargetPlatform
[2019.05.02-19.01.32:303][  0]LogTargetPlatformManager: Display: Building Assets For Windows
[2019.05.02-19.01.32:386][  0]LogXGEController: Cannot use XGE Controller as Incredibuild is not installed on this machine.
[2019.05.02-19.01.32:386][  0]LogShaderCompilers: Cannot use XGE Shader Compiler as Incredibuild is not installed on this machine.
[2019.05.02-19.01.32:386][  0]LogShaderCompilers: Display: Using Local Shader Compiler.
[2019.05.02-19.01.33:515][  0]LogDerivedDataCache: Display: Max Cache Size: 512 MB
[2019.05.02-19.01.33:587][  0]LogDerivedDataCache: Loaded boot cache 0.07s 71MB C:/Users/modderd1/AppData/Local/UnrealEngine/4.20/DerivedDataCache/Boot.ddc.
[2019.05.02-19.01.33:587][  0]LogDerivedDataCache: Display: Loaded Boot cache: C:/Users/modderd1/AppData/Local/UnrealEngine/4.20/DerivedDataCache/Boot.ddc
[2019.05.02-19.01.33:587][  0]LogDerivedDataCache: FDerivedDataBackendGraph:  Pak pak cache file ../../../../../../Users/modderd1/Desktop/Dinochan/Dinochan_v001_UE4.20.3/DerivedDataCache/DDC.ddp not found, will not use a pak cache.
[2019.05.02-19.01.33:587][  0]LogDerivedDataCache: Unable to find inner node Pak for hierarchical cache Hierarchy.
[2019.05.02-19.01.33:587][  0]LogDerivedDataCache: FDerivedDataBackendGraph:  CompressedPak pak cache file ../../../../../../Users/modderd1/Desktop/Dinochan/Dinochan_v001_UE4.20.3/DerivedDataCache/Compressed.ddp not found, will not use a pak cache.
[2019.05.02-19.01.33:588][  0]LogDerivedDataCache: Unable to find inner node CompressedPak for hierarchical cache Hierarchy.
[2019.05.02-19.01.33:608][  0]LogDerivedDataCache: Display: Pak cache opened for reading ../../../Engine/DerivedDataCache/Compressed.ddp.
[2019.05.02-19.01.33:621][  0]LogDerivedDataCache: Using Local data cache path C:/Users/modderd1/AppData/Local/UnrealEngine/Common/DerivedDataCache: Writable
[2019.05.02-19.01.33:621][  0]LogDerivedDataCache: Shared data cache path not found in *engine.ini, will not use an Shared cache.
[2019.05.02-19.01.33:621][  0]LogDerivedDataCache: Unable to find inner node Shared for hierarchical cache Hierarchy.
[2019.05.02-19.01.33:664][  0]LogMaterial: Verifying Global Shaders for PCD3D_SM5
[2019.05.02-19.01.33:666][  0]LogSlate: Using FreeType 2.6.0
[2019.05.02-19.01.33:666][  0]LogSlate: SlateFontServices - WITH_FREETYPE: 1, WITH_HARFBUZZ: 1
[2019.05.02-19.01.33:739][  0]LogInit: Using OS detected language (en-US).
[2019.05.02-19.01.33:739][  0]LogInit: Using OS detected locale (en-US).
[2019.05.02-19.01.33:739][  0]LogTextLocalizationManager: No localization for 'en-US' exists, so 'en' will be used for the language.
[2019.05.02-19.01.33:739][  0]LogTextLocalizationManager: No localization for 'en-US' exists, so 'en' will be used for the locale.
[2019.05.02-19.01.34:165][  0]LogStreaming: Display: Took  0.426s to InitGameTextLocalization.
[2019.05.02-19.01.34:180][  0]LogAssetRegistry: FAssetRegistry took 0.0100 seconds to start up
[2019.05.02-19.01.34:476][  0]LogPackageLocalizationCache: Processed 11 localized package path(s) for 1 prioritized culture(s) in 0.012809 seconds
[2019.05.02-19.01.34:649][  0]LogInit: Selected Device Profile: [Windows]
[2019.05.02-19.01.34:826][  0]LogSimplygon: Simplygon DLL not present - disabling.
[2019.05.02-19.01.34:830][  0]LogMeshReduction: Using SimplygonSwarm for distributed automatic mesh merging
[2019.05.02-19.01.34:830][  0]LogMeshReduction: Using ProxyLODMeshReduction for automatic mesh merging
[2019.05.02-19.01.34:830][  0]LogMeshReduction: Using QuadricMeshReduction for automatic static mesh reduction
[2019.05.02-19.01.34:830][  0]LogMeshReduction: No automatic skeletal mesh reduction module available
[2019.05.02-19.01.34:862][  0]LogNetVersion: Dinochan_v001 1.0.0, NetCL: 4212847, EngineNetVer: 5, GameNetVer: 0 (Checksum: 2574802920)
[2019.05.02-19.01.35:535][  0]LogMoviePlayer: Initializing movie player
[2019.05.02-19.01.35:759][  0]LogTcpMessaging: Initializing TcpMessaging bridge
[2019.05.02-19.01.35:772][  0]LogUdpMessaging: Initializing bridge on interface 0.0.0.0:0 to multicast group 230.0.0.1:6666.
[2019.05.02-19.01.35:885][  0]SourceControl: Source control is disabled
[2019.05.02-19.01.35:885][  0]SourceControl: Source control is disabled
[2019.05.02-19.01.35:886][  0]SourceControl: Source control is disabled
[2019.05.02-19.01.36:020][  0]LogAndroidPermission: UAndroidPermissionCallbackProxy::GetInstance
[2019.05.02-19.01.36:079][  0]LogOcInput: OculusInput pre-init called
[2019.05.02-19.01.36:090][  0]LogUObjectArray: 42168 objects as part of root set at end of initial load.
[2019.05.02-19.01.36:090][  0]LogUObjectAllocator: 7432344 out of 0 bytes used by permanent object pool.
[2019.05.02-19.01.36:090][  0]LogUObjectArray: CloseDisregardForGC: 0/0 objects in disregard for GC pool
[2019.05.02-19.01.36:172][  0]LogEngine: Initializing Engine...
[2019.05.02-19.01.36:173][  0]LogHMD: Failed to initialize OpenVR with code 110
[2019.05.02-19.01.36:186][  0]LogStats: UGameplayTagsManager::ConstructGameplayTagTree: ImportINI prefixes -  0.000 s
[2019.05.02-19.01.36:186][  0]LogStats: UGameplayTagsManager::ConstructGameplayTagTree: Construct from data asset -  0.000 s
[2019.05.02-19.01.36:186][  0]LogStats: UGameplayTagsManager::ConstructGameplayTagTree: ImportINI -  0.000 s
[2019.05.02-19.01.36:186][  0]LogStats: UGameplayTagsManager::ConstructGameplayTagTree: GameplayTagTreeChangedEvent.Broadcast -  0.000 s
[2019.05.02-19.01.36:459][  0]LogInit: Initializing FReadOnlyCVARCache
[2019.05.02-19.01.36:459][  0]LogNetVersion: Set ProjectVersion to 1.0.0.0. Version Checksum will be recalculated on next use.
[2019.05.02-19.01.36:466][  0]LogInit: Texture streaming: Enabled
[2019.05.02-19.01.36:670][  0]LogSlate: Updating window title bar state: overlay mode, drag disabled, window buttons hidden, title bar hidden
[2019.05.02-19.01.36:671][  0]LogInit: Display: Game Engine Initialized.
[2019.05.02-19.01.36:671][  0]LogGameplayTags: Display: UGameplayTagsManager::DoneAddingNativeTags. DelegateIsBound: 0
[2019.05.02-19.01.36:671][  0]LogStats: UGameplayTagsManager::ConstructGameplayTagTree: ImportINI prefixes -  0.000 s
[2019.05.02-19.01.36:671][  0]LogStats: UGameplayTagsManager::ConstructGameplayTagTree: Construct from data asset -  0.000 s
[2019.05.02-19.01.36:671][  0]LogStats: UGameplayTagsManager::ConstructGameplayTagTree: ImportINI -  0.000 s
[2019.05.02-19.01.36:671][  0]LogStats: UGameplayTagsManager::ConstructGameplayTagTree: GameplayTagTreeChangedEvent.Broadcast -  0.000 s
[2019.05.02-19.01.36:697][  0]LogInit: Display: Starting Game.
[2019.05.02-19.01.36:697][  0]LogNet: Browse: /Game/_Maps/SharedLevel/Persistant_Empty?Name=Player
[2019.05.02-19.01.36:697][  0]LogLoad: LoadMap: /Game/_Maps/SharedLevel/Persistant_Empty?Name=Player
[2019.05.02-19.01.37:553][  0]LogAIModule: Creating AISystem for world Persistant_Empty
[2019.05.02-19.01.37:689][  0]LogLoad: Game class is 'ThirdPersonGameMode_C'
[2019.05.02-19.01.37:689][  0]LogStreaming: Display: ULevelStreaming::RequestLevel(/Game/_Maps/SharedLevel/AssetLevel) is flushing async loading
[2019.05.02-19.01.37:689][  0]LogStreaming: Display: Flushing async loaders.
[2019.05.02-19.01.38:229][  0]LogStreaming: Display: ULevelStreaming::RequestLevel(/Game/_Maps/SharedLevel/Cine_Level) is flushing async loading
[2019.05.02-19.01.39:372][  0]LogStreaming: Display: ULevelStreaming::RequestLevel(/Game/_Maps/SharedLevel/BP_Level) is flushing async loading
[2019.05.02-19.01.39:648][  0]LogWorld: Bringing World /Game/_Maps/SharedLevel/Persistant_Empty.Persistant_Empty up for play (max tick rate 0) at 2019.05.02-15.01.39
[2019.05.02-19.01.39:745][  0]LogWorld: Bringing up level for play took: 0.101218
[2019.05.02-19.01.39:750][  0]LogBlueprintUserMessages: [ThirdPersonCharacter_C_0] Translation: X=-2721.107 Y=3390.170 Z=1129.727 Rotation: P=0.000000 Y=-110.322670 R=0.000000 Scale X=1.000 Y=1.000 Z=1.000
[2019.05.02-19.01.39:751][  0]LogLoad: Took 3.054380 seconds to LoadMap(/Game/_Maps/SharedLevel/Persistant_Empty)
[2019.05.02-19.01.39:878][  0]LogRenderer: Reallocating scene render targets to support 1280x720 Format 10 NumSamples 1 (Frame:1).
[2019.05.02-19.01.39:878][  0]LogLoad: (Engine Initialization) Total time: 11.13 seconds
[2019.05.02-19.01.39:878][  0]LogLoad: (Engine Initialization) Total Blueprint compile time: 0.00 seconds
[2019.05.02-19.01.39:996][  0]LogWindowsTextInputMethodSystem: Display: IME system now deactivated.
[2019.05.02-19.01.40:001][  0]LogContentStreaming: Texture pool size now 3000 MB
[2019.05.02-19.01.41:365][ 78]LogBlueprintUserMessages: [ThirdPersonCharacter_C_0] Translation: X=-2535.665 Y=3125.145 Z=1129.727 Rotation: P=0.000000 Y=-27.999805 R=0.000000 Scale X=1.000 Y=1.000 Z=1.000
[2019.05.02-19.01.42:381][141]LogBlueprintUserMessages: [ThirdPersonCharacter_C_0] Translation: X=-1968.586 Y=2908.245 Z=1129.889 Rotation: P=0.000000 Y=-16.224075 R=0.000000 Scale X=1.000 Y=1.000 Z=1.000
[2019.05.02-19.01.44:526][274]LogBlueprintUserMessages: [ThirdPersonCharacter_C_0] Translation: X=-1131.598 Y=1980.393 Z=1137.816 Rotation: P=0.000000 Y=-58.828777 R=0.000000 Scale X=1.000 Y=1.000 Z=1.000
[2019.05.02-19.01.45:204][316]LogBlueprintUserMessages: [ThirdPersonCharacter_C_0] Translation: X=-904.289 Y=1639.971 Z=1252.237 Rotation: P=0.000000 Y=-37.609417 R=0.000000 Scale X=1.000 Y=1.000 Z=1.000
[2019.05.02-19.01.46:189][377]LogBlueprintUserMessages: [ThirdPersonCharacter_C_0] Translation: X=-827.765 Y=1567.469 Z=1254.427 Rotation: P=0.000000 Y=-43.539547 R=0.000000 Scale X=1.000 Y=1.000 Z=1.000
[2019.05.02-19.01.46:721][410]LogBlueprintUserMessages: [ThirdPersonCharacter_C_0] Translation: X=-668.753 Y=1416.960 Z=1383.577 Rotation: P=0.000000 Y=-43.539547 R=0.000000 Scale X=1.000 Y=1.000 Z=1.000
[2019.05.02-19.01.52:585][773]LogBlueprintUserMessages: [ThirdPersonCharacter_C_0] Translation: X=-536.890 Y=1334.222 Z=1366.302 Rotation: P=0.000000 Y=-32.602013 R=0.000000 Scale X=1.000 Y=1.000 Z=1.000
[2019.05.02-19.01.53:150][808]LogBlueprintUserMessages: [ThirdPersonCharacter_C_0] Translation: X=-268.741 Y=1141.605 Z=1508.111 Rotation: P=0.000000 Y=-59.097267 R=0.000000 Scale X=1.000 Y=1.000 Z=1.000
[2019.05.02-19.01.59:376][194]LogBlueprintUserMessages: [ThirdPersonCharacter_C_0] Translation: X=-225.856 Y=1008.701 Z=1616.549 Rotation: P=0.000000 Y=-85.241692 R=0.000000 Scale X=1.000 Y=1.000 Z=1.000
[2019.05.02-19.01.59:927][228]LogBlueprintUserMessages: [ThirdPersonCharacter_C_0] Translation: X=-208.685 Y=744.037 Z=1745.516 Rotation: P=0.000000 Y=-85.241692 R=0.000000 Scale X=1.000 Y=1.000 Z=1.000
[2019.05.02-19.02.00:264][249]LogBlueprintUserMessages: [ThirdPersonCharacter_C_0] Translation: X=-201.274 Y=603.843 Z=1734.489 Rotation: P=0.000000 Y=-85.241692 R=0.000000 Scale X=1.000 Y=1.000 Z=1.000
[2019.05.02-19.02.02:505][388]LogScript: Warning: Script Msg: Attempted to access index 0 from array 'CurrentMenu' of length 0 in '/Game/_Blueprints/Ruben_Blueprint/menucontroller.MenuController_C'!
[2019.05.02-19.02.02:844][409]LogBlueprintUserMessages: [ThirdPersonCharacter_C_0] Translation: X=-269.356 Y=-44.916 Z=268.286 Rotation: P=0.000000 Y=-116.875046 R=0.000000 Scale X=1.000 Y=1.000 Z=1.000
[2019.05.02-19.02.02:844][409]LogBlueprintUserMessages: [ThirdPersonCharacter_C_0] Translation: X=-269.356 Y=-44.916 Z=268.286 Rotation: P=0.000000 Y=-116.875046 R=0.000000 Scale X=1.000 Y=1.000 Z=1.000
[2019.05.02-19.02.04:186][492]LogBlueprintUserMessages: [KillPlane_2] you ded
[2019.05.02-19.02.04:670][522]LogBlueprintUserMessages: [ThirdPersonCharacter_C_1] Translation: X=-2721.107 Y=3390.170 Z=1129.727 Rotation: P=0.000000 Y=-110.322685 R=0.000000 Scale X=1.000 Y=1.000 Z=1.000
[2019.05.02-19.02.06:768][652]LogBlueprintUserMessages: [ThirdPersonCharacter_C_1] Translation: X=-2337.936 Y=3099.882 Z=1129.727 Rotation: P=0.000000 Y=-24.557261 R=0.000000 Scale X=1.000 Y=1.000 Z=1.000
[2019.05.02-19.02.07:784][715]LogBlueprintUserMessages: [ThirdPersonCharacter_C_1] Translation: X=-1809.498 Y=2792.265 Z=1129.889 Rotation: P=0.000000 Y=-40.590080 R=0.000000 Scale X=1.000 Y=1.000 Z=1.000
[2019.05.02-19.02.09:414][816]LogBlueprintUserMessages: [ThirdPersonCharacter_C_1] Translation: X=-1182.281 Y=2053.587 Z=1129.889 Rotation: P=0.000000 Y=-53.476902 R=0.000000 Scale X=1.000 Y=1.000 Z=1.000
[2019.05.02-19.02.10:027][854]LogBlueprintUserMessages: [ThirdPersonCharacter_C_1] Translation: X=-960.788 Y=1754.521 Z=1253.412 Rotation: P=0.000000 Y=-53.476902 R=0.000000 Scale X=1.000 Y=1.000 Z=1.000
[2019.05.02-19.02.10:365][875]LogBlueprintUserMessages: [ThirdPersonCharacter_C_1] Translation: X=-834.907 Y=1601.628 Z=1254.693 Rotation: P=0.000000 Y=-23.163586 R=0.000000 Scale X=1.000 Y=1.000 Z=1.000
[2019.05.02-19.02.11:273][931]LogBlueprintUserMessages: [ThirdPersonCharacter_C_1] Translation: X=-622.645 Y=1462.204 Z=1302.518 Rotation: P=0.000000 Y=-36.793655 R=0.000000 Scale X=1.000 Y=1.000 Z=1.000
[2019.05.02-19.02.11:854][967]LogBlueprintUserMessages: [ThirdPersonCharacter_C_1] Translation: X=-622.935 Y=1447.038 Z=1298.143 Rotation: P=0.000000 Y=-91.784958 R=0.000000 Scale X=1.000 Y=1.000 Z=1.000
[2019.05.02-19.02.12:680][ 18]LogBlueprintUserMessages: [ThirdPersonCharacter_C_1] Translation: X=-625.793 Y=1397.993 Z=1370.704 Rotation: P=0.000000 Y=-76.534645 R=0.000000 Scale X=1.000 Y=1.000 Z=1.000
[2019.05.02-19.02.13:506][ 69]LogBlueprintUserMessages: [ThirdPersonCharacter_C_1] Translation: X=-534.388 Y=1346.655 Z=1392.257 Rotation: P=0.000000 Y=-35.123940 R=0.000000 Scale X=1.000 Y=1.000 Z=1.000
[2019.05.02-19.02.14:313][119]LogBlueprintUserMessages: [ThirdPersonCharacter_C_1] Translation: X=-229.067 Y=1035.751 Z=1502.143 Rotation: P=0.000000 Y=-78.474037 R=0.000000 Scale X=1.000 Y=1.000 Z=1.000
[2019.05.02-19.02.15:942][220]LogBlueprintUserMessages: [ThirdPersonCharacter_C_1] Translation: X=-223.202 Y=937.978 Z=1544.128 Rotation: P=0.000000 Y=-87.527611 R=0.000000 Scale X=1.000 Y=1.000 Z=1.000
[2019.05.02-19.02.16:930][281]LogBlueprintUserMessages: [ThirdPersonCharacter_C_1] Translation: X=-201.754 Y=450.183 Z=1621.047 Rotation: P=0.000000 Y=-93.378662 R=0.000000 Scale X=1.000 Y=1.000 Z=1.000
[2019.05.02-19.02.17:055][289]LogBlueprintUserMessages: [ThirdPersonCharacter_C_1] Translation: X=-204.214 Y=410.229 Z=1610.778 Rotation: P=0.000000 Y=-101.042000 R=0.000000 Scale X=1.000 Y=1.000 Z=1.000
[2019.05.02-19.02.18:506][379]LogBlueprintUserMessages: [ThirdPersonCharacter_C_1] Translation: X=-365.458 Y=-6.006 Z=1310.142 Rotation: P=0.000000 Y=-112.933418 R=0.000000 Scale X=1.000 Y=1.000 Z=1.000
[2019.05.02-19.02.21:700][577]LogBlueprintUserMessages: [ThirdPersonCharacter_C_1] Translation: X=-186.984 Y=-309.666 Z=1663.119 Rotation: P=0.000000 Y=-81.798943 R=0.000000 Scale X=1.000 Y=1.000 Z=1.000
[2019.05.02-19.02.22:604][633]LogBlueprintUserMessages: [ThirdPersonCharacter_C_1] Translation: X=-102.937 Y=-779.108 Z=1752.751 Rotation: P=0.000000 Y=-98.683235 R=0.000000 Scale X=1.000 Y=1.000 Z=1.000
[2019.05.02-19.02.24:039][722]LogBlueprintUserMessages: [ThirdPersonCharacter_C_1] Translation: X=-168.179 Y=-714.980 Z=1887.810 Rotation: P=0.000000 Y=146.934937 R=0.000000 Scale X=1.000 Y=1.000 Z=1.000
[2019.05.02-19.02.25:297][800]LogBlueprintUserMessages: [ThirdPersonCharacter_C_1] Translation: X=-613.097 Y=-419.723 Z=1796.824 Rotation: P=0.000000 Y=146.934937 R=0.000000 Scale X=1.000 Y=1.000 Z=1.000
[2019.05.02-19.02.26:120][851]LogBlueprintUserMessages: [ThirdPersonCharacter_C_1] Translation: X=-621.098 Y=-417.602 Z=1796.221 Rotation: P=0.000000 Y=165.223083 R=0.000000 Scale X=1.000 Y=1.000 Z=1.000
[2019.05.02-19.02.26:733][889]LogBlueprintUserMessages: [ThirdPersonCharacter_C_1] Translation: X=-774.109 Y=-357.002 Z=1917.746 Rotation: P=0.000000 Y=151.891541 R=0.000000 Scale X=1.000 Y=1.000 Z=1.000
[2019.05.02-19.02.27:200][918]LogBlueprintUserMessages: [ThirdPersonCharacter_C_1] Translation: X=-778.693 Y=-374.752 Z=1911.014 Rotation: P=0.000000 Y=-138.423904 R=0.000000 Scale X=1.000 Y=1.000 Z=1.000
[2019.05.02-19.02.27:991][967]LogBlueprintUserMessages: [ThirdPersonCharacter_C_1] Translation: X=-815.909 Y=-689.135 Z=1999.866 Rotation: P=0.000000 Y=-85.001343 R=0.000000 Scale X=1.000 Y=1.000 Z=1.000
[2019.05.02-19.02.28:072][972]LogBlueprintUserMessages: [ThirdPersonCharacter_C_1] Translation: X=-805.891 Y=-693.175 Z=1999.866 Rotation: P=0.000000 Y=-84.488609 R=0.000000 Scale X=1.000 Y=1.000 Z=1.000
[2019.05.02-19.02.28:636][  7]LogBlueprintUserMessages: [ThirdPersonCharacter_C_1] Translation: X=-748.150 Y=-783.178 Z=2125.059 Rotation: P=0.000000 Y=-117.470299 R=0.000000 Scale X=1.000 Y=1.000 Z=1.000
[2019.05.02-19.02.28:733][ 13]LogBlueprintUserMessages: [ThirdPersonCharacter_C_1] Translation: X=-757.489 Y=-815.158 Z=2159.878 Rotation: P=0.000000 Y=-125.411171 R=0.000000 Scale X=1.000 Y=1.000 Z=1.000
[2019.05.02-19.02.28:911][ 24]LogBlueprintUserMessages: [ThirdPersonCharacter_C_1] Translation: X=-795.960 Y=-891.922 Z=2236.385 Rotation: P=0.000000 Y=-125.411171 R=0.000000 Scale X=1.000 Y=1.000 Z=1.000
[2019.05.02-19.02.30:943][150]LogBlueprintUserMessages: [ThirdPersonCharacter_C_1] Translation: X=-1205.708 Y=-1995.781 Z=2352.674 Rotation: P=0.000000 Y=-114.336060 R=0.000000 Scale X=1.000 Y=1.000 Z=1.000
[2019.05.02-19.02.31:992][215]LogBlueprintUserMessages: [ThirdPersonCharacter_C_1] Translation: X=-1468.678 Y=-2570.141 Z=2337.438 Rotation: P=0.000000 Y=-115.910873 R=0.000000 Scale X=1.000 Y=1.000 Z=1.000
[2019.05.02-19.02.32:121][223]LogBlueprintUserMessages: [ThirdPersonCharacter_C_1] Translation: X=-1508.588 Y=-2633.059 Z=2332.808 Rotation: P=0.000000 Y=-140.739532 R=0.000000 Scale X=1.000 Y=1.000 Z=1.000
[2019.05.02-19.02.33:164][287]LogBlueprintUserMessages: [ThirdPersonCharacter_C_1] Translation: X=-1986.588 Y=-3041.228 Z=2320.708 Rotation: P=0.000000 Y=-139.072174 R=0.000000 Scale X=1.000 Y=1.000 Z=1.000
[2019.05.02-19.02.33:696][320]LogBlueprintUserMessages: [ThirdPersonCharacter_C_1] Translation: X=-2272.717 Y=-3154.953 Z=2319.559 Rotation: P=0.000000 Y=-178.414322 R=0.000000 Scale X=1.000 Y=1.000 Z=1.000
[2019.05.02-19.02.34:648][379]LogBlueprintUserMessages: [ThirdPersonCharacter_C_1] Translation: X=-2840.178 Y=-3136.965 Z=2353.270 Rotation: P=0.000000 Y=141.339828 R=0.000000 Scale X=1.000 Y=1.000 Z=1.000
[2019.05.02-19.02.34:906][395]LogBlueprintUserMessages: [ThirdPersonCharacter_C_1] Translation: X=-2963.798 Y=-3045.578 Z=2377.107 Rotation: P=0.000000 Y=133.053070 R=0.000000 Scale X=1.000 Y=1.000 Z=1.000
[2019.05.02-19.02.35:506][432]LogBlueprintUserMessages: [ThirdPersonCharacter_C_1] Translation: X=-3218.068 Y=-2783.572 Z=2501.131 Rotation: P=0.000000 Y=132.878098 R=0.000000 Scale X=1.000 Y=1.000 Z=1.000
[2019.05.02-19.02.35:860][454]LogBlueprintUserMessages: [ThirdPersonCharacter_C_1] Translation: X=-3349.829 Y=-2632.731 Z=2617.699 Rotation: P=0.000000 Y=132.878098 R=0.000000 Scale X=1.000 Y=1.000 Z=1.000
[2019.05.02-19.02.38:619][625]LogBlueprintUserMessages: [ThirdPersonCharacter_C_1] Translation: X=-3064.344 Y=-2748.076 Z=2380.878 Rotation: P=0.000000 Y=-88.924858 R=0.000000 Scale X=1.000 Y=1.000 Z=1.000
[2019.05.02-19.02.39:507][680]LogBlueprintUserMessages: [ThirdPersonCharacter_C_1] Translation: X=-3252.559 Y=-3052.929 Z=2475.085 Rotation: P=0.000000 Y=143.065567 R=0.000000 Scale X=1.000 Y=1.000 Z=1.000
[2019.05.02-19.02.39:932][706]LogBlueprintUserMessages: [ThirdPersonCharacter_C_1] Translation: X=-3457.453 Y=-2902.766 Z=2600.769 Rotation: P=0.000000 Y=118.874191 R=0.000000 Scale X=1.000 Y=1.000 Z=1.000
[2019.05.02-19.02.40:233][725]LogBlueprintUserMessages: [ThirdPersonCharacter_C_1] Translation: X=-3555.008 Y=-2750.940 Z=2692.923 Rotation: P=0.000000 Y=118.699257 R=0.000000 Scale X=1.000 Y=1.000 Z=1.000
[2019.05.02-19.02.40:587][747]LogBlueprintUserMessages: [ThirdPersonCharacter_C_1] Translation: X=-3661.416 Y=-2558.871 Z=2812.105 Rotation: P=0.000000 Y=118.699257 R=0.000000 Scale X=1.000 Y=1.000 Z=1.000
[2019.05.02-19.02.40:829][762]LogBlueprintUserMessages: [ThirdPersonCharacter_C_1] Translation: X=-3728.034 Y=-2437.442 Z=2878.697 Rotation: P=0.000000 Y=118.699257 R=0.000000 Scale X=1.000 Y=1.000 Z=1.000
[2019.05.02-19.02.41:334][791]LogBlueprintUserMessages: [ThirdPersonCharacter_C_1] Translation: X=-3877.549 Y=-2164.397 Z=3007.959 Rotation: P=0.000000 Y=118.699257 R=0.000000 Scale X=1.000 Y=1.000 Z=1.000
[2019.05.02-19.02.41:756][817]LogBlueprintUserMessages: [ThirdPersonCharacter_C_1] Translation: X=-3967.625 Y=-1938.770 Z=3103.055 Rotation: P=0.000000 Y=99.862411 R=0.000000 Scale X=1.000 Y=1.000 Z=1.000
[2019.05.02-19.02.42:610][864]LogBlueprintUserMessages: [ThirdPersonCharacter_C_1] Translation: X=-4049.011 Y=-1433.340 Z=3174.564 Rotation: P=0.000000 Y=96.063683 R=0.000000 Scale X=1.000 Y=1.000 Z=1.000
[2019.05.02-19.02.43:012][886]LogBlueprintUserMessages: [ThirdPersonCharacter_C_1] Translation: X=-4074.736 Y=-1194.191 Z=3178.010 Rotation: P=0.000000 Y=95.888718 R=0.000000 Scale X=1.000 Y=1.000 Z=1.000
[2019.05.02-19.02.44:010][940]LogBlueprintUserMessages: [ThirdPersonCharacter_C_1] Translation: X=-4136.272 Y=-598.234 Z=3190.777 Rotation: P=0.000000 Y=95.888718 R=0.000000 Scale X=1.000 Y=1.000 Z=1.000
[2019.05.02-19.02.45:206][ 12]LogBlueprintUserMessages: [ThirdPersonCharacter_C_1] Translation: X=-4003.901 Y=-23.191 Z=3186.092 Rotation: P=0.000000 Y=127.115166 R=0.000000 Scale X=1.000 Y=1.000 Z=1.000
[2019.05.02-19.02.45:970][ 57]LogBlueprintUserMessages: [ThirdPersonCharacter_C_1] Translation: X=-4160.442 Y=308.731 Z=3282.808 Rotation: P=0.000000 Y=-135.505798 R=0.000000 Scale X=1.000 Y=1.000 Z=1.000
[2019.05.02-19.02.46:067][ 63]LogBlueprintUserMessages: [ThirdPersonCharacter_C_1] Translation: X=-4195.348 Y=303.689 Z=3282.808 Rotation: P=0.000000 Y=-125.092911 R=0.000000 Scale X=1.000 Y=1.000 Z=1.000
[2019.05.02-19.02.46:260][ 75]LogBlueprintUserMessages: [ThirdPersonCharacter_C_1] Translation: X=-4269.074 Y=253.632 Z=3363.997 Rotation: P=0.000000 Y=-124.754669 R=0.000000 Scale X=1.000 Y=1.000 Z=1.000
[2019.05.02-19.02.47:165][131]LogBlueprintUserMessages: [ThirdPersonCharacter_C_1] Translation: X=-4685.432 Y=-72.970 Z=3399.409 Rotation: P=0.000000 Y=-161.415085 R=0.000000 Scale X=1.000 Y=1.000 Z=1.000
[2019.05.02-19.02.47:923][178]LogBlueprintUserMessages: [ThirdPersonCharacter_C_1] Translation: X=-5122.137 Y=-203.473 Z=3497.714 Rotation: P=0.000000 Y=171.133835 R=0.000000 Scale X=1.000 Y=1.000 Z=1.000
[2019.05.02-19.02.48:020][184]LogBlueprintUserMessages: [ThirdPersonCharacter_C_1] Translation: X=-5178.091 Y=-202.539 Z=3499.911 Rotation: P=0.000000 Y=171.133835 R=0.000000 Scale X=1.000 Y=1.000 Z=1.000
[2019.05.02-19.02.48:891][238]LogBlueprintUserMessages: [ThirdPersonCharacter_C_1] Translation: X=-5703.583 Y=-137.409 Z=3560.906 Rotation: P=0.000000 Y=171.133835 R=0.000000 Scale X=1.000 Y=1.000 Z=1.000
[2019.05.02-19.02.49:503][274]LogBlueprintUserMessages: [ThirdPersonCharacter_C_1] Translation: X=-5923.013 Y=-78.535 Z=3624.811 Rotation: P=0.000000 Y=114.095406 R=0.000000 Scale X=1.000 Y=1.000 Z=1.000
[2019.05.02-19.02.50:365][319]LogBlueprintUserMessages: [ThirdPersonCharacter_C_1] Translation: X=-5950.299 Y=81.151 Z=3691.738 Rotation: P=0.000000 Y=83.267334 R=0.000000 Scale X=1.000 Y=1.000 Z=1.000
[2019.05.02-19.03.03:663][984]LogBlueprintUserMessages: [ThirdPersonCharacter_C_1] Translation: X=-6218.848 Y=678.905 Z=3715.621 Rotation: P=0.000000 Y=112.238914 R=0.000000 Scale X=1.000 Y=1.000 Z=1.000
[2019.05.02-19.03.04:416][ 25]LogBlueprintUserMessages: [ThirdPersonCharacter_C_1] Translation: X=-6355.456 Y=1013.005 Z=3815.674 Rotation: P=0.000000 Y=112.238914 R=0.000000 Scale X=1.000 Y=1.000 Z=1.000
[2019.05.02-19.03.05:430][ 81]LogBlueprintUserMessages: [ThirdPersonCharacter_C_1] Translation: X=-6341.795 Y=1607.750 Z=4001.218 Rotation: P=0.000000 Y=112.211845 R=0.000000 Scale X=1.000 Y=1.000 Z=1.000
[2019.05.02-19.03.05:815][103]LogBlueprintUserMessages: [ThirdPersonCharacter_C_1] Translation: X=-6381.423 Y=1718.689 Z=3977.189 Rotation: P=0.000000 Y=106.909599 R=0.000000 Scale X=1.000 Y=1.000 Z=1.000
[2019.05.02-19.03.06:044][116]LogBlueprintUserMessages: [ThirdPersonCharacter_C_1] Translation: X=-6379.594 Y=1720.660 Z=3977.443 Rotation: P=0.000000 Y=103.898781 R=0.000000 Scale X=1.000 Y=1.000 Z=1.000
[2019.05.02-19.03.07:584][201]LogBlueprintUserMessages: [ThirdPersonCharacter_C_1] Translation: X=-6344.021 Y=1733.848 Z=3978.000 Rotation: P=0.000000 Y=110.331917 R=0.000000 Scale X=1.000 Y=1.000 Z=1.000
[2019.05.02-19.03.08:764][272]LogBlueprintUserMessages: [ThirdPersonCharacter_C_1] Translation: X=-6349.334 Y=1721.951 Z=3977.145 Rotation: P=0.000000 Y=162.592300 R=0.000000 Scale X=1.000 Y=1.000 Z=1.000
[2019.05.02-19.03.09:812][337]LogBlueprintUserMessages: [ThirdPersonCharacter_C_1] Translation: X=-6401.480 Y=1637.703 Z=3961.485 Rotation: P=0.000000 Y=-110.303162 R=0.000000 Scale X=1.000 Y=1.000 Z=1.000
[2019.05.02-19.03.10:761][394]LogBlueprintUserMessages: [ThirdPersonCharacter_C_1] Translation: X=-6402.867 Y=1684.222 Z=3971.647 Rotation: P=0.000000 Y=139.480896 R=0.000000 Scale X=1.000 Y=1.000 Z=1.000
[2019.05.02-19.03.12:119][465]LogBlueprintUserMessages: [ThirdPersonCharacter_C_1] Translation: X=-6303.554 Y=1752.026 Z=3981.730 Rotation: P=0.000000 Y=142.671768 R=0.000000 Scale X=1.000 Y=1.000 Z=1.000
[2019.05.02-19.03.13:767][556]LogBlueprintUserMessages: [ThirdPersonCharacter_C_1] Translation: X=-6501.357 Y=1576.602 Z=3950.429 Rotation: P=0.000000 Y=32.897171 R=0.000000 Scale X=1.000 Y=1.000 Z=1.000
[2019.05.02-19.03.14:746][607]LogBlueprintUserMessages: [ThirdPersonCharacter_C_1] Translation: X=-6438.197 Y=1654.458 Z=3966.708 Rotation: P=0.000000 Y=0.438291 R=0.000000 Scale X=1.000 Y=1.000 Z=1.000
[2019.05.02-19.03.15:055][624]LogBlueprintUserMessages: [ThirdPersonCharacter_C_1] Translation: X=-6436.388 Y=1699.190 Z=3976.048 Rotation: P=0.000000 Y=99.596680 R=0.000000 Scale X=1.000 Y=1.000 Z=1.000
[2019.05.02-19.03.16:609][708]LogBlueprintUserMessages: [ThirdPersonCharacter_C_1] Translation: X=-6355.449 Y=1729.156 Z=3978.342 Rotation: P=0.000000 Y=104.299973 R=0.000000 Scale X=1.000 Y=1.000 Z=1.000
[2019.05.02-19.03.16:805][719]LogBlueprintUserMessages: [ThirdPersonCharacter_C_1] Translation: X=-6349.871 Y=1733.522 Z=3979.713 Rotation: P=0.000000 Y=104.824928 R=0.000000 Scale X=1.000 Y=1.000 Z=1.000
[2019.05.02-19.03.18:344][804]LogBlueprintUserMessages: [ThirdPersonCharacter_C_1] Translation: X=-6329.040 Y=1742.328 Z=3981.052 Rotation: P=0.000000 Y=147.484833 R=0.000000 Scale X=1.000 Y=1.000 Z=1.000
[2019.05.02-19.03.18:994][843]LogBlueprintUserMessages: [ThirdPersonCharacter_C_1] Translation: X=-6461.250 Y=1688.607 Z=3974.998 Rotation: P=0.000000 Y=103.780266 R=0.000000 Scale X=1.000 Y=1.000 Z=1.000
[2019.05.02-19.03.20:500][917]LogBlueprintUserMessages: [ThirdPersonCharacter_C_1] Translation: X=-6352.706 Y=1730.446 Z=3977.681 Rotation: P=0.000000 Y=102.420517 R=0.000000 Scale X=1.000 Y=1.000 Z=1.000
[2019.05.02-19.03.22:704][ 48]LogBlueprintUserMessages: [ThirdPersonCharacter_C_1] Translation: X=-6351.979 Y=1731.497 Z=3978.445 Rotation: P=0.000000 Y=102.899864 R=0.000000 Scale X=1.000 Y=1.000 Z=1.000
[2019.05.02-19.03.24:255][134]LogBlueprintUserMessages: [ThirdPersonCharacter_C_1] Translation: X=-6393.548 Y=1714.249 Z=3976.748 Rotation: P=0.000000 Y=160.428772 R=0.000000 Scale X=1.000 Y=1.000 Z=1.000
[2019.05.02-19.03.25:027][173]LogBlueprintUserMessages: [ThirdPersonCharacter_C_1] Translation: X=-6496.713 Y=1680.440 Z=3973.403 Rotation: P=0.000000 Y=121.067253 R=0.000000 Scale X=1.000 Y=1.000 Z=1.000
[2019.05.02-19.03.26:101][226]LogBlueprintUserMessages: [ThirdPersonCharacter_C_1] Translation: X=-6571.532 Y=1856.375 Z=4020.159 Rotation: P=0.000000 Y=100.624809 R=0.000000 Scale X=1.000 Y=1.000 Z=1.000
[2019.05.02-19.03.28:317][343]LogBlueprintUserMessages: [ThirdPersonCharacter_C_1] Translation: X=-6735.079 Y=2718.990 Z=4272.798 Rotation: P=0.000000 Y=77.573853 R=0.000000 Scale X=1.000 Y=1.000 Z=1.000
[2019.05.02-19.03.29:154][385]LogBlueprintUserMessages: [ThirdPersonCharacter_C_1] Translation: X=-6703.399 Y=2847.224 Z=4348.883 Rotation: P=0.000000 Y=82.718369 R=0.000000 Scale X=1.000 Y=1.000 Z=1.000
[2019.05.02-19.03.30:935][491]LogBlueprintUserMessages: [ThirdPersonCharacter_C_1] Translation: X=-6671.890 Y=3481.849 Z=4292.576 Rotation: P=0.000000 Y=35.803970 R=0.000000 Scale X=1.000 Y=1.000 Z=1.000
[2019.05.02-19.03.32:108][564]LogBlueprintUserMessages: [ThirdPersonCharacter_C_1] Translation: X=-6535.431 Y=3672.440 Z=3622.436 Rotation: P=0.000000 Y=-155.477982 R=0.000000 Scale X=1.000 Y=1.000 Z=1.000
[2019.05.02-19.03.33:269][636]LogBlueprintUserMessages: [ThirdPersonCharacter_C_1] Translation: X=-6552.780 Y=3598.468 Z=3626.261 Rotation: P=0.000000 Y=145.221146 R=0.000000 Scale X=1.000 Y=1.000 Z=1.000
[2019.05.02-19.03.34:285][699]LogBlueprintUserMessages: [ThirdPersonCharacter_C_1] Translation: X=-6610.621 Y=3716.677 Z=3626.328 Rotation: P=0.000000 Y=145.221146 R=0.000000 Scale X=1.000 Y=1.000 Z=1.000
[2019.05.02-19.03.38:043][932]LogBlueprintUserMessages: [ThirdPersonCharacter_C_1] Translation: X=-6509.729 Y=4733.344 Z=3558.454 Rotation: P=0.000000 Y=83.765800 R=0.000000 Scale X=1.000 Y=1.000 Z=1.000
[2019.05.02-19.03.40:774][101]LogBlueprintUserMessages: [ThirdPersonCharacter_C_1] Translation: X=-6361.606 Y=5793.523 Z=1682.140 Rotation: P=0.000000 Y=139.689758 R=0.000000 Scale X=1.000 Y=1.000 Z=1.000
[2019.05.02-19.03.42:297][194]LogBlueprintUserMessages: [ThirdPersonCharacter_C_1] Translation: X=-5774.540 Y=6072.223 Z=1499.621 Rotation: P=0.000000 Y=-8.180430 R=0.000000 Scale X=1.000 Y=1.000 Z=1.000
[2019.05.02-19.03.43:956][295]LogBlueprintUserMessages: [ThirdPersonCharacter_C_1] Translation: X=-4966.830 Y=5797.717 Z=215.491 Rotation: P=0.000000 Y=-48.043983 R=0.000000 Scale X=1.000 Y=1.000 Z=1.000
[2019.05.02-19.03.44:507][330]LogBlueprintUserMessages: [ThirdPersonCharacter_C_1] Translation: X=-4754.931 Y=5529.373 Z=244.991 Rotation: P=0.000000 Y=-79.767921 R=0.000000 Scale X=1.000 Y=1.000 Z=1.000
[2019.05.02-19.03.45:459][389]LogBlueprintUserMessages: [ThirdPersonCharacter_C_1] Translation: X=-4631.850 Y=4964.959 Z=272.133 Rotation: P=0.000000 Y=-83.080917 R=0.000000 Scale X=1.000 Y=1.000 Z=1.000
[2019.05.02-19.03.49:056][612]LogBlueprintUserMessages: [ThirdPersonCharacter_C_1] Translation: X=-4539.413 Y=4496.776 Z=600.624 Rotation: P=0.000000 Y=146.264130 R=0.000000 Scale X=1.000 Y=1.000 Z=1.000
[2019.05.02-19.03.49:975][669]LogBlueprintUserMessages: [ThirdPersonCharacter_C_1] Translation: X=-4797.969 Y=4209.662 Z=710.637 Rotation: P=0.000000 Y=-97.249786 R=0.000000 Scale X=1.000 Y=1.000 Z=1.000
[2019.05.02-19.03.50:395][695]LogBlueprintUserMessages: [ThirdPersonCharacter_C_1] Translation: X=-4715.231 Y=4004.885 Z=702.784 Rotation: P=0.000000 Y=-13.133442 R=0.000000 Scale X=1.000 Y=1.000 Z=1.000
[2019.05.02-19.03.51:252][748]LogBlueprintUserMessages: [ThirdPersonCharacter_C_1] Translation: X=-4212.033 Y=3900.095 Z=770.243 Rotation: P=0.000000 Y=23.435284 R=0.000000 Scale X=1.000 Y=1.000 Z=1.000
[2019.05.02-19.03.51:510][764]LogBlueprintUserMessages: [ThirdPersonCharacter_C_1] Translation: X=-4069.781 Y=3948.253 Z=789.344 Rotation: P=0.000000 Y=24.590105 R=0.000000 Scale X=1.000 Y=1.000 Z=1.000
[2019.05.02-19.03.52:204][807]LogBlueprintUserMessages: [ThirdPersonCharacter_C_1] Translation: X=-3691.195 Y=4121.593 Z=902.044 Rotation: P=0.000000 Y=26.609470 R=0.000000 Scale X=1.000 Y=1.000 Z=1.000
[2019.05.02-19.03.52:559][829]LogBlueprintUserMessages: [ThirdPersonCharacter_C_1] Translation: X=-3656.408 Y=4174.786 Z=905.521 Rotation: P=0.000000 Y=-10.855210 R=0.000000 Scale X=1.000 Y=1.000 Z=1.000
[2019.05.02-19.03.53:302][875]LogBlueprintUserMessages: [ThirdPersonCharacter_C_1] Translation: X=-3540.742 Y=4139.573 Z=1005.302 Rotation: P=0.000000 Y=-25.573828 R=0.000000 Scale X=1.000 Y=1.000 Z=1.000
[2019.05.02-19.03.53:318][876]LogBlueprintUserMessages: [ThirdPersonCharacter_C_1] Translation: X=-3540.254 Y=4139.742 Z=1005.302 Rotation: P=0.000000 Y=-26.563641 R=0.000000 Scale X=1.000 Y=1.000 Z=1.000
[2019.05.02-19.03.54:237][933]LogBlueprintUserMessages: [ThirdPersonCharacter_C_1] Translation: X=-3398.373 Y=4003.886 Z=1049.994 Rotation: P=0.000000 Y=-56.004349 R=0.000000 Scale X=1.000 Y=1.000 Z=1.000
[2019.05.02-19.03.54:302][937]LogBlueprintUserMessages: [ThirdPersonCharacter_C_1] Translation: X=-3381.987 Y=3987.907 Z=1049.088 Rotation: P=0.000000 Y=-56.004349 R=0.000000 Scale X=1.000 Y=1.000 Z=1.000
[2019.05.02-19.03.55:125][988]LogBlueprintUserMessages: [ThirdPersonCharacter_C_1] Translation: X=-3262.138 Y=3791.929 Z=1129.889 Rotation: P=0.000000 Y=-117.251472 R=0.000000 Scale X=1.000 Y=1.000 Z=1.000
[2019.05.02-19.03.55:237][995]LogBlueprintUserMessages: [ThirdPersonCharacter_C_1] Translation: X=-3282.149 Y=3737.092 Z=1129.889 Rotation: P=0.000000 Y=-117.251472 R=0.000000 Scale X=1.000 Y=1.000 Z=1.000
[2019.05.02-19.03.56:258][ 58]LogBlueprintUserMessages: [ThirdPersonCharacter_C_1] Translation: X=-3164.391 Y=3294.511 Z=1129.888 Rotation: P=0.000000 Y=-4.572908 R=0.000000 Scale X=1.000 Y=1.000 Z=1.000
[2019.05.02-19.03.56:323][ 62]LogBlueprintUserMessages: [ThirdPersonCharacter_C_1] Translation: X=-3128.821 Y=3284.815 Z=1129.888 Rotation: P=0.000000 Y=-4.572908 R=0.000000 Scale X=1.000 Y=1.000 Z=1.000
[2019.05.02-19.03.56:871][ 96]LogScript: Warning: Script Msg: Attempted to access index 0 from array 'CurrentMenu' of length 0 in '/Game/_Blueprints/Ruben_Blueprint/menucontroller.MenuController_C'!
[2019.05.02-19.03.58:614][204]LogSlate: FSceneViewport::OnFocusLost() reason 0
[2019.05.02-19.03.59:920][285]LogSlate: FSceneViewport::OnFocusLost() reason 0
[2019.05.02-19.04.00:017][291]Closing by request
[2019.05.02-19.04.00:017][291]LogWindows: FPlatformMisc::RequestExit(0)
[2019.05.02-19.04.00:269][292]LogSlate: Window 'Dinochan_v001 (64-bit Development PCD3D_SM5) ' being destroyed
[2019.05.02-19.04.00:270][292]LogWindowsTextInputMethodSystem: Display: IME system now deactivated.
[2019.05.02-19.04.00:280][292]LogWindowsTextInputMethodSystem: Display: IME system now deactivated.
[2019.05.02-19.04.00:282][292]LogExit: Preparing to exit.
[2019.05.02-19.04.00:283][292]LogMoviePlayer: Shutting down movie player
[2019.05.02-19.04.00:857][292]LogSlate: Updating window title bar state: overlay mode, drag disabled, window buttons hidden, title bar hidden
[2019.05.02-19.04.00:894][292]LogExit: Game engine shut down
[2019.05.02-19.04.01:103][292]LogExit: Object subsystem successfully closed.
[2019.05.02-19.04.01:132][292]LogShaderCompilers: Display: Shaders left to compile 0
[2019.05.02-19.04.01:138][292]LogD3D11RHI: Shutdown
[2019.05.02-19.04.01:138][292]LogD3D11RHI: CleanupD3DDevice
[2019.05.02-19.04.01:140][292]LogD3D11RHI: ~FD3D11DynamicRHI
[2019.05.02-19.04.01:154][292]LogModuleManager: Shutting down and abandoning module SequenceRecorderSections (376)
[2019.05.02-19.04.01:154][292]LogModuleManager: Shutting down and abandoning module SequenceRecorder (374)
[2019.05.02-19.04.01:155][292]LogModuleManager: Shutting down and abandoning module AutomationController (372)
[2019.05.02-19.04.01:155][292]LogModuleManager: Shutting down and abandoning module AutomationWorker (370)
[2019.05.02-19.04.01:155][292]LogModuleManager: Shutting down and abandoning module Voice (368)
[2019.05.02-19.04.01:155][292]LogModuleManager: Shutting down and abandoning module AIModule (366)
[2019.05.02-19.04.01:155][292]LogModuleManager: Shutting down and abandoning module GameplayDebugger (365)
[2019.05.02-19.04.01:155][292]LogModuleManager: Shutting down and abandoning module AITestSuite (363)
[2019.05.02-19.04.01:155][292]LogModuleManager: Shutting down and abandoning module NavigationSystem (361)
[2019.05.02-19.04.01:155][292]LogModuleManager: Shutting down and abandoning module WmfMediaFactory (358)
[2019.05.02-19.04.01:155][292]LogModuleManager: Shutting down and abandoning module OpenExrWrapper (356)
[2019.05.02-19.04.01:155][292]LogModuleManager: Shutting down and abandoning module ImgMediaFactory (354)
[2019.05.02-19.04.01:155][292]LogModuleManager: Shutting down and abandoning module AvfMediaFactory (352)
[2019.05.02-19.04.01:155][292]LogModuleManager: Shutting down and abandoning module MagicLeapCameraPreviewFactory (350)
[2019.05.02-19.04.01:155][292]LogModuleManager: Shutting down and abandoning module MagicLeapMediaFactory (348)
[2019.05.02-19.04.01:155][292]LogModuleManager: Shutting down and abandoning module CharacterAI (346)
[2019.05.02-19.04.01:155][292]LogModuleManager: Shutting down and abandoning module SessionServices (344)
[2019.05.02-19.04.01:155][292]LogModuleManager: Shutting down and abandoning module MovieSceneCapture (342)
[2019.05.02-19.04.01:155][292]LogModuleManager: Shutting down and abandoning module MovieSceneTracks (340)
[2019.05.02-19.04.01:155][292]LogModuleManager: Shutting down and abandoning module MovieScene (338)
[2019.05.02-19.04.01:155][292]LogModuleManager: Shutting down and abandoning module StreamingPauseRendering (336)
[2019.05.02-19.04.01:155][292]LogModuleManager: Shutting down and abandoning module PortalServices (334)
[2019.05.02-19.04.01:155][292]LogModuleManager: Shutting down and abandoning module PortalRpc (332)
[2019.05.02-19.04.01:155][292]LogModuleManager: Shutting down and abandoning module MessagingRpc (330)
[2019.05.02-19.04.01:155][292]LogModuleManager: Shutting down and abandoning module ProfilerService (328)
[2019.05.02-19.04.01:328][292]LogModuleManager: Shutting down and abandoning module TaskGraph (326)
[2019.05.02-19.04.01:328][292]LogModuleManager: Shutting down and abandoning module SteamVRController (324)
[2019.05.02-19.04.01:328][292]LogModuleManager: Shutting down and abandoning module ProceduralMeshComponent (322)
[2019.05.02-19.04.01:328][292]LogModuleManager: Shutting down and abandoning module OculusInput (320)
[2019.05.02-19.04.01:328][292]LogModuleManager: Shutting down and abandoning module MobilePatchingUtils (318)
[2019.05.02-19.04.01:328][292]LogModuleManager: Shutting down and abandoning module EditableMesh (316)
[2019.05.02-19.04.01:328][292]LogModuleManager: Shutting down and abandoning module CustomMeshComponent (314)
[2019.05.02-19.04.01:328][292]LogModuleManager: Shutting down and abandoning module CableComponent (312)
[2019.05.02-19.04.01:328][292]LogModuleManager: Shutting down and abandoning module AudioCapture (310)
[2019.05.02-19.04.01:328][292]LogModuleManager: Shutting down and abandoning module ArchVisCharacter (308)
[2019.05.02-19.04.01:328][292]LogModuleManager: Shutting down and abandoning module AndroidPermission (306)
[2019.05.02-19.04.01:328][292]LogModuleManager: Shutting down and abandoning module NUTUnrealEngine4 (304)
[2019.05.02-19.04.01:328][292]LogModuleManager: Shutting down and abandoning module NetcodeUnitTest (302)
[2019.05.02-19.04.01:328][292]LogModuleManager: Shutting down and abandoning module MediaCompositing (300)
[2019.05.02-19.04.01:328][292]LogModuleManager: Shutting down and abandoning module LinearTimecode (298)
[2019.05.02-19.04.01:328][292]LogModuleManager: Shutting down and abandoning module ImgMedia (296)
[2019.05.02-19.04.01:333][292]LogModuleManager: Shutting down and abandoning module HTML5Networking (294)
[2019.05.02-19.04.01:333][292]LogModuleManager: Shutting down and abandoning module GeometryCacheTracks (292)
[2019.05.02-19.04.01:333][292]LogModuleManager: Shutting down and abandoning module GeometryCacheSequencer (291)
[2019.05.02-19.04.01:333][292]LogModuleManager: Shutting down and abandoning module GeometryCache (288)
[2019.05.02-19.04.01:333][292]LogModuleManager: Shutting down and abandoning module GeometryCacheEd (287)
[2019.05.02-19.04.01:333][292]LogModuleManager: Shutting down and abandoning module BackChannel (284)
[2019.05.02-19.04.01:333][292]LogModuleManager: Shutting down and abandoning module AppleVision (282)
[2019.05.02-19.04.01:333][292]LogModuleManager: Shutting down and abandoning module AppleImageUtils (280)
[2019.05.02-19.04.01:333][292]LogModuleManager: Shutting down and abandoning module DatasmithContent (278)
[2019.05.02-19.04.01:335][292]LogModuleManager: Shutting down and abandoning module CryptoKeysOpenSSL (276)
[2019.05.02-19.04.01:335][292]LogModuleManager: Shutting down and abandoning module CryptoKeys (274)
[2019.05.02-19.04.01:335][292]LogModuleManager: Shutting down and abandoning module VisualStudioSourceCodeAccess (272)
[2019.05.02-19.04.01:335][292]LogModuleManager: Shutting down and abandoning module HotReload (271)
[2019.05.02-19.04.01:335][292]LogModuleManager: Shutting down and abandoning module DirectoryWatcher (270)
[2019.05.02-19.04.01:335][292]LogModuleManager: Shutting down and abandoning module VisualStudioCodeSourceCodeAccess (266)
[2019.05.02-19.04.01:335][292]LogModuleManager: Shutting down and abandoning module UObjectPlugin (264)
[2019.05.02-19.04.01:335][292]LogModuleManager: Shutting down and abandoning module SubversionSourceControl (262)
[2019.05.02-19.04.01:335][292]LogModuleManager: Shutting down and abandoning module PerforceSourceControl (260)
[2019.05.02-19.04.01:335][292]LogModuleManager: Shutting down and abandoning module SourceControl (259)
[2019.05.02-19.04.01:335][292]LogModuleManager: Shutting down and abandoning module CLionSourceCodeAccess (256)
[2019.05.02-19.04.01:335][292]LogModuleManager: Shutting down and abandoning module RuntimePhysXCooking (254)
[2019.05.02-19.04.01:335][292]LogModuleManager: Shutting down and abandoning module PhysXVehiclesEditor (252)
[2019.05.02-19.04.01:335][292]LogModuleManager: Shutting down and abandoning module PhysXVehicles (250)
[2019.05.02-19.04.01:335][292]LogModuleManager: Shutting down and abandoning module LocationServicesBPLibrary (248)
[2019.05.02-19.04.01:335][292]LogModuleManager: Shutting down and abandoning module ImmediatePhysicsEditor (246)
[2019.05.02-19.04.01:335][292]LogModuleManager: Shutting down and abandoning module ImmediatePhysics (244)
[2019.05.02-19.04.01:335][292]LogModuleManager: Shutting down and abandoning module ActorSequence (242)
[2019.05.02-19.04.01:335][292]LogModuleManager: Shutting down and abandoning module UdpMessaging (240)
[2019.05.02-19.04.01:436][292]LogModuleManager: Shutting down and abandoning module TcpMessaging (238)
[2019.05.02-19.04.01:822][292]LogModuleManager: Shutting down and abandoning module MagicLeapAudio (236)
[2019.05.02-19.04.01:822][292]LogModuleManager: Shutting down and abandoning module GameplayTagsEditor (234)
[2019.05.02-19.04.01:822][292]LogModuleManager: Shutting down and abandoning module FacialAnimation (232)
[2019.05.02-19.04.01:822][292]LogModuleManager: Shutting down and abandoning module DataValidation (230)
[2019.05.02-19.04.01:822][292]LogModuleManager: Shutting down and abandoning module AssetManagerEditor (228)
[2019.05.02-19.04.01:822][292]LogModuleManager: Shutting down and abandoning module TreeMap (227)
[2019.05.02-19.04.01:823][292]LogModuleManager: Shutting down and abandoning module LightPropagationVolumeRuntime (224)
[2019.05.02-19.04.01:823][292]LogModuleManager: Shutting down and abandoning module AISupportModule (222)
[2019.05.02-19.04.01:823][292]LogModuleManager: Shutting down and abandoning module Paper2D (220)
[2019.05.02-19.04.01:823][292]LogModuleManager: Shutting down and abandoning module PIEPreviewDeviceProfileSelector (218)
[2019.05.02-19.04.01:823][292]LogModuleManager: Shutting down and abandoning module WindowsMoviePlayer (216)
[2019.05.02-19.04.01:823][292]LogModuleManager: Shutting down and abandoning module WmfMedia (214)
[2019.05.02-19.04.01:825][292]LogModuleManager: Shutting down and abandoning module Media (213)
[2019.05.02-19.04.01:831][292]LogModuleManager: Shutting down and abandoning module PacketHandler (210)
[2019.05.02-19.04.01:831][292]LogModuleManager: Shutting down and abandoning module ClothingSystemEditor (208)
[2019.05.02-19.04.01:831][292]LogModuleManager: Shutting down and abandoning module ClothingSystemRuntime (206)
[2019.05.02-19.04.01:831][292]LogModuleManager: Shutting down and abandoning module MediaAssets (204)
[2019.05.02-19.04.01:831][292]LogModuleManager: Shutting down and abandoning module Overlay (202)
[2019.05.02-19.04.01:831][292]LogModuleManager: Shutting down and abandoning module OverlayEditor (201)
[2019.05.02-19.04.01:831][292]LogModuleManager: Shutting down and abandoning module VREditor (198)
[2019.05.02-19.04.01:831][292]LogModuleManager: Shutting down and abandoning module StringTableEditor (196)
[2019.05.02-19.04.01:831][292]LogModuleManager: Shutting down and abandoning module GameplayTasksEditor (194)
[2019.05.02-19.04.01:831][292]LogModuleManager: Shutting down and abandoning module BehaviorTreeEditor (192)
[2019.05.02-19.04.01:832][292]LogModuleManager: Shutting down and abandoning module FunctionalTesting (190)
[2019.05.02-19.04.01:832][292]LogModuleManager: Shutting down and abandoning module CollisionAnalyzer (188)
[2019.05.02-19.04.01:832][292]LogModuleManager: Shutting down and abandoning module WorkspaceMenuStructure (187)
[2019.05.02-19.04.01:832][292]LogModuleManager: Shutting down and abandoning module UMG (184)
[2019.05.02-19.04.01:832][292]LogModuleManager: Shutting down and abandoning module UMGEditor (183)
[2019.05.02-19.04.01:832][292]LogModuleManager: Shutting down and abandoning module Sequencer (182)
[2019.05.02-19.04.01:832][292]LogModuleManager: Shutting down and abandoning module MessageLog (179)
[2019.05.02-19.04.01:832][292]LogModuleManager: Shutting down and abandoning module SlateReflector (174)
[2019.05.02-19.04.01:832][292]LogModuleManager: Shutting down and abandoning module Slate (172)
[2019.05.02-19.04.01:832][292]LogModuleManager: Shutting down and abandoning module EditorStyle (170)
[2019.05.02-19.04.01:835][292]LogModuleManager: Shutting down and abandoning module MRMesh (168)
[2019.05.02-19.04.01:835][292]LogModuleManager: Shutting down and abandoning module Messaging (166)
[2019.05.02-19.04.01:835][292]LogModuleManager: Shutting down and abandoning module SourceCodeAccess (164)
[2019.05.02-19.04.01:835][292]LogModuleManager: Shutting down and abandoning module HeadMountedDisplay (162)
[2019.05.02-19.04.01:835][292]LogModuleManager: Shutting down and abandoning module XAudio2 (160)
[2019.05.02-19.04.01:835][292]LogModuleManager: Shutting down and abandoning module Networking (158)
[2019.05.02-19.04.01:835][292]LogModuleManager: Shutting down and abandoning module Core (156)
[2019.05.02-19.04.01:835][292]LogModuleManager: Shutting down and abandoning module LevelSequence (154)
[2019.05.02-19.04.01:835][292]LogModuleManager: Shutting down and abandoning module KismetCompiler (152)
[2019.05.02-19.04.01:835][292]LogModuleManager: Shutting down and abandoning module MeshUtilities (150)
[2019.05.02-19.04.01:836][292]LogModuleManager: Shutting down and abandoning module MeshMergeUtilities (149)
[2019.05.02-19.04.01:836][292]LogModuleManager: Shutting down and abandoning module MeshReductionInterface (148)
[2019.05.02-19.04.01:836][292]LogModuleManager: Shutting down and abandoning module SimplygonSwarm (147)
[2019.05.02-19.04.01:836][292]LogModuleManager: Shutting down and abandoning module ProxyLODMeshReduction (145)
[2019.05.02-19.04.01:836][292]LogModuleManager: Shutting down and abandoning module SimplygonMeshReduction (143)
[2019.05.02-19.04.01:836][292]LogModuleManager: Shutting down and abandoning module QuadricMeshReduction (141)
[2019.05.02-19.04.01:836][292]LogModuleManager: Shutting down and abandoning module MaterialBaking (137)
[2019.05.02-19.04.01:836][292]LogModuleManager: Shutting down and abandoning module DerivedDataCache (132)
[2019.05.02-19.04.01:854][292]LogDerivedDataCache: Shutdown
[2019.05.02-19.04.01:854][292]LogModuleManager: Shutting down and abandoning module XGEController (130)
[2019.05.02-19.04.01:854][292]LogModuleManager: Shutting down and abandoning module TargetPlatform (128)
[2019.05.02-19.04.01:854][292]LogModuleManager: Shutting down and abandoning module VulkanShaderFormat (127)
[2019.05.02-19.04.01:854][292]LogModuleManager: Shutting down and abandoning module ShaderFormatVectorVM (125)
[2019.05.02-19.04.01:854][292]LogModuleManager: Shutting down and abandoning module ShaderFormatOpenGL (123)
[2019.05.02-19.04.01:854][292]LogModuleManager: Shutting down and abandoning module ShaderFormatD3D (121)
[2019.05.02-19.04.01:854][292]LogModuleManager: Shutting down and abandoning module MetalShaderFormat (119)
[2019.05.02-19.04.01:854][292]LogModuleManager: Shutting down and abandoning module TextureFormatUncompressed (117)
[2019.05.02-19.04.01:854][292]LogModuleManager: Shutting down and abandoning module TextureFormatPVR (115)
[2019.05.02-19.04.01:854][292]LogModuleManager: Shutting down and abandoning module TextureFormatDXT (113)
[2019.05.02-19.04.01:854][292]LogModuleManager: Shutting down and abandoning module TextureFormatIntelISPCTexComp (111)
[2019.05.02-19.04.01:854][292]LogModuleManager: Shutting down and abandoning module TextureFormatASTC (109)
[2019.05.02-19.04.01:854][292]LogModuleManager: Shutting down and abandoning module ImageWrapper (108)
[2019.05.02-19.04.01:854][292]LogModuleManager: Shutting down and abandoning module TextureFormatAndroid (105)
[2019.05.02-19.04.01:854][292]LogModuleManager: Shutting down and abandoning module AudioFormatOpus (103)
[2019.05.02-19.04.01:854][292]LogModuleManager: Shutting down and abandoning module AudioFormatOgg (101)
[2019.05.02-19.04.01:855][292]LogModuleManager: Shutting down and abandoning module AudioFormatADPCM (99)
[2019.05.02-19.04.01:855][292]LogModuleManager: Shutting down and abandoning module WindowsTargetPlatform (97)
[2019.05.02-19.04.01:855][292]LogModuleManager: Shutting down and abandoning module WindowsServerTargetPlatform (95)
[2019.05.02-19.04.01:855][292]LogModuleManager: Shutting down and abandoning module WindowsNoEditorTargetPlatform (93)
[2019.05.02-19.04.01:855][292]LogModuleManager: Shutting down and abandoning module WindowsClientTargetPlatform (91)
[2019.05.02-19.04.01:855][292]LogModuleManager: Shutting down and abandoning module InputCore (88)
[2019.05.02-19.04.01:855][292]LogModuleManager: Shutting down and abandoning module Settings (86)
[2019.05.02-19.04.01:855][292]LogModuleManager: Shutting down and abandoning module PhysXCooking (84)
[2019.05.02-19.04.01:855][292]LogModuleManager: Shutting down and abandoning module SteamVR (82)
[2019.05.02-19.04.01:855][292]LogModuleManager: Shutting down and abandoning module OculusHMD (80)
[2019.05.02-19.04.01:855][292]LogModuleManager: Shutting down and abandoning module ExampleDeviceProfileSelector (78)
[2019.05.02-19.04.01:855][292]LogModuleManager: Shutting down and abandoning module LauncherChunkInstaller (76)
[2019.05.02-19.04.01:855][292]LogModuleManager: Shutting down and abandoning module OnlineBlueprintSupport (74)
[2019.05.02-19.04.01:855][292]LogModuleManager: Shutting down and abandoning module OnlineSubsystem (70)
[2019.05.02-19.04.01:855][292]LogModuleManager: Shutting down and abandoning module XMPP (65)
[2019.05.02-19.04.01:855][292]LogModuleManager: Shutting down and abandoning module WebSockets (64)
[2019.05.02-19.04.01:872][292]LogModuleManager: Shutting down and abandoning module HTTP (61)
[2019.05.02-19.04.01:902][292]LogModuleManager: Shutting down and abandoning module SSL (60)
[2019.05.02-19.04.01:903][292]LogModuleManager: Shutting down and abandoning module MagicLeapEmulator (56)
[2019.05.02-19.04.01:903][292]LogModuleManager: Shutting down and abandoning module MagicLeapPrivileges (54)
[2019.05.02-19.04.01:903][292]LogModuleManager: Shutting down and abandoning module MagicLeapIdentity (52)
[2019.05.02-19.04.01:903][292]LogModuleManager: Shutting down and abandoning module MagicLeapHelperVulkan (50)
[2019.05.02-19.04.01:903][292]LogModuleManager: Shutting down and abandoning module MagicLeapHelperOpenGL (48)
[2019.05.02-19.04.01:903][292]LogModuleManager: Shutting down and abandoning module MagicLeapSecureStorage (46)
[2019.05.02-19.04.01:903][292]LogModuleManager: Shutting down and abandoning module MagicLeapGestures (44)
[2019.05.02-19.04.01:904][292]LogModuleManager: Shutting down and abandoning module MagicLeapEyeTracker (42)
[2019.05.02-19.04.01:904][292]LogModuleManager: Shutting down and abandoning module MagicLeapController (40)
[2019.05.02-19.04.01:904][292]LogSlate: Slate User Destroyed.  User Index 0, Is Virtual User: 0
[2019.05.02-19.04.01:904][292]LogModuleManager: Shutting down and abandoning module MagicLeap (38)
[2019.05.02-19.04.01:904][292]LogModuleManager: Shutting down and abandoning module AnimationModifiers (36)
[2019.05.02-19.04.01:904][292]LogModuleManager: Shutting down and abandoning module PropertyEditor (35)
[2019.05.02-19.04.01:904][292]LogModuleManager: Shutting down and abandoning module AudioEditor (32)
[2019.05.02-19.04.01:904][292]LogModuleManager: Shutting down and abandoning module TextureCompressor (30)
[2019.05.02-19.04.01:904][292]LogModuleManager: Shutting down and abandoning module ShaderCore (28)
[2019.05.02-19.04.01:904][292]LogModuleManager: Shutting down and abandoning module Landscape (26)
[2019.05.02-19.04.01:904][292]LogModuleManager: Shutting down and abandoning module SlateRHIRenderer (24)
[2019.05.02-19.04.01:904][292]LogModuleManager: Shutting down and abandoning module OpenGLDrv (22)
[2019.05.02-19.04.01:904][292]LogModuleManager: Shutting down and abandoning module D3D11RHI (20)
[2019.05.02-19.04.01:904][292]LogModuleManager: Shutting down and abandoning module AnimGraphRuntime (18)
[2019.05.02-19.04.01:904][292]LogModuleManager: Shutting down and abandoning module Renderer (16)
[2019.05.02-19.04.01:904][292]LogModuleManager: Shutting down and abandoning module Engine (14)
[2019.05.02-19.04.01:904][292]LogModuleManager: Shutting down and abandoning module CoreUObject (12)
[2019.05.02-19.04.01:904][292]LogModuleManager: Shutting down and abandoning module NetworkFile (10)
[2019.05.02-19.04.01:904][292]LogModuleManager: Shutting down and abandoning module CookedIterativeFile (8)
[2019.05.02-19.04.01:904][292]LogModuleManager: Shutting down and abandoning module StreamingFile (6)
[2019.05.02-19.04.01:904][292]LogModuleManager: Shutting down and abandoning module SandboxFile (4)
[2019.05.02-19.04.01:904][292]LogModuleManager: Shutting down and abandoning module PakFile (2)
[2019.05.02-19.04.01:919][292]LogExit: Exiting.
[2019.05.02-19.04.01:925][292]Log file closed, 05/02/19 15:04:01
