Log file open, 04/27/19 23:46:14
LogWindows: Failed to load 'aqProf.dll' (GetLastError=126)
LogWindows: File 'aqProf.dll' does not exist
LogWindows: Failed to load 'VSPerf140.dll' (GetLastError=126)
LogWindows: File 'VSPerf140.dll' does not exist
LogWindows: Failed to load 'VtuneApi.dll' (GetLastError=126)
LogWindows: File 'VtuneApi.dll' does not exist
LogWindows: Failed to load 'VtuneApi32e.dll' (GetLastError=126)
LogWindows: File 'VtuneApi32e.dll' does not exist
LogInit: Display: Running engine for game: Dinochan_v001
LogPlatformFile: Not using cached read wrapper
LogTaskGraph: Started task graph with 5 named threads and 35 total threads with 3 sets of task threads.
LogStats: Stats thread started at 0.444689
LogD3D11RHI: Loaded GFSDK_Aftermath_Lib.x64.dll
LogICUInternationalization: Display: ICU TimeZone Detection - Raw Offset: -5:00, Platform Override: ''
LogPluginManager: Mounting plugin Paper2D
LogPluginManager: Mounting plugin AISupport
LogPluginManager: Mounting plugin LightPropagationVolume
LogPluginManager: Mounting plugin CLionSourceCodeAccess
LogPluginManager: Mounting plugin CodeLiteSourceCodeAccess
LogPluginManager: Mounting plugin GitSourceControl
LogPluginManager: Mounting plugin KDevelopSourceCodeAccess
LogPluginManager: Mounting plugin NullSourceCodeAccess
LogPluginManager: Mounting plugin PerforceSourceControl
LogPluginManager: Mounting plugin SubversionSourceControl
LogPluginManager: Mounting plugin UObjectPlugin
LogPluginManager: Mounting plugin VisualStudioCodeSourceCodeAccess
LogPluginManager: Mounting plugin VisualStudioSourceCodeAccess
LogPluginManager: Mounting plugin XCodeSourceCodeAccess
LogPluginManager: Mounting plugin AssetManagerEditor
LogPluginManager: Mounting plugin CryptoKeys
LogPluginManager: Mounting plugin DataValidation
LogPluginManager: Mounting plugin FacialAnimation
LogPluginManager: Mounting plugin GameplayTagsEditor
LogPluginManager: Mounting plugin MacGraphicsSwitching
LogPluginManager: Mounting plugin MeshEditor
LogPluginManager: Mounting plugin MobileLauncherProfileWizard
LogPluginManager: Mounting plugin PluginBrowser
LogPluginManager: Mounting plugin SpeedTreeImporter
LogPluginManager: Mounting plugin DatasmithContent
LogPluginManager: Mounting plugin AlembicImporter
LogPluginManager: Mounting plugin AppleImageUtils
LogPluginManager: Mounting plugin AppleVision
LogPluginManager: Mounting plugin BackChannel
LogPluginManager: Mounting plugin CharacterAI
LogPluginManager: Mounting plugin GeometryCache
LogPluginManager: Mounting plugin HTML5Networking
LogPluginManager: Mounting plugin ProxyLODPlugin
LogPluginManager: Mounting plugin MagicLeap
LogPluginManager: Mounting plugin MagicLeapEmulator
LogPluginManager: Mounting plugin MagicLeapMedia
LogPluginManager: Mounting plugin AndroidMedia
LogPluginManager: Mounting plugin AvfMedia
LogPluginManager: Mounting plugin ImgMedia
LogPluginManager: Mounting plugin LinearTimecode
LogPluginManager: Mounting plugin MediaCompositing
LogPluginManager: Mounting plugin MediaPlayerEditor
LogPluginManager: Mounting plugin WmfMedia
LogPluginManager: Mounting plugin TcpMessaging
LogPluginManager: Mounting plugin UdpMessaging
LogPluginManager: Mounting plugin ActorSequence
LogPluginManager: Mounting plugin LevelSequenceEditor
LogPluginManager: Mounting plugin MatineeToLevelSequence
LogPluginManager: Mounting plugin NetcodeUnitTest
LogPluginManager: Mounting plugin NUTUnrealEngine4
LogPluginManager: Mounting plugin OnlineSubsystemGooglePlay
LogPluginManager: Mounting plugin OnlineSubsystemIOS
LogPluginManager: Mounting plugin OnlineSubsystem
LogPluginManager: Mounting plugin OnlineSubsystemNull
LogPluginManager: Mounting plugin OnlineSubsystemUtils
LogPluginManager: Mounting plugin LauncherChunkInstaller
LogPluginManager: Mounting plugin AndroidDeviceProfileSelector
LogPluginManager: Mounting plugin AndroidMoviePlayer
LogPluginManager: Mounting plugin AndroidPermission
LogPluginManager: Mounting plugin AppleMoviePlayer
LogPluginManager: Mounting plugin ArchVisCharacter
LogPluginManager: Mounting plugin AudioCapture
LogPluginManager: Mounting plugin CableComponent
LogPluginManager: Mounting plugin CustomMeshComponent
LogPluginManager: Mounting plugin EditableMesh
LogPluginManager: Mounting plugin ExampleDeviceProfileSelector
LogPluginManager: Mounting plugin GoogleCloudMessaging
LogPluginManager: Mounting plugin ImmediatePhysics
LogPluginManager: Mounting plugin IOSDeviceProfileSelector
LogPluginManager: Mounting plugin LinuxDeviceProfileSelector
LogPluginManager: Mounting plugin LocationServicesBPLibrary
LogPluginManager: Mounting plugin MobilePatchingUtils
LogPluginManager: Mounting plugin OculusVR
LogPluginManager: Plugin shader directory ../../../Engine/Plugins/Runtime/Oculus/OculusVR/Shaders found
LogPluginManager: Mapping shader source directory ../../../Engine/Plugins/Runtime/Oculus/OculusVR/Shaders to virtual directory /Plugin/OculusVR
LogPluginManager: Mounting plugin PhysXVehicles
LogPluginManager: Mounting plugin ProceduralMeshComponent
LogPluginManager: Mounting plugin RuntimePhysXCooking
LogPluginManager: Mounting plugin SteamVR
LogPluginManager: Mounting plugin WindowsMoviePlayer
LogStreaming: Display: Took  0.146s to configure plugins.
LogInit: Using libcurl 7.55.1-DEV
LogInit:  - built for x86_64-pc-win32
LogInit:  - supports SSL with OpenSSL/1.0.2h
LogInit:  - supports HTTP deflate (compression) using libz 1.2.8
LogInit:  - other features:
LogInit:      CURL_VERSION_SSL
LogInit:      CURL_VERSION_LIBZ
LogInit:      CURL_VERSION_IPV6
LogInit:      CURL_VERSION_ASYNCHDNS
LogInit:      CURL_VERSION_LARGEFILE
LogInit:      CURL_VERSION_IDN
LogInit:  CurlRequestOptions (configurable via config and command line):
LogInit:  - bVerifyPeer = false  - Libcurl will NOT verify peer certificate
LogInit:  - bUseHttpProxy = false  - Libcurl will NOT use HTTP proxy
LogInit:  - bDontReuseConnections = false  - Libcurl will reuse connections
LogInit:  - CertBundlePath = nullptr  - Libcurl will use whatever was configured at build time.
LogInit:  - MaxHostConnections = 16  - Libcurl will limit the number of connections to a host
LogInit:  - LocalHostAddr = Default
LogInit:  - BufferSize = 65536
LogInit: WinSock: version 1.1 (2.2), MaxSocks=32767, MaxUdp=65467
LogInit: Build: ++UE4+Release-4.20-CL-4369336
LogInit: Engine Version: 4.20.3-4369336+++UE4+Release-4.20
LogInit: Compatible Engine Version: 4.20.0-4212847+++UE4+Release-4.20
LogInit: Net CL: 4212847
LogInit: OS: Windows 10 (), CPU: AMD Ryzen 5 1600 Six-Core Processor            , GPU: NVIDIA GeForce GTX 1070
LogInit: Compiled (64-bit): Sep 17 2018 12:26:19
LogInit: Compiled with Visual C++: 19.13.26129.00
LogInit: Build Configuration: Development
LogInit: Branch Name: ++UE4+Release-4.20
LogInit: Command Line: 
LogInit: Base Directory: C:/Program Files/Epic Games/UE_4.20/Engine/Binaries/Win64/
LogInit: Installed Engine Build: 1
LogDevObjectVersion: Number of dev versions registered: 20
LogDevObjectVersion:   Dev-Blueprints (B0D832E4-1F89-4F0D-ACCF-7EB736FD4AA2): 10
LogDevObjectVersion:   Dev-Build (E1C64328-A22C-4D53-A36C-8E866417BD8C): 0
LogDevObjectVersion:   Dev-Core (375EC13C-06E4-48FB-B500-84F0262A717E): 2
LogDevObjectVersion:   Dev-Editor (E4B068ED-F494-42E9-A231-DA0B2E46BB41): 24
LogDevObjectVersion:   Dev-Framework (CFFC743F-43B0-4480-9391-14DF171D2073): 34
LogDevObjectVersion:   Dev-Mobile (B02B49B5-BB20-44E9-A304-32B752E40360): 2
LogDevObjectVersion:   Dev-Networking (A4E4105C-59A1-49B5-A7C5-40C4547EDFEE): 0
LogDevObjectVersion:   Dev-Online (39C831C9-5AE6-47DC-9A44-9C173E1C8E7C): 0
LogDevObjectVersion:   Dev-Physics (78F01B33-EBEA-4F98-B9B4-84EACCB95AA2): 0
LogDevObjectVersion:   Dev-Platform (6631380F-2D4D-43E0-8009-CF276956A95A): 0
LogDevObjectVersion:   Dev-Rendering (12F88B9F-8875-4AFC-A67C-D90C383ABD29): 26
LogDevObjectVersion:   Dev-Sequencer (7B5AE74C-D270-4C10-A958-57980B212A5A): 9
LogDevObjectVersion:   Dev-VR (D7296918-1DD6-4BDD-9DE2-64A83CC13884): 2
LogDevObjectVersion:   Dev-LoadTimes (C2A15278-BFE7-4AFE-6C17-90FF531DF755): 1
LogDevObjectVersion:   Private-Geometry (6EACA3D4-40EC-4CC1-B786-8BED09428FC5): 3
LogDevObjectVersion:   Dev-AnimPhys (29E575DD-E0A3-4627-9D10-D276232CDCEA): 17
LogDevObjectVersion:   Dev-ReflectionCapture (6B266CEC-1EC7-4B8F-A30B-E4D90942FC07): 1
LogDevObjectVersion:   Dev-Automation (0DF73D61-A23F-47EA-B727-89E90C41499A): 1
LogDevObjectVersion:   FortniteMain (601D1886-AC64-4F84-AA16-D3DE0DEAC7D6): 12
LogDevObjectVersion:   Dev-Enterprise (9DFFBCD6-494F-0158-E221-12823C92A888): 1
LogStreaming: Display: Took  0.009s to delete old logs.
LogInit: Presizing for max 8388607 objects, including 0 objects not considered by GC, pre-allocating 0 bytes for permanent pool.
LogInit: Object subsystem initialized
[2019.04.28-03.46.15:062][  0]LogInit: Selected Device Profile: [Windows]
[2019.04.28-03.46.15:063][  0]LogInit: Applying CVar settings loaded from the selected device profile: [Windows]
[2019.04.28-03.46.15:077][  0]LogHAL: Display: Platform has ~ 16 GB [17130070016 / 17179869184 / 16], which maps to Larger [LargestMinGB=32, LargerMinGB=12, DefaultMinGB=8, SmallerMinGB=6, SmallestMinGB=0)
[2019.04.28-03.46.15:077][  0]LogInit: Setting Device Profile CVar: [[r.Vulkan.UseRealUBs:1]]
[2019.04.28-03.46.15:077][  0]LogInit: Going up to parent DeviceProfile []
[2019.04.28-03.46.15:077][  0]LogInit: Computer: DESKTOP-ORUU3QM
[2019.04.28-03.46.15:077][  0]LogInit: User: Rueben
[2019.04.28-03.46.15:077][  0]LogInit: CPU Page size=4096, Cores=6
[2019.04.28-03.46.15:077][  0]LogInit: High frequency timer resolution =3.124999 MHz
[2019.04.28-03.46.15:077][  0]LogMemory: Memory total: Physical=16.0GB (16GB approx)
[2019.04.28-03.46.15:077][  0]LogMemory: Platform Memory Stats for Windows
[2019.04.28-03.46.15:077][  0]LogMemory: Process Physical Memory: 103.79 MB used, 103.79 MB peak
[2019.04.28-03.46.15:077][  0]LogMemory: Process Virtual Memory: 103.98 MB used, 103.98 MB peak
[2019.04.28-03.46.15:077][  0]LogMemory: Physical Memory: 7416.55 MB used,  8919.95 MB free, 16336.51 MB total
[2019.04.28-03.46.15:077][  0]LogMemory: Virtual Memory: 4675.65 MB used,  8919.95 MB free, 134217728.00 MB total
[2019.04.28-03.46.15:108][  0]LogInit: Using OS detected language (en-US).
[2019.04.28-03.46.15:108][  0]LogInit: Using OS detected locale (en-US).
[2019.04.28-03.46.15:110][  0]LogTextLocalizationManager: No specific localization for 'en-US' exists, so the 'en' localization will be used.
[2019.04.28-03.46.15:564][  0]LogStreaming: Display: Took  0.456s to InitEngineTextLocalization.
[2019.04.28-03.46.15:564][  0]LogInit: Setting process to per monitor DPI aware
[2019.04.28-03.46.15:597][  0]LogSlate: New Slate User Created.  User Index 0, Is Virtual User: 0
[2019.04.28-03.46.15:597][  0]LogSlate: Slate User Registered.  User Index 0, Is Virtual User: 0
[2019.04.28-03.46.15:813][  0]LogHMD: Failed to initialize OpenVR with code 110
[2019.04.28-03.46.15:813][  0]LogD3D11RHI: D3D11 adapters:
[2019.04.28-03.46.15:873][  0]LogD3D11RHI:    0. 'NVIDIA GeForce GTX 1070' (Feature Level 11_0)
[2019.04.28-03.46.15:873][  0]LogD3D11RHI:       8096/0/8168 MB DedicatedVideo/DedicatedSystem/SharedSystem, Outputs:1, VendorId:0x10de
[2019.04.28-03.46.15:876][  0]LogD3D11RHI:    1. 'Microsoft Basic Render Driver' (Feature Level 11_0)
[2019.04.28-03.46.15:876][  0]LogD3D11RHI:       0/0/8168 MB DedicatedVideo/DedicatedSystem/SharedSystem, Outputs:0, VendorId:0x1414
[2019.04.28-03.46.15:877][  0]LogD3D11RHI: Chosen D3D11 Adapter: 0
[2019.04.28-03.46.15:888][  0]LogD3D11RHI: Creating new Direct3DDevice
[2019.04.28-03.46.15:888][  0]LogD3D11RHI:     GPU DeviceId: 0x1b81 (for the marketing name, search the web for "GPU Device Id")
[2019.04.28-03.46.15:888][  0]LogWindows: EnumDisplayDevices:
[2019.04.28-03.46.15:888][  0]LogWindows:    0. 'NVIDIA GeForce GTX 1070' (P:1 D:1)
[2019.04.28-03.46.15:889][  0]LogWindows:    1. 'NVIDIA GeForce GTX 1070' (P:0 D:0)
[2019.04.28-03.46.15:889][  0]LogWindows:    2. 'NVIDIA GeForce GTX 1070' (P:0 D:0)
[2019.04.28-03.46.15:889][  0]LogWindows:    3. 'NVIDIA GeForce GTX 1070' (P:0 D:0)
[2019.04.28-03.46.15:889][  0]LogWindows: DebugString: FoundDriverCount:4 
[2019.04.28-03.46.15:889][  0]LogD3D11RHI:     Adapter Name: NVIDIA GeForce GTX 1070
[2019.04.28-03.46.15:889][  0]LogD3D11RHI:   Driver Version: 388.13 (internal:23.21.13.8813, unified:388.13)
[2019.04.28-03.46.15:889][  0]LogD3D11RHI:      Driver Date: 10-27-2017
[2019.04.28-03.46.15:889][  0]LogRHI: Texture pool is 5667 MB (70% of 8096 MB)
[2019.04.28-03.46.15:930][  0]LogD3D11RHI: Async texture creation enabled
[2019.04.28-03.46.15:942][  0]LogD3D11RHI: GPU Timing Frequency: 1000.000000 (Debug: 2 1)
[2019.04.28-03.46.15:992][  0]LogShaderCompilers: Guid format shader working directory is -51 characters bigger than the processId version (../../../../../../Users/Rueben/Documents/Unreal Projects/DinoChan/Dinochan/Dinochan_v001_UE4.20.3/Intermediate/Shaders/WorkingDirectory/19452/).
[2019.04.28-03.46.15:992][  0]LogShaderCompilers: Cleaned the shader compiler working directory 'C:/Users/Rueben/AppData/Local/Temp/UnrealShaderWorkingDir/11E3AC33478F6F63306B08B813E69D1F/'.
[2019.04.28-03.46.16:313][  0]LogTemp: Display: Loaded TP AllDesktopTargetPlatform
[2019.04.28-03.46.16:331][  0]LogTemp: Display: Loaded TP MacClientTargetPlatform
[2019.04.28-03.46.16:346][  0]LogTemp: Display: Loaded TP MacNoEditorTargetPlatform
[2019.04.28-03.46.16:367][  0]LogTemp: Display: Loaded TP MacServerTargetPlatform
[2019.04.28-03.46.16:386][  0]LogTemp: Display: Loaded TP MacTargetPlatform
[2019.04.28-03.46.16:403][  0]LogTemp: Display: Loaded TP WindowsClientTargetPlatform
[2019.04.28-03.46.16:421][  0]LogTemp: Display: Loaded TP WindowsNoEditorTargetPlatform
[2019.04.28-03.46.16:439][  0]LogTemp: Display: Loaded TP WindowsServerTargetPlatform
[2019.04.28-03.46.16:447][  0]LogTemp: Display: Loaded TP WindowsTargetPlatform
[2019.04.28-03.46.16:555][  0]LogTemp: Display: Loaded TP AndroidTargetPlatform
[2019.04.28-03.46.16:555][  0]LogTemp: Display: Loaded TP AndroidTargetPlatform
[2019.04.28-03.46.16:555][  0]LogTemp: Display: Loaded TP AndroidTargetPlatform
[2019.04.28-03.46.16:555][  0]LogTemp: Display: Loaded TP AndroidTargetPlatform
[2019.04.28-03.46.16:555][  0]LogTemp: Display: Loaded TP AndroidTargetPlatform
[2019.04.28-03.46.16:555][  0]LogTemp: Display: Loaded TP AndroidTargetPlatform
[2019.04.28-03.46.16:555][  0]LogTemp: Display: Loaded TP AndroidTargetPlatform
[2019.04.28-03.46.16:555][  0]LogTemp: Display: Loaded TP AndroidTargetPlatform
[2019.04.28-03.46.16:555][  0]LogTemp: Display: Loaded TP AndroidTargetPlatform
[2019.04.28-03.46.16:555][  0]LogTemp: Display: Loaded TP AndroidTargetPlatform
[2019.04.28-03.46.16:555][  0]LogTemp: Display: Loaded TP AndroidTargetPlatform
[2019.04.28-03.46.16:555][  0]LogTemp: Display: Loaded TP AndroidTargetPlatform
[2019.04.28-03.46.16:555][  0]LogTemp: Display: Loaded TP AndroidTargetPlatform
[2019.04.28-03.46.16:555][  0]LogTemp: Display: Loaded TP AndroidTargetPlatform
[2019.04.28-03.46.16:555][  0]LogTemp: Display: Loaded TP AndroidTargetPlatform
[2019.04.28-03.46.16:555][  0]LogTemp: Display: Loaded TP AndroidTargetPlatform
[2019.04.28-03.46.16:555][  0]LogTemp: Display: Loaded TP AndroidTargetPlatform
[2019.04.28-03.46.16:555][  0]LogTemp: Display: Loaded TP AndroidTargetPlatform
[2019.04.28-03.46.16:557][  0]LogTemp: Display: Loaded TP HTML5TargetPlatform
[2019.04.28-03.46.16:635][  0]LogTemp: Display: Loaded TP IOSTargetPlatform
[2019.04.28-03.46.16:635][  0]LogTemp: Display: Loaded TP IOSTargetPlatform
[2019.04.28-03.46.16:673][  0]LogTemp: Display: Loaded TP TVOSTargetPlatform
[2019.04.28-03.46.16:673][  0]LogTemp: Display: Loaded TP TVOSTargetPlatform
[2019.04.28-03.46.16:690][  0]LogTemp: Display: Loaded TP LinuxClientTargetPlatform
[2019.04.28-03.46.16:708][  0]LogTemp: Display: Loaded TP LinuxNoEditorTargetPlatform
[2019.04.28-03.46.16:724][  0]LogTemp: Display: Loaded TP LinuxServerTargetPlatform
[2019.04.28-03.46.16:743][  0]LogTemp: Display: Loaded TP LinuxTargetPlatform
[2019.04.28-03.46.16:757][  0]LogTemp: Display: Loaded TP LuminTargetPlatform
[2019.04.28-03.46.16:757][  0]LogTargetPlatformManager: Display: Building Assets For Windows
[2019.04.28-03.46.16:842][  0]LogXGEController: Cannot use XGE Controller as Incredibuild is not installed on this machine.
[2019.04.28-03.46.16:842][  0]LogShaderCompilers: Cannot use XGE Shader Compiler as Incredibuild is not installed on this machine.
[2019.04.28-03.46.16:842][  0]LogShaderCompilers: Display: Using Local Shader Compiler.
[2019.04.28-03.46.17:762][  0]LogDerivedDataCache: Display: Max Cache Size: 512 MB
[2019.04.28-03.46.17:820][  0]LogDerivedDataCache: Loaded boot cache 0.06s 71MB C:/Users/Rueben/AppData/Local/UnrealEngine/4.20/DerivedDataCache/Boot.ddc.
[2019.04.28-03.46.17:820][  0]LogDerivedDataCache: Display: Loaded Boot cache: C:/Users/Rueben/AppData/Local/UnrealEngine/4.20/DerivedDataCache/Boot.ddc
[2019.04.28-03.46.17:820][  0]LogDerivedDataCache: FDerivedDataBackendGraph:  Pak pak cache file ../../../../../../Users/Rueben/Documents/Unreal Projects/DinoChan/Dinochan/Dinochan_v001_UE4.20.3/DerivedDataCache/DDC.ddp not found, will not use a pak cache.
[2019.04.28-03.46.17:820][  0]LogDerivedDataCache: Unable to find inner node Pak for hierarchical cache Hierarchy.
[2019.04.28-03.46.17:820][  0]LogDerivedDataCache: FDerivedDataBackendGraph:  CompressedPak pak cache file ../../../../../../Users/Rueben/Documents/Unreal Projects/DinoChan/Dinochan/Dinochan_v001_UE4.20.3/DerivedDataCache/Compressed.ddp not found, will not use a pak cache.
[2019.04.28-03.46.17:820][  0]LogDerivedDataCache: Unable to find inner node CompressedPak for hierarchical cache Hierarchy.
[2019.04.28-03.46.17:840][  0]LogDerivedDataCache: Display: Pak cache opened for reading ../../../Engine/DerivedDataCache/Compressed.ddp.
[2019.04.28-03.46.17:853][  0]LogDerivedDataCache: Using Local data cache path C:/Users/Rueben/AppData/Local/UnrealEngine/Common/DerivedDataCache: Writable
[2019.04.28-03.46.17:853][  0]LogDerivedDataCache: Shared data cache path not found in *engine.ini, will not use an Shared cache.
[2019.04.28-03.46.17:853][  0]LogDerivedDataCache: Unable to find inner node Shared for hierarchical cache Hierarchy.
[2019.04.28-03.46.17:874][  0]LogMaterial: Verifying Global Shaders for PCD3D_SM5
[2019.04.28-03.46.17:876][  0]LogSlate: Using FreeType 2.6.0
[2019.04.28-03.46.17:876][  0]LogSlate: SlateFontServices - WITH_FREETYPE: 1, WITH_HARFBUZZ: 1
[2019.04.28-03.46.17:955][  0]LogAssetRegistry: FAssetRegistry took 0.0271 seconds to start up
[2019.04.28-03.46.18:375][  0]LogInit: Selected Device Profile: [Windows]
[2019.04.28-03.46.18:528][  0]LogSimplygon: Simplygon DLL not present - disabling.
[2019.04.28-03.46.18:532][  0]LogMeshReduction: Using SimplygonSwarm for distributed automatic mesh merging
[2019.04.28-03.46.18:532][  0]LogMeshReduction: Using ProxyLODMeshReduction for automatic mesh merging
[2019.04.28-03.46.18:532][  0]LogMeshReduction: Using QuadricMeshReduction for automatic static mesh reduction
[2019.04.28-03.46.18:533][  0]LogMeshReduction: No automatic skeletal mesh reduction module available
[2019.04.28-03.46.18:548][  0]LogNetVersion: Dinochan_v001 1.0.0, NetCL: 4212847, EngineNetVer: 5, GameNetVer: 0 (Checksum: 2574802920)
[2019.04.28-03.46.19:248][  0]LogPackageLocalizationCache: Processed 11 localized package path(s) for 2 prioritized culture(s) in 0.173395 seconds
[2019.04.28-03.46.19:258][  0]LogUObjectArray: 38425 objects as part of root set at end of initial load.
[2019.04.28-03.46.19:258][  0]LogUObjectAllocator: 6690872 out of 0 bytes used by permanent object pool.
[2019.04.28-03.46.19:258][  0]LogUObjectArray: CloseDisregardForGC: 0/0 objects in disregard for GC pool
[2019.04.28-03.46.20:245][  0]LogTcpMessaging: Initializing TcpMessaging bridge
[2019.04.28-03.46.20:260][  0]LogUdpMessaging: Initializing bridge on interface 0.0.0.0:0 to multicast group 230.0.0.1:6666.
[2019.04.28-03.46.20:418][  0]SourceControl: Source control is disabled
[2019.04.28-03.46.20:418][  0]SourceControl: Source control is disabled
[2019.04.28-03.46.20:419][  0]SourceControl: Source control is disabled
[2019.04.28-03.46.20:421][  0]SourceControl: Source control is disabled
[2019.04.28-03.46.20:613][  0]LogAndroidPermission: UAndroidPermissionCallbackProxy::GetInstance
[2019.04.28-03.46.20:704][  0]LogOcInput: OculusInput pre-init called
[2019.04.28-03.46.20:783][  0]LogEngine: Initializing Engine...
[2019.04.28-03.46.20:784][  0]LogHMD: Failed to initialize OpenVR with code 110
[2019.04.28-03.46.20:785][  0]LogStats: UGameplayTagsManager::ConstructGameplayTagTree: ImportINI prefixes -  0.000 s
[2019.04.28-03.46.20:785][  0]LogStats: UGameplayTagsManager::ConstructGameplayTagTree: Construct from data asset -  0.000 s
[2019.04.28-03.46.20:785][  0]LogStats: UGameplayTagsManager::ConstructGameplayTagTree: ImportINI -  0.000 s
[2019.04.28-03.46.20:785][  0]LogStats: UGameplayTagsManager::ConstructGameplayTagTree: GameplayTagTreeChangedEvent.Broadcast -  0.000 s
[2019.04.28-03.46.21:034][  0]LogInit: Initializing FReadOnlyCVARCache
[2019.04.28-03.46.21:050][  0]LogAIModule: Creating AISystem for world Untitled
[2019.04.28-03.46.21:060][  0]LogInit: XAudio2 using 'VoiceMeeter Input (VB-Audio VoiceMeeter VAIO)' : 2 channels at 48 kHz using 16 bits per sample (channel mask 0x3)
[2019.04.28-03.46.21:070][  0]LogInit: FAudioDevice initialized.
[2019.04.28-03.46.21:070][  0]LogNetVersion: Set ProjectVersion to 1.0.0.0. Version Checksum will be recalculated on next use.
[2019.04.28-03.46.21:165][  0]LogDerivedDataCache: Saved boot cache 0.09s 71MB C:/Users/Rueben/AppData/Local/UnrealEngine/4.20/DerivedDataCache/Boot.ddc.
[2019.04.28-03.46.21:166][  0]LogInit: Texture streaming: Enabled
[2019.04.28-03.46.21:190][  0]LogEngineSessionManager: EngineSessionManager initialized
[2019.04.28-03.46.21:211][  0]LogInit: Transaction tracking system initialized
[2019.04.28-03.46.21:243][  0]BlueprintLog: New page: Editor Load
[2019.04.28-03.46.21:348][  0]LocalizationService: Localization service is disabled
[2019.04.28-03.46.21:646][  0]LogAutoReimportManager: Warning: Unable to watch directory ../../../../../../Users/Rueben/Documents/Unreal Projects/DinoChan/Dinochan/Dinochan_v001_UE4.20.3/Content/ as it will conflict with another watching ../../../../../../Users/Rueben/Documents/Unreal Projects/DinoChan/Dinochan/Dinochan_v001_UE4.20.3/Content/.
[2019.04.28-03.46.21:658][  0]LogCook: Display: Max memory allowance for cook 16384mb min free memory 0mb
[2019.04.28-03.46.21:658][  0]LogCook: Display: Mobile HDR setting 1
[2019.04.28-03.46.21:658][  0]LogGameplayTags: Display: UGameplayTagsManager::DoneAddingNativeTags. DelegateIsBound: 0
[2019.04.28-03.46.21:658][  0]LogStats: UGameplayTagsManager::ConstructGameplayTagTree: ImportINI prefixes -  0.000 s
[2019.04.28-03.46.21:658][  0]LogStats: UGameplayTagsManager::ConstructGameplayTagTree: Construct from data asset -  0.000 s
[2019.04.28-03.46.21:658][  0]LogStats: UGameplayTagsManager::ConstructGameplayTagTree: ImportINI -  0.000 s
[2019.04.28-03.46.21:658][  0]LogStats: UGameplayTagsManager::ConstructGameplayTagTree: GameplayTagTreeChangedEvent.Broadcast -  0.000 s
[2019.04.28-03.46.21:826][  0]LogFileCache: Scanning file cache for directory 'C:/Users/Rueben/Documents/Unreal Projects/DinoChan/Dinochan/Dinochan_v001_UE4.20.3/Content/' took 0.04s
[2019.04.28-03.46.21:826][  0]SourceControl: Source control is disabled
[2019.04.28-03.46.21:827][  0]LightingResults: New page: Lighting Build
[2019.04.28-03.46.21:831][  0]MapCheck: New page: Map Check
[2019.04.28-03.46.21:831][  0]LightingResults: New page: Lighting Build
[2019.04.28-03.46.21:921][  0]LogAIModule: Creating AISystem for world Persistant_Empty
[2019.04.28-03.46.21:922][  0]LogStreaming: Display: ULevelStreaming::RequestLevel(/Game/_Maps/SharedLevel/AssetLevel) is flushing async loading
[2019.04.28-03.46.21:922][  0]LogStreaming: Display: Flushing async loaders.
[2019.04.28-03.46.23:119][  0]LogStreaming: Display: ULevelStreaming::RequestLevel(/Game/_Maps/SharedLevel/Cine_Level) is flushing async loading
[2019.04.28-03.46.24:319][  0]LogStreaming: Display: ULevelStreaming::RequestLevel(/Game/_Maps/SharedLevel/BP_Level) is flushing async loading
[2019.04.28-03.46.24:875][  0]LogEditorServer: Finished looking for orphan Actors (0.000 secs)
[2019.04.28-03.46.24:916][  0]Cmd: MAP CHECKDEP NOCLEARLOG
[2019.04.28-03.46.25:037][  0]MapCheck: Map check complete: 0 Error(s), 0 Warning(s), took 120.774ms to complete.
[2019.04.28-03.46.25:037][  0]LogFileHelpers: Loading map 'Persistant_Empty' took 3.211
[2019.04.28-03.46.25:164][  0]LogSlate: Updating window title bar state: overlay mode, drag disabled, window buttons hidden, title bar hidden
[2019.04.28-03.46.25:174][  0]LogSlate: Updating window title bar state: overlay mode, drag disabled, window buttons hidden, title bar hidden
[2019.04.28-03.46.25:183][  0]LogSlate: Updating window title bar state: overlay mode, drag disabled, window buttons hidden, title bar hidden
[2019.04.28-03.46.25:193][  0]LogSlate: Updating window title bar state: overlay mode, drag disabled, window buttons hidden, title bar hidden
[2019.04.28-03.46.25:208][  0]LogCollectionManager: Loaded 0 collections in 0.002819 seconds
[2019.04.28-03.46.25:271][  0]LogFileCache: Scanning file cache for directory 'C:/Users/Rueben/Documents/Unreal Projects/DinoChan/Dinochan/Dinochan_v001_UE4.20.3/Saved/Collections/' took 0.01s
[2019.04.28-03.46.25:271][  0]LogFileCache: Scanning file cache for directory 'C:/Users/Rueben/Documents/Unreal Projects/DinoChan/Dinochan/Dinochan_v001_UE4.20.3/Content/Developers/Rueben/Collections/' took 0.01s
[2019.04.28-03.46.25:271][  0]LogFileCache: Scanning file cache for directory 'C:/Users/Rueben/Documents/Unreal Projects/DinoChan/Dinochan/Dinochan_v001_UE4.20.3/Content/Collections/' took 0.01s
[2019.04.28-03.46.25:271][  0]LogCollectionManager: Rebuilt the GUID cache for 0 collections in 0.000000 seconds
[2019.04.28-03.46.25:288][  0]LogContentBrowser: Native class hierarchy populated in 0.0144 seconds. Added 2572 classes and 603 folders.
[2019.04.28-03.46.25:302][  0]LogContentBrowser: Native class hierarchy updated for 'WidgetCarousel' in 0.0004 seconds. Added 0 classes and 0 folders.
[2019.04.28-03.46.25:481][  0]LogContentBrowser: Native class hierarchy updated for 'AddContentDialog' in 0.0004 seconds. Added 0 classes and 0 folders.
[2019.04.28-03.46.25:498][  0]LogContentBrowser: Native class hierarchy updated for 'SceneOutliner' in 0.0003 seconds. Added 1 classes and 2 folders.
[2019.04.28-03.46.25:530][  0]LogContentBrowser: Native class hierarchy updated for 'WorldBrowser' in 0.0003 seconds. Added 2 classes and 3 folders.
[2019.04.28-03.46.25:715][  0]LogSlate: Took 0.000246 seconds to synchronously load lazily loaded font '../../../Engine/Content/Slate/Fonts/Roboto-Regular.ttf' (155K)
[2019.04.28-03.46.25:719][  0]LogSlate: Took 0.000285 seconds to synchronously load lazily loaded font '../../../Engine/Content/Slate/Fonts/Roboto-Bold.ttf' (160K)
[2019.04.28-03.46.25:731][  0]LogSlate: Took 0.001386 seconds to synchronously load lazily loaded font '../../../Engine/Content/Editor/Slate/Fonts/FontAwesome.ttf' (139K)
[2019.04.28-03.46.25:838][  0]LogRenderer: Reallocating scene render targets to support 752x376 Format 10 NumSamples 1 (Frame:1).
[2019.04.28-03.46.25:980][  0]LogContentBrowser: Native class hierarchy updated for 'HierarchicalLODOutliner' in 0.0003 seconds. Added 0 classes and 0 folders.
[2019.04.28-03.46.25:980][  0]LogLoad: (Engine Initialization) Total time: 13.30 seconds
[2019.04.28-03.46.25:980][  0]LogLoad: (Engine Initialization) Total Blueprint compile time: 0.00 seconds
[2019.04.28-03.46.26:036][  0]LogContentStreaming: Texture pool size now 1000 MB
[2019.04.28-03.46.26:092][  0]LogSlate: Took 0.003133 seconds to synchronously load lazily loaded font '../../../Engine/Content/Slate/Fonts/Roboto-Light.ttf' (167K)
[2019.04.28-03.46.26:209][  2]LogAssetRegistry: Asset discovery search completed in 8.2770 seconds
[2019.04.28-03.46.26:212][  2]LogCollectionManager: Rebuilt the object cache for 0 collections in 0.000001 seconds (found 0 objects)
[2019.04.28-03.46.26:212][  2]LogCollectionManager: Fixed up redirectors for 0 collections in 0.000101 seconds (updated 0 objects)
[2019.04.28-03.46.31:196][ 17]LogFileCache: Retrieving MD5 hashes for directory 'C:/Users/Rueben/Documents/Unreal Projects/DinoChan/Dinochan/Dinochan_v001_UE4.20.3/Content/' took 5.19s
[2019.04.28-03.54.50:609][791]LogSlate: FSceneViewport::OnFocusLost() reason 0
[2019.04.28-03.55.02:184][124]LogSlate: FSceneViewport::OnFocusLost() reason 0
[2019.04.28-03.55.58:467][761]LogSlate: FSceneViewport::OnFocusLost() reason 0
[2019.04.28-03.55.58:621][779]LogSlate: Took 0.000237 seconds to synchronously load lazily loaded font '../../../Engine/Content/Slate/Fonts/Roboto-Light.ttf' (167K)
[2019.04.28-03.55.58:628][779]LogAssetEditorManager: Opening Asset editor for WidgetBlueprint /Game/4_UI_Widgets/OptionsMenu.OptionsMenu
[2019.04.28-03.55.59:269][779]LogContentBrowser: Native class hierarchy updated for 'BlueprintGraph' in 0.0009 seconds. Added 116 classes and 0 folders.
[2019.04.28-03.56.00:346][779]LogSlate: Took 0.001746 seconds to synchronously load lazily loaded font '../../../Engine/Content/Slate/Fonts/Roboto-BoldCondensed.ttf' (158K)
[2019.04.28-03.56.05:760][147]LogSlate: Window 'OptionsMenu' being destroyed
[2019.04.28-03.56.05:771][148]LogRenderer: Reallocating scene render targets to support 1128x444 Format 10 NumSamples 1 (Frame:50661).
[2019.04.28-04.00.34:765][504]AssetReimport: New page: Outstanding source content changes 8:00:34 PM
[2019.04.28-04.00.34:767][504]LogFactory: FactoryCreateFile: Texture with ReimportTextureFactory (0 0 C:/Users/Rueben/Documents/Unreal Projects/DinoChan/Dinochan/Dinochan_v001_UE4.20.3/Content/4_UI_Widgets/Images/BackArrow.png)
[2019.04.28-04.00.34:810][505]LogFactory: FactoryCreateFile: Texture with ReimportTextureFactory (0 0 C:/Users/Rueben/Documents/Unreal Projects/DinoChan/Dinochan/Dinochan_v001_UE4.20.3/Content/4_UI_Widgets/Images/BACK.png)
[2019.04.28-04.00.34:899][506]LogSavePackage: Moving '../../../../../../Users/Rueben/Documents/Unreal Projects/DinoChan/Dinochan/Dinochan_v001_UE4.20.3/Saved/BackArrow9BFDFA0A45FECC7D9A990F8403F3760B.tmp' to '../../../../../../Users/Rueben/Documents/Unreal Projects/DinoChan/Dinochan/Dinochan_v001_UE4.20.3/Content/4_UI_Widgets/Images/BackArrow.uasset'
[2019.04.28-04.00.34:939][506]LogSavePackage: Moving '../../../../../../Users/Rueben/Documents/Unreal Projects/DinoChan/Dinochan/Dinochan_v001_UE4.20.3/Saved/BACK752C7CDF40F9D557A043B5BAF181A736.tmp' to '../../../../../../Users/Rueben/Documents/Unreal Projects/DinoChan/Dinochan/Dinochan_v001_UE4.20.3/Content/4_UI_Widgets/Images/BACK.uasset'
[2019.04.28-04.00.37:960][833]AssetReimport: Importing new asset /Game/4_UI_Widgets/Images/BackArrow.
[2019.04.28-04.00.37:960][833]AssetReimport: Importing new asset /Game/4_UI_Widgets/Images/BACK.
[2019.04.28-04.01.28:159][511]LogTexture: Display: Building textures: OptionsMenu (AutoDXT, 1712X2112)
[2019.04.28-04.01.56:559][721]LogTexture: Display: Building textures: StartMenu_V3 (BGRA8, 1039X1316)
[2019.04.28-04.01.56:568][721]LogAssetEditorManager: Opening Asset editor for WidgetBlueprint /Game/4_UI_Widgets/MainMenu.MainMenu
[2019.04.28-04.02.16:380][875]LogAssetEditorManager: Opening Asset editor for WidgetBlueprint /Game/4_UI_Widgets/QuitMenu.QuitMenu
[2019.04.28-04.03.06:053][571]LogFileHelpers: Editor autosave (incl. sublevels) for '/Game/_Maps/SharedLevel/Persistant_Empty' took 0.048
[2019.04.28-04.03.06:055][571]OBJ SavePackage: Generating thumbnails for [0] asset(s) in package [/Game/4_UI_Widgets/OptionsMenu] ([1] browsable assets)...
[2019.04.28-04.03.06:055][571]OBJ SavePackage: Finished generating thumbnails for package [/Game/4_UI_Widgets/OptionsMenu]
[2019.04.28-04.03.06:103][571]LogSavePackage: Moving '../../../../../../Users/Rueben/Documents/Unreal Projects/DinoChan/Dinochan/Dinochan_v001_UE4.20.3/Saved/OptionsMenu_Auto19FE779CF43253CEF2222A1A57A2FB7F1.tmp' to '../../../../../../Users/Rueben/Documents/Unreal Projects/DinoChan/Dinochan/Dinochan_v001_UE4.20.3/Saved/Autosaves/Game/4_UI_Widgets/OptionsMenu_Auto1.uasset'
[2019.04.28-04.03.06:106][571]LogFileHelpers: Auto-saving content packages took 0.052
[2019.04.28-04.03.35:461][889]LogEditorTransaction: Undo Resize Widget
[2019.04.28-04.03.41:549][494]LogEditorTransaction: Undo Resize Widget
[2019.04.28-04.11.11:639][714]LogTexture: Display: Building textures: Options_VolumeSlider (BGRA8, 1190X182)
[2019.04.28-04.11.44:205][145]LogEditorTransaction: Undo Set Vector Property
[2019.04.28-04.15.54:638][948]LogEditorTransaction: Undo Move Widget
[2019.04.28-04.17.12:158][492]LogFileHelpers: Editor autosave (incl. sublevels) for '/Game/_Maps/SharedLevel/Persistant_Empty' took 0.051
[2019.04.28-04.17.12:159][492]OBJ SavePackage: Generating thumbnails for [0] asset(s) in package [/Game/4_UI_Widgets/OptionsMenu] ([1] browsable assets)...
[2019.04.28-04.17.12:160][492]OBJ SavePackage: Finished generating thumbnails for package [/Game/4_UI_Widgets/OptionsMenu]
[2019.04.28-04.17.12:193][492]LogSavePackage: Moving '../../../../../../Users/Rueben/Documents/Unreal Projects/DinoChan/Dinochan/Dinochan_v001_UE4.20.3/Saved/OptionsMenu_Auto20FD9D5C54CEE0BDAC49616ACD285AA1B.tmp' to '../../../../../../Users/Rueben/Documents/Unreal Projects/DinoChan/Dinochan/Dinochan_v001_UE4.20.3/Saved/Autosaves/Game/4_UI_Widgets/OptionsMenu_Auto2.uasset'
[2019.04.28-04.17.12:198][492]LogFileHelpers: Auto-saving content packages took 0.039
[2019.04.28-04.18.49:299][388]LogEditorTransaction: Undo Resize Widget
[2019.04.28-04.18.49:741][422]LogEditorTransaction: Undo Edit Size To Content
[2019.04.28-04.18.50:213][470]LogEditorTransaction: Undo Edit Size To Content
[2019.04.28-04.18.50:749][525]LogEditorTransaction: Undo Wrap Widgets
[2019.04.28-04.19.18:786][455]LogEditorTransaction: Undo Move Widget
[2019.04.28-04.19.18:997][471]LogEditorTransaction: Undo Move Widget
[2019.04.28-04.19.19:443][510]LogEditorTransaction: Undo Wrap Widgets
[2019.04.28-04.19.39:397][733]LogEditorTransaction: Undo Move Widgets
[2019.04.28-04.19.39:964][779]LogEditorTransaction: Undo Wrap Widgets
[2019.04.28-04.19.58:890][843]LogEditorTransaction: Undo Wrap Widgets
[2019.04.28-04.20.29:625][198]LogEditorTransaction: Undo Wrap Widgets
[2019.04.28-04.20.50:690][492]LogEditorTransaction: Undo Wrap Widgets
[2019.04.28-04.21.04:801][114]LogEditorTransaction: Undo Move Widget
[2019.04.28-04.23.50:080][740]LogTexture: Display: Building textures: Options_ResFull (BGRA8, 160X117)
[2019.04.28-04.24.15:966][499]LogUObjectHash: Warning: Ambiguous search, could be CanvasPanel /Game/4_UI_Widgets/InventoryMenu.InventoryMenu:WidgetTree.CanvasPanel_0 or CanvasPanel /Game/4_UI_Widgets/InventoryMenu.SKEL_InventoryMenu_C:WidgetTree.CanvasPanel_0
[2019.04.28-04.24.15:966][499]LogUObjectHash: Warning: Ambiguous search, could be CanvasPanel /Game/4_UI_Widgets/InventoryMenu.InventoryMenu:WidgetTree.CanvasPanel_0 or CanvasPanel /Game/4_UI_Widgets/InventoryMenu.InventoryMenu_C:WidgetTree.CanvasPanel_0
[2019.04.28-04.24.15:966][499]LogUObjectHash: Warning: Ambiguous search, could be CanvasPanel /Game/4_UI_Widgets/InventoryMenu.InventoryMenu:WidgetTree.CanvasPanel_0 or CanvasPanel /Game/4_UI_Widgets/OptionsMenu.OptionsMenu:WidgetTree.CanvasPanel_0
[2019.04.28-04.24.15:966][499]LogUObjectHash: Warning: Ambiguous search, could be CanvasPanel /Game/4_UI_Widgets/InventoryMenu.InventoryMenu:WidgetTree.CanvasPanel_0 or CanvasPanel /Game/4_UI_Widgets/PauseMenu.PauseMenu:WidgetTree.CanvasPanel_0
[2019.04.28-04.24.15:966][499]LogUObjectHash: Warning: Ambiguous search, could be CanvasPanel /Game/4_UI_Widgets/InventoryMenu.InventoryMenu:WidgetTree.CanvasPanel_0 or CanvasPanel /Game/4_UI_Widgets/QuitMenu.QuitMenu:WidgetTree.CanvasPanel_0
[2019.04.28-04.24.15:966][499]LogUObjectHash: Warning: Ambiguous search, could be CanvasPanel /Game/4_UI_Widgets/InventoryMenu.InventoryMenu:WidgetTree.CanvasPanel_0 or CanvasPanel /Engine/Transient.World_3:OptionsMenu_C_13.WidgetTree_0.CanvasPanel_0
[2019.04.28-04.24.15:966][499]LogUObjectHash: Warning: Ambiguous search, could be CanvasPanel /Game/4_UI_Widgets/InventoryMenu.InventoryMenu:WidgetTree.CanvasPanel_0 or CanvasPanel /Game/4_UI_Widgets/PauseMenu.SKEL_PauseMenu_C:WidgetTree.CanvasPanel_0
[2019.04.28-04.24.15:966][499]LogUObjectHash: Warning: Ambiguous search, could be CanvasPanel /Game/4_UI_Widgets/InventoryMenu.InventoryMenu:WidgetTree.CanvasPanel_0 or CanvasPanel /Game/4_UI_Widgets/QuitMenu.SKEL_QuitMenu_C:WidgetTree.CanvasPanel_0
[2019.04.28-04.24.15:966][499]LogUObjectHash: Warning: Ambiguous search, could be CanvasPanel /Game/4_UI_Widgets/InventoryMenu.InventoryMenu:WidgetTree.CanvasPanel_0 or CanvasPanel /Game/4_UI_Widgets/OptionsMenu.OptionsMenu_C:WidgetTree.CanvasPanel_0
[2019.04.28-04.24.15:966][499]LogUObjectHash: Warning: Ambiguous search, could be CanvasPanel /Game/4_UI_Widgets/InventoryMenu.InventoryMenu:WidgetTree.CanvasPanel_0 or CanvasPanel /Game/4_UI_Widgets/PauseMenu.PauseMenu_C:WidgetTree.CanvasPanel_0
[2019.04.28-04.24.15:966][499]LogUObjectHash: Warning: Ambiguous search, could be CanvasPanel /Game/4_UI_Widgets/InventoryMenu.InventoryMenu:WidgetTree.CanvasPanel_0 or CanvasPanel /Game/4_UI_Widgets/QuitMenu.QuitMenu_C:WidgetTree.CanvasPanel_0
[2019.04.28-04.24.15:966][499]LogUObjectHash: Warning: Ambiguous search, could be CanvasPanel /Game/4_UI_Widgets/InventoryMenu.InventoryMenu:WidgetTree.CanvasPanel_0 or CanvasPanel /Game/4_UI_Widgets/Timer.Timer:WidgetTree.CanvasPanel_0
[2019.04.28-04.24.15:966][499]LogUObjectHash: Warning: Ambiguous search, could be CanvasPanel /Game/4_UI_Widgets/InventoryMenu.InventoryMenu:WidgetTree.CanvasPanel_0 or CanvasPanel /Game/4_UI_Widgets/Timer.SKEL_Timer_C:WidgetTree.CanvasPanel_0
[2019.04.28-04.24.15:966][499]LogUObjectHash: Warning: Ambiguous search, could be CanvasPanel /Game/4_UI_Widgets/InventoryMenu.InventoryMenu:WidgetTree.CanvasPanel_0 or CanvasPanel /Game/4_UI_Widgets/Timer.Timer_C:WidgetTree.CanvasPanel_0
[2019.04.28-04.24.15:966][499]LogUObjectHash: Warning: Ambiguous search, could be CanvasPanel /Game/4_UI_Widgets/InventoryMenu.InventoryMenu:WidgetTree.CanvasPanel_0 or CanvasPanel /Engine/Transient.World_3:OptionsMenu_C_12.WidgetTree_0.CanvasPanel_0
[2019.04.28-04.24.15:966][499]LogUObjectHash: Warning: Ambiguous search, could be CanvasPanel /Game/4_UI_Widgets/InventoryMenu.InventoryMenu:WidgetTree.CanvasPanel_0 or CanvasPanel /Engine/Transient.World_3:OptionsMenu_C_11.WidgetTree_0.CanvasPanel_0
[2019.04.28-04.24.15:966][499]LogUObjectHash: Warning: Ambiguous search, could be CanvasPanel /Game/4_UI_Widgets/InventoryMenu.InventoryMenu:WidgetTree.CanvasPanel_0 or CanvasPanel /Engine/Transient.World_3:OptionsMenu_C_45.WidgetTree_0.CanvasPanel_0
[2019.04.28-04.24.15:966][499]LogUObjectHash: Warning: Ambiguous search, could be CanvasPanel /Game/4_UI_Widgets/InventoryMenu.InventoryMenu:WidgetTree.CanvasPanel_0 or CanvasPanel /Engine/Transient.World_3:OptionsMenu_C_44.WidgetTree_0.CanvasPanel_0
[2019.04.28-04.24.15:966][499]LogUObjectHash: Warning: Ambiguous search, could be CanvasPanel /Game/4_UI_Widgets/InventoryMenu.InventoryMenu:WidgetTree.CanvasPanel_0 or CanvasPanel /Engine/Transient.World_3:OptionsMenu_C_2.WidgetTree_0.CanvasPanel_0
[2019.04.28-04.24.15:966][499]LogUObjectHash: Warning: Ambiguous search, could be CanvasPanel /Game/4_UI_Widgets/InventoryMenu.InventoryMenu:WidgetTree.CanvasPanel_0 or CanvasPanel /Engine/Transient.World_3:OptionsMenu_C_43.WidgetTree_0.CanvasPanel_0
[2019.04.28-04.24.15:967][499]LogUObjectHash: Warning: Ambiguous search, could be CanvasPanel /Game/4_UI_Widgets/InventoryMenu.InventoryMenu:WidgetTree.CanvasPanel_0 or CanvasPanel /Engine/Transient.World_3:OptionsMenu_C_3.WidgetTree_0.CanvasPanel_0
[2019.04.28-04.24.15:967][499]LogUObjectHash: Warning: Ambiguous search, could be CanvasPanel /Game/4_UI_Widgets/InventoryMenu.InventoryMenu:WidgetTree.CanvasPanel_0 or CanvasPanel /Engine/Transient.World_3:OptionsMenu_C_42.WidgetTree_0.CanvasPanel_0
[2019.04.28-04.24.15:967][499]LogUObjectHash: Warning: Ambiguous search, could be CanvasPanel /Game/4_UI_Widgets/InventoryMenu.InventoryMenu:WidgetTree.CanvasPanel_0 or CanvasPanel /Game/4_UI_Widgets/MainMenu.MainMenu:WidgetTree.CanvasPanel_0
[2019.04.28-04.24.15:967][499]LogUObjectHash: Warning: Ambiguous search, could be CanvasPanel /Game/4_UI_Widgets/InventoryMenu.InventoryMenu:WidgetTree.CanvasPanel_0 or CanvasPanel /Game/4_UI_Widgets/MainMenu.SKEL_MainMenu_C:WidgetTree.CanvasPanel_0
[2019.04.28-04.24.15:967][499]LogUObjectHash: Warning: Ambiguous search, could be CanvasPanel /Game/4_UI_Widgets/InventoryMenu.InventoryMenu:WidgetTree.CanvasPanel_0 or CanvasPanel /Game/4_UI_Widgets/MainMenu.MainMenu_C:WidgetTree.CanvasPanel_0
[2019.04.28-04.24.15:967][499]LogUObjectHash: Warning: Ambiguous search, could be CanvasPanel /Game/4_UI_Widgets/InventoryMenu.InventoryMenu:WidgetTree.CanvasPanel_0 or CanvasPanel /Engine/Transient.World_3:OptionsMenu_C_8.WidgetTree_0.CanvasPanel_0
[2019.04.28-04.24.15:967][499]LogUObjectHash: Warning: Ambiguous search, could be CanvasPanel /Game/4_UI_Widgets/InventoryMenu.InventoryMenu:WidgetTree.CanvasPanel_0 or CanvasPanel /Engine/Transient.World_5:MainMenu_C_1.WidgetTree_0.CanvasPanel_0
[2019.04.28-04.24.15:967][499]LogUObjectHash: Warning: Ambiguous search, could be CanvasPanel /Game/4_UI_Widgets/InventoryMenu.InventoryMenu:WidgetTree.CanvasPanel_0 or CanvasPanel /Engine/Transient.World_3:OptionsMenu_C_41.WidgetTree_0.CanvasPanel_0
[2019.04.28-04.24.15:967][499]LogUObjectHash: Warning: Ambiguous search, could be CanvasPanel /Game/4_UI_Widgets/InventoryMenu.InventoryMenu:WidgetTree.CanvasPanel_0 or CanvasPanel /Engine/Transient.World_7:QuitMenu_C_1.WidgetTree_0.CanvasPanel_0
[2019.04.28-04.24.15:967][499]LogUObjectHash: Warning: Ambiguous search, could be CanvasPanel /Game/4_UI_Widgets/InventoryMenu.InventoryMenu:WidgetTree.CanvasPanel_0 or CanvasPanel /Engine/Transient.World_3:OptionsMenu_C_40.WidgetTree_0.CanvasPanel_0
[2019.04.28-04.24.15:967][499]LogUObjectHash: Warning: Ambiguous search, could be CanvasPanel /Game/4_UI_Widgets/InventoryMenu.InventoryMenu:WidgetTree.CanvasPanel_0 or CanvasPanel /Engine/Transient.World_3:OptionsMenu_C_14.WidgetTree_0.CanvasPanel_0
[2019.04.28-04.24.15:967][499]LogUObjectHash: Warning: Ambiguous search, could be CanvasPanel /Game/4_UI_Widgets/InventoryMenu.InventoryMenu:WidgetTree.CanvasPanel_0 or CanvasPanel /Engine/Transient.World_3:OptionsMenu_C_15.WidgetTree_0.CanvasPanel_0
[2019.04.28-04.24.15:967][499]LogUObjectHash: Warning: Ambiguous search, could be CanvasPanel /Game/4_UI_Widgets/InventoryMenu.InventoryMenu:WidgetTree.CanvasPanel_0 or CanvasPanel /Engine/Transient.World_3:OptionsMenu_C_46.WidgetTree_0.CanvasPanel_0
[2019.04.28-04.24.15:967][499]LogUObjectHash: Warning: Ambiguous search, could be CanvasPanel /Game/4_UI_Widgets/InventoryMenu.InventoryMenu:WidgetTree.CanvasPanel_0 or CanvasPanel /Engine/Transient.World_3:OptionsMenu_C_16.WidgetTree_0.CanvasPanel_0
[2019.04.28-04.24.15:967][499]LogUObjectHash: Warning: Ambiguous search, could be CanvasPanel /Game/4_UI_Widgets/InventoryMenu.InventoryMenu:WidgetTree.CanvasPanel_0 or CanvasPanel /Engine/Transient.World_3:OptionsMenu_C_47.WidgetTree_0.CanvasPanel_0
[2019.04.28-04.24.15:967][499]LogUObjectHash: Warning: Ambiguous search, could be CanvasPanel /Game/4_UI_Widgets/InventoryMenu.InventoryMenu:WidgetTree.CanvasPanel_0 or CanvasPanel /Engine/Transient.World_3:OptionsMenu_C_18.WidgetTree_0.CanvasPanel_0
[2019.04.28-04.24.15:967][499]LogUObjectHash: Warning: Ambiguous search, could be CanvasPanel /Game/4_UI_Widgets/InventoryMenu.InventoryMenu:WidgetTree.CanvasPanel_0 or CanvasPanel /Engine/Transient.World_3:OptionsMenu_C_19.WidgetTree_0.CanvasPanel_0
[2019.04.28-04.24.15:967][499]LogUObjectHash: Warning: Ambiguous search, could be CanvasPanel /Game/4_UI_Widgets/InventoryMenu.InventoryMenu:WidgetTree.CanvasPanel_0 or CanvasPanel /Engine/Transient.World_3:OptionsMenu_C_48.WidgetTree_0.CanvasPanel_0
[2019.04.28-04.24.15:967][499]LogUObjectHash: Warning: Ambiguous search, could be CanvasPanel /Game/4_UI_Widgets/InventoryMenu.InventoryMenu:WidgetTree.CanvasPanel_0 or CanvasPanel /Engine/Transient.World_3:OptionsMenu_C_20.WidgetTree_0.CanvasPanel_0
[2019.04.28-04.24.15:967][499]LogUObjectHash: Warning: Ambiguous search, could be CanvasPanel /Game/4_UI_Widgets/InventoryMenu.InventoryMenu:WidgetTree.CanvasPanel_0 or CanvasPanel /Engine/Transient.World_3:OptionsMenu_C_49.WidgetTree_0.CanvasPanel_0
[2019.04.28-04.24.15:967][499]LogUObjectHash: Warning: Ambiguous search, could be CanvasPanel /Game/4_UI_Widgets/InventoryMenu.InventoryMenu:WidgetTree.CanvasPanel_0 or CanvasPanel /Engine/Transient.World_3:OptionsMenu_C_22.WidgetTree_0.CanvasPanel_0
[2019.04.28-04.24.15:967][499]LogUObjectHash: Warning: Ambiguous search, could be CanvasPanel /Game/4_UI_Widgets/InventoryMenu.InventoryMenu:WidgetTree.CanvasPanel_0 or CanvasPanel /Engine/Transient.World_3:OptionsMenu_C_39.WidgetTree_0.CanvasPanel_0
[2019.04.28-04.24.15:967][499]LogUObjectHash: Warning: Ambiguous search, could be CanvasPanel /Game/4_UI_Widgets/InventoryMenu.InventoryMenu:WidgetTree.CanvasPanel_0 or CanvasPanel /Engine/Transient.World_3:OptionsMenu_C_24.WidgetTree_0.CanvasPanel_0
[2019.04.28-04.24.15:967][499]LogUObjectHash: Warning: Ambiguous search, could be CanvasPanel /Game/4_UI_Widgets/InventoryMenu.InventoryMenu:WidgetTree.CanvasPanel_0 or CanvasPanel /Engine/Transient.World_3:OptionsMenu_C_25.WidgetTree_0.CanvasPanel_0
[2019.04.28-04.24.15:967][499]LogUObjectHash: Warning: Ambiguous search, could be CanvasPanel /Game/4_UI_Widgets/InventoryMenu.InventoryMenu:WidgetTree.CanvasPanel_0 or CanvasPanel /Engine/Transient.World_3:OptionsMenu_C_26.WidgetTree_0.CanvasPanel_0
[2019.04.28-04.24.15:967][499]LogUObjectHash: Warning: Ambiguous search, could be CanvasPanel /Game/4_UI_Widgets/InventoryMenu.InventoryMenu:WidgetTree.CanvasPanel_0 or CanvasPanel /Engine/Transient.World_3:OptionsMenu_C_38.WidgetTree_0.CanvasPanel_0
[2019.04.28-04.24.15:967][499]LogUObjectHash: Warning: Ambiguous search, could be CanvasPanel /Game/4_UI_Widgets/InventoryMenu.InventoryMenu:WidgetTree.CanvasPanel_0 or CanvasPanel /Engine/Transient.World_3:OptionsMenu_C_28.WidgetTree_0.CanvasPanel_0
[2019.04.28-04.24.15:967][499]LogUObjectHash: Warning: Ambiguous search, could be CanvasPanel /Game/4_UI_Widgets/InventoryMenu.InventoryMenu:WidgetTree.CanvasPanel_0 or CanvasPanel /Engine/Transient.World_3:OptionsMenu_C_29.WidgetTree_0.CanvasPanel_0
[2019.04.28-04.24.15:967][499]LogUObjectHash: Warning: Ambiguous search, could be CanvasPanel /Game/4_UI_Widgets/InventoryMenu.InventoryMenu:WidgetTree.CanvasPanel_0 or CanvasPanel /Engine/Transient.World_3:OptionsMenu_C_30.WidgetTree_0.CanvasPanel_0
[2019.04.28-04.24.15:967][499]LogUObjectHash: Warning: Ambiguous search, could be CanvasPanel /Game/4_UI_Widgets/InventoryMenu.InventoryMenu:WidgetTree.CanvasPanel_0 or CanvasPanel /Engine/Transient.World_3:OptionsMenu_C_37.WidgetTree_0.CanvasPanel_0
[2019.04.28-04.24.15:967][499]LogUObjectHash: Warning: Ambiguous search, could be CanvasPanel /Game/4_UI_Widgets/InventoryMenu.InventoryMenu:WidgetTree.CanvasPanel_0 or CanvasPanel /Engine/Transient.World_3:OptionsMenu_C_32.WidgetTree_0.CanvasPanel_0
[2019.04.28-04.24.15:967][499]LogUObjectHash: Warning: Ambiguous search, could be CanvasPanel /Game/4_UI_Widgets/InventoryMenu.InventoryMenu:WidgetTree.CanvasPanel_0 or CanvasPanel /Engine/Transient.World_3:OptionsMenu_C_36.WidgetTree_0.CanvasPanel_0
[2019.04.28-04.24.15:967][499]LogUObjectHash: Warning: Ambiguous search, could be CanvasPanel /Game/4_UI_Widgets/InventoryMenu.InventoryMenu:WidgetTree.CanvasPanel_0 or CanvasPanel /Engine/Transient.World_3:OptionsMenu_C_35.WidgetTree_0.CanvasPanel_0
[2019.04.28-04.24.15:967][499]LogUObjectHash: Warning: Ambiguous search, could be CanvasPanel /Game/4_UI_Widgets/InventoryMenu.InventoryMenu:WidgetTree.CanvasPanel_0 or CanvasPanel /Engine/Transient.World_3:OptionsMenu_C_34.WidgetTree_0.CanvasPanel_0
[2019.04.28-04.24.15:967][499]LogUObjectHash: Warning: Ambiguous search, could be CanvasPanel /Game/4_UI_Widgets/InventoryMenu.InventoryMenu:WidgetTree.CanvasPanel_0 or CanvasPanel /Engine/Transient.World_3:OptionsMenu_C_50.WidgetTree_0.CanvasPanel_0
[2019.04.28-04.24.15:967][499]LogUObjectHash: Warning: Ambiguous search, could be CanvasPanel /Game/4_UI_Widgets/InventoryMenu.InventoryMenu:WidgetTree.CanvasPanel_0 or CanvasPanel /Engine/Transient.World_3:OptionsMenu_C_51.WidgetTree_0.CanvasPanel_0
[2019.04.28-04.24.15:967][499]LogUObjectHash: Warning: Ambiguous search, could be CanvasPanel /Game/4_UI_Widgets/InventoryMenu.InventoryMenu:WidgetTree.CanvasPanel_0 or CanvasPanel /Engine/Transient.World_3:OptionsMenu_C_52.WidgetTree_0.CanvasPanel_0
[2019.04.28-04.24.15:967][499]LogUObjectHash: Warning: Ambiguous search, could be CanvasPanel /Game/4_UI_Widgets/InventoryMenu.InventoryMenu:WidgetTree.CanvasPanel_0 or CanvasPanel /Engine/Transient.World_3:OptionsMenu_C_53.WidgetTree_0.CanvasPanel_0
[2019.04.28-04.24.15:967][499]LogUObjectHash: Warning: Ambiguous search, could be CanvasPanel /Game/4_UI_Widgets/InventoryMenu.InventoryMenu:WidgetTree.CanvasPanel_0 or CanvasPanel /Engine/Transient.World_3:OptionsMenu_C_54.WidgetTree_0.CanvasPanel_0
[2019.04.28-04.24.15:967][499]LogUObjectHash: Warning: Ambiguous search, could be CanvasPanel /Game/4_UI_Widgets/InventoryMenu.InventoryMenu:WidgetTree.CanvasPanel_0 or CanvasPanel /Engine/Transient.World_3:OptionsMenu_C_55.WidgetTree_0.CanvasPanel_0
[2019.04.28-04.24.15:967][499]LogUObjectHash: Warning: Ambiguous search, could be CanvasPanel /Game/4_UI_Widgets/InventoryMenu.InventoryMenu:WidgetTree.CanvasPanel_0 or CanvasPanel /Engine/Transient.World_3:OptionsMenu_C_56.WidgetTree_0.CanvasPanel_0
[2019.04.28-04.24.15:967][499]LogUObjectHash: Warning: Ambiguous search, could be CanvasPanel /Game/4_UI_Widgets/InventoryMenu.InventoryMenu:WidgetTree.CanvasPanel_0 or CanvasPanel /Engine/Transient.World_3:OptionsMenu_C_57.WidgetTree_0.CanvasPanel_0
[2019.04.28-04.24.15:967][499]LogUObjectHash: Warning: Ambiguous search, could be CanvasPanel /Game/4_UI_Widgets/InventoryMenu.InventoryMenu:WidgetTree.CanvasPanel_0 or CanvasPanel /Engine/Transient.World_3:OptionsMenu_C_58.WidgetTree_0.CanvasPanel_0
[2019.04.28-04.24.15:967][499]LogUObjectHash: Warning: Ambiguous search, could be CanvasPanel /Game/4_UI_Widgets/InventoryMenu.InventoryMenu:WidgetTree.CanvasPanel_0 or CanvasPanel /Engine/Transient.World_3:OptionsMenu_C_59.WidgetTree_0.CanvasPanel_0
[2019.04.28-04.24.15:968][499]LogUObjectHash: Warning: Ambiguous search, could be CanvasPanel /Game/4_UI_Widgets/InventoryMenu.InventoryMenu:WidgetTree.CanvasPanel_0 or CanvasPanel /Engine/Transient.World_3:OptionsMenu_C_60.WidgetTree_0.CanvasPanel_0
[2019.04.28-04.24.15:968][499]LogUObjectHash: Warning: Ambiguous search, could be CanvasPanel /Game/4_UI_Widgets/InventoryMenu.InventoryMenu:WidgetTree.CanvasPanel_0 or CanvasPanel /Engine/Transient.World_3:OptionsMenu_C_61.WidgetTree_0.CanvasPanel_0
[2019.04.28-04.24.15:968][499]LogUObjectHash: Warning: Ambiguous search, could be CanvasPanel /Game/4_UI_Widgets/InventoryMenu.InventoryMenu:WidgetTree.CanvasPanel_0 or CanvasPanel /Engine/Transient.World_3:OptionsMenu_C_62.WidgetTree_0.CanvasPanel_0
[2019.04.28-04.24.15:968][499]LogUObjectHash: Warning: Ambiguous search, could be CanvasPanelSlot /Game/4_UI_Widgets/PauseMenu.PauseMenu:WidgetTree.CanvasPanel_0.CanvasPanelSlot_7 or CanvasPanelSlot /Game/4_UI_Widgets/PauseMenu.SKEL_PauseMenu_C:WidgetTree.CanvasPanel_0.CanvasPanelSlot_7
[2019.04.28-04.24.15:968][499]LogUObjectHash: Warning: Ambiguous search, could be CanvasPanelSlot /Game/4_UI_Widgets/PauseMenu.PauseMenu:WidgetTree.CanvasPanel_0.CanvasPanelSlot_7 or CanvasPanelSlot /Game/4_UI_Widgets/PauseMenu.PauseMenu_C:WidgetTree.CanvasPanel_0.CanvasPanelSlot_7
[2019.04.28-04.24.15:968][499]LogUObjectHash: Warning: Ambiguous search, could be CanvasPanelSlot /Game/4_UI_Widgets/PauseMenu.PauseMenu:WidgetTree.CanvasPanel_0.CanvasPanelSlot_7 or CanvasPanelSlot /Engine/Transient.World_3:OptionsMenu_C_62.WidgetTree_0.CanvasPanel_0.CanvasPanelSlot_7
[2019.04.28-04.24.15:968][499]LogUObjectHash: Warning: Ambiguous search, could be CanvasPanelSlot /Game/4_UI_Widgets/PauseMenu.PauseMenu:WidgetTree.CanvasPanel_0.CanvasPanelSlot_7 or CanvasPanelSlot /Engine/Transient.World_3:OptionsMenu_C_61.WidgetTree_0.CanvasPanel_0.CanvasPanelSlot_7
[2019.04.28-04.24.15:968][499]LogUObjectHash: Warning: Ambiguous search, could be CanvasPanelSlot /Game/4_UI_Widgets/PauseMenu.PauseMenu:WidgetTree.CanvasPanel_0.CanvasPanelSlot_7 or CanvasPanelSlot /Engine/Transient.World_3:OptionsMenu_C_60.WidgetTree_0.CanvasPanel_0.CanvasPanelSlot_7
[2019.04.28-04.24.15:968][499]LogUObjectHash: Warning: Ambiguous search, could be CanvasPanelSlot /Game/4_UI_Widgets/PauseMenu.PauseMenu:WidgetTree.CanvasPanel_0.CanvasPanelSlot_7 or CanvasPanelSlot /Game/4_UI_Widgets/OptionsMenu.OptionsMenu:WidgetTree.CanvasPanel_0.CanvasPanelSlot_7
[2019.04.28-04.24.15:968][499]LogUObjectHash: Warning: Ambiguous search, could be CanvasPanelSlot /Game/4_UI_Widgets/PauseMenu.PauseMenu:WidgetTree.CanvasPanel_0.CanvasPanelSlot_7 or CanvasPanelSlot /Engine/Transient.World_3:OptionsMenu_C_41.WidgetTree_0.CanvasPanel_0.CanvasPanelSlot_7
[2019.04.28-04.24.15:968][499]LogUObjectHash: Warning: Ambiguous search, could be CanvasPanelSlot /Game/4_UI_Widgets/PauseMenu.PauseMenu:WidgetTree.CanvasPanel_0.CanvasPanelSlot_7 or CanvasPanelSlot /Engine/Transient.World_3:OptionsMenu_C_40.WidgetTree_0.CanvasPanel_0.CanvasPanelSlot_7
[2019.04.28-04.24.15:968][499]LogProperty: Warning: Illegal TEXT reference to a private object in external package (CanvasPanelSlot /Game/4_UI_Widgets/PauseMenu.PauseMenu:WidgetTree.CanvasPanel_0.CanvasPanelSlot_7) from referencer (Image /Engine/UMG/Editor/Transient.Image_3).  Import failed...
[2019.04.28-04.24.15:968][499]LogProperty: Warning: ObjectProperty /Script/UMG.Widget:Slot: unresolved reference to 'CanvasPanelSlot'"CanvasPanel_0.CanvasPanelSlot_7"''
[2019.04.28-04.24.27:450][706]LogEditorTransaction: Undo Move Widget
[2019.04.28-04.24.46:761][751]LogTexture: Display: Building textures: Options_ResWindowed (BGRA8, 491X124)
[2019.04.28-04.30.11:667][ 83]LogSlate: Window 'Color Picker' being destroyed
[2019.04.28-04.31.14:556][533]LogFileHelpers: Editor autosave (incl. sublevels) for '/Game/_Maps/SharedLevel/Persistant_Empty' took 0.064
[2019.04.28-04.31.14:558][533]OBJ SavePackage: Generating thumbnails for [0] asset(s) in package [/Game/4_UI_Widgets/OptionsMenu] ([1] browsable assets)...
[2019.04.28-04.31.14:558][533]OBJ SavePackage: Finished generating thumbnails for package [/Game/4_UI_Widgets/OptionsMenu]
[2019.04.28-04.31.14:597][533]LogSavePackage: Moving '../../../../../../Users/Rueben/Documents/Unreal Projects/DinoChan/Dinochan/Dinochan_v001_UE4.20.3/Saved/OptionsMenu_Auto3E4C0078A49B8FE23D4A358B8FA125C68.tmp' to '../../../../../../Users/Rueben/Documents/Unreal Projects/DinoChan/Dinochan/Dinochan_v001_UE4.20.3/Saved/Autosaves/Game/4_UI_Widgets/OptionsMenu_Auto3.uasset'
[2019.04.28-04.31.14:599][533]LogFileHelpers: Auto-saving content packages took 0.042
[2019.04.28-04.35.25:235][734]AssetReimport: New page: Outstanding source content changes 8:35:25 PM
[2019.04.28-04.35.25:236][734]LogFactory: FactoryCreateFile: Texture with ReimportTextureFactory (0 0 C:/Users/Rueben/Documents/Unreal Projects/DinoChan/Dinochan/Dinochan_v001_UE4.20.3/Content/4_UI_Widgets/Images/CheckmarkBox.png)
[2019.04.28-04.35.25:321][735]LogSavePackage: Moving '../../../../../../Users/Rueben/Documents/Unreal Projects/DinoChan/Dinochan/Dinochan_v001_UE4.20.3/Saved/CheckmarkBox629D15C84D2658F5F61788B5922E12BA.tmp' to '../../../../../../Users/Rueben/Documents/Unreal Projects/DinoChan/Dinochan/Dinochan_v001_UE4.20.3/Content/4_UI_Widgets/Images/CheckmarkBox.uasset'
[2019.04.28-04.35.28:341][ 61]AssetReimport: Importing new asset /Game/4_UI_Widgets/Images/CheckmarkBox.
[2019.04.28-04.40.58:579][461]LogEditorTransaction: Undo Move Widget
[2019.04.28-04.42.43:463][133]LogEditorTransaction: Undo Move Widget
[2019.04.28-04.42.43:649][141]LogEditorTransaction: Undo Set Vector Property
[2019.04.28-04.42.43:808][145]LogEditorTransaction: Undo Set Vector Property
[2019.04.28-04.42.43:948][148]LogEditorTransaction: Undo Move Widget
[2019.04.28-04.42.44:080][151]LogEditorTransaction: Undo Move Widget
[2019.04.28-04.42.44:235][156]LogEditorTransaction: Undo Move Widget
[2019.04.28-04.42.44:796][207]LogEditorTransaction: Undo Move Widget
[2019.04.28-04.43.34:823][585]LogEditorTransaction: Undo Set Vector Property
[2019.04.28-04.46.10:465][352]LogFileHelpers: Editor autosave (incl. sublevels) for '/Game/_Maps/SharedLevel/Persistant_Empty' took 0.058
[2019.04.28-04.46.10:468][352]OBJ SavePackage: Generating thumbnails for [0] asset(s) in package [/Game/4_UI_Widgets/OptionsMenu] ([1] browsable assets)...
[2019.04.28-04.46.10:468][352]OBJ SavePackage: Finished generating thumbnails for package [/Game/4_UI_Widgets/OptionsMenu]
[2019.04.28-04.46.10:513][352]LogSavePackage: Moving '../../../../../../Users/Rueben/Documents/Unreal Projects/DinoChan/Dinochan/Dinochan_v001_UE4.20.3/Saved/OptionsMenu_Auto4F46398D74C8018459F4329AA44457531.tmp' to '../../../../../../Users/Rueben/Documents/Unreal Projects/DinoChan/Dinochan/Dinochan_v001_UE4.20.3/Saved/Autosaves/Game/4_UI_Widgets/OptionsMenu_Auto4.uasset'
[2019.04.28-04.46.10:518][352]LogFileHelpers: Auto-saving content packages took 0.051
[2019.04.28-04.56.10:688][212]LogFileHelpers: Editor autosave (incl. sublevels) for '/Game/_Maps/SharedLevel/Persistant_Empty' took 0.040
[2019.04.28-04.56.10:691][212]OBJ SavePackage: Generating thumbnails for [0] asset(s) in package [/Game/4_UI_Widgets/OptionsMenu] ([1] browsable assets)...
[2019.04.28-04.56.10:691][212]OBJ SavePackage: Finished generating thumbnails for package [/Game/4_UI_Widgets/OptionsMenu]
[2019.04.28-04.56.10:729][212]LogSavePackage: Moving '../../../../../../Users/Rueben/Documents/Unreal Projects/DinoChan/Dinochan/Dinochan_v001_UE4.20.3/Saved/OptionsMenu_Auto5D4EFD1A748ED6773820C8DBBEB2ED812.tmp' to '../../../../../../Users/Rueben/Documents/Unreal Projects/DinoChan/Dinochan/Dinochan_v001_UE4.20.3/Saved/Autosaves/Game/4_UI_Widgets/OptionsMenu_Auto5.uasset'
[2019.04.28-04.56.10:732][212]LogFileHelpers: Auto-saving content packages took 0.042
[2019.04.28-05.14.18:336][831]LogInit: XAudio2 using 'Speakers (Realtek High Definition Audio)' : 2 channels at 48 kHz using 32 bits per sample (channel mask 0x3)
[2019.04.28-05.20.02:517][862]LogInit: XAudio2 using 'TOSHIBA-TV-4 (NVIDIA High Definition Audio)' : 2 channels at 48 kHz using 16 bits per sample (channel mask 0x3)
[2019.04.28-18.33.45:596][171]LogInit: XAudio2 using 'Speakers (Realtek High Definition Audio)' : 2 channels at 48 kHz using 32 bits per sample (channel mask 0x3)
[2019.04.28-18.41.22:437][539]LogInit: XAudio2 using 'TOSHIBA-TV-4 (NVIDIA High Definition Audio)' : 2 channels at 48 kHz using 16 bits per sample (channel mask 0x3)
[2019.04.28-22.37.14:314][ 20]LogFileHelpers: Editor autosave (incl. sublevels) for '/Game/_Maps/SharedLevel/Persistant_Empty' took 0.086
[2019.04.28-22.37.14:316][ 20]OBJ SavePackage: Generating thumbnails for [0] asset(s) in package [/Game/4_UI_Widgets/OptionsMenu] ([1] browsable assets)...
[2019.04.28-22.37.14:316][ 20]OBJ SavePackage: Finished generating thumbnails for package [/Game/4_UI_Widgets/OptionsMenu]
[2019.04.28-22.37.14:357][ 20]LogSavePackage: Moving '../../../../../../Users/Rueben/Documents/Unreal Projects/DinoChan/Dinochan/Dinochan_v001_UE4.20.3/Saved/OptionsMenu_Auto6AF2156ED457A97AF560181958120C053.tmp' to '../../../../../../Users/Rueben/Documents/Unreal Projects/DinoChan/Dinochan/Dinochan_v001_UE4.20.3/Saved/Autosaves/Game/4_UI_Widgets/OptionsMenu_Auto6.uasset'
[2019.04.28-22.37.14:360][ 20]LogFileHelpers: Auto-saving content packages took 0.044
[2019.04.28-22.37.39:522][973]LogEditorViewport: Clicking on Actor (LMB): Hover_C (Hover)
[2019.04.28-22.37.44:404][499]LogSlate: FSceneViewport::OnFocusLost() reason 0
[2019.04.28-22.38.27:186][302]LogSlate: FSceneViewport::OnFocusLost() reason 0
[2019.04.28-22.38.32:126][869]LogSlate: FSceneViewport::OnFocusLost() reason 0
[2019.04.28-22.38.57:388][681]LogEditorViewport: Clicking on Actor (LMB): Hover_C (Hover)
[2019.04.28-22.39.01:993][174]LogSlate: FSceneViewport::OnFocusLost() reason 0
[2019.04.28-22.39.24:449][626]LogSlate: FSceneViewport::OnFocusLost() reason 0
[2019.04.28-22.39.24:583][638]LogAssetEditorManager: Opening Asset editor for Blueprint /Game/_Blueprints/Hover.Hover
[2019.04.28-22.39.25:328][639]LogSlate: Took 0.001357 seconds to synchronously load lazily loaded font '../../../Engine/Content/Slate/Fonts/Roboto-Italic.ttf' (157K)
[2019.04.28-22.39.40:896][438]LogSlate: FSceneViewport::OnFocusLost() reason 0
[2019.04.28-22.39.46:258][ 36]LogSlate: Window 'Color Picker' being destroyed
[2019.04.28-22.40.00:545][704]LogSpawn: Warning: UWorld::DestroyActor: World has no context! World: AssetLevel, Actor: /Game/_Maps/SharedLevel/AssetLevel.AssetLevel:PersistentLevel.REINST_AssetLevel_C_0
[2019.04.28-22.40.00:952][704]LogSavePackage: Moving '../../../../../../Users/Rueben/Documents/Unreal Projects/DinoChan/Dinochan/Dinochan_v001_UE4.20.3/Saved/AssetLevel2F7E6D9B4CBCCB459084318CEF0BF817.tmp' to '../../../../../../Users/Rueben/Documents/Unreal Projects/DinoChan/Dinochan/Dinochan_v001_UE4.20.3/Content/_Maps/SharedLevel/AssetLevel.umap'
[2019.04.28-22.40.00:960][704]LogFileHelpers: Saving map 'AssetLevel' took 0.604
[2019.04.28-22.40.00:985][704]Cmd: OBJ SAVEPACKAGE PACKAGE="/Game/_Blueprints/Hover" FILE="../../../../../../Users/Rueben/Documents/Unreal Projects/DinoChan/Dinochan/Dinochan_v001_UE4.20.3/Content/_Blueprints/Hover.uasset" SILENT=true
[2019.04.28-22.40.01:050][704]LogSavePackage: Moving '../../../../../../Users/Rueben/Documents/Unreal Projects/DinoChan/Dinochan/Dinochan_v001_UE4.20.3/Saved/Hover4DFF400F46D34B53E6493E832D73FC22.tmp' to '../../../../../../Users/Rueben/Documents/Unreal Projects/DinoChan/Dinochan/Dinochan_v001_UE4.20.3/Content/_Blueprints/Hover.uasset'
[2019.04.28-22.40.01:086][704]LogSavePackage: Moving '../../../../../../Users/Rueben/Documents/Unreal Projects/DinoChan/Dinochan/Dinochan_v001_UE4.20.3/Saved/OptionsMenu68CD6F3340B668FA37DE17BC5FA67021.tmp' to '../../../../../../Users/Rueben/Documents/Unreal Projects/DinoChan/Dinochan/Dinochan_v001_UE4.20.3/Content/4_UI_Widgets/OptionsMenu.uasset'
[2019.04.28-22.40.09:389][544]LogSlate: Window 'Dinochan_v001 - Unreal Editor' being destroyed
[2019.04.28-22.40.09:659][545]Cmd: QUIT_EDITOR
[2019.04.28-22.40.09:680][545]LogWindowsTextInputMethodSystem: Display: IME system now deactivated.
[2019.04.28-22.40.09:697][545]LogExit: Preparing to exit.
[2019.04.28-22.40.10:500][545]LogExit: Editor shut down
[2019.04.28-22.40.10:501][545]LogExit: Transaction tracking system shut down
[2019.04.28-22.40.11:290][545]LogExit: Object subsystem successfully closed.
[2019.04.28-22.40.11:335][545]LogShaderCompilers: Display: Shaders left to compile 0
[2019.04.28-22.40.11:343][545]LogD3D11RHI: Shutdown
[2019.04.28-22.40.11:343][545]LogD3D11RHI: CleanupD3DDevice
[2019.04.28-22.40.11:348][545]LogD3D11RHI: ~FD3D11DynamicRHI
[2019.04.28-22.40.11:372][545]LogModuleManager: Shutting down and abandoning module SequencerWidgets (616)
[2019.04.28-22.40.11:372][545]LogModuleManager: Shutting down and abandoning module BlueprintGraph (614)
[2019.04.28-22.40.11:372][545]LogModuleManager: Shutting down and abandoning module HierarchicalLODOutliner (612)
[2019.04.28-22.40.11:372][545]LogModuleManager: Shutting down and abandoning module WorldBrowser (610)
[2019.04.28-22.40.11:373][545]LogModuleManager: Shutting down and abandoning module SceneOutliner (608)
[2019.04.28-22.40.11:373][545]LogModuleManager: Shutting down and abandoning module AddContentDialog (606)
[2019.04.28-22.40.11:376][545]LogModuleManager: Shutting down and abandoning module WidgetCarousel (605)
[2019.04.28-22.40.11:376][545]LogModuleManager: Shutting down and abandoning module EditorWidgets (602)
[2019.04.28-22.40.11:376][545]LogModuleManager: Shutting down and abandoning module CollectionManager (600)
[2019.04.28-22.40.11:376][545]LogModuleManager: Shutting down and abandoning module StatsViewer (598)
[2019.04.28-22.40.11:376][545]LogModuleManager: Shutting down and abandoning module FoliageEdit (596)
[2019.04.28-22.40.11:377][545]LogModuleManager: Shutting down and abandoning module LandscapeEditor (594)
[2019.04.28-22.40.11:377][545]LogModuleManager: Shutting down and abandoning module MeshPaintMode (592)
[2019.04.28-22.40.11:377][545]LogModuleManager: Shutting down and abandoning module SceneDepthPickerMode (590)
[2019.04.28-22.40.11:377][545]LogModuleManager: Shutting down and abandoning module ActorPickerMode (588)
[2019.04.28-22.40.11:377][545]LogModuleManager: Shutting down and abandoning module GeometryMode (586)
[2019.04.28-22.40.11:377][545]LogModuleManager: Shutting down and abandoning module TextureAlignMode (584)
[2019.04.28-22.40.11:377][545]LogModuleManager: Shutting down and abandoning module BspMode (582)
[2019.04.28-22.40.11:377][545]LogModuleManager: Shutting down and abandoning module PIEPreviewDeviceProfileSelector (580)
[2019.04.28-22.40.11:377][545]LogModuleManager: Shutting down and abandoning module SequenceRecorderSections (578)
[2019.04.28-22.40.11:377][545]LogModuleManager: Shutting down and abandoning module AutomationWorker (576)
[2019.04.28-22.40.11:377][545]LogModuleManager: Shutting down and abandoning module AudioCaptureEditor (574)
[2019.04.28-22.40.11:377][545]LogModuleManager: Shutting down and abandoning module SequenceRecorder (573)
[2019.04.28-22.40.11:377][545]LogModuleManager: Shutting down and abandoning module MatineeToLevelSequence (570)
[2019.04.28-22.40.11:377][545]LogModuleManager: Shutting down and abandoning module LevelSequenceEditor (568)
[2019.04.28-22.40.11:377][545]LogModuleManager: Shutting down and abandoning module PlacementMode (567)
[2019.04.28-22.40.11:377][545]LogModuleManager: Shutting down and abandoning module MaterialEditor (566)
[2019.04.28-22.40.11:377][545]LogModuleManager: Shutting down and abandoning module WmfMediaFactory (562)
[2019.04.28-22.40.11:377][545]LogModuleManager: Shutting down and abandoning module WmfMediaEditor (560)
[2019.04.28-22.40.11:377][545]LogModuleManager: Shutting down and abandoning module MediaPlayerEditor (558)
[2019.04.28-22.40.11:377][545]LogModuleManager: Shutting down and abandoning module OpenExrWrapper (556)
[2019.04.28-22.40.11:377][545]LogModuleManager: Shutting down and abandoning module ImgMediaFactory (554)
[2019.04.28-22.40.11:377][545]LogModuleManager: Shutting down and abandoning module ImgMediaEditor (552)
[2019.04.28-22.40.11:377][545]LogModuleManager: Shutting down and abandoning module AvfMediaFactory (550)
[2019.04.28-22.40.11:377][545]LogModuleManager: Shutting down and abandoning module AvfMediaEditor (548)
[2019.04.28-22.40.11:378][545]LogModuleManager: Shutting down and abandoning module AndroidMediaFactory (546)
[2019.04.28-22.40.11:378][545]LogModuleManager: Shutting down and abandoning module AndroidMediaEditor (544)
[2019.04.28-22.40.11:378][545]LogModuleManager: Shutting down and abandoning module MagicLeapCameraPreviewFactory (542)
[2019.04.28-22.40.11:378][545]LogModuleManager: Shutting down and abandoning module MagicLeapMediaFactory (540)
[2019.04.28-22.40.11:378][545]LogModuleManager: Shutting down and abandoning module MagicLeapMediaEditor (538)
[2019.04.28-22.40.11:378][545]LogModuleManager: Shutting down and abandoning module CharacterAI (536)
[2019.04.28-22.40.11:378][545]LogModuleManager: Shutting down and abandoning module SmartSnapping (534)
[2019.04.28-22.40.11:378][545]LogModuleManager: Shutting down and abandoning module SessionServices (532)
[2019.04.28-22.40.11:378][545]LogModuleManager: Shutting down and abandoning module ViewportSnapping (530)
[2019.04.28-22.40.11:378][545]LogModuleManager: Shutting down and abandoning module ViewportInteraction (528)
[2019.04.28-22.40.11:378][545]LogModuleManager: Shutting down and abandoning module ClothPainter (526)
[2019.04.28-22.40.11:378][545]LogModuleManager: Shutting down and abandoning module SkeletalMeshEditor (525)
[2019.04.28-22.40.11:378][545]LogModuleManager: Shutting down and abandoning module LogVisualizer (522)
[2019.04.28-22.40.11:378][545]LogModuleManager: Shutting down and abandoning module IntroTutorials (520)
[2019.04.28-22.40.11:378][545]LogModuleManager: Shutting down and abandoning module GameProjectGeneration (519)
[2019.04.28-22.40.11:378][545]LogModuleManager: Shutting down and abandoning module LuminPlatformEditor (516)
[2019.04.28-22.40.11:378][545]LogModuleManager: Shutting down and abandoning module IOSPlatformEditor (514)
[2019.04.28-22.40.11:378][545]LogModuleManager: Shutting down and abandoning module HTML5PlatformEditor (512)
[2019.04.28-22.40.11:378][545]LogModuleManager: Shutting down and abandoning module AndroidPlatformEditor (510)
[2019.04.28-22.40.11:378][545]LogModuleManager: Shutting down and abandoning module AndroidDeviceDetection (509)
[2019.04.28-22.40.11:536][545]LogModuleManager: Shutting down and abandoning module WindowsPlatformEditor (506)
[2019.04.28-22.40.11:536][545]LogModuleManager: Shutting down and abandoning module LuminRuntimeSettings (504)
[2019.04.28-22.40.11:536][545]LogModuleManager: Shutting down and abandoning module IOSRuntimeSettings (502)
[2019.04.28-22.40.11:536][545]LogModuleManager: Shutting down and abandoning module AndroidRuntimeSettings (500)
[2019.04.28-22.40.11:536][545]LogModuleManager: Shutting down and abandoning module InputBindingEditor (498)
[2019.04.28-22.40.11:536][545]LogModuleManager: Shutting down and abandoning module MergeActors (496)
[2019.04.28-22.40.11:536][545]LogModuleManager: Shutting down and abandoning module LocalizationDashboard (494)
[2019.04.28-22.40.11:536][545]LogModuleManager: Shutting down and abandoning module LocalizationService (493)
[2019.04.28-22.40.11:536][545]LogModuleManager: Shutting down and abandoning module HardwareTargeting (490)
[2019.04.28-22.40.11:536][545]LogModuleManager: Shutting down and abandoning module DeviceProfileEditor (488)
[2019.04.28-22.40.11:536][545]LogModuleManager: Shutting down and abandoning module UndoHistory (486)
[2019.04.28-22.40.11:536][545]LogModuleManager: Shutting down and abandoning module XmlParser (484)
[2019.04.28-22.40.11:536][545]LogModuleManager: Shutting down and abandoning module Blutility (482)
[2019.04.28-22.40.11:536][545]LogModuleManager: Shutting down and abandoning module ProjectSettingsViewer (480)
[2019.04.28-22.40.11:536][545]LogModuleManager: Shutting down and abandoning module ProjectTargetPlatformEditor (479)
[2019.04.28-22.40.11:537][545]LogModuleManager: Shutting down and abandoning module EditorSettingsViewer (476)
[2019.04.28-22.40.11:537][545]LogModuleManager: Shutting down and abandoning module SettingsEditor (474)
[2019.04.28-22.40.11:537][545]LogModuleManager: Shutting down and abandoning module ProjectLauncher (472)
[2019.04.28-22.40.11:537][545]LogModuleManager: Shutting down and abandoning module SessionFrontend (470)
[2019.04.28-22.40.11:537][545]LogModuleManager: Shutting down and abandoning module ProfilerClient (468)
[2019.04.28-22.40.11:537][545]LogModuleManager: Shutting down and abandoning module DeviceManager (466)
[2019.04.28-22.40.11:537][545]LogModuleManager: Shutting down and abandoning module TargetDeviceServices (465)
[2019.04.28-22.40.11:604][545]LogModuleManager: Shutting down and abandoning module AutomationController (462)
[2019.04.28-22.40.11:604][545]LogModuleManager: Shutting down and abandoning module AutomationWindow (460)
[2019.04.28-22.40.11:604][545]LogModuleManager: Shutting down and abandoning module Layers (458)
[2019.04.28-22.40.11:604][545]LogModuleManager: Shutting down and abandoning module ComponentVisualizers (456)
[2019.04.28-22.40.11:604][545]LogModuleManager: Shutting down and abandoning module DetailCustomizations (454)
[2019.04.28-22.40.11:604][545]LogModuleManager: Shutting down and abandoning module PackagesDialog (452)
[2019.04.28-22.40.11:604][545]LogModuleManager: Shutting down and abandoning module Persona (450)
[2019.04.28-22.40.11:604][545]LogModuleManager: Shutting down and abandoning module AdvancedPreviewScene (449)
[2019.04.28-22.40.11:604][545]LogModuleManager: Shutting down and abandoning module AnimGraph (447)
[2019.04.28-22.40.11:604][545]LogModuleManager: Shutting down and abandoning module Kismet (444)
[2019.04.28-22.40.11:609][545]LogModuleManager: Shutting down and abandoning module GraphEditor (442)
[2019.04.28-22.40.11:609][545]LogModuleManager: Shutting down and abandoning module ClassViewer (440)
[2019.04.28-22.40.11:609][545]LogModuleManager: Shutting down and abandoning module Toolbox (438)
[2019.04.28-22.40.11:609][545]LogModuleManager: Shutting down and abandoning module ModuleUI (436)
[2019.04.28-22.40.11:609][545]LogModuleManager: Shutting down and abandoning module MovieSceneTools (434)
[2019.04.28-22.40.11:609][545]LogModuleManager: Shutting down and abandoning module OutputLog (432)
[2019.04.28-22.40.11:609][545]LogModuleManager: Shutting down and abandoning module GammaUI (430)
[2019.04.28-22.40.11:609][545]LogModuleManager: Shutting down and abandoning module Documentation (428)
[2019.04.28-22.40.11:609][545]LogModuleManager: Shutting down and abandoning module MovieSceneTracks (426)
[2019.04.28-22.40.11:609][545]LogModuleManager: Shutting down and abandoning module MovieScene (424)
[2019.04.28-22.40.11:609][545]LogModuleManager: Shutting down and abandoning module StreamingPauseRendering (422)
[2019.04.28-22.40.11:609][545]LogModuleManager: Shutting down and abandoning module LauncherPlatform (420)
[2019.04.28-22.40.11:609][545]LogModuleManager: Shutting down and abandoning module AnalyticsET (418)
[2019.04.28-22.40.11:610][545]LogModuleManager: Shutting down and abandoning module PortalServices (416)
[2019.04.28-22.40.11:610][545]LogModuleManager: Shutting down and abandoning module PortalRpc (414)
[2019.04.28-22.40.11:610][545]LogModuleManager: Shutting down and abandoning module MessagingRpc (412)
[2019.04.28-22.40.11:610][545]LogModuleManager: Shutting down and abandoning module AIModule (410)
[2019.04.28-22.40.11:610][545]LogModuleManager: Shutting down and abandoning module GameplayDebugger (409)
[2019.04.28-22.40.11:610][545]LogModuleManager: Shutting down and abandoning module AITestSuite (407)
[2019.04.28-22.40.11:610][545]LogModuleManager: Shutting down and abandoning module NavigationSystem (405)
[2019.04.28-22.40.11:610][545]LogModuleManager: Shutting down and abandoning module DesktopPlatform (402)
[2019.04.28-22.40.11:610][545]LogModuleManager: Shutting down and abandoning module ProfilerService (400)
[2019.04.28-22.40.11:674][545]LogModuleManager: Shutting down and abandoning module TaskGraph (398)
[2019.04.28-22.40.11:674][545]LogModuleManager: Shutting down and abandoning module SteamVRController (396)
[2019.04.28-22.40.11:674][545]LogModuleManager: Shutting down and abandoning module ProceduralMeshComponentEditor (394)
[2019.04.28-22.40.11:674][545]LogModuleManager: Shutting down and abandoning module ProceduralMeshComponent (392)
[2019.04.28-22.40.11:674][545]LogModuleManager: Shutting down and abandoning module OculusInput (390)
[2019.04.28-22.40.11:674][545]LogModuleManager: Shutting down and abandoning module MobilePatchingUtils (388)
[2019.04.28-22.40.11:674][545]LogModuleManager: Shutting down and abandoning module EditableMesh (386)
[2019.04.28-22.40.11:674][545]LogModuleManager: Shutting down and abandoning module CustomMeshComponent (384)
[2019.04.28-22.40.11:674][545]LogModuleManager: Shutting down and abandoning module CableComponent (382)
[2019.04.28-22.40.11:674][545]LogModuleManager: Shutting down and abandoning module AudioCapture (380)
[2019.04.28-22.40.11:674][545]LogModuleManager: Shutting down and abandoning module ArchVisCharacter (378)
[2019.04.28-22.40.11:674][545]LogModuleManager: Shutting down and abandoning module AndroidPermission (376)
[2019.04.28-22.40.11:674][545]LogModuleManager: Shutting down and abandoning module NUTUnrealEngine4 (374)
[2019.04.28-22.40.11:674][545]LogModuleManager: Shutting down and abandoning module NetcodeUnitTest (372)
[2019.04.28-22.40.11:674][545]LogModuleManager: Shutting down and abandoning module MediaCompositingEditor (370)
[2019.04.28-22.40.11:674][545]LogModuleManager: Shutting down and abandoning module MediaCompositing (368)
[2019.04.28-22.40.11:674][545]LogModuleManager: Shutting down and abandoning module LinearTimecode (366)
[2019.04.28-22.40.11:674][545]LogModuleManager: Shutting down and abandoning module ImgMedia (364)
[2019.04.28-22.40.11:679][545]LogModuleManager: Shutting down and abandoning module HTML5Networking (362)
[2019.04.28-22.40.11:680][545]LogModuleManager: Shutting down and abandoning module GeometryCacheTracks (360)
[2019.04.28-22.40.11:680][545]LogModuleManager: Shutting down and abandoning module GeometryCacheSequencer (358)
[2019.04.28-22.40.11:680][545]LogModuleManager: Shutting down and abandoning module BackChannel (356)
[2019.04.28-22.40.11:680][545]LogModuleManager: Shutting down and abandoning module AppleVision (354)
[2019.04.28-22.40.11:680][545]LogModuleManager: Shutting down and abandoning module AppleImageUtils (352)
[2019.04.28-22.40.11:680][545]LogModuleManager: Shutting down and abandoning module AlembicImporter (350)
[2019.04.28-22.40.11:680][545]LogModuleManager: Shutting down and abandoning module AlembicLibrary (349)
[2019.04.28-22.40.11:680][545]LogModuleManager: Shutting down and abandoning module GeometryCache (348)
[2019.04.28-22.40.11:680][545]LogModuleManager: Shutting down and abandoning module GeometryCacheEd (347)
[2019.04.28-22.40.11:680][545]LogModuleManager: Shutting down and abandoning module DatasmithContentEditor (342)
[2019.04.28-22.40.11:680][545]LogModuleManager: Shutting down and abandoning module DatasmithContent (340)
[2019.04.28-22.40.11:681][545]LogModuleManager: Shutting down and abandoning module SpeedTreeImporter (338)
[2019.04.28-22.40.11:681][545]LogModuleManager: Shutting down and abandoning module PluginBrowser (336)
[2019.04.28-22.40.11:681][545]LogModuleManager: Shutting down and abandoning module MobileLauncherProfileWizard (334)
[2019.04.28-22.40.11:681][545]LogModuleManager: Shutting down and abandoning module PolygonModeling (332)
[2019.04.28-22.40.11:681][545]LogModuleManager: Shutting down and abandoning module MeshEditor (330)
[2019.04.28-22.40.11:681][545]LogModuleManager: Shutting down and abandoning module CryptoKeysOpenSSL (328)
[2019.04.28-22.40.11:681][545]LogModuleManager: Shutting down and abandoning module CryptoKeys (326)
[2019.04.28-22.40.11:681][545]LogModuleManager: Shutting down and abandoning module VisualStudioSourceCodeAccess (324)
[2019.04.28-22.40.11:681][545]LogModuleManager: Shutting down and abandoning module VisualStudioCodeSourceCodeAccess (322)
[2019.04.28-22.40.11:681][545]LogModuleManager: Shutting down and abandoning module UObjectPlugin (320)
[2019.04.28-22.40.11:681][545]LogModuleManager: Shutting down and abandoning module SubversionSourceControl (318)
[2019.04.28-22.40.11:681][545]LogModuleManager: Shutting down and abandoning module PerforceSourceControl (316)
[2019.04.28-22.40.11:681][545]LogModuleManager: Shutting down and abandoning module GitSourceControl (314)
[2019.04.28-22.40.11:681][545]LogModuleManager: Shutting down and abandoning module SourceControl (313)
[2019.04.28-22.40.11:682][545]LogModuleManager: Shutting down and abandoning module CLionSourceCodeAccess (310)
[2019.04.28-22.40.11:682][545]LogModuleManager: Shutting down and abandoning module LightPropagationVolumeEditor (308)
[2019.04.28-22.40.11:682][545]LogModuleManager: Shutting down and abandoning module PaperTiledImporter (306)
[2019.04.28-22.40.11:682][545]LogModuleManager: Shutting down and abandoning module PaperSpriteSheetImporter (304)
[2019.04.28-22.40.11:682][545]LogModuleManager: Shutting down and abandoning module Paper2DEditor (302)
[2019.04.28-22.40.11:682][545]LogModuleManager: Shutting down and abandoning module MeshPaint (301)
[2019.04.28-22.40.11:682][545]LogModuleManager: Shutting down and abandoning module RuntimePhysXCooking (298)
[2019.04.28-22.40.11:682][545]LogModuleManager: Shutting down and abandoning module PhysXVehiclesEditor (296)
[2019.04.28-22.40.11:682][545]LogModuleManager: Shutting down and abandoning module PhysXVehicles (294)
[2019.04.28-22.40.11:682][545]LogModuleManager: Shutting down and abandoning module OculusEditor (292)
[2019.04.28-22.40.11:682][545]LogModuleManager: Shutting down and abandoning module LocationServicesBPLibrary (290)
[2019.04.28-22.40.11:682][545]LogModuleManager: Shutting down and abandoning module ImmediatePhysicsEditor (288)
[2019.04.28-22.40.11:682][545]LogModuleManager: Shutting down and abandoning module ImmediatePhysics (286)
[2019.04.28-22.40.11:682][545]LogModuleManager: Shutting down and abandoning module ActorSequence (284)
[2019.04.28-22.40.11:682][545]LogModuleManager: Shutting down and abandoning module UdpMessaging (282)
[2019.04.28-22.40.11:783][545]LogModuleManager: Shutting down and abandoning module TcpMessaging (280)
[2019.04.28-22.40.11:884][545]LogModuleManager: Shutting down and abandoning module MagicLeapAudio (278)
[2019.04.28-22.40.11:884][545]LogModuleManager: Shutting down and abandoning module GameplayTagsEditor (276)
[2019.04.28-22.40.11:884][545]LogModuleManager: Shutting down and abandoning module FacialAnimationEditor (274)
[2019.04.28-22.40.11:884][545]LogModuleManager: Shutting down and abandoning module FacialAnimation (272)
[2019.04.28-22.40.11:884][545]LogModuleManager: Shutting down and abandoning module DataValidation (270)
[2019.04.28-22.40.11:884][545]LogModuleManager: Shutting down and abandoning module AssetManagerEditor (268)
[2019.04.28-22.40.11:884][545]LogModuleManager: Shutting down and abandoning module LevelEditor (267)
[2019.04.28-22.40.11:885][545]LogModuleManager: Shutting down and abandoning module PixelInspectorModule (266)
[2019.04.28-22.40.11:885][545]LogModuleManager: Shutting down and abandoning module CommonMenuExtensions (264)
[2019.04.28-22.40.11:886][545]LogModuleManager: Shutting down and abandoning module MainFrame (262)
[2019.04.28-22.40.11:886][545]LogModuleManager: Shutting down and abandoning module HotReload (261)
[2019.04.28-22.40.11:886][545]LogModuleManager: Shutting down and abandoning module ContentBrowser (257)
[2019.04.28-22.40.11:888][545]LogModuleManager: Shutting down and abandoning module TreeMap (255)
[2019.04.28-22.40.11:888][545]LogModuleManager: Shutting down and abandoning module LightPropagationVolumeRuntime (252)
[2019.04.28-22.40.11:888][545]LogModuleManager: Shutting down and abandoning module AISupportModule (250)
[2019.04.28-22.40.11:888][545]LogModuleManager: Shutting down and abandoning module Paper2D (248)
[2019.04.28-22.40.11:888][545]LogModuleManager: Shutting down and abandoning module WindowsMoviePlayer (246)
[2019.04.28-22.40.11:888][545]LogModuleManager: Shutting down and abandoning module WmfMedia (244)
[2019.04.28-22.40.11:890][545]LogModuleManager: Shutting down and abandoning module Media (243)
[2019.04.28-22.40.11:896][545]LogModuleManager: Shutting down and abandoning module PacketHandler (240)
[2019.04.28-22.40.11:897][545]LogModuleManager: Shutting down and abandoning module ClothingSystemEditor (238)
[2019.04.28-22.40.11:897][545]LogModuleManager: Shutting down and abandoning module ClothingSystemRuntime (236)
[2019.04.28-22.40.11:897][545]LogModuleManager: Shutting down and abandoning module MediaAssets (234)
[2019.04.28-22.40.11:897][545]LogModuleManager: Shutting down and abandoning module Overlay (232)
[2019.04.28-22.40.11:897][545]LogModuleManager: Shutting down and abandoning module OverlayEditor (231)
[2019.04.28-22.40.11:897][545]LogModuleManager: Shutting down and abandoning module VREditor (228)
[2019.04.28-22.40.11:897][545]LogModuleManager: Shutting down and abandoning module StringTableEditor (226)
[2019.04.28-22.40.11:897][545]LogModuleManager: Shutting down and abandoning module GameplayTasksEditor (224)
[2019.04.28-22.40.11:897][545]LogModuleManager: Shutting down and abandoning module BehaviorTreeEditor (222)
[2019.04.28-22.40.11:897][545]LogModuleManager: Shutting down and abandoning module FunctionalTesting (220)
[2019.04.28-22.40.11:897][545]LogModuleManager: Shutting down and abandoning module CollisionAnalyzer (218)
[2019.04.28-22.40.11:897][545]LogModuleManager: Shutting down and abandoning module WorkspaceMenuStructure (217)
[2019.04.28-22.40.11:897][545]LogModuleManager: Shutting down and abandoning module UMG (214)
[2019.04.28-22.40.11:897][545]LogModuleManager: Shutting down and abandoning module UMGEditor (213)
[2019.04.28-22.40.11:897][545]LogModuleManager: Shutting down and abandoning module Sequencer (212)
[2019.04.28-22.40.11:897][545]LogModuleManager: Shutting down and abandoning module MessageLog (209)
[2019.04.28-22.40.11:897][545]LogModuleManager: Shutting down and abandoning module SlateReflector (204)
[2019.04.28-22.40.11:897][545]LogModuleManager: Shutting down and abandoning module Slate (202)
[2019.04.28-22.40.11:897][545]LogModuleManager: Shutting down and abandoning module EditorStyle (200)
[2019.04.28-22.40.11:900][545]LogModuleManager: Shutting down and abandoning module MRMesh (198)
[2019.04.28-22.40.11:900][545]LogModuleManager: Shutting down and abandoning module SourceCodeAccess (196)
[2019.04.28-22.40.11:900][545]LogModuleManager: Shutting down and abandoning module HeadMountedDisplay (194)
[2019.04.28-22.40.11:900][545]LogModuleManager: Shutting down and abandoning module XAudio2 (192)
[2019.04.28-22.40.11:900][545]LogModuleManager: Shutting down and abandoning module Networking (190)
[2019.04.28-22.40.11:900][545]LogModuleManager: Shutting down and abandoning module Core (188)
[2019.04.28-22.40.11:900][545]LogModuleManager: Shutting down and abandoning module LevelSequence (186)
[2019.04.28-22.40.11:900][545]LogModuleManager: Shutting down and abandoning module KismetCompiler (184)
[2019.04.28-22.40.11:900][545]LogModuleManager: Shutting down and abandoning module MeshUtilities (182)
[2019.04.28-22.40.11:900][545]LogModuleManager: Shutting down and abandoning module MeshMergeUtilities (181)
[2019.04.28-22.40.11:900][545]LogModuleManager: Shutting down and abandoning module MeshReductionInterface (180)
[2019.04.28-22.40.11:900][545]LogModuleManager: Shutting down and abandoning module SimplygonSwarm (179)
[2019.04.28-22.40.11:900][545]LogModuleManager: Shutting down and abandoning module ProxyLODMeshReduction (177)
[2019.04.28-22.40.11:900][545]LogModuleManager: Shutting down and abandoning module SimplygonMeshReduction (175)
[2019.04.28-22.40.11:900][545]LogModuleManager: Shutting down and abandoning module QuadricMeshReduction (173)
[2019.04.28-22.40.11:900][545]LogModuleManager: Shutting down and abandoning module MaterialBaking (169)
[2019.04.28-22.40.11:900][545]LogModuleManager: Shutting down and abandoning module DirectoryWatcher (165)
[2019.04.28-22.40.11:901][545]LogModuleManager: Shutting down and abandoning module DerivedDataCache (162)
[2019.04.28-22.40.11:979][545]LogDerivedDataCache: Shutdown
[2019.04.28-22.40.11:979][545]LogModuleManager: Shutting down and abandoning module XGEController (160)
[2019.04.28-22.40.11:979][545]LogModuleManager: Shutting down and abandoning module TargetPlatform (158)
[2019.04.28-22.40.11:979][545]LogModuleManager: Shutting down and abandoning module VulkanShaderFormat (157)
[2019.04.28-22.40.11:979][545]LogModuleManager: Shutting down and abandoning module ShaderFormatVectorVM (155)
[2019.04.28-22.40.11:979][545]LogModuleManager: Shutting down and abandoning module ShaderFormatOpenGL (153)
[2019.04.28-22.40.11:979][545]LogModuleManager: Shutting down and abandoning module ShaderFormatD3D (151)
[2019.04.28-22.40.11:979][545]LogModuleManager: Shutting down and abandoning module MetalShaderFormat (149)
[2019.04.28-22.40.11:979][545]LogModuleManager: Shutting down and abandoning module TextureFormatUncompressed (147)
[2019.04.28-22.40.11:979][545]LogModuleManager: Shutting down and abandoning module TextureFormatPVR (145)
[2019.04.28-22.40.11:980][545]LogModuleManager: Shutting down and abandoning module TextureFormatDXT (143)
[2019.04.28-22.40.11:980][545]LogModuleManager: Shutting down and abandoning module TextureFormatIntelISPCTexComp (141)
[2019.04.28-22.40.11:980][545]LogModuleManager: Shutting down and abandoning module TextureFormatASTC (139)
[2019.04.28-22.40.11:980][545]LogModuleManager: Shutting down and abandoning module ImageWrapper (138)
[2019.04.28-22.40.11:980][545]LogModuleManager: Shutting down and abandoning module TextureFormatAndroid (135)
[2019.04.28-22.40.11:980][545]LogModuleManager: Shutting down and abandoning module AudioFormatOpus (133)
[2019.04.28-22.40.11:980][545]LogModuleManager: Shutting down and abandoning module AudioFormatOgg (131)
[2019.04.28-22.40.11:980][545]LogModuleManager: Shutting down and abandoning module AudioFormatADPCM (129)
[2019.04.28-22.40.11:980][545]LogModuleManager: Shutting down and abandoning module LuminTargetPlatform (127)
[2019.04.28-22.40.11:980][545]LogModuleManager: Shutting down and abandoning module LinuxTargetPlatform (125)
[2019.04.28-22.40.11:980][545]LogModuleManager: Shutting down and abandoning module LinuxServerTargetPlatform (123)
[2019.04.28-22.40.11:980][545]LogModuleManager: Shutting down and abandoning module LinuxNoEditorTargetPlatform (121)
[2019.04.28-22.40.11:980][545]LogModuleManager: Shutting down and abandoning module LinuxClientTargetPlatform (119)
[2019.04.28-22.40.11:980][545]LogModuleManager: Shutting down and abandoning module TVOSTargetPlatform (117)
[2019.04.28-22.40.11:988][545]LogModuleManager: Shutting down and abandoning module Messaging (115)
[2019.04.28-22.40.11:988][545]LogModuleManager: Shutting down and abandoning module IOSTargetPlatform (113)
[2019.04.28-22.40.11:993][545]LogModuleManager: Shutting down and abandoning module HTML5TargetPlatform (111)
[2019.04.28-22.40.11:993][545]LogModuleManager: Shutting down and abandoning module AndroidTargetPlatform (109)
[2019.04.28-22.40.12:029][545]LogModuleManager: Shutting down and abandoning module WindowsTargetPlatform (107)
[2019.04.28-22.40.12:029][545]LogModuleManager: Shutting down and abandoning module WindowsServerTargetPlatform (105)
[2019.04.28-22.40.12:029][545]LogModuleManager: Shutting down and abandoning module WindowsNoEditorTargetPlatform (103)
[2019.04.28-22.40.12:029][545]LogModuleManager: Shutting down and abandoning module WindowsClientTargetPlatform (101)
[2019.04.28-22.40.12:029][545]LogModuleManager: Shutting down and abandoning module MacTargetPlatform (99)
[2019.04.28-22.40.12:029][545]LogModuleManager: Shutting down and abandoning module MacServerTargetPlatform (97)
[2019.04.28-22.40.12:029][545]LogModuleManager: Shutting down and abandoning module MacNoEditorTargetPlatform (95)
[2019.04.28-22.40.12:029][545]LogModuleManager: Shutting down and abandoning module MacClientTargetPlatform (93)
[2019.04.28-22.40.12:029][545]LogModuleManager: Shutting down and abandoning module AllDesktopTargetPlatform (91)
[2019.04.28-22.40.12:029][545]LogModuleManager: Shutting down and abandoning module InputCore (88)
[2019.04.28-22.40.12:029][545]LogModuleManager: Shutting down and abandoning module Settings (86)
[2019.04.28-22.40.12:029][545]LogModuleManager: Shutting down and abandoning module PhysXCooking (84)
[2019.04.28-22.40.12:029][545]LogModuleManager: Shutting down and abandoning module SteamVR (82)
[2019.04.28-22.40.12:029][545]LogModuleManager: Shutting down and abandoning module OculusHMD (80)
[2019.04.28-22.40.12:029][545]LogModuleManager: Shutting down and abandoning module ExampleDeviceProfileSelector (78)
[2019.04.28-22.40.12:030][545]LogModuleManager: Shutting down and abandoning module LauncherChunkInstaller (76)
[2019.04.28-22.40.12:030][545]LogModuleManager: Shutting down and abandoning module OnlineBlueprintSupport (74)
[2019.04.28-22.40.12:030][545]LogModuleManager: Shutting down and abandoning module OnlineSubsystem (70)
[2019.04.28-22.40.12:031][545]LogModuleManager: Shutting down and abandoning module XMPP (65)
[2019.04.28-22.40.12:031][545]LogModuleManager: Shutting down and abandoning module WebSockets (64)
[2019.04.28-22.40.12:056][545]LogModuleManager: Shutting down and abandoning module HTTP (61)
[2019.04.28-22.40.12:056][545]LogHttp: Display: Http module shutting down, but needs to wait on 1 outstanding Http requests:
[2019.04.28-22.40.12:056][545]LogHttp: Display: 	verb=[POST] url=[https://datarouter.ol.epicgames.com/datarouter/api/v1/public/data?SessionID=%7B7D4D4EC9-49DE-D65B-9C87-DD9396713530%7D&AppID=UEEditor.Rocket.Release&AppVersion=4.20.3-4369336%2B%2B%2BUE4%2BRelease-4.20&UserID=e6b78d314f799816426c6a9273773793%7C51b1b8fc1c884f6f85ca575ff629b78a%7C4fd25ed8-73bd-4f1a-93f1-559792c5771a&AppEnvironment=datacollector-binary&UploadType=eteventstream] status=Processing
[2019.04.28-22.40.12:089][545]LogModuleManager: Shutting down and abandoning module SSL (60)
[2019.04.28-22.40.12:090][545]LogModuleManager: Shutting down and abandoning module MagicLeapEmulator (56)
[2019.04.28-22.40.12:091][545]LogModuleManager: Shutting down and abandoning module MagicLeapPrivileges (54)
[2019.04.28-22.40.12:091][545]LogModuleManager: Shutting down and abandoning module MagicLeapIdentity (52)
[2019.04.28-22.40.12:091][545]LogModuleManager: Shutting down and abandoning module MagicLeapHelperVulkan (50)
[2019.04.28-22.40.12:091][545]LogModuleManager: Shutting down and abandoning module MagicLeapHelperOpenGL (48)
[2019.04.28-22.40.12:091][545]LogModuleManager: Shutting down and abandoning module MagicLeapSecureStorage (46)
[2019.04.28-22.40.12:091][545]LogModuleManager: Shutting down and abandoning module MagicLeapGestures (44)
[2019.04.28-22.40.12:091][545]LogModuleManager: Shutting down and abandoning module MagicLeapEyeTracker (42)
[2019.04.28-22.40.12:091][545]LogModuleManager: Shutting down and abandoning module MagicLeapController (40)
[2019.04.28-22.40.12:091][545]LogSlate: Slate User Destroyed.  User Index 0, Is Virtual User: 0
[2019.04.28-22.40.12:091][545]LogModuleManager: Shutting down and abandoning module MagicLeap (38)
[2019.04.28-22.40.12:091][545]LogModuleManager: Shutting down and abandoning module AnimationModifiers (36)
[2019.04.28-22.40.12:092][545]LogModuleManager: Shutting down and abandoning module PropertyEditor (35)
[2019.04.28-22.40.12:092][545]LogModuleManager: Shutting down and abandoning module AudioEditor (32)
[2019.04.28-22.40.12:092][545]LogModuleManager: Shutting down and abandoning module TextureCompressor (30)
[2019.04.28-22.40.12:092][545]LogModuleManager: Shutting down and abandoning module ShaderCore (28)
[2019.04.28-22.40.12:092][545]LogModuleManager: Shutting down and abandoning module Landscape (26)
[2019.04.28-22.40.12:092][545]LogModuleManager: Shutting down and abandoning module SlateRHIRenderer (24)
[2019.04.28-22.40.12:094][545]LogModuleManager: Shutting down and abandoning module OpenGLDrv (22)
[2019.04.28-22.40.12:094][545]LogModuleManager: Shutting down and abandoning module D3D11RHI (20)
[2019.04.28-22.40.12:094][545]LogModuleManager: Shutting down and abandoning module AnimGraphRuntime (18)
[2019.04.28-22.40.12:094][545]LogModuleManager: Shutting down and abandoning module Renderer (16)
[2019.04.28-22.40.12:094][545]LogModuleManager: Shutting down and abandoning module Engine (14)
[2019.04.28-22.40.12:094][545]LogModuleManager: Shutting down and abandoning module CoreUObject (12)
[2019.04.28-22.40.12:094][545]LogModuleManager: Shutting down and abandoning module NetworkFile (10)
[2019.04.28-22.40.12:094][545]LogModuleManager: Shutting down and abandoning module CookedIterativeFile (8)
[2019.04.28-22.40.12:094][545]LogModuleManager: Shutting down and abandoning module StreamingFile (6)
[2019.04.28-22.40.12:094][545]LogModuleManager: Shutting down and abandoning module SandboxFile (4)
[2019.04.28-22.40.12:094][545]LogModuleManager: Shutting down and abandoning module PakFile (2)
[2019.04.28-22.40.12:112][545]LogExit: Exiting.
[2019.04.28-22.40.12:152][545]Log file closed, 04/28/19 18:40:12
