Log file open, 04/13/19 11:21:44
LogWindows: Failed to load 'aqProf.dll' (GetLastError=126)
LogWindows: File 'aqProf.dll' does not exist
LogWindows: Failed to load 'VSPerf140.dll' (GetLastError=126)
LogWindows: File 'VSPerf140.dll' does not exist
LogWindows: Failed to load 'VtuneApi.dll' (GetLastError=126)
LogWindows: File 'VtuneApi.dll' does not exist
LogWindows: Failed to load 'VtuneApi32e.dll' (GetLastError=126)
LogWindows: File 'VtuneApi32e.dll' does not exist
LogInit: Display: Running engine for game: Dinochan_v001
LogPlatformFile: Not using cached read wrapper
LogTaskGraph: Started task graph with 5 named threads and 59 total threads with 3 sets of task threads.
LogStats: Stats thread started at 1.263656
LogD3D11RHI: Loaded GFSDK_Aftermath_Lib.x64.dll
LogICUInternationalization: Display: ICU TimeZone Detection - Raw Offset: -5:00, Platform Override: ''
LogPluginManager: Mounting plugin Paper2D
LogPluginManager: Mounting plugin AISupport
LogPluginManager: Mounting plugin LightPropagationVolume
LogPluginManager: Mounting plugin CLionSourceCodeAccess
LogPluginManager: Mounting plugin CodeLiteSourceCodeAccess
LogPluginManager: Mounting plugin GitSourceControl
LogPluginManager: Mounting plugin KDevelopSourceCodeAccess
LogPluginManager: Mounting plugin NullSourceCodeAccess
LogPluginManager: Mounting plugin PerforceSourceControl
LogPluginManager: Mounting plugin SubversionSourceControl
LogPluginManager: Mounting plugin UObjectPlugin
LogPluginManager: Mounting plugin VisualStudioCodeSourceCodeAccess
LogPluginManager: Mounting plugin VisualStudioSourceCodeAccess
LogPluginManager: Mounting plugin XCodeSourceCodeAccess
LogPluginManager: Mounting plugin AssetManagerEditor
LogPluginManager: Mounting plugin CryptoKeys
LogPluginManager: Mounting plugin DataValidation
LogPluginManager: Mounting plugin FacialAnimation
LogPluginManager: Mounting plugin GameplayTagsEditor
LogPluginManager: Mounting plugin MacGraphicsSwitching
LogPluginManager: Mounting plugin MeshEditor
LogPluginManager: Mounting plugin MobileLauncherProfileWizard
LogPluginManager: Mounting plugin PluginBrowser
LogPluginManager: Mounting plugin SpeedTreeImporter
LogPluginManager: Mounting plugin DatasmithContent
LogPluginManager: Mounting plugin AlembicImporter
LogPluginManager: Mounting plugin AppleImageUtils
LogPluginManager: Mounting plugin AppleVision
LogPluginManager: Mounting plugin BackChannel
LogPluginManager: Mounting plugin CharacterAI
LogPluginManager: Mounting plugin GeometryCache
LogPluginManager: Mounting plugin HTML5Networking
LogPluginManager: Mounting plugin ProxyLODPlugin
LogPluginManager: Mounting plugin MagicLeap
LogPluginManager: Mounting plugin MagicLeapEmulator
LogPluginManager: Mounting plugin MagicLeapMedia
LogPluginManager: Mounting plugin AndroidMedia
LogPluginManager: Mounting plugin AvfMedia
LogPluginManager: Mounting plugin ImgMedia
LogPluginManager: Mounting plugin LinearTimecode
LogPluginManager: Mounting plugin MediaCompositing
LogPluginManager: Mounting plugin MediaPlayerEditor
LogPluginManager: Mounting plugin WmfMedia
LogPluginManager: Mounting plugin TcpMessaging
LogPluginManager: Mounting plugin UdpMessaging
LogPluginManager: Mounting plugin ActorSequence
LogPluginManager: Mounting plugin LevelSequenceEditor
LogPluginManager: Mounting plugin MatineeToLevelSequence
LogPluginManager: Mounting plugin NetcodeUnitTest
LogPluginManager: Mounting plugin NUTUnrealEngine4
LogPluginManager: Mounting plugin OnlineSubsystemGooglePlay
LogPluginManager: Mounting plugin OnlineSubsystemIOS
LogPluginManager: Mounting plugin OnlineSubsystem
LogPluginManager: Mounting plugin OnlineSubsystemNull
LogPluginManager: Mounting plugin OnlineSubsystemUtils
LogPluginManager: Mounting plugin LauncherChunkInstaller
LogPluginManager: Mounting plugin AndroidDeviceProfileSelector
LogPluginManager: Mounting plugin AndroidMoviePlayer
LogPluginManager: Mounting plugin AndroidPermission
LogPluginManager: Mounting plugin AppleMoviePlayer
LogPluginManager: Mounting plugin ArchVisCharacter
LogPluginManager: Mounting plugin AudioCapture
LogPluginManager: Mounting plugin CableComponent
LogPluginManager: Mounting plugin CustomMeshComponent
LogPluginManager: Mounting plugin EditableMesh
LogPluginManager: Mounting plugin ExampleDeviceProfileSelector
LogPluginManager: Mounting plugin GoogleCloudMessaging
LogPluginManager: Mounting plugin ImmediatePhysics
LogPluginManager: Mounting plugin IOSDeviceProfileSelector
LogPluginManager: Mounting plugin LinuxDeviceProfileSelector
LogPluginManager: Mounting plugin LocationServicesBPLibrary
LogPluginManager: Mounting plugin MobilePatchingUtils
LogPluginManager: Mounting plugin OculusVR
LogPluginManager: Plugin shader directory ../../../Engine/Plugins/Runtime/Oculus/OculusVR/Shaders found
LogPluginManager: Mapping shader source directory ../../../Engine/Plugins/Runtime/Oculus/OculusVR/Shaders to virtual directory /Plugin/OculusVR
LogPluginManager: Mounting plugin PhysXVehicles
LogPluginManager: Mounting plugin ProceduralMeshComponent
LogPluginManager: Mounting plugin RuntimePhysXCooking
LogPluginManager: Mounting plugin SteamVR
LogPluginManager: Mounting plugin WindowsMoviePlayer
LogStreaming: Display: Took  0.214s to configure plugins.
LogInit: Using libcurl 7.55.1-DEV
LogInit:  - built for x86_64-pc-win32
LogInit:  - supports SSL with OpenSSL/1.0.2h
LogInit:  - supports HTTP deflate (compression) using libz 1.2.8
LogInit:  - other features:
LogInit:      CURL_VERSION_SSL
LogInit:      CURL_VERSION_LIBZ
LogInit:      CURL_VERSION_IPV6
LogInit:      CURL_VERSION_ASYNCHDNS
LogInit:      CURL_VERSION_LARGEFILE
LogInit:      CURL_VERSION_IDN
LogInit:  CurlRequestOptions (configurable via config and command line):
LogInit:  - bVerifyPeer = false  - Libcurl will NOT verify peer certificate
LogInit:  - bUseHttpProxy = false  - Libcurl will NOT use HTTP proxy
LogInit:  - bDontReuseConnections = false  - Libcurl will reuse connections
LogInit:  - CertBundlePath = nullptr  - Libcurl will use whatever was configured at build time.
LogInit:  - MaxHostConnections = 16  - Libcurl will limit the number of connections to a host
LogInit:  - LocalHostAddr = Default
LogInit:  - BufferSize = 65536
LogInit: WinSock: version 1.1 (2.2), MaxSocks=32767, MaxUdp=65467
LogInit: Build: ++UE4+Release-4.20-CL-4233996
LogInit: Engine Version: 4.20.1-4233996+++UE4+Release-4.20
LogInit: Compatible Engine Version: 4.20.0-4212847+++UE4+Release-4.20
LogInit: Net CL: 4212847
LogInit: OS: Windows 10 (), CPU: Intel(R) Xeon(R) CPU E5-2630 v4 @ 2.20GHz, GPU: NVIDIA Quadro P5000
LogInit: Compiled (64-bit): Jul 26 2018 10:07:30
LogInit: Compiled with Visual C++: 19.13.26129.00
LogInit: Build Configuration: Development
LogInit: Branch Name: ++UE4+Release-4.20
LogInit: Command Line: 
LogInit: Base Directory: C:/Program Files/Epic Games/UE_4.20/Engine/Binaries/Win64/
LogInit: Installed Engine Build: 1
LogDevObjectVersion: Number of dev versions registered: 20
LogDevObjectVersion:   Dev-Blueprints (B0D832E4-1F89-4F0D-ACCF-7EB736FD4AA2): 10
LogDevObjectVersion:   Dev-Build (E1C64328-A22C-4D53-A36C-8E866417BD8C): 0
LogDevObjectVersion:   Dev-Core (375EC13C-06E4-48FB-B500-84F0262A717E): 2
LogDevObjectVersion:   Dev-Editor (E4B068ED-F494-42E9-A231-DA0B2E46BB41): 24
LogDevObjectVersion:   Dev-Framework (CFFC743F-43B0-4480-9391-14DF171D2073): 34
LogDevObjectVersion:   Dev-Mobile (B02B49B5-BB20-44E9-A304-32B752E40360): 2
LogDevObjectVersion:   Dev-Networking (A4E4105C-59A1-49B5-A7C5-40C4547EDFEE): 0
LogDevObjectVersion:   Dev-Online (39C831C9-5AE6-47DC-9A44-9C173E1C8E7C): 0
LogDevObjectVersion:   Dev-Physics (78F01B33-EBEA-4F98-B9B4-84EACCB95AA2): 0
LogDevObjectVersion:   Dev-Platform (6631380F-2D4D-43E0-8009-CF276956A95A): 0
LogDevObjectVersion:   Dev-Rendering (12F88B9F-8875-4AFC-A67C-D90C383ABD29): 26
LogDevObjectVersion:   Dev-Sequencer (7B5AE74C-D270-4C10-A958-57980B212A5A): 9
LogDevObjectVersion:   Dev-VR (D7296918-1DD6-4BDD-9DE2-64A83CC13884): 2
LogDevObjectVersion:   Dev-LoadTimes (C2A15278-BFE7-4AFE-6C17-90FF531DF755): 1
LogDevObjectVersion:   Private-Geometry (6EACA3D4-40EC-4CC1-B786-8BED09428FC5): 3
LogDevObjectVersion:   Dev-AnimPhys (29E575DD-E0A3-4627-9D10-D276232CDCEA): 17
LogDevObjectVersion:   Dev-ReflectionCapture (6B266CEC-1EC7-4B8F-A30B-E4D90942FC07): 1
LogDevObjectVersion:   Dev-Automation (0DF73D61-A23F-47EA-B727-89E90C41499A): 1
LogDevObjectVersion:   FortniteMain (601D1886-AC64-4F84-AA16-D3DE0DEAC7D6): 12
LogDevObjectVersion:   Dev-Enterprise (9DFFBCD6-494F-0158-E221-12823C92A888): 1
LogStreaming: Display: Took  0.005s to delete old logs.
LogInit: Presizing for max 8388607 objects, including 0 objects not considered by GC, pre-allocating 0 bytes for permanent pool.
LogInit: Object subsystem initialized
[2019.04.13-15.21.45:241][  0]LogInit: Selected Device Profile: [Windows]
[2019.04.13-15.21.45:241][  0]LogInit: Applying CVar settings loaded from the selected device profile: [Windows]
[2019.04.13-15.21.45:273][  0]LogHAL: Display: Platform has ~ 32 GB [34277933056 / 34359738368 / 32], which maps to Largest [LargestMinGB=32, LargerMinGB=12, DefaultMinGB=8, SmallerMinGB=6, SmallestMinGB=0)
[2019.04.13-15.21.45:274][  0]LogInit: Setting Device Profile CVar: [[r.Vulkan.UseRealUBs:1]]
[2019.04.13-15.21.45:274][  0]LogInit: Going up to parent DeviceProfile []
[2019.04.13-15.21.45:281][  0]LogInit: Computer: ATC-174-08
[2019.04.13-15.21.45:281][  0]LogInit: User: modderd1
[2019.04.13-15.21.45:281][  0]LogInit: CPU Page size=4096, Cores=10
[2019.04.13-15.21.45:281][  0]LogInit: High frequency timer resolution =2.143477 MHz
[2019.04.13-15.21.45:281][  0]LogMemory: Memory total: Physical=31.9GB (32GB approx)
[2019.04.13-15.21.45:281][  0]LogMemory: Platform Memory Stats for Windows
[2019.04.13-15.21.45:281][  0]LogMemory: Process Physical Memory: 103.73 MB used, 103.73 MB peak
[2019.04.13-15.21.45:281][  0]LogMemory: Process Virtual Memory: 100.34 MB used, 100.34 MB peak
[2019.04.13-15.21.45:281][  0]LogMemory: Physical Memory: 6052.23 MB used,  26637.76 MB free, 32689.98 MB total
[2019.04.13-15.21.45:281][  0]LogMemory: Virtual Memory: 608.43 MB used,  26637.76 MB free, 134217728.00 MB total
[2019.04.13-15.21.45:556][  0]LogInit: Using OS detected language (en-US).
[2019.04.13-15.21.45:556][  0]LogInit: Using OS detected locale (en-US).
[2019.04.13-15.21.45:560][  0]LogTextLocalizationManager: No specific localization for 'en-US' exists, so the 'en' localization will be used.
[2019.04.13-15.21.46:190][  0]LogStreaming: Display: Took  0.632s to InitEngineTextLocalization.
[2019.04.13-15.21.46:190][  0]LogInit: Setting process to per monitor DPI aware
[2019.04.13-15.21.46:335][  0]LogSlate: New Slate User Created.  User Index 0, Is Virtual User: 0
[2019.04.13-15.21.46:335][  0]LogSlate: Slate User Registered.  User Index 0, Is Virtual User: 0
[2019.04.13-15.21.49:283][  0]LogHMD: Failed to initialize OpenVR with code 110
[2019.04.13-15.21.49:284][  0]LogD3D11RHI: D3D11 adapters:
[2019.04.13-15.21.49:360][  0]LogD3D11RHI:    0. 'NVIDIA Quadro P5000' (Feature Level 11_0)
[2019.04.13-15.21.49:360][  0]LogD3D11RHI:       16255/0/16344 MB DedicatedVideo/DedicatedSystem/SharedSystem, Outputs:2, VendorId:0x10de
[2019.04.13-15.21.49:362][  0]LogD3D11RHI:    1. 'Microsoft Basic Render Driver' (Feature Level 11_0)
[2019.04.13-15.21.49:362][  0]LogD3D11RHI:       0/0/16344 MB DedicatedVideo/DedicatedSystem/SharedSystem, Outputs:0, VendorId:0x1414
[2019.04.13-15.21.49:362][  0]LogD3D11RHI: Chosen D3D11 Adapter: 0
[2019.04.13-15.21.49:371][  0]LogD3D11RHI: Creating new Direct3DDevice
[2019.04.13-15.21.49:371][  0]LogD3D11RHI:     GPU DeviceId: 0x1bb0 (for the marketing name, search the web for "GPU Device Id")
[2019.04.13-15.21.49:371][  0]LogWindows: EnumDisplayDevices:
[2019.04.13-15.21.49:371][  0]LogWindows:    0. 'NVIDIA Quadro P5000' (P:1 D:1)
[2019.04.13-15.21.49:371][  0]LogWindows:    1. 'NVIDIA Quadro P5000' (P:0 D:1)
[2019.04.13-15.21.49:371][  0]LogWindows:    2. 'NVIDIA Quadro P5000' (P:0 D:0)
[2019.04.13-15.21.49:372][  0]LogWindows:    3. 'NVIDIA Quadro P5000' (P:0 D:0)
[2019.04.13-15.21.49:372][  0]LogWindows: DebugString: FoundDriverCount:4 
[2019.04.13-15.21.49:372][  0]LogD3D11RHI:     Adapter Name: NVIDIA Quadro P5000
[2019.04.13-15.21.49:372][  0]LogD3D11RHI:   Driver Version: 397.93 (internal:24.21.13.9793, unified:397.93)
[2019.04.13-15.21.49:372][  0]LogD3D11RHI:      Driver Date: 5-22-2018
[2019.04.13-15.21.49:372][  0]LogRHI: Texture pool is 11378 MB (70% of 16255 MB)
[2019.04.13-15.21.49:426][  0]LogD3D11RHI: Async texture creation enabled
[2019.04.13-15.21.49:454][  0]LogD3D11RHI: GPU Timing Frequency: 1000.000000 (Debug: 2 2)
[2019.04.13-15.21.49:458][  0]LogShaderCompilers: Guid format shader working directory is -23 characters bigger than the processId version (../../../../../../Users/modderd1/Desktop/Dinochan/Dinochan_v001_UE4.20.3/Intermediate/Shaders/WorkingDirectory/8820/).
[2019.04.13-15.21.49:459][  0]LogShaderCompilers: Cleaned the shader compiler working directory 'C:/Users/modderd1/AppData/Local/Temp/UnrealShaderWorkingDir/D9157F58447876EECF6EDA907CE40B6A/'.
[2019.04.13-15.21.49:907][  0]LogTemp: Display: Loaded TP AllDesktopTargetPlatform
[2019.04.13-15.21.49:941][  0]LogTemp: Display: Loaded TP MacClientTargetPlatform
[2019.04.13-15.21.49:965][  0]LogTemp: Display: Loaded TP MacNoEditorTargetPlatform
[2019.04.13-15.21.49:983][  0]LogTemp: Display: Loaded TP MacServerTargetPlatform
[2019.04.13-15.21.50:011][  0]LogTemp: Display: Loaded TP MacTargetPlatform
[2019.04.13-15.21.50:031][  0]LogTemp: Display: Loaded TP WindowsClientTargetPlatform
[2019.04.13-15.21.50:048][  0]LogTemp: Display: Loaded TP WindowsNoEditorTargetPlatform
[2019.04.13-15.21.50:066][  0]LogTemp: Display: Loaded TP WindowsServerTargetPlatform
[2019.04.13-15.21.50:074][  0]LogTemp: Display: Loaded TP WindowsTargetPlatform
[2019.04.13-15.21.50:204][  0]LogTemp: Display: Loaded TP AndroidTargetPlatform
[2019.04.13-15.21.50:204][  0]LogTemp: Display: Loaded TP AndroidTargetPlatform
[2019.04.13-15.21.50:204][  0]LogTemp: Display: Loaded TP AndroidTargetPlatform
[2019.04.13-15.21.50:204][  0]LogTemp: Display: Loaded TP AndroidTargetPlatform
[2019.04.13-15.21.50:204][  0]LogTemp: Display: Loaded TP AndroidTargetPlatform
[2019.04.13-15.21.50:204][  0]LogTemp: Display: Loaded TP AndroidTargetPlatform
[2019.04.13-15.21.50:204][  0]LogTemp: Display: Loaded TP AndroidTargetPlatform
[2019.04.13-15.21.50:204][  0]LogTemp: Display: Loaded TP AndroidTargetPlatform
[2019.04.13-15.21.50:204][  0]LogTemp: Display: Loaded TP AndroidTargetPlatform
[2019.04.13-15.21.50:204][  0]LogTemp: Display: Loaded TP AndroidTargetPlatform
[2019.04.13-15.21.50:204][  0]LogTemp: Display: Loaded TP AndroidTargetPlatform
[2019.04.13-15.21.50:204][  0]LogTemp: Display: Loaded TP AndroidTargetPlatform
[2019.04.13-15.21.50:204][  0]LogTemp: Display: Loaded TP AndroidTargetPlatform
[2019.04.13-15.21.50:204][  0]LogTemp: Display: Loaded TP AndroidTargetPlatform
[2019.04.13-15.21.50:204][  0]LogTemp: Display: Loaded TP AndroidTargetPlatform
[2019.04.13-15.21.50:204][  0]LogTemp: Display: Loaded TP AndroidTargetPlatform
[2019.04.13-15.21.50:204][  0]LogTemp: Display: Loaded TP AndroidTargetPlatform
[2019.04.13-15.21.50:204][  0]LogTemp: Display: Loaded TP AndroidTargetPlatform
[2019.04.13-15.21.50:211][  0]LogTemp: Display: Loaded TP HTML5TargetPlatform
[2019.04.13-15.21.50:313][  0]LogTemp: Display: Loaded TP IOSTargetPlatform
[2019.04.13-15.21.50:313][  0]LogTemp: Display: Loaded TP IOSTargetPlatform
[2019.04.13-15.21.50:343][  0]LogTemp: Display: Loaded TP TVOSTargetPlatform
[2019.04.13-15.21.50:343][  0]LogTemp: Display: Loaded TP TVOSTargetPlatform
[2019.04.13-15.21.50:360][  0]LogTemp: Display: Loaded TP LinuxClientTargetPlatform
[2019.04.13-15.21.50:376][  0]LogTemp: Display: Loaded TP LinuxNoEditorTargetPlatform
[2019.04.13-15.21.50:393][  0]LogTemp: Display: Loaded TP LinuxServerTargetPlatform
[2019.04.13-15.21.50:425][  0]LogTemp: Display: Loaded TP LinuxTargetPlatform
[2019.04.13-15.21.50:440][  0]LogTemp: Display: Loaded TP LuminTargetPlatform
[2019.04.13-15.21.50:440][  0]LogTargetPlatformManager: Display: Building Assets For Windows
[2019.04.13-15.21.50:644][  0]LogXGEController: Cleaning working directory: C:/Users/modderd1/AppData/Local/Temp/UnrealXGEWorkingDir/
[2019.04.13-15.21.50:645][  0]LogXGEController: Cannot use XGE Controller as Incredibuild is not installed on this machine.
[2019.04.13-15.21.50:645][  0]LogShaderCompilers: Cannot use XGE Shader Compiler as Incredibuild is not installed on this machine.
[2019.04.13-15.21.50:645][  0]LogShaderCompilers: Display: Using Local Shader Compiler.
[2019.04.13-15.21.53:073][  0]LogDerivedDataCache: Display: Max Cache Size: 512 MB
[2019.04.13-15.21.53:369][  0]LogDerivedDataCache: Loaded boot cache 0.30s 71MB C:/Users/modderd1/AppData/Local/UnrealEngine/4.20/DerivedDataCache/Boot.ddc.
[2019.04.13-15.21.53:369][  0]LogDerivedDataCache: Display: Loaded Boot cache: C:/Users/modderd1/AppData/Local/UnrealEngine/4.20/DerivedDataCache/Boot.ddc
[2019.04.13-15.21.53:369][  0]LogDerivedDataCache: FDerivedDataBackendGraph:  Pak pak cache file ../../../../../../Users/modderd1/Desktop/Dinochan/Dinochan_v001_UE4.20.3/DerivedDataCache/DDC.ddp not found, will not use a pak cache.
[2019.04.13-15.21.53:369][  0]LogDerivedDataCache: Unable to find inner node Pak for hierarchical cache Hierarchy.
[2019.04.13-15.21.53:369][  0]LogDerivedDataCache: FDerivedDataBackendGraph:  CompressedPak pak cache file ../../../../../../Users/modderd1/Desktop/Dinochan/Dinochan_v001_UE4.20.3/DerivedDataCache/Compressed.ddp not found, will not use a pak cache.
[2019.04.13-15.21.53:369][  0]LogDerivedDataCache: Unable to find inner node CompressedPak for hierarchical cache Hierarchy.
[2019.04.13-15.21.53:404][  0]LogDerivedDataCache: Display: Pak cache opened for reading ../../../Engine/DerivedDataCache/Compressed.ddp.
[2019.04.13-15.21.53:417][  0]LogDerivedDataCache: Using Local data cache path C:/Users/modderd1/AppData/Local/UnrealEngine/Common/DerivedDataCache: Writable
[2019.04.13-15.21.53:417][  0]LogDerivedDataCache: Shared data cache path not found in *engine.ini, will not use an Shared cache.
[2019.04.13-15.21.53:417][  0]LogDerivedDataCache: Unable to find inner node Shared for hierarchical cache Hierarchy.
[2019.04.13-15.21.53:440][  0]LogMaterial: Verifying Global Shaders for PCD3D_SM5
[2019.04.13-15.21.53:446][  0]LogSlate: Using FreeType 2.6.0
[2019.04.13-15.21.53:468][  0]LogSlate: SlateFontServices - WITH_FREETYPE: 1, WITH_HARFBUZZ: 1
[2019.04.13-15.21.53:820][  0]LogAssetRegistry: FAssetRegistry took 0.0310 seconds to start up
[2019.04.13-15.21.54:271][  0]LogInit: Selected Device Profile: [Windows]
[2019.04.13-15.21.54:658][  0]LogSimplygon: Simplygon DLL not present - disabling.
[2019.04.13-15.21.54:683][  0]LogMeshReduction: Using SimplygonSwarm for distributed automatic mesh merging
[2019.04.13-15.21.54:683][  0]LogMeshReduction: Using ProxyLODMeshReduction for automatic mesh merging
[2019.04.13-15.21.54:684][  0]LogMeshReduction: Using QuadricMeshReduction for automatic static mesh reduction
[2019.04.13-15.21.54:684][  0]LogMeshReduction: No automatic skeletal mesh reduction module available
[2019.04.13-15.21.54:769][  0]LogNetVersion: Dinochan_v001 1.0.0, NetCL: 4212847, EngineNetVer: 5, GameNetVer: 0 (Checksum: 2574802920)
[2019.04.13-15.21.56:362][  0]LogPackageLocalizationCache: Processed 11 localized package path(s) for 2 prioritized culture(s) in 0.243328 seconds
[2019.04.13-15.21.56:369][  0]LogUObjectArray: 38425 objects as part of root set at end of initial load.
[2019.04.13-15.21.56:369][  0]LogUObjectAllocator: 6690864 out of 0 bytes used by permanent object pool.
[2019.04.13-15.21.56:369][  0]LogUObjectArray: CloseDisregardForGC: 0/0 objects in disregard for GC pool
[2019.04.13-15.22.00:560][  0]LogTcpMessaging: Initializing TcpMessaging bridge
[2019.04.13-15.22.00:577][  0]LogUdpMessaging: Initializing bridge on interface 0.0.0.0:0 to multicast group 230.0.0.1:6666.
[2019.04.13-15.22.00:918][  0]SourceControl: Source control is disabled
[2019.04.13-15.22.00:918][  0]SourceControl: Source control is disabled
[2019.04.13-15.22.00:926][  0]SourceControl: Source control is disabled
[2019.04.13-15.22.00:931][  0]SourceControl: Source control is disabled
[2019.04.13-15.22.01:239][  0]LogAndroidPermission: UAndroidPermissionCallbackProxy::GetInstance
[2019.04.13-15.22.01:295][  0]LogOcInput: OculusInput pre-init called
[2019.04.13-15.22.01:426][  0]LogEngine: Initializing Engine...
[2019.04.13-15.22.01:428][  0]LogHMD: Failed to initialize OpenVR with code 110
[2019.04.13-15.22.01:431][  0]LogStats: UGameplayTagsManager::ConstructGameplayTagTree: ImportINI prefixes -  0.000 s
[2019.04.13-15.22.01:431][  0]LogStats: UGameplayTagsManager::ConstructGameplayTagTree: Construct from data asset -  0.000 s
[2019.04.13-15.22.01:432][  0]LogStats: UGameplayTagsManager::ConstructGameplayTagTree: ImportINI -  0.000 s
[2019.04.13-15.22.01:432][  0]LogStats: UGameplayTagsManager::ConstructGameplayTagTree: GameplayTagTreeChangedEvent.Broadcast -  0.000 s
[2019.04.13-15.22.01:915][  0]LogInit: Initializing FReadOnlyCVARCache
[2019.04.13-15.22.01:947][  0]LogAIModule: Creating AISystem for world Untitled
[2019.04.13-15.22.01:963][  0]LogInit: XAudio2 using 'Speakers (2- High Definition Audio Device)' : 2 channels at 48 kHz using 16 bits per sample (channel mask 0x3)
[2019.04.13-15.22.01:991][  0]LogInit: FAudioDevice initialized.
[2019.04.13-15.22.01:991][  0]LogNetVersion: Set ProjectVersion to 1.0.0.0. Version Checksum will be recalculated on next use.
[2019.04.13-15.22.02:071][  0]LogDerivedDataCache: Saved boot cache 0.08s 71MB C:/Users/modderd1/AppData/Local/UnrealEngine/4.20/DerivedDataCache/Boot.ddc.
[2019.04.13-15.22.02:079][  0]LogInit: Texture streaming: Enabled
[2019.04.13-15.22.02:102][  0]LogEngineSessionManager: EngineSessionManager initialized
[2019.04.13-15.22.02:126][  0]LogInit: Transaction tracking system initialized
[2019.04.13-15.22.02:182][  0]BlueprintLog: New page: Editor Load
[2019.04.13-15.22.02:409][  0]LocalizationService: Localization service is disabled
[2019.04.13-15.22.03:094][  0]LogCook: Display: Max memory allowance for cook 16384mb min free memory 0mb
[2019.04.13-15.22.03:094][  0]LogCook: Display: Mobile HDR setting 1
[2019.04.13-15.22.03:095][  0]LogGameplayTags: Display: UGameplayTagsManager::DoneAddingNativeTags. DelegateIsBound: 0
[2019.04.13-15.22.03:095][  0]LogStats: UGameplayTagsManager::ConstructGameplayTagTree: ImportINI prefixes -  0.000 s
[2019.04.13-15.22.03:095][  0]LogStats: UGameplayTagsManager::ConstructGameplayTagTree: Construct from data asset -  0.000 s
[2019.04.13-15.22.03:095][  0]LogStats: UGameplayTagsManager::ConstructGameplayTagTree: ImportINI -  0.000 s
[2019.04.13-15.22.03:095][  0]LogStats: UGameplayTagsManager::ConstructGameplayTagTree: GameplayTagTreeChangedEvent.Broadcast -  0.000 s
[2019.04.13-15.22.03:451][  0]LogFileCache: Scanning file cache for directory 'C:/Users/modderd1/Desktop/Dinochan/Dinochan_v001_UE4.20.3/Content/' took 0.03s
[2019.04.13-15.22.03:451][  0]SourceControl: Source control is disabled
[2019.04.13-15.22.03:451][  0]Cmd: MAP LOAD FILE="../../../../../../Users/modderd1/Desktop/Dinochan/Dinochan_v001_UE4.20.3/Content/_Maps/SharedLevel/Persistant_Empty.umap" TEMPLATE=0 SHOWPROGRESS=1 FEATURELEVEL=3
[2019.04.13-15.22.03:452][  0]LightingResults: New page: Lighting Build
[2019.04.13-15.22.03:460][  0]MapCheck: New page: Map Check
[2019.04.13-15.22.03:460][  0]LightingResults: New page: Lighting Build
[2019.04.13-15.22.03:573][  0]LogAIModule: Creating AISystem for world Persistant_Empty
[2019.04.13-15.22.03:574][  0]LogStreaming: Display: ULevelStreaming::RequestLevel(/Game/_Maps/SharedLevel/AssetLevel) is flushing async loading
[2019.04.13-15.22.03:574][  0]LogStreaming: Display: Flushing async loaders.
[2019.04.13-15.22.04:204][  0]LogTexture: Display: Building textures: HQ_Lightmap0_7 (AutoDXT, 64X64)
[2019.04.13-15.22.04:204][  0]LogTexture: Display: Building textures: LQ_Lightmap_0_7 (DXT1, 64X64)
[2019.04.13-15.22.04:204][  0]LogTexture: Display: Building textures: ShadowMapTexture2D_2 (G8, 256X256)
[2019.04.13-15.22.04:204][  0]LogTexture: Display: Building textures: HQ_Lightmap0_5 (AutoDXT, 512X512)
[2019.04.13-15.22.04:204][  0]LogTexture: Display: Building textures: ShadowMapTexture2D_3 (G8, 32X32)
[2019.04.13-15.22.04:204][  0]LogTexture: Display: Building textures: LQ_Lightmap_0_5 (DXT1, 512X512)
[2019.04.13-15.22.04:204][  0]LogTexture: Display: Building textures: ShadowMapTexture2D_1 (G8, 2048X1024)
[2019.04.13-15.22.04:204][  0]LogTexture: Display: Building textures: ShadowMapTexture2D_0 (G8, 2048X2048)
[2019.04.13-15.22.04:205][  0]LogTexture: Display: Building textures: T_Grass_Bunch_01 (BGRA8, 1479X940)
[2019.04.13-15.22.04:205][  0]LogTexture: Display: Building textures: T_Grass_Bunch_Alpha (BGRA8, 1479X940)
[2019.04.13-15.22.04:205][  0]LogTexture: Display: Building textures: HQ_Lightmap0_4 (AutoDXT, 2048X2048)
[2019.04.13-15.22.04:205][  0]LogTexture: Display: Building textures: Balcony_Frame_Base_Color (AutoDXT, 2048X2048)
[2019.04.13-15.22.04:205][  0]LogTexture: Display: Building textures: LQ_Lightmap_1_3 (DXT1, 2048X2048)
[2019.04.13-15.22.04:205][  0]LogTexture: Display: Building textures: LQ_Lightmap_0_4 (DXT1, 2048X2048)
[2019.04.13-15.22.04:205][  0]LogTexture: Display: Building textures: HQ_Lightmap1_2 (AutoDXT, 2048X2048)
[2019.04.13-15.22.04:205][  0]LogTexture: Display: Building textures: LQ_Lightmap_1_2 (DXT1, 2048X2048)
[2019.04.13-15.22.04:205][  0]LogTexture: Display: Building textures: LQ_Lightmap_1_1 (DXT1, 2048X2048)
[2019.04.13-15.22.04:205][  0]LogTexture: Display: Building textures: HQ_Lightmap1_3 (AutoDXT, 2048X2048)
[2019.04.13-15.22.04:205][  0]LogTexture: Display: Building textures: HQ_Lightmap1_1 (AutoDXT, 2048X2048)
[2019.04.13-15.22.04:239][  0]LogTexture: Display: Building textures: Balcony_Base_Color (AutoDXT, 2048X2048)
[2019.04.13-15.22.04:239][  0]LogStaticMesh: Building static mesh Grass_Bunch_Thick_001...
[2019.04.13-15.22.04:293][  0]LogStaticMesh: Built static mesh [0.05s] /Game/1_Models/Foliage/Grass_Bunch_Thick_001.Grass_Bunch_Thick_001
[2019.04.13-15.22.04:310][  0]LogTexture: Display: Building textures: Door_Base_Color (AutoDXT, 2048X2048)
[2019.04.13-15.22.04:310][  0]LogStaticMesh: Building static mesh Grass_Bunch_Thick_002...
[2019.04.13-15.22.04:318][  0]LogStaticMesh: Built static mesh [0.02s] /Game/1_Models/Foliage/Grass_Bunch_Thick_002.Grass_Bunch_Thick_002
[2019.04.13-15.22.04:322][  0]LogStaticMesh: Building static mesh Grass_Bunch_Thick_003...
[2019.04.13-15.22.04:329][  0]LogStaticMesh: Built static mesh [0.01s] /Game/1_Models/Foliage/Grass_Bunch_Thick_003.Grass_Bunch_Thick_003
[2019.04.13-15.22.04:333][  0]LogStaticMesh: Building static mesh Grass_Bunch_Thick_004...
[2019.04.13-15.22.04:345][  0]LogStaticMesh: Built static mesh [0.01s] /Game/1_Models/Foliage/Grass_Bunch_Thick_004.Grass_Bunch_Thick_004
[2019.04.13-15.22.04:348][  0]LogTexture: Display: Building textures: Tower_Inside_Base_Color (AutoDXT, 2048X2048)
[2019.04.13-15.22.05:475][  0]LogTexture: Display: Building textures: T_Crystal_Purple (AutoDXT, 2048X2048)
[2019.04.13-15.22.05:475][  0]LogTexture: Display: Building textures: LP_Tower_Outside_Tower_Outside_color_BaseColor (AutoDXT, 2048X2048)
[2019.04.13-15.22.05:475][  0]LogTexture: Display: Building textures: T_Meteor_Lorge_Colors (AutoDXT, 2048X2048)
[2019.04.13-15.22.05:475][  0]LogTexture: Display: Building textures: Floor_Base_Color (AutoDXT, 2048X2048)
[2019.04.13-15.22.05:475][  0]LogStaticMesh: Building static mesh Meteor_LorgewCrystals_Merged...
[2019.04.13-15.22.05:912][  0]LogStaticMesh: Built static mesh [0.44s] /Game/1_Models/Rocks/Meteor_Lorge/Meteor_LorgewCrystals_Merged.Meteor_LorgewCrystals_Merged
[2019.04.13-15.22.06:146][  0]LogStaticMesh: Building static mesh Tower_Together+Door_fook__Balcony...
[2019.04.13-15.22.06:175][  0]LogStaticMesh: Built static mesh [0.03s] /Game/1_Models/Hives/Tower_Together+Door_fook__Balcony.Tower_Together+Door_fook__Balcony
[2019.04.13-15.22.06:187][  0]LogStaticMesh: Building static mesh Tower_Together+Door_fook__Door_entry...
[2019.04.13-15.22.06:220][  0]LogStaticMesh: Built static mesh [0.03s] /Game/1_Models/Hives/Tower_Together+Door_fook__Door_entry.Tower_Together+Door_fook__Door_entry
[2019.04.13-15.22.06:229][  0]LogStaticMesh: Building static mesh Tower_Together+Door_fook__Door_L...
[2019.04.13-15.22.06:248][  0]LogStaticMesh: Built static mesh [0.02s] /Game/1_Models/Hives/Tower_Together+Door_fook__Door_L.Tower_Together+Door_fook__Door_L
[2019.04.13-15.22.06:255][  0]LogStaticMesh: Building static mesh Tower_Together+Door_fook__Door_R...
[2019.04.13-15.22.06:274][  0]LogStaticMesh: Built static mesh [0.02s] /Game/1_Models/Hives/Tower_Together+Door_fook__Door_R.Tower_Together+Door_fook__Door_R
[2019.04.13-15.22.06:280][  0]LogStaticMesh: Building static mesh Tower_Together+Door_fook__Flooring_backup...
[2019.04.13-15.22.06:294][  0]LogStaticMesh: Built static mesh [0.01s] /Game/1_Models/Hives/Tower_Together+Door_fook__Flooring_backup.Tower_Together+Door_fook__Flooring_backup
[2019.04.13-15.22.06:299][  0]LogStaticMesh: Building static mesh Tower_Together+Door_fook__Frame...
[2019.04.13-15.22.06:317][  0]LogStaticMesh: Built static mesh [0.02s] /Game/1_Models/Hives/Tower_Together+Door_fook__Frame.Tower_Together+Door_fook__Frame
[2019.04.13-15.22.06:336][  0]LogStaticMesh: Building static mesh Tower_Together+Door_fook__Tower_Inside...
[2019.04.13-15.22.06:405][  0]LogStaticMesh: Built static mesh [0.07s] /Game/1_Models/Hives/Tower_Together+Door_fook__Tower_Inside.Tower_Together+Door_fook__Tower_Inside
[2019.04.13-15.22.06:433][  0]LogStaticMesh: Building static mesh Tower_Together+Door_fook__Tower_Outside001...
[2019.04.13-15.22.06:496][  0]LogStaticMesh: Built static mesh [0.06s] /Game/1_Models/Hives/Tower_Together+Door_fook__Tower_Outside001.Tower_Together+Door_fook__Tower_Outside001
[2019.04.13-15.22.06:657][  0]LogMaterial: Display: Missing cached shader map for material M_GrassThick, compiling. 
[2019.04.13-15.22.07:782][  0]LogShaderCompilers: Display: Shaders left to compile 85
[2019.04.13-15.22.07:783][  0]LogShaderCompilers: Display: Shaders left to compile 75
[2019.04.13-15.22.07:783][  0]LogShaderCompilers: Display: Shaders left to compile 65
[2019.04.13-15.22.07:783][  0]LogShaderCompilers: Display: Shaders left to compile 55
[2019.04.13-15.22.07:783][  0]LogShaderCompilers: Display: Shaders left to compile 45
[2019.04.13-15.22.07:783][  0]LogShaderCompilers: Display: Shaders left to compile 35
[2019.04.13-15.22.07:783][  0]LogShaderCompilers: Display: Shaders left to compile 25
[2019.04.13-15.22.07:783][  0]LogShaderCompilers: Display: Shaders left to compile 15
[2019.04.13-15.22.07:783][  0]LogShaderCompilers: Display: Shaders left to compile 5
[2019.04.13-15.22.07:783][  0]LogMaterial: Display: Missing cached shader map for material Balcony_Base_Color_Mat, compiling. 
[2019.04.13-15.22.07:866][  0]LogShaderCompilers: Display: Shaders left to compile 31
[2019.04.13-15.22.07:866][  0]LogShaderCompilers: Display: Shaders left to compile 21
[2019.04.13-15.22.07:866][  0]LogShaderCompilers: Display: Shaders left to compile 11
[2019.04.13-15.22.07:866][  0]LogShaderCompilers: Display: Shaders left to compile 1
[2019.04.13-15.22.07:866][  0]LogMaterial: Display: Missing cached shader map for material Balcony_Frame_Base_Color_Mat, compiling. 
[2019.04.13-15.22.07:906][  0]LogMaterial: Display: Missing cached shader map for material Door_Base_Color_Mat, compiling. 
[2019.04.13-15.22.07:945][  0]LogShaderCompilers: Display: Shaders left to compile 31
[2019.04.13-15.22.07:945][  0]LogShaderCompilers: Display: Shaders left to compile 21
[2019.04.13-15.22.07:945][  0]LogShaderCompilers: Display: Shaders left to compile 11
[2019.04.13-15.22.07:945][  0]LogShaderCompilers: Display: Shaders left to compile 1
[2019.04.13-15.22.07:945][  0]LogMaterial: Display: Missing cached shader map for material Floor_Base_Color_Mat, compiling. 
[2019.04.13-15.22.07:985][  0]LogMaterial: Display: Missing cached shader map for material LP_Tower_Outside_Tower_Outside_color_BaseColor_Mat, compiling. 
[2019.04.13-15.22.08:045][  0]LogMaterial: Display: Missing cached shader map for material Tower_Inside_Base_Color_Mat, compiling. 
[2019.04.13-15.22.08:279][  0]LogMaterial: Display: Missing cached shader map for material M_Crystal_Purple, compiling. 
[2019.04.13-15.22.08:407][  0]LogMaterial: Display: Missing cached shader map for material M_Meteor_Lorge, compiling. 
[2019.04.13-15.22.08:859][  0]LogStreaming: Display: ULevelStreaming::RequestLevel(/Game/_Maps/SharedLevel/Cine_Level) is flushing async loading
[2019.04.13-15.22.09:028][  0]LogTexture: Display: Building textures: Reflection (AutoDXT, 512X512)
[2019.04.13-15.22.09:129][  0]LogShaderCompilers: Display: Shaders left to compile 168
[2019.04.13-15.22.09:129][  0]LogMaterial: Display: Missing cached shader map for material JemShine, compiling. 
[2019.04.13-15.22.09:238][  0]LogShaderCompilers: Display: Shaders left to compile 158
[2019.04.13-15.22.09:250][  0]LogStreaming: Display: ULevelStreaming::RequestLevel(/Game/_Maps/SharedLevel/BP_Level) is flushing async loading
[2019.04.13-15.22.09:723][  0]LogAnimationCompression: Building Anim DDC data for AnimSequence /Game/1_Models/Dinochan_Anims/Dino_Fall_24FxS_Anim.Dino_Fall_24FxS_Anim
[2019.04.13-15.22.09:723][  0]LogAnimationCompression: Recompressing (AnimSequence /Game/1_Models/Dinochan_Anims/Dino_Fall_24FxS_Anim.Dino_Fall_24FxS_Anim) using current/default (AnimCompress_BitwiseCompressOnly_1) bFirstRecompressUsingCurrentOrDefault(1) bTryAlternateCompressor(0) IsCompressedDataValid(0)
[2019.04.13-15.22.09:725][  0]LogAnimationCompression: Building Anim DDC data for AnimSequence /Game/1_Models/Dinochan_Anims/Dino_Idle_1000FxS_Anim.Dino_Idle_1000FxS_Anim
[2019.04.13-15.22.09:725][  0]LogAnimationCompression: Recompressing (AnimSequence /Game/1_Models/Dinochan_Anims/Dino_Idle_1000FxS_Anim.Dino_Idle_1000FxS_Anim) using current/default (AnimCompress_BitwiseCompressOnly_0) bFirstRecompressUsingCurrentOrDefault(1) bTryAlternateCompressor(0) IsCompressedDataValid(0)
[2019.04.13-15.22.09:739][  0]LogAnimationCompression: Building Anim DDC data for AnimSequence /Game/1_Models/Dinochan_Anims/Dino_Run_24FxS_Anim.Dino_Run_24FxS_Anim
[2019.04.13-15.22.09:739][  0]LogAnimationCompression: Recompressing (AnimSequence /Game/1_Models/Dinochan_Anims/Dino_Run_24FxS_Anim.Dino_Run_24FxS_Anim) using current/default (AnimCompress_BitwiseCompressOnly_1) bFirstRecompressUsingCurrentOrDefault(1) bTryAlternateCompressor(0) IsCompressedDataValid(0)
[2019.04.13-15.22.09:754][  0]LogSkeletalMesh: Building Skeletal Mesh Dino_Idle_1000FxS...
[2019.04.13-15.22.11:251][  0]LogSkeletalMesh: Built Skeletal Mesh [1.50s] /Game/1_Models/Dinochan_Anims/Dino_Idle_1000FxS.Dino_Idle_1000FxS
[2019.04.13-15.22.11:380][  0]LogShaderCompilers: Display: Shaders left to compile 170
[2019.04.13-15.22.11:388][  0]LogEditorServer: Finished looking for orphan Actors (0.000 secs)
[2019.04.13-15.22.11:456][  0]Cmd: MAP CHECKDEP NOCLEARLOG
[2019.04.13-15.22.11:635][  0]MapCheck: Map check complete: 0 Error(s), 0 Warning(s), took 178.809ms to complete.
[2019.04.13-15.22.11:635][  0]LogFileHelpers: Loading map 'Persistant_Empty' took 8.184
[2019.04.13-15.22.11:900][  0]LogShaderCompilers: Display: Shaders left to compile 160
[2019.04.13-15.22.11:900][  0]LogShaderCompilers: Display: Shaders left to compile 150
[2019.04.13-15.22.11:900][  0]LogSlate: Updating window title bar state: overlay mode, drag disabled, window buttons hidden, title bar hidden
[2019.04.13-15.22.11:909][  0]LogSlate: Updating window title bar state: overlay mode, drag disabled, window buttons hidden, title bar hidden
[2019.04.13-15.22.11:947][  0]LogCollectionManager: Loaded 0 collections in 0.004187 seconds
[2019.04.13-15.22.12:022][  0]LogFileCache: Scanning file cache for directory 'C:/Users/modderd1/Desktop/Dinochan/Dinochan_v001_UE4.20.3/Saved/Collections/' took 0.01s
[2019.04.13-15.22.12:022][  0]LogFileCache: Scanning file cache for directory 'C:/Users/modderd1/Desktop/Dinochan/Dinochan_v001_UE4.20.3/Content/Developers/modderd1/Collections/' took 0.01s
[2019.04.13-15.22.12:022][  0]LogFileCache: Scanning file cache for directory 'C:/Users/modderd1/Desktop/Dinochan/Dinochan_v001_UE4.20.3/Content/Collections/' took 0.01s
[2019.04.13-15.22.12:022][  0]LogShaderCompilers: Display: Shaders left to compile 140
[2019.04.13-15.22.12:022][  0]LogCollectionManager: Rebuilt the GUID cache for 0 collections in 0.000000 seconds
[2019.04.13-15.22.12:046][  0]LogContentBrowser: Native class hierarchy populated in 0.0226 seconds. Added 2572 classes and 603 folders.
[2019.04.13-15.22.12:066][  0]LogContentBrowser: Native class hierarchy updated for 'WidgetCarousel' in 0.0005 seconds. Added 0 classes and 0 folders.
[2019.04.13-15.22.12:834][  0]LogShaderCompilers: Display: Shaders left to compile 130
[2019.04.13-15.22.12:834][  0]LogShaderCompilers: Display: Shaders left to compile 120
[2019.04.13-15.22.12:834][  0]LogContentBrowser: Native class hierarchy updated for 'AddContentDialog' in 0.0005 seconds. Added 0 classes and 0 folders.
[2019.04.13-15.22.12:850][  0]LogContentBrowser: Native class hierarchy updated for 'SceneOutliner' in 0.0005 seconds. Added 1 classes and 2 folders.
[2019.04.13-15.22.12:921][  0]LogContentBrowser: Native class hierarchy updated for 'WorldBrowser' in 0.0006 seconds. Added 2 classes and 3 folders.
[2019.04.13-15.22.12:961][  0]LogSlate: Took 0.010815 seconds to synchronously load lazily loaded font '../../../Engine/Content/Slate/Fonts/Roboto-Regular.ttf' (155K)
[2019.04.13-15.22.12:976][  0]LogSlate: Took 0.010046 seconds to synchronously load lazily loaded font '../../../Engine/Content/Slate/Fonts/Roboto-Bold.ttf' (160K)
[2019.04.13-15.22.13:001][  0]LogSlate: Took 0.011645 seconds to synchronously load lazily loaded font '../../../Engine/Content/Editor/Slate/Fonts/FontAwesome.ttf' (139K)
[2019.04.13-15.22.13:305][  0]LogRenderer: Reallocating scene render targets to support 604x576 Format 10 NumSamples 1 (Frame:1).
[2019.04.13-15.22.13:526][  0]LogContentBrowser: Native class hierarchy updated for 'HierarchicalLODOutliner' in 0.0005 seconds. Added 0 classes and 0 folders.
[2019.04.13-15.22.13:526][  0]LogLoad: (Engine Initialization) Total time: 34.49 seconds
[2019.04.13-15.22.13:526][  0]LogLoad: (Engine Initialization) Total Blueprint compile time: 0.00 seconds
[2019.04.13-15.22.13:583][  0]LogShaderCompilers: Display: Shaders left to compile 110
[2019.04.13-15.22.13:583][  0]LogContentStreaming: Texture pool size now 3000 MB
[2019.04.13-15.22.13:652][  0]LogShaderCompilers: Display: Shaders left to compile 100
[2019.04.13-15.22.13:701][  0]LogSlate: Took 0.009738 seconds to synchronously load lazily loaded font '../../../Engine/Content/Slate/Fonts/Roboto-Light.ttf' (167K)
[2019.04.13-15.22.13:826][  3]LogAssetRegistry: Asset discovery search completed in 20.0287 seconds
[2019.04.13-15.22.13:830][  3]LogCollectionManager: Rebuilt the object cache for 0 collections in 0.000001 seconds (found 0 objects)
[2019.04.13-15.22.13:830][  3]LogCollectionManager: Fixed up redirectors for 0 collections in 0.000116 seconds (updated 0 objects)
[2019.04.13-15.22.13:872][  4]LogShaderCompilers: Display: Shaders left to compile 90
[2019.04.13-15.22.13:872][  4]LogShaderCompilers: Display: Shaders left to compile 80
[2019.04.13-15.22.14:373][ 49]LogShaderCompilers: Display: Shaders left to compile 70
[2019.04.13-15.22.14:619][ 67]LogShaderCompilers: Display: Shaders left to compile 60
[2019.04.13-15.22.14:659][ 67]LogSlate: Took 0.000378 seconds to synchronously load lazily loaded font '../../../Engine/Content/Slate/Fonts/Roboto-Light.ttf' (167K)
[2019.04.13-15.22.14:751][ 73]LogShaderCompilers: Display: Shaders left to compile 50
[2019.04.13-15.22.14:820][ 76]LogShaderCompilers: Display: Shaders left to compile 40
[2019.04.13-15.22.14:917][ 82]LogShaderCompilers: Display: Shaders left to compile 30
[2019.04.13-15.22.15:017][ 88]LogShaderCompilers: Display: Shaders left to compile 20
[2019.04.13-15.22.15:462][130]LogShaderCompilers: Display: Shaders left to compile 10
[2019.04.13-15.22.18:722][470]LogFileCache: Retrieving MD5 hashes for directory 'C:/Users/modderd1/Desktop/Dinochan/Dinochan_v001_UE4.20.3/Content/' took 5.17s
[2019.04.13-15.22.34:905][343]LogSlate: FSceneViewport::OnFocusLost() reason 0
[2019.04.13-15.22.40:454][944]LogTexture: Display: Building textures: LQ_Lightmap_0_3 (DXT1, 32X32)
[2019.04.13-15.22.40:454][944]LogTexture: Display: Building textures: LQ_Lightmap_0_2 (DXT1, 64X64)
[2019.04.13-15.22.40:454][944]LogTexture: Display: Building textures: HQ_Lightmap0_2 (AutoDXT, 64X64)
[2019.04.13-15.22.40:454][944]LogTexture: Display: Building textures: HQ_Lightmap0_3 (AutoDXT, 32X32)
[2019.04.13-15.22.40:454][944]LogTexture: Display: Building textures: ShadowMapTexture2D_1 (G8, 32X32)
[2019.04.13-15.22.40:454][944]LogTexture: Display: Building textures: ShadowMapTexture2D_2 (G8, 16X16)
[2019.04.13-15.22.40:454][944]LogTexture: Display: Building textures: ShadowMapTexture2D_0 (G8, 1024X256)
[2019.04.13-15.22.40:454][944]LogTexture: Display: Building textures: LQ_Lightmap_0_1 (DXT1, 1024X1024)
[2019.04.13-15.22.40:454][944]LogTexture: Display: Building textures: HQ_Lightmap0_1 (AutoDXT, 1024X1024)
[2019.04.13-15.22.40:738][944]LogAIModule: Creating AISystem for world Dom_Modelled_Greybox1
[2019.04.13-15.22.40:753][944]LogAssetEditorManager: Opening Asset editor for World /Game/_Maps/DomLevel/Dom_Modelled_Greybox1.Dom_Modelled_Greybox1
[2019.04.13-15.22.40:806][944]Cmd: MAP LOAD FILE="../../../../../../Users/modderd1/Desktop/Dinochan/Dinochan_v001_UE4.20.3/Content/_Maps/DomLevel/Dom_Modelled_Greybox1.umap" TEMPLATE=0 SHOWPROGRESS=1 FEATURELEVEL=3
[2019.04.13-15.22.40:807][944]LightingResults: New page: Lighting Build
[2019.04.13-15.22.40:807][944]LoadErrors: New page: Loading map: Dom_Modelled_Greybox1.umap
[2019.04.13-15.22.40:811][944]MapCheck: New page: Map Check
[2019.04.13-15.22.40:811][944]LightingResults: New page: Lighting Build
[2019.04.13-15.22.40:869][944]LogEditorServer: Finished looking for orphan Actors (0.000 secs)
[2019.04.13-15.22.40:984][944]Cmd: MAP CHECKDEP NOCLEARLOG
[2019.04.13-15.22.41:114][944]MapCheck: Map check complete: 0 Error(s), 0 Warning(s), took 130.034ms to complete.
[2019.04.13-15.22.41:114][944]LogFileHelpers: Loading map 'Dom_Modelled_Greybox1' took 0.309
[2019.04.13-15.22.42:918][139]LogTemp: Repeating last play command: Standalone Game
[2019.04.13-15.23.07:355][967]LogEditorViewport: Clicking on Actor (LMB): LevelSequenceActor (Scene2)
[2019.04.13-15.23.10:279][287]LogSlate: Took 0.010436 seconds to synchronously load lazily loaded font '../../../Engine/Content/Slate/Fonts/Roboto-Italic.ttf' (157K)
[2019.04.13-15.23.11:123][383]LogSlate: FSceneViewport::OnFocusLost() reason 0
[2019.04.13-15.23.11:241][393]LogAssetEditorManager: Opening Asset editor for LevelSequence /Game/Sequences/Scene2.Scene2
[2019.04.13-15.23.11:450][393]LogSlate: Took 0.008474 seconds to synchronously load lazily loaded font '../../../Engine/Content/Slate/Fonts/DroidSansMono.ttf' (77K)
[2019.04.13-15.23.25:569][473]LogSlate: Window 'Sequencer' being destroyed
[2019.04.13-15.23.25:572][473]LogSlate: Window 'Dinochan_v001 - Unreal Editor' being destroyed
[2019.04.13-15.23.25:572][473]LogWindowsTextInputMethodSystem: Display: IME system now deactivated.
[2019.04.13-15.23.25:758][474]Cmd: QUIT_EDITOR
[2019.04.13-15.23.25:835][474]LogExit: Preparing to exit.
[2019.04.13-15.23.26:634][474]LogDirectoryWatcher: A directory notification failed for 'C:/Users/modderd1/Desktop/Dinochan/Dinochan_v001_UE4.20.3/Content/', and we were unable to create a new request.
[2019.04.13-15.23.26:660][474]LogExit: Editor shut down
[2019.04.13-15.23.26:661][474]LogExit: Transaction tracking system shut down
[2019.04.13-15.23.27:145][474]LogExit: Object subsystem successfully closed.
[2019.04.13-15.23.27:185][474]LogShaderCompilers: Display: Shaders left to compile 0
[2019.04.13-15.23.27:192][474]LogD3D11RHI: Shutdown
[2019.04.13-15.23.27:192][474]LogD3D11RHI: CleanupD3DDevice
[2019.04.13-15.23.27:197][474]LogD3D11RHI: ~FD3D11DynamicRHI
[2019.04.13-15.23.27:228][474]LogModuleManager: Shutting down and abandoning module SequencerWidgets (616)
[2019.04.13-15.23.27:228][474]LogModuleManager: Shutting down and abandoning module HierarchicalLODOutliner (614)
[2019.04.13-15.23.27:228][474]LogModuleManager: Shutting down and abandoning module WorldBrowser (612)
[2019.04.13-15.23.27:228][474]LogModuleManager: Shutting down and abandoning module SceneOutliner (610)
[2019.04.13-15.23.27:228][474]LogModuleManager: Shutting down and abandoning module AddContentDialog (608)
[2019.04.13-15.23.27:229][474]LogModuleManager: Shutting down and abandoning module WidgetCarousel (607)
[2019.04.13-15.23.27:229][474]LogModuleManager: Shutting down and abandoning module EditorWidgets (604)
[2019.04.13-15.23.27:229][474]LogModuleManager: Shutting down and abandoning module CollectionManager (602)
[2019.04.13-15.23.27:229][474]LogModuleManager: Shutting down and abandoning module MeshBuilder (600)
[2019.04.13-15.23.27:229][474]LogModuleManager: Shutting down and abandoning module StatsViewer (598)
[2019.04.13-15.23.27:229][474]LogModuleManager: Shutting down and abandoning module FoliageEdit (596)
[2019.04.13-15.23.27:229][474]LogModuleManager: Shutting down and abandoning module LandscapeEditor (594)
[2019.04.13-15.23.27:230][474]LogModuleManager: Shutting down and abandoning module MeshPaintMode (592)
[2019.04.13-15.23.27:231][474]LogModuleManager: Shutting down and abandoning module SceneDepthPickerMode (590)
[2019.04.13-15.23.27:231][474]LogModuleManager: Shutting down and abandoning module ActorPickerMode (588)
[2019.04.13-15.23.27:231][474]LogModuleManager: Shutting down and abandoning module GeometryMode (586)
[2019.04.13-15.23.27:231][474]LogModuleManager: Shutting down and abandoning module TextureAlignMode (584)
[2019.04.13-15.23.27:231][474]LogModuleManager: Shutting down and abandoning module BspMode (582)
[2019.04.13-15.23.27:231][474]LogModuleManager: Shutting down and abandoning module PIEPreviewDeviceProfileSelector (580)
[2019.04.13-15.23.27:231][474]LogModuleManager: Shutting down and abandoning module SequenceRecorderSections (578)
[2019.04.13-15.23.27:231][474]LogModuleManager: Shutting down and abandoning module AutomationWorker (576)
[2019.04.13-15.23.27:231][474]LogModuleManager: Shutting down and abandoning module AudioCaptureEditor (574)
[2019.04.13-15.23.27:231][474]LogModuleManager: Shutting down and abandoning module SequenceRecorder (573)
[2019.04.13-15.23.27:231][474]LogModuleManager: Shutting down and abandoning module MatineeToLevelSequence (570)
[2019.04.13-15.23.27:231][474]LogModuleManager: Shutting down and abandoning module LevelSequenceEditor (568)
[2019.04.13-15.23.27:231][474]LogModuleManager: Shutting down and abandoning module PlacementMode (567)
[2019.04.13-15.23.27:231][474]LogModuleManager: Shutting down and abandoning module MaterialEditor (566)
[2019.04.13-15.23.27:232][474]LogModuleManager: Shutting down and abandoning module WmfMediaFactory (562)
[2019.04.13-15.23.27:233][474]LogModuleManager: Shutting down and abandoning module WmfMediaEditor (560)
[2019.04.13-15.23.27:233][474]LogModuleManager: Shutting down and abandoning module MediaPlayerEditor (558)
[2019.04.13-15.23.27:233][474]LogModuleManager: Shutting down and abandoning module OpenExrWrapper (556)
[2019.04.13-15.23.27:233][474]LogModuleManager: Shutting down and abandoning module ImgMediaFactory (554)
[2019.04.13-15.23.27:233][474]LogModuleManager: Shutting down and abandoning module ImgMediaEditor (552)
[2019.04.13-15.23.27:233][474]LogModuleManager: Shutting down and abandoning module AvfMediaFactory (550)
[2019.04.13-15.23.27:233][474]LogModuleManager: Shutting down and abandoning module AvfMediaEditor (548)
[2019.04.13-15.23.27:233][474]LogModuleManager: Shutting down and abandoning module AndroidMediaFactory (546)
[2019.04.13-15.23.27:233][474]LogModuleManager: Shutting down and abandoning module AndroidMediaEditor (544)
[2019.04.13-15.23.27:233][474]LogModuleManager: Shutting down and abandoning module MagicLeapCameraPreviewFactory (542)
[2019.04.13-15.23.27:233][474]LogModuleManager: Shutting down and abandoning module MagicLeapMediaFactory (540)
[2019.04.13-15.23.27:233][474]LogModuleManager: Shutting down and abandoning module MagicLeapMediaEditor (538)
[2019.04.13-15.23.27:233][474]LogModuleManager: Shutting down and abandoning module CharacterAI (536)
[2019.04.13-15.23.27:233][474]LogModuleManager: Shutting down and abandoning module SmartSnapping (534)
[2019.04.13-15.23.27:233][474]LogModuleManager: Shutting down and abandoning module SessionServices (532)
[2019.04.13-15.23.27:233][474]LogModuleManager: Shutting down and abandoning module ViewportSnapping (530)
[2019.04.13-15.23.27:233][474]LogModuleManager: Shutting down and abandoning module ViewportInteraction (528)
[2019.04.13-15.23.27:234][474]LogModuleManager: Shutting down and abandoning module ClothPainter (526)
[2019.04.13-15.23.27:234][474]LogModuleManager: Shutting down and abandoning module SkeletalMeshEditor (525)
[2019.04.13-15.23.27:235][474]LogModuleManager: Shutting down and abandoning module LogVisualizer (522)
[2019.04.13-15.23.27:235][474]LogModuleManager: Shutting down and abandoning module IntroTutorials (520)
[2019.04.13-15.23.27:235][474]LogModuleManager: Shutting down and abandoning module GameProjectGeneration (519)
[2019.04.13-15.23.27:236][474]LogModuleManager: Shutting down and abandoning module LuminPlatformEditor (516)
[2019.04.13-15.23.27:236][474]LogModuleManager: Shutting down and abandoning module IOSPlatformEditor (514)
[2019.04.13-15.23.27:236][474]LogModuleManager: Shutting down and abandoning module HTML5PlatformEditor (512)
[2019.04.13-15.23.27:236][474]LogModuleManager: Shutting down and abandoning module AndroidPlatformEditor (510)
[2019.04.13-15.23.27:236][474]LogModuleManager: Shutting down and abandoning module AndroidDeviceDetection (509)
[2019.04.13-15.23.27:445][474]LogModuleManager: Shutting down and abandoning module WindowsPlatformEditor (506)
[2019.04.13-15.23.27:446][474]LogModuleManager: Shutting down and abandoning module LuminRuntimeSettings (504)
[2019.04.13-15.23.27:446][474]LogModuleManager: Shutting down and abandoning module IOSRuntimeSettings (502)
[2019.04.13-15.23.27:446][474]LogModuleManager: Shutting down and abandoning module AndroidRuntimeSettings (500)
[2019.04.13-15.23.27:446][474]LogModuleManager: Shutting down and abandoning module InputBindingEditor (498)
[2019.04.13-15.23.27:447][474]LogModuleManager: Shutting down and abandoning module MergeActors (496)
[2019.04.13-15.23.27:447][474]LogModuleManager: Shutting down and abandoning module LocalizationDashboard (494)
[2019.04.13-15.23.27:447][474]LogModuleManager: Shutting down and abandoning module LocalizationService (493)
[2019.04.13-15.23.27:447][474]LogModuleManager: Shutting down and abandoning module HardwareTargeting (490)
[2019.04.13-15.23.27:448][474]LogModuleManager: Shutting down and abandoning module DeviceProfileEditor (488)
[2019.04.13-15.23.27:448][474]LogModuleManager: Shutting down and abandoning module UndoHistory (486)
[2019.04.13-15.23.27:448][474]LogModuleManager: Shutting down and abandoning module XmlParser (484)
[2019.04.13-15.23.27:448][474]LogModuleManager: Shutting down and abandoning module Blutility (482)
[2019.04.13-15.23.27:448][474]LogModuleManager: Shutting down and abandoning module ProjectSettingsViewer (480)
[2019.04.13-15.23.27:448][474]LogModuleManager: Shutting down and abandoning module ProjectTargetPlatformEditor (479)
[2019.04.13-15.23.27:448][474]LogModuleManager: Shutting down and abandoning module EditorSettingsViewer (476)
[2019.04.13-15.23.27:448][474]LogModuleManager: Shutting down and abandoning module SettingsEditor (474)
[2019.04.13-15.23.27:448][474]LogModuleManager: Shutting down and abandoning module ProjectLauncher (472)
[2019.04.13-15.23.27:449][474]LogModuleManager: Shutting down and abandoning module SessionFrontend (470)
[2019.04.13-15.23.27:449][474]LogModuleManager: Shutting down and abandoning module ProfilerClient (468)
[2019.04.13-15.23.27:449][474]LogModuleManager: Shutting down and abandoning module DeviceManager (466)
[2019.04.13-15.23.27:449][474]LogModuleManager: Shutting down and abandoning module TargetDeviceServices (465)
[2019.04.13-15.23.27:514][474]LogModuleManager: Shutting down and abandoning module AutomationController (462)
[2019.04.13-15.23.27:514][474]LogModuleManager: Shutting down and abandoning module AutomationWindow (460)
[2019.04.13-15.23.27:516][474]LogModuleManager: Shutting down and abandoning module Layers (458)
[2019.04.13-15.23.27:516][474]LogModuleManager: Shutting down and abandoning module ComponentVisualizers (456)
[2019.04.13-15.23.27:516][474]LogModuleManager: Shutting down and abandoning module DetailCustomizations (454)
[2019.04.13-15.23.27:516][474]LogModuleManager: Shutting down and abandoning module PackagesDialog (452)
[2019.04.13-15.23.27:516][474]LogModuleManager: Shutting down and abandoning module Persona (450)
[2019.04.13-15.23.27:517][474]LogModuleManager: Shutting down and abandoning module AdvancedPreviewScene (449)
[2019.04.13-15.23.27:517][474]LogModuleManager: Shutting down and abandoning module AnimGraph (447)
[2019.04.13-15.23.27:517][474]LogModuleManager: Shutting down and abandoning module Kismet (444)
[2019.04.13-15.23.27:518][474]LogModuleManager: Shutting down and abandoning module GraphEditor (442)
[2019.04.13-15.23.27:519][474]LogModuleManager: Shutting down and abandoning module ClassViewer (440)
[2019.04.13-15.23.27:519][474]LogModuleManager: Shutting down and abandoning module Toolbox (438)
[2019.04.13-15.23.27:519][474]LogModuleManager: Shutting down and abandoning module ModuleUI (436)
[2019.04.13-15.23.27:520][474]LogModuleManager: Shutting down and abandoning module MovieSceneTools (434)
[2019.04.13-15.23.27:520][474]LogModuleManager: Shutting down and abandoning module OutputLog (432)
[2019.04.13-15.23.27:520][474]LogModuleManager: Shutting down and abandoning module GammaUI (430)
[2019.04.13-15.23.27:520][474]LogModuleManager: Shutting down and abandoning module Documentation (428)
[2019.04.13-15.23.27:520][474]LogModuleManager: Shutting down and abandoning module MovieSceneTracks (426)
[2019.04.13-15.23.27:520][474]LogModuleManager: Shutting down and abandoning module MovieScene (424)
[2019.04.13-15.23.27:520][474]LogModuleManager: Shutting down and abandoning module StreamingPauseRendering (422)
[2019.04.13-15.23.27:520][474]LogModuleManager: Shutting down and abandoning module LauncherPlatform (420)
[2019.04.13-15.23.27:520][474]LogModuleManager: Shutting down and abandoning module AnalyticsET (418)
[2019.04.13-15.23.27:520][474]LogModuleManager: Shutting down and abandoning module PortalServices (416)
[2019.04.13-15.23.27:520][474]LogModuleManager: Shutting down and abandoning module PortalRpc (414)
[2019.04.13-15.23.27:521][474]LogModuleManager: Shutting down and abandoning module MessagingRpc (412)
[2019.04.13-15.23.27:521][474]LogModuleManager: Shutting down and abandoning module AIModule (410)
[2019.04.13-15.23.27:521][474]LogModuleManager: Shutting down and abandoning module GameplayDebugger (409)
[2019.04.13-15.23.27:521][474]LogModuleManager: Shutting down and abandoning module AITestSuite (407)
[2019.04.13-15.23.27:521][474]LogModuleManager: Shutting down and abandoning module NavigationSystem (405)
[2019.04.13-15.23.27:521][474]LogModuleManager: Shutting down and abandoning module DesktopPlatform (402)
[2019.04.13-15.23.27:521][474]LogModuleManager: Shutting down and abandoning module ProfilerService (400)
[2019.04.13-15.23.27:662][474]LogModuleManager: Shutting down and abandoning module TaskGraph (398)
[2019.04.13-15.23.27:662][474]LogModuleManager: Shutting down and abandoning module SteamVRController (396)
[2019.04.13-15.23.27:662][474]LogModuleManager: Shutting down and abandoning module ProceduralMeshComponentEditor (394)
[2019.04.13-15.23.27:662][474]LogModuleManager: Shutting down and abandoning module ProceduralMeshComponent (392)
[2019.04.13-15.23.27:662][474]LogModuleManager: Shutting down and abandoning module OculusInput (390)
[2019.04.13-15.23.27:662][474]LogModuleManager: Shutting down and abandoning module MobilePatchingUtils (388)
[2019.04.13-15.23.27:662][474]LogModuleManager: Shutting down and abandoning module EditableMesh (386)
[2019.04.13-15.23.27:662][474]LogModuleManager: Shutting down and abandoning module CustomMeshComponent (384)
[2019.04.13-15.23.27:662][474]LogModuleManager: Shutting down and abandoning module CableComponent (382)
[2019.04.13-15.23.27:662][474]LogModuleManager: Shutting down and abandoning module AudioCapture (380)
[2019.04.13-15.23.27:662][474]LogModuleManager: Shutting down and abandoning module ArchVisCharacter (378)
[2019.04.13-15.23.27:662][474]LogModuleManager: Shutting down and abandoning module AndroidPermission (376)
[2019.04.13-15.23.27:662][474]LogModuleManager: Shutting down and abandoning module NUTUnrealEngine4 (374)
[2019.04.13-15.23.27:662][474]LogModuleManager: Shutting down and abandoning module NetcodeUnitTest (372)
[2019.04.13-15.23.27:662][474]LogModuleManager: Shutting down and abandoning module MediaCompositingEditor (370)
[2019.04.13-15.23.27:662][474]LogModuleManager: Shutting down and abandoning module MediaCompositing (368)
[2019.04.13-15.23.27:662][474]LogModuleManager: Shutting down and abandoning module LinearTimecode (366)
[2019.04.13-15.23.27:662][474]LogModuleManager: Shutting down and abandoning module ImgMedia (364)
[2019.04.13-15.23.27:668][474]LogModuleManager: Shutting down and abandoning module HTML5Networking (362)
[2019.04.13-15.23.27:668][474]LogModuleManager: Shutting down and abandoning module GeometryCacheTracks (360)
[2019.04.13-15.23.27:668][474]LogModuleManager: Shutting down and abandoning module GeometryCacheSequencer (358)
[2019.04.13-15.23.27:668][474]LogModuleManager: Shutting down and abandoning module BackChannel (356)
[2019.04.13-15.23.27:668][474]LogModuleManager: Shutting down and abandoning module AppleVision (354)
[2019.04.13-15.23.27:668][474]LogModuleManager: Shutting down and abandoning module AppleImageUtils (352)
[2019.04.13-15.23.27:669][474]LogModuleManager: Shutting down and abandoning module AlembicImporter (350)
[2019.04.13-15.23.27:669][474]LogModuleManager: Shutting down and abandoning module AlembicLibrary (349)
[2019.04.13-15.23.27:669][474]LogModuleManager: Shutting down and abandoning module GeometryCache (348)
[2019.04.13-15.23.27:669][474]LogModuleManager: Shutting down and abandoning module GeometryCacheEd (347)
[2019.04.13-15.23.27:669][474]LogModuleManager: Shutting down and abandoning module DatasmithContentEditor (342)
[2019.04.13-15.23.27:669][474]LogModuleManager: Shutting down and abandoning module DatasmithContent (340)
[2019.04.13-15.23.27:669][474]LogModuleManager: Shutting down and abandoning module SpeedTreeImporter (338)
[2019.04.13-15.23.27:669][474]LogModuleManager: Shutting down and abandoning module PluginBrowser (336)
[2019.04.13-15.23.27:671][474]LogModuleManager: Shutting down and abandoning module MobileLauncherProfileWizard (334)
[2019.04.13-15.23.27:671][474]LogModuleManager: Shutting down and abandoning module PolygonModeling (332)
[2019.04.13-15.23.27:671][474]LogModuleManager: Shutting down and abandoning module MeshEditor (330)
[2019.04.13-15.23.27:671][474]LogModuleManager: Shutting down and abandoning module CryptoKeysOpenSSL (328)
[2019.04.13-15.23.27:671][474]LogModuleManager: Shutting down and abandoning module CryptoKeys (326)
[2019.04.13-15.23.27:671][474]LogModuleManager: Shutting down and abandoning module VisualStudioSourceCodeAccess (324)
[2019.04.13-15.23.27:671][474]LogModuleManager: Shutting down and abandoning module VisualStudioCodeSourceCodeAccess (322)
[2019.04.13-15.23.27:671][474]LogModuleManager: Shutting down and abandoning module UObjectPlugin (320)
[2019.04.13-15.23.27:672][474]LogModuleManager: Shutting down and abandoning module SubversionSourceControl (318)
[2019.04.13-15.23.27:672][474]LogModuleManager: Shutting down and abandoning module PerforceSourceControl (316)
[2019.04.13-15.23.27:672][474]LogModuleManager: Shutting down and abandoning module GitSourceControl (314)
[2019.04.13-15.23.27:672][474]LogModuleManager: Shutting down and abandoning module SourceControl (313)
[2019.04.13-15.23.27:672][474]LogModuleManager: Shutting down and abandoning module CLionSourceCodeAccess (310)
[2019.04.13-15.23.27:672][474]LogModuleManager: Shutting down and abandoning module LightPropagationVolumeEditor (308)
[2019.04.13-15.23.27:672][474]LogModuleManager: Shutting down and abandoning module PaperTiledImporter (306)
[2019.04.13-15.23.27:672][474]LogModuleManager: Shutting down and abandoning module PaperSpriteSheetImporter (304)
[2019.04.13-15.23.27:672][474]LogModuleManager: Shutting down and abandoning module Paper2DEditor (302)
[2019.04.13-15.23.27:673][474]LogModuleManager: Shutting down and abandoning module MeshPaint (301)
[2019.04.13-15.23.27:673][474]LogModuleManager: Shutting down and abandoning module RuntimePhysXCooking (298)
[2019.04.13-15.23.27:673][474]LogModuleManager: Shutting down and abandoning module PhysXVehiclesEditor (296)
[2019.04.13-15.23.27:673][474]LogModuleManager: Shutting down and abandoning module PhysXVehicles (294)
[2019.04.13-15.23.27:673][474]LogModuleManager: Shutting down and abandoning module OculusEditor (292)
[2019.04.13-15.23.27:673][474]LogModuleManager: Shutting down and abandoning module LocationServicesBPLibrary (290)
[2019.04.13-15.23.27:673][474]LogModuleManager: Shutting down and abandoning module ImmediatePhysicsEditor (288)
[2019.04.13-15.23.27:673][474]LogModuleManager: Shutting down and abandoning module ImmediatePhysics (286)
[2019.04.13-15.23.27:673][474]LogModuleManager: Shutting down and abandoning module ActorSequence (284)
[2019.04.13-15.23.27:673][474]LogModuleManager: Shutting down and abandoning module UdpMessaging (282)
[2019.04.13-15.23.27:774][474]LogModuleManager: Shutting down and abandoning module TcpMessaging (280)
[2019.04.13-15.23.27:874][474]LogModuleManager: Shutting down and abandoning module MagicLeapAudio (278)
[2019.04.13-15.23.27:874][474]LogModuleManager: Shutting down and abandoning module GameplayTagsEditor (276)
[2019.04.13-15.23.27:874][474]LogModuleManager: Shutting down and abandoning module FacialAnimationEditor (274)
[2019.04.13-15.23.27:874][474]LogModuleManager: Shutting down and abandoning module FacialAnimation (272)
[2019.04.13-15.23.27:874][474]LogModuleManager: Shutting down and abandoning module DataValidation (270)
[2019.04.13-15.23.27:874][474]LogModuleManager: Shutting down and abandoning module AssetManagerEditor (268)
[2019.04.13-15.23.27:874][474]LogModuleManager: Shutting down and abandoning module LevelEditor (267)
[2019.04.13-15.23.27:875][474]LogModuleManager: Shutting down and abandoning module PixelInspectorModule (266)
[2019.04.13-15.23.27:875][474]LogModuleManager: Shutting down and abandoning module CommonMenuExtensions (264)
[2019.04.13-15.23.27:875][474]LogModuleManager: Shutting down and abandoning module MainFrame (262)
[2019.04.13-15.23.27:875][474]LogModuleManager: Shutting down and abandoning module HotReload (261)
[2019.04.13-15.23.27:876][474]LogModuleManager: Shutting down and abandoning module ContentBrowser (257)
[2019.04.13-15.23.27:877][474]LogModuleManager: Shutting down and abandoning module TreeMap (255)
[2019.04.13-15.23.27:877][474]LogModuleManager: Shutting down and abandoning module LightPropagationVolumeRuntime (252)
[2019.04.13-15.23.27:877][474]LogModuleManager: Shutting down and abandoning module AISupportModule (250)
[2019.04.13-15.23.27:877][474]LogModuleManager: Shutting down and abandoning module Paper2D (248)
[2019.04.13-15.23.27:877][474]LogModuleManager: Shutting down and abandoning module WindowsMoviePlayer (246)
[2019.04.13-15.23.27:877][474]LogModuleManager: Shutting down and abandoning module WmfMedia (244)
[2019.04.13-15.23.27:879][474]LogModuleManager: Shutting down and abandoning module Media (243)
[2019.04.13-15.23.27:886][474]LogModuleManager: Shutting down and abandoning module PacketHandler (240)
[2019.04.13-15.23.27:886][474]LogModuleManager: Shutting down and abandoning module ClothingSystemEditor (238)
[2019.04.13-15.23.27:886][474]LogModuleManager: Shutting down and abandoning module ClothingSystemRuntime (236)
[2019.04.13-15.23.27:887][474]LogModuleManager: Shutting down and abandoning module MediaAssets (234)
[2019.04.13-15.23.27:887][474]LogModuleManager: Shutting down and abandoning module Overlay (232)
[2019.04.13-15.23.27:887][474]LogModuleManager: Shutting down and abandoning module OverlayEditor (231)
[2019.04.13-15.23.27:887][474]LogModuleManager: Shutting down and abandoning module VREditor (228)
[2019.04.13-15.23.27:887][474]LogModuleManager: Shutting down and abandoning module StringTableEditor (226)
[2019.04.13-15.23.27:887][474]LogModuleManager: Shutting down and abandoning module GameplayTasksEditor (224)
[2019.04.13-15.23.27:887][474]LogModuleManager: Shutting down and abandoning module BehaviorTreeEditor (222)
[2019.04.13-15.23.27:887][474]LogModuleManager: Shutting down and abandoning module FunctionalTesting (220)
[2019.04.13-15.23.27:887][474]LogModuleManager: Shutting down and abandoning module CollisionAnalyzer (218)
[2019.04.13-15.23.27:887][474]LogModuleManager: Shutting down and abandoning module WorkspaceMenuStructure (217)
[2019.04.13-15.23.27:887][474]LogModuleManager: Shutting down and abandoning module UMG (214)
[2019.04.13-15.23.27:887][474]LogModuleManager: Shutting down and abandoning module UMGEditor (213)
[2019.04.13-15.23.27:887][474]LogModuleManager: Shutting down and abandoning module Sequencer (212)
[2019.04.13-15.23.27:887][474]LogModuleManager: Shutting down and abandoning module MessageLog (209)
[2019.04.13-15.23.27:887][474]LogModuleManager: Shutting down and abandoning module SlateReflector (204)
[2019.04.13-15.23.27:888][474]LogModuleManager: Shutting down and abandoning module Slate (202)
[2019.04.13-15.23.27:888][474]LogModuleManager: Shutting down and abandoning module EditorStyle (200)
[2019.04.13-15.23.27:891][474]LogModuleManager: Shutting down and abandoning module MRMesh (198)
[2019.04.13-15.23.27:891][474]LogModuleManager: Shutting down and abandoning module SourceCodeAccess (196)
[2019.04.13-15.23.27:892][474]LogModuleManager: Shutting down and abandoning module HeadMountedDisplay (194)
[2019.04.13-15.23.27:892][474]LogModuleManager: Shutting down and abandoning module XAudio2 (192)
[2019.04.13-15.23.27:892][474]LogModuleManager: Shutting down and abandoning module Networking (190)
[2019.04.13-15.23.27:892][474]LogModuleManager: Shutting down and abandoning module Core (188)
[2019.04.13-15.23.27:892][474]LogModuleManager: Shutting down and abandoning module LevelSequence (186)
[2019.04.13-15.23.27:892][474]LogModuleManager: Shutting down and abandoning module KismetCompiler (184)
[2019.04.13-15.23.27:892][474]LogModuleManager: Shutting down and abandoning module MeshUtilities (182)
[2019.04.13-15.23.27:892][474]LogModuleManager: Shutting down and abandoning module MeshMergeUtilities (181)
[2019.04.13-15.23.27:892][474]LogModuleManager: Shutting down and abandoning module MeshReductionInterface (180)
[2019.04.13-15.23.27:892][474]LogModuleManager: Shutting down and abandoning module SimplygonSwarm (179)
[2019.04.13-15.23.27:892][474]LogModuleManager: Shutting down and abandoning module ProxyLODMeshReduction (177)
[2019.04.13-15.23.27:892][474]LogModuleManager: Shutting down and abandoning module SimplygonMeshReduction (175)
[2019.04.13-15.23.27:892][474]LogModuleManager: Shutting down and abandoning module QuadricMeshReduction (173)
[2019.04.13-15.23.27:892][474]LogModuleManager: Shutting down and abandoning module MaterialBaking (169)
[2019.04.13-15.23.27:892][474]LogModuleManager: Shutting down and abandoning module DirectoryWatcher (165)
[2019.04.13-15.23.27:892][474]LogModuleManager: Shutting down and abandoning module DerivedDataCache (162)
[2019.04.13-15.23.27:963][474]LogDerivedDataCache: Shutdown
[2019.04.13-15.23.27:963][474]LogModuleManager: Shutting down and abandoning module XGEController (160)
[2019.04.13-15.23.27:963][474]LogXGEController: Cleaning working directory: C:/Users/modderd1/AppData/Local/Temp/UnrealXGEWorkingDir/
[2019.04.13-15.23.27:963][474]LogModuleManager: Shutting down and abandoning module TargetPlatform (158)
[2019.04.13-15.23.27:963][474]LogModuleManager: Shutting down and abandoning module VulkanShaderFormat (157)
[2019.04.13-15.23.27:963][474]LogModuleManager: Shutting down and abandoning module ShaderFormatVectorVM (155)
[2019.04.13-15.23.27:963][474]LogModuleManager: Shutting down and abandoning module ShaderFormatOpenGL (153)
[2019.04.13-15.23.27:963][474]LogModuleManager: Shutting down and abandoning module ShaderFormatD3D (151)
[2019.04.13-15.23.27:963][474]LogModuleManager: Shutting down and abandoning module MetalShaderFormat (149)
[2019.04.13-15.23.27:963][474]LogModuleManager: Shutting down and abandoning module TextureFormatUncompressed (147)
[2019.04.13-15.23.27:963][474]LogModuleManager: Shutting down and abandoning module TextureFormatPVR (145)
[2019.04.13-15.23.27:963][474]LogModuleManager: Shutting down and abandoning module TextureFormatDXT (143)
[2019.04.13-15.23.27:963][474]LogModuleManager: Shutting down and abandoning module TextureFormatIntelISPCTexComp (141)
[2019.04.13-15.23.27:964][474]LogModuleManager: Shutting down and abandoning module TextureFormatASTC (139)
[2019.04.13-15.23.27:964][474]LogModuleManager: Shutting down and abandoning module ImageWrapper (138)
[2019.04.13-15.23.27:964][474]LogModuleManager: Shutting down and abandoning module TextureFormatAndroid (135)
[2019.04.13-15.23.27:964][474]LogModuleManager: Shutting down and abandoning module AudioFormatOpus (133)
[2019.04.13-15.23.27:964][474]LogModuleManager: Shutting down and abandoning module AudioFormatOgg (131)
[2019.04.13-15.23.27:964][474]LogModuleManager: Shutting down and abandoning module AudioFormatADPCM (129)
[2019.04.13-15.23.27:964][474]LogModuleManager: Shutting down and abandoning module LuminTargetPlatform (127)
[2019.04.13-15.23.27:964][474]LogModuleManager: Shutting down and abandoning module LinuxTargetPlatform (125)
[2019.04.13-15.23.27:964][474]LogModuleManager: Shutting down and abandoning module LinuxServerTargetPlatform (123)
[2019.04.13-15.23.27:964][474]LogModuleManager: Shutting down and abandoning module LinuxNoEditorTargetPlatform (121)
[2019.04.13-15.23.27:964][474]LogModuleManager: Shutting down and abandoning module LinuxClientTargetPlatform (119)
[2019.04.13-15.23.27:964][474]LogModuleManager: Shutting down and abandoning module TVOSTargetPlatform (117)
[2019.04.13-15.23.27:965][474]LogModuleManager: Shutting down and abandoning module Messaging (115)
[2019.04.13-15.23.27:965][474]LogModuleManager: Shutting down and abandoning module IOSTargetPlatform (113)
[2019.04.13-15.23.27:966][474]LogModuleManager: Shutting down and abandoning module HTML5TargetPlatform (111)
[2019.04.13-15.23.27:966][474]LogModuleManager: Shutting down and abandoning module AndroidTargetPlatform (109)
[2019.04.13-15.23.27:973][474]LogModuleManager: Shutting down and abandoning module WindowsTargetPlatform (107)
[2019.04.13-15.23.27:973][474]LogModuleManager: Shutting down and abandoning module WindowsServerTargetPlatform (105)
[2019.04.13-15.23.27:973][474]LogModuleManager: Shutting down and abandoning module WindowsNoEditorTargetPlatform (103)
[2019.04.13-15.23.27:973][474]LogModuleManager: Shutting down and abandoning module WindowsClientTargetPlatform (101)
[2019.04.13-15.23.27:973][474]LogModuleManager: Shutting down and abandoning module MacTargetPlatform (99)
[2019.04.13-15.23.27:973][474]LogModuleManager: Shutting down and abandoning module MacServerTargetPlatform (97)
[2019.04.13-15.23.27:973][474]LogModuleManager: Shutting down and abandoning module MacNoEditorTargetPlatform (95)
[2019.04.13-15.23.27:973][474]LogModuleManager: Shutting down and abandoning module MacClientTargetPlatform (93)
[2019.04.13-15.23.27:973][474]LogModuleManager: Shutting down and abandoning module AllDesktopTargetPlatform (91)
[2019.04.13-15.23.27:973][474]LogModuleManager: Shutting down and abandoning module InputCore (88)
[2019.04.13-15.23.27:973][474]LogModuleManager: Shutting down and abandoning module Settings (86)
[2019.04.13-15.23.27:974][474]LogModuleManager: Shutting down and abandoning module PhysXCooking (84)
[2019.04.13-15.23.27:974][474]LogModuleManager: Shutting down and abandoning module SteamVR (82)
[2019.04.13-15.23.27:974][474]LogModuleManager: Shutting down and abandoning module OculusHMD (80)
[2019.04.13-15.23.27:974][474]LogModuleManager: Shutting down and abandoning module ExampleDeviceProfileSelector (78)
[2019.04.13-15.23.27:974][474]LogModuleManager: Shutting down and abandoning module LauncherChunkInstaller (76)
[2019.04.13-15.23.27:974][474]LogModuleManager: Shutting down and abandoning module OnlineBlueprintSupport (74)
[2019.04.13-15.23.27:974][474]LogModuleManager: Shutting down and abandoning module OnlineSubsystem (70)
[2019.04.13-15.23.27:975][474]LogModuleManager: Shutting down and abandoning module XMPP (65)
[2019.04.13-15.23.27:975][474]LogModuleManager: Shutting down and abandoning module WebSockets (64)
[2019.04.13-15.23.28:000][474]LogModuleManager: Shutting down and abandoning module HTTP (61)
[2019.04.13-15.23.28:000][474]LogHttp: Display: Http module shutting down, but needs to wait on 1 outstanding Http requests:
[2019.04.13-15.23.28:000][474]LogHttp: Display: 	verb=[POST] url=[https://datarouter.ol.epicgames.com/datarouter/api/v1/public/data?SessionID=%7B9E53BAB4-4BCB-C22C-D3E9-82A9E7C06AFC%7D&AppID=UEEditor.Rocket.Release&AppVersion=4.20.1-4233996%2B%2B%2BUE4%2BRelease-4.20&UserID=911045ec46336acc21b81fb4d33970d2%7C566c607c1b59481d86259c79bc76198b%7C88033dcb-04d3-4cc5-91f3-73b375bd83a1&AppEnvironment=datacollector-binary&UploadType=eteventstream] status=Processing
[2019.04.13-15.23.28:027][474]LogModuleManager: Shutting down and abandoning module SSL (60)
[2019.04.13-15.23.28:030][474]LogModuleManager: Shutting down and abandoning module MagicLeapEmulator (56)
[2019.04.13-15.23.28:030][474]LogModuleManager: Shutting down and abandoning module MagicLeapPrivileges (54)
[2019.04.13-15.23.28:030][474]LogModuleManager: Shutting down and abandoning module MagicLeapIdentity (52)
[2019.04.13-15.23.28:030][474]LogModuleManager: Shutting down and abandoning module MagicLeapHelperVulkan (50)
[2019.04.13-15.23.28:030][474]LogModuleManager: Shutting down and abandoning module MagicLeapHelperOpenGL (48)
[2019.04.13-15.23.28:030][474]LogModuleManager: Shutting down and abandoning module MagicLeapSecureStorage (46)
[2019.04.13-15.23.28:030][474]LogModuleManager: Shutting down and abandoning module MagicLeapGestures (44)
[2019.04.13-15.23.28:030][474]LogModuleManager: Shutting down and abandoning module MagicLeapEyeTracker (42)
[2019.04.13-15.23.28:030][474]LogModuleManager: Shutting down and abandoning module MagicLeapController (40)
[2019.04.13-15.23.28:030][474]LogSlate: Slate User Destroyed.  User Index 0, Is Virtual User: 0
[2019.04.13-15.23.28:030][474]LogModuleManager: Shutting down and abandoning module MagicLeap (38)
[2019.04.13-15.23.28:030][474]LogModuleManager: Shutting down and abandoning module AnimationModifiers (36)
[2019.04.13-15.23.28:030][474]LogModuleManager: Shutting down and abandoning module PropertyEditor (35)
[2019.04.13-15.23.28:031][474]LogModuleManager: Shutting down and abandoning module AudioEditor (32)
[2019.04.13-15.23.28:031][474]LogModuleManager: Shutting down and abandoning module TextureCompressor (30)
[2019.04.13-15.23.28:031][474]LogModuleManager: Shutting down and abandoning module ShaderCore (28)
[2019.04.13-15.23.28:031][474]LogModuleManager: Shutting down and abandoning module Landscape (26)
[2019.04.13-15.23.28:031][474]LogModuleManager: Shutting down and abandoning module SlateRHIRenderer (24)
[2019.04.13-15.23.28:031][474]LogModuleManager: Shutting down and abandoning module OpenGLDrv (22)
[2019.04.13-15.23.28:031][474]LogModuleManager: Shutting down and abandoning module D3D11RHI (20)
[2019.04.13-15.23.28:032][474]LogModuleManager: Shutting down and abandoning module AnimGraphRuntime (18)
[2019.04.13-15.23.28:032][474]LogModuleManager: Shutting down and abandoning module Renderer (16)
[2019.04.13-15.23.28:032][474]LogModuleManager: Shutting down and abandoning module Engine (14)
[2019.04.13-15.23.28:032][474]LogModuleManager: Shutting down and abandoning module CoreUObject (12)
[2019.04.13-15.23.28:032][474]LogModuleManager: Shutting down and abandoning module NetworkFile (10)
[2019.04.13-15.23.28:032][474]LogModuleManager: Shutting down and abandoning module CookedIterativeFile (8)
[2019.04.13-15.23.28:032][474]LogModuleManager: Shutting down and abandoning module StreamingFile (6)
[2019.04.13-15.23.28:032][474]LogModuleManager: Shutting down and abandoning module SandboxFile (4)
[2019.04.13-15.23.28:032][474]LogModuleManager: Shutting down and abandoning module PakFile (2)
[2019.04.13-15.23.28:062][474]LogExit: Exiting.
[2019.04.13-15.23.28:073][474]Log file closed, 04/13/19 11:23:28
