Log file open, 04/10/19 20:30:47
LogWindows: Failed to load 'aqProf.dll' (GetLastError=126)
LogWindows: File 'aqProf.dll' does not exist
LogWindows: Failed to load 'VSPerf140.dll' (GetLastError=126)
LogWindows: File 'VSPerf140.dll' does not exist
LogWindows: Failed to load 'VtuneApi.dll' (GetLastError=126)
LogWindows: File 'VtuneApi.dll' does not exist
LogWindows: Failed to load 'VtuneApi32e.dll' (GetLastError=126)
LogWindows: File 'VtuneApi32e.dll' does not exist
LogInit: Display: Running engine for game: Dinochan_v001
LogPlatformFile: Not using cached read wrapper
LogTaskGraph: Started task graph with 5 named threads and 59 total threads with 3 sets of task threads.
LogStats: Stats thread started at 0.734185
LogD3D11RHI: Loaded GFSDK_Aftermath_Lib.x64.dll
LogICUInternationalization: Display: ICU TimeZone Detection - Raw Offset: -5:00, Platform Override: ''
LogPluginManager: Mounting plugin Paper2D
LogPluginManager: Mounting plugin AISupport
LogPluginManager: Mounting plugin LightPropagationVolume
LogPluginManager: Mounting plugin CLionSourceCodeAccess
LogPluginManager: Mounting plugin CodeLiteSourceCodeAccess
LogPluginManager: Mounting plugin GitSourceControl
LogPluginManager: Mounting plugin KDevelopSourceCodeAccess
LogPluginManager: Mounting plugin NullSourceCodeAccess
LogPluginManager: Mounting plugin PerforceSourceControl
LogPluginManager: Mounting plugin SubversionSourceControl
LogPluginManager: Mounting plugin UObjectPlugin
LogPluginManager: Mounting plugin VisualStudioCodeSourceCodeAccess
LogPluginManager: Mounting plugin VisualStudioSourceCodeAccess
LogPluginManager: Mounting plugin XCodeSourceCodeAccess
LogPluginManager: Mounting plugin AssetManagerEditor
LogPluginManager: Mounting plugin CryptoKeys
LogPluginManager: Mounting plugin DataValidation
LogPluginManager: Mounting plugin FacialAnimation
LogPluginManager: Mounting plugin GameplayTagsEditor
LogPluginManager: Mounting plugin MacGraphicsSwitching
LogPluginManager: Mounting plugin MeshEditor
LogPluginManager: Mounting plugin MobileLauncherProfileWizard
LogPluginManager: Mounting plugin PluginBrowser
LogPluginManager: Mounting plugin SpeedTreeImporter
LogPluginManager: Mounting plugin DatasmithContent
LogPluginManager: Mounting plugin AlembicImporter
LogPluginManager: Mounting plugin AppleImageUtils
LogPluginManager: Mounting plugin AppleVision
LogPluginManager: Mounting plugin BackChannel
LogPluginManager: Mounting plugin CharacterAI
LogPluginManager: Mounting plugin GeometryCache
LogPluginManager: Mounting plugin HTML5Networking
LogPluginManager: Mounting plugin ProxyLODPlugin
LogPluginManager: Mounting plugin MagicLeap
LogPluginManager: Mounting plugin MagicLeapEmulator
LogPluginManager: Mounting plugin MagicLeapMedia
LogPluginManager: Mounting plugin AndroidMedia
LogPluginManager: Mounting plugin AvfMedia
LogPluginManager: Mounting plugin ImgMedia
LogPluginManager: Mounting plugin LinearTimecode
LogPluginManager: Mounting plugin MediaCompositing
LogPluginManager: Mounting plugin MediaPlayerEditor
LogPluginManager: Mounting plugin WmfMedia
LogPluginManager: Mounting plugin TcpMessaging
LogPluginManager: Mounting plugin UdpMessaging
LogPluginManager: Mounting plugin ActorSequence
LogPluginManager: Mounting plugin LevelSequenceEditor
LogPluginManager: Mounting plugin MatineeToLevelSequence
LogPluginManager: Mounting plugin NetcodeUnitTest
LogPluginManager: Mounting plugin NUTUnrealEngine4
LogPluginManager: Mounting plugin OnlineSubsystemGooglePlay
LogPluginManager: Mounting plugin OnlineSubsystemIOS
LogPluginManager: Mounting plugin OnlineSubsystem
LogPluginManager: Mounting plugin OnlineSubsystemNull
LogPluginManager: Mounting plugin OnlineSubsystemUtils
LogPluginManager: Mounting plugin LauncherChunkInstaller
LogPluginManager: Mounting plugin AndroidDeviceProfileSelector
LogPluginManager: Mounting plugin AndroidMoviePlayer
LogPluginManager: Mounting plugin AndroidPermission
LogPluginManager: Mounting plugin AppleMoviePlayer
LogPluginManager: Mounting plugin ArchVisCharacter
LogPluginManager: Mounting plugin AudioCapture
LogPluginManager: Mounting plugin CableComponent
LogPluginManager: Mounting plugin CustomMeshComponent
LogPluginManager: Mounting plugin EditableMesh
LogPluginManager: Mounting plugin ExampleDeviceProfileSelector
LogPluginManager: Mounting plugin GoogleCloudMessaging
LogPluginManager: Mounting plugin ImmediatePhysics
LogPluginManager: Mounting plugin IOSDeviceProfileSelector
LogPluginManager: Mounting plugin LinuxDeviceProfileSelector
LogPluginManager: Mounting plugin LocationServicesBPLibrary
LogPluginManager: Mounting plugin MobilePatchingUtils
LogPluginManager: Mounting plugin OculusVR
LogPluginManager: Plugin shader directory ../../../Engine/Plugins/Runtime/Oculus/OculusVR/Shaders found
LogPluginManager: Mapping shader source directory ../../../Engine/Plugins/Runtime/Oculus/OculusVR/Shaders to virtual directory /Plugin/OculusVR
LogPluginManager: Mounting plugin PhysXVehicles
LogPluginManager: Mounting plugin ProceduralMeshComponent
LogPluginManager: Mounting plugin RuntimePhysXCooking
LogPluginManager: Mounting plugin SteamVR
LogPluginManager: Mounting plugin WindowsMoviePlayer
LogStreaming: Display: Took  0.158s to configure plugins.
LogInit: Using libcurl 7.55.1-DEV
LogInit:  - built for x86_64-pc-win32
LogInit:  - supports SSL with OpenSSL/1.0.2h
LogInit:  - supports HTTP deflate (compression) using libz 1.2.8
LogInit:  - other features:
LogInit:      CURL_VERSION_SSL
LogInit:      CURL_VERSION_LIBZ
LogInit:      CURL_VERSION_IPV6
LogInit:      CURL_VERSION_ASYNCHDNS
LogInit:      CURL_VERSION_LARGEFILE
LogInit:      CURL_VERSION_IDN
LogInit:  CurlRequestOptions (configurable via config and command line):
LogInit:  - bVerifyPeer = false  - Libcurl will NOT verify peer certificate
LogInit:  - bUseHttpProxy = false  - Libcurl will NOT use HTTP proxy
LogInit:  - bDontReuseConnections = false  - Libcurl will reuse connections
LogInit:  - CertBundlePath = nullptr  - Libcurl will use whatever was configured at build time.
LogInit:  - MaxHostConnections = 16  - Libcurl will limit the number of connections to a host
LogInit:  - LocalHostAddr = Default
LogInit:  - BufferSize = 65536
LogInit: WinSock: version 1.1 (2.2), MaxSocks=32767, MaxUdp=65467
LogInit: Build: ++UE4+Release-4.20-CL-4233996
LogInit: Engine Version: 4.20.1-4233996+++UE4+Release-4.20
LogInit: Compatible Engine Version: 4.20.0-4212847+++UE4+Release-4.20
LogInit: Net CL: 4212847
LogInit: OS: Windows 10 (), CPU: Intel(R) Xeon(R) CPU E5-2630 v4 @ 2.20GHz, GPU: NVIDIA Quadro P5000
LogInit: Compiled (64-bit): Jul 26 2018 10:07:30
LogInit: Compiled with Visual C++: 19.13.26129.00
LogInit: Build Configuration: Development
LogInit: Branch Name: ++UE4+Release-4.20
LogInit: Command Line: 
LogInit: Base Directory: C:/Program Files/Epic Games/UE_4.20/Engine/Binaries/Win64/
LogInit: Installed Engine Build: 1
LogDevObjectVersion: Number of dev versions registered: 20
LogDevObjectVersion:   Dev-Blueprints (B0D832E4-1F89-4F0D-ACCF-7EB736FD4AA2): 10
LogDevObjectVersion:   Dev-Build (E1C64328-A22C-4D53-A36C-8E866417BD8C): 0
LogDevObjectVersion:   Dev-Core (375EC13C-06E4-48FB-B500-84F0262A717E): 2
LogDevObjectVersion:   Dev-Editor (E4B068ED-F494-42E9-A231-DA0B2E46BB41): 24
LogDevObjectVersion:   Dev-Framework (CFFC743F-43B0-4480-9391-14DF171D2073): 34
LogDevObjectVersion:   Dev-Mobile (B02B49B5-BB20-44E9-A304-32B752E40360): 2
LogDevObjectVersion:   Dev-Networking (A4E4105C-59A1-49B5-A7C5-40C4547EDFEE): 0
LogDevObjectVersion:   Dev-Online (39C831C9-5AE6-47DC-9A44-9C173E1C8E7C): 0
LogDevObjectVersion:   Dev-Physics (78F01B33-EBEA-4F98-B9B4-84EACCB95AA2): 0
LogDevObjectVersion:   Dev-Platform (6631380F-2D4D-43E0-8009-CF276956A95A): 0
LogDevObjectVersion:   Dev-Rendering (12F88B9F-8875-4AFC-A67C-D90C383ABD29): 26
LogDevObjectVersion:   Dev-Sequencer (7B5AE74C-D270-4C10-A958-57980B212A5A): 9
LogDevObjectVersion:   Dev-VR (D7296918-1DD6-4BDD-9DE2-64A83CC13884): 2
LogDevObjectVersion:   Dev-LoadTimes (C2A15278-BFE7-4AFE-6C17-90FF531DF755): 1
LogDevObjectVersion:   Private-Geometry (6EACA3D4-40EC-4CC1-B786-8BED09428FC5): 3
LogDevObjectVersion:   Dev-AnimPhys (29E575DD-E0A3-4627-9D10-D276232CDCEA): 17
LogDevObjectVersion:   Dev-ReflectionCapture (6B266CEC-1EC7-4B8F-A30B-E4D90942FC07): 1
LogDevObjectVersion:   Dev-Automation (0DF73D61-A23F-47EA-B727-89E90C41499A): 1
LogDevObjectVersion:   FortniteMain (601D1886-AC64-4F84-AA16-D3DE0DEAC7D6): 12
LogDevObjectVersion:   Dev-Enterprise (9DFFBCD6-494F-0158-E221-12823C92A888): 1
LogStreaming: Display: Took  0.007s to delete old logs.
LogInit: Presizing for max 8388607 objects, including 0 objects not considered by GC, pre-allocating 0 bytes for permanent pool.
LogInit: Object subsystem initialized
[2019.04.11-00.30.48:074][  0]LogInit: Selected Device Profile: [Windows]
[2019.04.11-00.30.48:074][  0]LogInit: Applying CVar settings loaded from the selected device profile: [Windows]
[2019.04.11-00.30.48:098][  0]LogHAL: Display: Platform has ~ 32 GB [34277924864 / 34359738368 / 32], which maps to Largest [LargestMinGB=32, LargerMinGB=12, DefaultMinGB=8, SmallerMinGB=6, SmallestMinGB=0)
[2019.04.11-00.30.48:098][  0]LogInit: Setting Device Profile CVar: [[r.Vulkan.UseRealUBs:1]]
[2019.04.11-00.30.48:098][  0]LogInit: Going up to parent DeviceProfile []
[2019.04.11-00.30.48:099][  0]LogInit: Computer: ATC-174-14
[2019.04.11-00.30.48:099][  0]LogInit: User: modderd1
[2019.04.11-00.30.48:099][  0]LogInit: CPU Page size=4096, Cores=10
[2019.04.11-00.30.48:099][  0]LogInit: High frequency timer resolution =2.143474 MHz
[2019.04.11-00.30.48:099][  0]LogMemory: Memory total: Physical=31.9GB (32GB approx)
[2019.04.11-00.30.48:099][  0]LogMemory: Platform Memory Stats for Windows
[2019.04.11-00.30.48:099][  0]LogMemory: Process Physical Memory: 103.55 MB used, 103.55 MB peak
[2019.04.11-00.30.48:099][  0]LogMemory: Process Virtual Memory: 100.52 MB used, 100.52 MB peak
[2019.04.11-00.30.48:099][  0]LogMemory: Physical Memory: 7686.40 MB used,  25003.58 MB free, 32689.98 MB total
[2019.04.11-00.30.48:099][  0]LogMemory: Virtual Memory: 603.62 MB used,  25003.58 MB free, 134217728.00 MB total
[2019.04.11-00.30.48:129][  0]LogInit: Using OS detected language (en-US).
[2019.04.11-00.30.48:129][  0]LogInit: Using OS detected locale (en-US).
[2019.04.11-00.30.48:130][  0]LogTextLocalizationManager: No specific localization for 'en-US' exists, so the 'en' localization will be used.
[2019.04.11-00.30.48:589][  0]LogStreaming: Display: Took  0.460s to InitEngineTextLocalization.
[2019.04.11-00.30.48:589][  0]LogInit: Setting process to per monitor DPI aware
[2019.04.11-00.30.48:646][  0]LogSlate: New Slate User Created.  User Index 0, Is Virtual User: 0
[2019.04.11-00.30.48:646][  0]LogSlate: Slate User Registered.  User Index 0, Is Virtual User: 0
[2019.04.11-00.30.48:943][  0]LogHMD: Failed to initialize OpenVR with code 110
[2019.04.11-00.30.48:943][  0]LogD3D11RHI: D3D11 adapters:
[2019.04.11-00.30.49:022][  0]LogD3D11RHI:    0. 'NVIDIA Quadro P5000' (Feature Level 11_0)
[2019.04.11-00.30.49:022][  0]LogD3D11RHI:       16255/0/16344 MB DedicatedVideo/DedicatedSystem/SharedSystem, Outputs:2, VendorId:0x10de
[2019.04.11-00.30.49:025][  0]LogD3D11RHI:    1. 'Microsoft Basic Render Driver' (Feature Level 11_0)
[2019.04.11-00.30.49:025][  0]LogD3D11RHI:       0/0/16344 MB DedicatedVideo/DedicatedSystem/SharedSystem, Outputs:0, VendorId:0x1414
[2019.04.11-00.30.49:025][  0]LogD3D11RHI: Chosen D3D11 Adapter: 0
[2019.04.11-00.30.49:033][  0]LogD3D11RHI: Creating new Direct3DDevice
[2019.04.11-00.30.49:033][  0]LogD3D11RHI:     GPU DeviceId: 0x1bb0 (for the marketing name, search the web for "GPU Device Id")
[2019.04.11-00.30.49:033][  0]LogWindows: EnumDisplayDevices:
[2019.04.11-00.30.49:033][  0]LogWindows:    0. 'NVIDIA Quadro P5000' (P:1 D:1)
[2019.04.11-00.30.49:033][  0]LogWindows:    1. 'NVIDIA Quadro P5000' (P:0 D:1)
[2019.04.11-00.30.49:033][  0]LogWindows:    2. 'NVIDIA Quadro P5000' (P:0 D:0)
[2019.04.11-00.30.49:033][  0]LogWindows:    3. 'NVIDIA Quadro P5000' (P:0 D:0)
[2019.04.11-00.30.49:033][  0]LogWindows: DebugString: FoundDriverCount:4 
[2019.04.11-00.30.49:033][  0]LogD3D11RHI:     Adapter Name: NVIDIA Quadro P5000
[2019.04.11-00.30.49:033][  0]LogD3D11RHI:   Driver Version: 397.93 (internal:24.21.13.9793, unified:397.93)
[2019.04.11-00.30.49:033][  0]LogD3D11RHI:      Driver Date: 5-22-2018
[2019.04.11-00.30.49:033][  0]LogRHI: Texture pool is 11378 MB (70% of 16255 MB)
[2019.04.11-00.30.49:086][  0]LogD3D11RHI: Async texture creation enabled
[2019.04.11-00.30.49:107][  0]LogD3D11RHI: GPU Timing Frequency: 1000.000000 (Debug: 2 2)
[2019.04.11-00.30.49:113][  0]LogShaderCompilers: Guid format shader working directory is -24 characters bigger than the processId version (../../../../../../Users/modderd1/Desktop/Dinochan/Dinochan_v001_UE4.20.3/Intermediate/Shaders/WorkingDirectory/16996/).
[2019.04.11-00.30.49:113][  0]LogShaderCompilers: Cleaned the shader compiler working directory 'C:/Users/modderd1/AppData/Local/Temp/UnrealShaderWorkingDir/2862DF214153A5B34A30F1BB066DD1AF/'.
[2019.04.11-00.30.49:382][  0]LogTemp: Display: Loaded TP AllDesktopTargetPlatform
[2019.04.11-00.30.49:399][  0]LogTemp: Display: Loaded TP MacClientTargetPlatform
[2019.04.11-00.30.49:417][  0]LogTemp: Display: Loaded TP MacNoEditorTargetPlatform
[2019.04.11-00.30.49:434][  0]LogTemp: Display: Loaded TP MacServerTargetPlatform
[2019.04.11-00.30.49:453][  0]LogTemp: Display: Loaded TP MacTargetPlatform
[2019.04.11-00.30.49:472][  0]LogTemp: Display: Loaded TP WindowsClientTargetPlatform
[2019.04.11-00.30.49:490][  0]LogTemp: Display: Loaded TP WindowsNoEditorTargetPlatform
[2019.04.11-00.30.49:513][  0]LogTemp: Display: Loaded TP WindowsServerTargetPlatform
[2019.04.11-00.30.49:523][  0]LogTemp: Display: Loaded TP WindowsTargetPlatform
[2019.04.11-00.30.49:637][  0]LogTemp: Display: Loaded TP AndroidTargetPlatform
[2019.04.11-00.30.49:637][  0]LogTemp: Display: Loaded TP AndroidTargetPlatform
[2019.04.11-00.30.49:637][  0]LogTemp: Display: Loaded TP AndroidTargetPlatform
[2019.04.11-00.30.49:637][  0]LogTemp: Display: Loaded TP AndroidTargetPlatform
[2019.04.11-00.30.49:638][  0]LogTemp: Display: Loaded TP AndroidTargetPlatform
[2019.04.11-00.30.49:638][  0]LogTemp: Display: Loaded TP AndroidTargetPlatform
[2019.04.11-00.30.49:638][  0]LogTemp: Display: Loaded TP AndroidTargetPlatform
[2019.04.11-00.30.49:638][  0]LogTemp: Display: Loaded TP AndroidTargetPlatform
[2019.04.11-00.30.49:638][  0]LogTemp: Display: Loaded TP AndroidTargetPlatform
[2019.04.11-00.30.49:638][  0]LogTemp: Display: Loaded TP AndroidTargetPlatform
[2019.04.11-00.30.49:638][  0]LogTemp: Display: Loaded TP AndroidTargetPlatform
[2019.04.11-00.30.49:638][  0]LogTemp: Display: Loaded TP AndroidTargetPlatform
[2019.04.11-00.30.49:638][  0]LogTemp: Display: Loaded TP AndroidTargetPlatform
[2019.04.11-00.30.49:638][  0]LogTemp: Display: Loaded TP AndroidTargetPlatform
[2019.04.11-00.30.49:638][  0]LogTemp: Display: Loaded TP AndroidTargetPlatform
[2019.04.11-00.30.49:638][  0]LogTemp: Display: Loaded TP AndroidTargetPlatform
[2019.04.11-00.30.49:638][  0]LogTemp: Display: Loaded TP AndroidTargetPlatform
[2019.04.11-00.30.49:638][  0]LogTemp: Display: Loaded TP AndroidTargetPlatform
[2019.04.11-00.30.49:639][  0]LogTemp: Display: Loaded TP HTML5TargetPlatform
[2019.04.11-00.30.49:722][  0]LogTemp: Display: Loaded TP IOSTargetPlatform
[2019.04.11-00.30.49:722][  0]LogTemp: Display: Loaded TP IOSTargetPlatform
[2019.04.11-00.30.49:754][  0]LogTemp: Display: Loaded TP TVOSTargetPlatform
[2019.04.11-00.30.49:754][  0]LogTemp: Display: Loaded TP TVOSTargetPlatform
[2019.04.11-00.30.49:769][  0]LogTemp: Display: Loaded TP LinuxClientTargetPlatform
[2019.04.11-00.30.49:785][  0]LogTemp: Display: Loaded TP LinuxNoEditorTargetPlatform
[2019.04.11-00.30.49:802][  0]LogTemp: Display: Loaded TP LinuxServerTargetPlatform
[2019.04.11-00.30.49:820][  0]LogTemp: Display: Loaded TP LinuxTargetPlatform
[2019.04.11-00.30.49:834][  0]LogTemp: Display: Loaded TP LuminTargetPlatform
[2019.04.11-00.30.49:834][  0]LogTargetPlatformManager: Display: Building Assets For Windows
[2019.04.11-00.30.49:916][  0]LogXGEController: Cannot use XGE Controller as Incredibuild is not installed on this machine.
[2019.04.11-00.30.49:917][  0]LogShaderCompilers: Cannot use XGE Shader Compiler as Incredibuild is not installed on this machine.
[2019.04.11-00.30.49:917][  0]LogShaderCompilers: Display: Using Local Shader Compiler.
[2019.04.11-00.30.50:975][  0]LogDerivedDataCache: Display: Max Cache Size: 512 MB
[2019.04.11-00.30.51:042][  0]LogDerivedDataCache: Loaded boot cache 0.07s 71MB C:/Users/modderd1/AppData/Local/UnrealEngine/4.20/DerivedDataCache/Boot.ddc.
[2019.04.11-00.30.51:043][  0]LogDerivedDataCache: Display: Loaded Boot cache: C:/Users/modderd1/AppData/Local/UnrealEngine/4.20/DerivedDataCache/Boot.ddc
[2019.04.11-00.30.51:043][  0]LogDerivedDataCache: FDerivedDataBackendGraph:  Pak pak cache file ../../../../../../Users/modderd1/Desktop/Dinochan/Dinochan_v001_UE4.20.3/DerivedDataCache/DDC.ddp not found, will not use a pak cache.
[2019.04.11-00.30.51:043][  0]LogDerivedDataCache: Unable to find inner node Pak for hierarchical cache Hierarchy.
[2019.04.11-00.30.51:043][  0]LogDerivedDataCache: FDerivedDataBackendGraph:  CompressedPak pak cache file ../../../../../../Users/modderd1/Desktop/Dinochan/Dinochan_v001_UE4.20.3/DerivedDataCache/Compressed.ddp not found, will not use a pak cache.
[2019.04.11-00.30.51:043][  0]LogDerivedDataCache: Unable to find inner node CompressedPak for hierarchical cache Hierarchy.
[2019.04.11-00.30.51:077][  0]LogDerivedDataCache: Display: Pak cache opened for reading ../../../Engine/DerivedDataCache/Compressed.ddp.
[2019.04.11-00.30.51:091][  0]LogDerivedDataCache: Using Local data cache path C:/Users/modderd1/AppData/Local/UnrealEngine/Common/DerivedDataCache: Writable
[2019.04.11-00.30.51:091][  0]LogDerivedDataCache: Shared data cache path not found in *engine.ini, will not use an Shared cache.
[2019.04.11-00.30.51:091][  0]LogDerivedDataCache: Unable to find inner node Shared for hierarchical cache Hierarchy.
[2019.04.11-00.30.51:114][  0]LogMaterial: Verifying Global Shaders for PCD3D_SM5
[2019.04.11-00.30.51:116][  0]LogSlate: Using FreeType 2.6.0
[2019.04.11-00.30.51:116][  0]LogSlate: SlateFontServices - WITH_FREETYPE: 1, WITH_HARFBUZZ: 1
[2019.04.11-00.30.51:215][  0]LogAssetRegistry: FAssetRegistry took 0.0275 seconds to start up
[2019.04.11-00.30.51:671][  0]LogInit: Selected Device Profile: [Windows]
[2019.04.11-00.30.51:885][  0]LogSimplygon: Simplygon DLL not present - disabling.
[2019.04.11-00.30.51:889][  0]LogMeshReduction: Using SimplygonSwarm for distributed automatic mesh merging
[2019.04.11-00.30.51:889][  0]LogMeshReduction: Using ProxyLODMeshReduction for automatic mesh merging
[2019.04.11-00.30.51:889][  0]LogMeshReduction: Using QuadricMeshReduction for automatic static mesh reduction
[2019.04.11-00.30.51:889][  0]LogMeshReduction: No automatic skeletal mesh reduction module available
[2019.04.11-00.30.51:933][  0]LogNetVersion: Dinochan_v001 1.0.0, NetCL: 4212847, EngineNetVer: 5, GameNetVer: 0 (Checksum: 2574802920)
[2019.04.11-00.30.52:742][  0]LogPackageLocalizationCache: Processed 11 localized package path(s) for 2 prioritized culture(s) in 0.207270 seconds
[2019.04.11-00.30.52:748][  0]LogUObjectArray: 38425 objects as part of root set at end of initial load.
[2019.04.11-00.30.52:748][  0]LogUObjectAllocator: 6690864 out of 0 bytes used by permanent object pool.
[2019.04.11-00.30.52:748][  0]LogUObjectArray: CloseDisregardForGC: 0/0 objects in disregard for GC pool
[2019.04.11-00.30.54:013][  0]LogTcpMessaging: Initializing TcpMessaging bridge
[2019.04.11-00.30.54:028][  0]LogUdpMessaging: Initializing bridge on interface 0.0.0.0:0 to multicast group 230.0.0.1:6666.
[2019.04.11-00.30.54:211][  0]SourceControl: Source control is disabled
[2019.04.11-00.30.54:212][  0]SourceControl: Source control is disabled
[2019.04.11-00.30.54:213][  0]SourceControl: Source control is disabled
[2019.04.11-00.30.54:214][  0]SourceControl: Source control is disabled
[2019.04.11-00.30.54:399][  0]LogAndroidPermission: UAndroidPermissionCallbackProxy::GetInstance
[2019.04.11-00.30.54:449][  0]LogOcInput: OculusInput pre-init called
[2019.04.11-00.30.54:524][  0]LogEngine: Initializing Engine...
[2019.04.11-00.30.54:525][  0]LogHMD: Failed to initialize OpenVR with code 110
[2019.04.11-00.30.54:527][  0]LogStats: UGameplayTagsManager::ConstructGameplayTagTree: ImportINI prefixes -  0.000 s
[2019.04.11-00.30.54:527][  0]LogStats: UGameplayTagsManager::ConstructGameplayTagTree: Construct from data asset -  0.000 s
[2019.04.11-00.30.54:527][  0]LogStats: UGameplayTagsManager::ConstructGameplayTagTree: ImportINI -  0.000 s
[2019.04.11-00.30.54:527][  0]LogStats: UGameplayTagsManager::ConstructGameplayTagTree: GameplayTagTreeChangedEvent.Broadcast -  0.000 s
[2019.04.11-00.30.54:795][  0]LogInit: Initializing FReadOnlyCVARCache
[2019.04.11-00.30.54:813][  0]LogAIModule: Creating AISystem for world Untitled
[2019.04.11-00.30.54:827][  0]LogInit: XAudio2 using 'Speakers (High Definition Audio Device)' : 2 channels at 48 kHz using 16 bits per sample (channel mask 0x3)
[2019.04.11-00.30.54:848][  0]LogInit: FAudioDevice initialized.
[2019.04.11-00.30.54:849][  0]LogNetVersion: Set ProjectVersion to 1.0.0.0. Version Checksum will be recalculated on next use.
[2019.04.11-00.30.55:048][  0]LogDerivedDataCache: Saved boot cache 0.20s 71MB C:/Users/modderd1/AppData/Local/UnrealEngine/4.20/DerivedDataCache/Boot.ddc.
[2019.04.11-00.30.55:056][  0]LogInit: Texture streaming: Enabled
[2019.04.11-00.30.55:087][  0]LogEngineSessionManager: EngineSessionManager initialized
[2019.04.11-00.30.55:110][  0]LogInit: Transaction tracking system initialized
[2019.04.11-00.30.55:139][  0]BlueprintLog: New page: Editor Load
[2019.04.11-00.30.55:245][  0]LocalizationService: Localization service is disabled
[2019.04.11-00.30.55:582][  0]LogCook: Display: Max memory allowance for cook 16384mb min free memory 0mb
[2019.04.11-00.30.55:582][  0]LogCook: Display: Mobile HDR setting 1
[2019.04.11-00.30.55:582][  0]LogGameplayTags: Display: UGameplayTagsManager::DoneAddingNativeTags. DelegateIsBound: 0
[2019.04.11-00.30.55:582][  0]LogStats: UGameplayTagsManager::ConstructGameplayTagTree: ImportINI prefixes -  0.000 s
[2019.04.11-00.30.55:582][  0]LogStats: UGameplayTagsManager::ConstructGameplayTagTree: Construct from data asset -  0.000 s
[2019.04.11-00.30.55:582][  0]LogStats: UGameplayTagsManager::ConstructGameplayTagTree: ImportINI -  0.000 s
[2019.04.11-00.30.55:582][  0]LogStats: UGameplayTagsManager::ConstructGameplayTagTree: GameplayTagTreeChangedEvent.Broadcast -  0.000 s
[2019.04.11-00.30.55:744][  0]LogFileCache: Scanning file cache for directory 'C:/Users/modderd1/Desktop/Dinochan/Dinochan_v001_UE4.20.3/Content/' took 0.02s
[2019.04.11-00.30.55:756][  0]SourceControl: Source control is disabled
[2019.04.11-00.30.55:756][  0]Cmd: MAP LOAD FILE="../../../../../../Users/modderd1/Desktop/Dinochan/Dinochan_v001_UE4.20.3/Content/_Maps/SharedLevel/Persistant_Empty.umap" TEMPLATE=0 SHOWPROGRESS=1 FEATURELEVEL=3
[2019.04.11-00.30.55:756][  0]LightingResults: New page: Lighting Build
[2019.04.11-00.30.55:760][  0]MapCheck: New page: Map Check
[2019.04.11-00.30.55:760][  0]LightingResults: New page: Lighting Build
[2019.04.11-00.30.55:850][  0]LogAIModule: Creating AISystem for world Persistant_Empty
[2019.04.11-00.30.55:851][  0]LogStreaming: Display: ULevelStreaming::RequestLevel(/Game/_Maps/SharedLevel/AssetLevel) is flushing async loading
[2019.04.11-00.30.55:851][  0]LogStreaming: Display: Flushing async loaders.
[2019.04.11-00.30.56:597][  0]LogStreaming: Display: ULevelStreaming::RequestLevel(/Game/_Maps/SharedLevel/Cine_Level) is flushing async loading
[2019.04.11-00.30.56:734][  0]LogStreaming: Display: ULevelStreaming::RequestLevel(/Game/_Maps/SharedLevel/BP_Level) is flushing async loading
[2019.04.11-00.30.56:981][  0]LogEditorServer: Finished looking for orphan Actors (0.000 secs)
[2019.04.11-00.30.57:035][  0]Cmd: MAP CHECKDEP NOCLEARLOG
[2019.04.11-00.30.57:142][  0]MapCheck: Map check complete: 0 Error(s), 0 Warning(s), took 106.756ms to complete.
[2019.04.11-00.30.57:142][  0]LogFileHelpers: Loading map 'Persistant_Empty' took 1.386
[2019.04.11-00.30.57:305][  0]LogSlate: Updating window title bar state: overlay mode, drag disabled, window buttons hidden, title bar hidden
[2019.04.11-00.30.57:310][  0]LogSlate: Updating window title bar state: overlay mode, drag disabled, window buttons hidden, title bar hidden
[2019.04.11-00.30.57:324][  0]LogCollectionManager: Loaded 0 collections in 0.002166 seconds
[2019.04.11-00.30.57:382][  0]LogFileCache: Scanning file cache for directory 'C:/Users/modderd1/Desktop/Dinochan/Dinochan_v001_UE4.20.3/Saved/Collections/' took 0.01s
[2019.04.11-00.30.57:382][  0]LogFileCache: Scanning file cache for directory 'C:/Users/modderd1/Desktop/Dinochan/Dinochan_v001_UE4.20.3/Content/Developers/modderd1/Collections/' took 0.01s
[2019.04.11-00.30.57:382][  0]LogFileCache: Scanning file cache for directory 'C:/Users/modderd1/Desktop/Dinochan/Dinochan_v001_UE4.20.3/Content/Collections/' took 0.01s
[2019.04.11-00.30.57:382][  0]LogCollectionManager: Rebuilt the GUID cache for 0 collections in 0.000000 seconds
[2019.04.11-00.30.57:394][  0]LogContentBrowser: Native class hierarchy populated in 0.0111 seconds. Added 2572 classes and 603 folders.
[2019.04.11-00.30.57:401][  0]LogContentBrowser: Native class hierarchy updated for 'WidgetCarousel' in 0.0002 seconds. Added 0 classes and 0 folders.
[2019.04.11-00.30.57:461][  0]LogContentBrowser: Native class hierarchy updated for 'AddContentDialog' in 0.0003 seconds. Added 0 classes and 0 folders.
[2019.04.11-00.30.57:467][  0]LogContentBrowser: Native class hierarchy updated for 'SceneOutliner' in 0.0003 seconds. Added 1 classes and 2 folders.
[2019.04.11-00.30.57:489][  0]LogContentBrowser: Native class hierarchy updated for 'WorldBrowser' in 0.0004 seconds. Added 2 classes and 3 folders.
[2019.04.11-00.30.57:604][  0]LogSlate: Took 0.000230 seconds to synchronously load lazily loaded font '../../../Engine/Content/Slate/Fonts/Roboto-Regular.ttf' (155K)
[2019.04.11-00.30.57:607][  0]LogSlate: Took 0.000185 seconds to synchronously load lazily loaded font '../../../Engine/Content/Slate/Fonts/Roboto-Bold.ttf' (160K)
[2019.04.11-00.30.57:614][  0]LogSlate: Took 0.000189 seconds to synchronously load lazily loaded font '../../../Engine/Content/Editor/Slate/Fonts/FontAwesome.ttf' (139K)
[2019.04.11-00.30.57:690][  0]LogRenderer: Reallocating scene render targets to support 604x576 Format 10 NumSamples 1 (Frame:1).
[2019.04.11-00.30.57:814][  0]LogContentBrowser: Native class hierarchy updated for 'HierarchicalLODOutliner' in 0.0003 seconds. Added 0 classes and 0 folders.
[2019.04.11-00.30.57:814][  0]LogLoad: (Engine Initialization) Total time: 12.72 seconds
[2019.04.11-00.30.57:814][  0]LogLoad: (Engine Initialization) Total Blueprint compile time: 0.00 seconds
[2019.04.11-00.30.57:872][  0]LogContentStreaming: Texture pool size now 3000 MB
[2019.04.11-00.30.57:927][  0]LogSlate: Took 0.000245 seconds to synchronously load lazily loaded font '../../../Engine/Content/Slate/Fonts/Roboto-Light.ttf' (167K)
[2019.04.11-00.30.57:985][  2]LogAssetRegistry: Asset discovery search completed in 6.7927 seconds
[2019.04.11-00.30.57:988][  2]LogCollectionManager: Rebuilt the object cache for 0 collections in 0.000000 seconds (found 0 objects)
[2019.04.11-00.30.57:988][  2]LogCollectionManager: Fixed up redirectors for 0 collections in 0.000063 seconds (updated 0 objects)
[2019.04.11-00.30.58:886][ 96]LogSlate: Took 0.000221 seconds to synchronously load lazily loaded font '../../../Engine/Content/Slate/Fonts/Roboto-Light.ttf' (167K)
[2019.04.11-00.31.02:949][565]LogFileCache: Retrieving MD5 hashes for directory 'C:/Users/modderd1/Desktop/Dinochan/Dinochan_v001_UE4.20.3/Content/' took 5.11s
[2019.04.11-00.31.03:927][679]LogSlate: FSceneViewport::OnFocusLost() reason 0
[2019.04.11-00.31.04:077][686]LogAssetEditorManager: Opening Asset editor for LevelSequence /Game/Sequences/Scene1.Scene1
[2019.04.11-00.31.04:323][686]LogAssetEditorManager: Opening Asset editor for WidgetBlueprint /Game/Burnin/CustomBurnin.CustomBurnin
[2019.04.11-00.31.05:033][686]LogContentBrowser: Native class hierarchy updated for 'BlueprintGraph' in 0.0008 seconds. Added 116 classes and 0 folders.
[2019.04.11-00.31.06:228][686]LogAssetEditorManager: Opening Asset editor for Blueprint /Game/Burnin/CustomSettings.CustomSettings
[2019.04.11-00.31.06:731][686]LogSlate: Took 0.000351 seconds to synchronously load lazily loaded font '../../../Engine/Content/Slate/Fonts/Roboto-BoldCondensed.ttf' (158K)
[2019.04.11-00.31.09:352][836]LogSlate: Window 'CustomSettings' being destroyed
[2019.04.11-00.31.09:786][885]LogSlate: Took 0.000184 seconds to synchronously load lazily loaded font '../../../Engine/Content/Slate/Fonts/DroidSansMono.ttf' (77K)
[2019.04.11-00.31.35:355][122]LogEditorViewport: Clicking on Actor (LMB): StaticMeshActor (Meteor_LorgewCrystals_Merged)
[2019.04.11-00.31.35:355][122]LogEditorSelectUtils: Warning: SelectActor: The requested operation could not be completed because the level is locked. (Meteor_LorgewCrystals_Merged)
[2019.04.11-00.32.02:064][317]LogSlate: FSceneViewport::OnFocusLost() reason 0
[2019.04.11-00.37.29:336][776]Cmd: OBJ SAVEPACKAGE PACKAGE="/Game/Sequences/Scene1" FILE="../../../../../../Users/modderd1/Desktop/Dinochan/Dinochan_v001_UE4.20.3/Content/Sequences/Scene1.uasset" SILENT=true
[2019.04.11-00.37.29:423][776]LogSavePackage: Moving '../../../../../../Users/modderd1/Desktop/Dinochan/Dinochan_v001_UE4.20.3/Saved/Scene16A440F6546BAD6ABFB60A8AF617B501C.tmp' to '../../../../../../Users/modderd1/Desktop/Dinochan/Dinochan_v001_UE4.20.3/Content/Sequences/Scene1.uasset'
[2019.04.11-00.37.30:801][908]LogContentBrowser: Native class hierarchy updated for 'MovieSceneCapture' in 0.0004 seconds. Added 10 classes and 0 folders.
[2019.04.11-00.37.41:492][635]LogSlate: Window 'Save Content' being destroyed
[2019.04.11-00.37.41:529][635]Cmd: OBJ SAVEPACKAGE PACKAGE="/Game/Burnin/CustomBurnin" FILE="../../../../../../Users/modderd1/Desktop/Dinochan/Dinochan_v001_UE4.20.3/Content/Burnin/CustomBurnin.uasset" SILENT=true
[2019.04.11-00.37.41:651][635]LogSavePackage: Moving '../../../../../../Users/modderd1/Desktop/Dinochan/Dinochan_v001_UE4.20.3/Saved/CustomBurnin2EA75A94474B356E4D2F8E99F38179F3.tmp' to '../../../../../../Users/modderd1/Desktop/Dinochan/Dinochan_v001_UE4.20.3/Content/Burnin/CustomBurnin.uasset'
[2019.04.11-00.37.41:670][635]LogTemp: Starting movie scene capture...
[2019.04.11-00.37.41:715][635]LogBlueprintUserMessages: Early PlayInEditor Detection: Level '/Game/_Maps/SharedLevel/Persistant_Empty.Persistant_Empty:PersistentLevel' has LevelScriptBlueprint '/Game/_Maps/SharedLevel/Persistant_Empty.Persistant_Empty:PersistentLevel.Persistant_Empty' with GeneratedClass '/Game/_Maps/SharedLevel/Persistant_Empty.Persistant_Empty_C' with ClassGeneratedBy '/Game/_Maps/SharedLevel/Persistant_Empty.Persistant_Empty:PersistentLevel.Persistant_Empty'
[2019.04.11-00.37.41:715][635]LogBlueprintUserMessages: Early PlayInEditor Detection: Level '/Game/_Maps/SharedLevel/Cine_Level.Cine_Level:PersistentLevel' has LevelScriptBlueprint '/Game/_Maps/SharedLevel/Cine_Level.Cine_Level:PersistentLevel.Cine_Level' with GeneratedClass '/Game/_Maps/SharedLevel/Cine_Level.Cine_Level_C' with ClassGeneratedBy '/Game/_Maps/SharedLevel/Cine_Level.Cine_Level:PersistentLevel.Cine_Level'
[2019.04.11-00.37.41:715][635]LogBlueprintUserMessages: Early PlayInEditor Detection: Level '/Game/_Maps/SharedLevel/BP_Level.BP_Level:PersistentLevel' has LevelScriptBlueprint '/Game/_Maps/SharedLevel/BP_Level.BP_Level:PersistentLevel.BP_Level' with GeneratedClass '/Game/_Maps/SharedLevel/BP_Level.BP_Level_C' with ClassGeneratedBy '/Game/_Maps/SharedLevel/BP_Level.BP_Level:PersistentLevel.BP_Level'
[2019.04.11-00.37.41:715][635]LogPlayLevel: PlayLevel: No blueprints needed recompiling
[2019.04.11-00.37.41:728][635]PIE: New page: PIE session: Persistant_Empty (Apr 10, 2019, 4:37:41 PM)
[2019.04.11-00.37.41:728][635]LogPlayLevel: Creating play world package: /Game/_Maps/SharedLevel/UEDPIE_0_Persistant_Empty
[2019.04.11-00.37.41:731][635]LogPlayLevel: PIE: StaticDuplicateObject took: (0.002371s)
[2019.04.11-00.37.41:732][635]LogAIModule: Creating AISystem for world Persistant_Empty
[2019.04.11-00.37.41:732][635]LogPlayLevel: PIE: World Init took: (0.000950s)
[2019.04.11-00.37.41:732][635]LogPlayLevel: PIE: Created PIE world by copying editor world from /Game/_Maps/SharedLevel/Persistant_Empty.Persistant_Empty to /Game/_Maps/SharedLevel/UEDPIE_0_Persistant_Empty.Persistant_Empty (0.003509s)
[2019.04.11-00.37.41:791][635]LogInit: XAudio2 using 'Speakers (High Definition Audio Device)' : 2 channels at 48 kHz using 16 bits per sample (channel mask 0x3)
[2019.04.11-00.37.41:800][635]LogInit: FAudioDevice initialized.
[2019.04.11-00.37.41:800][635]LogSlate: Updating window title bar state: overlay mode, drag disabled, window buttons hidden, title bar hidden
[2019.04.11-00.37.42:031][635]LogLoad: Game class is 'ThirdPersonGameMode_C'
[2019.04.11-00.37.42:033][635]LogWorld: Bringing World /Game/_Maps/SharedLevel/UEDPIE_0_Persistant_Empty.Persistant_Empty up for play (max tick rate 0) at 2019.04.10-20.37.42
[2019.04.11-00.37.42:158][635]LogWorld: Bringing up level for play took: 0.124716
[2019.04.11-00.37.42:179][635]LogBlueprintUserMessages: [ThirdPersonCharacter_C_0] Translation: X=-2830.000 Y=3400.000 Z=1215.793 Rotation: P=0.000000 Y=0.000000 R=0.000000 Scale X=1.000 Y=1.000 Z=1.000
[2019.04.11-00.37.42:179][635]LogBlueprintUserMessages: [ThirdPersonCharacter_C_0] Translation: X=-2830.000 Y=3400.000 Z=1215.793 Rotation: P=0.000000 Y=0.000000 R=0.000000 Scale X=1.000 Y=1.000 Z=1.000
[2019.04.11-00.37.42:191][635]PIE: Play in editor start time for /Game/_Maps/SharedLevel/UEDPIE_0_Persistant_Empty 0.842
[2019.04.11-00.37.42:192][635]LogBlueprintUserMessages: Late PlayInEditor Detection: Level '/Game/_Maps/SharedLevel/Persistant_Empty.Persistant_Empty:PersistentLevel' has LevelScriptBlueprint '/Game/_Maps/SharedLevel/Persistant_Empty.Persistant_Empty:PersistentLevel.Persistant_Empty' with GeneratedClass '/Game/_Maps/SharedLevel/Persistant_Empty.Persistant_Empty_C' with ClassGeneratedBy '/Game/_Maps/SharedLevel/Persistant_Empty.Persistant_Empty:PersistentLevel.Persistant_Empty'
[2019.04.11-00.37.42:192][635]LogBlueprintUserMessages: Late PlayInEditor Detection: Level '/Game/_Maps/SharedLevel/Cine_Level.Cine_Level:PersistentLevel' has LevelScriptBlueprint '/Game/_Maps/SharedLevel/Cine_Level.Cine_Level:PersistentLevel.Cine_Level' with GeneratedClass '/Game/_Maps/SharedLevel/Cine_Level.Cine_Level_C' with ClassGeneratedBy '/Game/_Maps/SharedLevel/Cine_Level.Cine_Level:PersistentLevel.Cine_Level'
[2019.04.11-00.37.42:192][635]LogBlueprintUserMessages: Late PlayInEditor Detection: Level '/Game/_Maps/SharedLevel/BP_Level.BP_Level:PersistentLevel' has LevelScriptBlueprint '/Game/_Maps/SharedLevel/BP_Level.BP_Level:PersistentLevel.BP_Level' with GeneratedClass '/Game/_Maps/SharedLevel/BP_Level.BP_Level_C' with ClassGeneratedBy '/Game/_Maps/SharedLevel/BP_Level.BP_Level:PersistentLevel.BP_Level'
[2019.04.11-00.37.42:193][635]LogBlueprintUserMessages: [GreatDoor_2] P=0.000000 Y=9.059996 R=0.000000
[2019.04.11-00.37.42:195][635]LogConsoleManager: Warning: Setting the console variable 'r.Streaming.PoolSize' with 'SetByScalability' was ignored as it is lower priority than the previous 'SetByConsole'. Value remains '-1'
[2019.04.11-00.37.42:222][635]LogRenderer: Reallocating scene render targets to support 1920x1080 Format 10 NumSamples 1 (Frame:1).
[2019.04.11-00.37.42:339][636]LogBlueprintUserMessages: [GreatDoor_2] P=0.000000 Y=9.059996 R=0.000000
[2019.04.11-00.37.42:342][636]LogRenderer: Reallocating scene render targets to support 1920x1080 Format 10 NumSamples 1 (Frame:14131).
[2019.04.11-00.37.42:407][637]LogBlueprintUserMessages: [GreatDoor_2] P=0.000000 Y=9.059996 R=0.000000
[2019.04.11-00.37.42:423][637]LogContentStreaming: Texture pool size now 11378 MB
[2019.04.11-00.37.42:447][638]LogBlueprintUserMessages: [GreatDoor_2] P=0.000000 Y=9.059996 R=0.000000
