Log file open, 04/05/19 18:28:30
LogWindows: Failed to load 'aqProf.dll' (GetLastError=126)
LogWindows: File 'aqProf.dll' does not exist
LogWindows: Failed to load 'VSPerf140.dll' (GetLastError=126)
LogWindows: File 'VSPerf140.dll' does not exist
LogWindows: Failed to load 'VtuneApi.dll' (GetLastError=126)
LogWindows: File 'VtuneApi.dll' does not exist
LogWindows: Failed to load 'VtuneApi32e.dll' (GetLastError=126)
LogWindows: File 'VtuneApi32e.dll' does not exist
LogInit: Display: Running engine for game: Dinochan_v001
LogPlatformFile: Not using cached read wrapper
LogTaskGraph: Started task graph with 5 named threads and 35 total threads with 3 sets of task threads.
LogStats: Stats thread started at 0.420359
LogD3D11RHI: Loaded GFSDK_Aftermath_Lib.x64.dll
LogICUInternationalization: Display: ICU TimeZone Detection - Raw Offset: -5:00, Platform Override: ''
LogPluginManager: Mounting plugin Paper2D
LogPluginManager: Mounting plugin AISupport
LogPluginManager: Mounting plugin LightPropagationVolume
LogPluginManager: Mounting plugin CLionSourceCodeAccess
LogPluginManager: Mounting plugin CodeLiteSourceCodeAccess
LogPluginManager: Mounting plugin GitSourceControl
LogPluginManager: Mounting plugin KDevelopSourceCodeAccess
LogPluginManager: Mounting plugin NullSourceCodeAccess
LogPluginManager: Mounting plugin PerforceSourceControl
LogPluginManager: Mounting plugin SubversionSourceControl
LogPluginManager: Mounting plugin UObjectPlugin
LogPluginManager: Mounting plugin VisualStudioCodeSourceCodeAccess
LogPluginManager: Mounting plugin VisualStudioSourceCodeAccess
LogPluginManager: Mounting plugin XCodeSourceCodeAccess
LogPluginManager: Mounting plugin AssetManagerEditor
LogPluginManager: Mounting plugin CryptoKeys
LogPluginManager: Mounting plugin DataValidation
LogPluginManager: Mounting plugin FacialAnimation
LogPluginManager: Mounting plugin GameplayTagsEditor
LogPluginManager: Mounting plugin MacGraphicsSwitching
LogPluginManager: Mounting plugin MeshEditor
LogPluginManager: Mounting plugin MobileLauncherProfileWizard
LogPluginManager: Mounting plugin PluginBrowser
LogPluginManager: Mounting plugin SpeedTreeImporter
LogPluginManager: Mounting plugin DatasmithContent
LogPluginManager: Mounting plugin AlembicImporter
LogPluginManager: Mounting plugin AppleImageUtils
LogPluginManager: Mounting plugin AppleVision
LogPluginManager: Mounting plugin BackChannel
LogPluginManager: Mounting plugin CharacterAI
LogPluginManager: Mounting plugin GeometryCache
LogPluginManager: Mounting plugin HTML5Networking
LogPluginManager: Mounting plugin ProxyLODPlugin
LogPluginManager: Mounting plugin MagicLeap
LogPluginManager: Mounting plugin MagicLeapEmulator
LogPluginManager: Mounting plugin MagicLeapMedia
LogPluginManager: Mounting plugin AndroidMedia
LogPluginManager: Mounting plugin AvfMedia
LogPluginManager: Mounting plugin ImgMedia
LogPluginManager: Mounting plugin LinearTimecode
LogPluginManager: Mounting plugin MediaCompositing
LogPluginManager: Mounting plugin MediaPlayerEditor
LogPluginManager: Mounting plugin WmfMedia
LogPluginManager: Mounting plugin TcpMessaging
LogPluginManager: Mounting plugin UdpMessaging
LogPluginManager: Mounting plugin ActorSequence
LogPluginManager: Mounting plugin LevelSequenceEditor
LogPluginManager: Mounting plugin MatineeToLevelSequence
LogPluginManager: Mounting plugin NetcodeUnitTest
LogPluginManager: Mounting plugin NUTUnrealEngine4
LogPluginManager: Mounting plugin OnlineSubsystemGooglePlay
LogPluginManager: Mounting plugin OnlineSubsystemIOS
LogPluginManager: Mounting plugin OnlineSubsystem
LogPluginManager: Mounting plugin OnlineSubsystemNull
LogPluginManager: Mounting plugin OnlineSubsystemUtils
LogPluginManager: Mounting plugin LauncherChunkInstaller
LogPluginManager: Mounting plugin AndroidDeviceProfileSelector
LogPluginManager: Mounting plugin AndroidMoviePlayer
LogPluginManager: Mounting plugin AndroidPermission
LogPluginManager: Mounting plugin AppleMoviePlayer
LogPluginManager: Mounting plugin ArchVisCharacter
LogPluginManager: Mounting plugin AudioCapture
LogPluginManager: Mounting plugin CableComponent
LogPluginManager: Mounting plugin CustomMeshComponent
LogPluginManager: Mounting plugin EditableMesh
LogPluginManager: Mounting plugin ExampleDeviceProfileSelector
LogPluginManager: Mounting plugin GoogleCloudMessaging
LogPluginManager: Mounting plugin ImmediatePhysics
LogPluginManager: Mounting plugin IOSDeviceProfileSelector
LogPluginManager: Mounting plugin LinuxDeviceProfileSelector
LogPluginManager: Mounting plugin LocationServicesBPLibrary
LogPluginManager: Mounting plugin MobilePatchingUtils
LogPluginManager: Mounting plugin OculusVR
LogPluginManager: Plugin shader directory ../../../Engine/Plugins/Runtime/Oculus/OculusVR/Shaders found
LogPluginManager: Mapping shader source directory ../../../Engine/Plugins/Runtime/Oculus/OculusVR/Shaders to virtual directory /Plugin/OculusVR
LogPluginManager: Mounting plugin PhysXVehicles
LogPluginManager: Mounting plugin ProceduralMeshComponent
LogPluginManager: Mounting plugin RuntimePhysXCooking
LogPluginManager: Mounting plugin SteamVR
LogPluginManager: Mounting plugin WindowsMoviePlayer
LogStreaming: Display: Took  0.067s to configure plugins.
LogInit: Using libcurl 7.55.1-DEV
LogInit:  - built for x86_64-pc-win32
LogInit:  - supports SSL with OpenSSL/1.0.2h
LogInit:  - supports HTTP deflate (compression) using libz 1.2.8
LogInit:  - other features:
LogInit:      CURL_VERSION_SSL
LogInit:      CURL_VERSION_LIBZ
LogInit:      CURL_VERSION_IPV6
LogInit:      CURL_VERSION_ASYNCHDNS
LogInit:      CURL_VERSION_LARGEFILE
LogInit:      CURL_VERSION_IDN
LogInit:  CurlRequestOptions (configurable via config and command line):
LogInit:  - bVerifyPeer = false  - Libcurl will NOT verify peer certificate
LogInit:  - bUseHttpProxy = false  - Libcurl will NOT use HTTP proxy
LogInit:  - bDontReuseConnections = false  - Libcurl will reuse connections
LogInit:  - CertBundlePath = nullptr  - Libcurl will use whatever was configured at build time.
LogInit:  - MaxHostConnections = 16  - Libcurl will limit the number of connections to a host
LogInit:  - LocalHostAddr = Default
LogInit:  - BufferSize = 65536
LogInit: WinSock: version 1.1 (2.2), MaxSocks=32767, MaxUdp=65467
LogInit: Build: ++UE4+Release-4.20-CL-4233996
LogInit: Engine Version: 4.20.1-4233996+++UE4+Release-4.20
LogInit: Compatible Engine Version: 4.20.0-4212847+++UE4+Release-4.20
LogInit: Net CL: 4212847
LogInit: OS: Windows 10 (), CPU:        Intel(R) Xeon(R) CPU E5-1650 0 @ 3.20GHz, GPU: NVIDIA Quadro K4000
LogInit: Compiled (64-bit): Jul 26 2018 10:07:30
LogInit: Compiled with Visual C++: 19.13.26129.00
LogInit: Build Configuration: Development
LogInit: Branch Name: ++UE4+Release-4.20
LogInit: Command Line:  /Game/_Maps/RubenLevel/Rueben_Dev -game -PIEVIACONSOLE -ResX=1280 -ResY=720  -Multiprocess -messaging -SessionName="Play in Standalone Game" -nosound -windowed 
LogInit: Base Directory: C:/Program Files/Epic Games/UE_4.20/Engine/Binaries/Win64/
LogInit: Installed Engine Build: 1
LogDevObjectVersion: Number of dev versions registered: 20
LogDevObjectVersion:   Dev-Blueprints (B0D832E4-1F89-4F0D-ACCF-7EB736FD4AA2): 10
LogDevObjectVersion:   Dev-Build (E1C64328-A22C-4D53-A36C-8E866417BD8C): 0
LogDevObjectVersion:   Dev-Core (375EC13C-06E4-48FB-B500-84F0262A717E): 2
LogDevObjectVersion:   Dev-Editor (E4B068ED-F494-42E9-A231-DA0B2E46BB41): 24
LogDevObjectVersion:   Dev-Framework (CFFC743F-43B0-4480-9391-14DF171D2073): 34
LogDevObjectVersion:   Dev-Mobile (B02B49B5-BB20-44E9-A304-32B752E40360): 2
LogDevObjectVersion:   Dev-Networking (A4E4105C-59A1-49B5-A7C5-40C4547EDFEE): 0
LogDevObjectVersion:   Dev-Online (39C831C9-5AE6-47DC-9A44-9C173E1C8E7C): 0
LogDevObjectVersion:   Dev-Physics (78F01B33-EBEA-4F98-B9B4-84EACCB95AA2): 0
LogDevObjectVersion:   Dev-Platform (6631380F-2D4D-43E0-8009-CF276956A95A): 0
LogDevObjectVersion:   Dev-Rendering (12F88B9F-8875-4AFC-A67C-D90C383ABD29): 26
LogDevObjectVersion:   Dev-Sequencer (7B5AE74C-D270-4C10-A958-57980B212A5A): 9
LogDevObjectVersion:   Dev-VR (D7296918-1DD6-4BDD-9DE2-64A83CC13884): 2
LogDevObjectVersion:   Dev-LoadTimes (C2A15278-BFE7-4AFE-6C17-90FF531DF755): 1
LogDevObjectVersion:   Private-Geometry (6EACA3D4-40EC-4CC1-B786-8BED09428FC5): 3
LogDevObjectVersion:   Dev-AnimPhys (29E575DD-E0A3-4627-9D10-D276232CDCEA): 17
LogDevObjectVersion:   Dev-ReflectionCapture (6B266CEC-1EC7-4B8F-A30B-E4D90942FC07): 1
LogDevObjectVersion:   Dev-Automation (0DF73D61-A23F-47EA-B727-89E90C41499A): 1
LogDevObjectVersion:   FortniteMain (601D1886-AC64-4F84-AA16-D3DE0DEAC7D6): 12
LogDevObjectVersion:   Dev-Enterprise (9DFFBCD6-494F-0158-E221-12823C92A888): 1
LogStreaming: Display: Took  0.002s to delete old logs.
LogInit: Presizing for max 8388607 objects, including 0 objects not considered by GC, pre-allocating 0 bytes for permanent pool.
LogInit: Object subsystem initialized
[2019.04.05-22.28.30:724][  0]LogInit: Selected Device Profile: [Windows]
[2019.04.05-22.28.30:724][  0]LogInit: Applying CVar settings loaded from the selected device profile: [Windows]
[2019.04.05-22.28.30:729][  0]LogHAL: Display: Platform has ~ 16 GB [17135558656 / 17179869184 / 16], which maps to Larger [LargestMinGB=32, LargerMinGB=12, DefaultMinGB=8, SmallerMinGB=6, SmallestMinGB=0)
[2019.04.05-22.28.30:729][  0]LogInit: Setting Device Profile CVar: [[r.Vulkan.UseRealUBs:1]]
[2019.04.05-22.28.30:729][  0]LogInit: Going up to parent DeviceProfile []
[2019.04.05-22.28.30:729][  0]LogInit: Computer: ATC-178-17
[2019.04.05-22.28.30:729][  0]LogInit: User: brownr55
[2019.04.05-22.28.30:730][  0]LogInit: CPU Page size=4096, Cores=6
[2019.04.05-22.28.30:730][  0]LogInit: High frequency timer resolution =3.117486 MHz
[2019.04.05-22.28.30:730][  0]LogMemory: Memory total: Physical=16.0GB (16GB approx)
[2019.04.05-22.28.30:730][  0]LogMemory: Platform Memory Stats for Windows
[2019.04.05-22.28.30:730][  0]LogMemory: Process Physical Memory: 102.14 MB used, 102.14 MB peak
[2019.04.05-22.28.30:730][  0]LogMemory: Process Virtual Memory: 96.06 MB used, 96.06 MB peak
[2019.04.05-22.28.30:730][  0]LogMemory: Physical Memory: 7163.82 MB used,  9177.92 MB free, 16341.74 MB total
[2019.04.05-22.28.30:730][  0]LogMemory: Virtual Memory: 566.60 MB used,  9177.92 MB free, 134217728.00 MB total
[2019.04.05-22.28.30:760][  0]LogInit: Using OS detected language (en-US).
[2019.04.05-22.28.30:760][  0]LogInit: Using OS detected locale (en-US).
[2019.04.05-22.28.30:761][  0]LogTextLocalizationManager: No specific localization for 'en-US' exists, so the 'en' localization will be used.
[2019.04.05-22.28.31:200][  0]LogStreaming: Display: Took  0.441s to InitEngineTextLocalization.
[2019.04.05-22.28.31:227][  0]LogSlate: New Slate User Created.  User Index 0, Is Virtual User: 0
[2019.04.05-22.28.31:227][  0]LogSlate: Slate User Registered.  User Index 0, Is Virtual User: 0
[2019.04.05-22.28.31:237][  0]LogHMD: Failed to initialize OpenVR with code 110
[2019.04.05-22.28.31:237][  0]LogD3D11RHI: D3D11 adapters:
[2019.04.05-22.28.31:303][  0]LogD3D11RHI:    0. 'NVIDIA Quadro K4000' (Feature Level 11_0)
[2019.04.05-22.28.31:303][  0]LogD3D11RHI:       3029/0/8170 MB DedicatedVideo/DedicatedSystem/SharedSystem, Outputs:2, VendorId:0x10de
[2019.04.05-22.28.31:305][  0]LogD3D11RHI:    1. 'Microsoft Basic Render Driver' (Feature Level 11_0)
[2019.04.05-22.28.31:305][  0]LogD3D11RHI:       0/0/8170 MB DedicatedVideo/DedicatedSystem/SharedSystem, Outputs:0, VendorId:0x1414
[2019.04.05-22.28.31:305][  0]LogD3D11RHI: Chosen D3D11 Adapter: 0
[2019.04.05-22.28.31:312][  0]LogD3D11RHI: Creating new Direct3DDevice
[2019.04.05-22.28.31:313][  0]LogD3D11RHI:     GPU DeviceId: 0x11fa (for the marketing name, search the web for "GPU Device Id")
[2019.04.05-22.28.31:313][  0]LogWindows: EnumDisplayDevices:
[2019.04.05-22.28.31:313][  0]LogWindows:    0. 'NVIDIA Quadro K4000' (P:1 D:1)
[2019.04.05-22.28.31:313][  0]LogWindows:    1. 'NVIDIA Quadro K4000' (P:0 D:1)
[2019.04.05-22.28.31:313][  0]LogWindows:    2. 'NVIDIA Quadro K4000' (P:0 D:0)
[2019.04.05-22.28.31:313][  0]LogWindows:    3. 'NVIDIA Quadro K4000' (P:0 D:0)
[2019.04.05-22.28.31:313][  0]LogWindows: DebugString: FoundDriverCount:4 
[2019.04.05-22.28.31:313][  0]LogD3D11RHI:     Adapter Name: NVIDIA Quadro K4000
[2019.04.05-22.28.31:313][  0]LogD3D11RHI:   Driver Version: 397.93 (internal:24.21.13.9793, unified:397.93)
[2019.04.05-22.28.31:313][  0]LogD3D11RHI:      Driver Date: 5-22-2018
[2019.04.05-22.28.31:313][  0]LogRHI: Texture pool is 2120 MB (70% of 3029 MB)
[2019.04.05-22.28.31:360][  0]LogD3D11RHI: Async texture creation enabled
[2019.04.05-22.28.31:393][  0]LogD3D11RHI: GPU Timing Frequency: 1000.000000 (Debug: 2 2)
[2019.04.05-22.28.31:396][  0]LogShaderCompilers: Guid format shader working directory is -33 characters bigger than the processId version (../../../../../../Users/brownr55/Desktop/dinochan/Dinochan/Dinochan_v001_UE4.20.3/Intermediate/Shaders/WorkingDirectory/15860/).
[2019.04.05-22.28.31:396][  0]LogShaderCompilers: Cleaned the shader compiler working directory 'C:/Users/brownr55/AppData/Local/Temp/UnrealShaderWorkingDir/A668C87A4697489F10A7459B66182393/'.
[2019.04.05-22.28.31:606][  0]LogTemp: Display: Loaded TP WindowsClientTargetPlatform
[2019.04.05-22.28.31:622][  0]LogTemp: Display: Loaded TP WindowsNoEditorTargetPlatform
[2019.04.05-22.28.31:638][  0]LogTemp: Display: Loaded TP WindowsServerTargetPlatform
[2019.04.05-22.28.31:655][  0]LogTemp: Display: Loaded TP WindowsTargetPlatform
[2019.04.05-22.28.31:655][  0]LogTargetPlatformManager: Display: Building Assets For Windows
[2019.04.05-22.28.31:718][  0]LogXGEController: Cannot use XGE Controller as Incredibuild is not installed on this machine.
[2019.04.05-22.28.31:718][  0]LogShaderCompilers: Cannot use XGE Shader Compiler as Incredibuild is not installed on this machine.
[2019.04.05-22.28.31:718][  0]LogShaderCompilers: Display: Using Local Shader Compiler.
[2019.04.05-22.28.32:660][  0]LogDerivedDataCache: Display: Max Cache Size: 512 MB
[2019.04.05-22.28.32:729][  0]LogDerivedDataCache: Loaded boot cache 0.07s 87MB C:/Users/brownr55/AppData/Local/UnrealEngine/4.20/DerivedDataCache/Boot.ddc.
[2019.04.05-22.28.32:729][  0]LogDerivedDataCache: Display: Loaded Boot cache: C:/Users/brownr55/AppData/Local/UnrealEngine/4.20/DerivedDataCache/Boot.ddc
[2019.04.05-22.28.32:729][  0]LogDerivedDataCache: FDerivedDataBackendGraph:  Pak pak cache file ../../../../../../Users/brownr55/Desktop/dinochan/Dinochan/Dinochan_v001_UE4.20.3/DerivedDataCache/DDC.ddp not found, will not use a pak cache.
[2019.04.05-22.28.32:729][  0]LogDerivedDataCache: Unable to find inner node Pak for hierarchical cache Hierarchy.
[2019.04.05-22.28.32:729][  0]LogDerivedDataCache: FDerivedDataBackendGraph:  CompressedPak pak cache file ../../../../../../Users/brownr55/Desktop/dinochan/Dinochan/Dinochan_v001_UE4.20.3/DerivedDataCache/Compressed.ddp not found, will not use a pak cache.
[2019.04.05-22.28.32:729][  0]LogDerivedDataCache: Unable to find inner node CompressedPak for hierarchical cache Hierarchy.
[2019.04.05-22.28.32:747][  0]LogDerivedDataCache: Display: Pak cache opened for reading ../../../Engine/DerivedDataCache/Compressed.ddp.
[2019.04.05-22.28.32:759][  0]LogDerivedDataCache: Using Local data cache path C:/Users/brownr55/AppData/Local/UnrealEngine/Common/DerivedDataCache: Writable
[2019.04.05-22.28.32:759][  0]LogDerivedDataCache: Shared data cache path not found in *engine.ini, will not use an Shared cache.
[2019.04.05-22.28.32:759][  0]LogDerivedDataCache: Unable to find inner node Shared for hierarchical cache Hierarchy.
[2019.04.05-22.28.32:782][  0]LogMaterial: Verifying Global Shaders for PCD3D_SM5
[2019.04.05-22.28.32:783][  0]LogSlate: Using FreeType 2.6.0
[2019.04.05-22.28.32:784][  0]LogSlate: SlateFontServices - WITH_FREETYPE: 1, WITH_HARFBUZZ: 1
[2019.04.05-22.28.32:851][  0]LogInit: Using OS detected language (en-US).
[2019.04.05-22.28.32:851][  0]LogInit: Using OS detected locale (en-US).
[2019.04.05-22.28.32:851][  0]LogTextLocalizationManager: No localization for 'en-US' exists, so 'en' will be used for the language.
[2019.04.05-22.28.32:851][  0]LogTextLocalizationManager: No localization for 'en-US' exists, so 'en' will be used for the locale.
[2019.04.05-22.28.33:202][  0]LogStreaming: Display: Took  0.350s to InitGameTextLocalization.
[2019.04.05-22.28.33:211][  0]LogAssetRegistry: FAssetRegistry took 0.0051 seconds to start up
[2019.04.05-22.28.33:481][  0]LogPackageLocalizationCache: Processed 11 localized package path(s) for 1 prioritized culture(s) in 0.014917 seconds
[2019.04.05-22.28.33:693][  0]LogInit: Selected Device Profile: [Windows]
[2019.04.05-22.28.33:858][  0]LogSimplygon: Simplygon DLL not present - disabling.
[2019.04.05-22.28.33:863][  0]LogMeshReduction: Using SimplygonSwarm for distributed automatic mesh merging
[2019.04.05-22.28.33:863][  0]LogMeshReduction: Using ProxyLODMeshReduction for automatic mesh merging
[2019.04.05-22.28.33:863][  0]LogMeshReduction: Using QuadricMeshReduction for automatic static mesh reduction
[2019.04.05-22.28.33:863][  0]LogMeshReduction: No automatic skeletal mesh reduction module available
[2019.04.05-22.28.33:886][  0]LogNetVersion: Dinochan_v001 1.0.0, NetCL: 4212847, EngineNetVer: 5, GameNetVer: 0 (Checksum: 2574802920)
[2019.04.05-22.28.34:413][  0]LogMoviePlayer: Initializing movie player
[2019.04.05-22.28.34:638][  0]LogTcpMessaging: Initializing TcpMessaging bridge
[2019.04.05-22.28.34:650][  0]LogUdpMessaging: Initializing bridge on interface 0.0.0.0:0 to multicast group 230.0.0.1:6666.
[2019.04.05-22.28.34:739][  0]SourceControl: Source control is disabled
[2019.04.05-22.28.34:740][  0]SourceControl: Source control is disabled
[2019.04.05-22.28.34:741][  0]SourceControl: Source control is disabled
[2019.04.05-22.28.34:875][  0]LogAndroidPermission: UAndroidPermissionCallbackProxy::GetInstance
[2019.04.05-22.28.34:985][  0]LogOcInput: OculusInput pre-init called
[2019.04.05-22.28.35:000][  0]LogUObjectArray: 42168 objects as part of root set at end of initial load.
[2019.04.05-22.28.35:001][  0]LogUObjectAllocator: 7432344 out of 0 bytes used by permanent object pool.
[2019.04.05-22.28.35:001][  0]LogUObjectArray: CloseDisregardForGC: 0/0 objects in disregard for GC pool
[2019.04.05-22.28.35:065][  0]LogEngine: Initializing Engine...
[2019.04.05-22.28.35:066][  0]LogHMD: Failed to initialize OpenVR with code 110
[2019.04.05-22.28.35:079][  0]LogStats: UGameplayTagsManager::ConstructGameplayTagTree: ImportINI prefixes -  0.000 s
[2019.04.05-22.28.35:079][  0]LogStats: UGameplayTagsManager::ConstructGameplayTagTree: Construct from data asset -  0.000 s
[2019.04.05-22.28.35:079][  0]LogStats: UGameplayTagsManager::ConstructGameplayTagTree: ImportINI -  0.000 s
[2019.04.05-22.28.35:079][  0]LogStats: UGameplayTagsManager::ConstructGameplayTagTree: GameplayTagTreeChangedEvent.Broadcast -  0.000 s
[2019.04.05-22.28.35:273][  0]LogInit: Initializing FReadOnlyCVARCache
[2019.04.05-22.28.35:273][  0]LogNetVersion: Set ProjectVersion to 1.0.0.0. Version Checksum will be recalculated on next use.
[2019.04.05-22.28.35:273][  0]LogInit: Texture streaming: Enabled
[2019.04.05-22.28.35:427][  0]LogSlate: Updating window title bar state: overlay mode, drag disabled, window buttons hidden, title bar hidden
[2019.04.05-22.28.35:427][  0]LogInit: Display: Game Engine Initialized.
[2019.04.05-22.28.35:427][  0]LogGameplayTags: Display: UGameplayTagsManager::DoneAddingNativeTags. DelegateIsBound: 0
[2019.04.05-22.28.35:428][  0]LogStats: UGameplayTagsManager::ConstructGameplayTagTree: ImportINI prefixes -  0.000 s
[2019.04.05-22.28.35:428][  0]LogStats: UGameplayTagsManager::ConstructGameplayTagTree: Construct from data asset -  0.000 s
[2019.04.05-22.28.35:428][  0]LogStats: UGameplayTagsManager::ConstructGameplayTagTree: ImportINI -  0.000 s
[2019.04.05-22.28.35:428][  0]LogStats: UGameplayTagsManager::ConstructGameplayTagTree: GameplayTagTreeChangedEvent.Broadcast -  0.000 s
[2019.04.05-22.28.35:445][  0]LogInit: Display: Starting Game.
[2019.04.05-22.28.35:445][  0]LogNet: Browse: /Game/_Maps/RubenLevel/Rueben_Dev?Name=Player
[2019.04.05-22.28.35:445][  0]LogLoad: LoadMap: /Game/_Maps/RubenLevel/Rueben_Dev?Name=Player
[2019.04.05-22.28.36:050][  0]LogAIModule: Creating AISystem for world Rueben_Dev
[2019.04.05-22.28.36:062][  0]LogLoad: Game class is 'ThirdPersonGameMode_C'
[2019.04.05-22.28.36:081][  0]LogWorld: Bringing World /Game/_Maps/RubenLevel/Rueben_Dev.Rueben_Dev up for play (max tick rate 0) at 2019.04.05-18.28.36
[2019.04.05-22.28.36:082][  0]LogWorld: Bringing up level for play took: 0.018774
[2019.04.05-22.28.36:088][  0]LogBlueprintUserMessages: [ThirdPersonCharacter_C_0] Translation: X=-2830.000 Y=3810.000 Z=981.860 Rotation: P=0.000000 Y=-90.000114 R=0.000000 Scale X=1.000 Y=1.000 Z=1.000
[2019.04.05-22.28.36:089][  0]LogLoad: Took 0.642980 seconds to LoadMap(/Game/_Maps/RubenLevel/Rueben_Dev)
[2019.04.05-22.28.36:179][  0]LogRenderer: Reallocating scene render targets to support 1280x720 Format 10 NumSamples 1 (Frame:1).
[2019.04.05-22.28.36:179][  0]LogLoad: (Engine Initialization) Total time: 7.56 seconds
[2019.04.05-22.28.36:179][  0]LogLoad: (Engine Initialization) Total Blueprint compile time: 0.00 seconds
[2019.04.05-22.28.36:197][  0]LogWindowsTextInputMethodSystem: Display: IME system now deactivated.
[2019.04.05-22.28.36:202][  0]LogContentStreaming: Texture pool size now 3000 MB
[2019.04.05-22.28.39:100][168]LogBlueprintUserMessages: [ThirdPersonCharacter_C_0] Translation: X=-2594.156 Y=3986.264 Z=981.860 Rotation: P=0.000000 Y=-76.870766 R=0.000000 Scale X=1.000 Y=1.000 Z=1.000
[2019.04.05-22.28.42:668][389]LogBlueprintUserMessages: [ThirdPersonCharacter_C_0] Translation: X=-2594.156 Y=3986.264 Z=981.860 Rotation: P=0.000000 Y=-76.870766 R=0.000000 Scale X=1.000 Y=1.000 Z=1.000
[2019.04.05-22.28.48:004][691]LogBlueprintUserMessages: [ThirdPersonCharacter_C_0] Translation: X=-3150.014 Y=3932.543 Z=981.860 Rotation: P=0.000000 Y=-90.416435 R=0.000000 Scale X=1.000 Y=1.000 Z=1.000
[2019.04.05-22.28.48:779][739]LogBlueprintUserMessages: [ThirdPersonCharacter_C_0] Translation: X=-3150.014 Y=3932.543 Z=981.860 Rotation: P=0.000000 Y=-90.416435 R=0.000000 Scale X=1.000 Y=1.000 Z=1.000
[2019.04.05-22.28.55:742][143]LogBlueprintUserMessages: [ThirdPersonCharacter_C_0] Translation: X=-2960.968 Y=4003.510 Z=981.860 Rotation: P=0.000000 Y=101.499565 R=0.000000 Scale X=1.000 Y=1.000 Z=1.000
[2019.04.05-22.28.56:564][194]LogBlueprintUserMessages: [ThirdPersonCharacter_C_0] Translation: X=-2960.968 Y=4003.510 Z=981.860 Rotation: P=0.000000 Y=101.499565 R=0.000000 Scale X=1.000 Y=1.000 Z=1.000
[2019.04.05-22.28.58:648][323]LogBlueprintUserMessages: [ThirdPersonCharacter_C_0] Translation: X=-2960.968 Y=4003.510 Z=981.860 Rotation: P=0.000000 Y=101.499565 R=0.000000 Scale X=1.000 Y=1.000 Z=1.000
[2019.04.05-22.29.00:150][416]LogBlueprintUserMessages: [ThirdPersonCharacter_C_0] Translation: X=-2960.968 Y=4003.510 Z=981.860 Rotation: P=0.000000 Y=101.499565 R=0.000000 Scale X=1.000 Y=1.000 Z=1.000
[2019.04.05-22.29.09:575][998]LogBlueprintUserMessages: [ThirdPersonCharacter_C_0] Translation: X=-2690.936 Y=3817.898 Z=981.797 Rotation: P=0.000000 Y=-56.819897 R=0.000000 Scale X=1.000 Y=1.000 Z=1.000
[2019.04.05-22.29.09:995][ 24]LogBlueprintUserMessages: [ThirdPersonCharacter_C_0] Translation: X=-2690.936 Y=3817.898 Z=981.797 Rotation: P=0.000000 Y=-56.819897 R=0.000000 Scale X=1.000 Y=1.000 Z=1.000
[2019.04.05-22.29.12:378][171]LogBlueprintUserMessages: [ThirdPersonCharacter_C_0] Translation: X=-2106.642 Y=3239.397 Z=981.797 Rotation: P=0.000000 Y=-46.077347 R=0.000000 Scale X=1.000 Y=1.000 Z=1.000
[2019.04.05-22.29.13:330][230]LogBlueprintUserMessages: [ThirdPersonCharacter_C_0] Translation: X=-2106.642 Y=3239.397 Z=981.797 Rotation: P=0.000000 Y=-46.077347 R=0.000000 Scale X=1.000 Y=1.000 Z=1.000
[2019.04.05-22.29.22:753][813]LogBlueprintUserMessages: [ThirdPersonCharacter_C_0] Translation: X=-3321.370 Y=3729.162 Z=981.894 Rotation: P=0.000000 Y=-44.238529 R=0.000000 Scale X=1.000 Y=1.000 Z=1.000
[2019.04.05-22.29.26:585][ 43]LogSlate: Window 'Dinochan_v001 (64-bit Development PCD3D_SM5) ' being destroyed
[2019.04.05-22.29.26:585][ 43]LogWindowsTextInputMethodSystem: Display: IME system now deactivated.
[2019.04.05-22.29.26:592][ 43]LogSlate: Updating window title bar state: overlay mode, drag disabled, window buttons hidden, title bar hidden
[2019.04.05-22.29.26:592][ 43]LogEngine: All Windows Closed
[2019.04.05-22.29.26:592][ 43]LogWindows: FPlatformMisc::RequestExit(0)
[2019.04.05-22.29.27:152][ 44]LogExit: Preparing to exit.
[2019.04.05-22.29.27:152][ 44]LogMoviePlayer: Shutting down movie player
[2019.04.05-22.29.27:768][ 44]LogSlate: Updating window title bar state: overlay mode, drag disabled, window buttons hidden, title bar hidden
[2019.04.05-22.29.27:784][ 44]LogExit: Game engine shut down
[2019.04.05-22.29.27:905][ 44]LogExit: Object subsystem successfully closed.
[2019.04.05-22.29.27:923][ 44]LogShaderCompilers: Display: Shaders left to compile 0
[2019.04.05-22.29.27:926][ 44]LogD3D11RHI: Shutdown
[2019.04.05-22.29.27:926][ 44]LogD3D11RHI: CleanupD3DDevice
[2019.04.05-22.29.27:928][ 44]LogD3D11RHI: ~FD3D11DynamicRHI
[2019.04.05-22.29.27:945][ 44]LogModuleManager: Shutting down and abandoning module SequenceRecorderSections (376)
[2019.04.05-22.29.27:945][ 44]LogModuleManager: Shutting down and abandoning module SequenceRecorder (374)
[2019.04.05-22.29.27:945][ 44]LogModuleManager: Shutting down and abandoning module AutomationController (372)
[2019.04.05-22.29.27:945][ 44]LogModuleManager: Shutting down and abandoning module AutomationWorker (370)
[2019.04.05-22.29.27:945][ 44]LogModuleManager: Shutting down and abandoning module Voice (368)
[2019.04.05-22.29.27:945][ 44]LogModuleManager: Shutting down and abandoning module AIModule (366)
[2019.04.05-22.29.27:945][ 44]LogModuleManager: Shutting down and abandoning module GameplayDebugger (365)
[2019.04.05-22.29.27:945][ 44]LogModuleManager: Shutting down and abandoning module AITestSuite (363)
[2019.04.05-22.29.27:945][ 44]LogModuleManager: Shutting down and abandoning module NavigationSystem (361)
[2019.04.05-22.29.27:945][ 44]LogModuleManager: Shutting down and abandoning module WmfMediaFactory (358)
[2019.04.05-22.29.27:945][ 44]LogModuleManager: Shutting down and abandoning module OpenExrWrapper (356)
[2019.04.05-22.29.27:945][ 44]LogModuleManager: Shutting down and abandoning module ImgMediaFactory (354)
[2019.04.05-22.29.27:945][ 44]LogModuleManager: Shutting down and abandoning module AvfMediaFactory (352)
[2019.04.05-22.29.27:945][ 44]LogModuleManager: Shutting down and abandoning module MagicLeapCameraPreviewFactory (350)
[2019.04.05-22.29.27:945][ 44]LogModuleManager: Shutting down and abandoning module MagicLeapMediaFactory (348)
[2019.04.05-22.29.27:945][ 44]LogModuleManager: Shutting down and abandoning module CharacterAI (346)
[2019.04.05-22.29.27:945][ 44]LogModuleManager: Shutting down and abandoning module SessionServices (344)
[2019.04.05-22.29.27:945][ 44]LogModuleManager: Shutting down and abandoning module MovieSceneCapture (342)
[2019.04.05-22.29.27:945][ 44]LogModuleManager: Shutting down and abandoning module MovieSceneTracks (340)
[2019.04.05-22.29.27:945][ 44]LogModuleManager: Shutting down and abandoning module MovieScene (338)
[2019.04.05-22.29.27:945][ 44]LogModuleManager: Shutting down and abandoning module StreamingPauseRendering (336)
[2019.04.05-22.29.27:945][ 44]LogModuleManager: Shutting down and abandoning module PortalServices (334)
[2019.04.05-22.29.27:945][ 44]LogModuleManager: Shutting down and abandoning module PortalRpc (332)
[2019.04.05-22.29.27:945][ 44]LogModuleManager: Shutting down and abandoning module MessagingRpc (330)
[2019.04.05-22.29.27:946][ 44]LogModuleManager: Shutting down and abandoning module ProfilerService (328)
[2019.04.05-22.29.28:147][ 44]LogModuleManager: Shutting down and abandoning module TaskGraph (326)
[2019.04.05-22.29.28:147][ 44]LogModuleManager: Shutting down and abandoning module SteamVRController (324)
[2019.04.05-22.29.28:147][ 44]LogModuleManager: Shutting down and abandoning module ProceduralMeshComponent (322)
[2019.04.05-22.29.28:147][ 44]LogModuleManager: Shutting down and abandoning module OculusInput (320)
[2019.04.05-22.29.28:147][ 44]LogModuleManager: Shutting down and abandoning module MobilePatchingUtils (318)
[2019.04.05-22.29.28:147][ 44]LogModuleManager: Shutting down and abandoning module EditableMesh (316)
[2019.04.05-22.29.28:147][ 44]LogModuleManager: Shutting down and abandoning module CustomMeshComponent (314)
[2019.04.05-22.29.28:147][ 44]LogModuleManager: Shutting down and abandoning module CableComponent (312)
[2019.04.05-22.29.28:147][ 44]LogModuleManager: Shutting down and abandoning module AudioCapture (310)
[2019.04.05-22.29.28:147][ 44]LogModuleManager: Shutting down and abandoning module ArchVisCharacter (308)
[2019.04.05-22.29.28:147][ 44]LogModuleManager: Shutting down and abandoning module AndroidPermission (306)
[2019.04.05-22.29.28:147][ 44]LogModuleManager: Shutting down and abandoning module NUTUnrealEngine4 (304)
[2019.04.05-22.29.28:147][ 44]LogModuleManager: Shutting down and abandoning module NetcodeUnitTest (302)
[2019.04.05-22.29.28:147][ 44]LogModuleManager: Shutting down and abandoning module MediaCompositing (300)
[2019.04.05-22.29.28:147][ 44]LogModuleManager: Shutting down and abandoning module LinearTimecode (298)
[2019.04.05-22.29.28:147][ 44]LogModuleManager: Shutting down and abandoning module ImgMedia (296)
[2019.04.05-22.29.28:153][ 44]LogModuleManager: Shutting down and abandoning module HTML5Networking (294)
[2019.04.05-22.29.28:153][ 44]LogModuleManager: Shutting down and abandoning module GeometryCacheTracks (292)
[2019.04.05-22.29.28:154][ 44]LogModuleManager: Shutting down and abandoning module GeometryCacheSequencer (291)
[2019.04.05-22.29.28:154][ 44]LogModuleManager: Shutting down and abandoning module GeometryCache (288)
[2019.04.05-22.29.28:154][ 44]LogModuleManager: Shutting down and abandoning module GeometryCacheEd (287)
[2019.04.05-22.29.28:154][ 44]LogModuleManager: Shutting down and abandoning module BackChannel (284)
[2019.04.05-22.29.28:154][ 44]LogModuleManager: Shutting down and abandoning module AppleVision (282)
[2019.04.05-22.29.28:154][ 44]LogModuleManager: Shutting down and abandoning module AppleImageUtils (280)
[2019.04.05-22.29.28:154][ 44]LogModuleManager: Shutting down and abandoning module DatasmithContent (278)
[2019.04.05-22.29.28:156][ 44]LogModuleManager: Shutting down and abandoning module CryptoKeysOpenSSL (276)
[2019.04.05-22.29.28:157][ 44]LogModuleManager: Shutting down and abandoning module CryptoKeys (274)
[2019.04.05-22.29.28:157][ 44]LogModuleManager: Shutting down and abandoning module VisualStudioSourceCodeAccess (272)
[2019.04.05-22.29.28:157][ 44]LogModuleManager: Shutting down and abandoning module HotReload (271)
[2019.04.05-22.29.28:157][ 44]LogModuleManager: Shutting down and abandoning module DirectoryWatcher (270)
[2019.04.05-22.29.28:157][ 44]LogModuleManager: Shutting down and abandoning module VisualStudioCodeSourceCodeAccess (266)
[2019.04.05-22.29.28:157][ 44]LogModuleManager: Shutting down and abandoning module UObjectPlugin (264)
[2019.04.05-22.29.28:157][ 44]LogModuleManager: Shutting down and abandoning module SubversionSourceControl (262)
[2019.04.05-22.29.28:157][ 44]LogModuleManager: Shutting down and abandoning module PerforceSourceControl (260)
[2019.04.05-22.29.28:157][ 44]LogModuleManager: Shutting down and abandoning module SourceControl (259)
[2019.04.05-22.29.28:157][ 44]LogModuleManager: Shutting down and abandoning module CLionSourceCodeAccess (256)
[2019.04.05-22.29.28:158][ 44]LogModuleManager: Shutting down and abandoning module RuntimePhysXCooking (254)
[2019.04.05-22.29.28:158][ 44]LogModuleManager: Shutting down and abandoning module PhysXVehiclesEditor (252)
[2019.04.05-22.29.28:158][ 44]LogModuleManager: Shutting down and abandoning module PhysXVehicles (250)
[2019.04.05-22.29.28:158][ 44]LogModuleManager: Shutting down and abandoning module LocationServicesBPLibrary (248)
[2019.04.05-22.29.28:158][ 44]LogModuleManager: Shutting down and abandoning module ImmediatePhysicsEditor (246)
[2019.04.05-22.29.28:158][ 44]LogModuleManager: Shutting down and abandoning module ImmediatePhysics (244)
[2019.04.05-22.29.28:158][ 44]LogModuleManager: Shutting down and abandoning module ActorSequence (242)
[2019.04.05-22.29.28:158][ 44]LogModuleManager: Shutting down and abandoning module UdpMessaging (240)
[2019.04.05-22.29.28:259][ 44]LogModuleManager: Shutting down and abandoning module TcpMessaging (238)
[2019.04.05-22.29.28:723][ 44]LogModuleManager: Shutting down and abandoning module MagicLeapAudio (236)
[2019.04.05-22.29.28:723][ 44]LogModuleManager: Shutting down and abandoning module GameplayTagsEditor (234)
[2019.04.05-22.29.28:723][ 44]LogModuleManager: Shutting down and abandoning module FacialAnimation (232)
[2019.04.05-22.29.28:723][ 44]LogModuleManager: Shutting down and abandoning module DataValidation (230)
[2019.04.05-22.29.28:723][ 44]LogModuleManager: Shutting down and abandoning module AssetManagerEditor (228)
[2019.04.05-22.29.28:723][ 44]LogModuleManager: Shutting down and abandoning module TreeMap (227)
[2019.04.05-22.29.28:723][ 44]LogModuleManager: Shutting down and abandoning module LightPropagationVolumeRuntime (224)
[2019.04.05-22.29.28:723][ 44]LogModuleManager: Shutting down and abandoning module AISupportModule (222)
[2019.04.05-22.29.28:723][ 44]LogModuleManager: Shutting down and abandoning module Paper2D (220)
[2019.04.05-22.29.28:723][ 44]LogModuleManager: Shutting down and abandoning module PIEPreviewDeviceProfileSelector (218)
[2019.04.05-22.29.28:723][ 44]LogModuleManager: Shutting down and abandoning module WindowsMoviePlayer (216)
[2019.04.05-22.29.28:723][ 44]LogModuleManager: Shutting down and abandoning module WmfMedia (214)
[2019.04.05-22.29.28:724][ 44]LogModuleManager: Shutting down and abandoning module Media (213)
[2019.04.05-22.29.28:730][ 44]LogModuleManager: Shutting down and abandoning module PacketHandler (210)
[2019.04.05-22.29.28:730][ 44]LogModuleManager: Shutting down and abandoning module ClothingSystemEditor (208)
[2019.04.05-22.29.28:730][ 44]LogModuleManager: Shutting down and abandoning module ClothingSystemRuntime (206)
[2019.04.05-22.29.28:730][ 44]LogModuleManager: Shutting down and abandoning module MediaAssets (204)
[2019.04.05-22.29.28:730][ 44]LogModuleManager: Shutting down and abandoning module Overlay (202)
[2019.04.05-22.29.28:730][ 44]LogModuleManager: Shutting down and abandoning module OverlayEditor (201)
[2019.04.05-22.29.28:730][ 44]LogModuleManager: Shutting down and abandoning module VREditor (198)
[2019.04.05-22.29.28:730][ 44]LogModuleManager: Shutting down and abandoning module StringTableEditor (196)
[2019.04.05-22.29.28:730][ 44]LogModuleManager: Shutting down and abandoning module GameplayTasksEditor (194)
[2019.04.05-22.29.28:730][ 44]LogModuleManager: Shutting down and abandoning module BehaviorTreeEditor (192)
[2019.04.05-22.29.28:730][ 44]LogModuleManager: Shutting down and abandoning module FunctionalTesting (190)
[2019.04.05-22.29.28:730][ 44]LogModuleManager: Shutting down and abandoning module CollisionAnalyzer (188)
[2019.04.05-22.29.28:730][ 44]LogModuleManager: Shutting down and abandoning module WorkspaceMenuStructure (187)
[2019.04.05-22.29.28:730][ 44]LogModuleManager: Shutting down and abandoning module UMG (184)
[2019.04.05-22.29.28:730][ 44]LogModuleManager: Shutting down and abandoning module UMGEditor (183)
[2019.04.05-22.29.28:730][ 44]LogModuleManager: Shutting down and abandoning module Sequencer (182)
[2019.04.05-22.29.28:730][ 44]LogModuleManager: Shutting down and abandoning module MessageLog (179)
[2019.04.05-22.29.28:730][ 44]LogModuleManager: Shutting down and abandoning module SlateReflector (174)
[2019.04.05-22.29.28:730][ 44]LogModuleManager: Shutting down and abandoning module Slate (172)
[2019.04.05-22.29.28:730][ 44]LogModuleManager: Shutting down and abandoning module EditorStyle (170)
[2019.04.05-22.29.28:731][ 44]LogModuleManager: Shutting down and abandoning module MRMesh (168)
[2019.04.05-22.29.28:731][ 44]LogModuleManager: Shutting down and abandoning module Messaging (166)
[2019.04.05-22.29.28:731][ 44]LogModuleManager: Shutting down and abandoning module SourceCodeAccess (164)
[2019.04.05-22.29.28:731][ 44]LogModuleManager: Shutting down and abandoning module HeadMountedDisplay (162)
[2019.04.05-22.29.28:732][ 44]LogModuleManager: Shutting down and abandoning module XAudio2 (160)
[2019.04.05-22.29.28:732][ 44]LogModuleManager: Shutting down and abandoning module Networking (158)
[2019.04.05-22.29.28:732][ 44]LogModuleManager: Shutting down and abandoning module Core (156)
[2019.04.05-22.29.28:732][ 44]LogModuleManager: Shutting down and abandoning module LevelSequence (154)
[2019.04.05-22.29.28:732][ 44]LogModuleManager: Shutting down and abandoning module KismetCompiler (152)
[2019.04.05-22.29.28:732][ 44]LogModuleManager: Shutting down and abandoning module MeshUtilities (150)
[2019.04.05-22.29.28:732][ 44]LogModuleManager: Shutting down and abandoning module MeshMergeUtilities (149)
[2019.04.05-22.29.28:732][ 44]LogModuleManager: Shutting down and abandoning module MeshReductionInterface (148)
[2019.04.05-22.29.28:732][ 44]LogModuleManager: Shutting down and abandoning module SimplygonSwarm (147)
[2019.04.05-22.29.28:732][ 44]LogModuleManager: Shutting down and abandoning module ProxyLODMeshReduction (145)
[2019.04.05-22.29.28:732][ 44]LogModuleManager: Shutting down and abandoning module SimplygonMeshReduction (143)
[2019.04.05-22.29.28:732][ 44]LogModuleManager: Shutting down and abandoning module QuadricMeshReduction (141)
[2019.04.05-22.29.28:732][ 44]LogModuleManager: Shutting down and abandoning module MaterialBaking (137)
[2019.04.05-22.29.28:732][ 44]LogModuleManager: Shutting down and abandoning module DerivedDataCache (132)
[2019.04.05-22.29.28:854][ 44]LogDerivedDataCache: Shutdown
[2019.04.05-22.29.28:854][ 44]LogModuleManager: Shutting down and abandoning module XGEController (130)
[2019.04.05-22.29.28:854][ 44]LogModuleManager: Shutting down and abandoning module TargetPlatform (128)
[2019.04.05-22.29.28:854][ 44]LogModuleManager: Shutting down and abandoning module VulkanShaderFormat (127)
[2019.04.05-22.29.28:854][ 44]LogModuleManager: Shutting down and abandoning module ShaderFormatVectorVM (125)
[2019.04.05-22.29.28:854][ 44]LogModuleManager: Shutting down and abandoning module ShaderFormatOpenGL (123)
[2019.04.05-22.29.28:854][ 44]LogModuleManager: Shutting down and abandoning module ShaderFormatD3D (121)
[2019.04.05-22.29.28:854][ 44]LogModuleManager: Shutting down and abandoning module MetalShaderFormat (119)
[2019.04.05-22.29.28:854][ 44]LogModuleManager: Shutting down and abandoning module TextureFormatUncompressed (117)
[2019.04.05-22.29.28:854][ 44]LogModuleManager: Shutting down and abandoning module TextureFormatPVR (115)
[2019.04.05-22.29.28:854][ 44]LogModuleManager: Shutting down and abandoning module TextureFormatDXT (113)
[2019.04.05-22.29.28:854][ 44]LogModuleManager: Shutting down and abandoning module TextureFormatIntelISPCTexComp (111)
[2019.04.05-22.29.28:854][ 44]LogModuleManager: Shutting down and abandoning module TextureFormatASTC (109)
[2019.04.05-22.29.28:854][ 44]LogModuleManager: Shutting down and abandoning module ImageWrapper (108)
[2019.04.05-22.29.28:854][ 44]LogModuleManager: Shutting down and abandoning module TextureFormatAndroid (105)
[2019.04.05-22.29.28:854][ 44]LogModuleManager: Shutting down and abandoning module AudioFormatOpus (103)
[2019.04.05-22.29.28:855][ 44]LogModuleManager: Shutting down and abandoning module AudioFormatOgg (101)
[2019.04.05-22.29.28:855][ 44]LogModuleManager: Shutting down and abandoning module AudioFormatADPCM (99)
[2019.04.05-22.29.28:855][ 44]LogModuleManager: Shutting down and abandoning module WindowsTargetPlatform (97)
[2019.04.05-22.29.28:855][ 44]LogModuleManager: Shutting down and abandoning module WindowsServerTargetPlatform (95)
[2019.04.05-22.29.28:855][ 44]LogModuleManager: Shutting down and abandoning module WindowsNoEditorTargetPlatform (93)
[2019.04.05-22.29.28:855][ 44]LogModuleManager: Shutting down and abandoning module WindowsClientTargetPlatform (91)
[2019.04.05-22.29.28:855][ 44]LogModuleManager: Shutting down and abandoning module InputCore (88)
[2019.04.05-22.29.28:855][ 44]LogModuleManager: Shutting down and abandoning module Settings (86)
[2019.04.05-22.29.28:855][ 44]LogModuleManager: Shutting down and abandoning module PhysXCooking (84)
[2019.04.05-22.29.28:855][ 44]LogModuleManager: Shutting down and abandoning module SteamVR (82)
[2019.04.05-22.29.28:855][ 44]LogModuleManager: Shutting down and abandoning module OculusHMD (80)
[2019.04.05-22.29.28:855][ 44]LogModuleManager: Shutting down and abandoning module ExampleDeviceProfileSelector (78)
[2019.04.05-22.29.28:855][ 44]LogModuleManager: Shutting down and abandoning module LauncherChunkInstaller (76)
[2019.04.05-22.29.28:855][ 44]LogModuleManager: Shutting down and abandoning module OnlineBlueprintSupport (74)
[2019.04.05-22.29.28:855][ 44]LogModuleManager: Shutting down and abandoning module OnlineSubsystem (70)
[2019.04.05-22.29.28:855][ 44]LogModuleManager: Shutting down and abandoning module XMPP (65)
[2019.04.05-22.29.28:855][ 44]LogModuleManager: Shutting down and abandoning module WebSockets (64)
[2019.04.05-22.29.28:865][ 44]LogModuleManager: Shutting down and abandoning module HTTP (61)
[2019.04.05-22.29.28:896][ 44]LogModuleManager: Shutting down and abandoning module SSL (60)
[2019.04.05-22.29.28:897][ 44]LogModuleManager: Shutting down and abandoning module MagicLeapEmulator (56)
[2019.04.05-22.29.28:897][ 44]LogModuleManager: Shutting down and abandoning module MagicLeapPrivileges (54)
[2019.04.05-22.29.28:897][ 44]LogModuleManager: Shutting down and abandoning module MagicLeapIdentity (52)
[2019.04.05-22.29.28:898][ 44]LogModuleManager: Shutting down and abandoning module MagicLeapHelperVulkan (50)
[2019.04.05-22.29.28:898][ 44]LogModuleManager: Shutting down and abandoning module MagicLeapHelperOpenGL (48)
[2019.04.05-22.29.28:898][ 44]LogModuleManager: Shutting down and abandoning module MagicLeapSecureStorage (46)
[2019.04.05-22.29.28:898][ 44]LogModuleManager: Shutting down and abandoning module MagicLeapGestures (44)
[2019.04.05-22.29.28:898][ 44]LogModuleManager: Shutting down and abandoning module MagicLeapEyeTracker (42)
[2019.04.05-22.29.28:898][ 44]LogModuleManager: Shutting down and abandoning module MagicLeapController (40)
[2019.04.05-22.29.28:898][ 44]LogSlate: Slate User Destroyed.  User Index 0, Is Virtual User: 0
[2019.04.05-22.29.28:898][ 44]LogModuleManager: Shutting down and abandoning module MagicLeap (38)
[2019.04.05-22.29.28:898][ 44]LogModuleManager: Shutting down and abandoning module AnimationModifiers (36)
[2019.04.05-22.29.28:898][ 44]LogModuleManager: Shutting down and abandoning module PropertyEditor (35)
[2019.04.05-22.29.28:898][ 44]LogModuleManager: Shutting down and abandoning module AudioEditor (32)
[2019.04.05-22.29.28:898][ 44]LogModuleManager: Shutting down and abandoning module TextureCompressor (30)
[2019.04.05-22.29.28:898][ 44]LogModuleManager: Shutting down and abandoning module ShaderCore (28)
[2019.04.05-22.29.28:898][ 44]LogModuleManager: Shutting down and abandoning module Landscape (26)
[2019.04.05-22.29.28:898][ 44]LogModuleManager: Shutting down and abandoning module SlateRHIRenderer (24)
[2019.04.05-22.29.28:899][ 44]LogModuleManager: Shutting down and abandoning module OpenGLDrv (22)
[2019.04.05-22.29.28:899][ 44]LogModuleManager: Shutting down and abandoning module D3D11RHI (20)
[2019.04.05-22.29.28:899][ 44]LogModuleManager: Shutting down and abandoning module AnimGraphRuntime (18)
[2019.04.05-22.29.28:899][ 44]LogModuleManager: Shutting down and abandoning module Renderer (16)
[2019.04.05-22.29.28:899][ 44]LogModuleManager: Shutting down and abandoning module Engine (14)
[2019.04.05-22.29.28:899][ 44]LogModuleManager: Shutting down and abandoning module CoreUObject (12)
[2019.04.05-22.29.28:899][ 44]LogModuleManager: Shutting down and abandoning module NetworkFile (10)
[2019.04.05-22.29.28:899][ 44]LogModuleManager: Shutting down and abandoning module CookedIterativeFile (8)
[2019.04.05-22.29.28:899][ 44]LogModuleManager: Shutting down and abandoning module StreamingFile (6)
[2019.04.05-22.29.28:899][ 44]LogModuleManager: Shutting down and abandoning module SandboxFile (4)
[2019.04.05-22.29.28:899][ 44]LogModuleManager: Shutting down and abandoning module PakFile (2)
[2019.04.05-22.29.28:904][ 44]LogExit: Exiting.
[2019.04.05-22.29.28:910][ 44]Log file closed, 04/05/19 18:29:28
