Log file open, 04/14/19 22:57:34
LogWindows: Failed to load 'aqProf.dll' (GetLastError=126)
LogWindows: File 'aqProf.dll' does not exist
LogWindows: Failed to load 'VSPerf140.dll' (GetLastError=126)
LogWindows: File 'VSPerf140.dll' does not exist
LogWindows: Failed to load 'VtuneApi.dll' (GetLastError=126)
LogWindows: File 'VtuneApi.dll' does not exist
LogWindows: Failed to load 'VtuneApi32e.dll' (GetLastError=126)
LogWindows: File 'VtuneApi32e.dll' does not exist
LogInit: Display: Running engine for game: Dinochan_v001
LogPlatformFile: Not using cached read wrapper
LogTaskGraph: Started task graph with 5 named threads and 35 total threads with 3 sets of task threads.
LogStats: Stats thread started at 0.450815
LogD3D11RHI: Loaded GFSDK_Aftermath_Lib.x64.dll
LogICUInternationalization: Display: ICU TimeZone Detection - Raw Offset: -5:00, Platform Override: ''
LogPluginManager: Mounting plugin Paper2D
LogPluginManager: Mounting plugin AISupport
LogPluginManager: Mounting plugin LightPropagationVolume
LogPluginManager: Mounting plugin CLionSourceCodeAccess
LogPluginManager: Mounting plugin CodeLiteSourceCodeAccess
LogPluginManager: Mounting plugin GitSourceControl
LogPluginManager: Mounting plugin KDevelopSourceCodeAccess
LogPluginManager: Mounting plugin NullSourceCodeAccess
LogPluginManager: Mounting plugin PerforceSourceControl
LogPluginManager: Mounting plugin SubversionSourceControl
LogPluginManager: Mounting plugin UObjectPlugin
LogPluginManager: Mounting plugin VisualStudioCodeSourceCodeAccess
LogPluginManager: Mounting plugin VisualStudioSourceCodeAccess
LogPluginManager: Mounting plugin XCodeSourceCodeAccess
LogPluginManager: Mounting plugin AssetManagerEditor
LogPluginManager: Mounting plugin CryptoKeys
LogPluginManager: Mounting plugin DataValidation
LogPluginManager: Mounting plugin FacialAnimation
LogPluginManager: Mounting plugin GameplayTagsEditor
LogPluginManager: Mounting plugin MacGraphicsSwitching
LogPluginManager: Mounting plugin MeshEditor
LogPluginManager: Mounting plugin MobileLauncherProfileWizard
LogPluginManager: Mounting plugin PluginBrowser
LogPluginManager: Mounting plugin SpeedTreeImporter
LogPluginManager: Mounting plugin DatasmithContent
LogPluginManager: Mounting plugin AlembicImporter
LogPluginManager: Mounting plugin AppleImageUtils
LogPluginManager: Mounting plugin AppleVision
LogPluginManager: Mounting plugin BackChannel
LogPluginManager: Mounting plugin CharacterAI
LogPluginManager: Mounting plugin GeometryCache
LogPluginManager: Mounting plugin HTML5Networking
LogPluginManager: Mounting plugin ProxyLODPlugin
LogPluginManager: Mounting plugin MagicLeap
LogPluginManager: Mounting plugin MagicLeapEmulator
LogPluginManager: Mounting plugin MagicLeapMedia
LogPluginManager: Mounting plugin AndroidMedia
LogPluginManager: Mounting plugin AvfMedia
LogPluginManager: Mounting plugin ImgMedia
LogPluginManager: Mounting plugin LinearTimecode
LogPluginManager: Mounting plugin MediaCompositing
LogPluginManager: Mounting plugin MediaPlayerEditor
LogPluginManager: Mounting plugin WmfMedia
LogPluginManager: Mounting plugin TcpMessaging
LogPluginManager: Mounting plugin UdpMessaging
LogPluginManager: Mounting plugin ActorSequence
LogPluginManager: Mounting plugin LevelSequenceEditor
LogPluginManager: Mounting plugin MatineeToLevelSequence
LogPluginManager: Mounting plugin NetcodeUnitTest
LogPluginManager: Mounting plugin NUTUnrealEngine4
LogPluginManager: Mounting plugin OnlineSubsystemGooglePlay
LogPluginManager: Mounting plugin OnlineSubsystemIOS
LogPluginManager: Mounting plugin OnlineSubsystem
LogPluginManager: Mounting plugin OnlineSubsystemNull
LogPluginManager: Mounting plugin OnlineSubsystemUtils
LogPluginManager: Mounting plugin LauncherChunkInstaller
LogPluginManager: Mounting plugin AndroidDeviceProfileSelector
LogPluginManager: Mounting plugin AndroidMoviePlayer
LogPluginManager: Mounting plugin AndroidPermission
LogPluginManager: Mounting plugin AppleMoviePlayer
LogPluginManager: Mounting plugin ArchVisCharacter
LogPluginManager: Mounting plugin AudioCapture
LogPluginManager: Mounting plugin CableComponent
LogPluginManager: Mounting plugin CustomMeshComponent
LogPluginManager: Mounting plugin EditableMesh
LogPluginManager: Mounting plugin ExampleDeviceProfileSelector
LogPluginManager: Mounting plugin GoogleCloudMessaging
LogPluginManager: Mounting plugin ImmediatePhysics
LogPluginManager: Mounting plugin IOSDeviceProfileSelector
LogPluginManager: Mounting plugin LinuxDeviceProfileSelector
LogPluginManager: Mounting plugin LocationServicesBPLibrary
LogPluginManager: Mounting plugin MobilePatchingUtils
LogPluginManager: Mounting plugin OculusVR
LogPluginManager: Plugin shader directory ../../../Engine/Plugins/Runtime/Oculus/OculusVR/Shaders found
LogPluginManager: Mapping shader source directory ../../../Engine/Plugins/Runtime/Oculus/OculusVR/Shaders to virtual directory /Plugin/OculusVR
LogPluginManager: Mounting plugin PhysXVehicles
LogPluginManager: Mounting plugin ProceduralMeshComponent
LogPluginManager: Mounting plugin RuntimePhysXCooking
LogPluginManager: Mounting plugin SteamVR
LogPluginManager: Mounting plugin WindowsMoviePlayer
LogStreaming: Display: Took  0.079s to configure plugins.
LogInit: Using libcurl 7.55.1-DEV
LogInit:  - built for x86_64-pc-win32
LogInit:  - supports SSL with OpenSSL/1.0.2h
LogInit:  - supports HTTP deflate (compression) using libz 1.2.8
LogInit:  - other features:
LogInit:      CURL_VERSION_SSL
LogInit:      CURL_VERSION_LIBZ
LogInit:      CURL_VERSION_IPV6
LogInit:      CURL_VERSION_ASYNCHDNS
LogInit:      CURL_VERSION_LARGEFILE
LogInit:      CURL_VERSION_IDN
LogInit:  CurlRequestOptions (configurable via config and command line):
LogInit:  - bVerifyPeer = false  - Libcurl will NOT verify peer certificate
LogInit:  - bUseHttpProxy = false  - Libcurl will NOT use HTTP proxy
LogInit:  - bDontReuseConnections = false  - Libcurl will reuse connections
LogInit:  - CertBundlePath = nullptr  - Libcurl will use whatever was configured at build time.
LogInit:  - MaxHostConnections = 16  - Libcurl will limit the number of connections to a host
LogInit:  - LocalHostAddr = Default
LogInit:  - BufferSize = 65536
LogInit: WinSock: version 1.1 (2.2), MaxSocks=32767, MaxUdp=65467
LogInit: Build: ++UE4+Release-4.20-CL-4369336
LogInit: Engine Version: 4.20.3-4369336+++UE4+Release-4.20
LogInit: Compatible Engine Version: 4.20.0-4212847+++UE4+Release-4.20
LogInit: Net CL: 4212847
LogInit: OS: Windows 10 (), CPU: Intel(R) Core(TM) i7-6800K CPU @ 3.40GHz, GPU: NVIDIA GeForce GTX 1080
LogInit: Compiled (64-bit): Sep 17 2018 12:26:19
LogInit: Compiled with Visual C++: 19.13.26129.00
LogInit: Build Configuration: Development
LogInit: Branch Name: ++UE4+Release-4.20
LogInit: Command Line:  /Game/_Maps/DomLevel/Dom_Modelled_Greybox1 -game -PIEVIACONSOLE -ResX=1280 -ResY=720  -Multiprocess -messaging -SessionName="Play in Standalone Game" -nosound -windowed 
LogInit: Base Directory: D:/UE_4.20/Engine/Binaries/Win64/
LogInit: Installed Engine Build: 1
LogDevObjectVersion: Number of dev versions registered: 20
LogDevObjectVersion:   Dev-Blueprints (B0D832E4-1F89-4F0D-ACCF-7EB736FD4AA2): 10
LogDevObjectVersion:   Dev-Build (E1C64328-A22C-4D53-A36C-8E866417BD8C): 0
LogDevObjectVersion:   Dev-Core (375EC13C-06E4-48FB-B500-84F0262A717E): 2
LogDevObjectVersion:   Dev-Editor (E4B068ED-F494-42E9-A231-DA0B2E46BB41): 24
LogDevObjectVersion:   Dev-Framework (CFFC743F-43B0-4480-9391-14DF171D2073): 34
LogDevObjectVersion:   Dev-Mobile (B02B49B5-BB20-44E9-A304-32B752E40360): 2
LogDevObjectVersion:   Dev-Networking (A4E4105C-59A1-49B5-A7C5-40C4547EDFEE): 0
LogDevObjectVersion:   Dev-Online (39C831C9-5AE6-47DC-9A44-9C173E1C8E7C): 0
LogDevObjectVersion:   Dev-Physics (78F01B33-EBEA-4F98-B9B4-84EACCB95AA2): 0
LogDevObjectVersion:   Dev-Platform (6631380F-2D4D-43E0-8009-CF276956A95A): 0
LogDevObjectVersion:   Dev-Rendering (12F88B9F-8875-4AFC-A67C-D90C383ABD29): 26
LogDevObjectVersion:   Dev-Sequencer (7B5AE74C-D270-4C10-A958-57980B212A5A): 9
LogDevObjectVersion:   Dev-VR (D7296918-1DD6-4BDD-9DE2-64A83CC13884): 2
LogDevObjectVersion:   Dev-LoadTimes (C2A15278-BFE7-4AFE-6C17-90FF531DF755): 1
LogDevObjectVersion:   Private-Geometry (6EACA3D4-40EC-4CC1-B786-8BED09428FC5): 3
LogDevObjectVersion:   Dev-AnimPhys (29E575DD-E0A3-4627-9D10-D276232CDCEA): 17
LogDevObjectVersion:   Dev-ReflectionCapture (6B266CEC-1EC7-4B8F-A30B-E4D90942FC07): 1
LogDevObjectVersion:   Dev-Automation (0DF73D61-A23F-47EA-B727-89E90C41499A): 1
LogDevObjectVersion:   FortniteMain (601D1886-AC64-4F84-AA16-D3DE0DEAC7D6): 12
LogDevObjectVersion:   Dev-Enterprise (9DFFBCD6-494F-0158-E221-12823C92A888): 1
LogStreaming: Display: Took  0.020s to delete old logs.
LogInit: Presizing for max 8388607 objects, including 0 objects not considered by GC, pre-allocating 0 bytes for permanent pool.
LogInit: Object subsystem initialized
[2019.04.15-02.57.35:010][  0]LogInit: Selected Device Profile: [Windows]
[2019.04.15-02.57.35:010][  0]LogInit: Applying CVar settings loaded from the selected device profile: [Windows]
[2019.04.15-02.57.35:014][  0]LogHAL: Display: Platform has ~ 32 GB [34266337280 / 34359738368 / 32], which maps to Largest [LargestMinGB=32, LargerMinGB=12, DefaultMinGB=8, SmallerMinGB=6, SmallestMinGB=0)
[2019.04.15-02.57.35:014][  0]LogInit: Setting Device Profile CVar: [[r.Vulkan.UseRealUBs:1]]
[2019.04.15-02.57.35:014][  0]LogInit: Going up to parent DeviceProfile []
[2019.04.15-02.57.35:014][  0]LogInit: Computer: DESKTOP-2KDI07U
[2019.04.15-02.57.35:014][  0]LogInit: User: Dominic
[2019.04.15-02.57.35:014][  0]LogInit: CPU Page size=4096, Cores=6
[2019.04.15-02.57.35:014][  0]LogInit: High frequency timer resolution =3.386950 MHz
[2019.04.15-02.57.35:014][  0]LogMemory: Memory total: Physical=31.9GB (32GB approx)
[2019.04.15-02.57.35:014][  0]LogMemory: Platform Memory Stats for Windows
[2019.04.15-02.57.35:014][  0]LogMemory: Process Physical Memory: 102.49 MB used, 102.49 MB peak
[2019.04.15-02.57.35:014][  0]LogMemory: Process Virtual Memory: 99.47 MB used, 99.47 MB peak
[2019.04.15-02.57.35:014][  0]LogMemory: Physical Memory: 10971.61 MB used,  21707.32 MB free, 32678.93 MB total
[2019.04.15-02.57.35:014][  0]LogMemory: Virtual Memory: 4670.96 MB used,  21707.32 MB free, 134217728.00 MB total
[2019.04.15-02.57.35:059][  0]LogInit: Using OS detected language (en-US).
[2019.04.15-02.57.35:059][  0]LogInit: Using OS detected locale (en-US).
[2019.04.15-02.57.35:061][  0]LogTextLocalizationManager: No specific localization for 'en-US' exists, so the 'en' localization will be used.
[2019.04.15-02.57.35:468][  0]LogStreaming: Display: Took  0.409s to InitEngineTextLocalization.
[2019.04.15-02.57.35:517][  0]LogSlate: New Slate User Created.  User Index 0, Is Virtual User: 0
[2019.04.15-02.57.35:517][  0]LogSlate: Slate User Registered.  User Index 0, Is Virtual User: 0
[2019.04.15-02.57.35:569][  0]LogHMD: Failed to initialize OpenVR with code 126
[2019.04.15-02.57.35:569][  0]LogD3D11RHI: D3D11 adapters:
[2019.04.15-02.57.35:644][  0]LogD3D11RHI:    0. 'NVIDIA GeForce GTX 1080' (Feature Level 11_0)
[2019.04.15-02.57.35:644][  0]LogD3D11RHI:       8086/0/16339 MB DedicatedVideo/DedicatedSystem/SharedSystem, Outputs:2, VendorId:0x10de
[2019.04.15-02.57.35:647][  0]LogD3D11RHI:    1. 'Microsoft Basic Render Driver' (Feature Level 11_0)
[2019.04.15-02.57.35:648][  0]LogD3D11RHI:       0/0/16339 MB DedicatedVideo/DedicatedSystem/SharedSystem, Outputs:0, VendorId:0x1414
[2019.04.15-02.57.35:648][  0]LogD3D11RHI: Chosen D3D11 Adapter: 0
[2019.04.15-02.57.35:658][  0]LogD3D11RHI: Creating new Direct3DDevice
[2019.04.15-02.57.35:658][  0]LogD3D11RHI:     GPU DeviceId: 0x1b80 (for the marketing name, search the web for "GPU Device Id")
[2019.04.15-02.57.35:658][  0]LogWindows: EnumDisplayDevices:
[2019.04.15-02.57.35:659][  0]LogWindows:    0. 'NVIDIA GeForce GTX 1080' (P:0 D:1)
[2019.04.15-02.57.35:659][  0]LogWindows:    1. 'NVIDIA GeForce GTX 1080' (P:1 D:1)
[2019.04.15-02.57.35:660][  0]LogWindows:    2. 'NVIDIA GeForce GTX 1080' (P:0 D:0)
[2019.04.15-02.57.35:661][  0]LogWindows:    3. 'NVIDIA GeForce GTX 1080' (P:0 D:0)
[2019.04.15-02.57.35:661][  0]LogWindows: DebugString: FoundDriverCount:4 
[2019.04.15-02.57.35:661][  0]LogD3D11RHI:     Adapter Name: NVIDIA GeForce GTX 1080
[2019.04.15-02.57.35:661][  0]LogD3D11RHI:   Driver Version: 388.13 (internal:23.21.13.8813, unified:388.13)
[2019.04.15-02.57.35:661][  0]LogD3D11RHI:      Driver Date: 10-27-2017
[2019.04.15-02.57.35:661][  0]LogRHI: Texture pool is 5660 MB (70% of 8086 MB)
[2019.04.15-02.57.35:702][  0]LogD3D11RHI: Async texture creation enabled
[2019.04.15-02.57.35:713][  0]LogD3D11RHI: GPU Timing Frequency: 1000.000000 (Debug: 2 1)
[2019.04.15-02.57.35:719][  0]LogShaderCompilers: Guid format shader working directory is -9 characters bigger than the processId version (C:/Users/Dominic/Desktop/Dinochan/Dinochan_v001_UE4.20.3/Intermediate/Shaders/WorkingDirectory/22380/).
[2019.04.15-02.57.35:719][  0]LogShaderCompilers: Cleaned the shader compiler working directory 'C:/Users/Dominic/AppData/Local/Temp/UnrealShaderWorkingDir/C56F19784EE744F5C2F316BDEE9792F1/'.
[2019.04.15-02.57.36:460][  0]LogTemp: Display: Loaded TP WindowsClientTargetPlatform
[2019.04.15-02.57.36:476][  0]LogTemp: Display: Loaded TP WindowsNoEditorTargetPlatform
[2019.04.15-02.57.36:492][  0]LogTemp: Display: Loaded TP WindowsServerTargetPlatform
[2019.04.15-02.57.36:501][  0]LogTemp: Display: Loaded TP WindowsTargetPlatform
[2019.04.15-02.57.36:501][  0]LogTargetPlatformManager: Display: Building Assets For Windows
[2019.04.15-02.57.36:602][  0]LogXGEController: Cannot use XGE Controller as Incredibuild is not installed on this machine.
[2019.04.15-02.57.36:602][  0]LogShaderCompilers: Cannot use XGE Shader Compiler as Incredibuild is not installed on this machine.
[2019.04.15-02.57.36:602][  0]LogShaderCompilers: Display: Using Local Shader Compiler.
[2019.04.15-02.57.37:379][  0]LogDerivedDataCache: Display: Max Cache Size: 512 MB
[2019.04.15-02.57.37:470][  0]LogDerivedDataCache: Loaded boot cache 0.09s 71MB C:/Users/Dominic/AppData/Local/UnrealEngine/4.20/DerivedDataCache/Boot.ddc.
[2019.04.15-02.57.37:470][  0]LogDerivedDataCache: Display: Loaded Boot cache: C:/Users/Dominic/AppData/Local/UnrealEngine/4.20/DerivedDataCache/Boot.ddc
[2019.04.15-02.57.37:470][  0]LogDerivedDataCache: FDerivedDataBackendGraph:  Pak pak cache file C:/Users/Dominic/Desktop/Dinochan/Dinochan_v001_UE4.20.3/DerivedDataCache/DDC.ddp not found, will not use a pak cache.
[2019.04.15-02.57.37:470][  0]LogDerivedDataCache: Unable to find inner node Pak for hierarchical cache Hierarchy.
[2019.04.15-02.57.37:470][  0]LogDerivedDataCache: FDerivedDataBackendGraph:  CompressedPak pak cache file C:/Users/Dominic/Desktop/Dinochan/Dinochan_v001_UE4.20.3/DerivedDataCache/Compressed.ddp not found, will not use a pak cache.
[2019.04.15-02.57.37:470][  0]LogDerivedDataCache: Unable to find inner node CompressedPak for hierarchical cache Hierarchy.
[2019.04.15-02.57.37:486][  0]LogDerivedDataCache: Display: Pak cache opened for reading ../../../Engine/DerivedDataCache/Compressed.ddp.
[2019.04.15-02.57.37:499][  0]LogDerivedDataCache: Using Local data cache path C:/Users/Dominic/AppData/Local/UnrealEngine/Common/DerivedDataCache: Writable
[2019.04.15-02.57.37:499][  0]LogDerivedDataCache: Shared data cache path not found in *engine.ini, will not use an Shared cache.
[2019.04.15-02.57.37:499][  0]LogDerivedDataCache: Unable to find inner node Shared for hierarchical cache Hierarchy.
[2019.04.15-02.57.37:517][  0]LogMaterial: Verifying Global Shaders for PCD3D_SM5
[2019.04.15-02.57.37:518][  0]LogSlate: Using FreeType 2.6.0
[2019.04.15-02.57.37:519][  0]LogSlate: SlateFontServices - WITH_FREETYPE: 1, WITH_HARFBUZZ: 1
[2019.04.15-02.57.37:591][  0]LogInit: Using OS detected language (en-US).
[2019.04.15-02.57.37:591][  0]LogInit: Using OS detected locale (en-US).
[2019.04.15-02.57.37:591][  0]LogTextLocalizationManager: No localization for 'en-US' exists, so 'en' will be used for the language.
[2019.04.15-02.57.37:592][  0]LogTextLocalizationManager: No localization for 'en-US' exists, so 'en' will be used for the locale.
[2019.04.15-02.57.37:873][  0]LogStreaming: Display: Took  0.282s to InitGameTextLocalization.
[2019.04.15-02.57.37:882][  0]LogAssetRegistry: FAssetRegistry took 0.0042 seconds to start up
[2019.04.15-02.57.38:057][  0]LogPackageLocalizationCache: Processed 11 localized package path(s) for 1 prioritized culture(s) in 0.008432 seconds
[2019.04.15-02.57.38:173][  0]LogInit: Selected Device Profile: [Windows]
[2019.04.15-02.57.38:303][  0]LogSimplygon: Simplygon DLL not present - disabling.
[2019.04.15-02.57.38:311][  0]LogMeshReduction: Using SimplygonSwarm for distributed automatic mesh merging
[2019.04.15-02.57.38:311][  0]LogMeshReduction: Using ProxyLODMeshReduction for automatic mesh merging
[2019.04.15-02.57.38:311][  0]LogMeshReduction: Using QuadricMeshReduction for automatic static mesh reduction
[2019.04.15-02.57.38:311][  0]LogMeshReduction: No automatic skeletal mesh reduction module available
[2019.04.15-02.57.38:329][  0]LogNetVersion: Dinochan_v001 1.0.0, NetCL: 4212847, EngineNetVer: 5, GameNetVer: 0 (Checksum: 2574802920)
[2019.04.15-02.57.38:894][  0]LogMoviePlayer: Initializing movie player
[2019.04.15-02.57.39:071][  0]LogTcpMessaging: Initializing TcpMessaging bridge
[2019.04.15-02.57.39:084][  0]LogUdpMessaging: Initializing bridge on interface 0.0.0.0:0 to multicast group 230.0.0.1:6666.
[2019.04.15-02.57.39:178][  0]SourceControl: Source control is disabled
[2019.04.15-02.57.39:178][  0]SourceControl: Source control is disabled
[2019.04.15-02.57.39:180][  0]SourceControl: Source control is disabled
[2019.04.15-02.57.39:332][  0]LogAndroidPermission: UAndroidPermissionCallbackProxy::GetInstance
[2019.04.15-02.57.39:491][  0]LogOcInput: OculusInput pre-init called
[2019.04.15-02.57.39:501][  0]LogUObjectArray: 42168 objects as part of root set at end of initial load.
[2019.04.15-02.57.39:501][  0]LogUObjectAllocator: 7432344 out of 0 bytes used by permanent object pool.
[2019.04.15-02.57.39:501][  0]LogUObjectArray: CloseDisregardForGC: 0/0 objects in disregard for GC pool
[2019.04.15-02.57.39:561][  0]LogEngine: Initializing Engine...
[2019.04.15-02.57.39:595][  0]LogHMD: Failed to initialize OpenVR with code 126
[2019.04.15-02.57.39:608][  0]LogStats: UGameplayTagsManager::ConstructGameplayTagTree: ImportINI prefixes -  0.000 s
[2019.04.15-02.57.39:608][  0]LogStats: UGameplayTagsManager::ConstructGameplayTagTree: Construct from data asset -  0.000 s
[2019.04.15-02.57.39:608][  0]LogStats: UGameplayTagsManager::ConstructGameplayTagTree: ImportINI -  0.000 s
[2019.04.15-02.57.39:608][  0]LogStats: UGameplayTagsManager::ConstructGameplayTagTree: GameplayTagTreeChangedEvent.Broadcast -  0.000 s
[2019.04.15-02.57.39:769][  0]LogInit: Initializing FReadOnlyCVARCache
[2019.04.15-02.57.39:769][  0]LogNetVersion: Set ProjectVersion to 1.0.0.0. Version Checksum will be recalculated on next use.
[2019.04.15-02.57.39:770][  0]LogInit: Texture streaming: Enabled
[2019.04.15-02.57.39:920][  0]LogSlate: Updating window title bar state: overlay mode, drag disabled, window buttons hidden, title bar hidden
[2019.04.15-02.57.39:921][  0]LogInit: Display: Game Engine Initialized.
[2019.04.15-02.57.39:921][  0]LogGameplayTags: Display: UGameplayTagsManager::DoneAddingNativeTags. DelegateIsBound: 0
[2019.04.15-02.57.39:921][  0]LogStats: UGameplayTagsManager::ConstructGameplayTagTree: ImportINI prefixes -  0.000 s
[2019.04.15-02.57.39:921][  0]LogStats: UGameplayTagsManager::ConstructGameplayTagTree: Construct from data asset -  0.000 s
[2019.04.15-02.57.39:921][  0]LogStats: UGameplayTagsManager::ConstructGameplayTagTree: ImportINI -  0.000 s
[2019.04.15-02.57.39:921][  0]LogStats: UGameplayTagsManager::ConstructGameplayTagTree: GameplayTagTreeChangedEvent.Broadcast -  0.000 s
[2019.04.15-02.57.39:942][  0]LogInit: Display: Starting Game.
[2019.04.15-02.57.39:942][  0]LogNet: Browse: /Game/_Maps/DomLevel/Dom_Modelled_Greybox1?Name=Player
[2019.04.15-02.57.39:942][  0]LogLoad: LoadMap: /Game/_Maps/DomLevel/Dom_Modelled_Greybox1?Name=Player
[2019.04.15-02.57.40:385][  0]LogAIModule: Creating AISystem for world Dom_Modelled_Greybox1
[2019.04.15-02.57.40:440][  0]LogLoad: Game class is 'ThirdPersonGameMode_C'
[2019.04.15-02.57.40:447][  0]LogWorld: Bringing World /Game/_Maps/DomLevel/Dom_Modelled_Greybox1.Dom_Modelled_Greybox1 up for play (max tick rate 0) at 2019.04.14-22.57.40
[2019.04.15-02.57.40:448][  0]LogLinker: Warning: Can't find file '/Game/Sequuences/Scene1'
[2019.04.15-02.57.40:448][  0]LogUObjectGlobals: Warning: Failed to load '/Game/Sequuences/Scene1': Can't find file '/Game/Sequuences/Scene1'
[2019.04.15-02.57.40:448][  0]LogLinker: Warning: Can't find file '/Game/Sequuences/Scene1'
[2019.04.15-02.57.40:448][  0]LogUObjectGlobals: Warning: Failed to load '/Game/Sequuences/Scene1': Can't find file '/Game/Sequuences/Scene1'
[2019.04.15-02.57.40:448][  0]LogUObjectGlobals: Warning: Failed to find object 'Object /Game/Sequuences/Scene1.Scene1'
[2019.04.15-02.57.40:461][  0]LogLinker: Warning: Can't find file '/Game/Sequuences/Scene3'
[2019.04.15-02.57.40:461][  0]LogUObjectGlobals: Warning: Failed to load '/Game/Sequuences/Scene3': Can't find file '/Game/Sequuences/Scene3'
[2019.04.15-02.57.40:461][  0]LogLinker: Warning: Can't find file '/Game/Sequuences/Scene3'
[2019.04.15-02.57.40:462][  0]LogUObjectGlobals: Warning: Failed to load '/Game/Sequuences/Scene3': Can't find file '/Game/Sequuences/Scene3'
[2019.04.15-02.57.40:462][  0]LogUObjectGlobals: Warning: Failed to find object 'Object /Game/Sequuences/Scene3.Scene3'
[2019.04.15-02.57.40:462][  0]LogLinker: Warning: Can't find file '/Game/Sequuences/AllSequences'
[2019.04.15-02.57.40:462][  0]LogUObjectGlobals: Warning: Failed to load '/Game/Sequuences/AllSequences': Can't find file '/Game/Sequuences/AllSequences'
[2019.04.15-02.57.40:462][  0]LogLinker: Warning: Can't find file '/Game/Sequuences/AllSequences'
[2019.04.15-02.57.40:462][  0]LogUObjectGlobals: Warning: Failed to load '/Game/Sequuences/AllSequences': Can't find file '/Game/Sequuences/AllSequences'
[2019.04.15-02.57.40:462][  0]LogUObjectGlobals: Warning: Failed to find object 'Object /Game/Sequuences/AllSequences.AllSequences'
[2019.04.15-02.57.40:462][  0]LogLinker: Warning: Can't find file '/Game/Sequuences/Scene4'
[2019.04.15-02.57.40:462][  0]LogUObjectGlobals: Warning: Failed to load '/Game/Sequuences/Scene4': Can't find file '/Game/Sequuences/Scene4'
[2019.04.15-02.57.40:462][  0]LogLinker: Warning: Can't find file '/Game/Sequuences/Scene4'
[2019.04.15-02.57.40:462][  0]LogUObjectGlobals: Warning: Failed to load '/Game/Sequuences/Scene4': Can't find file '/Game/Sequuences/Scene4'
[2019.04.15-02.57.40:462][  0]LogUObjectGlobals: Warning: Failed to find object 'Object /Game/Sequuences/Scene4.Scene4'
[2019.04.15-02.57.40:477][  0]LogWorld: Bringing up level for play took: 0.036729
[2019.04.15-02.57.40:484][  0]LogBlueprintUserMessages: [ThirdPersonCharacter_C_0] Translation: X=-3848.184 Y=2904.389 Z=975.831 Rotation: P=0.000000 Y=0.000000 R=0.000000 Scale X=1.000 Y=1.000 Z=1.000
[2019.04.15-02.57.40:485][  0]LogLoad: Took 0.543513 seconds to LoadMap(/Game/_Maps/DomLevel/Dom_Modelled_Greybox1)
[2019.04.15-02.57.40:574][  0]LogRenderer: Reallocating scene render targets to support 1280x720 Format 10 NumSamples 1 (Frame:1).
[2019.04.15-02.57.40:574][  0]LogLoad: (Engine Initialization) Total time: 9.36 seconds
[2019.04.15-02.57.40:575][  0]LogLoad: (Engine Initialization) Total Blueprint compile time: 0.00 seconds
[2019.04.15-02.57.40:592][  0]LogWindowsTextInputMethodSystem: Display: IME system now deactivated.
[2019.04.15-02.57.40:595][  0]LogContentStreaming: Texture pool size now 1000 MB
[2019.04.15-02.57.40:640][  1]LogBlueprintUserMessages: [GreatDoor_2] P=0.000000 Y=13.522717 R=0.000000
[2019.04.15-02.57.40:655][  2]LogBlueprintUserMessages: [GreatDoor_2] P=0.000000 Y=13.522717 R=0.000000
[2019.04.15-02.57.40:671][  3]LogBlueprintUserMessages: [GreatDoor_2] P=0.000000 Y=13.522717 R=0.000000
[2019.04.15-02.57.40:687][  4]LogBlueprintUserMessages: [GreatDoor_2] P=0.000000 Y=13.522717 R=0.000000
[2019.04.15-02.57.40:703][  5]LogBlueprintUserMessages: [GreatDoor_2] P=0.000000 Y=13.522717 R=0.000000
[2019.04.15-02.57.40:719][  6]LogBlueprintUserMessages: [GreatDoor_2] P=0.000000 Y=13.522717 R=0.000000
[2019.04.15-02.57.40:736][  7]LogBlueprintUserMessages: [GreatDoor_2] P=0.000000 Y=13.522717 R=0.000000
[2019.04.15-02.57.40:752][  8]LogBlueprintUserMessages: [GreatDoor_2] P=0.000000 Y=13.522717 R=0.000000
[2019.04.15-02.57.40:768][  9]LogBlueprintUserMessages: [GreatDoor_2] P=0.000000 Y=13.522717 R=0.000000
[2019.04.15-02.57.40:784][ 10]LogBlueprintUserMessages: [GreatDoor_2] P=0.000000 Y=13.522717 R=0.000000
[2019.04.15-02.57.40:800][ 11]LogBlueprintUserMessages: [GreatDoor_2] P=0.000000 Y=13.522717 R=0.000000
[2019.04.15-02.57.40:816][ 12]LogBlueprintUserMessages: [GreatDoor_2] P=0.000000 Y=13.522717 R=0.000000
[2019.04.15-02.57.40:832][ 13]LogBlueprintUserMessages: [GreatDoor_2] P=0.000000 Y=13.522717 R=0.000000
[2019.04.15-02.57.40:849][ 14]LogBlueprintUserMessages: [GreatDoor_2] P=0.000000 Y=13.522717 R=0.000000
[2019.04.15-02.57.40:865][ 15]LogBlueprintUserMessages: [GreatDoor_2] P=0.000000 Y=13.522717 R=0.000000
[2019.04.15-02.57.40:881][ 16]LogBlueprintUserMessages: [GreatDoor_2] P=0.000000 Y=13.522717 R=0.000000
[2019.04.15-02.57.40:897][ 17]LogBlueprintUserMessages: [GreatDoor_2] P=0.000000 Y=13.522717 R=0.000000
[2019.04.15-02.57.40:913][ 18]LogBlueprintUserMessages: [GreatDoor_2] P=0.000000 Y=13.522717 R=0.000000
[2019.04.15-02.57.40:929][ 19]LogBlueprintUserMessages: [GreatDoor_2] P=0.000000 Y=13.522717 R=0.000000
[2019.04.15-02.57.40:944][ 20]LogBlueprintUserMessages: [GreatDoor_2] P=0.000000 Y=13.522717 R=0.000000
[2019.04.15-02.57.40:961][ 21]LogBlueprintUserMessages: [GreatDoor_2] P=0.000000 Y=13.522717 R=0.000000
[2019.04.15-02.57.40:977][ 22]LogBlueprintUserMessages: [GreatDoor_2] P=0.000000 Y=13.522717 R=0.000000
[2019.04.15-02.57.40:993][ 23]LogBlueprintUserMessages: [GreatDoor_2] P=0.000000 Y=13.522717 R=0.000000
[2019.04.15-02.57.41:009][ 24]LogBlueprintUserMessages: [GreatDoor_2] P=0.000000 Y=13.522717 R=0.000000
[2019.04.15-02.57.41:025][ 25]LogBlueprintUserMessages: [GreatDoor_2] P=0.000000 Y=13.522717 R=0.000000
[2019.04.15-02.57.41:041][ 26]LogBlueprintUserMessages: [GreatDoor_2] P=0.000000 Y=13.522717 R=0.000000
[2019.04.15-02.57.41:058][ 27]LogBlueprintUserMessages: [GreatDoor_2] P=0.000000 Y=13.522717 R=0.000000
[2019.04.15-02.57.41:074][ 28]LogBlueprintUserMessages: [GreatDoor_2] P=0.000000 Y=13.522717 R=0.000000
[2019.04.15-02.57.41:090][ 29]LogBlueprintUserMessages: [GreatDoor_2] P=0.000000 Y=13.522717 R=0.000000
[2019.04.15-02.57.41:106][ 30]LogBlueprintUserMessages: [GreatDoor_2] P=0.000000 Y=13.522717 R=0.000000
[2019.04.15-02.57.41:122][ 31]LogBlueprintUserMessages: [GreatDoor_2] P=0.000000 Y=13.522717 R=0.000000
[2019.04.15-02.57.41:138][ 32]LogBlueprintUserMessages: [GreatDoor_2] P=0.000000 Y=13.522717 R=0.000000
[2019.04.15-02.57.41:154][ 33]LogBlueprintUserMessages: [GreatDoor_2] P=0.000000 Y=13.522717 R=0.000000
[2019.04.15-02.57.41:171][ 34]LogBlueprintUserMessages: [GreatDoor_2] P=0.000000 Y=13.522717 R=0.000000
[2019.04.15-02.57.41:187][ 35]LogBlueprintUserMessages: [GreatDoor_2] P=0.000000 Y=13.522717 R=0.000000
[2019.04.15-02.57.41:203][ 36]LogBlueprintUserMessages: [GreatDoor_2] P=0.000000 Y=13.522717 R=0.000000
[2019.04.15-02.57.41:219][ 37]LogBlueprintUserMessages: [GreatDoor_2] P=0.000000 Y=13.522717 R=0.000000
[2019.04.15-02.57.41:235][ 38]LogBlueprintUserMessages: [GreatDoor_2] P=0.000000 Y=13.522717 R=0.000000
[2019.04.15-02.57.41:251][ 39]LogBlueprintUserMessages: [GreatDoor_2] P=0.000000 Y=13.522717 R=0.000000
[2019.04.15-02.57.41:268][ 40]LogBlueprintUserMessages: [GreatDoor_2] P=0.000000 Y=13.522717 R=0.000000
[2019.04.15-02.57.41:284][ 41]LogBlueprintUserMessages: [GreatDoor_2] P=0.000000 Y=13.522717 R=0.000000
[2019.04.15-02.57.41:300][ 42]LogBlueprintUserMessages: [GreatDoor_2] P=0.000000 Y=13.522717 R=0.000000
[2019.04.15-02.57.41:316][ 43]LogBlueprintUserMessages: [GreatDoor_2] P=0.000000 Y=13.522717 R=0.000000
[2019.04.15-02.57.41:332][ 44]LogBlueprintUserMessages: [GreatDoor_2] P=0.000000 Y=13.522717 R=0.000000
[2019.04.15-02.57.41:348][ 45]LogBlueprintUserMessages: [GreatDoor_2] P=0.000000 Y=13.522717 R=0.000000
[2019.04.15-02.57.41:364][ 46]LogBlueprintUserMessages: [GreatDoor_2] P=0.000000 Y=13.522717 R=0.000000
[2019.04.15-02.57.41:381][ 47]LogBlueprintUserMessages: [GreatDoor_2] P=0.000000 Y=13.522717 R=0.000000
[2019.04.15-02.57.41:397][ 48]LogBlueprintUserMessages: [GreatDoor_2] P=0.000000 Y=13.522717 R=0.000000
[2019.04.15-02.57.41:413][ 49]LogBlueprintUserMessages: [GreatDoor_2] P=0.000000 Y=13.522717 R=0.000000
[2019.04.15-02.57.41:429][ 50]LogBlueprintUserMessages: [GreatDoor_2] P=0.000000 Y=13.522717 R=0.000000
[2019.04.15-02.57.41:445][ 51]LogBlueprintUserMessages: [GreatDoor_2] P=0.000000 Y=13.522717 R=0.000000
[2019.04.15-02.57.41:461][ 52]LogBlueprintUserMessages: [GreatDoor_2] P=0.000000 Y=13.522717 R=0.000000
[2019.04.15-02.57.41:477][ 53]LogBlueprintUserMessages: [GreatDoor_2] P=0.000000 Y=13.522717 R=0.000000
[2019.04.15-02.57.41:494][ 54]LogBlueprintUserMessages: [GreatDoor_2] P=0.000000 Y=13.522717 R=0.000000
[2019.04.15-02.57.41:510][ 55]LogBlueprintUserMessages: [GreatDoor_2] P=0.000000 Y=13.522717 R=0.000000
[2019.04.15-02.57.41:526][ 56]LogBlueprintUserMessages: [GreatDoor_2] P=0.000000 Y=13.522717 R=0.000000
[2019.04.15-02.57.41:543][ 57]LogBlueprintUserMessages: [GreatDoor_2] P=0.000000 Y=13.522717 R=0.000000
[2019.04.15-02.57.41:558][ 58]LogBlueprintUserMessages: [GreatDoor_2] P=0.000000 Y=13.522717 R=0.000000
[2019.04.15-02.57.41:574][ 59]LogBlueprintUserMessages: [GreatDoor_2] P=0.000000 Y=13.522717 R=0.000000
[2019.04.15-02.57.41:590][ 60]LogBlueprintUserMessages: [GreatDoor_2] P=0.000000 Y=13.522717 R=0.000000
[2019.04.15-02.57.41:606][ 61]LogBlueprintUserMessages: [GreatDoor_2] P=0.000000 Y=13.522717 R=0.000000
[2019.04.15-02.57.41:622][ 62]LogBlueprintUserMessages: [GreatDoor_2] P=0.000000 Y=13.522717 R=0.000000
[2019.04.15-02.57.41:638][ 63]LogBlueprintUserMessages: [GreatDoor_2] P=0.000000 Y=13.522717 R=0.000000
[2019.04.15-02.57.41:655][ 64]LogBlueprintUserMessages: [GreatDoor_2] P=0.000000 Y=13.522717 R=0.000000
[2019.04.15-02.57.41:671][ 65]LogBlueprintUserMessages: [GreatDoor_2] P=0.000000 Y=13.522717 R=0.000000
[2019.04.15-02.57.41:687][ 66]LogBlueprintUserMessages: [GreatDoor_2] P=0.000000 Y=13.522717 R=0.000000
[2019.04.15-02.57.41:703][ 67]LogBlueprintUserMessages: [GreatDoor_2] P=0.000000 Y=13.522717 R=0.000000
[2019.04.15-02.57.41:719][ 68]LogBlueprintUserMessages: [GreatDoor_2] P=0.000000 Y=13.522717 R=0.000000
[2019.04.15-02.57.41:735][ 69]LogBlueprintUserMessages: [GreatDoor_2] P=0.000000 Y=13.522717 R=0.000000
[2019.04.15-02.57.41:751][ 70]LogBlueprintUserMessages: [GreatDoor_2] P=0.000000 Y=13.522717 R=0.000000
[2019.04.15-02.57.41:768][ 71]LogBlueprintUserMessages: [GreatDoor_2] P=0.000000 Y=13.522717 R=0.000000
[2019.04.15-02.57.41:784][ 72]LogBlueprintUserMessages: [GreatDoor_2] P=0.000000 Y=13.522717 R=0.000000
[2019.04.15-02.57.41:800][ 73]LogBlueprintUserMessages: [GreatDoor_2] P=0.000000 Y=13.522717 R=0.000000
[2019.04.15-02.57.41:817][ 74]LogBlueprintUserMessages: [GreatDoor_2] P=0.000000 Y=13.522717 R=0.000000
[2019.04.15-02.57.41:832][ 75]LogBlueprintUserMessages: [GreatDoor_2] P=0.000000 Y=13.522717 R=0.000000
[2019.04.15-02.57.41:849][ 76]LogBlueprintUserMessages: [GreatDoor_2] P=0.000000 Y=13.522717 R=0.000000
[2019.04.15-02.57.41:864][ 77]LogBlueprintUserMessages: [GreatDoor_2] P=0.000000 Y=13.522717 R=0.000000
[2019.04.15-02.57.41:881][ 78]LogBlueprintUserMessages: [GreatDoor_2] P=0.000000 Y=13.522717 R=0.000000
[2019.04.15-02.57.41:897][ 79]LogBlueprintUserMessages: [GreatDoor_2] P=0.000000 Y=13.522717 R=0.000000
[2019.04.15-02.57.41:913][ 80]LogBlueprintUserMessages: [GreatDoor_2] P=0.000000 Y=13.522717 R=0.000000
[2019.04.15-02.57.41:929][ 81]LogBlueprintUserMessages: [GreatDoor_2] P=0.000000 Y=13.522717 R=0.000000
[2019.04.15-02.57.41:945][ 82]LogBlueprintUserMessages: [GreatDoor_2] P=0.000000 Y=13.522717 R=0.000000
[2019.04.15-02.57.41:961][ 83]LogBlueprintUserMessages: [GreatDoor_2] P=0.000000 Y=13.522717 R=0.000000
[2019.04.15-02.57.41:978][ 84]LogBlueprintUserMessages: [GreatDoor_2] P=0.000000 Y=13.522717 R=0.000000
[2019.04.15-02.57.41:994][ 85]LogBlueprintUserMessages: [GreatDoor_2] P=0.000000 Y=13.522717 R=0.000000
[2019.04.15-02.57.42:010][ 86]LogBlueprintUserMessages: [GreatDoor_2] P=0.000000 Y=13.522717 R=0.000000
[2019.04.15-02.57.42:026][ 87]LogBlueprintUserMessages: [GreatDoor_2] P=0.000000 Y=13.522717 R=0.000000
[2019.04.15-02.57.42:042][ 88]LogBlueprintUserMessages: [GreatDoor_2] P=0.000000 Y=13.522717 R=0.000000
[2019.04.15-02.57.42:058][ 89]LogBlueprintUserMessages: [GreatDoor_2] P=0.000000 Y=13.522717 R=0.000000
[2019.04.15-02.57.42:074][ 90]LogBlueprintUserMessages: [GreatDoor_2] P=0.000000 Y=13.522717 R=0.000000
[2019.04.15-02.57.42:091][ 91]LogBlueprintUserMessages: [GreatDoor_2] P=0.000000 Y=13.522717 R=0.000000
[2019.04.15-02.57.42:107][ 92]LogBlueprintUserMessages: [GreatDoor_2] P=0.000000 Y=13.522717 R=0.000000
[2019.04.15-02.57.42:123][ 93]LogBlueprintUserMessages: [GreatDoor_2] P=0.000000 Y=13.522717 R=0.000000
[2019.04.15-02.57.42:139][ 94]LogBlueprintUserMessages: [GreatDoor_2] P=0.000000 Y=13.522717 R=0.000000
[2019.04.15-02.57.42:155][ 95]LogBlueprintUserMessages: [GreatDoor_2] P=0.000000 Y=13.522717 R=0.000000
[2019.04.15-02.57.42:171][ 96]LogBlueprintUserMessages: [GreatDoor_2] P=0.000000 Y=13.522717 R=0.000000
[2019.04.15-02.57.42:187][ 97]LogBlueprintUserMessages: [GreatDoor_2] P=0.000000 Y=13.522717 R=0.000000
[2019.04.15-02.57.42:204][ 98]LogBlueprintUserMessages: [GreatDoor_2] P=0.000000 Y=13.522717 R=0.000000
[2019.04.15-02.57.42:220][ 99]LogBlueprintUserMessages: [GreatDoor_2] P=0.000000 Y=13.522717 R=0.000000
[2019.04.15-02.57.42:235][100]LogBlueprintUserMessages: [GreatDoor_2] P=0.000000 Y=13.522717 R=0.000000
[2019.04.15-02.57.42:251][101]LogBlueprintUserMessages: [GreatDoor_2] P=0.000000 Y=13.522717 R=0.000000
[2019.04.15-02.57.42:267][102]LogBlueprintUserMessages: [GreatDoor_2] P=0.000000 Y=13.522717 R=0.000000
[2019.04.15-02.57.42:283][103]LogBlueprintUserMessages: [GreatDoor_2] P=0.000000 Y=13.522717 R=0.000000
[2019.04.15-02.57.42:299][104]LogBlueprintUserMessages: [GreatDoor_2] P=0.000000 Y=13.522717 R=0.000000
[2019.04.15-02.57.42:316][105]LogBlueprintUserMessages: [GreatDoor_2] P=0.000000 Y=13.522717 R=0.000000
[2019.04.15-02.57.42:332][106]LogBlueprintUserMessages: [GreatDoor_2] P=0.000000 Y=13.522717 R=0.000000
[2019.04.15-02.57.42:348][107]LogBlueprintUserMessages: [GreatDoor_2] P=0.000000 Y=13.522717 R=0.000000
[2019.04.15-02.57.42:364][108]LogBlueprintUserMessages: [GreatDoor_2] P=0.000000 Y=13.522717 R=0.000000
[2019.04.15-02.57.42:380][109]LogBlueprintUserMessages: [GreatDoor_2] P=0.000000 Y=13.522717 R=0.000000
[2019.04.15-02.57.42:396][110]LogBlueprintUserMessages: [GreatDoor_2] P=0.000000 Y=13.522717 R=0.000000
[2019.04.15-02.57.42:412][111]LogBlueprintUserMessages: [GreatDoor_2] P=0.000000 Y=13.522717 R=0.000000
[2019.04.15-02.57.42:429][112]LogBlueprintUserMessages: [GreatDoor_2] P=0.000000 Y=13.522717 R=0.000000
[2019.04.15-02.57.42:445][113]LogBlueprintUserMessages: [GreatDoor_2] P=0.000000 Y=13.522717 R=0.000000
[2019.04.15-02.57.42:461][114]LogBlueprintUserMessages: [GreatDoor_2] P=0.000000 Y=13.522717 R=0.000000
[2019.04.15-02.57.42:477][115]LogBlueprintUserMessages: [GreatDoor_2] P=0.000000 Y=13.522717 R=0.000000
[2019.04.15-02.57.42:493][116]LogBlueprintUserMessages: [GreatDoor_2] P=0.000000 Y=13.522717 R=0.000000
[2019.04.15-02.57.42:509][117]LogBlueprintUserMessages: [GreatDoor_2] P=0.000000 Y=13.522717 R=0.000000
[2019.04.15-02.57.42:526][118]LogBlueprintUserMessages: [GreatDoor_2] P=0.000000 Y=13.522717 R=0.000000
[2019.04.15-02.57.42:542][119]LogBlueprintUserMessages: [GreatDoor_2] P=0.000000 Y=13.522717 R=0.000000
[2019.04.15-02.57.42:558][120]LogBlueprintUserMessages: [GreatDoor_2] P=0.000000 Y=13.522717 R=0.000000
[2019.04.15-02.57.42:574][121]LogBlueprintUserMessages: [GreatDoor_2] P=0.000000 Y=13.522717 R=0.000000
[2019.04.15-02.57.42:590][122]LogBlueprintUserMessages: [GreatDoor_2] P=0.000000 Y=13.522717 R=0.000000
[2019.04.15-02.57.42:606][123]LogBlueprintUserMessages: [GreatDoor_2] P=0.000000 Y=13.522717 R=0.000000
[2019.04.15-02.57.42:622][124]LogBlueprintUserMessages: [GreatDoor_2] P=0.000000 Y=13.522717 R=0.000000
[2019.04.15-02.57.42:639][125]LogBlueprintUserMessages: [GreatDoor_2] P=0.000000 Y=13.522717 R=0.000000
[2019.04.15-02.57.42:655][126]LogBlueprintUserMessages: [GreatDoor_2] P=0.000000 Y=13.522717 R=0.000000
[2019.04.15-02.57.42:671][127]LogBlueprintUserMessages: [GreatDoor_2] P=0.000000 Y=13.522717 R=0.000000
[2019.04.15-02.57.42:687][128]LogBlueprintUserMessages: [GreatDoor_2] P=0.000000 Y=13.522717 R=0.000000
[2019.04.15-02.57.42:703][129]LogBlueprintUserMessages: [GreatDoor_2] P=0.000000 Y=13.522717 R=0.000000
[2019.04.15-02.57.42:720][130]LogBlueprintUserMessages: [GreatDoor_2] P=0.000000 Y=13.522717 R=0.000000
[2019.04.15-02.57.42:735][131]LogBlueprintUserMessages: [GreatDoor_2] P=0.000000 Y=13.522717 R=0.000000
[2019.04.15-02.57.42:752][132]LogBlueprintUserMessages: [GreatDoor_2] P=0.000000 Y=13.522717 R=0.000000
[2019.04.15-02.57.42:768][133]LogBlueprintUserMessages: [GreatDoor_2] P=0.000000 Y=13.522717 R=0.000000
[2019.04.15-02.57.42:784][134]LogBlueprintUserMessages: [GreatDoor_2] P=0.000000 Y=13.522717 R=0.000000
[2019.04.15-02.57.42:800][135]LogBlueprintUserMessages: [GreatDoor_2] P=0.000000 Y=13.522717 R=0.000000
[2019.04.15-02.57.42:816][136]LogBlueprintUserMessages: [GreatDoor_2] P=0.000000 Y=13.522717 R=0.000000
[2019.04.15-02.57.42:832][137]LogBlueprintUserMessages: [GreatDoor_2] P=0.000000 Y=13.522717 R=0.000000
[2019.04.15-02.57.42:848][138]LogBlueprintUserMessages: [GreatDoor_2] P=0.000000 Y=13.522717 R=0.000000
[2019.04.15-02.57.42:865][139]LogBlueprintUserMessages: [GreatDoor_2] P=0.000000 Y=13.522717 R=0.000000
[2019.04.15-02.57.42:881][140]LogBlueprintUserMessages: [GreatDoor_2] P=0.000000 Y=13.522717 R=0.000000
[2019.04.15-02.57.42:897][141]LogBlueprintUserMessages: [GreatDoor_2] P=0.000000 Y=13.522717 R=0.000000
[2019.04.15-02.57.42:913][142]LogBlueprintUserMessages: [GreatDoor_2] P=0.000000 Y=13.522717 R=0.000000
[2019.04.15-02.57.42:929][143]LogBlueprintUserMessages: [GreatDoor_2] P=0.000000 Y=13.522717 R=0.000000
[2019.04.15-02.57.42:945][144]LogBlueprintUserMessages: [GreatDoor_2] P=0.000000 Y=13.522717 R=0.000000
[2019.04.15-02.57.42:962][145]LogBlueprintUserMessages: [GreatDoor_2] P=0.000000 Y=13.522717 R=0.000000
[2019.04.15-02.57.42:978][146]LogBlueprintUserMessages: [GreatDoor_2] P=0.000000 Y=13.522717 R=0.000000
[2019.04.15-02.57.42:994][147]LogBlueprintUserMessages: [GreatDoor_2] P=0.000000 Y=13.522717 R=0.000000
[2019.04.15-02.57.43:009][148]LogBlueprintUserMessages: [GreatDoor_2] P=0.000000 Y=13.522717 R=0.000000
[2019.04.15-02.57.43:025][149]LogBlueprintUserMessages: [GreatDoor_2] P=0.000000 Y=13.522717 R=0.000000
[2019.04.15-02.57.43:042][150]LogBlueprintUserMessages: [GreatDoor_2] P=0.000000 Y=13.522717 R=0.000000
[2019.04.15-02.57.43:058][151]LogBlueprintUserMessages: [GreatDoor_2] P=0.000000 Y=13.522717 R=0.000000
[2019.04.15-02.57.43:074][152]LogBlueprintUserMessages: [GreatDoor_2] P=0.000000 Y=13.522717 R=0.000000
[2019.04.15-02.57.43:090][153]LogBlueprintUserMessages: [GreatDoor_2] P=0.000000 Y=13.522717 R=0.000000
[2019.04.15-02.57.43:106][154]LogBlueprintUserMessages: [GreatDoor_2] P=0.000000 Y=13.522717 R=0.000000
[2019.04.15-02.57.43:122][155]LogBlueprintUserMessages: [GreatDoor_2] P=0.000000 Y=13.522717 R=0.000000
[2019.04.15-02.57.43:139][156]LogBlueprintUserMessages: [GreatDoor_2] P=0.000000 Y=13.522717 R=0.000000
[2019.04.15-02.57.43:155][157]LogBlueprintUserMessages: [GreatDoor_2] P=0.000000 Y=13.522717 R=0.000000
[2019.04.15-02.57.43:171][158]LogBlueprintUserMessages: [GreatDoor_2] P=0.000000 Y=13.522717 R=0.000000
[2019.04.15-02.57.43:187][159]LogBlueprintUserMessages: [GreatDoor_2] P=0.000000 Y=13.522717 R=0.000000
[2019.04.15-02.57.43:203][160]LogBlueprintUserMessages: [GreatDoor_2] P=0.000000 Y=13.522717 R=0.000000
[2019.04.15-02.57.43:219][161]LogBlueprintUserMessages: [GreatDoor_2] P=0.000000 Y=13.522717 R=0.000000
[2019.04.15-02.57.43:235][162]LogBlueprintUserMessages: [GreatDoor_2] P=0.000000 Y=13.522717 R=0.000000
[2019.04.15-02.57.43:252][163]LogBlueprintUserMessages: [GreatDoor_2] P=0.000000 Y=13.522717 R=0.000000
[2019.04.15-02.57.43:268][164]LogBlueprintUserMessages: [GreatDoor_2] P=0.000000 Y=13.522717 R=0.000000
[2019.04.15-02.57.43:284][165]LogBlueprintUserMessages: [GreatDoor_2] P=0.000000 Y=13.522717 R=0.000000
[2019.04.15-02.57.43:300][166]LogBlueprintUserMessages: [GreatDoor_2] P=0.000000 Y=13.522717 R=0.000000
[2019.04.15-02.57.43:316][167]LogBlueprintUserMessages: [GreatDoor_2] P=0.000000 Y=13.522717 R=0.000000
[2019.04.15-02.57.43:332][168]LogBlueprintUserMessages: [GreatDoor_2] P=0.000000 Y=13.522717 R=0.000000
[2019.04.15-02.57.43:348][169]LogBlueprintUserMessages: [GreatDoor_2] P=0.000000 Y=13.522717 R=0.000000
[2019.04.15-02.57.43:365][170]LogBlueprintUserMessages: [GreatDoor_2] P=0.000000 Y=13.522717 R=0.000000
[2019.04.15-02.57.43:381][171]LogBlueprintUserMessages: [GreatDoor_2] P=0.000000 Y=13.522717 R=0.000000
[2019.04.15-02.57.43:397][172]LogBlueprintUserMessages: [GreatDoor_2] P=0.000000 Y=13.522717 R=0.000000
[2019.04.15-02.57.43:413][173]LogBlueprintUserMessages: [GreatDoor_2] P=0.000000 Y=13.522717 R=0.000000
[2019.04.15-02.57.43:429][174]LogBlueprintUserMessages: [GreatDoor_2] P=0.000000 Y=13.522717 R=0.000000
[2019.04.15-02.57.43:445][175]LogBlueprintUserMessages: [GreatDoor_2] P=0.000000 Y=13.522717 R=0.000000
[2019.04.15-02.57.43:461][176]LogBlueprintUserMessages: [GreatDoor_2] P=0.000000 Y=13.522717 R=0.000000
[2019.04.15-02.57.43:478][177]LogBlueprintUserMessages: [GreatDoor_2] P=0.000000 Y=13.522717 R=0.000000
[2019.04.15-02.57.43:494][178]LogBlueprintUserMessages: [GreatDoor_2] P=0.000000 Y=13.522717 R=0.000000
[2019.04.15-02.57.43:510][179]LogBlueprintUserMessages: [GreatDoor_2] P=0.000000 Y=13.522717 R=0.000000
[2019.04.15-02.57.43:526][180]LogBlueprintUserMessages: [GreatDoor_2] P=0.000000 Y=13.522717 R=0.000000
[2019.04.15-02.57.43:542][181]LogBlueprintUserMessages: [GreatDoor_2] P=0.000000 Y=13.522717 R=0.000000
[2019.04.15-02.57.43:558][182]LogBlueprintUserMessages: [GreatDoor_2] P=0.000000 Y=13.522717 R=0.000000
[2019.04.15-02.57.43:575][183]LogBlueprintUserMessages: [GreatDoor_2] P=0.000000 Y=13.522717 R=0.000000
[2019.04.15-02.57.43:591][184]LogBlueprintUserMessages: [GreatDoor_2] P=0.000000 Y=13.522717 R=0.000000
[2019.04.15-02.57.43:607][185]LogBlueprintUserMessages: [GreatDoor_2] P=0.000000 Y=13.522717 R=0.000000
[2019.04.15-02.57.43:622][186]LogBlueprintUserMessages: [GreatDoor_2] P=0.000000 Y=13.522717 R=0.000000
[2019.04.15-02.57.43:638][187]LogBlueprintUserMessages: [GreatDoor_2] P=0.000000 Y=13.522717 R=0.000000
[2019.04.15-02.57.43:654][188]LogBlueprintUserMessages: [GreatDoor_2] P=0.000000 Y=13.522717 R=0.000000
[2019.04.15-02.57.43:670][189]LogBlueprintUserMessages: [GreatDoor_2] P=0.000000 Y=13.522717 R=0.000000
[2019.04.15-02.57.43:687][190]LogBlueprintUserMessages: [GreatDoor_2] P=0.000000 Y=13.522717 R=0.000000
[2019.04.15-02.57.43:703][191]LogBlueprintUserMessages: [GreatDoor_2] P=0.000000 Y=13.522717 R=0.000000
[2019.04.15-02.57.43:719][192]LogBlueprintUserMessages: [GreatDoor_2] P=0.000000 Y=13.522717 R=0.000000
[2019.04.15-02.57.43:735][193]LogBlueprintUserMessages: [GreatDoor_2] P=0.000000 Y=13.522717 R=0.000000
[2019.04.15-02.57.43:751][194]LogBlueprintUserMessages: [GreatDoor_2] P=0.000000 Y=13.522717 R=0.000000
[2019.04.15-02.57.43:767][195]LogBlueprintUserMessages: [GreatDoor_2] P=0.000000 Y=13.522717 R=0.000000
[2019.04.15-02.57.43:784][196]LogBlueprintUserMessages: [GreatDoor_2] P=0.000000 Y=13.522717 R=0.000000
[2019.04.15-02.57.43:800][197]LogBlueprintUserMessages: [GreatDoor_2] P=0.000000 Y=13.522717 R=0.000000
[2019.04.15-02.57.43:816][198]LogBlueprintUserMessages: [GreatDoor_2] P=0.000000 Y=13.522717 R=0.000000
[2019.04.15-02.57.43:832][199]LogBlueprintUserMessages: [GreatDoor_2] P=0.000000 Y=13.522717 R=0.000000
[2019.04.15-02.57.43:848][200]LogBlueprintUserMessages: [GreatDoor_2] P=0.000000 Y=13.522717 R=0.000000
[2019.04.15-02.57.43:864][201]LogBlueprintUserMessages: [GreatDoor_2] P=0.000000 Y=13.522717 R=0.000000
[2019.04.15-02.57.43:880][202]LogBlueprintUserMessages: [GreatDoor_2] P=0.000000 Y=13.522717 R=0.000000
[2019.04.15-02.57.43:897][203]LogBlueprintUserMessages: [GreatDoor_2] P=0.000000 Y=13.522717 R=0.000000
[2019.04.15-02.57.43:913][204]LogBlueprintUserMessages: [GreatDoor_2] P=0.000000 Y=13.522717 R=0.000000
[2019.04.15-02.57.43:929][205]LogBlueprintUserMessages: [GreatDoor_2] P=0.000000 Y=13.522717 R=0.000000
[2019.04.15-02.57.43:945][206]LogBlueprintUserMessages: [GreatDoor_2] P=0.000000 Y=13.522717 R=0.000000
[2019.04.15-02.57.43:961][207]LogBlueprintUserMessages: [GreatDoor_2] P=0.000000 Y=13.522717 R=0.000000
[2019.04.15-02.57.43:977][208]LogBlueprintUserMessages: [GreatDoor_2] P=0.000000 Y=13.522717 R=0.000000
[2019.04.15-02.57.43:993][209]LogBlueprintUserMessages: [GreatDoor_2] P=0.000000 Y=13.522717 R=0.000000
[2019.04.15-02.57.44:010][210]LogBlueprintUserMessages: [GreatDoor_2] P=0.000000 Y=13.522717 R=0.000000
[2019.04.15-02.57.44:026][211]LogBlueprintUserMessages: [GreatDoor_2] P=0.000000 Y=13.522717 R=0.000000
[2019.04.15-02.57.44:042][212]LogBlueprintUserMessages: [GreatDoor_2] P=0.000000 Y=13.522717 R=0.000000
[2019.04.15-02.57.44:058][213]LogBlueprintUserMessages: [GreatDoor_2] P=0.000000 Y=13.522717 R=0.000000
[2019.04.15-02.57.44:074][214]LogBlueprintUserMessages: [GreatDoor_2] P=0.000000 Y=13.522717 R=0.000000
[2019.04.15-02.57.44:090][215]LogBlueprintUserMessages: [GreatDoor_2] P=0.000000 Y=13.522717 R=0.000000
[2019.04.15-02.57.44:107][216]LogBlueprintUserMessages: [GreatDoor_2] P=0.000000 Y=13.522717 R=0.000000
[2019.04.15-02.57.44:123][217]LogBlueprintUserMessages: [GreatDoor_2] P=0.000000 Y=13.522717 R=0.000000
[2019.04.15-02.57.44:139][218]LogBlueprintUserMessages: [GreatDoor_2] P=0.000000 Y=13.522717 R=0.000000
[2019.04.15-02.57.44:155][219]LogBlueprintUserMessages: [GreatDoor_2] P=0.000000 Y=13.522717 R=0.000000
[2019.04.15-02.57.44:171][220]LogBlueprintUserMessages: [GreatDoor_2] P=0.000000 Y=13.522717 R=0.000000
[2019.04.15-02.57.44:187][221]LogBlueprintUserMessages: [GreatDoor_2] P=0.000000 Y=13.522717 R=0.000000
[2019.04.15-02.57.44:203][222]LogBlueprintUserMessages: [GreatDoor_2] P=0.000000 Y=13.522717 R=0.000000
[2019.04.15-02.57.44:219][223]LogBlueprintUserMessages: [GreatDoor_2] P=0.000000 Y=13.522717 R=0.000000
[2019.04.15-02.57.44:236][224]LogBlueprintUserMessages: [GreatDoor_2] P=0.000000 Y=13.522717 R=0.000000
[2019.04.15-02.57.44:252][225]LogBlueprintUserMessages: [GreatDoor_2] P=0.000000 Y=13.522717 R=0.000000
[2019.04.15-02.57.44:268][226]LogBlueprintUserMessages: [GreatDoor_2] P=0.000000 Y=13.522717 R=0.000000
[2019.04.15-02.57.44:284][227]LogBlueprintUserMessages: [GreatDoor_2] P=0.000000 Y=13.522717 R=0.000000
[2019.04.15-02.57.44:300][228]LogBlueprintUserMessages: [GreatDoor_2] P=0.000000 Y=13.522717 R=0.000000
[2019.04.15-02.57.44:316][229]LogBlueprintUserMessages: [GreatDoor_2] P=0.000000 Y=13.522717 R=0.000000
[2019.04.15-02.57.44:333][230]LogBlueprintUserMessages: [GreatDoor_2] P=0.000000 Y=13.522717 R=0.000000
[2019.04.15-02.57.44:349][231]LogBlueprintUserMessages: [GreatDoor_2] P=0.000000 Y=13.522717 R=0.000000
[2019.04.15-02.57.44:365][232]LogBlueprintUserMessages: [GreatDoor_2] P=0.000000 Y=13.522717 R=0.000000
[2019.04.15-02.57.44:381][233]LogBlueprintUserMessages: [GreatDoor_2] P=0.000000 Y=13.522717 R=0.000000
[2019.04.15-02.57.44:397][234]LogBlueprintUserMessages: [GreatDoor_2] P=0.000000 Y=13.522717 R=0.000000
[2019.04.15-02.57.44:413][235]LogBlueprintUserMessages: [GreatDoor_2] P=0.000000 Y=13.522717 R=0.000000
[2019.04.15-02.57.44:429][236]LogBlueprintUserMessages: [GreatDoor_2] P=0.000000 Y=13.522717 R=0.000000
[2019.04.15-02.57.44:446][237]LogBlueprintUserMessages: [GreatDoor_2] P=0.000000 Y=13.522717 R=0.000000
[2019.04.15-02.57.44:462][238]LogBlueprintUserMessages: [GreatDoor_2] P=0.000000 Y=13.522717 R=0.000000
[2019.04.15-02.57.44:477][239]LogBlueprintUserMessages: [GreatDoor_2] P=0.000000 Y=13.522717 R=0.000000
[2019.04.15-02.57.44:493][240]LogBlueprintUserMessages: [GreatDoor_2] P=0.000000 Y=13.522717 R=0.000000
[2019.04.15-02.57.44:509][241]LogBlueprintUserMessages: [GreatDoor_2] P=0.000000 Y=13.522717 R=0.000000
[2019.04.15-02.57.44:525][242]LogBlueprintUserMessages: [GreatDoor_2] P=0.000000 Y=13.522717 R=0.000000
[2019.04.15-02.57.44:542][243]LogBlueprintUserMessages: [GreatDoor_2] P=0.000000 Y=13.522717 R=0.000000
[2019.04.15-02.57.44:558][244]LogBlueprintUserMessages: [GreatDoor_2] P=0.000000 Y=13.522717 R=0.000000
[2019.04.15-02.57.44:574][245]LogBlueprintUserMessages: [GreatDoor_2] P=0.000000 Y=13.522717 R=0.000000
[2019.04.15-02.57.44:590][246]LogBlueprintUserMessages: [GreatDoor_2] P=0.000000 Y=13.522717 R=0.000000
[2019.04.15-02.57.44:606][247]LogBlueprintUserMessages: [GreatDoor_2] P=0.000000 Y=13.522717 R=0.000000
[2019.04.15-02.57.44:622][248]LogBlueprintUserMessages: [GreatDoor_2] P=0.000000 Y=13.522717 R=0.000000
[2019.04.15-02.57.44:638][249]LogBlueprintUserMessages: [GreatDoor_2] P=0.000000 Y=13.522717 R=0.000000
[2019.04.15-02.57.44:655][250]LogBlueprintUserMessages: [GreatDoor_2] P=0.000000 Y=13.522717 R=0.000000
[2019.04.15-02.57.44:671][251]LogBlueprintUserMessages: [GreatDoor_2] P=0.000000 Y=13.522717 R=0.000000
[2019.04.15-02.57.44:687][252]LogBlueprintUserMessages: [GreatDoor_2] P=0.000000 Y=13.522717 R=0.000000
[2019.04.15-02.57.44:703][253]LogBlueprintUserMessages: [GreatDoor_2] P=0.000000 Y=13.522717 R=0.000000
[2019.04.15-02.57.44:719][254]LogBlueprintUserMessages: [GreatDoor_2] P=0.000000 Y=13.522717 R=0.000000
[2019.04.15-02.57.44:735][255]LogBlueprintUserMessages: [GreatDoor_2] P=0.000000 Y=13.522717 R=0.000000
[2019.04.15-02.57.44:751][256]LogBlueprintUserMessages: [GreatDoor_2] P=0.000000 Y=13.522717 R=0.000000
[2019.04.15-02.57.44:768][257]LogBlueprintUserMessages: [GreatDoor_2] P=0.000000 Y=13.522717 R=0.000000
[2019.04.15-02.57.44:784][258]LogBlueprintUserMessages: [GreatDoor_2] P=0.000000 Y=13.522717 R=0.000000
[2019.04.15-02.57.44:800][259]LogBlueprintUserMessages: [GreatDoor_2] P=0.000000 Y=13.522717 R=0.000000
[2019.04.15-02.57.44:816][260]LogBlueprintUserMessages: [GreatDoor_2] P=0.000000 Y=13.522717 R=0.000000
[2019.04.15-02.57.44:832][261]LogBlueprintUserMessages: [GreatDoor_2] P=0.000000 Y=13.522717 R=0.000000
[2019.04.15-02.57.44:848][262]LogBlueprintUserMessages: [GreatDoor_2] P=0.000000 Y=13.522717 R=0.000000
[2019.04.15-02.57.44:865][263]LogBlueprintUserMessages: [GreatDoor_2] P=0.000000 Y=13.522717 R=0.000000
[2019.04.15-02.57.44:881][264]LogBlueprintUserMessages: [GreatDoor_2] P=0.000000 Y=13.522717 R=0.000000
[2019.04.15-02.57.44:897][265]LogBlueprintUserMessages: [GreatDoor_2] P=0.000000 Y=13.522717 R=0.000000
[2019.04.15-02.57.44:913][266]LogBlueprintUserMessages: [GreatDoor_2] P=0.000000 Y=13.522717 R=0.000000
[2019.04.15-02.57.44:929][267]LogBlueprintUserMessages: [GreatDoor_2] P=0.000000 Y=13.522717 R=0.000000
[2019.04.15-02.57.44:945][268]LogBlueprintUserMessages: [GreatDoor_2] P=0.000000 Y=13.522717 R=0.000000
[2019.04.15-02.57.44:961][269]LogBlueprintUserMessages: [GreatDoor_2] P=0.000000 Y=13.522717 R=0.000000
[2019.04.15-02.57.44:977][270]LogBlueprintUserMessages: [GreatDoor_2] P=0.000000 Y=13.522717 R=0.000000
[2019.04.15-02.57.44:994][271]LogBlueprintUserMessages: [GreatDoor_2] P=0.000000 Y=13.522717 R=0.000000
[2019.04.15-02.57.45:010][272]LogBlueprintUserMessages: [GreatDoor_2] P=0.000000 Y=13.522717 R=0.000000
[2019.04.15-02.57.45:026][273]LogBlueprintUserMessages: [GreatDoor_2] P=0.000000 Y=13.522717 R=0.000000
[2019.04.15-02.57.45:042][274]LogBlueprintUserMessages: [GreatDoor_2] P=0.000000 Y=13.522717 R=0.000000
[2019.04.15-02.57.45:058][275]LogBlueprintUserMessages: [GreatDoor_2] P=0.000000 Y=13.522717 R=0.000000
[2019.04.15-02.57.45:074][276]LogBlueprintUserMessages: [GreatDoor_2] P=0.000000 Y=13.522717 R=0.000000
[2019.04.15-02.57.45:090][277]LogBlueprintUserMessages: [GreatDoor_2] P=0.000000 Y=13.522717 R=0.000000
[2019.04.15-02.57.45:107][278]LogBlueprintUserMessages: [GreatDoor_2] P=0.000000 Y=13.522717 R=0.000000
[2019.04.15-02.57.45:123][279]LogBlueprintUserMessages: [GreatDoor_2] P=0.000000 Y=13.522717 R=0.000000
[2019.04.15-02.57.45:139][280]LogBlueprintUserMessages: [GreatDoor_2] P=0.000000 Y=13.522717 R=0.000000
[2019.04.15-02.57.45:155][281]LogBlueprintUserMessages: [GreatDoor_2] P=0.000000 Y=13.522717 R=0.000000
[2019.04.15-02.57.45:171][282]LogBlueprintUserMessages: [GreatDoor_2] P=0.000000 Y=13.522717 R=0.000000
[2019.04.15-02.57.45:187][283]LogBlueprintUserMessages: [GreatDoor_2] P=0.000000 Y=13.522717 R=0.000000
[2019.04.15-02.57.45:204][284]LogBlueprintUserMessages: [GreatDoor_2] P=0.000000 Y=13.522717 R=0.000000
[2019.04.15-02.57.45:220][285]LogBlueprintUserMessages: [GreatDoor_2] P=0.000000 Y=13.522717 R=0.000000
[2019.04.15-02.57.45:236][286]LogBlueprintUserMessages: [GreatDoor_2] P=0.000000 Y=13.522717 R=0.000000
[2019.04.15-02.57.45:252][287]LogBlueprintUserMessages: [GreatDoor_2] P=0.000000 Y=13.522717 R=0.000000
[2019.04.15-02.57.45:268][288]LogBlueprintUserMessages: [GreatDoor_2] P=0.000000 Y=13.522717 R=0.000000
[2019.04.15-02.57.45:284][289]LogBlueprintUserMessages: [GreatDoor_2] P=0.000000 Y=13.522717 R=0.000000
[2019.04.15-02.57.45:300][290]LogBlueprintUserMessages: [GreatDoor_2] P=0.000000 Y=13.522717 R=0.000000
[2019.04.15-02.57.45:317][291]LogBlueprintUserMessages: [GreatDoor_2] P=0.000000 Y=13.522717 R=0.000000
[2019.04.15-02.57.45:332][292]LogBlueprintUserMessages: [GreatDoor_2] P=0.000000 Y=13.522717 R=0.000000
[2019.04.15-02.57.45:348][293]LogBlueprintUserMessages: [GreatDoor_2] P=0.000000 Y=13.522717 R=0.000000
[2019.04.15-02.57.45:364][294]LogBlueprintUserMessages: [GreatDoor_2] P=0.000000 Y=13.522717 R=0.000000
[2019.04.15-02.57.45:380][295]LogBlueprintUserMessages: [GreatDoor_2] P=0.000000 Y=13.522717 R=0.000000
[2019.04.15-02.57.45:396][296]LogBlueprintUserMessages: [GreatDoor_2] P=0.000000 Y=13.522717 R=0.000000
[2019.04.15-02.57.45:412][297]LogBlueprintUserMessages: [GreatDoor_2] P=0.000000 Y=13.522717 R=0.000000
[2019.04.15-02.57.45:429][298]LogBlueprintUserMessages: [GreatDoor_2] P=0.000000 Y=13.522717 R=0.000000
[2019.04.15-02.57.45:445][299]LogBlueprintUserMessages: [GreatDoor_2] P=0.000000 Y=13.522717 R=0.000000
[2019.04.15-02.57.45:461][300]LogBlueprintUserMessages: [GreatDoor_2] P=0.000000 Y=13.522717 R=0.000000
[2019.04.15-02.57.45:477][301]LogBlueprintUserMessages: [GreatDoor_2] P=0.000000 Y=13.522717 R=0.000000
[2019.04.15-02.57.45:493][302]LogBlueprintUserMessages: [GreatDoor_2] P=0.000000 Y=13.522717 R=0.000000
[2019.04.15-02.57.45:509][303]LogBlueprintUserMessages: [GreatDoor_2] P=0.000000 Y=13.522717 R=0.000000
[2019.04.15-02.57.45:526][304]LogBlueprintUserMessages: [GreatDoor_2] P=0.000000 Y=13.522717 R=0.000000
[2019.04.15-02.57.45:542][305]LogBlueprintUserMessages: [GreatDoor_2] P=0.000000 Y=13.522717 R=0.000000
[2019.04.15-02.57.45:558][306]LogBlueprintUserMessages: [GreatDoor_2] P=0.000000 Y=13.522717 R=0.000000
[2019.04.15-02.57.45:574][307]LogBlueprintUserMessages: [GreatDoor_2] P=0.000000 Y=13.522717 R=0.000000
[2019.04.15-02.57.45:590][308]LogBlueprintUserMessages: [GreatDoor_2] P=0.000000 Y=13.522717 R=0.000000
[2019.04.15-02.57.45:606][309]LogBlueprintUserMessages: [GreatDoor_2] P=0.000000 Y=13.522717 R=0.000000
[2019.04.15-02.57.45:622][310]LogBlueprintUserMessages: [GreatDoor_2] P=0.000000 Y=13.522717 R=0.000000
[2019.04.15-02.57.45:639][311]LogBlueprintUserMessages: [GreatDoor_2] P=0.000000 Y=13.522717 R=0.000000
[2019.04.15-02.57.45:655][312]LogBlueprintUserMessages: [GreatDoor_2] P=0.000000 Y=13.522717 R=0.000000
[2019.04.15-02.57.45:671][313]LogBlueprintUserMessages: [GreatDoor_2] P=0.000000 Y=13.522717 R=0.000000
[2019.04.15-02.57.45:687][314]LogBlueprintUserMessages: [GreatDoor_2] P=0.000000 Y=13.522717 R=0.000000
[2019.04.15-02.57.45:703][315]LogBlueprintUserMessages: [GreatDoor_2] P=0.000000 Y=13.522717 R=0.000000
[2019.04.15-02.57.45:719][316]LogBlueprintUserMessages: [GreatDoor_2] P=0.000000 Y=13.522717 R=0.000000
[2019.04.15-02.57.45:736][317]LogBlueprintUserMessages: [GreatDoor_2] P=0.000000 Y=13.522717 R=0.000000
[2019.04.15-02.57.45:752][318]LogBlueprintUserMessages: [GreatDoor_2] P=0.000000 Y=13.522717 R=0.000000
[2019.04.15-02.57.45:768][319]LogBlueprintUserMessages: [GreatDoor_2] P=0.000000 Y=13.522717 R=0.000000
[2019.04.15-02.57.45:784][320]LogBlueprintUserMessages: [GreatDoor_2] P=0.000000 Y=13.522717 R=0.000000
[2019.04.15-02.57.45:800][321]LogBlueprintUserMessages: [GreatDoor_2] P=0.000000 Y=13.522717 R=0.000000
[2019.04.15-02.57.45:816][322]LogBlueprintUserMessages: [GreatDoor_2] P=0.000000 Y=13.522717 R=0.000000
[2019.04.15-02.57.45:832][323]LogBlueprintUserMessages: [GreatDoor_2] P=0.000000 Y=13.522717 R=0.000000
[2019.04.15-02.57.45:848][324]LogBlueprintUserMessages: [GreatDoor_2] P=0.000000 Y=13.522717 R=0.000000
[2019.04.15-02.57.45:865][325]LogBlueprintUserMessages: [GreatDoor_2] P=0.000000 Y=13.522717 R=0.000000
[2019.04.15-02.57.45:881][326]LogBlueprintUserMessages: [GreatDoor_2] P=0.000000 Y=13.522717 R=0.000000
[2019.04.15-02.57.45:897][327]LogBlueprintUserMessages: [GreatDoor_2] P=0.000000 Y=13.522717 R=0.000000
[2019.04.15-02.57.45:913][328]LogBlueprintUserMessages: [GreatDoor_2] P=0.000000 Y=13.522717 R=0.000000
[2019.04.15-02.57.45:929][329]LogBlueprintUserMessages: [GreatDoor_2] P=0.000000 Y=13.522717 R=0.000000
[2019.04.15-02.57.45:945][330]LogBlueprintUserMessages: [GreatDoor_2] P=0.000000 Y=13.522717 R=0.000000
[2019.04.15-02.57.45:962][331]LogBlueprintUserMessages: [GreatDoor_2] P=0.000000 Y=13.522717 R=0.000000
[2019.04.15-02.57.45:978][332]LogBlueprintUserMessages: [GreatDoor_2] P=0.000000 Y=13.522717 R=0.000000
[2019.04.15-02.57.45:994][333]LogBlueprintUserMessages: [GreatDoor_2] P=0.000000 Y=13.522717 R=0.000000
[2019.04.15-02.57.46:010][334]LogBlueprintUserMessages: [GreatDoor_2] P=0.000000 Y=13.522717 R=0.000000
[2019.04.15-02.57.46:026][335]LogBlueprintUserMessages: [GreatDoor_2] P=0.000000 Y=13.522717 R=0.000000
[2019.04.15-02.57.46:042][336]LogBlueprintUserMessages: [GreatDoor_2] P=0.000000 Y=13.522717 R=0.000000
[2019.04.15-02.57.46:058][337]LogBlueprintUserMessages: [GreatDoor_2] P=0.000000 Y=13.522717 R=0.000000
[2019.04.15-02.57.46:075][338]LogBlueprintUserMessages: [GreatDoor_2] P=0.000000 Y=13.522717 R=0.000000
[2019.04.15-02.57.46:091][339]LogBlueprintUserMessages: [GreatDoor_2] P=0.000000 Y=13.522717 R=0.000000
[2019.04.15-02.57.46:107][340]LogBlueprintUserMessages: [GreatDoor_2] P=0.000000 Y=13.522717 R=0.000000
[2019.04.15-02.57.46:123][341]LogBlueprintUserMessages: [GreatDoor_2] P=0.000000 Y=13.522717 R=0.000000
[2019.04.15-02.57.46:139][342]LogBlueprintUserMessages: [GreatDoor_2] P=0.000000 Y=13.522717 R=0.000000
[2019.04.15-02.57.46:155][343]LogBlueprintUserMessages: [GreatDoor_2] P=0.000000 Y=13.522717 R=0.000000
[2019.04.15-02.57.46:171][344]LogBlueprintUserMessages: [GreatDoor_2] P=0.000000 Y=13.522717 R=0.000000
[2019.04.15-02.57.46:187][345]LogBlueprintUserMessages: [GreatDoor_2] P=0.000000 Y=13.522717 R=0.000000
[2019.04.15-02.57.46:203][346]LogBlueprintUserMessages: [GreatDoor_2] P=0.000000 Y=13.522717 R=0.000000
[2019.04.15-02.57.46:219][347]LogBlueprintUserMessages: [GreatDoor_2] P=0.000000 Y=13.522717 R=0.000000
[2019.04.15-02.57.46:235][348]LogBlueprintUserMessages: [GreatDoor_2] P=0.000000 Y=13.522717 R=0.000000
[2019.04.15-02.57.46:251][349]LogBlueprintUserMessages: [GreatDoor_2] P=0.000000 Y=13.522717 R=0.000000
[2019.04.15-02.57.46:267][350]LogBlueprintUserMessages: [GreatDoor_2] P=0.000000 Y=13.522717 R=0.000000
[2019.04.15-02.57.46:284][351]LogBlueprintUserMessages: [GreatDoor_2] P=0.000000 Y=13.522717 R=0.000000
[2019.04.15-02.57.46:300][352]LogBlueprintUserMessages: [GreatDoor_2] P=0.000000 Y=13.522717 R=0.000000
[2019.04.15-02.57.46:316][353]LogBlueprintUserMessages: [GreatDoor_2] P=0.000000 Y=13.522717 R=0.000000
[2019.04.15-02.57.46:332][354]LogBlueprintUserMessages: [GreatDoor_2] P=0.000000 Y=13.522717 R=0.000000
[2019.04.15-02.57.46:348][355]LogBlueprintUserMessages: [GreatDoor_2] P=0.000000 Y=13.522717 R=0.000000
[2019.04.15-02.57.46:364][356]LogBlueprintUserMessages: [GreatDoor_2] P=0.000000 Y=13.522717 R=0.000000
[2019.04.15-02.57.46:380][357]LogBlueprintUserMessages: [GreatDoor_2] P=0.000000 Y=13.522717 R=0.000000
[2019.04.15-02.57.46:397][358]LogBlueprintUserMessages: [GreatDoor_2] P=0.000000 Y=13.522717 R=0.000000
[2019.04.15-02.57.46:413][359]LogBlueprintUserMessages: [GreatDoor_2] P=0.000000 Y=13.522717 R=0.000000
[2019.04.15-02.57.46:429][360]LogBlueprintUserMessages: [GreatDoor_2] P=0.000000 Y=13.522717 R=0.000000
[2019.04.15-02.57.46:445][361]LogBlueprintUserMessages: [GreatDoor_2] P=0.000000 Y=13.522717 R=0.000000
[2019.04.15-02.57.46:461][362]LogBlueprintUserMessages: [GreatDoor_2] P=0.000000 Y=13.522717 R=0.000000
[2019.04.15-02.57.46:477][363]LogBlueprintUserMessages: [GreatDoor_2] P=0.000000 Y=13.522717 R=0.000000
[2019.04.15-02.57.46:493][364]LogBlueprintUserMessages: [GreatDoor_2] P=0.000000 Y=13.522717 R=0.000000
[2019.04.15-02.57.46:510][365]LogBlueprintUserMessages: [GreatDoor_2] P=0.000000 Y=13.522717 R=0.000000
[2019.04.15-02.57.46:526][366]LogBlueprintUserMessages: [GreatDoor_2] P=0.000000 Y=13.522717 R=0.000000
[2019.04.15-02.57.46:542][367]LogBlueprintUserMessages: [GreatDoor_2] P=0.000000 Y=13.522717 R=0.000000
[2019.04.15-02.57.46:558][368]LogBlueprintUserMessages: [GreatDoor_2] P=0.000000 Y=13.522717 R=0.000000
[2019.04.15-02.57.46:574][369]LogBlueprintUserMessages: [GreatDoor_2] P=0.000000 Y=13.522717 R=0.000000
[2019.04.15-02.57.46:590][370]LogBlueprintUserMessages: [GreatDoor_2] P=0.000000 Y=13.522717 R=0.000000
[2019.04.15-02.57.46:607][371]LogBlueprintUserMessages: [GreatDoor_2] P=0.000000 Y=13.522717 R=0.000000
[2019.04.15-02.57.46:623][372]LogBlueprintUserMessages: [GreatDoor_2] P=0.000000 Y=13.522717 R=0.000000
[2019.04.15-02.57.46:639][373]LogBlueprintUserMessages: [GreatDoor_2] P=0.000000 Y=13.522717 R=0.000000
[2019.04.15-02.57.46:655][374]LogBlueprintUserMessages: [GreatDoor_2] P=0.000000 Y=13.522717 R=0.000000
[2019.04.15-02.57.46:671][375]LogBlueprintUserMessages: [GreatDoor_2] P=0.000000 Y=13.522717 R=0.000000
[2019.04.15-02.57.46:687][376]LogBlueprintUserMessages: [GreatDoor_2] P=0.000000 Y=13.522717 R=0.000000
[2019.04.15-02.57.46:703][377]LogBlueprintUserMessages: [GreatDoor_2] P=0.000000 Y=13.522717 R=0.000000
[2019.04.15-02.57.46:720][378]LogBlueprintUserMessages: [GreatDoor_2] P=0.000000 Y=13.522717 R=0.000000
[2019.04.15-02.57.46:736][379]LogBlueprintUserMessages: [GreatDoor_2] P=0.000000 Y=13.522717 R=0.000000
[2019.04.15-02.57.46:752][380]LogBlueprintUserMessages: [GreatDoor_2] P=0.000000 Y=13.522717 R=0.000000
[2019.04.15-02.57.46:768][381]LogBlueprintUserMessages: [GreatDoor_2] P=0.000000 Y=13.522717 R=0.000000
[2019.04.15-02.57.46:784][382]LogBlueprintUserMessages: [GreatDoor_2] P=0.000000 Y=13.522717 R=0.000000
[2019.04.15-02.57.46:800][383]LogBlueprintUserMessages: [GreatDoor_2] P=0.000000 Y=13.522717 R=0.000000
[2019.04.15-02.57.46:816][384]LogBlueprintUserMessages: [GreatDoor_2] P=0.000000 Y=13.522717 R=0.000000
[2019.04.15-02.57.46:832][385]LogBlueprintUserMessages: [GreatDoor_2] P=0.000000 Y=13.522717 R=0.000000
[2019.04.15-02.57.46:848][386]LogBlueprintUserMessages: [GreatDoor_2] P=0.000000 Y=13.522717 R=0.000000
[2019.04.15-02.57.46:864][387]LogBlueprintUserMessages: [GreatDoor_2] P=0.000000 Y=13.522717 R=0.000000
[2019.04.15-02.57.46:881][388]LogBlueprintUserMessages: [GreatDoor_2] P=0.000000 Y=13.522717 R=0.000000
[2019.04.15-02.57.46:897][389]LogBlueprintUserMessages: [GreatDoor_2] P=0.000000 Y=13.522717 R=0.000000
[2019.04.15-02.57.46:913][390]LogBlueprintUserMessages: [GreatDoor_2] P=0.000000 Y=13.522717 R=0.000000
[2019.04.15-02.57.46:929][391]LogBlueprintUserMessages: [GreatDoor_2] P=0.000000 Y=13.522717 R=0.000000
[2019.04.15-02.57.46:945][392]LogBlueprintUserMessages: [GreatDoor_2] P=0.000000 Y=13.522717 R=0.000000
[2019.04.15-02.57.46:961][393]LogBlueprintUserMessages: [GreatDoor_2] P=0.000000 Y=13.522717 R=0.000000
[2019.04.15-02.57.46:977][394]LogBlueprintUserMessages: [GreatDoor_2] P=0.000000 Y=13.522717 R=0.000000
[2019.04.15-02.57.46:994][395]LogBlueprintUserMessages: [GreatDoor_2] P=0.000000 Y=13.522717 R=0.000000
[2019.04.15-02.57.47:010][396]LogBlueprintUserMessages: [GreatDoor_2] P=0.000000 Y=13.522717 R=0.000000
[2019.04.15-02.57.47:026][397]LogBlueprintUserMessages: [GreatDoor_2] P=0.000000 Y=13.522717 R=0.000000
[2019.04.15-02.57.47:042][398]LogBlueprintUserMessages: [GreatDoor_2] P=0.000000 Y=13.522717 R=0.000000
[2019.04.15-02.57.47:058][399]LogBlueprintUserMessages: [GreatDoor_2] P=0.000000 Y=13.522717 R=0.000000
[2019.04.15-02.57.47:074][400]LogBlueprintUserMessages: [GreatDoor_2] P=0.000000 Y=13.522717 R=0.000000
[2019.04.15-02.57.47:090][401]LogBlueprintUserMessages: [GreatDoor_2] P=0.000000 Y=13.522717 R=0.000000
[2019.04.15-02.57.47:107][402]LogBlueprintUserMessages: [GreatDoor_2] P=0.000000 Y=13.522717 R=0.000000
[2019.04.15-02.57.47:123][403]LogBlueprintUserMessages: [GreatDoor_2] P=0.000000 Y=13.522717 R=0.000000
[2019.04.15-02.57.47:139][404]LogBlueprintUserMessages: [GreatDoor_2] P=0.000000 Y=13.522717 R=0.000000
[2019.04.15-02.57.47:155][405]LogBlueprintUserMessages: [GreatDoor_2] P=0.000000 Y=13.522717 R=0.000000
[2019.04.15-02.57.47:171][406]LogBlueprintUserMessages: [GreatDoor_2] P=0.000000 Y=13.522717 R=0.000000
[2019.04.15-02.57.47:187][407]LogBlueprintUserMessages: [GreatDoor_2] P=0.000000 Y=13.522717 R=0.000000
[2019.04.15-02.57.47:203][408]LogBlueprintUserMessages: [GreatDoor_2] P=0.000000 Y=13.522717 R=0.000000
[2019.04.15-02.57.47:220][409]LogBlueprintUserMessages: [GreatDoor_2] P=0.000000 Y=13.522717 R=0.000000
[2019.04.15-02.57.47:236][410]LogBlueprintUserMessages: [GreatDoor_2] P=0.000000 Y=13.522717 R=0.000000
[2019.04.15-02.57.47:252][411]LogBlueprintUserMessages: [GreatDoor_2] P=0.000000 Y=13.522717 R=0.000000
[2019.04.15-02.57.47:268][412]LogBlueprintUserMessages: [GreatDoor_2] P=0.000000 Y=13.522717 R=0.000000
[2019.04.15-02.57.47:284][413]LogBlueprintUserMessages: [GreatDoor_2] P=0.000000 Y=13.522717 R=0.000000
[2019.04.15-02.57.47:300][414]LogBlueprintUserMessages: [GreatDoor_2] P=0.000000 Y=13.522717 R=0.000000
[2019.04.15-02.57.47:317][415]LogBlueprintUserMessages: [GreatDoor_2] P=0.000000 Y=13.522717 R=0.000000
[2019.04.15-02.57.47:333][416]LogBlueprintUserMessages: [GreatDoor_2] P=0.000000 Y=13.522717 R=0.000000
[2019.04.15-02.57.47:349][417]LogBlueprintUserMessages: [GreatDoor_2] P=0.000000 Y=13.522717 R=0.000000
[2019.04.15-02.57.47:365][418]LogBlueprintUserMessages: [GreatDoor_2] P=0.000000 Y=13.522717 R=0.000000
[2019.04.15-02.57.47:381][419]LogBlueprintUserMessages: [GreatDoor_2] P=0.000000 Y=13.522717 R=0.000000
[2019.04.15-02.57.47:397][420]LogBlueprintUserMessages: [GreatDoor_2] P=0.000000 Y=13.522717 R=0.000000
[2019.04.15-02.57.47:413][421]LogBlueprintUserMessages: [GreatDoor_2] P=0.000000 Y=13.522717 R=0.000000
[2019.04.15-02.57.47:430][422]LogBlueprintUserMessages: [GreatDoor_2] P=0.000000 Y=13.522717 R=0.000000
[2019.04.15-02.57.47:446][423]LogBlueprintUserMessages: [GreatDoor_2] P=0.000000 Y=13.522717 R=0.000000
[2019.04.15-02.57.47:462][424]LogBlueprintUserMessages: [GreatDoor_2] P=0.000000 Y=13.522717 R=0.000000
[2019.04.15-02.57.47:477][425]LogBlueprintUserMessages: [GreatDoor_2] P=0.000000 Y=13.522717 R=0.000000
[2019.04.15-02.57.47:493][426]LogBlueprintUserMessages: [GreatDoor_2] P=0.000000 Y=13.522717 R=0.000000
[2019.04.15-02.57.47:509][427]LogBlueprintUserMessages: [GreatDoor_2] P=0.000000 Y=13.522717 R=0.000000
[2019.04.15-02.57.47:525][428]LogBlueprintUserMessages: [GreatDoor_2] P=0.000000 Y=13.522717 R=0.000000
[2019.04.15-02.57.47:542][429]LogBlueprintUserMessages: [GreatDoor_2] P=0.000000 Y=13.522717 R=0.000000
[2019.04.15-02.57.47:558][430]LogBlueprintUserMessages: [GreatDoor_2] P=0.000000 Y=13.522717 R=0.000000
[2019.04.15-02.57.47:574][431]LogBlueprintUserMessages: [GreatDoor_2] P=0.000000 Y=13.522717 R=0.000000
[2019.04.15-02.57.47:590][432]LogBlueprintUserMessages: [GreatDoor_2] P=0.000000 Y=13.522717 R=0.000000
[2019.04.15-02.57.47:606][433]LogBlueprintUserMessages: [GreatDoor_2] P=0.000000 Y=13.522717 R=0.000000
[2019.04.15-02.57.47:622][434]LogBlueprintUserMessages: [GreatDoor_2] P=0.000000 Y=13.522717 R=0.000000
[2019.04.15-02.57.47:638][435]LogBlueprintUserMessages: [GreatDoor_2] P=0.000000 Y=13.522717 R=0.000000
[2019.04.15-02.57.47:655][436]LogBlueprintUserMessages: [GreatDoor_2] P=0.000000 Y=13.522717 R=0.000000
[2019.04.15-02.57.47:671][437]LogBlueprintUserMessages: [GreatDoor_2] P=0.000000 Y=13.522717 R=0.000000
[2019.04.15-02.57.47:687][438]LogBlueprintUserMessages: [GreatDoor_2] P=0.000000 Y=13.522717 R=0.000000
[2019.04.15-02.57.47:703][439]LogBlueprintUserMessages: [GreatDoor_2] P=0.000000 Y=13.522717 R=0.000000
[2019.04.15-02.57.47:719][440]LogBlueprintUserMessages: [GreatDoor_2] P=0.000000 Y=13.522717 R=0.000000
[2019.04.15-02.57.47:735][441]LogBlueprintUserMessages: [GreatDoor_2] P=0.000000 Y=13.522717 R=0.000000
[2019.04.15-02.57.47:752][442]LogBlueprintUserMessages: [GreatDoor_2] P=0.000000 Y=13.522717 R=0.000000
[2019.04.15-02.57.47:768][443]LogBlueprintUserMessages: [GreatDoor_2] P=0.000000 Y=13.522717 R=0.000000
[2019.04.15-02.57.47:784][444]LogBlueprintUserMessages: [GreatDoor_2] P=0.000000 Y=13.522717 R=0.000000
[2019.04.15-02.57.47:800][445]LogBlueprintUserMessages: [GreatDoor_2] P=0.000000 Y=13.522717 R=0.000000
[2019.04.15-02.57.47:816][446]LogBlueprintUserMessages: [GreatDoor_2] P=0.000000 Y=13.522717 R=0.000000
[2019.04.15-02.57.47:832][447]LogBlueprintUserMessages: [GreatDoor_2] P=0.000000 Y=13.522717 R=0.000000
[2019.04.15-02.57.47:848][448]LogBlueprintUserMessages: [GreatDoor_2] P=0.000000 Y=13.522717 R=0.000000
[2019.04.15-02.57.47:865][449]LogBlueprintUserMessages: [GreatDoor_2] P=0.000000 Y=13.522717 R=0.000000
[2019.04.15-02.57.47:881][450]LogBlueprintUserMessages: [GreatDoor_2] P=0.000000 Y=13.522717 R=0.000000
[2019.04.15-02.57.47:897][451]LogBlueprintUserMessages: [GreatDoor_2] P=0.000000 Y=13.522717 R=0.000000
[2019.04.15-02.57.47:913][452]LogBlueprintUserMessages: [GreatDoor_2] P=0.000000 Y=13.522717 R=0.000000
[2019.04.15-02.57.47:929][453]LogBlueprintUserMessages: [GreatDoor_2] P=0.000000 Y=13.522717 R=0.000000
[2019.04.15-02.57.47:945][454]LogBlueprintUserMessages: [GreatDoor_2] P=0.000000 Y=13.522717 R=0.000000
[2019.04.15-02.57.47:961][455]LogBlueprintUserMessages: [GreatDoor_2] P=0.000000 Y=13.522717 R=0.000000
[2019.04.15-02.57.47:978][456]LogBlueprintUserMessages: [GreatDoor_2] P=0.000000 Y=13.522717 R=0.000000
[2019.04.15-02.57.47:994][457]LogBlueprintUserMessages: [GreatDoor_2] P=0.000000 Y=13.522717 R=0.000000
[2019.04.15-02.57.48:010][458]LogBlueprintUserMessages: [GreatDoor_2] P=0.000000 Y=13.522717 R=0.000000
[2019.04.15-02.57.48:026][459]LogBlueprintUserMessages: [GreatDoor_2] P=0.000000 Y=13.522717 R=0.000000
[2019.04.15-02.57.48:042][460]LogBlueprintUserMessages: [GreatDoor_2] P=0.000000 Y=13.522717 R=0.000000
[2019.04.15-02.57.48:058][461]LogBlueprintUserMessages: [GreatDoor_2] P=0.000000 Y=13.522717 R=0.000000
[2019.04.15-02.57.48:074][462]LogBlueprintUserMessages: [GreatDoor_2] P=0.000000 Y=13.522717 R=0.000000
[2019.04.15-02.57.48:091][463]LogBlueprintUserMessages: [GreatDoor_2] P=0.000000 Y=13.522717 R=0.000000
[2019.04.15-02.57.48:107][464]LogBlueprintUserMessages: [GreatDoor_2] P=0.000000 Y=13.522717 R=0.000000
[2019.04.15-02.57.48:123][465]LogBlueprintUserMessages: [GreatDoor_2] P=0.000000 Y=13.522717 R=0.000000
[2019.04.15-02.57.48:139][466]LogBlueprintUserMessages: [GreatDoor_2] P=0.000000 Y=13.522717 R=0.000000
[2019.04.15-02.57.48:155][467]LogBlueprintUserMessages: [GreatDoor_2] P=0.000000 Y=13.522717 R=0.000000
[2019.04.15-02.57.48:171][468]LogBlueprintUserMessages: [GreatDoor_2] P=0.000000 Y=13.522717 R=0.000000
[2019.04.15-02.57.48:187][469]LogBlueprintUserMessages: [GreatDoor_2] P=0.000000 Y=13.522717 R=0.000000
[2019.04.15-02.57.48:204][470]LogBlueprintUserMessages: [GreatDoor_2] P=0.000000 Y=13.522717 R=0.000000
[2019.04.15-02.57.48:220][471]LogBlueprintUserMessages: [GreatDoor_2] P=0.000000 Y=13.522717 R=0.000000
[2019.04.15-02.57.48:236][472]LogBlueprintUserMessages: [GreatDoor_2] P=0.000000 Y=13.522717 R=0.000000
[2019.04.15-02.57.48:252][473]LogBlueprintUserMessages: [GreatDoor_2] P=0.000000 Y=13.522717 R=0.000000
[2019.04.15-02.57.48:268][474]LogBlueprintUserMessages: [GreatDoor_2] P=0.000000 Y=13.522717 R=0.000000
[2019.04.15-02.57.48:284][475]LogBlueprintUserMessages: [GreatDoor_2] P=0.000000 Y=13.522717 R=0.000000
[2019.04.15-02.57.48:301][476]LogBlueprintUserMessages: [GreatDoor_2] P=0.000000 Y=13.522717 R=0.000000
[2019.04.15-02.57.48:317][477]LogBlueprintUserMessages: [GreatDoor_2] P=0.000000 Y=13.522717 R=0.000000
[2019.04.15-02.57.48:332][478]LogBlueprintUserMessages: [GreatDoor_2] P=0.000000 Y=13.522717 R=0.000000
[2019.04.15-02.57.48:348][479]LogBlueprintUserMessages: [GreatDoor_2] P=0.000000 Y=13.522717 R=0.000000
[2019.04.15-02.57.48:364][480]LogBlueprintUserMessages: [GreatDoor_2] P=0.000000 Y=13.522717 R=0.000000
[2019.04.15-02.57.48:380][481]LogBlueprintUserMessages: [GreatDoor_2] P=0.000000 Y=13.522717 R=0.000000
[2019.04.15-02.57.48:396][482]LogBlueprintUserMessages: [GreatDoor_2] P=0.000000 Y=13.522717 R=0.000000
[2019.04.15-02.57.48:413][483]LogBlueprintUserMessages: [GreatDoor_2] P=0.000000 Y=13.522717 R=0.000000
[2019.04.15-02.57.48:429][484]LogBlueprintUserMessages: [GreatDoor_2] P=0.000000 Y=13.522717 R=0.000000
[2019.04.15-02.57.48:445][485]LogBlueprintUserMessages: [GreatDoor_2] P=0.000000 Y=13.522717 R=0.000000
[2019.04.15-02.57.48:461][486]LogBlueprintUserMessages: [GreatDoor_2] P=0.000000 Y=13.522717 R=0.000000
[2019.04.15-02.57.48:477][487]LogBlueprintUserMessages: [GreatDoor_2] P=0.000000 Y=13.522717 R=0.000000
[2019.04.15-02.57.48:493][488]LogBlueprintUserMessages: [GreatDoor_2] P=0.000000 Y=13.522717 R=0.000000
[2019.04.15-02.57.48:510][489]LogBlueprintUserMessages: [GreatDoor_2] P=0.000000 Y=13.522717 R=0.000000
[2019.04.15-02.57.48:529][490]LogBlueprintUserMessages: [GreatDoor_2] P=0.000000 Y=13.522717 R=0.000000
[2019.04.15-02.57.48:542][491]LogBlueprintUserMessages: [GreatDoor_2] P=0.000000 Y=13.522717 R=0.000000
[2019.04.15-02.57.48:559][492]LogBlueprintUserMessages: [GreatDoor_2] P=0.000000 Y=13.522717 R=0.000000
[2019.04.15-02.57.48:575][493]LogBlueprintUserMessages: [GreatDoor_2] P=0.000000 Y=13.522717 R=0.000000
[2019.04.15-02.57.48:590][494]LogBlueprintUserMessages: [GreatDoor_2] P=0.000000 Y=13.522717 R=0.000000
[2019.04.15-02.57.48:606][495]LogBlueprintUserMessages: [GreatDoor_2] P=0.000000 Y=13.522717 R=0.000000
[2019.04.15-02.57.48:623][496]LogBlueprintUserMessages: [GreatDoor_2] P=0.000000 Y=13.522717 R=0.000000
[2019.04.15-02.57.48:639][497]LogBlueprintUserMessages: [GreatDoor_2] P=0.000000 Y=13.522717 R=0.000000
[2019.04.15-02.57.48:655][498]LogBlueprintUserMessages: [GreatDoor_2] P=0.000000 Y=13.522717 R=0.000000
[2019.04.15-02.57.48:671][499]LogBlueprintUserMessages: [GreatDoor_2] P=0.000000 Y=13.522717 R=0.000000
[2019.04.15-02.57.48:687][500]LogBlueprintUserMessages: [GreatDoor_2] P=0.000000 Y=13.522717 R=0.000000
[2019.04.15-02.57.48:703][501]LogBlueprintUserMessages: [GreatDoor_2] P=0.000000 Y=13.522717 R=0.000000
[2019.04.15-02.57.48:719][502]LogBlueprintUserMessages: [GreatDoor_2] P=0.000000 Y=13.522717 R=0.000000
[2019.04.15-02.57.48:736][503]LogBlueprintUserMessages: [GreatDoor_2] P=0.000000 Y=13.522717 R=0.000000
[2019.04.15-02.57.48:752][504]LogBlueprintUserMessages: [GreatDoor_2] P=0.000000 Y=13.522717 R=0.000000
[2019.04.15-02.57.48:768][505]LogBlueprintUserMessages: [GreatDoor_2] P=0.000000 Y=13.522717 R=0.000000
[2019.04.15-02.57.48:784][506]LogBlueprintUserMessages: [GreatDoor_2] P=0.000000 Y=13.522717 R=0.000000
[2019.04.15-02.57.48:800][507]LogBlueprintUserMessages: [GreatDoor_2] P=0.000000 Y=13.522717 R=0.000000
[2019.04.15-02.57.48:816][508]LogBlueprintUserMessages: [GreatDoor_2] P=0.000000 Y=13.522717 R=0.000000
[2019.04.15-02.57.48:833][509]LogBlueprintUserMessages: [GreatDoor_2] P=0.000000 Y=13.522717 R=0.000000
[2019.04.15-02.57.48:849][510]LogBlueprintUserMessages: [GreatDoor_2] P=0.000000 Y=13.522717 R=0.000000
[2019.04.15-02.57.48:865][511]LogBlueprintUserMessages: [GreatDoor_2] P=0.000000 Y=13.522717 R=0.000000
[2019.04.15-02.57.48:881][512]LogBlueprintUserMessages: [GreatDoor_2] P=0.000000 Y=13.522717 R=0.000000
[2019.04.15-02.57.48:897][513]LogBlueprintUserMessages: [GreatDoor_2] P=0.000000 Y=13.522717 R=0.000000
[2019.04.15-02.57.48:913][514]LogBlueprintUserMessages: [GreatDoor_2] P=0.000000 Y=13.522717 R=0.000000
[2019.04.15-02.57.48:929][515]LogBlueprintUserMessages: [GreatDoor_2] P=0.000000 Y=13.522717 R=0.000000
[2019.04.15-02.57.48:946][516]LogBlueprintUserMessages: [GreatDoor_2] P=0.000000 Y=13.522717 R=0.000000
[2019.04.15-02.57.48:962][517]LogBlueprintUserMessages: [GreatDoor_2] P=0.000000 Y=13.522717 R=0.000000
[2019.04.15-02.57.48:978][518]LogBlueprintUserMessages: [GreatDoor_2] P=0.000000 Y=13.522717 R=0.000000
[2019.04.15-02.57.48:994][519]LogBlueprintUserMessages: [GreatDoor_2] P=0.000000 Y=13.522717 R=0.000000
[2019.04.15-02.57.49:010][520]LogBlueprintUserMessages: [GreatDoor_2] P=0.000000 Y=13.522717 R=0.000000
[2019.04.15-02.57.49:026][521]LogBlueprintUserMessages: [GreatDoor_2] P=0.000000 Y=13.522717 R=0.000000
[2019.04.15-02.57.49:043][522]LogBlueprintUserMessages: [GreatDoor_2] P=0.000000 Y=13.522717 R=0.000000
[2019.04.15-02.57.49:059][523]LogBlueprintUserMessages: [GreatDoor_2] P=0.000000 Y=13.522717 R=0.000000
[2019.04.15-02.57.49:075][524]LogBlueprintUserMessages: [GreatDoor_2] P=0.000000 Y=13.522717 R=0.000000
[2019.04.15-02.57.49:091][525]LogBlueprintUserMessages: [GreatDoor_2] P=0.000000 Y=13.522717 R=0.000000
[2019.04.15-02.57.49:107][526]LogBlueprintUserMessages: [GreatDoor_2] P=0.000000 Y=13.522717 R=0.000000
[2019.04.15-02.57.49:123][527]LogBlueprintUserMessages: [GreatDoor_2] P=0.000000 Y=13.522717 R=0.000000
[2019.04.15-02.57.49:139][528]LogBlueprintUserMessages: [GreatDoor_2] P=0.000000 Y=13.522717 R=0.000000
[2019.04.15-02.57.49:156][529]LogBlueprintUserMessages: [GreatDoor_2] P=0.000000 Y=13.522717 R=0.000000
[2019.04.15-02.57.49:172][530]LogBlueprintUserMessages: [GreatDoor_2] P=0.000000 Y=13.522717 R=0.000000
[2019.04.15-02.57.49:188][531]LogBlueprintUserMessages: [GreatDoor_2] P=0.000000 Y=13.522717 R=0.000000
[2019.04.15-02.57.49:204][532]LogBlueprintUserMessages: [GreatDoor_2] P=0.000000 Y=13.522717 R=0.000000
[2019.04.15-02.57.49:220][533]LogBlueprintUserMessages: [GreatDoor_2] P=0.000000 Y=13.522717 R=0.000000
[2019.04.15-02.57.49:236][534]LogBlueprintUserMessages: [GreatDoor_2] P=0.000000 Y=13.522717 R=0.000000
[2019.04.15-02.57.49:252][535]LogBlueprintUserMessages: [GreatDoor_2] P=0.000000 Y=13.522717 R=0.000000
[2019.04.15-02.57.49:269][536]LogBlueprintUserMessages: [GreatDoor_2] P=0.000000 Y=13.522717 R=0.000000
[2019.04.15-02.57.49:284][537]LogBlueprintUserMessages: [GreatDoor_2] P=0.000000 Y=13.522717 R=0.000000
[2019.04.15-02.57.49:300][538]LogBlueprintUserMessages: [GreatDoor_2] P=0.000000 Y=13.522717 R=0.000000
[2019.04.15-02.57.49:316][539]LogBlueprintUserMessages: [GreatDoor_2] P=0.000000 Y=13.522717 R=0.000000
[2019.04.15-02.57.49:332][540]LogBlueprintUserMessages: [GreatDoor_2] P=0.000000 Y=13.522717 R=0.000000
[2019.04.15-02.57.49:348][541]LogBlueprintUserMessages: [GreatDoor_2] P=0.000000 Y=13.522717 R=0.000000
[2019.04.15-02.57.49:364][542]LogBlueprintUserMessages: [GreatDoor_2] P=0.000000 Y=13.522717 R=0.000000
[2019.04.15-02.57.49:380][543]LogBlueprintUserMessages: [GreatDoor_2] P=0.000000 Y=13.522717 R=0.000000
[2019.04.15-02.57.49:397][544]LogBlueprintUserMessages: [GreatDoor_2] P=0.000000 Y=13.522717 R=0.000000
[2019.04.15-02.57.49:413][545]LogBlueprintUserMessages: [GreatDoor_2] P=0.000000 Y=13.522717 R=0.000000
[2019.04.15-02.57.49:429][546]LogBlueprintUserMessages: [GreatDoor_2] P=0.000000 Y=13.522717 R=0.000000
[2019.04.15-02.57.49:445][547]LogBlueprintUserMessages: [GreatDoor_2] P=0.000000 Y=13.522717 R=0.000000
[2019.04.15-02.57.49:461][548]LogBlueprintUserMessages: [GreatDoor_2] P=0.000000 Y=13.522717 R=0.000000
[2019.04.15-02.57.49:477][549]LogBlueprintUserMessages: [GreatDoor_2] P=0.000000 Y=13.522717 R=0.000000
[2019.04.15-02.57.49:493][550]LogBlueprintUserMessages: [GreatDoor_2] P=0.000000 Y=13.522717 R=0.000000
[2019.04.15-02.57.49:510][551]LogBlueprintUserMessages: [GreatDoor_2] P=0.000000 Y=13.522717 R=0.000000
[2019.04.15-02.57.49:526][552]LogBlueprintUserMessages: [GreatDoor_2] P=0.000000 Y=13.522717 R=0.000000
[2019.04.15-02.57.49:542][553]LogBlueprintUserMessages: [GreatDoor_2] P=0.000000 Y=13.522717 R=0.000000
[2019.04.15-02.57.49:558][554]LogBlueprintUserMessages: [GreatDoor_2] P=0.000000 Y=13.522717 R=0.000000
[2019.04.15-02.57.49:574][555]LogBlueprintUserMessages: [GreatDoor_2] P=0.000000 Y=13.522717 R=0.000000
[2019.04.15-02.57.49:671][556]LogSlate: Window 'Dinochan_v001 (64-bit Development PCD3D_SM5) ' being destroyed
[2019.04.15-02.57.49:671][556]LogWindowsTextInputMethodSystem: Display: IME system now deactivated.
[2019.04.15-02.57.49:675][556]LogSlate: Updating window title bar state: overlay mode, drag disabled, window buttons hidden, title bar hidden
[2019.04.15-02.57.49:675][556]LogEngine: All Windows Closed
[2019.04.15-02.57.49:675][556]LogWindows: FPlatformMisc::RequestExit(0)
