Log file open, 03/07/19 17:17:23
LogWindows: Failed to load 'aqProf.dll' (GetLastError=126)
LogWindows: File 'aqProf.dll' does not exist
LogWindows: Failed to load 'VSPerf140.dll' (GetLastError=126)
LogWindows: File 'VSPerf140.dll' does not exist
LogWindows: Failed to load 'VtuneApi.dll' (GetLastError=126)
LogWindows: File 'VtuneApi.dll' does not exist
LogWindows: Failed to load 'VtuneApi32e.dll' (GetLastError=126)
LogWindows: File 'VtuneApi32e.dll' does not exist
LogInit: Display: Running engine for game: Dinochan_v001
LogPlatformFile: Not using cached read wrapper
LogTaskGraph: Started task graph with 5 named threads and 47 total threads with 3 sets of task threads.
LogStats: Stats thread started at 0.586139
LogD3D11RHI: Loaded GFSDK_Aftermath_Lib.x64.dll
LogICUInternationalization: Display: ICU TimeZone Detection - Raw Offset: -5:00, Platform Override: ''
LogPluginManager: Mounting plugin Paper2D
LogPluginManager: Mounting plugin AISupport
LogPluginManager: Mounting plugin LightPropagationVolume
LogPluginManager: Mounting plugin CLionSourceCodeAccess
LogPluginManager: Mounting plugin CodeLiteSourceCodeAccess
LogPluginManager: Mounting plugin GitSourceControl
LogPluginManager: Mounting plugin KDevelopSourceCodeAccess
LogPluginManager: Mounting plugin NullSourceCodeAccess
LogPluginManager: Mounting plugin PerforceSourceControl
LogPluginManager: Mounting plugin SubversionSourceControl
LogPluginManager: Mounting plugin UObjectPlugin
LogPluginManager: Mounting plugin VisualStudioCodeSourceCodeAccess
LogPluginManager: Mounting plugin VisualStudioSourceCodeAccess
LogPluginManager: Mounting plugin XCodeSourceCodeAccess
LogPluginManager: Mounting plugin AssetManagerEditor
LogPluginManager: Mounting plugin CryptoKeys
LogPluginManager: Mounting plugin DataValidation
LogPluginManager: Mounting plugin FacialAnimation
LogPluginManager: Mounting plugin GameplayTagsEditor
LogPluginManager: Mounting plugin MacGraphicsSwitching
LogPluginManager: Mounting plugin MeshEditor
LogPluginManager: Mounting plugin MobileLauncherProfileWizard
LogPluginManager: Mounting plugin PluginBrowser
LogPluginManager: Mounting plugin SpeedTreeImporter
LogPluginManager: Mounting plugin DatasmithContent
LogPluginManager: Mounting plugin AlembicImporter
LogPluginManager: Mounting plugin AppleImageUtils
LogPluginManager: Mounting plugin AppleVision
LogPluginManager: Mounting plugin BackChannel
LogPluginManager: Mounting plugin CharacterAI
LogPluginManager: Mounting plugin GeometryCache
LogPluginManager: Mounting plugin HTML5Networking
LogPluginManager: Mounting plugin ProxyLODPlugin
LogPluginManager: Mounting plugin MagicLeap
LogPluginManager: Mounting plugin MagicLeapEmulator
LogPluginManager: Mounting plugin MagicLeapMedia
LogPluginManager: Mounting plugin AndroidMedia
LogPluginManager: Mounting plugin AvfMedia
LogPluginManager: Mounting plugin ImgMedia
LogPluginManager: Mounting plugin LinearTimecode
LogPluginManager: Mounting plugin MediaCompositing
LogPluginManager: Mounting plugin MediaPlayerEditor
LogPluginManager: Mounting plugin WmfMedia
LogPluginManager: Mounting plugin TcpMessaging
LogPluginManager: Mounting plugin UdpMessaging
LogPluginManager: Mounting plugin ActorSequence
LogPluginManager: Mounting plugin LevelSequenceEditor
LogPluginManager: Mounting plugin MatineeToLevelSequence
LogPluginManager: Mounting plugin NetcodeUnitTest
LogPluginManager: Mounting plugin NUTUnrealEngine4
LogPluginManager: Mounting plugin OnlineSubsystemGooglePlay
LogPluginManager: Mounting plugin OnlineSubsystemIOS
LogPluginManager: Mounting plugin OnlineSubsystem
LogPluginManager: Mounting plugin OnlineSubsystemNull
LogPluginManager: Mounting plugin OnlineSubsystemUtils
LogPluginManager: Mounting plugin LauncherChunkInstaller
LogPluginManager: Mounting plugin AndroidDeviceProfileSelector
LogPluginManager: Mounting plugin AndroidMoviePlayer
LogPluginManager: Mounting plugin AndroidPermission
LogPluginManager: Mounting plugin AppleMoviePlayer
LogPluginManager: Mounting plugin ArchVisCharacter
LogPluginManager: Mounting plugin AudioCapture
LogPluginManager: Mounting plugin CableComponent
LogPluginManager: Mounting plugin CustomMeshComponent
LogPluginManager: Mounting plugin EditableMesh
LogPluginManager: Mounting plugin ExampleDeviceProfileSelector
LogPluginManager: Mounting plugin GoogleCloudMessaging
LogPluginManager: Mounting plugin ImmediatePhysics
LogPluginManager: Mounting plugin IOSDeviceProfileSelector
LogPluginManager: Mounting plugin LinuxDeviceProfileSelector
LogPluginManager: Mounting plugin LocationServicesBPLibrary
LogPluginManager: Mounting plugin MobilePatchingUtils
LogPluginManager: Mounting plugin OculusVR
LogPluginManager: Plugin shader directory ../../../Engine/Plugins/Runtime/Oculus/OculusVR/Shaders found
LogPluginManager: Mapping shader source directory ../../../Engine/Plugins/Runtime/Oculus/OculusVR/Shaders to virtual directory /Plugin/OculusVR
LogPluginManager: Mounting plugin PhysXVehicles
LogPluginManager: Mounting plugin ProceduralMeshComponent
LogPluginManager: Mounting plugin RuntimePhysXCooking
LogPluginManager: Mounting plugin SteamVR
LogPluginManager: Mounting plugin WindowsMoviePlayer
LogStreaming: Display: Took  0.554s to configure plugins.
LogInit: Using libcurl 7.55.1-DEV
LogInit:  - built for x86_64-pc-win32
LogInit:  - supports SSL with OpenSSL/1.0.2h
LogInit:  - supports HTTP deflate (compression) using libz 1.2.8
LogInit:  - other features:
LogInit:      CURL_VERSION_SSL
LogInit:      CURL_VERSION_LIBZ
LogInit:      CURL_VERSION_IPV6
LogInit:      CURL_VERSION_ASYNCHDNS
LogInit:      CURL_VERSION_LARGEFILE
LogInit:      CURL_VERSION_IDN
LogInit:  CurlRequestOptions (configurable via config and command line):
LogInit:  - bVerifyPeer = false  - Libcurl will NOT verify peer certificate
LogInit:  - bUseHttpProxy = false  - Libcurl will NOT use HTTP proxy
LogInit:  - bDontReuseConnections = false  - Libcurl will reuse connections
LogInit:  - CertBundlePath = nullptr  - Libcurl will use whatever was configured at build time.
LogInit:  - MaxHostConnections = 16  - Libcurl will limit the number of connections to a host
LogInit:  - LocalHostAddr = Default
LogInit:  - BufferSize = 65536
LogInit: WinSock: version 1.1 (2.2), MaxSocks=32767, MaxUdp=65467
LogInit: Build: ++UE4+Release-4.20-CL-4233996
LogInit: Engine Version: 4.20.1-4233996+++UE4+Release-4.20
LogInit: Compatible Engine Version: 4.20.0-4212847+++UE4+Release-4.20
LogInit: Net CL: 4212847
LogInit: OS: Windows 10 (), CPU: Intel(R) Xeon(R) CPU E5-2630 v3 @ 2.40GHz, GPU: NVIDIA Quadro K4200
LogInit: Compiled (64-bit): Jul 26 2018 10:07:30
LogInit: Compiled with Visual C++: 19.13.26129.00
LogInit: Build Configuration: Development
LogInit: Branch Name: ++UE4+Release-4.20
LogInit: Command Line: 
LogInit: Base Directory: C:/Program Files/Epic Games/UE_4.20/Engine/Binaries/Win64/
LogInit: Installed Engine Build: 1
LogDevObjectVersion: Number of dev versions registered: 20
LogDevObjectVersion:   Dev-Blueprints (B0D832E4-1F89-4F0D-ACCF-7EB736FD4AA2): 10
LogDevObjectVersion:   Dev-Build (E1C64328-A22C-4D53-A36C-8E866417BD8C): 0
LogDevObjectVersion:   Dev-Core (375EC13C-06E4-48FB-B500-84F0262A717E): 2
LogDevObjectVersion:   Dev-Editor (E4B068ED-F494-42E9-A231-DA0B2E46BB41): 24
LogDevObjectVersion:   Dev-Framework (CFFC743F-43B0-4480-9391-14DF171D2073): 34
LogDevObjectVersion:   Dev-Mobile (B02B49B5-BB20-44E9-A304-32B752E40360): 2
LogDevObjectVersion:   Dev-Networking (A4E4105C-59A1-49B5-A7C5-40C4547EDFEE): 0
LogDevObjectVersion:   Dev-Online (39C831C9-5AE6-47DC-9A44-9C173E1C8E7C): 0
LogDevObjectVersion:   Dev-Physics (78F01B33-EBEA-4F98-B9B4-84EACCB95AA2): 0
LogDevObjectVersion:   Dev-Platform (6631380F-2D4D-43E0-8009-CF276956A95A): 0
LogDevObjectVersion:   Dev-Rendering (12F88B9F-8875-4AFC-A67C-D90C383ABD29): 26
LogDevObjectVersion:   Dev-Sequencer (7B5AE74C-D270-4C10-A958-57980B212A5A): 9
LogDevObjectVersion:   Dev-VR (D7296918-1DD6-4BDD-9DE2-64A83CC13884): 2
LogDevObjectVersion:   Dev-LoadTimes (C2A15278-BFE7-4AFE-6C17-90FF531DF755): 1
LogDevObjectVersion:   Private-Geometry (6EACA3D4-40EC-4CC1-B786-8BED09428FC5): 3
LogDevObjectVersion:   Dev-AnimPhys (29E575DD-E0A3-4627-9D10-D276232CDCEA): 17
LogDevObjectVersion:   Dev-ReflectionCapture (6B266CEC-1EC7-4B8F-A30B-E4D90942FC07): 1
LogDevObjectVersion:   Dev-Automation (0DF73D61-A23F-47EA-B727-89E90C41499A): 1
LogDevObjectVersion:   FortniteMain (601D1886-AC64-4F84-AA16-D3DE0DEAC7D6): 12
LogDevObjectVersion:   Dev-Enterprise (9DFFBCD6-494F-0158-E221-12823C92A888): 1
LogStreaming: Display: Took  0.005s to delete old logs.
LogInit: Presizing for max 8388607 objects, including 0 objects not considered by GC, pre-allocating 0 bytes for permanent pool.
LogInit: Object subsystem initialized
[2019.03.07-22.17.25:582][  0]LogInit: Selected Device Profile: [Windows]
[2019.03.07-22.17.25:582][  0]LogInit: Applying CVar settings loaded from the selected device profile: [Windows]
[2019.03.07-22.17.25:632][  0]LogHAL: Display: Platform has ~ 32 GB [34262499328 / 34359738368 / 32], which maps to Largest [LargestMinGB=32, LargerMinGB=12, DefaultMinGB=8, SmallerMinGB=6, SmallestMinGB=0)
[2019.03.07-22.17.25:632][  0]LogInit: Setting Device Profile CVar: [[r.Vulkan.UseRealUBs:1]]
[2019.03.07-22.17.25:632][  0]LogInit: Going up to parent DeviceProfile []
[2019.03.07-22.17.25:633][  0]LogInit: Computer: ATC-172-11
[2019.03.07-22.17.25:633][  0]LogInit: User: brownr55
[2019.03.07-22.17.25:633][  0]LogInit: CPU Page size=4096, Cores=8
[2019.03.07-22.17.25:633][  0]LogInit: High frequency timer resolution =2.338336 MHz
[2019.03.07-22.17.25:633][  0]LogMemory: Memory total: Physical=31.9GB (32GB approx)
[2019.03.07-22.17.25:634][  0]LogMemory: Platform Memory Stats for Windows
[2019.03.07-22.17.25:634][  0]LogMemory: Process Physical Memory: 104.75 MB used, 104.75 MB peak
[2019.03.07-22.17.25:634][  0]LogMemory: Process Virtual Memory: 91.65 MB used, 91.65 MB peak
[2019.03.07-22.17.25:634][  0]LogMemory: Physical Memory: 7536.61 MB used,  25138.65 MB free, 32675.27 MB total
[2019.03.07-22.17.25:634][  0]LogMemory: Virtual Memory: 577.64 MB used,  25138.65 MB free, 134217728.00 MB total
[2019.03.07-22.17.25:681][  0]LogInit: Using OS detected language (en-US).
[2019.03.07-22.17.25:681][  0]LogInit: Using OS detected locale (en-US).
[2019.03.07-22.17.25:693][  0]LogTextLocalizationManager: No specific localization for 'en-US' exists, so the 'en' localization will be used.
[2019.03.07-22.17.26:273][  0]LogStreaming: Display: Took  0.593s to InitEngineTextLocalization.
[2019.03.07-22.17.26:274][  0]LogInit: Setting process to per monitor DPI aware
[2019.03.07-22.17.26:362][  0]LogSlate: New Slate User Created.  User Index 0, Is Virtual User: 0
[2019.03.07-22.17.26:362][  0]LogSlate: Slate User Registered.  User Index 0, Is Virtual User: 0
[2019.03.07-22.17.27:175][  0]LogHMD: Failed to initialize OpenVR with code 110
[2019.03.07-22.17.27:175][  0]LogD3D11RHI: D3D11 adapters:
[2019.03.07-22.17.27:258][  0]LogD3D11RHI:    0. 'NVIDIA Quadro K4200' (Feature Level 11_0)
[2019.03.07-22.17.27:258][  0]LogD3D11RHI:       4052/0/16337 MB DedicatedVideo/DedicatedSystem/SharedSystem, Outputs:2, VendorId:0x10de
[2019.03.07-22.17.27:261][  0]LogD3D11RHI:    1. 'Microsoft Basic Render Driver' (Feature Level 11_0)
[2019.03.07-22.17.27:261][  0]LogD3D11RHI:       0/0/16337 MB DedicatedVideo/DedicatedSystem/SharedSystem, Outputs:0, VendorId:0x1414
[2019.03.07-22.17.27:261][  0]LogD3D11RHI: Chosen D3D11 Adapter: 0
[2019.03.07-22.17.27:270][  0]LogD3D11RHI: Creating new Direct3DDevice
[2019.03.07-22.17.27:270][  0]LogD3D11RHI:     GPU DeviceId: 0x11b4 (for the marketing name, search the web for "GPU Device Id")
[2019.03.07-22.17.27:270][  0]LogWindows: EnumDisplayDevices:
[2019.03.07-22.17.27:270][  0]LogWindows:    0. 'NVIDIA Quadro K4200' (P:1 D:1)
[2019.03.07-22.17.27:270][  0]LogWindows:    1. 'NVIDIA Quadro K4200' (P:0 D:1)
[2019.03.07-22.17.27:271][  0]LogWindows:    2. 'NVIDIA Quadro K4200' (P:0 D:0)
[2019.03.07-22.17.27:271][  0]LogWindows:    3. 'NVIDIA Quadro K4200' (P:0 D:0)
[2019.03.07-22.17.27:271][  0]LogWindows: DebugString: FoundDriverCount:4 
[2019.03.07-22.17.27:271][  0]LogD3D11RHI:     Adapter Name: NVIDIA Quadro K4200
[2019.03.07-22.17.27:271][  0]LogD3D11RHI:   Driver Version: 397.93 (internal:24.21.13.9793, unified:397.93)
[2019.03.07-22.17.27:271][  0]LogD3D11RHI:      Driver Date: 5-22-2018
[2019.03.07-22.17.27:271][  0]LogRHI: Texture pool is 2836 MB (70% of 4052 MB)
[2019.03.07-22.17.27:329][  0]LogD3D11RHI: Async texture creation enabled
[2019.03.07-22.17.27:356][  0]LogD3D11RHI: GPU Timing Frequency: 1000.000000 (Debug: 2 2)
[2019.03.07-22.17.27:359][  0]LogShaderCompilers: Guid format shader working directory is -33 characters bigger than the processId version (../../../../../../Users/brownr55/Desktop/Dinochan/Dinochan/Dinochan_v001_UE4.20.3/Intermediate/Shaders/WorkingDirectory/18464/).
[2019.03.07-22.17.27:361][  0]LogShaderCompilers: Cleaned the shader compiler working directory 'C:/Users/brownr55/AppData/Local/Temp/UnrealShaderWorkingDir/26A2853B49E0BC19FCD3C1AAE7D767F4/'.
[2019.03.07-22.17.27:697][  0]LogTemp: Display: Loaded TP AllDesktopTargetPlatform
[2019.03.07-22.17.27:716][  0]LogTemp: Display: Loaded TP MacClientTargetPlatform
[2019.03.07-22.17.27:735][  0]LogTemp: Display: Loaded TP MacNoEditorTargetPlatform
[2019.03.07-22.17.27:754][  0]LogTemp: Display: Loaded TP MacServerTargetPlatform
[2019.03.07-22.17.27:778][  0]LogTemp: Display: Loaded TP MacTargetPlatform
[2019.03.07-22.17.27:797][  0]LogTemp: Display: Loaded TP WindowsClientTargetPlatform
[2019.03.07-22.17.27:818][  0]LogTemp: Display: Loaded TP WindowsNoEditorTargetPlatform
[2019.03.07-22.17.27:840][  0]LogTemp: Display: Loaded TP WindowsServerTargetPlatform
[2019.03.07-22.17.27:850][  0]LogTemp: Display: Loaded TP WindowsTargetPlatform
[2019.03.07-22.17.27:965][  0]LogTemp: Display: Loaded TP AndroidTargetPlatform
[2019.03.07-22.17.27:965][  0]LogTemp: Display: Loaded TP AndroidTargetPlatform
[2019.03.07-22.17.27:965][  0]LogTemp: Display: Loaded TP AndroidTargetPlatform
[2019.03.07-22.17.27:965][  0]LogTemp: Display: Loaded TP AndroidTargetPlatform
[2019.03.07-22.17.27:965][  0]LogTemp: Display: Loaded TP AndroidTargetPlatform
[2019.03.07-22.17.27:965][  0]LogTemp: Display: Loaded TP AndroidTargetPlatform
[2019.03.07-22.17.27:965][  0]LogTemp: Display: Loaded TP AndroidTargetPlatform
[2019.03.07-22.17.27:965][  0]LogTemp: Display: Loaded TP AndroidTargetPlatform
[2019.03.07-22.17.27:965][  0]LogTemp: Display: Loaded TP AndroidTargetPlatform
[2019.03.07-22.17.27:965][  0]LogTemp: Display: Loaded TP AndroidTargetPlatform
[2019.03.07-22.17.27:966][  0]LogTemp: Display: Loaded TP AndroidTargetPlatform
[2019.03.07-22.17.27:966][  0]LogTemp: Display: Loaded TP AndroidTargetPlatform
[2019.03.07-22.17.27:966][  0]LogTemp: Display: Loaded TP AndroidTargetPlatform
[2019.03.07-22.17.27:966][  0]LogTemp: Display: Loaded TP AndroidTargetPlatform
[2019.03.07-22.17.27:966][  0]LogTemp: Display: Loaded TP AndroidTargetPlatform
[2019.03.07-22.17.27:966][  0]LogTemp: Display: Loaded TP AndroidTargetPlatform
[2019.03.07-22.17.27:966][  0]LogTemp: Display: Loaded TP AndroidTargetPlatform
[2019.03.07-22.17.27:966][  0]LogTemp: Display: Loaded TP AndroidTargetPlatform
[2019.03.07-22.17.27:970][  0]LogTemp: Display: Loaded TP HTML5TargetPlatform
[2019.03.07-22.17.28:073][  0]LogTemp: Display: Loaded TP IOSTargetPlatform
[2019.03.07-22.17.28:073][  0]LogTemp: Display: Loaded TP IOSTargetPlatform
[2019.03.07-22.17.28:106][  0]LogTemp: Display: Loaded TP TVOSTargetPlatform
[2019.03.07-22.17.28:106][  0]LogTemp: Display: Loaded TP TVOSTargetPlatform
[2019.03.07-22.17.28:136][  0]LogTemp: Display: Loaded TP LinuxClientTargetPlatform
[2019.03.07-22.17.28:154][  0]LogTemp: Display: Loaded TP LinuxNoEditorTargetPlatform
[2019.03.07-22.17.28:171][  0]LogTemp: Display: Loaded TP LinuxServerTargetPlatform
[2019.03.07-22.17.28:201][  0]LogTemp: Display: Loaded TP LinuxTargetPlatform
[2019.03.07-22.17.28:221][  0]LogTemp: Display: Loaded TP LuminTargetPlatform
[2019.03.07-22.17.28:221][  0]LogTargetPlatformManager: Display: Building Assets For Windows
[2019.03.07-22.17.28:308][  0]LogXGEController: Cannot use XGE Controller as Incredibuild is not installed on this machine.
[2019.03.07-22.17.28:308][  0]LogShaderCompilers: Cannot use XGE Shader Compiler as Incredibuild is not installed on this machine.
[2019.03.07-22.17.28:308][  0]LogShaderCompilers: Display: Using Local Shader Compiler.
[2019.03.07-22.17.29:491][  0]LogDerivedDataCache: Display: Max Cache Size: 512 MB
[2019.03.07-22.17.29:579][  0]LogDerivedDataCache: Loaded boot cache 0.09s 87MB C:/Users/brownr55/AppData/Local/UnrealEngine/4.20/DerivedDataCache/Boot.ddc.
[2019.03.07-22.17.29:580][  0]LogDerivedDataCache: Display: Loaded Boot cache: C:/Users/brownr55/AppData/Local/UnrealEngine/4.20/DerivedDataCache/Boot.ddc
[2019.03.07-22.17.29:580][  0]LogDerivedDataCache: FDerivedDataBackendGraph:  Pak pak cache file ../../../../../../Users/brownr55/Desktop/Dinochan/Dinochan/Dinochan_v001_UE4.20.3/DerivedDataCache/DDC.ddp not found, will not use a pak cache.
[2019.03.07-22.17.29:580][  0]LogDerivedDataCache: Unable to find inner node Pak for hierarchical cache Hierarchy.
[2019.03.07-22.17.29:580][  0]LogDerivedDataCache: FDerivedDataBackendGraph:  CompressedPak pak cache file ../../../../../../Users/brownr55/Desktop/Dinochan/Dinochan/Dinochan_v001_UE4.20.3/DerivedDataCache/Compressed.ddp not found, will not use a pak cache.
[2019.03.07-22.17.29:580][  0]LogDerivedDataCache: Unable to find inner node CompressedPak for hierarchical cache Hierarchy.
[2019.03.07-22.17.29:620][  0]LogDerivedDataCache: Display: Pak cache opened for reading ../../../Engine/DerivedDataCache/Compressed.ddp.
[2019.03.07-22.17.29:639][  0]LogDerivedDataCache: Using Local data cache path C:/Users/brownr55/AppData/Local/UnrealEngine/Common/DerivedDataCache: Writable
[2019.03.07-22.17.29:639][  0]LogDerivedDataCache: Shared data cache path not found in *engine.ini, will not use an Shared cache.
[2019.03.07-22.17.29:639][  0]LogDerivedDataCache: Unable to find inner node Shared for hierarchical cache Hierarchy.
[2019.03.07-22.17.29:685][  0]LogMaterial: Verifying Global Shaders for PCD3D_SM5
[2019.03.07-22.17.29:687][  0]LogSlate: Using FreeType 2.6.0
[2019.03.07-22.17.29:693][  0]LogSlate: SlateFontServices - WITH_FREETYPE: 1, WITH_HARFBUZZ: 1
[2019.03.07-22.17.29:863][  0]LogAssetRegistry: FAssetRegistry took 0.0287 seconds to start up
[2019.03.07-22.17.30:399][  0]LogInit: Selected Device Profile: [Windows]
[2019.03.07-22.17.30:515][  0]LogSimplygon: Simplygon DLL not present - disabling.
[2019.03.07-22.17.30:525][  0]LogMeshReduction: Using SimplygonSwarm for distributed automatic mesh merging
[2019.03.07-22.17.30:525][  0]LogMeshReduction: Using ProxyLODMeshReduction for automatic mesh merging
[2019.03.07-22.17.30:525][  0]LogMeshReduction: Using QuadricMeshReduction for automatic static mesh reduction
[2019.03.07-22.17.30:525][  0]LogMeshReduction: No automatic skeletal mesh reduction module available
[2019.03.07-22.17.30:693][  0]LogNetVersion: Dinochan_v001 1.0.0, NetCL: 4212847, EngineNetVer: 5, GameNetVer: 0 (Checksum: 2574802920)
[2019.03.07-22.17.31:739][  0]LogPackageLocalizationCache: Processed 11 localized package path(s) for 2 prioritized culture(s) in 0.353631 seconds
[2019.03.07-22.17.31:745][  0]LogUObjectArray: 38425 objects as part of root set at end of initial load.
[2019.03.07-22.17.31:745][  0]LogUObjectAllocator: 6690872 out of 0 bytes used by permanent object pool.
[2019.03.07-22.17.31:745][  0]LogUObjectArray: CloseDisregardForGC: 0/0 objects in disregard for GC pool
[2019.03.07-22.17.33:721][  0]LogTcpMessaging: Initializing TcpMessaging bridge
[2019.03.07-22.17.33:745][  0]LogUdpMessaging: Initializing bridge on interface 0.0.0.0:0 to multicast group 230.0.0.1:6666.
[2019.03.07-22.17.34:055][  0]SourceControl: Source control is disabled
[2019.03.07-22.17.34:055][  0]SourceControl: Source control is disabled
[2019.03.07-22.17.34:062][  0]SourceControl: Source control is disabled
[2019.03.07-22.17.34:067][  0]SourceControl: Source control is disabled
[2019.03.07-22.17.34:382][  0]LogAndroidPermission: UAndroidPermissionCallbackProxy::GetInstance
[2019.03.07-22.17.34:469][  0]LogOcInput: OculusInput pre-init called
[2019.03.07-22.17.34:576][  0]LogEngine: Initializing Engine...
[2019.03.07-22.17.34:580][  0]LogHMD: Failed to initialize OpenVR with code 110
[2019.03.07-22.17.34:583][  0]LogStats: UGameplayTagsManager::ConstructGameplayTagTree: ImportINI prefixes -  0.000 s
[2019.03.07-22.17.34:583][  0]LogStats: UGameplayTagsManager::ConstructGameplayTagTree: Construct from data asset -  0.000 s
[2019.03.07-22.17.34:583][  0]LogStats: UGameplayTagsManager::ConstructGameplayTagTree: ImportINI -  0.000 s
[2019.03.07-22.17.34:583][  0]LogStats: UGameplayTagsManager::ConstructGameplayTagTree: GameplayTagTreeChangedEvent.Broadcast -  0.000 s
[2019.03.07-22.17.34:912][  0]LogInit: Initializing FReadOnlyCVARCache
[2019.03.07-22.17.34:929][  0]LogAIModule: Creating AISystem for world Untitled
[2019.03.07-22.17.34:945][  0]LogInit: XAudio2 using 'Speakers (Realtek High Definition Audio)' : 2 channels at 48 kHz using 32 bits per sample (channel mask 0x3)
[2019.03.07-22.17.34:978][  0]LogInit: FAudioDevice initialized.
[2019.03.07-22.17.34:979][  0]LogNetVersion: Set ProjectVersion to 1.0.0.0. Version Checksum will be recalculated on next use.
[2019.03.07-22.17.35:091][  0]LogDerivedDataCache: Saved boot cache 0.11s 87MB C:/Users/brownr55/AppData/Local/UnrealEngine/4.20/DerivedDataCache/Boot.ddc.
[2019.03.07-22.17.35:092][  0]LogInit: Texture streaming: Enabled
[2019.03.07-22.17.35:124][  0]LogEngineSessionManager: EngineSessionManager initialized
[2019.03.07-22.17.35:149][  0]LogInit: Transaction tracking system initialized
[2019.03.07-22.17.35:189][  0]BlueprintLog: New page: Editor Load
[2019.03.07-22.17.35:329][  0]LocalizationService: Localization service is disabled
[2019.03.07-22.17.35:739][  0]LogCook: Display: Max memory allowance for cook 16384mb min free memory 0mb
[2019.03.07-22.17.35:739][  0]LogCook: Display: Mobile HDR setting 1
[2019.03.07-22.17.35:739][  0]LogGameplayTags: Display: UGameplayTagsManager::DoneAddingNativeTags. DelegateIsBound: 0
[2019.03.07-22.17.35:739][  0]LogStats: UGameplayTagsManager::ConstructGameplayTagTree: ImportINI prefixes -  0.000 s
[2019.03.07-22.17.35:739][  0]LogStats: UGameplayTagsManager::ConstructGameplayTagTree: Construct from data asset -  0.000 s
[2019.03.07-22.17.35:739][  0]LogStats: UGameplayTagsManager::ConstructGameplayTagTree: ImportINI -  0.000 s
[2019.03.07-22.17.35:739][  0]LogStats: UGameplayTagsManager::ConstructGameplayTagTree: GameplayTagTreeChangedEvent.Broadcast -  0.000 s
[2019.03.07-22.17.36:018][  0]LogFileCache: Scanning file cache for directory 'C:/Users/brownr55/Desktop/Dinochan/Dinochan/Dinochan_v001_UE4.20.3/Content/' took 0.10s
[2019.03.07-22.17.36:018][  0]SourceControl: Source control is disabled
[2019.03.07-22.17.36:018][  0]Cmd: MAP LOAD FILE="../../../../../../Users/brownr55/Desktop/Dinochan/Dinochan/Dinochan_v001_UE4.20.3/Content/_Maps/Modelled_Greybox.umap" TEMPLATE=0 SHOWPROGRESS=1 FEATURELEVEL=3
[2019.03.07-22.17.36:019][  0]LightingResults: New page: Lighting Build
[2019.03.07-22.17.36:023][  0]MapCheck: New page: Map Check
[2019.03.07-22.17.36:023][  0]LightingResults: New page: Lighting Build
[2019.03.07-22.17.36:698][  0]LogTexture: Display: Building textures: T_Sparkle_001 (BGRA8, 1012X1409)
[2019.03.07-22.17.36:698][  0]LogTexture: Display: Building textures: HQ_Lightmap0_2 (AutoDXT, 64X64)
[2019.03.07-22.17.36:698][  0]LogTexture: Display: Building textures: 4band_Lut (BGRA8, 1003X100)
[2019.03.07-22.17.36:698][  0]LogTexture: Display: Building textures: HQ_Lightmap0_3 (AutoDXT, 32X32)
[2019.03.07-22.17.36:698][  0]LogTexture: Display: Building textures: LQ_Lightmap_0_3 (DXT1, 32X32)
[2019.03.07-22.17.36:698][  0]LogTexture: Display: Building textures: LQ_Lightmap_0_2 (DXT1, 64X64)
[2019.03.07-22.17.36:698][  0]LogTexture: Display: Building textures: ShadowMapTexture2D_7 (G8, 32X32)
[2019.03.07-22.17.36:698][  0]LogTexture: Display: Building textures: ShadowMapTexture2D_8 (G8, 16X16)
[2019.03.07-22.17.36:698][  0]LogTexture: Display: Building textures: ShadowMapTexture2D_6 (G8, 1024X256)
[2019.03.07-22.17.36:698][  0]LogTexture: Display: Building textures: HQ_Lightmap0_1 (AutoDXT, 1024X1024)
[2019.03.07-22.17.36:698][  0]LogTexture: Display: Building textures: LQ_Lightmap_0_1 (DXT1, 1024X1024)
[2019.03.07-22.17.36:698][  0]LogStaticMesh: Building static mesh Greybox1_stairs4...
[2019.03.07-22.17.36:710][  0]LogStaticMesh: Built static mesh [0.02s] /Game/_Greybox/Greybox_Stairs/Greybox1_stairs4.Greybox1_stairs4
[2019.03.07-22.17.36:717][  0]LogStaticMesh: Building static mesh Greybox1_stairs3...
[2019.03.07-22.17.36:721][  0]LogStaticMesh: Built static mesh [0.00s] /Game/_Greybox/Greybox_Stairs/Greybox1_stairs3.Greybox1_stairs3
[2019.03.07-22.17.36:724][  0]LogStaticMesh: Building static mesh Greybox1_stairs2...
[2019.03.07-22.17.36:726][  0]LogStaticMesh: Built static mesh [0.00s] /Game/_Greybox/Greybox_Stairs/Greybox1_stairs2.Greybox1_stairs2
[2019.03.07-22.17.36:731][  0]LogMaterial: Display: Missing cached shader map for material FlatPinkTest, compiling. 
[2019.03.07-22.17.36:985][  0]LogShaderCompilers: Display: Shaders left to compile 31
[2019.03.07-22.17.36:985][  0]LogShaderCompilers: Display: Shaders left to compile 21
[2019.03.07-22.17.36:985][  0]LogShaderCompilers: Display: Shaders left to compile 11
[2019.03.07-22.17.36:985][  0]LogShaderCompilers: Display: Shaders left to compile 1
[2019.03.07-22.17.36:985][  0]LogStaticMesh: Building static mesh Placeholder_Dinochan_backpack_02...
[2019.03.07-22.17.37:290][  0]LogStaticMesh: Built static mesh [0.31s] /Game/_Greybox/Greybox_Dinochan/Placeholder_Dinochan_backpack_02.Placeholder_Dinochan_backpack_02
[2019.03.07-22.17.37:330][  0]LogStaticMesh: Building static mesh Greybox1_boulder9...
[2019.03.07-22.17.37:331][  0]LogStaticMesh: Built static mesh [0.00s] /Game/_Greybox/Greybox_Boulders/Greybox1_boulder9.Greybox1_boulder9
[2019.03.07-22.17.37:346][  0]LogStaticMesh: Building static mesh Greybox1_stairs1...
[2019.03.07-22.17.37:348][  0]LogStaticMesh: Built static mesh [0.00s] /Game/_Greybox/Greybox_Stairs/Greybox1_stairs1.Greybox1_stairs1
[2019.03.07-22.17.37:372][  0]LogStaticMesh: Building static mesh NewGraybox_TreeIsland...
[2019.03.07-22.17.37:424][  0]LogStaticMesh: Built static mesh [0.05s] /Game/1_Models/Assets_v2/Island/NewGraybox_TreeIsland.NewGraybox_TreeIsland
[2019.03.07-22.17.37:437][  0]LogStaticMesh: Building static mesh NewGraybox_Step3...
[2019.03.07-22.17.37:444][  0]LogStaticMesh: Built static mesh [0.01s] /Game/1_Models/Assets_v2/Island/NewGraybox_Step3.NewGraybox_Step3
[2019.03.07-22.17.37:446][  0]LogStaticMesh: Building static mesh NewGraybox_Step2...
[2019.03.07-22.17.37:449][  0]LogStaticMesh: Built static mesh [0.00s] /Game/1_Models/Assets_v2/Island/NewGraybox_Step2.NewGraybox_Step2
[2019.03.07-22.17.37:452][  0]LogStaticMesh: Building static mesh NewGraybox_Step1...
[2019.03.07-22.17.37:455][  0]LogStaticMesh: Built static mesh [0.00s] /Game/1_Models/Assets_v2/Island/NewGraybox_Step1.NewGraybox_Step1
[2019.03.07-22.17.37:475][  0]LogStaticMesh: Building static mesh NewGraybox_HiveIsland...
[2019.03.07-22.17.37:503][  0]LogStaticMesh: Built static mesh [0.03s] /Game/1_Models/Assets_v2/Island/NewGraybox_HiveIsland.NewGraybox_HiveIsland
[2019.03.07-22.17.37:563][  0]LogStaticMesh: Building static mesh NewGraybox_BalconyIsland...
[2019.03.07-22.17.37:692][  0]LogStaticMesh: Built static mesh [0.13s] /Game/1_Models/Assets_v2/Island/NewGraybox_BalconyIsland.NewGraybox_BalconyIsland
[2019.03.07-22.17.37:722][  0]LogStaticMesh: Building static mesh NewGraybox_InteriorChamber...
[2019.03.07-22.17.37:729][  0]LogStaticMesh: Built static mesh [0.01s] /Game/1_Models/Assets_v2/Island/NewGraybox_InteriorChamber.NewGraybox_InteriorChamber
[2019.03.07-22.17.37:793][  0]LogStaticMesh: Building static mesh NewGraybox_MainIsland...
[2019.03.07-22.17.37:941][  0]LogStaticMesh: Built static mesh [0.15s] /Game/1_Models/Assets_v2/Island/NewGraybox_MainIsland.NewGraybox_MainIsland
[2019.03.07-22.17.37:971][  0]LogMaterial: Display: Missing cached shader map for material M_Sparkle_01, compiling. 
[2019.03.07-22.17.38:001][  0]LogShaderCompilers: Display: Shaders left to compile 27
[2019.03.07-22.17.38:001][  0]LogShaderCompilers: Display: Shaders left to compile 17
[2019.03.07-22.17.38:001][  0]LogShaderCompilers: Display: Shaders left to compile 7
[2019.03.07-22.17.38:001][  0]LogStaticMesh: Building static mesh r_tallRock...
[2019.03.07-22.17.38:007][  0]LogStaticMesh: Built static mesh [0.01s] /Game/1_Models/Rocks/r_tallRock.r_tallRock
[2019.03.07-22.17.38:010][  0]LogStaticMesh: Building static mesh r_smallRock...
[2019.03.07-22.17.38:015][  0]LogStaticMesh: Built static mesh [0.00s] /Game/1_Models/Rocks/r_smallRock.r_smallRock
[2019.03.07-22.17.38:027][  0]LogStaticMesh: Building static mesh r_hugeRock...
[2019.03.07-22.17.38:055][  0]LogStaticMesh: Built static mesh [0.03s] /Game/1_Models/Rocks/r_hugeRock.r_hugeRock
[2019.03.07-22.17.38:059][  0]LogSkeletalMesh: Building Skeletal Mesh Dinoskeleton...
[2019.03.07-22.17.39:023][  0]LogSkeletalMesh: Built Skeletal Mesh [0.96s] /Game/1_Models/Dinoskeleton.Dinoskeleton
[2019.03.07-22.17.39:035][  0]LogMaterial: Display: Missing cached shader map for material lambert1, compiling. 
[2019.03.07-22.17.39:089][  0]LogShaderCompilers: Display: Shaders left to compile 69
[2019.03.07-22.17.39:089][  0]LogShaderCompilers: Display: Shaders left to compile 59
[2019.03.07-22.17.39:089][  0]LogShaderCompilers: Display: Shaders left to compile 49
[2019.03.07-22.17.39:089][  0]LogShaderCompilers: Display: Shaders left to compile 39
[2019.03.07-22.17.39:089][  0]LogShaderCompilers: Display: Shaders left to compile 29
[2019.03.07-22.17.39:089][  0]LogShaderCompilers: Display: Shaders left to compile 19
[2019.03.07-22.17.39:089][  0]LogShaderCompilers: Display: Shaders left to compile 9
[2019.03.07-22.17.39:089][  0]LogMaterial: Display: Missing cached shader map for material default, compiling. 
[2019.03.07-22.17.39:118][  0]LogMaterial: Display: Missing cached shader map for material PP_CelShader, compiling. 
[2019.03.07-22.17.39:131][  0]LogMaterial: Display: Missing cached shader map for material initialShadingGroup, compiling. 
[2019.03.07-22.17.39:158][  0]LogStaticMesh: Building static mesh Greybox1_statue3...
[2019.03.07-22.17.39:164][  0]LogStaticMesh: Built static mesh [0.01s] /Game/_Greybox/Greybox1_statue3.Greybox1_statue3
[2019.03.07-22.17.39:166][  0]LogStaticMesh: Building static mesh Greybox1_statue2...
[2019.03.07-22.17.39:173][  0]LogStaticMesh: Built static mesh [0.01s] /Game/_Greybox/Greybox1_statue2.Greybox1_statue2
[2019.03.07-22.17.39:174][  0]LogStaticMesh: Building static mesh Greybox1_statue1...
[2019.03.07-22.17.39:177][  0]LogStaticMesh: Built static mesh [0.00s] /Game/_Greybox/Greybox1_statue1.Greybox1_statue1
[2019.03.07-22.17.39:180][  0]LogStaticMesh: Building static mesh Greybox1_meteorite...
[2019.03.07-22.17.39:184][  0]LogStaticMesh: Built static mesh [0.00s] /Game/_Greybox/Greybox1_meteorite.Greybox1_meteorite
[2019.03.07-22.17.39:192][  0]LogStaticMesh: Building static mesh Greybox1_baseIsland_Landing...
[2019.03.07-22.17.39:208][  0]LogStaticMesh: Built static mesh [0.02s] /Game/_Greybox/Greybox1_baseIsland_Landing.Greybox1_baseIsland_Landing
[2019.03.07-22.17.39:214][  0]LogStaticMesh: Building static mesh Greybox1_baseIsland...
[2019.03.07-22.17.39:226][  0]LogStaticMesh: Built static mesh [0.01s] /Game/_Greybox/Greybox1_baseIsland.Greybox1_baseIsland
[2019.03.07-22.17.39:240][  0]LogStaticMesh: Building static mesh Placeholder_Airship...
[2019.03.07-22.17.39:287][  0]LogStaticMesh: Built static mesh [0.05s] /Game/_Greybox/Greybox_Airship/Placeholder_Airship.Placeholder_Airship
[2019.03.07-22.17.39:294][  0]LogStaticMesh: Building static mesh Greybox1_treeIsland...
[2019.03.07-22.17.39:304][  0]LogStaticMesh: Built static mesh [0.01s] /Game/_Greybox/Greybox1_treeIsland.Greybox1_treeIsland
[2019.03.07-22.17.39:308][  0]LogStaticMesh: Building static mesh Greybox1_towerIsland...
[2019.03.07-22.17.39:313][  0]LogStaticMesh: Built static mesh [0.01s] /Game/_Greybox/Greybox1_towerIsland.Greybox1_towerIsland
[2019.03.07-22.17.39:315][  0]LogStaticMesh: Building static mesh Greybox1_step3...
[2019.03.07-22.17.39:317][  0]LogStaticMesh: Built static mesh [0.00s] /Game/_Greybox/Greybox1_step3.Greybox1_step3
[2019.03.07-22.17.39:319][  0]LogStaticMesh: Building static mesh Greybox1_step2...
[2019.03.07-22.17.39:321][  0]LogStaticMesh: Built static mesh [0.00s] /Game/_Greybox/Greybox1_step2.Greybox1_step2
[2019.03.07-22.17.39:323][  0]LogStaticMesh: Building static mesh Greybox1_step1...
[2019.03.07-22.17.39:325][  0]LogStaticMesh: Built static mesh [0.00s] /Game/_Greybox/Greybox1_step1.Greybox1_step1
[2019.03.07-22.17.39:326][  0]LogStaticMesh: Building static mesh Greybox1_boulder8...
[2019.03.07-22.17.39:329][  0]LogStaticMesh: Built static mesh [0.00s] /Game/_Greybox/Greybox_Boulders/Greybox1_boulder8.Greybox1_boulder8
[2019.03.07-22.17.39:331][  0]LogStaticMesh: Building static mesh Greybox1_boulder7...
[2019.03.07-22.17.39:334][  0]LogStaticMesh: Built static mesh [0.00s] /Game/_Greybox/Greybox_Boulders/Greybox1_boulder7.Greybox1_boulder7
[2019.03.07-22.17.39:336][  0]LogStaticMesh: Building static mesh Greybox1_boulder13...
[2019.03.07-22.17.39:339][  0]LogStaticMesh: Built static mesh [0.00s] /Game/_Greybox/Greybox_Boulders/Greybox1_boulder13.Greybox1_boulder13
[2019.03.07-22.17.39:341][  0]LogStaticMesh: Building static mesh Greybox1_boulder12...
[2019.03.07-22.17.39:344][  0]LogStaticMesh: Built static mesh [0.00s] /Game/_Greybox/Greybox_Boulders/Greybox1_boulder12.Greybox1_boulder12
[2019.03.07-22.17.39:346][  0]LogStaticMesh: Building static mesh Greybox1_boulder11...
[2019.03.07-22.17.39:349][  0]LogStaticMesh: Built static mesh [0.00s] /Game/_Greybox/Greybox_Boulders/Greybox1_boulder11.Greybox1_boulder11
[2019.03.07-22.17.39:350][  0]LogStaticMesh: Building static mesh Greybox1_boulder10...
[2019.03.07-22.17.39:353][  0]LogStaticMesh: Built static mesh [0.00s] /Game/_Greybox/Greybox_Boulders/Greybox1_boulder10.Greybox1_boulder10
[2019.03.07-22.17.39:354][  0]LogAudioDerivedData: Display: Building compressed audio format OGG hash OGG wave Industrious_Ferret_TEMP...
[2019.03.07-22.17.39:419][  0]LogTemp: Couldn't find amount to resample to.
[2019.03.07-22.17.46:188][  0]LogShaderCompilers: Display: Shaders left to compile 70
[2019.03.07-22.17.46:188][  0]LogShaderCompilers: Display: Shaders left to compile 60
[2019.03.07-22.17.46:188][  0]LogShaderCompilers: Display: Shaders left to compile 50
[2019.03.07-22.17.46:188][  0]LogShaderCompilers: Display: Shaders left to compile 40
[2019.03.07-22.17.46:189][  0]LogShaderCompilers: Display: Shaders left to compile 30
[2019.03.07-22.17.46:189][  0]LogShaderCompilers: Display: Shaders left to compile 20
[2019.03.07-22.17.46:189][  0]LogShaderCompilers: Display: Shaders left to compile 10
[2019.03.07-22.17.46:263][  0]LogStaticMesh: Building static mesh PlaceholderTree_LP...
[2019.03.07-22.17.46:389][  0]LogStaticMesh: Built static mesh [0.13s] /Game/_Greybox/Greybox_Tree/PlaceholderTree_LP.PlaceholderTree_LP
[2019.03.07-22.17.46:424][  0]LogStaticMesh: Building static mesh Greybox1_beetleTowerInterior_3...
[2019.03.07-22.17.46:429][  0]LogStaticMesh: Built static mesh [0.00s] /Game/_Greybox/Greybox_Towers/Greybox1_beetleTowerInterior_3.Greybox1_beetleTowerInterior_3
[2019.03.07-22.17.46:430][  0]LogStaticMesh: Building static mesh Greybox1_beetleTowerInterior_1...
[2019.03.07-22.17.46:437][  0]LogStaticMesh: Built static mesh [0.01s] /Game/_Greybox/Greybox_Towers/Greybox1_beetleTowerInterior_1.Greybox1_beetleTowerInterior_1
[2019.03.07-22.17.46:439][  0]LogStaticMesh: Building static mesh Greybox1_beetleTowerGround_4...
[2019.03.07-22.17.46:447][  0]LogStaticMesh: Built static mesh [0.01s] /Game/_Greybox/Greybox_Towers/Greybox1_beetleTowerGround_4.Greybox1_beetleTowerGround_4
[2019.03.07-22.17.46:450][  0]LogStaticMesh: Building static mesh Greybox1_beetleTowerGround_3...
[2019.03.07-22.17.46:456][  0]LogStaticMesh: Built static mesh [0.01s] /Game/_Greybox/Greybox_Towers/Greybox1_beetleTowerGround_3.Greybox1_beetleTowerGround_3
[2019.03.07-22.17.46:458][  0]LogStaticMesh: Building static mesh Greybox1_beetleTowerGround_1...
[2019.03.07-22.17.46:462][  0]LogStaticMesh: Built static mesh [0.00s] /Game/_Greybox/Greybox_Towers/Greybox1_beetleTowerGround_1.Greybox1_beetleTowerGround_1
[2019.03.07-22.17.46:464][  0]LogStaticMesh: Building static mesh Greybox1_beetleTowerFloor1_4...
[2019.03.07-22.17.46:469][  0]LogStaticMesh: Built static mesh [0.01s] /Game/_Greybox/Greybox_Towers/Greybox1_beetleTowerFloor1_4.Greybox1_beetleTowerFloor1_4
[2019.03.07-22.17.46:471][  0]LogStaticMesh: Building static mesh Greybox1_beetleTowerFloor1_3...
[2019.03.07-22.17.46:481][  0]LogStaticMesh: Built static mesh [0.01s] /Game/_Greybox/Greybox_Towers/Greybox1_beetleTowerFloor1_3.Greybox1_beetleTowerFloor1_3
[2019.03.07-22.17.46:484][  0]LogStaticMesh: Building static mesh Greybox1_beetleTowerFloor1_1...
[2019.03.07-22.17.46:493][  0]LogStaticMesh: Built static mesh [0.01s] /Game/_Greybox/Greybox_Towers/Greybox1_beetleTowerFloor1_1.Greybox1_beetleTowerFloor1_1
[2019.03.07-22.17.46:498][  0]LogStaticMesh: Building static mesh Greybox1_beetleTower4...
[2019.03.07-22.17.46:509][  0]LogStaticMesh: Built static mesh [0.01s] /Game/_Greybox/Greybox_Towers/Greybox1_beetleTower4.Greybox1_beetleTower4
[2019.03.07-22.17.46:516][  0]LogStaticMesh: Building static mesh Greybox1_beetleTower3...
[2019.03.07-22.17.46:529][  0]LogStaticMesh: Built static mesh [0.01s] /Game/_Greybox/Greybox_Towers/Greybox1_beetleTower3.Greybox1_beetleTower3
[2019.03.07-22.17.46:539][  0]LogStaticMesh: Building static mesh Greybox1_beetleTower2...
[2019.03.07-22.17.46:551][  0]LogStaticMesh: Built static mesh [0.01s] /Game/_Greybox/Greybox_Towers/Greybox1_beetleTower2.Greybox1_beetleTower2
[2019.03.07-22.17.46:556][  0]LogStaticMesh: Building static mesh Greybox1_beetleTower1...
[2019.03.07-22.17.46:567][  0]LogStaticMesh: Built static mesh [0.01s] /Game/_Greybox/Greybox_Towers/Greybox1_beetleTower1.Greybox1_beetleTower1
[2019.03.07-22.17.46:575][  0]LogStaticMesh: Building static mesh Greybox1_beetleTower...
[2019.03.07-22.17.46:584][  0]LogStaticMesh: Built static mesh [0.01s] /Game/_Greybox/Greybox_Towers/Greybox1_beetleTower.Greybox1_beetleTower
[2019.03.07-22.17.46:598][  0]LogStaticMesh: Building static mesh Statue_Tusks...
[2019.03.07-22.17.46:646][  0]LogStaticMesh: Built static mesh [0.05s] /Game/_Greybox/Greybox_Statues/Statue_Tusks.Statue_Tusks
[2019.03.07-22.17.46:654][  0]LogMaterial: Display: Missing cached shader map for material wire_154154229, compiling. 
[2019.03.07-22.17.46:679][  0]LogStaticMesh: Building static mesh Statue_Base...
[2019.03.07-22.17.46:693][  0]LogShaderCompilers: Display: Shaders left to compile 31
[2019.03.07-22.17.46:693][  0]LogShaderCompilers: Display: Shaders left to compile 21
[2019.03.07-22.17.46:693][  0]LogShaderCompilers: Display: Shaders left to compile 11
[2019.03.07-22.17.46:693][  0]LogShaderCompilers: Display: Shaders left to compile 1
[2019.03.07-22.17.46:693][  0]LogStaticMesh: Built static mesh [0.01s] /Game/_Greybox/Greybox_Statues/Statue_Base.Statue_Base
[2019.03.07-22.17.46:695][  0]LogStaticMesh: Building static mesh Greybox1_stairs6...
[2019.03.07-22.17.46:697][  0]LogStaticMesh: Built static mesh [0.00s] /Game/_Greybox/Greybox_Stairs/Greybox1_stairs6.Greybox1_stairs6
[2019.03.07-22.17.46:698][  0]LogStaticMesh: Building static mesh Greybox1_stairs5...
[2019.03.07-22.17.46:700][  0]LogStaticMesh: Built static mesh [0.00s] /Game/_Greybox/Greybox_Stairs/Greybox1_stairs5.Greybox1_stairs5
[2019.03.07-22.17.46:798][  0]LogAnimationCompression: Building Anim DDC data for AnimSequence /Game/1_Models/DinoRun_test.DinoRun_test
[2019.03.07-22.17.46:798][  0]LogAnimationCompression: Recompressing (AnimSequence /Game/1_Models/DinoRun_test.DinoRun_test) using current/default (AnimCompress_BitwiseCompressOnly_0) bFirstRecompressUsingCurrentOrDefault(1) bTryAlternateCompressor(0) IsCompressedDataValid(0)
[2019.03.07-22.17.46:809][  0]LogAIModule: Creating AISystem for world Modelled_Greybox
[2019.03.07-22.17.46:901][  0]LogEditorServer: Finished looking for orphan Actors (0.000 secs)
[2019.03.07-22.17.46:964][  0]Cmd: MAP CHECKDEP NOCLEARLOG
[2019.03.07-22.17.47:324][  0]MapCheck: Map check complete: 0 Error(s), 0 Warning(s), took 360.187ms to complete.
[2019.03.07-22.17.47:325][  0]LogFileHelpers: Loading map 'Modelled_Greybox' took 11.307
[2019.03.07-22.17.47:497][  0]LogSlate: Updating window title bar state: overlay mode, drag disabled, window buttons hidden, title bar hidden
[2019.03.07-22.17.47:508][  0]LogSlate: Updating window title bar state: overlay mode, drag disabled, window buttons hidden, title bar hidden
[2019.03.07-22.17.47:517][  0]LogSlate: Updating window title bar state: overlay mode, drag disabled, window buttons hidden, title bar hidden
[2019.03.07-22.17.47:527][  0]LogSlate: Updating window title bar state: overlay mode, drag disabled, window buttons hidden, title bar hidden
[2019.03.07-22.17.47:551][  0]LogCollectionManager: Loaded 0 collections in 0.007416 seconds
[2019.03.07-22.17.47:664][  0]LogFileCache: Scanning file cache for directory 'C:/Users/brownr55/Desktop/Dinochan/Dinochan/Dinochan_v001_UE4.20.3/Saved/Collections/' took 0.01s
[2019.03.07-22.17.47:664][  0]LogFileCache: Scanning file cache for directory 'C:/Users/brownr55/Desktop/Dinochan/Dinochan/Dinochan_v001_UE4.20.3/Content/Developers/brownr55/Collections/' took 0.01s
[2019.03.07-22.17.47:664][  0]LogFileCache: Scanning file cache for directory 'C:/Users/brownr55/Desktop/Dinochan/Dinochan/Dinochan_v001_UE4.20.3/Content/Collections/' took 0.01s
[2019.03.07-22.17.47:664][  0]LogCollectionManager: Rebuilt the GUID cache for 0 collections in 0.000000 seconds
[2019.03.07-22.17.47:679][  0]LogContentBrowser: Native class hierarchy populated in 0.0144 seconds. Added 2572 classes and 603 folders.
[2019.03.07-22.17.47:692][  0]LogContentBrowser: Native class hierarchy updated for 'WidgetCarousel' in 0.0004 seconds. Added 0 classes and 0 folders.
[2019.03.07-22.17.48:305][  0]LogContentBrowser: Native class hierarchy updated for 'AddContentDialog' in 0.0018 seconds. Added 0 classes and 0 folders.
[2019.03.07-22.17.48:342][  0]LogContentBrowser: Native class hierarchy updated for 'SceneOutliner' in 0.0006 seconds. Added 1 classes and 2 folders.
[2019.03.07-22.17.48:391][  0]LogSlate: Took 0.001995 seconds to synchronously load lazily loaded font '../../../Engine/Content/Slate/Fonts/Roboto-Regular.ttf' (155K)
[2019.03.07-22.17.48:394][  0]LogSlate: Took 0.000326 seconds to synchronously load lazily loaded font '../../../Engine/Content/Slate/Fonts/Roboto-Bold.ttf' (160K)
[2019.03.07-22.17.48:411][  0]LogSlate: Took 0.010269 seconds to synchronously load lazily loaded font '../../../Engine/Content/Editor/Slate/Fonts/FontAwesome.ttf' (139K)
[2019.03.07-22.17.48:577][  0]LogRenderer: Reallocating scene render targets to support 1208x576 Format 10 NumSamples 1 (Frame:1).
[2019.03.07-22.17.48:749][  0]LogSlate: FSceneViewport::OnFocusLost() reason 2
[2019.03.07-22.17.48:777][  0]LogSlate: Window 'Tutorials' being destroyed
[2019.03.07-22.17.48:811][  0]LogContentBrowser: Native class hierarchy updated for 'HierarchicalLODOutliner' in 0.0004 seconds. Added 0 classes and 0 folders.
[2019.03.07-22.17.48:811][  0]LogLoad: (Engine Initialization) Total time: 40.40 seconds
[2019.03.07-22.17.48:811][  0]LogLoad: (Engine Initialization) Total Blueprint compile time: 0.00 seconds
[2019.03.07-22.17.48:821][  0]LogWindowsTextInputMethodSystem: Display: IME system now deactivated.
[2019.03.07-22.17.48:859][  0]LogContentStreaming: Texture pool size now 3000 MB
[2019.03.07-22.17.48:906][  0]LogSlate: Took 0.009487 seconds to synchronously load lazily loaded font '../../../Engine/Content/Slate/Fonts/Roboto-Light.ttf' (167K)
[2019.03.07-22.17.48:996][  2]LogAssetRegistry: Asset discovery search completed in 19.1565 seconds
[2019.03.07-22.17.49:001][  2]LogCollectionManager: Rebuilt the object cache for 0 collections in 0.000000 seconds (found 0 objects)
[2019.03.07-22.17.49:001][  2]LogCollectionManager: Fixed up redirectors for 0 collections in 0.000096 seconds (updated 0 objects)
[2019.03.07-22.17.49:875][ 83]LogSlate: Took 0.000360 seconds to synchronously load lazily loaded font '../../../Engine/Content/Slate/Fonts/Roboto-Light.ttf' (167K)
[2019.03.07-22.17.53:926][542]LogFileCache: Retrieving MD5 hashes for directory 'C:/Users/brownr55/Desktop/Dinochan/Dinochan/Dinochan_v001_UE4.20.3/Content/' took 5.09s
[2019.03.07-22.22.20:403][504]LogSlate: FSceneViewport::OnFocusLost() reason 0
[2019.03.07-22.22.24:622][909]LogTexture: Display: Building textures: HQ_Lightmap1_3 (AutoDXT, 32X32)
[2019.03.07-22.22.24:622][909]LogTexture: Display: Building textures: HQ_Lightmap1_2 (AutoDXT, 64X64)
[2019.03.07-22.22.24:622][909]LogTexture: Display: Building textures: LQ_Lightmap_1_2 (DXT1, 64X64)
[2019.03.07-22.22.24:622][909]LogTexture: Display: Building textures: LQ_Lightmap_1_3 (DXT1, 32X32)
[2019.03.07-22.22.24:622][909]LogTexture: Display: Building textures: ShadowMapTexture2D_1 (G8, 32X32)
[2019.03.07-22.22.24:622][909]LogTexture: Display: Building textures: ShadowMapTexture2D_2 (G8, 16X16)
[2019.03.07-22.22.24:622][909]LogTexture: Display: Building textures: ShadowMapTexture2D_0 (G8, 1024X256)
[2019.03.07-22.22.24:622][909]LogTexture: Display: Building textures: LQ_Lightmap_1_1 (DXT1, 1024X1024)
[2019.03.07-22.22.24:622][909]LogTexture: Display: Building textures: HQ_Lightmap1_1 (AutoDXT, 1024X1024)
[2019.03.07-22.22.24:622][909]LogStaticMesh: Building static mesh Greybox1_doorR...
[2019.03.07-22.22.24:629][909]LogStaticMesh: Built static mesh [0.01s] /Game/_Greybox/Greybox1_doorR.Greybox1_doorR
[2019.03.07-22.22.24:632][909]LogStaticMesh: Building static mesh PlaceHolder_Key...
[2019.03.07-22.22.24:639][909]LogStaticMesh: Built static mesh [0.01s] /Game/1_Models/PlaceholderModels/PlaceHolder_Key.PlaceHolder_Key
[2019.03.07-22.22.24:660][909]LogStaticMesh: Building static mesh Lever_Base...
[2019.03.07-22.22.24:685][909]LogStaticMesh: Built static mesh [0.02s] /Game/1_Models/Lever/Lever_Base.Lever_Base
[2019.03.07-22.22.24:694][909]LogStaticMesh: Building static mesh Lever_Handle...
[2019.03.07-22.22.24:729][909]LogStaticMesh: Built static mesh [0.04s] /Game/1_Models/Lever/Lever_Handle.Lever_Handle
[2019.03.07-22.22.24:837][909]LogStaticMesh: Building static mesh PHHive...
[2019.03.07-22.22.24:898][909]LogStaticMesh: Built static mesh [0.06s] /Game/1_Models/PlaceholderModels/PHHive.PHHive
[2019.03.07-22.22.24:929][909]LogStaticMesh: Building static mesh PlaceHolder_Item...
[2019.03.07-22.22.24:932][909]LogStaticMesh: Built static mesh [0.00s] /Game/1_Models/PlaceholderModels/PlaceHolder_Item.PlaceHolder_Item
[2019.03.07-22.22.24:933][909]LogStaticMesh: Building static mesh PlaceHolder_Map...
[2019.03.07-22.22.24:935][909]LogStaticMesh: Built static mesh [0.00s] /Game/1_Models/PlaceholderModels/PlaceHolder_Map.PlaceHolder_Map
[2019.03.07-22.22.24:992][909]LogAIModule: Creating AISystem for world Rueben_Dev
[2019.03.07-22.22.25:020][909]LogAssetEditorManager: Opening Asset editor for World /Game/_Maps/RubenLevel/Rueben_Dev.Rueben_Dev
[2019.03.07-22.22.25:070][909]Cmd: MAP LOAD FILE="../../../../../../Users/brownr55/Desktop/Dinochan/Dinochan/Dinochan_v001_UE4.20.3/Content/_Maps/RubenLevel/Rueben_Dev.umap" TEMPLATE=0 SHOWPROGRESS=1 FEATURELEVEL=3
[2019.03.07-22.22.25:070][909]LightingResults: New page: Lighting Build
[2019.03.07-22.22.25:071][909]LoadErrors: New page: Loading map: Rueben_Dev.umap
[2019.03.07-22.22.25:072][909]MapCheck: New page: Map Check
[2019.03.07-22.22.25:072][909]LightingResults: New page: Lighting Build
[2019.03.07-22.22.25:123][909]LogEditorServer: Finished looking for orphan Actors (0.000 secs)
[2019.03.07-22.22.25:237][909]Cmd: MAP CHECKDEP NOCLEARLOG
[2019.03.07-22.22.25:630][909]MapCheck: Map check complete: 0 Error(s), 0 Warning(s), took 392.699ms to complete.
[2019.03.07-22.22.25:632][909]LogFileHelpers: Loading map 'Rueben_Dev' took 0.563
[2019.03.07-22.22.30:818][481]LogSlate: FSceneViewport::OnFocusLost() reason 0
[2019.03.07-22.23.01:772][ 81]LogSlate: Window 'Dinochan_v001 - Unreal Editor' being destroyed
[2019.03.07-22.23.01:773][ 81]LogWindowsTextInputMethodSystem: Display: IME system now deactivated.
[2019.03.07-22.23.02:001][ 82]Cmd: QUIT_EDITOR
[2019.03.07-22.23.02:051][ 82]LogExit: Preparing to exit.
[2019.03.07-22.23.02:950][ 82]LogExit: Editor shut down
[2019.03.07-22.23.02:951][ 82]LogExit: Transaction tracking system shut down
[2019.03.07-22.23.03:749][ 82]LogExit: Object subsystem successfully closed.
[2019.03.07-22.23.03:775][ 82]LogShaderCompilers: Display: Shaders left to compile 0
[2019.03.07-22.23.03:780][ 82]LogD3D11RHI: Shutdown
[2019.03.07-22.23.03:780][ 82]LogD3D11RHI: CleanupD3DDevice
[2019.03.07-22.23.03:782][ 82]LogD3D11RHI: ~FD3D11DynamicRHI
[2019.03.07-22.23.03:813][ 82]LogModuleManager: Shutting down and abandoning module HierarchicalLODOutliner (612)
[2019.03.07-22.23.03:813][ 82]LogModuleManager: Shutting down and abandoning module SceneOutliner (610)
[2019.03.07-22.23.03:813][ 82]LogModuleManager: Shutting down and abandoning module AddContentDialog (608)
[2019.03.07-22.23.03:813][ 82]LogModuleManager: Shutting down and abandoning module WidgetCarousel (607)
[2019.03.07-22.23.03:813][ 82]LogModuleManager: Shutting down and abandoning module EditorWidgets (604)
[2019.03.07-22.23.03:813][ 82]LogModuleManager: Shutting down and abandoning module CollectionManager (602)
[2019.03.07-22.23.03:814][ 82]LogModuleManager: Shutting down and abandoning module MeshBuilder (600)
[2019.03.07-22.23.03:814][ 82]LogModuleManager: Shutting down and abandoning module StatsViewer (598)
[2019.03.07-22.23.03:814][ 82]LogModuleManager: Shutting down and abandoning module FoliageEdit (596)
[2019.03.07-22.23.03:814][ 82]LogModuleManager: Shutting down and abandoning module LandscapeEditor (594)
[2019.03.07-22.23.03:814][ 82]LogModuleManager: Shutting down and abandoning module MeshPaintMode (592)
[2019.03.07-22.23.03:814][ 82]LogModuleManager: Shutting down and abandoning module SceneDepthPickerMode (590)
[2019.03.07-22.23.03:814][ 82]LogModuleManager: Shutting down and abandoning module ActorPickerMode (588)
[2019.03.07-22.23.03:814][ 82]LogModuleManager: Shutting down and abandoning module GeometryMode (586)
[2019.03.07-22.23.03:814][ 82]LogModuleManager: Shutting down and abandoning module TextureAlignMode (584)
[2019.03.07-22.23.03:814][ 82]LogModuleManager: Shutting down and abandoning module BspMode (582)
[2019.03.07-22.23.03:814][ 82]LogModuleManager: Shutting down and abandoning module PIEPreviewDeviceProfileSelector (580)
[2019.03.07-22.23.03:814][ 82]LogModuleManager: Shutting down and abandoning module SequenceRecorderSections (578)
[2019.03.07-22.23.03:814][ 82]LogModuleManager: Shutting down and abandoning module AutomationWorker (576)
[2019.03.07-22.23.03:814][ 82]LogModuleManager: Shutting down and abandoning module AudioCaptureEditor (574)
[2019.03.07-22.23.03:814][ 82]LogModuleManager: Shutting down and abandoning module SequenceRecorder (573)
[2019.03.07-22.23.03:814][ 82]LogModuleManager: Shutting down and abandoning module MatineeToLevelSequence (570)
[2019.03.07-22.23.03:814][ 82]LogModuleManager: Shutting down and abandoning module LevelSequenceEditor (568)
[2019.03.07-22.23.03:814][ 82]LogModuleManager: Shutting down and abandoning module PlacementMode (567)
[2019.03.07-22.23.03:814][ 82]LogModuleManager: Shutting down and abandoning module MaterialEditor (566)
[2019.03.07-22.23.03:814][ 82]LogModuleManager: Shutting down and abandoning module WmfMediaFactory (562)
[2019.03.07-22.23.03:814][ 82]LogModuleManager: Shutting down and abandoning module WmfMediaEditor (560)
[2019.03.07-22.23.03:814][ 82]LogModuleManager: Shutting down and abandoning module MediaPlayerEditor (558)
[2019.03.07-22.23.03:814][ 82]LogModuleManager: Shutting down and abandoning module OpenExrWrapper (556)
[2019.03.07-22.23.03:815][ 82]LogModuleManager: Shutting down and abandoning module ImgMediaFactory (554)
[2019.03.07-22.23.03:815][ 82]LogModuleManager: Shutting down and abandoning module ImgMediaEditor (552)
[2019.03.07-22.23.03:815][ 82]LogModuleManager: Shutting down and abandoning module AvfMediaFactory (550)
[2019.03.07-22.23.03:815][ 82]LogModuleManager: Shutting down and abandoning module AvfMediaEditor (548)
[2019.03.07-22.23.03:815][ 82]LogModuleManager: Shutting down and abandoning module AndroidMediaFactory (546)
[2019.03.07-22.23.03:815][ 82]LogModuleManager: Shutting down and abandoning module AndroidMediaEditor (544)
[2019.03.07-22.23.03:815][ 82]LogModuleManager: Shutting down and abandoning module MagicLeapCameraPreviewFactory (542)
[2019.03.07-22.23.03:815][ 82]LogModuleManager: Shutting down and abandoning module MagicLeapMediaFactory (540)
[2019.03.07-22.23.03:815][ 82]LogModuleManager: Shutting down and abandoning module MagicLeapMediaEditor (538)
[2019.03.07-22.23.03:815][ 82]LogModuleManager: Shutting down and abandoning module CharacterAI (536)
[2019.03.07-22.23.03:815][ 82]LogModuleManager: Shutting down and abandoning module SmartSnapping (534)
[2019.03.07-22.23.03:815][ 82]LogModuleManager: Shutting down and abandoning module SessionServices (532)
[2019.03.07-22.23.03:815][ 82]LogModuleManager: Shutting down and abandoning module ViewportSnapping (530)
[2019.03.07-22.23.03:815][ 82]LogModuleManager: Shutting down and abandoning module ViewportInteraction (528)
[2019.03.07-22.23.03:815][ 82]LogModuleManager: Shutting down and abandoning module ClothPainter (526)
[2019.03.07-22.23.03:815][ 82]LogModuleManager: Shutting down and abandoning module SkeletalMeshEditor (525)
[2019.03.07-22.23.03:815][ 82]LogModuleManager: Shutting down and abandoning module LogVisualizer (522)
[2019.03.07-22.23.03:815][ 82]LogModuleManager: Shutting down and abandoning module IntroTutorials (520)
[2019.03.07-22.23.03:815][ 82]LogModuleManager: Shutting down and abandoning module GameProjectGeneration (519)
[2019.03.07-22.23.03:815][ 82]LogModuleManager: Shutting down and abandoning module LuminPlatformEditor (516)
[2019.03.07-22.23.03:815][ 82]LogModuleManager: Shutting down and abandoning module IOSPlatformEditor (514)
[2019.03.07-22.23.03:815][ 82]LogModuleManager: Shutting down and abandoning module HTML5PlatformEditor (512)
[2019.03.07-22.23.03:815][ 82]LogModuleManager: Shutting down and abandoning module AndroidPlatformEditor (510)
[2019.03.07-22.23.03:815][ 82]LogModuleManager: Shutting down and abandoning module AndroidDeviceDetection (509)
[2019.03.07-22.23.04:516][ 82]LogModuleManager: Shutting down and abandoning module WindowsPlatformEditor (506)
[2019.03.07-22.23.04:516][ 82]LogModuleManager: Shutting down and abandoning module LuminRuntimeSettings (504)
[2019.03.07-22.23.04:516][ 82]LogModuleManager: Shutting down and abandoning module IOSRuntimeSettings (502)
[2019.03.07-22.23.04:516][ 82]LogModuleManager: Shutting down and abandoning module AndroidRuntimeSettings (500)
[2019.03.07-22.23.04:516][ 82]LogModuleManager: Shutting down and abandoning module InputBindingEditor (498)
[2019.03.07-22.23.04:516][ 82]LogModuleManager: Shutting down and abandoning module MergeActors (496)
[2019.03.07-22.23.04:516][ 82]LogModuleManager: Shutting down and abandoning module LocalizationDashboard (494)
[2019.03.07-22.23.04:516][ 82]LogModuleManager: Shutting down and abandoning module LocalizationService (493)
[2019.03.07-22.23.04:516][ 82]LogModuleManager: Shutting down and abandoning module HardwareTargeting (490)
[2019.03.07-22.23.04:516][ 82]LogModuleManager: Shutting down and abandoning module DeviceProfileEditor (488)
[2019.03.07-22.23.04:516][ 82]LogModuleManager: Shutting down and abandoning module UndoHistory (486)
[2019.03.07-22.23.04:516][ 82]LogModuleManager: Shutting down and abandoning module XmlParser (484)
[2019.03.07-22.23.04:517][ 82]LogModuleManager: Shutting down and abandoning module Blutility (482)
[2019.03.07-22.23.04:517][ 82]LogModuleManager: Shutting down and abandoning module ProjectSettingsViewer (480)
[2019.03.07-22.23.04:517][ 82]LogModuleManager: Shutting down and abandoning module ProjectTargetPlatformEditor (479)
[2019.03.07-22.23.04:517][ 82]LogModuleManager: Shutting down and abandoning module EditorSettingsViewer (476)
[2019.03.07-22.23.04:517][ 82]LogModuleManager: Shutting down and abandoning module SettingsEditor (474)
[2019.03.07-22.23.04:517][ 82]LogModuleManager: Shutting down and abandoning module ProjectLauncher (472)
[2019.03.07-22.23.04:517][ 82]LogModuleManager: Shutting down and abandoning module SessionFrontend (470)
[2019.03.07-22.23.04:517][ 82]LogModuleManager: Shutting down and abandoning module ProfilerClient (468)
[2019.03.07-22.23.04:517][ 82]LogModuleManager: Shutting down and abandoning module DeviceManager (466)
[2019.03.07-22.23.04:517][ 82]LogModuleManager: Shutting down and abandoning module TargetDeviceServices (465)
[2019.03.07-22.23.04:580][ 82]LogModuleManager: Shutting down and abandoning module AutomationController (462)
[2019.03.07-22.23.04:580][ 82]LogModuleManager: Shutting down and abandoning module AutomationWindow (460)
[2019.03.07-22.23.04:580][ 82]LogModuleManager: Shutting down and abandoning module Layers (458)
[2019.03.07-22.23.04:580][ 82]LogModuleManager: Shutting down and abandoning module ComponentVisualizers (456)
[2019.03.07-22.23.04:580][ 82]LogModuleManager: Shutting down and abandoning module DetailCustomizations (454)
[2019.03.07-22.23.04:580][ 82]LogModuleManager: Shutting down and abandoning module PackagesDialog (452)
[2019.03.07-22.23.04:580][ 82]LogModuleManager: Shutting down and abandoning module Persona (450)
[2019.03.07-22.23.04:580][ 82]LogModuleManager: Shutting down and abandoning module AdvancedPreviewScene (449)
[2019.03.07-22.23.04:581][ 82]LogModuleManager: Shutting down and abandoning module AnimGraph (447)
[2019.03.07-22.23.04:581][ 82]LogModuleManager: Shutting down and abandoning module Kismet (444)
[2019.03.07-22.23.04:581][ 82]LogModuleManager: Shutting down and abandoning module GraphEditor (442)
[2019.03.07-22.23.04:581][ 82]LogModuleManager: Shutting down and abandoning module ClassViewer (440)
[2019.03.07-22.23.04:581][ 82]LogModuleManager: Shutting down and abandoning module Toolbox (438)
[2019.03.07-22.23.04:581][ 82]LogModuleManager: Shutting down and abandoning module ModuleUI (436)
[2019.03.07-22.23.04:581][ 82]LogModuleManager: Shutting down and abandoning module MovieSceneTools (434)
[2019.03.07-22.23.04:581][ 82]LogModuleManager: Shutting down and abandoning module OutputLog (432)
[2019.03.07-22.23.04:581][ 82]LogModuleManager: Shutting down and abandoning module GammaUI (430)
[2019.03.07-22.23.04:582][ 82]LogModuleManager: Shutting down and abandoning module Documentation (428)
[2019.03.07-22.23.04:582][ 82]LogModuleManager: Shutting down and abandoning module MovieSceneTracks (426)
[2019.03.07-22.23.04:582][ 82]LogModuleManager: Shutting down and abandoning module MovieScene (424)
[2019.03.07-22.23.04:582][ 82]LogModuleManager: Shutting down and abandoning module StreamingPauseRendering (422)
[2019.03.07-22.23.04:582][ 82]LogModuleManager: Shutting down and abandoning module LauncherPlatform (420)
[2019.03.07-22.23.04:582][ 82]LogModuleManager: Shutting down and abandoning module AnalyticsET (418)
[2019.03.07-22.23.04:582][ 82]LogModuleManager: Shutting down and abandoning module PortalServices (416)
[2019.03.07-22.23.04:582][ 82]LogModuleManager: Shutting down and abandoning module PortalRpc (414)
[2019.03.07-22.23.04:582][ 82]LogModuleManager: Shutting down and abandoning module MessagingRpc (412)
[2019.03.07-22.23.04:582][ 82]LogModuleManager: Shutting down and abandoning module AIModule (410)
[2019.03.07-22.23.04:582][ 82]LogModuleManager: Shutting down and abandoning module GameplayDebugger (409)
[2019.03.07-22.23.04:582][ 82]LogModuleManager: Shutting down and abandoning module AITestSuite (407)
[2019.03.07-22.23.04:582][ 82]LogModuleManager: Shutting down and abandoning module NavigationSystem (405)
[2019.03.07-22.23.04:582][ 82]LogModuleManager: Shutting down and abandoning module DesktopPlatform (402)
[2019.03.07-22.23.04:582][ 82]LogModuleManager: Shutting down and abandoning module ProfilerService (400)
[2019.03.07-22.23.04:706][ 82]LogModuleManager: Shutting down and abandoning module TaskGraph (398)
[2019.03.07-22.23.04:706][ 82]LogModuleManager: Shutting down and abandoning module SteamVRController (396)
[2019.03.07-22.23.04:706][ 82]LogModuleManager: Shutting down and abandoning module ProceduralMeshComponentEditor (394)
[2019.03.07-22.23.04:707][ 82]LogModuleManager: Shutting down and abandoning module ProceduralMeshComponent (392)
[2019.03.07-22.23.04:707][ 82]LogModuleManager: Shutting down and abandoning module OculusInput (390)
[2019.03.07-22.23.04:707][ 82]LogModuleManager: Shutting down and abandoning module MobilePatchingUtils (388)
[2019.03.07-22.23.04:707][ 82]LogModuleManager: Shutting down and abandoning module EditableMesh (386)
[2019.03.07-22.23.04:707][ 82]LogModuleManager: Shutting down and abandoning module CustomMeshComponent (384)
[2019.03.07-22.23.04:707][ 82]LogModuleManager: Shutting down and abandoning module CableComponent (382)
[2019.03.07-22.23.04:707][ 82]LogModuleManager: Shutting down and abandoning module AudioCapture (380)
[2019.03.07-22.23.04:707][ 82]LogModuleManager: Shutting down and abandoning module ArchVisCharacter (378)
[2019.03.07-22.23.04:707][ 82]LogModuleManager: Shutting down and abandoning module AndroidPermission (376)
[2019.03.07-22.23.04:707][ 82]LogModuleManager: Shutting down and abandoning module NUTUnrealEngine4 (374)
[2019.03.07-22.23.04:707][ 82]LogModuleManager: Shutting down and abandoning module NetcodeUnitTest (372)
[2019.03.07-22.23.04:707][ 82]LogModuleManager: Shutting down and abandoning module MediaCompositingEditor (370)
[2019.03.07-22.23.04:707][ 82]LogModuleManager: Shutting down and abandoning module MediaCompositing (368)
[2019.03.07-22.23.04:707][ 82]LogModuleManager: Shutting down and abandoning module LinearTimecode (366)
[2019.03.07-22.23.04:707][ 82]LogModuleManager: Shutting down and abandoning module ImgMedia (364)
[2019.03.07-22.23.04:714][ 82]LogModuleManager: Shutting down and abandoning module HTML5Networking (362)
[2019.03.07-22.23.04:714][ 82]LogModuleManager: Shutting down and abandoning module GeometryCacheTracks (360)
[2019.03.07-22.23.04:714][ 82]LogModuleManager: Shutting down and abandoning module GeometryCacheSequencer (358)
[2019.03.07-22.23.04:714][ 82]LogModuleManager: Shutting down and abandoning module BackChannel (356)
[2019.03.07-22.23.04:714][ 82]LogModuleManager: Shutting down and abandoning module AppleVision (354)
[2019.03.07-22.23.04:714][ 82]LogModuleManager: Shutting down and abandoning module AppleImageUtils (352)
[2019.03.07-22.23.04:714][ 82]LogModuleManager: Shutting down and abandoning module AlembicImporter (350)
[2019.03.07-22.23.04:714][ 82]LogModuleManager: Shutting down and abandoning module AlembicLibrary (349)
[2019.03.07-22.23.04:715][ 82]LogModuleManager: Shutting down and abandoning module GeometryCache (348)
[2019.03.07-22.23.04:715][ 82]LogModuleManager: Shutting down and abandoning module GeometryCacheEd (347)
[2019.03.07-22.23.04:715][ 82]LogModuleManager: Shutting down and abandoning module DatasmithContentEditor (342)
[2019.03.07-22.23.04:715][ 82]LogModuleManager: Shutting down and abandoning module DatasmithContent (340)
[2019.03.07-22.23.04:717][ 82]LogModuleManager: Shutting down and abandoning module SpeedTreeImporter (338)
[2019.03.07-22.23.04:717][ 82]LogModuleManager: Shutting down and abandoning module PluginBrowser (336)
[2019.03.07-22.23.04:717][ 82]LogModuleManager: Shutting down and abandoning module MobileLauncherProfileWizard (334)
[2019.03.07-22.23.04:717][ 82]LogModuleManager: Shutting down and abandoning module PolygonModeling (332)
[2019.03.07-22.23.04:717][ 82]LogModuleManager: Shutting down and abandoning module MeshEditor (330)
[2019.03.07-22.23.04:717][ 82]LogModuleManager: Shutting down and abandoning module CryptoKeysOpenSSL (328)
[2019.03.07-22.23.04:717][ 82]LogModuleManager: Shutting down and abandoning module CryptoKeys (326)
[2019.03.07-22.23.04:717][ 82]LogModuleManager: Shutting down and abandoning module VisualStudioSourceCodeAccess (324)
[2019.03.07-22.23.04:717][ 82]LogModuleManager: Shutting down and abandoning module VisualStudioCodeSourceCodeAccess (322)
[2019.03.07-22.23.04:717][ 82]LogModuleManager: Shutting down and abandoning module UObjectPlugin (320)
[2019.03.07-22.23.04:718][ 82]LogModuleManager: Shutting down and abandoning module SubversionSourceControl (318)
[2019.03.07-22.23.04:718][ 82]LogModuleManager: Shutting down and abandoning module PerforceSourceControl (316)
[2019.03.07-22.23.04:718][ 82]LogModuleManager: Shutting down and abandoning module GitSourceControl (314)
[2019.03.07-22.23.04:718][ 82]LogModuleManager: Shutting down and abandoning module SourceControl (313)
[2019.03.07-22.23.04:718][ 82]LogModuleManager: Shutting down and abandoning module CLionSourceCodeAccess (310)
[2019.03.07-22.23.04:718][ 82]LogModuleManager: Shutting down and abandoning module LightPropagationVolumeEditor (308)
[2019.03.07-22.23.04:718][ 82]LogModuleManager: Shutting down and abandoning module PaperTiledImporter (306)
[2019.03.07-22.23.04:718][ 82]LogModuleManager: Shutting down and abandoning module PaperSpriteSheetImporter (304)
[2019.03.07-22.23.04:718][ 82]LogModuleManager: Shutting down and abandoning module Paper2DEditor (302)
[2019.03.07-22.23.04:718][ 82]LogModuleManager: Shutting down and abandoning module MeshPaint (301)
[2019.03.07-22.23.04:718][ 82]LogModuleManager: Shutting down and abandoning module RuntimePhysXCooking (298)
[2019.03.07-22.23.04:718][ 82]LogModuleManager: Shutting down and abandoning module PhysXVehiclesEditor (296)
[2019.03.07-22.23.04:718][ 82]LogModuleManager: Shutting down and abandoning module PhysXVehicles (294)
[2019.03.07-22.23.04:718][ 82]LogModuleManager: Shutting down and abandoning module OculusEditor (292)
[2019.03.07-22.23.04:718][ 82]LogModuleManager: Shutting down and abandoning module LocationServicesBPLibrary (290)
[2019.03.07-22.23.04:719][ 82]LogModuleManager: Shutting down and abandoning module ImmediatePhysicsEditor (288)
[2019.03.07-22.23.04:719][ 82]LogModuleManager: Shutting down and abandoning module ImmediatePhysics (286)
[2019.03.07-22.23.04:719][ 82]LogModuleManager: Shutting down and abandoning module ActorSequence (284)
[2019.03.07-22.23.04:719][ 82]LogModuleManager: Shutting down and abandoning module UdpMessaging (282)
[2019.03.07-22.23.04:820][ 82]LogModuleManager: Shutting down and abandoning module TcpMessaging (280)
[2019.03.07-22.23.04:921][ 82]LogModuleManager: Shutting down and abandoning module MagicLeapAudio (278)
[2019.03.07-22.23.04:921][ 82]LogModuleManager: Shutting down and abandoning module GameplayTagsEditor (276)
[2019.03.07-22.23.04:921][ 82]LogModuleManager: Shutting down and abandoning module FacialAnimationEditor (274)
[2019.03.07-22.23.04:921][ 82]LogModuleManager: Shutting down and abandoning module FacialAnimation (272)
[2019.03.07-22.23.04:921][ 82]LogModuleManager: Shutting down and abandoning module DataValidation (270)
[2019.03.07-22.23.04:921][ 82]LogModuleManager: Shutting down and abandoning module AssetManagerEditor (268)
[2019.03.07-22.23.04:921][ 82]LogModuleManager: Shutting down and abandoning module LevelEditor (267)
[2019.03.07-22.23.04:922][ 82]LogModuleManager: Shutting down and abandoning module PixelInspectorModule (266)
[2019.03.07-22.23.04:922][ 82]LogModuleManager: Shutting down and abandoning module CommonMenuExtensions (264)
[2019.03.07-22.23.04:922][ 82]LogModuleManager: Shutting down and abandoning module MainFrame (262)
[2019.03.07-22.23.04:922][ 82]LogModuleManager: Shutting down and abandoning module HotReload (261)
[2019.03.07-22.23.04:923][ 82]LogModuleManager: Shutting down and abandoning module ContentBrowser (257)
[2019.03.07-22.23.04:924][ 82]LogModuleManager: Shutting down and abandoning module TreeMap (255)
[2019.03.07-22.23.04:924][ 82]LogModuleManager: Shutting down and abandoning module LightPropagationVolumeRuntime (252)
[2019.03.07-22.23.04:924][ 82]LogModuleManager: Shutting down and abandoning module AISupportModule (250)
[2019.03.07-22.23.04:924][ 82]LogModuleManager: Shutting down and abandoning module Paper2D (248)
[2019.03.07-22.23.04:924][ 82]LogModuleManager: Shutting down and abandoning module WindowsMoviePlayer (246)
[2019.03.07-22.23.04:924][ 82]LogModuleManager: Shutting down and abandoning module WmfMedia (244)
[2019.03.07-22.23.04:926][ 82]LogModuleManager: Shutting down and abandoning module Media (243)
[2019.03.07-22.23.04:933][ 82]LogModuleManager: Shutting down and abandoning module PacketHandler (240)
[2019.03.07-22.23.04:933][ 82]LogModuleManager: Shutting down and abandoning module ClothingSystemEditor (238)
[2019.03.07-22.23.04:933][ 82]LogModuleManager: Shutting down and abandoning module ClothingSystemRuntime (236)
[2019.03.07-22.23.04:933][ 82]LogModuleManager: Shutting down and abandoning module MediaAssets (234)
[2019.03.07-22.23.04:933][ 82]LogModuleManager: Shutting down and abandoning module Overlay (232)
[2019.03.07-22.23.04:933][ 82]LogModuleManager: Shutting down and abandoning module OverlayEditor (231)
[2019.03.07-22.23.04:933][ 82]LogModuleManager: Shutting down and abandoning module VREditor (228)
[2019.03.07-22.23.04:933][ 82]LogModuleManager: Shutting down and abandoning module StringTableEditor (226)
[2019.03.07-22.23.04:933][ 82]LogModuleManager: Shutting down and abandoning module GameplayTasksEditor (224)
[2019.03.07-22.23.04:933][ 82]LogModuleManager: Shutting down and abandoning module BehaviorTreeEditor (222)
[2019.03.07-22.23.04:933][ 82]LogModuleManager: Shutting down and abandoning module FunctionalTesting (220)
[2019.03.07-22.23.04:933][ 82]LogModuleManager: Shutting down and abandoning module CollisionAnalyzer (218)
[2019.03.07-22.23.04:933][ 82]LogModuleManager: Shutting down and abandoning module WorkspaceMenuStructure (217)
[2019.03.07-22.23.04:933][ 82]LogModuleManager: Shutting down and abandoning module UMG (214)
[2019.03.07-22.23.04:934][ 82]LogModuleManager: Shutting down and abandoning module UMGEditor (213)
[2019.03.07-22.23.04:934][ 82]LogModuleManager: Shutting down and abandoning module Sequencer (212)
[2019.03.07-22.23.04:934][ 82]LogModuleManager: Shutting down and abandoning module MessageLog (209)
[2019.03.07-22.23.04:934][ 82]LogModuleManager: Shutting down and abandoning module SlateReflector (204)
[2019.03.07-22.23.04:934][ 82]LogModuleManager: Shutting down and abandoning module Slate (202)
[2019.03.07-22.23.04:934][ 82]LogModuleManager: Shutting down and abandoning module EditorStyle (200)
[2019.03.07-22.23.04:938][ 82]LogModuleManager: Shutting down and abandoning module MRMesh (198)
[2019.03.07-22.23.04:938][ 82]LogModuleManager: Shutting down and abandoning module SourceCodeAccess (196)
[2019.03.07-22.23.04:938][ 82]LogModuleManager: Shutting down and abandoning module HeadMountedDisplay (194)
[2019.03.07-22.23.04:938][ 82]LogModuleManager: Shutting down and abandoning module XAudio2 (192)
[2019.03.07-22.23.04:938][ 82]LogModuleManager: Shutting down and abandoning module Networking (190)
[2019.03.07-22.23.04:938][ 82]LogModuleManager: Shutting down and abandoning module Core (188)
[2019.03.07-22.23.04:938][ 82]LogModuleManager: Shutting down and abandoning module LevelSequence (186)
[2019.03.07-22.23.04:938][ 82]LogModuleManager: Shutting down and abandoning module KismetCompiler (184)
[2019.03.07-22.23.04:938][ 82]LogModuleManager: Shutting down and abandoning module MeshUtilities (182)
[2019.03.07-22.23.04:938][ 82]LogModuleManager: Shutting down and abandoning module MeshMergeUtilities (181)
[2019.03.07-22.23.04:938][ 82]LogModuleManager: Shutting down and abandoning module MeshReductionInterface (180)
[2019.03.07-22.23.04:938][ 82]LogModuleManager: Shutting down and abandoning module SimplygonSwarm (179)
[2019.03.07-22.23.04:938][ 82]LogModuleManager: Shutting down and abandoning module ProxyLODMeshReduction (177)
[2019.03.07-22.23.04:938][ 82]LogModuleManager: Shutting down and abandoning module SimplygonMeshReduction (175)
[2019.03.07-22.23.04:939][ 82]LogModuleManager: Shutting down and abandoning module QuadricMeshReduction (173)
[2019.03.07-22.23.04:939][ 82]LogModuleManager: Shutting down and abandoning module MaterialBaking (169)
[2019.03.07-22.23.04:939][ 82]LogModuleManager: Shutting down and abandoning module DirectoryWatcher (165)
[2019.03.07-22.23.04:939][ 82]LogModuleManager: Shutting down and abandoning module DerivedDataCache (162)
[2019.03.07-22.23.04:962][ 82]LogDerivedDataCache: Shutdown
[2019.03.07-22.23.04:962][ 82]LogModuleManager: Shutting down and abandoning module XGEController (160)
[2019.03.07-22.23.04:962][ 82]LogModuleManager: Shutting down and abandoning module TargetPlatform (158)
[2019.03.07-22.23.04:962][ 82]LogModuleManager: Shutting down and abandoning module VulkanShaderFormat (157)
[2019.03.07-22.23.04:962][ 82]LogModuleManager: Shutting down and abandoning module ShaderFormatVectorVM (155)
[2019.03.07-22.23.04:962][ 82]LogModuleManager: Shutting down and abandoning module ShaderFormatOpenGL (153)
[2019.03.07-22.23.04:962][ 82]LogModuleManager: Shutting down and abandoning module ShaderFormatD3D (151)
[2019.03.07-22.23.04:962][ 82]LogModuleManager: Shutting down and abandoning module MetalShaderFormat (149)
[2019.03.07-22.23.04:962][ 82]LogModuleManager: Shutting down and abandoning module TextureFormatUncompressed (147)
[2019.03.07-22.23.04:962][ 82]LogModuleManager: Shutting down and abandoning module TextureFormatPVR (145)
[2019.03.07-22.23.04:962][ 82]LogModuleManager: Shutting down and abandoning module TextureFormatDXT (143)
[2019.03.07-22.23.04:962][ 82]LogModuleManager: Shutting down and abandoning module TextureFormatIntelISPCTexComp (141)
[2019.03.07-22.23.04:963][ 82]LogModuleManager: Shutting down and abandoning module TextureFormatASTC (139)
[2019.03.07-22.23.04:963][ 82]LogModuleManager: Shutting down and abandoning module ImageWrapper (138)
[2019.03.07-22.23.04:963][ 82]LogModuleManager: Shutting down and abandoning module TextureFormatAndroid (135)
[2019.03.07-22.23.04:963][ 82]LogModuleManager: Shutting down and abandoning module AudioFormatOpus (133)
[2019.03.07-22.23.04:963][ 82]LogModuleManager: Shutting down and abandoning module AudioFormatOgg (131)
[2019.03.07-22.23.04:963][ 82]LogModuleManager: Shutting down and abandoning module AudioFormatADPCM (129)
[2019.03.07-22.23.04:963][ 82]LogModuleManager: Shutting down and abandoning module LuminTargetPlatform (127)
[2019.03.07-22.23.04:963][ 82]LogModuleManager: Shutting down and abandoning module LinuxTargetPlatform (125)
[2019.03.07-22.23.04:963][ 82]LogModuleManager: Shutting down and abandoning module LinuxServerTargetPlatform (123)
[2019.03.07-22.23.04:963][ 82]LogModuleManager: Shutting down and abandoning module LinuxNoEditorTargetPlatform (121)
[2019.03.07-22.23.04:963][ 82]LogModuleManager: Shutting down and abandoning module LinuxClientTargetPlatform (119)
[2019.03.07-22.23.04:963][ 82]LogModuleManager: Shutting down and abandoning module TVOSTargetPlatform (117)
[2019.03.07-22.23.04:965][ 82]LogModuleManager: Shutting down and abandoning module Messaging (115)
[2019.03.07-22.23.04:965][ 82]LogModuleManager: Shutting down and abandoning module IOSTargetPlatform (113)
[2019.03.07-22.23.04:966][ 82]LogModuleManager: Shutting down and abandoning module HTML5TargetPlatform (111)
[2019.03.07-22.23.04:966][ 82]LogModuleManager: Shutting down and abandoning module AndroidTargetPlatform (109)
[2019.03.07-22.23.04:979][ 82]LogModuleManager: Shutting down and abandoning module WindowsTargetPlatform (107)
[2019.03.07-22.23.04:979][ 82]LogModuleManager: Shutting down and abandoning module WindowsServerTargetPlatform (105)
[2019.03.07-22.23.04:979][ 82]LogModuleManager: Shutting down and abandoning module WindowsNoEditorTargetPlatform (103)
[2019.03.07-22.23.04:979][ 82]LogModuleManager: Shutting down and abandoning module WindowsClientTargetPlatform (101)
[2019.03.07-22.23.04:979][ 82]LogModuleManager: Shutting down and abandoning module MacTargetPlatform (99)
[2019.03.07-22.23.04:979][ 82]LogModuleManager: Shutting down and abandoning module MacServerTargetPlatform (97)
[2019.03.07-22.23.04:979][ 82]LogModuleManager: Shutting down and abandoning module MacNoEditorTargetPlatform (95)
[2019.03.07-22.23.04:979][ 82]LogModuleManager: Shutting down and abandoning module MacClientTargetPlatform (93)
[2019.03.07-22.23.04:979][ 82]LogModuleManager: Shutting down and abandoning module AllDesktopTargetPlatform (91)
[2019.03.07-22.23.04:979][ 82]LogModuleManager: Shutting down and abandoning module InputCore (88)
[2019.03.07-22.23.04:979][ 82]LogModuleManager: Shutting down and abandoning module Settings (86)
[2019.03.07-22.23.04:979][ 82]LogModuleManager: Shutting down and abandoning module PhysXCooking (84)
[2019.03.07-22.23.04:979][ 82]LogModuleManager: Shutting down and abandoning module SteamVR (82)
[2019.03.07-22.23.04:979][ 82]LogModuleManager: Shutting down and abandoning module OculusHMD (80)
[2019.03.07-22.23.04:979][ 82]LogModuleManager: Shutting down and abandoning module ExampleDeviceProfileSelector (78)
[2019.03.07-22.23.04:979][ 82]LogModuleManager: Shutting down and abandoning module LauncherChunkInstaller (76)
[2019.03.07-22.23.04:979][ 82]LogModuleManager: Shutting down and abandoning module OnlineBlueprintSupport (74)
[2019.03.07-22.23.04:979][ 82]LogModuleManager: Shutting down and abandoning module OnlineSubsystem (70)
[2019.03.07-22.23.04:981][ 82]LogModuleManager: Shutting down and abandoning module XMPP (65)
[2019.03.07-22.23.04:981][ 82]LogModuleManager: Shutting down and abandoning module WebSockets (64)
[2019.03.07-22.23.05:012][ 82]LogModuleManager: Shutting down and abandoning module HTTP (61)
[2019.03.07-22.23.05:012][ 82]LogHttp: Display: Http module shutting down, but needs to wait on 1 outstanding Http requests:
[2019.03.07-22.23.05:012][ 82]LogHttp: Display: 	verb=[POST] url=[https://datarouter.ol.epicgames.com/datarouter/api/v1/public/data?SessionID=%7B4554C5C5-459C-445D-3B88-3E9DCF420573%7D&AppID=UEEditor.Rocket.Release&AppVersion=4.20.1-4233996%2B%2B%2BUE4%2BRelease-4.20&UserID=3a8b4d7b4d40afec8405139280911413%7C%7C1f898cd5-c0b8-475e-9b4f-e598dcc7adfa&AppEnvironment=datacollector-binary&UploadType=eteventstream] status=Processing
[2019.03.07-22.23.05:047][ 82]LogModuleManager: Shutting down and abandoning module SSL (60)
[2019.03.07-22.23.05:049][ 82]LogModuleManager: Shutting down and abandoning module MagicLeapEmulator (56)
[2019.03.07-22.23.05:049][ 82]LogModuleManager: Shutting down and abandoning module MagicLeapPrivileges (54)
[2019.03.07-22.23.05:049][ 82]LogModuleManager: Shutting down and abandoning module MagicLeapIdentity (52)
[2019.03.07-22.23.05:049][ 82]LogModuleManager: Shutting down and abandoning module MagicLeapHelperVulkan (50)
[2019.03.07-22.23.05:049][ 82]LogModuleManager: Shutting down and abandoning module MagicLeapHelperOpenGL (48)
[2019.03.07-22.23.05:049][ 82]LogModuleManager: Shutting down and abandoning module MagicLeapSecureStorage (46)
[2019.03.07-22.23.05:049][ 82]LogModuleManager: Shutting down and abandoning module MagicLeapGestures (44)
[2019.03.07-22.23.05:049][ 82]LogModuleManager: Shutting down and abandoning module MagicLeapEyeTracker (42)
[2019.03.07-22.23.05:049][ 82]LogModuleManager: Shutting down and abandoning module MagicLeapController (40)
[2019.03.07-22.23.05:049][ 82]LogSlate: Slate User Destroyed.  User Index 0, Is Virtual User: 0
[2019.03.07-22.23.05:049][ 82]LogModuleManager: Shutting down and abandoning module MagicLeap (38)
[2019.03.07-22.23.05:049][ 82]LogModuleManager: Shutting down and abandoning module AnimationModifiers (36)
[2019.03.07-22.23.05:050][ 82]LogModuleManager: Shutting down and abandoning module PropertyEditor (35)
[2019.03.07-22.23.05:050][ 82]LogModuleManager: Shutting down and abandoning module AudioEditor (32)
[2019.03.07-22.23.05:050][ 82]LogModuleManager: Shutting down and abandoning module TextureCompressor (30)
[2019.03.07-22.23.05:050][ 82]LogModuleManager: Shutting down and abandoning module ShaderCore (28)
[2019.03.07-22.23.05:050][ 82]LogModuleManager: Shutting down and abandoning module Landscape (26)
[2019.03.07-22.23.05:050][ 82]LogModuleManager: Shutting down and abandoning module SlateRHIRenderer (24)
[2019.03.07-22.23.05:050][ 82]LogModuleManager: Shutting down and abandoning module OpenGLDrv (22)
[2019.03.07-22.23.05:050][ 82]LogModuleManager: Shutting down and abandoning module D3D11RHI (20)
[2019.03.07-22.23.05:050][ 82]LogModuleManager: Shutting down and abandoning module AnimGraphRuntime (18)
[2019.03.07-22.23.05:050][ 82]LogModuleManager: Shutting down and abandoning module Renderer (16)
[2019.03.07-22.23.05:050][ 82]LogModuleManager: Shutting down and abandoning module Engine (14)
[2019.03.07-22.23.05:050][ 82]LogModuleManager: Shutting down and abandoning module CoreUObject (12)
[2019.03.07-22.23.05:050][ 82]LogModuleManager: Shutting down and abandoning module NetworkFile (10)
[2019.03.07-22.23.05:050][ 82]LogModuleManager: Shutting down and abandoning module CookedIterativeFile (8)
[2019.03.07-22.23.05:050][ 82]LogModuleManager: Shutting down and abandoning module StreamingFile (6)
[2019.03.07-22.23.05:050][ 82]LogModuleManager: Shutting down and abandoning module SandboxFile (4)
[2019.03.07-22.23.05:051][ 82]LogModuleManager: Shutting down and abandoning module PakFile (2)
[2019.03.07-22.23.05:077][ 82]LogExit: Exiting.
[2019.03.07-22.23.05:103][ 82]Log file closed, 03/07/19 17:23:05
