Log file open, 04/30/19 02:47:38
LogWindows: Failed to load 'aqProf.dll' (GetLastError=126)
LogWindows: File 'aqProf.dll' does not exist
LogWindows: Failed to load 'VSPerf140.dll' (GetLastError=126)
LogWindows: File 'VSPerf140.dll' does not exist
LogWindows: Failed to load 'VtuneApi.dll' (GetLastError=126)
LogWindows: File 'VtuneApi.dll' does not exist
LogWindows: Failed to load 'VtuneApi32e.dll' (GetLastError=126)
LogWindows: File 'VtuneApi32e.dll' does not exist
LogInit: Display: Running engine for game: Dinochan_v001
LogPlatformFile: Not using cached read wrapper
LogTaskGraph: Started task graph with 5 named threads and 35 total threads with 3 sets of task threads.
LogStats: Stats thread started at 0.481139
LogD3D11RHI: Loaded GFSDK_Aftermath_Lib.x64.dll
LogICUInternationalization: Display: ICU TimeZone Detection - Raw Offset: -5:00, Platform Override: ''
LogPluginManager: Mounting plugin Paper2D
LogPluginManager: Mounting plugin AISupport
LogPluginManager: Mounting plugin LightPropagationVolume
LogPluginManager: Mounting plugin CLionSourceCodeAccess
LogPluginManager: Mounting plugin CodeLiteSourceCodeAccess
LogPluginManager: Mounting plugin GitSourceControl
LogPluginManager: Mounting plugin KDevelopSourceCodeAccess
LogPluginManager: Mounting plugin NullSourceCodeAccess
LogPluginManager: Mounting plugin PerforceSourceControl
LogPluginManager: Mounting plugin SubversionSourceControl
LogPluginManager: Mounting plugin UObjectPlugin
LogPluginManager: Mounting plugin VisualStudioCodeSourceCodeAccess
LogPluginManager: Mounting plugin VisualStudioSourceCodeAccess
LogPluginManager: Mounting plugin XCodeSourceCodeAccess
LogPluginManager: Mounting plugin AssetManagerEditor
LogPluginManager: Mounting plugin CryptoKeys
LogPluginManager: Mounting plugin DataValidation
LogPluginManager: Mounting plugin FacialAnimation
LogPluginManager: Mounting plugin GameplayTagsEditor
LogPluginManager: Mounting plugin MacGraphicsSwitching
LogPluginManager: Mounting plugin MeshEditor
LogPluginManager: Mounting plugin MobileLauncherProfileWizard
LogPluginManager: Mounting plugin PluginBrowser
LogPluginManager: Mounting plugin SpeedTreeImporter
LogPluginManager: Mounting plugin DatasmithContent
LogPluginManager: Mounting plugin AlembicImporter
LogPluginManager: Mounting plugin AppleImageUtils
LogPluginManager: Mounting plugin AppleVision
LogPluginManager: Mounting plugin BackChannel
LogPluginManager: Mounting plugin CharacterAI
LogPluginManager: Mounting plugin GeometryCache
LogPluginManager: Mounting plugin HTML5Networking
LogPluginManager: Mounting plugin ProxyLODPlugin
LogPluginManager: Mounting plugin MagicLeap
LogPluginManager: Mounting plugin MagicLeapEmulator
LogPluginManager: Mounting plugin MagicLeapMedia
LogPluginManager: Mounting plugin AndroidMedia
LogPluginManager: Mounting plugin AvfMedia
LogPluginManager: Mounting plugin ImgMedia
LogPluginManager: Mounting plugin LinearTimecode
LogPluginManager: Mounting plugin MediaCompositing
LogPluginManager: Mounting plugin MediaPlayerEditor
LogPluginManager: Mounting plugin WmfMedia
LogPluginManager: Mounting plugin TcpMessaging
LogPluginManager: Mounting plugin UdpMessaging
LogPluginManager: Mounting plugin ActorSequence
LogPluginManager: Mounting plugin LevelSequenceEditor
LogPluginManager: Mounting plugin MatineeToLevelSequence
LogPluginManager: Mounting plugin NetcodeUnitTest
LogPluginManager: Mounting plugin NUTUnrealEngine4
LogPluginManager: Mounting plugin OnlineSubsystemGooglePlay
LogPluginManager: Mounting plugin OnlineSubsystemIOS
LogPluginManager: Mounting plugin OnlineSubsystem
LogPluginManager: Mounting plugin OnlineSubsystemNull
LogPluginManager: Mounting plugin OnlineSubsystemUtils
LogPluginManager: Mounting plugin LauncherChunkInstaller
LogPluginManager: Mounting plugin AndroidDeviceProfileSelector
LogPluginManager: Mounting plugin AndroidMoviePlayer
LogPluginManager: Mounting plugin AndroidPermission
LogPluginManager: Mounting plugin AppleMoviePlayer
LogPluginManager: Mounting plugin ArchVisCharacter
LogPluginManager: Mounting plugin AudioCapture
LogPluginManager: Mounting plugin CableComponent
LogPluginManager: Mounting plugin CustomMeshComponent
LogPluginManager: Mounting plugin EditableMesh
LogPluginManager: Mounting plugin ExampleDeviceProfileSelector
LogPluginManager: Mounting plugin GoogleCloudMessaging
LogPluginManager: Mounting plugin ImmediatePhysics
LogPluginManager: Mounting plugin IOSDeviceProfileSelector
LogPluginManager: Mounting plugin LinuxDeviceProfileSelector
LogPluginManager: Mounting plugin LocationServicesBPLibrary
LogPluginManager: Mounting plugin MobilePatchingUtils
LogPluginManager: Mounting plugin OculusVR
LogPluginManager: Plugin shader directory ../../../Engine/Plugins/Runtime/Oculus/OculusVR/Shaders found
LogPluginManager: Mapping shader source directory ../../../Engine/Plugins/Runtime/Oculus/OculusVR/Shaders to virtual directory /Plugin/OculusVR
LogPluginManager: Mounting plugin PhysXVehicles
LogPluginManager: Mounting plugin ProceduralMeshComponent
LogPluginManager: Mounting plugin RuntimePhysXCooking
LogPluginManager: Mounting plugin SteamVR
LogPluginManager: Mounting plugin WindowsMoviePlayer
LogStreaming: Display: Took  0.254s to configure plugins.
LogInit: Using libcurl 7.55.1-DEV
LogInit:  - built for x86_64-pc-win32
LogInit:  - supports SSL with OpenSSL/1.0.2h
LogInit:  - supports HTTP deflate (compression) using libz 1.2.8
LogInit:  - other features:
LogInit:      CURL_VERSION_SSL
LogInit:      CURL_VERSION_LIBZ
LogInit:      CURL_VERSION_IPV6
LogInit:      CURL_VERSION_ASYNCHDNS
LogInit:      CURL_VERSION_LARGEFILE
LogInit:      CURL_VERSION_IDN
LogInit:  CurlRequestOptions (configurable via config and command line):
LogInit:  - bVerifyPeer = false  - Libcurl will NOT verify peer certificate
LogInit:  - bUseHttpProxy = false  - Libcurl will NOT use HTTP proxy
LogInit:  - bDontReuseConnections = false  - Libcurl will reuse connections
LogInit:  - CertBundlePath = nullptr  - Libcurl will use whatever was configured at build time.
LogInit:  - MaxHostConnections = 16  - Libcurl will limit the number of connections to a host
LogInit:  - LocalHostAddr = Default
LogInit:  - BufferSize = 65536
LogInit: WinSock: version 1.1 (2.2), MaxSocks=32767, MaxUdp=65467
LogInit: Build: ++UE4+Release-4.20-CL-4369336
LogInit: Engine Version: 4.20.3-4369336+++UE4+Release-4.20
LogInit: Compatible Engine Version: 4.20.0-4212847+++UE4+Release-4.20
LogInit: Net CL: 4212847
LogInit: OS: Windows 10 (), CPU: Intel(R) Core(TM) i7-6800K CPU @ 3.40GHz, GPU: NVIDIA GeForce GTX 1080
LogInit: Compiled (64-bit): Sep 17 2018 12:26:19
LogInit: Compiled with Visual C++: 19.13.26129.00
LogInit: Build Configuration: Development
LogInit: Branch Name: ++UE4+Release-4.20
LogInit: Command Line: 
LogInit: Base Directory: D:/UE_4.20/Engine/Binaries/Win64/
LogInit: Installed Engine Build: 1
LogDevObjectVersion: Number of dev versions registered: 20
LogDevObjectVersion:   Dev-Blueprints (B0D832E4-1F89-4F0D-ACCF-7EB736FD4AA2): 10
LogDevObjectVersion:   Dev-Build (E1C64328-A22C-4D53-A36C-8E866417BD8C): 0
LogDevObjectVersion:   Dev-Core (375EC13C-06E4-48FB-B500-84F0262A717E): 2
LogDevObjectVersion:   Dev-Editor (E4B068ED-F494-42E9-A231-DA0B2E46BB41): 24
LogDevObjectVersion:   Dev-Framework (CFFC743F-43B0-4480-9391-14DF171D2073): 34
LogDevObjectVersion:   Dev-Mobile (B02B49B5-BB20-44E9-A304-32B752E40360): 2
LogDevObjectVersion:   Dev-Networking (A4E4105C-59A1-49B5-A7C5-40C4547EDFEE): 0
LogDevObjectVersion:   Dev-Online (39C831C9-5AE6-47DC-9A44-9C173E1C8E7C): 0
LogDevObjectVersion:   Dev-Physics (78F01B33-EBEA-4F98-B9B4-84EACCB95AA2): 0
LogDevObjectVersion:   Dev-Platform (6631380F-2D4D-43E0-8009-CF276956A95A): 0
LogDevObjectVersion:   Dev-Rendering (12F88B9F-8875-4AFC-A67C-D90C383ABD29): 26
LogDevObjectVersion:   Dev-Sequencer (7B5AE74C-D270-4C10-A958-57980B212A5A): 9
LogDevObjectVersion:   Dev-VR (D7296918-1DD6-4BDD-9DE2-64A83CC13884): 2
LogDevObjectVersion:   Dev-LoadTimes (C2A15278-BFE7-4AFE-6C17-90FF531DF755): 1
LogDevObjectVersion:   Private-Geometry (6EACA3D4-40EC-4CC1-B786-8BED09428FC5): 3
LogDevObjectVersion:   Dev-AnimPhys (29E575DD-E0A3-4627-9D10-D276232CDCEA): 17
LogDevObjectVersion:   Dev-ReflectionCapture (6B266CEC-1EC7-4B8F-A30B-E4D90942FC07): 1
LogDevObjectVersion:   Dev-Automation (0DF73D61-A23F-47EA-B727-89E90C41499A): 1
LogDevObjectVersion:   FortniteMain (601D1886-AC64-4F84-AA16-D3DE0DEAC7D6): 12
LogDevObjectVersion:   Dev-Enterprise (9DFFBCD6-494F-0158-E221-12823C92A888): 1
LogStreaming: Display: Took  0.021s to delete old logs.
LogInit: Presizing for max 8388607 objects, including 0 objects not considered by GC, pre-allocating 0 bytes for permanent pool.
LogInit: Object subsystem initialized
[2019.04.30-06.47.39:552][  0]LogInit: Selected Device Profile: [Windows]
[2019.04.30-06.47.39:552][  0]LogInit: Applying CVar settings loaded from the selected device profile: [Windows]
[2019.04.30-06.47.39:569][  0]LogHAL: Display: Platform has ~ 32 GB [34266337280 / 34359738368 / 32], which maps to Largest [LargestMinGB=32, LargerMinGB=12, DefaultMinGB=8, SmallerMinGB=6, SmallestMinGB=0)
[2019.04.30-06.47.39:569][  0]LogInit: Setting Device Profile CVar: [[r.Vulkan.UseRealUBs:1]]
[2019.04.30-06.47.39:569][  0]LogInit: Going up to parent DeviceProfile []
[2019.04.30-06.47.39:569][  0]LogInit: Computer: DESKTOP-2KDI07U
[2019.04.30-06.47.39:569][  0]LogInit: User: Dominic
[2019.04.30-06.47.39:570][  0]LogInit: CPU Page size=4096, Cores=6
[2019.04.30-06.47.39:570][  0]LogInit: High frequency timer resolution =3.386956 MHz
[2019.04.30-06.47.39:570][  0]LogMemory: Memory total: Physical=31.9GB (32GB approx)
[2019.04.30-06.47.39:570][  0]LogMemory: Platform Memory Stats for Windows
[2019.04.30-06.47.39:570][  0]LogMemory: Process Physical Memory: 103.02 MB used, 103.02 MB peak
[2019.04.30-06.47.39:570][  0]LogMemory: Process Virtual Memory: 88.71 MB used, 88.71 MB peak
[2019.04.30-06.47.39:570][  0]LogMemory: Physical Memory: 9600.77 MB used,  23078.15 MB free, 32678.93 MB total
[2019.04.30-06.47.39:570][  0]LogMemory: Virtual Memory: 4659.96 MB used,  23078.15 MB free, 134217728.00 MB total
[2019.04.30-06.47.39:764][  0]LogInit: Using OS detected language (en-US).
[2019.04.30-06.47.39:764][  0]LogInit: Using OS detected locale (en-US).
[2019.04.30-06.47.39:767][  0]LogTextLocalizationManager: No specific localization for 'en-US' exists, so the 'en' localization will be used.
[2019.04.30-06.47.40:117][  0]LogStreaming: Display: Took  0.354s to InitEngineTextLocalization.
[2019.04.30-06.47.40:117][  0]LogInit: Setting process to per monitor DPI aware
[2019.04.30-06.47.40:181][  0]LogSlate: New Slate User Created.  User Index 0, Is Virtual User: 0
[2019.04.30-06.47.40:181][  0]LogSlate: Slate User Registered.  User Index 0, Is Virtual User: 0
[2019.04.30-06.47.40:438][  0]LogHMD: Failed to initialize OpenVR with code 126
[2019.04.30-06.47.40:438][  0]LogD3D11RHI: D3D11 adapters:
[2019.04.30-06.47.40:601][  0]LogD3D11RHI:    0. 'NVIDIA GeForce GTX 1080' (Feature Level 11_0)
[2019.04.30-06.47.40:601][  0]LogD3D11RHI:       8086/0/16339 MB DedicatedVideo/DedicatedSystem/SharedSystem, Outputs:2, VendorId:0x10de
[2019.04.30-06.47.40:604][  0]LogD3D11RHI:    1. 'Microsoft Basic Render Driver' (Feature Level 11_0)
[2019.04.30-06.47.40:604][  0]LogD3D11RHI:       0/0/16339 MB DedicatedVideo/DedicatedSystem/SharedSystem, Outputs:0, VendorId:0x1414
[2019.04.30-06.47.40:604][  0]LogD3D11RHI: Chosen D3D11 Adapter: 0
[2019.04.30-06.47.40:616][  0]LogD3D11RHI: Creating new Direct3DDevice
[2019.04.30-06.47.40:616][  0]LogD3D11RHI:     GPU DeviceId: 0x1b80 (for the marketing name, search the web for "GPU Device Id")
[2019.04.30-06.47.40:616][  0]LogWindows: EnumDisplayDevices:
[2019.04.30-06.47.40:616][  0]LogWindows:    0. 'NVIDIA GeForce GTX 1080' (P:0 D:1)
[2019.04.30-06.47.40:617][  0]LogWindows:    1. 'NVIDIA GeForce GTX 1080' (P:1 D:1)
[2019.04.30-06.47.40:618][  0]LogWindows:    2. 'NVIDIA GeForce GTX 1080' (P:0 D:0)
[2019.04.30-06.47.40:619][  0]LogWindows:    3. 'NVIDIA GeForce GTX 1080' (P:0 D:0)
[2019.04.30-06.47.40:619][  0]LogWindows: DebugString: FoundDriverCount:4 
[2019.04.30-06.47.40:619][  0]LogD3D11RHI:     Adapter Name: NVIDIA GeForce GTX 1080
[2019.04.30-06.47.40:619][  0]LogD3D11RHI:   Driver Version: 388.13 (internal:23.21.13.8813, unified:388.13)
[2019.04.30-06.47.40:619][  0]LogD3D11RHI:      Driver Date: 10-27-2017
[2019.04.30-06.47.40:619][  0]LogRHI: Texture pool is 5660 MB (70% of 8086 MB)
[2019.04.30-06.47.40:680][  0]LogD3D11RHI: Async texture creation enabled
[2019.04.30-06.47.40:698][  0]LogD3D11RHI: GPU Timing Frequency: 1000.000000 (Debug: 2 2)
[2019.04.30-06.47.40:703][  0]LogShaderCompilers: Guid format shader working directory is -9 characters bigger than the processId version (C:/Users/Dominic/Desktop/Dinochan/Dinochan_v001_UE4.20.3/Intermediate/Shaders/WorkingDirectory/28032/).
[2019.04.30-06.47.40:703][  0]LogShaderCompilers: Cleaned the shader compiler working directory 'C:/Users/Dominic/AppData/Local/Temp/UnrealShaderWorkingDir/BAC7EC56475D41900DD6A2B7D4BD7392/'.
[2019.04.30-06.47.41:149][  0]LogTemp: Display: Loaded TP AllDesktopTargetPlatform
[2019.04.30-06.47.41:175][  0]LogTemp: Display: Loaded TP MacClientTargetPlatform
[2019.04.30-06.47.41:200][  0]LogTemp: Display: Loaded TP MacNoEditorTargetPlatform
[2019.04.30-06.47.41:226][  0]LogTemp: Display: Loaded TP MacServerTargetPlatform
[2019.04.30-06.47.41:251][  0]LogTemp: Display: Loaded TP MacTargetPlatform
[2019.04.30-06.47.41:277][  0]LogTemp: Display: Loaded TP WindowsClientTargetPlatform
[2019.04.30-06.47.41:302][  0]LogTemp: Display: Loaded TP WindowsNoEditorTargetPlatform
[2019.04.30-06.47.41:327][  0]LogTemp: Display: Loaded TP WindowsServerTargetPlatform
[2019.04.30-06.47.41:346][  0]LogTemp: Display: Loaded TP WindowsTargetPlatform
[2019.04.30-06.47.41:434][  0]LogTemp: Display: Loaded TP AndroidTargetPlatform
[2019.04.30-06.47.41:434][  0]LogTemp: Display: Loaded TP AndroidTargetPlatform
[2019.04.30-06.47.41:434][  0]LogTemp: Display: Loaded TP AndroidTargetPlatform
[2019.04.30-06.47.41:434][  0]LogTemp: Display: Loaded TP AndroidTargetPlatform
[2019.04.30-06.47.41:434][  0]LogTemp: Display: Loaded TP AndroidTargetPlatform
[2019.04.30-06.47.41:434][  0]LogTemp: Display: Loaded TP AndroidTargetPlatform
[2019.04.30-06.47.41:434][  0]LogTemp: Display: Loaded TP AndroidTargetPlatform
[2019.04.30-06.47.41:434][  0]LogTemp: Display: Loaded TP AndroidTargetPlatform
[2019.04.30-06.47.41:434][  0]LogTemp: Display: Loaded TP AndroidTargetPlatform
[2019.04.30-06.47.41:434][  0]LogTemp: Display: Loaded TP AndroidTargetPlatform
[2019.04.30-06.47.41:434][  0]LogTemp: Display: Loaded TP AndroidTargetPlatform
[2019.04.30-06.47.41:434][  0]LogTemp: Display: Loaded TP AndroidTargetPlatform
[2019.04.30-06.47.41:434][  0]LogTemp: Display: Loaded TP AndroidTargetPlatform
[2019.04.30-06.47.41:435][  0]LogTemp: Display: Loaded TP AndroidTargetPlatform
[2019.04.30-06.47.41:435][  0]LogTemp: Display: Loaded TP AndroidTargetPlatform
[2019.04.30-06.47.41:435][  0]LogTemp: Display: Loaded TP AndroidTargetPlatform
[2019.04.30-06.47.41:435][  0]LogTemp: Display: Loaded TP AndroidTargetPlatform
[2019.04.30-06.47.41:435][  0]LogTemp: Display: Loaded TP AndroidTargetPlatform
[2019.04.30-06.47.41:447][  0]LogTemp: Display: Loaded TP HTML5TargetPlatform
[2019.04.30-06.47.41:544][  0]LogTemp: Display: Loaded TP IOSTargetPlatform
[2019.04.30-06.47.41:544][  0]LogTemp: Display: Loaded TP IOSTargetPlatform
[2019.04.30-06.47.41:578][  0]LogTemp: Display: Loaded TP TVOSTargetPlatform
[2019.04.30-06.47.41:578][  0]LogTemp: Display: Loaded TP TVOSTargetPlatform
[2019.04.30-06.47.41:603][  0]LogTemp: Display: Loaded TP LinuxClientTargetPlatform
[2019.04.30-06.47.41:627][  0]LogTemp: Display: Loaded TP LinuxNoEditorTargetPlatform
[2019.04.30-06.47.41:650][  0]LogTemp: Display: Loaded TP LinuxServerTargetPlatform
[2019.04.30-06.47.41:675][  0]LogTemp: Display: Loaded TP LinuxTargetPlatform
[2019.04.30-06.47.41:696][  0]LogTemp: Display: Loaded TP LuminTargetPlatform
[2019.04.30-06.47.41:696][  0]LogTargetPlatformManager: Display: Building Assets For Windows
[2019.04.30-06.47.42:098][  0]LogXGEController: Cleaning working directory: C:/Users/Dominic/AppData/Local/Temp/UnrealXGEWorkingDir/
[2019.04.30-06.47.42:099][  0]LogXGEController: Cannot use XGE Controller as Incredibuild is not installed on this machine.
[2019.04.30-06.47.42:099][  0]LogShaderCompilers: Cannot use XGE Shader Compiler as Incredibuild is not installed on this machine.
[2019.04.30-06.47.42:099][  0]LogShaderCompilers: Display: Using Local Shader Compiler.
[2019.04.30-06.47.42:856][  0]LogDerivedDataCache: Display: Max Cache Size: 512 MB
[2019.04.30-06.47.42:952][  0]LogDerivedDataCache: Loaded boot cache 0.10s 71MB C:/Users/Dominic/AppData/Local/UnrealEngine/4.20/DerivedDataCache/Boot.ddc.
[2019.04.30-06.47.42:952][  0]LogDerivedDataCache: Display: Loaded Boot cache: C:/Users/Dominic/AppData/Local/UnrealEngine/4.20/DerivedDataCache/Boot.ddc
[2019.04.30-06.47.42:952][  0]LogDerivedDataCache: FDerivedDataBackendGraph:  Pak pak cache file C:/Users/Dominic/Desktop/Dinochan/Dinochan_v001_UE4.20.3/DerivedDataCache/DDC.ddp not found, will not use a pak cache.
[2019.04.30-06.47.42:952][  0]LogDerivedDataCache: Unable to find inner node Pak for hierarchical cache Hierarchy.
[2019.04.30-06.47.42:952][  0]LogDerivedDataCache: FDerivedDataBackendGraph:  CompressedPak pak cache file C:/Users/Dominic/Desktop/Dinochan/Dinochan_v001_UE4.20.3/DerivedDataCache/Compressed.ddp not found, will not use a pak cache.
[2019.04.30-06.47.42:952][  0]LogDerivedDataCache: Unable to find inner node CompressedPak for hierarchical cache Hierarchy.
[2019.04.30-06.47.42:967][  0]LogDerivedDataCache: Display: Pak cache opened for reading ../../../Engine/DerivedDataCache/Compressed.ddp.
[2019.04.30-06.47.42:981][  0]LogDerivedDataCache: Using Local data cache path C:/Users/Dominic/AppData/Local/UnrealEngine/Common/DerivedDataCache: Writable
[2019.04.30-06.47.42:981][  0]LogDerivedDataCache: Shared data cache path not found in *engine.ini, will not use an Shared cache.
[2019.04.30-06.47.42:981][  0]LogDerivedDataCache: Unable to find inner node Shared for hierarchical cache Hierarchy.
[2019.04.30-06.47.43:000][  0]LogMaterial: Verifying Global Shaders for PCD3D_SM5
[2019.04.30-06.47.43:001][  0]LogSlate: Using FreeType 2.6.0
[2019.04.30-06.47.43:002][  0]LogSlate: SlateFontServices - WITH_FREETYPE: 1, WITH_HARFBUZZ: 1
[2019.04.30-06.47.43:107][  0]LogAssetRegistry: FAssetRegistry took 0.0266 seconds to start up
[2019.04.30-06.47.43:418][  0]LogInit: Selected Device Profile: [Windows]
[2019.04.30-06.47.43:732][  0]LogSimplygon: Simplygon DLL not present - disabling.
[2019.04.30-06.47.43:782][  0]LogMeshReduction: Using SimplygonSwarm for distributed automatic mesh merging
[2019.04.30-06.47.43:782][  0]LogMeshReduction: Using ProxyLODMeshReduction for automatic mesh merging
[2019.04.30-06.47.43:782][  0]LogMeshReduction: Using QuadricMeshReduction for automatic static mesh reduction
[2019.04.30-06.47.43:782][  0]LogMeshReduction: No automatic skeletal mesh reduction module available
[2019.04.30-06.47.43:800][  0]LogNetVersion: Dinochan_v001 1.0.0, NetCL: 4212847, EngineNetVer: 5, GameNetVer: 0 (Checksum: 2574802920)
[2019.04.30-06.47.44:548][  0]LogPackageLocalizationCache: Processed 11 localized package path(s) for 2 prioritized culture(s) in 0.365214 seconds
[2019.04.30-06.47.44:553][  0]LogUObjectArray: 38425 objects as part of root set at end of initial load.
[2019.04.30-06.47.44:554][  0]LogUObjectAllocator: 6690864 out of 0 bytes used by permanent object pool.
[2019.04.30-06.47.44:554][  0]LogUObjectArray: CloseDisregardForGC: 0/0 objects in disregard for GC pool
[2019.04.30-06.47.46:377][  0]LogTcpMessaging: Initializing TcpMessaging bridge
[2019.04.30-06.47.46:403][  0]LogUdpMessaging: Initializing bridge on interface 0.0.0.0:0 to multicast group 230.0.0.1:6666.
[2019.04.30-06.47.46:756][  0]SourceControl: Source control is disabled
[2019.04.30-06.47.46:756][  0]SourceControl: Source control is disabled
[2019.04.30-06.47.46:786][  0]SourceControl: Source control is disabled
[2019.04.30-06.47.46:801][  0]SourceControl: Source control is disabled
[2019.04.30-06.47.47:473][  0]LogAndroidPermission: UAndroidPermissionCallbackProxy::GetInstance
[2019.04.30-06.47.47:743][  0]LogOcInput: OculusInput pre-init called
[2019.04.30-06.47.47:865][  0]LogEngine: Initializing Engine...
[2019.04.30-06.47.47:900][  0]LogHMD: Failed to initialize OpenVR with code 126
[2019.04.30-06.47.47:902][  0]LogStats: UGameplayTagsManager::ConstructGameplayTagTree: ImportINI prefixes -  0.000 s
[2019.04.30-06.47.47:902][  0]LogStats: UGameplayTagsManager::ConstructGameplayTagTree: Construct from data asset -  0.000 s
[2019.04.30-06.47.47:902][  0]LogStats: UGameplayTagsManager::ConstructGameplayTagTree: ImportINI -  0.000 s
[2019.04.30-06.47.47:902][  0]LogStats: UGameplayTagsManager::ConstructGameplayTagTree: GameplayTagTreeChangedEvent.Broadcast -  0.000 s
[2019.04.30-06.47.48:099][  0]LogInit: Initializing FReadOnlyCVARCache
[2019.04.30-06.47.48:133][  0]LogAIModule: Creating AISystem for world Untitled
[2019.04.30-06.47.48:210][  0]LogInit: XAudio2 using 'Headphones (Realtek High Definition Audio)' : 2 channels at 48 kHz using 32 bits per sample (channel mask 0x3)
[2019.04.30-06.47.48:245][  0]LogInit: FAudioDevice initialized.
[2019.04.30-06.47.48:245][  0]LogNetVersion: Set ProjectVersion to 1.0.0.0. Version Checksum will be recalculated on next use.
[2019.04.30-06.47.48:329][  0]LogDerivedDataCache: Saved boot cache 0.08s 71MB C:/Users/Dominic/AppData/Local/UnrealEngine/4.20/DerivedDataCache/Boot.ddc.
[2019.04.30-06.47.48:334][  0]LogInit: Texture streaming: Enabled
[2019.04.30-06.47.48:403][  0]LogEngineSessionManager: EngineSessionManager initialized
[2019.04.30-06.47.48:419][  0]LogEngineSessionManager: EngineSessionManager sent abnormal shutdown report. Type=Crashed, SessionId={76D861CF-4D86-E85A-D3C6-0DA3DA56FBBA}
[2019.04.30-06.47.48:453][  0]LogInit: Transaction tracking system initialized
[2019.04.30-06.47.48:552][  0]BlueprintLog: New page: Editor Load
[2019.04.30-06.47.49:003][  0]LocalizationService: Localization service is disabled
[2019.04.30-06.47.49:478][  0]LogAutoReimportManager: Warning: Unable to watch directory C:/Users/Dominic/Desktop/Dinochan/Dinochan_v001_UE4.20.3/Content/ as it will conflict with another watching C:/Users/Dominic/Desktop/Dinochan/Dinochan_v001_UE4.20.3/Content/.
[2019.04.30-06.47.49:490][  0]LogCook: Display: Max memory allowance for cook 16384mb min free memory 0mb
[2019.04.30-06.47.49:490][  0]LogCook: Display: Mobile HDR setting 1
[2019.04.30-06.47.49:490][  0]LogGameplayTags: Display: UGameplayTagsManager::DoneAddingNativeTags. DelegateIsBound: 0
[2019.04.30-06.47.49:490][  0]LogStats: UGameplayTagsManager::ConstructGameplayTagTree: ImportINI prefixes -  0.000 s
[2019.04.30-06.47.49:490][  0]LogStats: UGameplayTagsManager::ConstructGameplayTagTree: Construct from data asset -  0.000 s
[2019.04.30-06.47.49:490][  0]LogStats: UGameplayTagsManager::ConstructGameplayTagTree: ImportINI -  0.000 s
[2019.04.30-06.47.49:490][  0]LogStats: UGameplayTagsManager::ConstructGameplayTagTree: GameplayTagTreeChangedEvent.Broadcast -  0.000 s
[2019.04.30-06.47.49:747][  0]LogFileCache: Scanning file cache for directory 'C:/Users/Dominic/Desktop/Dinochan/Dinochan_v001_UE4.20.3/Content/' took 0.06s
[2019.04.30-06.47.49:747][  0]LogLinker: Warning: Can't find file '/Engine/BasicShapes/Cube'
[2019.04.30-06.47.49:747][  0]LogLinker: Warning: Can't find file '/Engine/BasicShapes/Cube'
[2019.04.30-06.47.49:747][  0]LogUObjectGlobals: Warning: Failed to find object 'StaticMesh /Engine/BasicShapes/Cube.Cube'
[2019.04.30-06.47.50:207][  0]SourceControl: Source control is disabled
[2019.04.30-06.47.50:310][  0]LogWindowsTextInputMethodSystem: Display: IME system now deactivated.
[2019.04.30-06.47.50:312][  0]LogSlate: Took 0.000233 seconds to synchronously load lazily loaded font '../../../Engine/Content/Slate/Fonts/Roboto-Regular.ttf' (155K)
[2019.04.30-06.47.55:999][  0]LogSlate: Window 'Restore Packages' being destroyed
[2019.04.30-06.47.55:999][  0]LogWindowsTextInputMethodSystem: Display: IME system now deactivated.
[2019.04.30-06.47.56:001][  0]LogWindowsTextInputMethodSystem: Display: IME system now deactivated.
[2019.04.30-06.48.03:176][  0]LogSlate: Window 'Unable to Check Out From Source Control!' being destroyed
[2019.04.30-06.48.03:176][  0]LogWindowsTextInputMethodSystem: Display: IME system now deactivated.
[2019.04.30-06.48.03:178][  0]LogWindowsTextInputMethodSystem: Display: IME system now deactivated.
[2019.04.30-06.48.03:197][  0]Cmd: MAP LOAD FILE="C:/Users/Dominic/Desktop/Dinochan/Dinochan_v001_UE4.20.3/Content/_Maps/SharedLevel/Persistant_Empty.umap" TEMPLATE=0 SHOWPROGRESS=1 FEATURELEVEL=3
[2019.04.30-06.48.03:197][  0]LightingResults: New page: Lighting Build
[2019.04.30-06.48.03:202][  0]MapCheck: New page: Map Check
[2019.04.30-06.48.03:202][  0]LightingResults: New page: Lighting Build
[2019.04.30-06.48.03:659][  0]LogAIModule: Creating AISystem for world Persistant_Empty
[2019.04.30-06.48.03:662][  0]LogStreaming: Display: ULevelStreaming::RequestLevel(/Game/_Maps/SharedLevel/AssetLevel) is flushing async loading
[2019.04.30-06.48.03:662][  0]LogStreaming: Display: Flushing async loaders.
[2019.04.30-06.48.04:051][  0]LogStreaming: Display: ULevelStreaming::RequestLevel(/Game/_Maps/SharedLevel/Cine_Level) is flushing async loading
[2019.04.30-06.48.05:011][  0]LogStreaming: Display: ULevelStreaming::RequestLevel(/Game/_Maps/SharedLevel/BP_Level) is flushing async loading
[2019.04.30-06.48.05:383][  0]LogEditorServer: Finished looking for orphan Actors (0.000 secs)
[2019.04.30-06.48.05:442][  0]Cmd: MAP CHECKDEP NOCLEARLOG
[2019.04.30-06.48.05:652][  0]MapCheck: Map check complete: 0 Error(s), 0 Warning(s), took 210.298ms to complete.
[2019.04.30-06.48.05:653][  0]LogFileHelpers: Loading map 'Persistant_Empty' took 2.456
[2019.04.30-06.48.05:704][  0]LogSlate: Updating window title bar state: overlay mode, drag disabled, window buttons hidden, title bar hidden
[2019.04.30-06.48.05:707][  0]LogSlate: Updating window title bar state: overlay mode, drag disabled, window buttons hidden, title bar hidden
[2019.04.30-06.48.05:733][  0]LogCollectionManager: Loaded 0 collections in 0.003482 seconds
[2019.04.30-06.48.05:781][  0]LogFileCache: Scanning file cache for directory 'C:/Users/Dominic/Desktop/Dinochan/Dinochan_v001_UE4.20.3/Saved/Collections/' took 0.01s
[2019.04.30-06.48.05:781][  0]LogFileCache: Scanning file cache for directory 'C:/Users/Dominic/Desktop/Dinochan/Dinochan_v001_UE4.20.3/Content/Developers/Dominic/Collections/' took 0.01s
[2019.04.30-06.48.05:781][  0]LogFileCache: Scanning file cache for directory 'C:/Users/Dominic/Desktop/Dinochan/Dinochan_v001_UE4.20.3/Content/Collections/' took 0.01s
[2019.04.30-06.48.05:781][  0]LogCollectionManager: Rebuilt the GUID cache for 0 collections in 0.000000 seconds
[2019.04.30-06.48.05:790][  0]LogContentBrowser: Native class hierarchy populated in 0.0086 seconds. Added 2572 classes and 603 folders.
[2019.04.30-06.48.05:798][  0]LogContentBrowser: Native class hierarchy updated for 'WidgetCarousel' in 0.0002 seconds. Added 0 classes and 0 folders.
[2019.04.30-06.48.05:904][  0]LogContentBrowser: Native class hierarchy updated for 'AddContentDialog' in 0.0002 seconds. Added 0 classes and 0 folders.
[2019.04.30-06.48.05:927][  0]LogContentBrowser: Native class hierarchy updated for 'SceneOutliner' in 0.0002 seconds. Added 1 classes and 2 folders.
[2019.04.30-06.48.05:977][  0]LogContentBrowser: Native class hierarchy updated for 'WorldBrowser' in 0.0003 seconds. Added 2 classes and 3 folders.
[2019.04.30-06.48.05:985][  0]LogSlate: Took 0.000223 seconds to synchronously load lazily loaded font '../../../Engine/Content/Slate/Fonts/Roboto-Bold.ttf' (160K)
[2019.04.30-06.48.05:990][  0]LogSlate: Took 0.000245 seconds to synchronously load lazily loaded font '../../../Engine/Content/Editor/Slate/Fonts/FontAwesome.ttf' (139K)
[2019.04.30-06.48.06:069][  0]LogRenderer: Reallocating scene render targets to support 588x576 Format 10 NumSamples 1 (Frame:1).
[2019.04.30-06.48.06:300][  0]LogContentBrowser: Native class hierarchy updated for 'HierarchicalLODOutliner' in 0.0002 seconds. Added 0 classes and 0 folders.
[2019.04.30-06.48.06:300][  0]LogLoad: (Engine Initialization) Total time: 30.95 seconds
[2019.04.30-06.48.06:300][  0]LogLoad: (Engine Initialization) Total Blueprint compile time: 0.00 seconds
[2019.04.30-06.48.06:354][  0]LogContentStreaming: Texture pool size now 1000 MB
[2019.04.30-06.48.06:419][  0]LogSlate: Took 0.000255 seconds to synchronously load lazily loaded font '../../../Engine/Content/Slate/Fonts/Roboto-Light.ttf' (167K)
[2019.04.30-06.48.06:483][  1]LogAssetRegistry: Asset discovery search completed in 23.3992 seconds
[2019.04.30-06.48.06:485][  1]LogCollectionManager: Rebuilt the object cache for 0 collections in 0.000000 seconds (found 0 objects)
[2019.04.30-06.48.06:485][  1]LogCollectionManager: Fixed up redirectors for 0 collections in 0.000043 seconds (updated 0 objects)
[2019.04.30-06.48.07:348][ 68]LogSlate: Took 0.000213 seconds to synchronously load lazily loaded font '../../../Engine/Content/Slate/Fonts/Roboto-Light.ttf' (167K)
[2019.04.30-06.48.10:726][459]LogSlate: FSceneViewport::OnFocusLost() reason 0
[2019.04.30-06.48.10:902][474]LogAssetEditorManager: Opening Asset editor for LevelSequence /Game/Sequences/Scene3.Scene3
[2019.04.30-06.48.11:020][474]LogSlate: Took 0.000209 seconds to synchronously load lazily loaded font '../../../Engine/Content/Slate/Fonts/DroidSansMono.ttf' (77K)
[2019.04.30-06.48.11:453][509]LogFileCache: Retrieving MD5 hashes for directory 'C:/Users/Dominic/Desktop/Dinochan/Dinochan_v001_UE4.20.3/Content/' took 5.13s
[2019.04.30-06.48.19:653][487]LogEditorSelectUtils: Warning: SelectActor: The requested operation could not be completed because the level is locked. (AllSequences)
[2019.04.30-06.48.21:149][649]LogEditorSelectUtils: Warning: SelectActor: The requested operation could not be completed because the level is locked. (Placeholder_Dinochan_backpack_5)
[2019.04.30-06.48.27:016][265]LogSavePackage: Moving 'C:/Users/Dominic/Desktop/Dinochan/Dinochan_v001_UE4.20.3/Saved/Persistant_EmptyB9F9FBB64922076E9C2B4687ABE0A876.tmp' to 'C:/Users/Dominic/Desktop/Dinochan/Dinochan_v001_UE4.20.3/Content/_Maps/SharedLevel/Persistant_Empty.umap'
[2019.04.30-06.48.27:082][265]LogFileHelpers: Saving map 'Persistant_Empty' took 0.467
[2019.04.30-06.48.27:084][265]Cmd: OBJ SAVEPACKAGE PACKAGE="/Game/Sequences/Scene3" FILE="C:/Users/Dominic/Desktop/Dinochan/Dinochan_v001_UE4.20.3/Content/Sequences/Scene3.uasset" SILENT=true
[2019.04.30-06.48.27:170][265]LogSavePackage: Moving 'C:/Users/Dominic/Desktop/Dinochan/Dinochan_v001_UE4.20.3/Saved/Scene387ED1453410CE0ECD99246A21A43420D.tmp' to 'C:/Users/Dominic/Desktop/Dinochan/Dinochan_v001_UE4.20.3/Content/Sequences/Scene3.uasset'
[2019.04.30-06.48.28:253][390]LogEditorSelectUtils: Warning: SelectActor: The requested operation could not be completed because the level is locked. (Scene3_Camera1)
[2019.04.30-06.48.29:093][390]LogStats: FPlatformStackWalk::StackWalkAndDump -  0.839 s
[2019.04.30-06.48.29:093][390]LogOutputDevice: Error: === Handled ensure: ===
[2019.04.30-06.48.29:093][390]LogOutputDevice: Error: 
[2019.04.30-06.48.29:093][390]LogOutputDevice: Error: Ensure condition failed: bIsOwnerSelected [File:D:\Build\++UE4\Sync\Engine\Source\Editor\UnrealEd\Private\EditorSelectUtils.cpp] [Line: 319]
[2019.04.30-06.48.29:093][390]LogOutputDevice: Error: Owner(CineCameraActor /Game/_Maps/SharedLevel/Persistant_Empty.Persistant_Empty:PersistentLevel.Scene3_Camera1_2) of CineCameraComponent /Game/_Maps/SharedLevel/Persistant_Empty.Persistant_Empty:PersistentLevel.Scene3_Camera1_2.CameraComponent is not selected
[2019.04.30-06.48.29:093][390]LogOutputDevice: Error: Stack: 
[2019.04.30-06.48.29:093][390]LogOutputDevice: Error: [Callstack] 0x00007ffac63f71f6 UE4Editor-Core.dll!UnknownFunction []
[2019.04.30-06.48.29:093][390]LogOutputDevice: Error: [Callstack] 0x00007ffac6130c92 UE4Editor-Core.dll!UnknownFunction []
[2019.04.30-06.48.29:093][390]LogOutputDevice: Error: [Callstack] 0x00007ffac614b356 UE4Editor-Core.dll!UnknownFunction []
[2019.04.30-06.48.29:093][390]LogOutputDevice: Error: [Callstack] 0x00007ffab954cfaa UE4Editor-UnrealEd.dll!UnknownFunction []
[2019.04.30-06.48.29:093][390]LogOutputDevice: Error: [Callstack] 0x00007ffab9535353 UE4Editor-UnrealEd.dll!UnknownFunction []
[2019.04.30-06.48.29:093][390]LogOutputDevice: Error: [Callstack] 0x00007ffab1b12e3b UE4Editor-Sequencer.dll!UnknownFunction []
[2019.04.30-06.48.29:093][390]LogOutputDevice: Error: [Callstack] 0x00007ffab1ae69fd UE4Editor-Sequencer.dll!UnknownFunction []
[2019.04.30-06.48.29:093][390]LogOutputDevice: Error: [Callstack] 0x00007ffab1aaa0f6 UE4Editor-Sequencer.dll!UnknownFunction []
[2019.04.30-06.48.29:093][390]LogOutputDevice: Error: [Callstack] 0x00007ffab1a71b14 UE4Editor-Sequencer.dll!UnknownFunction []
[2019.04.30-06.48.29:093][390]LogOutputDevice: Error: [Callstack] 0x00007ffab1b144f4 UE4Editor-Sequencer.dll!UnknownFunction []
[2019.04.30-06.48.29:093][390]LogOutputDevice: Error: [Callstack] 0x00007ffab90ce612 UE4Editor-UnrealEd.dll!UnknownFunction []
[2019.04.30-06.48.29:093][390]LogOutputDevice: Error: [Callstack] 0x00007ffab94c64b2 UE4Editor-UnrealEd.dll!UnknownFunction []
[2019.04.30-06.48.29:093][390]LogOutputDevice: Error: [Callstack] 0x00007ffab9dbf666 UE4Editor-UnrealEd.dll!UnknownFunction []
[2019.04.30-06.48.29:093][390]LogOutputDevice: Error: [Callstack] 0x00007ff757265cbd UE4Editor.exe!UnknownFunction []
[2019.04.30-06.48.29:093][390]LogOutputDevice: Error: [Callstack] 0x00007ff757275b3c UE4Editor.exe!UnknownFunction []
[2019.04.30-06.48.29:093][390]LogOutputDevice: Error: [Callstack] 0x00007ff757275bba UE4Editor.exe!UnknownFunction []
[2019.04.30-06.48.29:093][390]LogOutputDevice: Error: [Callstack] 0x00007ff757283dac UE4Editor.exe!UnknownFunction []
[2019.04.30-06.48.29:093][390]LogOutputDevice: Error: [Callstack] 0x00007ff757285aaa UE4Editor.exe!UnknownFunction []
[2019.04.30-06.48.29:093][390]LogOutputDevice: Error: [Callstack] 0x00007ffb2a334034 KERNEL32.DLL!UnknownFunction []
[2019.04.30-06.48.29:093][390]LogOutputDevice: Error: [Callstack] 0x00007ffb2ce23691 ntdll.dll!UnknownFunction []
[2019.04.30-06.48.29:093][390]LogOutputDevice: Error: 
[2019.04.30-06.48.29:102][390]LogStats:                SubmitErrorReport -  0.000 s
[2019.04.30-06.48.29:844][390]LogStats:                    SendNewReport -  0.743 s
[2019.04.30-06.48.29:844][390]LogStats:             FDebug::EnsureFailed -  1.590 s
[2019.04.30-06.48.29:844][390]LogWindows: Windows GetLastError: The operation completed successfully. (0)
[2019.04.30-06.48.30:754][390]LogWindows: Error: === Critical error: ===
[2019.04.30-06.48.30:754][390]LogWindows: Error: 
[2019.04.30-06.48.30:754][390]LogWindows: Error: Assertion failed: IsTemplate || LevelLocked [File:D:\Build\++UE4\Sync\Engine\Source\Editor\UnrealEd\Private\EditorSelectUtils.cpp] [Line: 331] 
[2019.04.30-06.48.30:754][390]LogWindows: Error: 
[2019.04.30-06.48.30:754][390]LogWindows: Error: 
[2019.04.30-06.48.30:754][390]LogWindows: Error: 
[2019.04.30-06.48.30:754][390]LogWindows: Error: [Callstack] 0x00007ffb29d8a388 KERNELBASE.dll!UnknownFunction []
[2019.04.30-06.48.30:754][390]LogWindows: Error: [Callstack] 0x00007ffb0fef6850 UE4Editor-ApplicationCore.dll!UnknownFunction []
[2019.04.30-06.48.30:754][390]LogWindows: Error: [Callstack] 0x00007ffac61962fc UE4Editor-Core.dll!UnknownFunction []
[2019.04.30-06.48.30:754][390]LogWindows: Error: [Callstack] 0x00007ffac61251db UE4Editor-Core.dll!UnknownFunction []
[2019.04.30-06.48.30:754][390]LogWindows: Error: [Callstack] 0x00007ffab954d0e9 UE4Editor-UnrealEd.dll!UnknownFunction []
[2019.04.30-06.48.30:754][390]LogWindows: Error: [Callstack] 0x00007ffab9535353 UE4Editor-UnrealEd.dll!UnknownFunction []
[2019.04.30-06.48.30:754][390]LogWindows: Error: [Callstack] 0x00007ffab1b12e3b UE4Editor-Sequencer.dll!UnknownFunction []
[2019.04.30-06.48.30:754][390]LogWindows: Error: [Callstack] 0x00007ffab1ae69fd UE4Editor-Sequencer.dll!UnknownFunction []
[2019.04.30-06.48.30:754][390]LogWindows: Error: [Callstack] 0x00007ffab1aaa0f6 UE4Editor-Sequencer.dll!UnknownFunction []
[2019.04.30-06.48.30:754][390]LogWindows: Error: [Callstack] 0x00007ffab1a71b14 UE4Editor-Sequencer.dll!UnknownFunction []
[2019.04.30-06.48.30:754][390]LogWindows: Error: [Callstack] 0x00007ffab1b144f4 UE4Editor-Sequencer.dll!UnknownFunction []
[2019.04.30-06.48.30:754][390]LogWindows: Error: [Callstack] 0x00007ffab90ce612 UE4Editor-UnrealEd.dll!UnknownFunction []
[2019.04.30-06.48.30:754][390]LogWindows: Error: [Callstack] 0x00007ffab94c64b2 UE4Editor-UnrealEd.dll!UnknownFunction []
[2019.04.30-06.48.30:754][390]LogWindows: Error: [Callstack] 0x00007ffab9dbf666 UE4Editor-UnrealEd.dll!UnknownFunction []
[2019.04.30-06.48.30:754][390]LogWindows: Error: [Callstack] 0x00007ff757265cbd UE4Editor.exe!UnknownFunction []
[2019.04.30-06.48.30:754][390]LogWindows: Error: [Callstack] 0x00007ff757275b3c UE4Editor.exe!UnknownFunction []
[2019.04.30-06.48.30:754][390]LogWindows: Error: [Callstack] 0x00007ff757275bba UE4Editor.exe!UnknownFunction []
[2019.04.30-06.48.30:754][390]LogWindows: Error: [Callstack] 0x00007ff757283dac UE4Editor.exe!UnknownFunction []
[2019.04.30-06.48.30:755][390]LogWindows: Error: [Callstack] 0x00007ff757285aaa UE4Editor.exe!UnknownFunction []
[2019.04.30-06.48.30:755][390]LogWindows: Error: [Callstack] 0x00007ffb2a334034 KERNEL32.DLL!UnknownFunction []
[2019.04.30-06.48.30:755][390]LogWindows: Error: [Callstack] 0x00007ffb2ce23691 ntdll.dll!UnknownFunction []
[2019.04.30-06.48.30:755][390]LogWindows: Error: 
[2019.04.30-06.48.30:769][390]LogExit: Executing StaticShutdownAfterError
[2019.04.30-06.48.30:772][390]LogWindows: FPlatformMisc::RequestExit(1)
[2019.04.30-06.48.30:783][390]Log file closed, 04/30/19 02:48:30
